<?xml version="1.0" encoding="UTF-8"?>
<testsuites name="RegressionSuite" time="7817" tests="8" failures="34" errors="0">
   <testsuite name="RegressionSuite" tests="8" failures="34" errors="0" time="7817" timestamp="2018-07-10 19:43:45" hostname="shalinin - NIBC2129.nousinfo.com" id="Test Suites/RegressionSuite">
      <properties>
         <property name="deviceName" value=""/>
         <property name="devicePlatform" value=""/>
         <property name="logFolder" value="C:\\Users\\shalinin\\Katalon Studio\\HME_DEVScripts\\Reports\\RegressionSuite\\20180710_194344"/>
         <property name="logFiles" value="C:\\Users\\shalinin\\Katalon Studio\\HME_DEVScripts\\Reports\\RegressionSuite\\20180710_194344\\execution0.log"/>
         <property name="attachments" value="C:\\Users\\shalinin\\Katalon Studio\\HME_DEVScripts\\Reports\\RegressionSuite\\20180710_194344\\1531232648284.png, C:\\Users\\shalinin\\Katalon Studio\\HME_DEVScripts\\Reports\\RegressionSuite\\20180710_194344\\1531232769171.png, C:\\Users\\shalinin\\Katalon Studio\\HME_DEVScripts\\Reports\\RegressionSuite\\20180710_194344\\1531232969114.png, C:\\Users\\shalinin\\Katalon Studio\\HME_DEVScripts\\Reports\\RegressionSuite\\20180710_194344\\1531233192435.png, C:\\Users\\shalinin\\Katalon Studio\\HME_DEVScripts\\Reports\\RegressionSuite\\20180710_194344\\1531233223874.png, C:\\Users\\shalinin\\Katalon Studio\\HME_DEVScripts\\Reports\\RegressionSuite\\20180710_194344\\1531233331933.png, C:\\Users\\shalinin\\Katalon Studio\\HME_DEVScripts\\Reports\\RegressionSuite\\20180710_194344\\1531233357332.png, C:\\Users\\shalinin\\Katalon Studio\\HME_DEVScripts\\Reports\\RegressionSuite\\20180710_194344\\1531233822959.png, C:\\Users\\shalinin\\Katalon Studio\\HME_DEVScripts\\Reports\\RegressionSuite\\20180710_194344\\1531234046221.png, C:\\Users\\shalinin\\Katalon Studio\\HME_DEVScripts\\Reports\\RegressionSuite\\20180710_194344\\1531234077599.png, C:\\Users\\shalinin\\Katalon Studio\\HME_DEVScripts\\Reports\\RegressionSuite\\20180710_194344\\1531234760418.png, C:\\Users\\shalinin\\Katalon Studio\\HME_DEVScripts\\Reports\\RegressionSuite\\20180710_194344\\1531235445523.png, C:\\Users\\shalinin\\Katalon Studio\\HME_DEVScripts\\Reports\\RegressionSuite\\20180710_194344\\1531235529477.png, C:\\Users\\shalinin\\Katalon Studio\\HME_DEVScripts\\Reports\\RegressionSuite\\20180710_194344\\1531238355813.png"/>
         <property name="hostName" value="shalinin - NIBC2129.nousinfo.com"/>
         <property name="os" value="Windows 7 64bit"/>
         <property name="katalonVersion" value="5.3.1.1"/>
         <property name="browser" value="Chrome 67.0.3396.99"/>
         <property name="hostAddress" value="192.168.24.174"/>
         <property name="sessionId" value="06629c442b445cee05b787e95febc001"/>
         <property name="seleniumVersion" value="3.7.1"/>
         <property name="proxyInformation" value="ProxyInformation{proxyOption=NO_PROXY, proxyServerType=HTTP, password=, proxyServerAddress=, proxyServerPort=0}"/>
         <property name="platform" value="Windows 7"/>
      </properties>
      <testcase name="Test Cases/TimeZoneTC/HME-Account_Setting-Timezone-04" classname="Test Cases/TimeZoneTC/HME-Account_Setting-Timezone-04" status="PASSED">
         <system-out><![CDATA[2018-07-10 19:43:46 - [TEST_CASE][PASSED] - Test Cases/TimeZoneTC/HME-Account_Setting-Timezone-04: Browser is closed

2018-07-10 19:43:46 - [TEST_STEP][PASSED] - Start listener action : sampleBeforeTestCase: uiaction.CommonUIActions.deleteAllCookies is PASSED

2018-07-10 19:43:46 - [TEST_STEP][PASSED] - openBrowser: Browser is opened with url: ''

2018-07-10 19:43:50 - [MESSAGE][PASSED] - Browser is opened with url: ''

2018-07-10 19:43:50 - [TEST_STEP][PASSED] - maximizeWindow: Current window maximized

2018-07-10 19:43:51 - [MESSAGE][PASSED] - Current window maximized

2018-07-10 19:43:51 - [TEST_STEP][PASSED] - uiaction.CommonUIActions.deleteAllCookies: uiaction.CommonUIActions.deleteAllCookies is PASSED

2018-07-10 19:43:51 - [MESSAGE][PASSED] - Delete all cookies successfully

2018-07-10 19:43:51 - [MESSAGE][PASSED] - uiaction.CommonUIActions.deleteAllCookies is PASSED

2018-07-10 19:43:52 - [TEST_STEP][PASSED] - Statement - TCflag = true: null

2018-07-10 19:43:52 - [TEST_STEP][PASSED] - Statement - Try: uiaction.CommonUIActions.click is PASSED

2018-07-10 19:43:52 - [TEST_STEP][PASSED] - navigateToUrl: Navigate to 'https://engdev.hmedtcloud.com/?pg=Login' successfully

2018-07-10 19:44:00 - [MESSAGE][PASSED] - Navigate to 'https://engdev.hmedtcloud.com/?pg=Login' successfully

2018-07-10 19:44:00 - [TEST_STEP][PASSED] - delay: Delayed 10 second(s)

2018-07-10 19:44:10 - [MESSAGE][PASSED] - Delayed 10 second(s)

2018-07-10 19:44:10 - [TEST_STEP][PASSED] - projectSpecific.Reusability.login: projectSpecific.Reusability.login is PASSED

2018-07-10 19:44:11 - [MESSAGE][PASSED] - projectSpecific.Reusability.getTestData is PASSED

2018-07-10 19:44:11 - [MESSAGE][PASSED] - projectSpecific.Reusability.getTestData is PASSED

2018-07-10 19:44:11 - [MESSAGE][PASSED] - Text 'selvendrank@nousinfo.com' is set on object 'Object Repository/LoginPage/Username'

2018-07-10 19:44:11 - [MESSAGE][PASSED] - Text 'Nous;123' is set on object 'Object Repository/LoginPage/Password'

2018-07-10 19:44:24 - [MESSAGE][PASSED] - Object: 'Object Repository/LoginPage/Login' is clicked on

2018-07-10 19:44:24 - [MESSAGE][PASSED] - projectSpecific.Reusability.login is PASSED

2018-07-10 19:44:24 - [TEST_STEP][PASSED] - delay: Delayed 10 second(s)

2018-07-10 19:44:34 - [MESSAGE][PASSED] - Delayed 10 second(s)

2018-07-10 19:44:34 - [TEST_STEP][PASSED] - Statement - welcomeMsg = CustomKeywords.uiaction.CommonUIActions.getText(com.kms.katalon.core.testobject.ObjectRepository.findTestObject(HomePage/welcomeMessage)): uiaction.CommonUIActions.getText is PASSED

2018-07-10 19:44:34 - [MESSAGE][PASSED] - uiaction.CommonUIActions.getText is PASSED

2018-07-10 19:44:34 - [TEST_STEP][PASSED] - Statement - expactedWelcomeMsg = CustomKeywords.projectSpecific.Reusability.getTestData("HomePage", "welcomeMsg"): projectSpecific.Reusability.getTestData is PASSED

2018-07-10 19:44:34 - [MESSAGE][PASSED] - projectSpecific.Reusability.getTestData is PASSED

2018-07-10 19:44:34 - [TEST_STEP][PASSED] - Statement - If (welcomeMsg.contains(expactedWelcomeMsg)): null

2018-07-10 19:44:34 - [TEST_STEP][PASSED] - Statement - out.println("Welcome message is verified"): null

2018-07-10 19:44:34 - [TEST_STEP][PASSED] - Statement - driver = com.kms.katalon.core.webui.driver.DriverFactory.getWebDriver(): null

2018-07-10 19:44:34 - [TEST_STEP][PASSED] - uiaction.CommonUIActions.click: uiaction.CommonUIActions.click is PASSED

2018-07-10 19:44:46 - [MESSAGE][PASSED] - uiaction.CommonUIActions.click is PASSED

2018-07-10 19:44:46 - [TEST_STEP][PASSED] - Statement - driver.findElement(org.openqa.selenium.By.xpath("(//div[@class='ctable']/table//tr/td[3][contains(text(),'vijay2')]/../td//span)[1]")).click(): null

2018-07-10 19:44:48 - [TEST_STEP][PASSED] - uiaction.CommonUIActions.click: uiaction.CommonUIActions.click is PASSED

2018-07-10 19:44:48 - [MESSAGE][PASSED] - uiaction.CommonUIActions.click is PASSED

2018-07-10 19:44:48 - [TEST_STEP][PASSED] - uiaction.CommonUIActions.click: uiaction.CommonUIActions.click is PASSED

2018-07-10 19:44:54 - [MESSAGE][PASSED] - uiaction.CommonUIActions.click is PASSED

2018-07-10 19:44:54 - [TEST_STEP][PASSED] - Statement - storeID = CustomKeywords.uiaction.CommonUIActions.getText(com.kms.katalon.core.testobject.ObjectRepository.findTestObject(StorePage/storeID)): uiaction.CommonUIActions.getText is PASSED

2018-07-10 19:44:54 - [MESSAGE][PASSED] - uiaction.CommonUIActions.getText is PASSED

2018-07-10 19:44:54 - [TEST_STEP][PASSED] - Statement - storenumber = storeID.trim(): null

2018-07-10 19:44:54 - [TEST_STEP][PASSED] - Statement - out.println(" the store number is--" + storenumber.trim()): null

2018-07-10 19:44:54 - [TEST_STEP][PASSED] - uiaction.CommonUIActions.click: uiaction.CommonUIActions.click is PASSED

2018-07-10 19:44:57 - [MESSAGE][PASSED] - uiaction.CommonUIActions.click is PASSED

2018-07-10 19:44:57 - [TEST_STEP][PASSED] - delay: Delayed 10 second(s)

2018-07-10 19:45:07 - [MESSAGE][PASSED] - Delayed 10 second(s)

2018-07-10 19:45:07 - [TEST_STEP][PASSED] - Statement - driver.findElement(org.openqa.selenium.By.xpath("//span[contains(text(),'" + storenumber.trim() + "')]")).click(): null

2018-07-10 19:45:08 - [TEST_STEP][PASSED] - click: Object: 'Object Repository/ReportsPage/timeSelection' is clicked on

2018-07-10 19:45:08 - [MESSAGE][PASSED] - Object: 'Object Repository/ReportsPage/timeSelection' is clicked on

2018-07-10 19:45:08 - [TEST_STEP][PASSED] - click: Object: 'Object Repository/ReportsPage/dayTimeOption' is clicked on

2018-07-10 19:45:08 - [MESSAGE][PASSED] - Object: 'Object Repository/ReportsPage/dayTimeOption' is clicked on

2018-07-10 19:45:08 - [TEST_STEP][PASSED] - click: Object: 'Object Repository/ReportsPage/summaryReportHeading' is clicked on

2018-07-10 19:45:08 - [MESSAGE][PASSED] - Object: 'Object Repository/ReportsPage/summaryReportHeading' is clicked on

2018-07-10 19:45:08 - [TEST_STEP][PASSED] - verifyElementText: Actual text and expected text of test object 'Object Repository/ReportsPage/dayTimeOption' are matched.

2018-07-10 19:45:08 - [MESSAGE][PASSED] - projectSpecific.Reusability.getTestData is PASSED

2018-07-10 19:45:08 - [MESSAGE][PASSED] - Actual text and expected text of test object 'Object Repository/ReportsPage/dayTimeOption' are matched.

2018-07-10 19:45:08 - [TEST_STEP][PASSED] - verifyElementText: Actual text and expected text of test object 'Object Repository/ReportsPage/criteriaTimeMeasureForDay' are matched.

2018-07-10 19:45:08 - [MESSAGE][PASSED] - projectSpecific.Reusability.getTestData is PASSED

2018-07-10 19:45:08 - [MESSAGE][PASSED] - Actual text and expected text of test object 'Object Repository/ReportsPage/criteriaTimeMeasureForDay' are matched.

2018-07-10 19:45:08 - [TEST_STEP][PASSED] - delay: Delayed 5 second(s)

2018-07-10 19:45:13 - [MESSAGE][PASSED] - Delayed 5 second(s)

2018-07-10 19:45:13 - [TEST_STEP][PASSED] - click: Object: 'Object Repository/ReportsPage/fromDateSelector' is clicked on

2018-07-10 19:45:13 - [MESSAGE][PASSED] - Object: 'Object Repository/ReportsPage/fromDateSelector' is clicked on

2018-07-10 19:45:13 - [TEST_STEP][PASSED] - delay: Delayed 5 second(s)

2018-07-10 19:45:18 - [MESSAGE][PASSED] - Delayed 5 second(s)

2018-07-10 19:45:18 - [TEST_STEP][PASSED] - Statement - monthText = com.kms.katalon.core.webui.keyword.WebUiBuiltInKeywords.getText(com.kms.katalon.core.testobject.ObjectRepository.findTestObject(ReportsPage/monthText)): Text of object 'Object Repository/ReportsPage/monthText' is: 'July 2018'

2018-07-10 19:45:18 - [MESSAGE][PASSED] - Text of object 'Object Repository/ReportsPage/monthText' is: 'July 2018'

2018-07-10 19:45:18 - [TEST_STEP][PASSED] - Statement - monthTextArray = monthText.split(" "): null

2018-07-10 19:45:18 - [TEST_STEP][PASSED] - Statement - month = monthTextArray[0]: null

2018-07-10 19:45:18 - [TEST_STEP][PASSED] - Statement - monthTextValue = CustomKeywords.projectSpecific.Reusability.getTestData("ReportsPage", "Month"): projectSpecific.Reusability.getTestData is PASSED

2018-07-10 19:45:18 - [MESSAGE][PASSED] - projectSpecific.Reusability.getTestData is PASSED

2018-07-10 19:45:18 - [TEST_STEP][PASSED] - Statement - If (!(monthTextValue.equals(month))): null

2018-07-10 19:45:18 - [TEST_STEP][PASSED] - Statement - While (!(monthTextValue.equals(month))): null

2018-07-10 19:45:18 - [TEST_STEP][PASSED] - click: Object: 'Object Repository/ReportsPage/previousDateSelector' is clicked on

2018-07-10 19:45:18 - [MESSAGE][PASSED] - Object: 'Object Repository/ReportsPage/previousDateSelector' is clicked on

2018-07-10 19:45:18 - [TEST_STEP][PASSED] - Statement - monthText = com.kms.katalon.core.webui.keyword.WebUiBuiltInKeywords.getText(com.kms.katalon.core.testobject.ObjectRepository.findTestObject(ReportsPage/monthText)): Text of object 'Object Repository/ReportsPage/monthText' is: 'June 2018'

2018-07-10 19:45:18 - [MESSAGE][PASSED] - Text of object 'Object Repository/ReportsPage/monthText' is: 'June 2018'

2018-07-10 19:45:18 - [TEST_STEP][PASSED] - Statement - monthTextArray = monthText.split(" "): null

2018-07-10 19:45:18 - [TEST_STEP][PASSED] - Statement - month = monthTextArray[0]: null

2018-07-10 19:45:18 - [TEST_STEP][PASSED] - click: Object: 'Object Repository/ReportsPage/previousDateSelector' is clicked on

2018-07-10 19:45:18 - [MESSAGE][PASSED] - Object: 'Object Repository/ReportsPage/previousDateSelector' is clicked on

2018-07-10 19:45:18 - [TEST_STEP][PASSED] - Statement - monthText = com.kms.katalon.core.webui.keyword.WebUiBuiltInKeywords.getText(com.kms.katalon.core.testobject.ObjectRepository.findTestObject(ReportsPage/monthText)): Text of object 'Object Repository/ReportsPage/monthText' is: 'May 2018'

2018-07-10 19:45:18 - [MESSAGE][PASSED] - Text of object 'Object Repository/ReportsPage/monthText' is: 'May 2018'

2018-07-10 19:45:18 - [TEST_STEP][PASSED] - Statement - monthTextArray = monthText.split(" "): null

2018-07-10 19:45:18 - [TEST_STEP][PASSED] - Statement - month = monthTextArray[0]: null

2018-07-10 19:45:18 - [TEST_STEP][PASSED] - click: Object: 'Object Repository/ReportsPage/previousDateSelector' is clicked on

2018-07-10 19:45:19 - [MESSAGE][PASSED] - Object: 'Object Repository/ReportsPage/previousDateSelector' is clicked on

2018-07-10 19:45:19 - [TEST_STEP][PASSED] - Statement - monthText = com.kms.katalon.core.webui.keyword.WebUiBuiltInKeywords.getText(com.kms.katalon.core.testobject.ObjectRepository.findTestObject(ReportsPage/monthText)): Text of object 'Object Repository/ReportsPage/monthText' is: 'April 2018'

2018-07-10 19:45:19 - [MESSAGE][PASSED] - Text of object 'Object Repository/ReportsPage/monthText' is: 'April 2018'

2018-07-10 19:45:19 - [TEST_STEP][PASSED] - Statement - monthTextArray = monthText.split(" "): null

2018-07-10 19:45:19 - [TEST_STEP][PASSED] - Statement - month = monthTextArray[0]: null

2018-07-10 19:45:19 - [TEST_STEP][PASSED] - click: Object: 'Object Repository/ReportsPage/previousDateSelector' is clicked on

2018-07-10 19:45:19 - [MESSAGE][PASSED] - Object: 'Object Repository/ReportsPage/previousDateSelector' is clicked on

2018-07-10 19:45:19 - [TEST_STEP][PASSED] - Statement - monthText = com.kms.katalon.core.webui.keyword.WebUiBuiltInKeywords.getText(com.kms.katalon.core.testobject.ObjectRepository.findTestObject(ReportsPage/monthText)): Text of object 'Object Repository/ReportsPage/monthText' is: 'March 2018'

2018-07-10 19:45:19 - [MESSAGE][PASSED] - Text of object 'Object Repository/ReportsPage/monthText' is: 'March 2018'

2018-07-10 19:45:19 - [TEST_STEP][PASSED] - Statement - monthTextArray = monthText.split(" "): null

2018-07-10 19:45:19 - [TEST_STEP][PASSED] - Statement - month = monthTextArray[0]: null

2018-07-10 19:45:19 - [TEST_STEP][PASSED] - Statement - data = CustomKeywords.projectSpecific.Reusability.getTestData("ReportsPage", "EndDate"): projectSpecific.Reusability.getTestData is PASSED

2018-07-10 19:45:19 - [MESSAGE][PASSED] - projectSpecific.Reusability.getTestData is PASSED

2018-07-10 19:45:19 - [TEST_STEP][PASSED] - Statement - startDate = "(//td[text()='" + data + "'])[1]": null

2018-07-10 19:45:19 - [TEST_STEP][PASSED] - Statement - println(startDate): null

2018-07-10 19:45:19 - [TEST_STEP][PASSED] - Statement - startdateEle = driver.findElement(org.openqa.selenium.By.xpath(startDate)): null

2018-07-10 19:45:19 - [TEST_STEP][PASSED] - Statement - startdateEle.click(): null

2018-07-10 19:45:19 - [TEST_STEP][PASSED] - delay: Delayed 5 second(s)

2018-07-10 19:45:24 - [MESSAGE][PASSED] - Delayed 5 second(s)

2018-07-10 19:45:24 - [TEST_STEP][PASSED] - click: Object: 'Object Repository/ReportsPage/toDateSelector' is clicked on

2018-07-10 19:45:24 - [MESSAGE][PASSED] - Object: 'Object Repository/ReportsPage/toDateSelector' is clicked on

2018-07-10 19:45:24 - [TEST_STEP][PASSED] - Statement - monthText = com.kms.katalon.core.webui.keyword.WebUiBuiltInKeywords.getText(com.kms.katalon.core.testobject.ObjectRepository.findTestObject(ReportsPage/monthText2)): Text of object 'Object Repository/ReportsPage/monthText2' is: 'July 2018'

2018-07-10 19:45:24 - [MESSAGE][PASSED] - Text of object 'Object Repository/ReportsPage/monthText2' is: 'July 2018'

2018-07-10 19:45:24 - [TEST_STEP][PASSED] - Statement - monthTextArray = monthText.split(" "): null

2018-07-10 19:45:24 - [TEST_STEP][PASSED] - Statement - month = monthTextArray[0]: null

2018-07-10 19:45:24 - [TEST_STEP][PASSED] - Statement - monthTextValue1 = CustomKeywords.projectSpecific.Reusability.getTestData("ReportsPage", "Month"): projectSpecific.Reusability.getTestData is PASSED

2018-07-10 19:45:24 - [MESSAGE][PASSED] - projectSpecific.Reusability.getTestData is PASSED

2018-07-10 19:45:24 - [TEST_STEP][PASSED] - Statement - If (!(monthTextValue1.equals(month))): null

2018-07-10 19:45:24 - [TEST_STEP][PASSED] - Statement - While (!(monthTextValue1.equals(month))): null

2018-07-10 19:45:24 - [TEST_STEP][PASSED] - click: Object: 'Object Repository/ReportsPage/previousDateSelector2' is clicked on

2018-07-10 19:45:24 - [MESSAGE][PASSED] - Object: 'Object Repository/ReportsPage/previousDateSelector2' is clicked on

2018-07-10 19:45:24 - [TEST_STEP][PASSED] - Statement - monthText = com.kms.katalon.core.webui.keyword.WebUiBuiltInKeywords.getText(com.kms.katalon.core.testobject.ObjectRepository.findTestObject(ReportsPage/monthText2)): Text of object 'Object Repository/ReportsPage/monthText2' is: 'June 2018'

2018-07-10 19:45:24 - [MESSAGE][PASSED] - Text of object 'Object Repository/ReportsPage/monthText2' is: 'June 2018'

2018-07-10 19:45:24 - [TEST_STEP][PASSED] - Statement - monthTextArray = monthText.split(" "): null

2018-07-10 19:45:24 - [TEST_STEP][PASSED] - Statement - month = monthTextArray[0]: null

2018-07-10 19:45:24 - [TEST_STEP][PASSED] - click: Object: 'Object Repository/ReportsPage/previousDateSelector2' is clicked on

2018-07-10 19:45:24 - [MESSAGE][PASSED] - Object: 'Object Repository/ReportsPage/previousDateSelector2' is clicked on

2018-07-10 19:45:24 - [TEST_STEP][PASSED] - Statement - monthText = com.kms.katalon.core.webui.keyword.WebUiBuiltInKeywords.getText(com.kms.katalon.core.testobject.ObjectRepository.findTestObject(ReportsPage/monthText2)): Text of object 'Object Repository/ReportsPage/monthText2' is: 'May 2018'

2018-07-10 19:45:24 - [MESSAGE][PASSED] - Text of object 'Object Repository/ReportsPage/monthText2' is: 'May 2018'

2018-07-10 19:45:24 - [TEST_STEP][PASSED] - Statement - monthTextArray = monthText.split(" "): null

2018-07-10 19:45:24 - [TEST_STEP][PASSED] - Statement - month = monthTextArray[0]: null

2018-07-10 19:45:24 - [TEST_STEP][PASSED] - click: Object: 'Object Repository/ReportsPage/previousDateSelector2' is clicked on

2018-07-10 19:45:24 - [MESSAGE][PASSED] - Object: 'Object Repository/ReportsPage/previousDateSelector2' is clicked on

2018-07-10 19:45:24 - [TEST_STEP][PASSED] - Statement - monthText = com.kms.katalon.core.webui.keyword.WebUiBuiltInKeywords.getText(com.kms.katalon.core.testobject.ObjectRepository.findTestObject(ReportsPage/monthText2)): Text of object 'Object Repository/ReportsPage/monthText2' is: 'April 2018'

2018-07-10 19:45:24 - [MESSAGE][PASSED] - Text of object 'Object Repository/ReportsPage/monthText2' is: 'April 2018'

2018-07-10 19:45:24 - [TEST_STEP][PASSED] - Statement - monthTextArray = monthText.split(" "): null

2018-07-10 19:45:24 - [TEST_STEP][PASSED] - Statement - month = monthTextArray[0]: null

2018-07-10 19:45:24 - [TEST_STEP][PASSED] - click: Object: 'Object Repository/ReportsPage/previousDateSelector2' is clicked on

2018-07-10 19:45:24 - [MESSAGE][PASSED] - Object: 'Object Repository/ReportsPage/previousDateSelector2' is clicked on

2018-07-10 19:45:24 - [TEST_STEP][PASSED] - Statement - monthText = com.kms.katalon.core.webui.keyword.WebUiBuiltInKeywords.getText(com.kms.katalon.core.testobject.ObjectRepository.findTestObject(ReportsPage/monthText2)): Text of object 'Object Repository/ReportsPage/monthText2' is: 'March 2018'

2018-07-10 19:45:24 - [MESSAGE][PASSED] - Text of object 'Object Repository/ReportsPage/monthText2' is: 'March 2018'

2018-07-10 19:45:24 - [TEST_STEP][PASSED] - Statement - monthTextArray = monthText.split(" "): null

2018-07-10 19:45:24 - [TEST_STEP][PASSED] - Statement - month = monthTextArray[0]: null

2018-07-10 19:45:24 - [TEST_STEP][PASSED] - Statement - endDate = CustomKeywords.projectSpecific.Reusability.getTestData("ReportsPage", "EndDate"): projectSpecific.Reusability.getTestData is PASSED

2018-07-10 19:45:24 - [MESSAGE][PASSED] - projectSpecific.Reusability.getTestData is PASSED

2018-07-10 19:45:24 - [TEST_STEP][PASSED] - Statement - toDate = "(//td[text()='" + endDate + "'])[2]": null

2018-07-10 19:45:24 - [TEST_STEP][PASSED] - Statement - println(toDate): null

2018-07-10 19:45:24 - [TEST_STEP][PASSED] - Statement - toDateEle = driver.findElement(org.openqa.selenium.By.xpath(toDate)): null

2018-07-10 19:45:24 - [TEST_STEP][PASSED] - Statement - toDateEle.click(): null

2018-07-10 19:45:24 - [TEST_STEP][PASSED] - delay: Delayed 5 second(s)

2018-07-10 19:45:29 - [MESSAGE][PASSED] - Delayed 5 second(s)

2018-07-10 19:45:29 - [TEST_STEP][PASSED] - Statement - dateAttr = com.kms.katalon.core.webui.keyword.WebUiBuiltInKeywords.getAttribute(com.kms.katalon.core.testobject.ObjectRepository.findTestObject(ReportsPage/selectedDate1), "value"): Attribute 'value' of object 'Object Repository/ReportsPage/selectedDate1' is: '03/14/2018'

2018-07-10 19:45:29 - [MESSAGE][PASSED] - Attribute 'value' of object 'Object Repository/ReportsPage/selectedDate1' is: '03/14/2018'

2018-07-10 19:45:29 - [TEST_STEP][PASSED] - Statement - fromDateValue = CustomKeywords.projectSpecific.Reusability.getTestData("ReportsPage", "toDate"): projectSpecific.Reusability.getTestData is PASSED

2018-07-10 19:45:29 - [MESSAGE][PASSED] - projectSpecific.Reusability.getTestData is PASSED

2018-07-10 19:45:29 - [TEST_STEP][PASSED] - Statement - If (!(dateAttr.equals(fromDateValue))): null

2018-07-10 19:45:29 - [TEST_STEP][PASSED] - Statement - dateAttr = com.kms.katalon.core.webui.keyword.WebUiBuiltInKeywords.getAttribute(com.kms.katalon.core.testobject.ObjectRepository.findTestObject(ReportsPage/selectedDate2), "value"): Attribute 'value' of object 'Object Repository/ReportsPage/selectedDate2' is: '03/14/2018'

2018-07-10 19:45:29 - [MESSAGE][PASSED] - Attribute 'value' of object 'Object Repository/ReportsPage/selectedDate2' is: '03/14/2018'

2018-07-10 19:45:29 - [TEST_STEP][PASSED] - Statement - toDateValue = CustomKeywords.projectSpecific.Reusability.getTestData("ReportsPage", "toDate"): projectSpecific.Reusability.getTestData is PASSED

2018-07-10 19:45:29 - [MESSAGE][PASSED] - projectSpecific.Reusability.getTestData is PASSED

2018-07-10 19:45:29 - [TEST_STEP][PASSED] - Statement - If (!(dateAttr.equals(toDateValue))): null

2018-07-10 19:45:29 - [TEST_STEP][PASSED] - click: Object: 'Object Repository/ReportsPage/generateReport' is clicked on

2018-07-10 19:45:29 - [MESSAGE][PASSED] - Object: 'Object Repository/ReportsPage/generateReport' is clicked on

2018-07-10 19:45:29 - [TEST_STEP][PASSED] - delay: Delayed 15 second(s)

2018-07-10 19:45:44 - [MESSAGE][PASSED] - Delayed 15 second(s)

2018-07-10 19:45:44 - [TEST_STEP][PASSED] - Statement - printTime = CustomKeywords.uiaction.CommonUIActions.getText(com.kms.katalon.core.testobject.ObjectRepository.findTestObject(SummarizedReportPage/printTime)): uiaction.CommonUIActions.getText is PASSED

2018-07-10 19:45:45 - [MESSAGE][PASSED] - uiaction.CommonUIActions.getText is PASSED

2018-07-10 19:45:45 - [TEST_STEP][PASSED] - Statement - cal = java.util.Calendar.getInstance(): null

2018-07-10 19:45:45 - [TEST_STEP][PASSED] - Statement - sdf = new java.text.SimpleDateFormat(hh:mm a): null

2018-07-10 19:45:45 - [TEST_STEP][PASSED] - Statement - currentSystemTime = sdf.format(cal.getTime()): null

2018-07-10 19:45:45 - [TEST_STEP][PASSED] - Statement - out.println(currentSystemTime): null

2018-07-10 19:45:45 - [TEST_STEP][PASSED] - Statement - If (currentSystemTime.contains(printTime)): null

2018-07-10 19:45:45 - [TEST_STEP][PASSED] - Statement - out.println("Print Time is displayed the current local time "): null

2018-07-10 19:45:45 - [TEST_STEP][PASSED] - uiaction.CommonUIActions.click: uiaction.CommonUIActions.click is PASSED

2018-07-10 19:45:48 - [MESSAGE][PASSED] - uiaction.CommonUIActions.click is PASSED

2018-07-10 19:45:48 - [TEST_STEP][PASSED] - Statement - assert TCflag == true: null

2018-07-10 19:45:48 - [TEST_STEP][PASSED] - Start listener action : sampleAfterTestCase: Browser is closed

2018-07-10 19:45:48 - [TEST_STEP][PASSED] - Statement - println(testCaseContext.getTestCaseId()): null

2018-07-10 19:45:48 - [TEST_STEP][PASSED] - Statement - println(testCaseContext.getTestCaseStatus()): null

2018-07-10 19:45:48 - [TEST_STEP][PASSED] - closeBrowser: Browser is closed

2018-07-10 19:45:49 - [MESSAGE][PASSED] - Browser is closed]]></system-out>
         <system-err><![CDATA[]]></system-err>
      </testcase>
      <testcase name="Test Cases/TimeZoneTC/HME-Account_Setting-Timezone-05" classname="Test Cases/TimeZoneTC/HME-Account_Setting-Timezone-05" status="PASSED">
         <system-out><![CDATA[2018-07-10 19:45:49 - [TEST_CASE][PASSED] - Test Cases/TimeZoneTC/HME-Account_Setting-Timezone-05: Browser is closed

2018-07-10 19:45:49 - [TEST_STEP][PASSED] - Start listener action : sampleBeforeTestCase: uiaction.CommonUIActions.deleteAllCookies is PASSED

2018-07-10 19:45:49 - [TEST_STEP][PASSED] - openBrowser: Browser is opened with url: ''

2018-07-10 19:45:51 - [MESSAGE][PASSED] - Browser is opened with url: ''

2018-07-10 19:45:51 - [TEST_STEP][PASSED] - maximizeWindow: Current window maximized

2018-07-10 19:45:52 - [MESSAGE][PASSED] - Current window maximized

2018-07-10 19:45:52 - [TEST_STEP][PASSED] - uiaction.CommonUIActions.deleteAllCookies: uiaction.CommonUIActions.deleteAllCookies is PASSED

2018-07-10 19:45:52 - [MESSAGE][PASSED] - Delete all cookies successfully

2018-07-10 19:45:52 - [MESSAGE][PASSED] - uiaction.CommonUIActions.deleteAllCookies is PASSED

2018-07-10 19:45:53 - [TEST_STEP][PASSED] - Statement - TCflag = true: null

2018-07-10 19:45:53 - [TEST_STEP][PASSED] - Statement - Try: uiaction.CommonUIActions.click is PASSED

2018-07-10 19:45:53 - [TEST_STEP][PASSED] - navigateToUrl: Navigate to 'https://engdev.hmedtcloud.com/?pg=Login' successfully

2018-07-10 19:46:01 - [MESSAGE][PASSED] - Navigate to 'https://engdev.hmedtcloud.com/?pg=Login' successfully

2018-07-10 19:46:01 - [TEST_STEP][PASSED] - delay: Delayed 10 second(s)

2018-07-10 19:46:11 - [MESSAGE][PASSED] - Delayed 10 second(s)

2018-07-10 19:46:11 - [TEST_STEP][PASSED] - projectSpecific.Reusability.login: projectSpecific.Reusability.login is PASSED

2018-07-10 19:46:12 - [MESSAGE][PASSED] - projectSpecific.Reusability.getTestData is PASSED

2018-07-10 19:46:12 - [MESSAGE][PASSED] - projectSpecific.Reusability.getTestData is PASSED

2018-07-10 19:46:12 - [MESSAGE][PASSED] - Text 'selvendrank@nousinfo.com' is set on object 'Object Repository/LoginPage/Username'

2018-07-10 19:46:12 - [MESSAGE][PASSED] - Text 'Nous;123' is set on object 'Object Repository/LoginPage/Password'

2018-07-10 19:46:26 - [MESSAGE][PASSED] - Object: 'Object Repository/LoginPage/Login' is clicked on

2018-07-10 19:46:26 - [MESSAGE][PASSED] - projectSpecific.Reusability.login is PASSED

2018-07-10 19:46:26 - [TEST_STEP][PASSED] - delay: Delayed 10 second(s)

2018-07-10 19:46:36 - [MESSAGE][PASSED] - Delayed 10 second(s)

2018-07-10 19:46:36 - [TEST_STEP][PASSED] - Statement - welcomeMsg = CustomKeywords.uiaction.CommonUIActions.getText(com.kms.katalon.core.testobject.ObjectRepository.findTestObject(HomePage/welcomeMessage)): uiaction.CommonUIActions.getText is PASSED

2018-07-10 19:46:36 - [MESSAGE][PASSED] - uiaction.CommonUIActions.getText is PASSED

2018-07-10 19:46:36 - [TEST_STEP][PASSED] - Statement - expactedWelcomeMsg = CustomKeywords.projectSpecific.Reusability.getTestData("HomePage", "welcomeMsg"): projectSpecific.Reusability.getTestData is PASSED

2018-07-10 19:46:36 - [MESSAGE][PASSED] - projectSpecific.Reusability.getTestData is PASSED

2018-07-10 19:46:36 - [TEST_STEP][PASSED] - Statement - If (welcomeMsg.contains(expactedWelcomeMsg)): null

2018-07-10 19:46:36 - [TEST_STEP][PASSED] - Statement - out.println("Welcome message is verified"): null

2018-07-10 19:46:36 - [TEST_STEP][PASSED] - Statement - driver = com.kms.katalon.core.webui.driver.DriverFactory.getWebDriver(): null

2018-07-10 19:46:36 - [TEST_STEP][PASSED] - uiaction.CommonUIActions.click: uiaction.CommonUIActions.click is PASSED

2018-07-10 19:46:49 - [MESSAGE][PASSED] - uiaction.CommonUIActions.click is PASSED

2018-07-10 19:46:49 - [TEST_STEP][PASSED] - Statement - driver.findElement(org.openqa.selenium.By.xpath("(//div[@class='ctable']/table//tr/td[3][contains(text(),'vijay2')]/../td//span)[1]")).click(): null

2018-07-10 19:46:51 - [TEST_STEP][PASSED] - uiaction.CommonUIActions.click: uiaction.CommonUIActions.click is PASSED

2018-07-10 19:46:52 - [MESSAGE][PASSED] - uiaction.CommonUIActions.click is PASSED

2018-07-10 19:46:52 - [TEST_STEP][PASSED] - uiaction.CommonUIActions.click: uiaction.CommonUIActions.click is PASSED

2018-07-10 19:46:57 - [MESSAGE][PASSED] - uiaction.CommonUIActions.click is PASSED

2018-07-10 19:46:57 - [TEST_STEP][PASSED] - Statement - storeID = CustomKeywords.uiaction.CommonUIActions.getText(com.kms.katalon.core.testobject.ObjectRepository.findTestObject(StorePage/storeID)): uiaction.CommonUIActions.getText is PASSED

2018-07-10 19:46:57 - [MESSAGE][PASSED] - uiaction.CommonUIActions.getText is PASSED

2018-07-10 19:46:57 - [TEST_STEP][PASSED] - Statement - storenumber = storeID.trim(): null

2018-07-10 19:46:57 - [TEST_STEP][PASSED] - Statement - out.println(" the store number is--" + storenumber.trim()): null

2018-07-10 19:46:57 - [TEST_STEP][PASSED] - uiaction.CommonUIActions.click: uiaction.CommonUIActions.click is PASSED

2018-07-10 19:47:01 - [MESSAGE][PASSED] - uiaction.CommonUIActions.click is PASSED

2018-07-10 19:47:01 - [TEST_STEP][PASSED] - delay: Delayed 10 second(s)

2018-07-10 19:47:11 - [MESSAGE][PASSED] - Delayed 10 second(s)

2018-07-10 19:47:11 - [TEST_STEP][PASSED] - Statement - driver.findElement(org.openqa.selenium.By.xpath("//span[contains(text(),'" + storenumber + "')]")).click(): null

2018-07-10 19:47:11 - [TEST_STEP][PASSED] - delay: Delayed 5 second(s)

2018-07-10 19:47:16 - [MESSAGE][PASSED] - Delayed 5 second(s)

2018-07-10 19:47:16 - [TEST_STEP][PASSED] - click: Object: 'Object Repository/ReportsPage/timeSelection' is clicked on

2018-07-10 19:47:16 - [MESSAGE][PASSED] - Object: 'Object Repository/ReportsPage/timeSelection' is clicked on

2018-07-10 19:47:16 - [TEST_STEP][PASSED] - click: Object: 'Object Repository/ReportsPage/daypartTimeOption' is clicked on

2018-07-10 19:47:16 - [MESSAGE][PASSED] - Object: 'Object Repository/ReportsPage/daypartTimeOption' is clicked on

2018-07-10 19:47:17 - [TEST_STEP][PASSED] - click: Object: 'Object Repository/ReportsPage/summaryReportHeading' is clicked on

2018-07-10 19:47:17 - [MESSAGE][PASSED] - Object: 'Object Repository/ReportsPage/summaryReportHeading' is clicked on

2018-07-10 19:47:17 - [TEST_STEP][PASSED] - verifyElementText: Actual text and expected text of test object 'Object Repository/ReportsPage/daypartTimeOption' are matched.

2018-07-10 19:47:17 - [MESSAGE][PASSED] - projectSpecific.Reusability.getTestData is PASSED

2018-07-10 19:47:17 - [MESSAGE][PASSED] - Actual text and expected text of test object 'Object Repository/ReportsPage/daypartTimeOption' are matched.

2018-07-10 19:47:17 - [TEST_STEP][PASSED] - verifyElementText: Actual text and expected text of test object 'Object Repository/ReportsPage/criteriaTimeMeasureFordaypart' are matched.

2018-07-10 19:47:17 - [MESSAGE][PASSED] - projectSpecific.Reusability.getTestData is PASSED

2018-07-10 19:47:17 - [MESSAGE][PASSED] - Actual text and expected text of test object 'Object Repository/ReportsPage/criteriaTimeMeasureFordaypart' are matched.

2018-07-10 19:47:17 - [TEST_STEP][PASSED] - delay: Delayed 5 second(s)

2018-07-10 19:47:22 - [MESSAGE][PASSED] - Delayed 5 second(s)

2018-07-10 19:47:22 - [TEST_STEP][PASSED] - click: Object: 'Object Repository/ReportsPage/fromDateSelector' is clicked on

2018-07-10 19:47:22 - [MESSAGE][PASSED] - Object: 'Object Repository/ReportsPage/fromDateSelector' is clicked on

2018-07-10 19:47:22 - [TEST_STEP][PASSED] - delay: Delayed 5 second(s)

2018-07-10 19:47:27 - [MESSAGE][PASSED] - Delayed 5 second(s)

2018-07-10 19:47:27 - [TEST_STEP][PASSED] - Statement - monthText = com.kms.katalon.core.webui.keyword.WebUiBuiltInKeywords.getText(com.kms.katalon.core.testobject.ObjectRepository.findTestObject(ReportsPage/monthText)): Text of object 'Object Repository/ReportsPage/monthText' is: 'July 2018'

2018-07-10 19:47:27 - [MESSAGE][PASSED] - Text of object 'Object Repository/ReportsPage/monthText' is: 'July 2018'

2018-07-10 19:47:27 - [TEST_STEP][PASSED] - Statement - monthTextArray = monthText.split(" "): null

2018-07-10 19:47:27 - [TEST_STEP][PASSED] - Statement - month = monthTextArray[0]: null

2018-07-10 19:47:27 - [TEST_STEP][PASSED] - Statement - monthTextValue = CustomKeywords.projectSpecific.Reusability.getTestData("ReportsPage", "Month"): projectSpecific.Reusability.getTestData is PASSED

2018-07-10 19:47:27 - [MESSAGE][PASSED] - projectSpecific.Reusability.getTestData is PASSED

2018-07-10 19:47:27 - [TEST_STEP][PASSED] - Statement - If (!(monthTextValue.equals(month))): null

2018-07-10 19:47:27 - [TEST_STEP][PASSED] - Statement - While (!(monthTextValue.equals(month))): null

2018-07-10 19:47:27 - [TEST_STEP][PASSED] - click: Object: 'Object Repository/ReportsPage/previousDateSelector' is clicked on

2018-07-10 19:47:27 - [MESSAGE][PASSED] - Object: 'Object Repository/ReportsPage/previousDateSelector' is clicked on

2018-07-10 19:47:27 - [TEST_STEP][PASSED] - Statement - monthText = com.kms.katalon.core.webui.keyword.WebUiBuiltInKeywords.getText(com.kms.katalon.core.testobject.ObjectRepository.findTestObject(ReportsPage/monthText)): Text of object 'Object Repository/ReportsPage/monthText' is: 'June 2018'

2018-07-10 19:47:27 - [MESSAGE][PASSED] - Text of object 'Object Repository/ReportsPage/monthText' is: 'June 2018'

2018-07-10 19:47:27 - [TEST_STEP][PASSED] - Statement - monthTextArray = monthText.split(" "): null

2018-07-10 19:47:27 - [TEST_STEP][PASSED] - Statement - month = monthTextArray[0]: null

2018-07-10 19:47:27 - [TEST_STEP][PASSED] - click: Object: 'Object Repository/ReportsPage/previousDateSelector' is clicked on

2018-07-10 19:47:27 - [MESSAGE][PASSED] - Object: 'Object Repository/ReportsPage/previousDateSelector' is clicked on

2018-07-10 19:47:27 - [TEST_STEP][PASSED] - Statement - monthText = com.kms.katalon.core.webui.keyword.WebUiBuiltInKeywords.getText(com.kms.katalon.core.testobject.ObjectRepository.findTestObject(ReportsPage/monthText)): Text of object 'Object Repository/ReportsPage/monthText' is: 'May 2018'

2018-07-10 19:47:27 - [MESSAGE][PASSED] - Text of object 'Object Repository/ReportsPage/monthText' is: 'May 2018'

2018-07-10 19:47:27 - [TEST_STEP][PASSED] - Statement - monthTextArray = monthText.split(" "): null

2018-07-10 19:47:27 - [TEST_STEP][PASSED] - Statement - month = monthTextArray[0]: null

2018-07-10 19:47:27 - [TEST_STEP][PASSED] - click: Object: 'Object Repository/ReportsPage/previousDateSelector' is clicked on

2018-07-10 19:47:27 - [MESSAGE][PASSED] - Object: 'Object Repository/ReportsPage/previousDateSelector' is clicked on

2018-07-10 19:47:27 - [TEST_STEP][PASSED] - Statement - monthText = com.kms.katalon.core.webui.keyword.WebUiBuiltInKeywords.getText(com.kms.katalon.core.testobject.ObjectRepository.findTestObject(ReportsPage/monthText)): Text of object 'Object Repository/ReportsPage/monthText' is: 'April 2018'

2018-07-10 19:47:27 - [MESSAGE][PASSED] - Text of object 'Object Repository/ReportsPage/monthText' is: 'April 2018'

2018-07-10 19:47:27 - [TEST_STEP][PASSED] - Statement - monthTextArray = monthText.split(" "): null

2018-07-10 19:47:27 - [TEST_STEP][PASSED] - Statement - month = monthTextArray[0]: null

2018-07-10 19:47:27 - [TEST_STEP][PASSED] - click: Object: 'Object Repository/ReportsPage/previousDateSelector' is clicked on

2018-07-10 19:47:27 - [MESSAGE][PASSED] - Object: 'Object Repository/ReportsPage/previousDateSelector' is clicked on

2018-07-10 19:47:27 - [TEST_STEP][PASSED] - Statement - monthText = com.kms.katalon.core.webui.keyword.WebUiBuiltInKeywords.getText(com.kms.katalon.core.testobject.ObjectRepository.findTestObject(ReportsPage/monthText)): Text of object 'Object Repository/ReportsPage/monthText' is: 'March 2018'

2018-07-10 19:47:27 - [MESSAGE][PASSED] - Text of object 'Object Repository/ReportsPage/monthText' is: 'March 2018'

2018-07-10 19:47:27 - [TEST_STEP][PASSED] - Statement - monthTextArray = monthText.split(" "): null

2018-07-10 19:47:27 - [TEST_STEP][PASSED] - Statement - month = monthTextArray[0]: null

2018-07-10 19:47:27 - [TEST_STEP][PASSED] - Statement - data = CustomKeywords.projectSpecific.Reusability.getTestData("ReportsPage", "StartDate_March3"): projectSpecific.Reusability.getTestData is PASSED

2018-07-10 19:47:27 - [MESSAGE][PASSED] - projectSpecific.Reusability.getTestData is PASSED

2018-07-10 19:47:27 - [TEST_STEP][PASSED] - Statement - startDate = "(//td[text()='" + data + "'])[1]": null

2018-07-10 19:47:27 - [TEST_STEP][PASSED] - Statement - println(startDate): null

2018-07-10 19:47:27 - [TEST_STEP][PASSED] - Statement - startdateEle = driver.findElement(org.openqa.selenium.By.xpath(startDate)): null

2018-07-10 19:47:27 - [TEST_STEP][PASSED] - Statement - startdateEle.click(): null

2018-07-10 19:47:27 - [TEST_STEP][PASSED] - delay: Delayed 5 second(s)

2018-07-10 19:47:32 - [MESSAGE][PASSED] - Delayed 5 second(s)

2018-07-10 19:47:32 - [TEST_STEP][PASSED] - click: Object: 'Object Repository/ReportsPage/toDateSelector' is clicked on

2018-07-10 19:47:32 - [MESSAGE][PASSED] - Object: 'Object Repository/ReportsPage/toDateSelector' is clicked on

2018-07-10 19:47:32 - [TEST_STEP][PASSED] - Statement - monthText = com.kms.katalon.core.webui.keyword.WebUiBuiltInKeywords.getText(com.kms.katalon.core.testobject.ObjectRepository.findTestObject(ReportsPage/monthText2)): Text of object 'Object Repository/ReportsPage/monthText2' is: 'July 2018'

2018-07-10 19:47:32 - [MESSAGE][PASSED] - Text of object 'Object Repository/ReportsPage/monthText2' is: 'July 2018'

2018-07-10 19:47:32 - [TEST_STEP][PASSED] - Statement - monthTextArray = monthText.split(" "): null

2018-07-10 19:47:32 - [TEST_STEP][PASSED] - Statement - month = monthTextArray[0]: null

2018-07-10 19:47:32 - [TEST_STEP][PASSED] - Statement - monthTextValue1 = CustomKeywords.projectSpecific.Reusability.getTestData("ReportsPage", "Month"): projectSpecific.Reusability.getTestData is PASSED

2018-07-10 19:47:32 - [MESSAGE][PASSED] - projectSpecific.Reusability.getTestData is PASSED

2018-07-10 19:47:32 - [TEST_STEP][PASSED] - Statement - If (!(monthTextValue1.equals(month))): null

2018-07-10 19:47:32 - [TEST_STEP][PASSED] - Statement - While (!(monthTextValue1.equals(month))): null

2018-07-10 19:47:32 - [TEST_STEP][PASSED] - click: Object: 'Object Repository/ReportsPage/previousDateSelector2' is clicked on

2018-07-10 19:47:33 - [MESSAGE][PASSED] - Object: 'Object Repository/ReportsPage/previousDateSelector2' is clicked on

2018-07-10 19:47:33 - [TEST_STEP][PASSED] - Statement - monthText = com.kms.katalon.core.webui.keyword.WebUiBuiltInKeywords.getText(com.kms.katalon.core.testobject.ObjectRepository.findTestObject(ReportsPage/monthText2)): Text of object 'Object Repository/ReportsPage/monthText2' is: 'June 2018'

2018-07-10 19:47:33 - [MESSAGE][PASSED] - Text of object 'Object Repository/ReportsPage/monthText2' is: 'June 2018'

2018-07-10 19:47:33 - [TEST_STEP][PASSED] - Statement - monthTextArray = monthText.split(" "): null

2018-07-10 19:47:33 - [TEST_STEP][PASSED] - Statement - month = monthTextArray[0]: null

2018-07-10 19:47:33 - [TEST_STEP][PASSED] - click: Object: 'Object Repository/ReportsPage/previousDateSelector2' is clicked on

2018-07-10 19:47:33 - [MESSAGE][PASSED] - Object: 'Object Repository/ReportsPage/previousDateSelector2' is clicked on

2018-07-10 19:47:33 - [TEST_STEP][PASSED] - Statement - monthText = com.kms.katalon.core.webui.keyword.WebUiBuiltInKeywords.getText(com.kms.katalon.core.testobject.ObjectRepository.findTestObject(ReportsPage/monthText2)): Text of object 'Object Repository/ReportsPage/monthText2' is: 'May 2018'

2018-07-10 19:47:33 - [MESSAGE][PASSED] - Text of object 'Object Repository/ReportsPage/monthText2' is: 'May 2018'

2018-07-10 19:47:33 - [TEST_STEP][PASSED] - Statement - monthTextArray = monthText.split(" "): null

2018-07-10 19:47:33 - [TEST_STEP][PASSED] - Statement - month = monthTextArray[0]: null

2018-07-10 19:47:33 - [TEST_STEP][PASSED] - click: Object: 'Object Repository/ReportsPage/previousDateSelector2' is clicked on

2018-07-10 19:47:33 - [MESSAGE][PASSED] - Object: 'Object Repository/ReportsPage/previousDateSelector2' is clicked on

2018-07-10 19:47:33 - [TEST_STEP][PASSED] - Statement - monthText = com.kms.katalon.core.webui.keyword.WebUiBuiltInKeywords.getText(com.kms.katalon.core.testobject.ObjectRepository.findTestObject(ReportsPage/monthText2)): Text of object 'Object Repository/ReportsPage/monthText2' is: 'April 2018'

2018-07-10 19:47:33 - [MESSAGE][PASSED] - Text of object 'Object Repository/ReportsPage/monthText2' is: 'April 2018'

2018-07-10 19:47:33 - [TEST_STEP][PASSED] - Statement - monthTextArray = monthText.split(" "): null

2018-07-10 19:47:33 - [TEST_STEP][PASSED] - Statement - month = monthTextArray[0]: null

2018-07-10 19:47:33 - [TEST_STEP][PASSED] - click: Object: 'Object Repository/ReportsPage/previousDateSelector2' is clicked on

2018-07-10 19:47:33 - [MESSAGE][PASSED] - Object: 'Object Repository/ReportsPage/previousDateSelector2' is clicked on

2018-07-10 19:47:33 - [TEST_STEP][PASSED] - Statement - monthText = com.kms.katalon.core.webui.keyword.WebUiBuiltInKeywords.getText(com.kms.katalon.core.testobject.ObjectRepository.findTestObject(ReportsPage/monthText2)): Text of object 'Object Repository/ReportsPage/monthText2' is: 'March 2018'

2018-07-10 19:47:33 - [MESSAGE][PASSED] - Text of object 'Object Repository/ReportsPage/monthText2' is: 'March 2018'

2018-07-10 19:47:33 - [TEST_STEP][PASSED] - Statement - monthTextArray = monthText.split(" "): null

2018-07-10 19:47:33 - [TEST_STEP][PASSED] - Statement - month = monthTextArray[0]: null

2018-07-10 19:47:33 - [TEST_STEP][PASSED] - Statement - endDate = CustomKeywords.projectSpecific.Reusability.getTestData("ReportsPage", "EndDate_March3"): projectSpecific.Reusability.getTestData is PASSED

2018-07-10 19:47:33 - [MESSAGE][PASSED] - projectSpecific.Reusability.getTestData is PASSED

2018-07-10 19:47:33 - [TEST_STEP][PASSED] - Statement - toDate = "(//td[text()='" + endDate + "'])[2]": null

2018-07-10 19:47:33 - [TEST_STEP][PASSED] - Statement - println(toDate): null

2018-07-10 19:47:33 - [TEST_STEP][PASSED] - Statement - toDateEle = driver.findElement(org.openqa.selenium.By.xpath(toDate)): null

2018-07-10 19:47:33 - [TEST_STEP][PASSED] - Statement - toDateEle.click(): null

2018-07-10 19:47:33 - [TEST_STEP][PASSED] - delay: Delayed 5 second(s)

2018-07-10 19:47:38 - [MESSAGE][PASSED] - Delayed 5 second(s)

2018-07-10 19:47:38 - [TEST_STEP][PASSED] - Statement - dateAttr = com.kms.katalon.core.webui.keyword.WebUiBuiltInKeywords.getAttribute(com.kms.katalon.core.testobject.ObjectRepository.findTestObject(ReportsPage/selectedDate1), "value"): Attribute 'value' of object 'Object Repository/ReportsPage/selectedDate1' is: '03/15/2018'

2018-07-10 19:47:38 - [MESSAGE][PASSED] - Attribute 'value' of object 'Object Repository/ReportsPage/selectedDate1' is: '03/15/2018'

2018-07-10 19:47:38 - [TEST_STEP][PASSED] - Statement - fromDateValue = CustomKeywords.projectSpecific.Reusability.getTestData("ReportsPage", "fromDate_March3"): projectSpecific.Reusability.getTestData is PASSED

2018-07-10 19:47:38 - [MESSAGE][PASSED] - projectSpecific.Reusability.getTestData is PASSED

2018-07-10 19:47:38 - [TEST_STEP][PASSED] - Statement - If (!(dateAttr.equals(fromDateValue))): null

2018-07-10 19:47:38 - [TEST_STEP][PASSED] - Statement - dateAttr = com.kms.katalon.core.webui.keyword.WebUiBuiltInKeywords.getAttribute(com.kms.katalon.core.testobject.ObjectRepository.findTestObject(ReportsPage/selectedDate2), "value"): Attribute 'value' of object 'Object Repository/ReportsPage/selectedDate2' is: '03/17/2018'

2018-07-10 19:47:38 - [MESSAGE][PASSED] - Attribute 'value' of object 'Object Repository/ReportsPage/selectedDate2' is: '03/17/2018'

2018-07-10 19:47:38 - [TEST_STEP][PASSED] - Statement - toDateValue = CustomKeywords.projectSpecific.Reusability.getTestData("ReportsPage", "toDate_March3"): projectSpecific.Reusability.getTestData is PASSED

2018-07-10 19:47:38 - [MESSAGE][PASSED] - projectSpecific.Reusability.getTestData is PASSED

2018-07-10 19:47:38 - [TEST_STEP][PASSED] - Statement - If (!(dateAttr.equals(toDateValue))): null

2018-07-10 19:47:38 - [TEST_STEP][PASSED] - click: Object: 'Object Repository/ReportsPage/generateReport' is clicked on

2018-07-10 19:47:38 - [MESSAGE][PASSED] - Object: 'Object Repository/ReportsPage/generateReport' is clicked on

2018-07-10 19:47:38 - [TEST_STEP][PASSED] - delay: Delayed 15 second(s)

2018-07-10 19:47:53 - [MESSAGE][PASSED] - Delayed 15 second(s)

2018-07-10 19:47:53 - [TEST_STEP][PASSED] - Statement - printTime = CustomKeywords.uiaction.CommonUIActions.getText(com.kms.katalon.core.testobject.ObjectRepository.findTestObject(SummarizedReportPage/printTime)): uiaction.CommonUIActions.getText is PASSED

2018-07-10 19:47:53 - [MESSAGE][PASSED] - uiaction.CommonUIActions.getText is PASSED

2018-07-10 19:47:53 - [TEST_STEP][PASSED] - Statement - cal = java.util.Calendar.getInstance(): null

2018-07-10 19:47:53 - [TEST_STEP][PASSED] - Statement - sdf = new java.text.SimpleDateFormat(hh:mm a): null

2018-07-10 19:47:53 - [TEST_STEP][PASSED] - Statement - currentSystemTime = sdf.format(cal.getTime()): null

2018-07-10 19:47:53 - [TEST_STEP][PASSED] - Statement - out.println(currentSystemTime): null

2018-07-10 19:47:53 - [TEST_STEP][PASSED] - Statement - If (currentSystemTime.contains(printTime)): null

2018-07-10 19:47:53 - [TEST_STEP][PASSED] - Statement - out.println("Print Time is displayed the current local time "): null

2018-07-10 19:47:53 - [TEST_STEP][PASSED] - delay: Delayed 10 second(s)

2018-07-10 19:48:03 - [MESSAGE][PASSED] - Delayed 10 second(s)

2018-07-10 19:48:03 - [TEST_STEP][PASSED] - uiaction.CommonUIActions.click: uiaction.CommonUIActions.click is PASSED

2018-07-10 19:48:07 - [MESSAGE][PASSED] - uiaction.CommonUIActions.click is PASSED

2018-07-10 19:48:07 - [TEST_STEP][PASSED] - Statement - assert TCflag == true: null

2018-07-10 19:48:07 - [TEST_STEP][PASSED] - Start listener action : sampleAfterTestCase: Browser is closed

2018-07-10 19:48:07 - [TEST_STEP][PASSED] - Statement - println(testCaseContext.getTestCaseId()): null

2018-07-10 19:48:07 - [TEST_STEP][PASSED] - Statement - println(testCaseContext.getTestCaseStatus()): null

2018-07-10 19:48:07 - [TEST_STEP][PASSED] - closeBrowser: Browser is closed

2018-07-10 19:48:07 - [MESSAGE][PASSED] - Browser is closed]]></system-out>
         <system-err><![CDATA[]]></system-err>
      </testcase>
      <testcase name="Test Cases/TimeZoneTC/HME-Account_Setting-Timezone-06" classname="Test Cases/TimeZoneTC/HME-Account_Setting-Timezone-06" status="PASSED">
         <system-out><![CDATA[2018-07-10 19:48:07 - [TEST_CASE][PASSED] - Test Cases/TimeZoneTC/HME-Account_Setting-Timezone-06: Browser is closed

2018-07-10 19:48:07 - [TEST_STEP][PASSED] - Start listener action : sampleBeforeTestCase: uiaction.CommonUIActions.deleteAllCookies is PASSED

2018-07-10 19:48:07 - [TEST_STEP][PASSED] - openBrowser: Browser is opened with url: ''

2018-07-10 19:48:10 - [MESSAGE][PASSED] - Browser is opened with url: ''

2018-07-10 19:48:10 - [TEST_STEP][PASSED] - maximizeWindow: Current window maximized

2018-07-10 19:48:12 - [MESSAGE][PASSED] - Current window maximized

2018-07-10 19:48:12 - [TEST_STEP][PASSED] - uiaction.CommonUIActions.deleteAllCookies: uiaction.CommonUIActions.deleteAllCookies is PASSED

2018-07-10 19:48:12 - [MESSAGE][PASSED] - Delete all cookies successfully

2018-07-10 19:48:12 - [MESSAGE][PASSED] - uiaction.CommonUIActions.deleteAllCookies is PASSED

2018-07-10 19:48:12 - [TEST_STEP][PASSED] - Statement - TCflag = true: null

2018-07-10 19:48:12 - [TEST_STEP][PASSED] - Statement - Try: uiaction.CommonUIActions.click is PASSED

2018-07-10 19:48:12 - [TEST_STEP][PASSED] - navigateToUrl: Navigate to 'https://engdev.hmedtcloud.com/?pg=Login' successfully

2018-07-10 19:48:20 - [MESSAGE][PASSED] - Navigate to 'https://engdev.hmedtcloud.com/?pg=Login' successfully

2018-07-10 19:48:20 - [TEST_STEP][PASSED] - delay: Delayed 10 second(s)

2018-07-10 19:48:30 - [MESSAGE][PASSED] - Delayed 10 second(s)

2018-07-10 19:48:30 - [TEST_STEP][PASSED] - projectSpecific.Reusability.login: projectSpecific.Reusability.login is PASSED

2018-07-10 19:48:30 - [MESSAGE][PASSED] - projectSpecific.Reusability.getTestData is PASSED

2018-07-10 19:48:30 - [MESSAGE][PASSED] - projectSpecific.Reusability.getTestData is PASSED

2018-07-10 19:48:30 - [MESSAGE][PASSED] - Text 'selvendrank@nousinfo.com' is set on object 'Object Repository/LoginPage/Username'

2018-07-10 19:48:30 - [MESSAGE][PASSED] - Text 'Nous;123' is set on object 'Object Repository/LoginPage/Password'

2018-07-10 19:48:43 - [MESSAGE][PASSED] - Object: 'Object Repository/LoginPage/Login' is clicked on

2018-07-10 19:48:43 - [MESSAGE][PASSED] - projectSpecific.Reusability.login is PASSED

2018-07-10 19:48:43 - [TEST_STEP][PASSED] - delay: Delayed 10 second(s)

2018-07-10 19:48:53 - [MESSAGE][PASSED] - Delayed 10 second(s)

2018-07-10 19:48:53 - [TEST_STEP][PASSED] - Statement - welcomeMsg = CustomKeywords.uiaction.CommonUIActions.getText(com.kms.katalon.core.testobject.ObjectRepository.findTestObject(HomePage/welcomeMessage)): uiaction.CommonUIActions.getText is PASSED

2018-07-10 19:48:53 - [MESSAGE][PASSED] - uiaction.CommonUIActions.getText is PASSED

2018-07-10 19:48:53 - [TEST_STEP][PASSED] - Statement - expactedWelcomeMsg = CustomKeywords.projectSpecific.Reusability.getTestData("HomePage", "welcomeMsg"): projectSpecific.Reusability.getTestData is PASSED

2018-07-10 19:48:53 - [MESSAGE][PASSED] - projectSpecific.Reusability.getTestData is PASSED

2018-07-10 19:48:53 - [TEST_STEP][PASSED] - Statement - If (welcomeMsg.contains(expactedWelcomeMsg)): null

2018-07-10 19:48:53 - [TEST_STEP][PASSED] - Statement - out.println("Welcome message is verified"): null

2018-07-10 19:48:53 - [TEST_STEP][PASSED] - Statement - driver = com.kms.katalon.core.webui.driver.DriverFactory.getWebDriver(): null

2018-07-10 19:48:53 - [TEST_STEP][PASSED] - uiaction.CommonUIActions.click: uiaction.CommonUIActions.click is PASSED

2018-07-10 19:49:07 - [MESSAGE][PASSED] - uiaction.CommonUIActions.click is PASSED

2018-07-10 19:49:07 - [TEST_STEP][PASSED] - Statement - driver.findElement(org.openqa.selenium.By.xpath("(//div[@class='ctable']/table//tr/td[3][contains(text(),'vijay2')]/../td//span)[1]")).click(): null

2018-07-10 19:49:09 - [TEST_STEP][PASSED] - uiaction.CommonUIActions.click: uiaction.CommonUIActions.click is PASSED

2018-07-10 19:49:09 - [MESSAGE][PASSED] - uiaction.CommonUIActions.click is PASSED

2018-07-10 19:49:09 - [TEST_STEP][PASSED] - uiaction.CommonUIActions.click: uiaction.CommonUIActions.click is PASSED

2018-07-10 19:49:15 - [MESSAGE][PASSED] - uiaction.CommonUIActions.click is PASSED

2018-07-10 19:49:15 - [TEST_STEP][PASSED] - Statement - storeID = CustomKeywords.uiaction.CommonUIActions.getText(com.kms.katalon.core.testobject.ObjectRepository.findTestObject(StorePage/storeID)): uiaction.CommonUIActions.getText is PASSED

2018-07-10 19:49:15 - [MESSAGE][PASSED] - uiaction.CommonUIActions.getText is PASSED

2018-07-10 19:49:15 - [TEST_STEP][PASSED] - Statement - storenumber = storeID.trim(): null

2018-07-10 19:49:15 - [TEST_STEP][PASSED] - Statement - out.println(" the store number is--" + storenumber.trim()): null

2018-07-10 19:49:15 - [TEST_STEP][PASSED] - uiaction.CommonUIActions.click: uiaction.CommonUIActions.click is PASSED

2018-07-10 19:49:19 - [MESSAGE][PASSED] - uiaction.CommonUIActions.click is PASSED

2018-07-10 19:49:19 - [TEST_STEP][PASSED] - delay: Delayed 15 second(s)

2018-07-10 19:49:34 - [MESSAGE][PASSED] - Delayed 15 second(s)

2018-07-10 19:49:34 - [TEST_STEP][PASSED] - Statement - driver.findElement(org.openqa.selenium.By.xpath("//span[contains(text(),'" + storenumber.trim() + "')]")).click(): null

2018-07-10 19:49:34 - [TEST_STEP][PASSED] - delay: Delayed 5 second(s)

2018-07-10 19:49:39 - [MESSAGE][PASSED] - Delayed 5 second(s)

2018-07-10 19:49:39 - [TEST_STEP][PASSED] - click: Object: 'Object Repository/ReportsPage/timeSelection' is clicked on

2018-07-10 19:49:39 - [MESSAGE][PASSED] - Object: 'Object Repository/ReportsPage/timeSelection' is clicked on

2018-07-10 19:49:39 - [TEST_STEP][PASSED] - click: Object: 'Object Repository/ReportsPage/weekTimeOption' is clicked on

2018-07-10 19:49:39 - [MESSAGE][PASSED] - Object: 'Object Repository/ReportsPage/weekTimeOption' is clicked on

2018-07-10 19:49:39 - [TEST_STEP][PASSED] - click: Object: 'Object Repository/ReportsPage/summaryReportHeading' is clicked on

2018-07-10 19:49:39 - [MESSAGE][PASSED] - Object: 'Object Repository/ReportsPage/summaryReportHeading' is clicked on

2018-07-10 19:49:39 - [TEST_STEP][PASSED] - verifyElementText: Actual text and expected text of test object 'Object Repository/ReportsPage/weekTimeOption' are matched.

2018-07-10 19:49:40 - [MESSAGE][PASSED] - projectSpecific.Reusability.getTestData is PASSED

2018-07-10 19:49:40 - [MESSAGE][PASSED] - Actual text and expected text of test object 'Object Repository/ReportsPage/weekTimeOption' are matched.

2018-07-10 19:49:40 - [TEST_STEP][PASSED] - verifyElementText: Actual text and expected text of test object 'Object Repository/ReportsPage/criteriaTimeMeasure' are matched.

2018-07-10 19:49:40 - [MESSAGE][PASSED] - projectSpecific.Reusability.getTestData is PASSED

2018-07-10 19:49:40 - [MESSAGE][PASSED] - Actual text and expected text of test object 'Object Repository/ReportsPage/criteriaTimeMeasure' are matched.

2018-07-10 19:49:40 - [TEST_STEP][PASSED] - delay: Delayed 5 second(s)

2018-07-10 19:49:45 - [MESSAGE][PASSED] - Delayed 5 second(s)

2018-07-10 19:49:45 - [TEST_STEP][PASSED] - click: Object: 'Object Repository/ReportsPage/fromDateSelector' is clicked on

2018-07-10 19:49:45 - [MESSAGE][PASSED] - Object: 'Object Repository/ReportsPage/fromDateSelector' is clicked on

2018-07-10 19:49:45 - [TEST_STEP][PASSED] - delay: Delayed 5 second(s)

2018-07-10 19:49:50 - [MESSAGE][PASSED] - Delayed 5 second(s)

2018-07-10 19:49:50 - [TEST_STEP][PASSED] - Statement - monthText = com.kms.katalon.core.webui.keyword.WebUiBuiltInKeywords.getText(com.kms.katalon.core.testobject.ObjectRepository.findTestObject(ReportsPage/monthText)): Text of object 'Object Repository/ReportsPage/monthText' is: 'July 2018'

2018-07-10 19:49:50 - [MESSAGE][PASSED] - Text of object 'Object Repository/ReportsPage/monthText' is: 'July 2018'

2018-07-10 19:49:50 - [TEST_STEP][PASSED] - Statement - monthTextArray = monthText.split(" "): null

2018-07-10 19:49:50 - [TEST_STEP][PASSED] - Statement - month = monthTextArray[0]: null

2018-07-10 19:49:50 - [TEST_STEP][PASSED] - Statement - monthTextValue = CustomKeywords.projectSpecific.Reusability.getTestData("ReportsPage", "Month"): projectSpecific.Reusability.getTestData is PASSED

2018-07-10 19:49:50 - [MESSAGE][PASSED] - projectSpecific.Reusability.getTestData is PASSED

2018-07-10 19:49:50 - [TEST_STEP][PASSED] - Statement - If (!(monthTextValue.equals(month))): null

2018-07-10 19:49:50 - [TEST_STEP][PASSED] - Statement - While (!(monthTextValue.equals(month))): null

2018-07-10 19:49:50 - [TEST_STEP][PASSED] - click: Object: 'Object Repository/ReportsPage/previousDateSelector' is clicked on

2018-07-10 19:49:50 - [MESSAGE][PASSED] - Object: 'Object Repository/ReportsPage/previousDateSelector' is clicked on

2018-07-10 19:49:50 - [TEST_STEP][PASSED] - Statement - monthText = com.kms.katalon.core.webui.keyword.WebUiBuiltInKeywords.getText(com.kms.katalon.core.testobject.ObjectRepository.findTestObject(ReportsPage/monthText)): Text of object 'Object Repository/ReportsPage/monthText' is: 'June 2018'

2018-07-10 19:49:50 - [MESSAGE][PASSED] - Text of object 'Object Repository/ReportsPage/monthText' is: 'June 2018'

2018-07-10 19:49:50 - [TEST_STEP][PASSED] - Statement - monthTextArray = monthText.split(" "): null

2018-07-10 19:49:50 - [TEST_STEP][PASSED] - Statement - month = monthTextArray[0]: null

2018-07-10 19:49:50 - [TEST_STEP][PASSED] - click: Object: 'Object Repository/ReportsPage/previousDateSelector' is clicked on

2018-07-10 19:49:50 - [MESSAGE][PASSED] - Object: 'Object Repository/ReportsPage/previousDateSelector' is clicked on

2018-07-10 19:49:50 - [TEST_STEP][PASSED] - Statement - monthText = com.kms.katalon.core.webui.keyword.WebUiBuiltInKeywords.getText(com.kms.katalon.core.testobject.ObjectRepository.findTestObject(ReportsPage/monthText)): Text of object 'Object Repository/ReportsPage/monthText' is: 'May 2018'

2018-07-10 19:49:50 - [MESSAGE][PASSED] - Text of object 'Object Repository/ReportsPage/monthText' is: 'May 2018'

2018-07-10 19:49:50 - [TEST_STEP][PASSED] - Statement - monthTextArray = monthText.split(" "): null

2018-07-10 19:49:50 - [TEST_STEP][PASSED] - Statement - month = monthTextArray[0]: null

2018-07-10 19:49:50 - [TEST_STEP][PASSED] - click: Object: 'Object Repository/ReportsPage/previousDateSelector' is clicked on

2018-07-10 19:49:50 - [MESSAGE][PASSED] - Object: 'Object Repository/ReportsPage/previousDateSelector' is clicked on

2018-07-10 19:49:50 - [TEST_STEP][PASSED] - Statement - monthText = com.kms.katalon.core.webui.keyword.WebUiBuiltInKeywords.getText(com.kms.katalon.core.testobject.ObjectRepository.findTestObject(ReportsPage/monthText)): Text of object 'Object Repository/ReportsPage/monthText' is: 'April 2018'

2018-07-10 19:49:50 - [MESSAGE][PASSED] - Text of object 'Object Repository/ReportsPage/monthText' is: 'April 2018'

2018-07-10 19:49:50 - [TEST_STEP][PASSED] - Statement - monthTextArray = monthText.split(" "): null

2018-07-10 19:49:50 - [TEST_STEP][PASSED] - Statement - month = monthTextArray[0]: null

2018-07-10 19:49:50 - [TEST_STEP][PASSED] - click: Object: 'Object Repository/ReportsPage/previousDateSelector' is clicked on

2018-07-10 19:49:50 - [MESSAGE][PASSED] - Object: 'Object Repository/ReportsPage/previousDateSelector' is clicked on

2018-07-10 19:49:50 - [TEST_STEP][PASSED] - Statement - monthText = com.kms.katalon.core.webui.keyword.WebUiBuiltInKeywords.getText(com.kms.katalon.core.testobject.ObjectRepository.findTestObject(ReportsPage/monthText)): Text of object 'Object Repository/ReportsPage/monthText' is: 'March 2018'

2018-07-10 19:49:50 - [MESSAGE][PASSED] - Text of object 'Object Repository/ReportsPage/monthText' is: 'March 2018'

2018-07-10 19:49:50 - [TEST_STEP][PASSED] - Statement - monthTextArray = monthText.split(" "): null

2018-07-10 19:49:50 - [TEST_STEP][PASSED] - Statement - month = monthTextArray[0]: null

2018-07-10 19:49:50 - [TEST_STEP][PASSED] - Statement - data = CustomKeywords.projectSpecific.Reusability.getTestData("ReportsPage", "StartDate_March2"): projectSpecific.Reusability.getTestData is PASSED

2018-07-10 19:49:50 - [MESSAGE][PASSED] - projectSpecific.Reusability.getTestData is PASSED

2018-07-10 19:49:50 - [TEST_STEP][PASSED] - Statement - startDate = "(//td[text()='" + data + "'])[1]": null

2018-07-10 19:49:50 - [TEST_STEP][PASSED] - Statement - println(startDate): null

2018-07-10 19:49:50 - [TEST_STEP][PASSED] - Statement - startdateEle = driver.findElement(org.openqa.selenium.By.xpath(startDate)): null

2018-07-10 19:49:50 - [TEST_STEP][PASSED] - Statement - startdateEle.click(): null

2018-07-10 19:49:50 - [TEST_STEP][PASSED] - delay: Delayed 5 second(s)

2018-07-10 19:49:55 - [MESSAGE][PASSED] - Delayed 5 second(s)

2018-07-10 19:49:55 - [TEST_STEP][PASSED] - click: Object: 'Object Repository/ReportsPage/toDateSelector' is clicked on

2018-07-10 19:49:55 - [MESSAGE][PASSED] - Object: 'Object Repository/ReportsPage/toDateSelector' is clicked on

2018-07-10 19:49:55 - [TEST_STEP][PASSED] - Statement - monthText = com.kms.katalon.core.webui.keyword.WebUiBuiltInKeywords.getText(com.kms.katalon.core.testobject.ObjectRepository.findTestObject(ReportsPage/monthText2)): Text of object 'Object Repository/ReportsPage/monthText2' is: 'July 2018'

2018-07-10 19:49:55 - [MESSAGE][PASSED] - Text of object 'Object Repository/ReportsPage/monthText2' is: 'July 2018'

2018-07-10 19:49:55 - [TEST_STEP][PASSED] - Statement - monthTextArray = monthText.split(" "): null

2018-07-10 19:49:55 - [TEST_STEP][PASSED] - Statement - month = monthTextArray[0]: null

2018-07-10 19:49:55 - [TEST_STEP][PASSED] - Statement - monthTextValue1 = CustomKeywords.projectSpecific.Reusability.getTestData("ReportsPage", "Month"): projectSpecific.Reusability.getTestData is PASSED

2018-07-10 19:49:55 - [MESSAGE][PASSED] - projectSpecific.Reusability.getTestData is PASSED

2018-07-10 19:49:55 - [TEST_STEP][PASSED] - Statement - If (!(monthTextValue1.equals(month))): null

2018-07-10 19:49:55 - [TEST_STEP][PASSED] - Statement - While (!(monthTextValue1.equals(month))): null

2018-07-10 19:49:55 - [TEST_STEP][PASSED] - click: Object: 'Object Repository/ReportsPage/previousDateSelector2' is clicked on

2018-07-10 19:49:55 - [MESSAGE][PASSED] - Object: 'Object Repository/ReportsPage/previousDateSelector2' is clicked on

2018-07-10 19:49:55 - [TEST_STEP][PASSED] - Statement - monthText = com.kms.katalon.core.webui.keyword.WebUiBuiltInKeywords.getText(com.kms.katalon.core.testobject.ObjectRepository.findTestObject(ReportsPage/monthText2)): Text of object 'Object Repository/ReportsPage/monthText2' is: 'June 2018'

2018-07-10 19:49:56 - [MESSAGE][PASSED] - Text of object 'Object Repository/ReportsPage/monthText2' is: 'June 2018'

2018-07-10 19:49:56 - [TEST_STEP][PASSED] - Statement - monthTextArray = monthText.split(" "): null

2018-07-10 19:49:56 - [TEST_STEP][PASSED] - Statement - month = monthTextArray[0]: null

2018-07-10 19:49:56 - [TEST_STEP][PASSED] - click: Object: 'Object Repository/ReportsPage/previousDateSelector2' is clicked on

2018-07-10 19:49:56 - [MESSAGE][PASSED] - Object: 'Object Repository/ReportsPage/previousDateSelector2' is clicked on

2018-07-10 19:49:56 - [TEST_STEP][PASSED] - Statement - monthText = com.kms.katalon.core.webui.keyword.WebUiBuiltInKeywords.getText(com.kms.katalon.core.testobject.ObjectRepository.findTestObject(ReportsPage/monthText2)): Text of object 'Object Repository/ReportsPage/monthText2' is: 'May 2018'

2018-07-10 19:49:56 - [MESSAGE][PASSED] - Text of object 'Object Repository/ReportsPage/monthText2' is: 'May 2018'

2018-07-10 19:49:56 - [TEST_STEP][PASSED] - Statement - monthTextArray = monthText.split(" "): null

2018-07-10 19:49:56 - [TEST_STEP][PASSED] - Statement - month = monthTextArray[0]: null

2018-07-10 19:49:56 - [TEST_STEP][PASSED] - click: Object: 'Object Repository/ReportsPage/previousDateSelector2' is clicked on

2018-07-10 19:49:56 - [MESSAGE][PASSED] - Object: 'Object Repository/ReportsPage/previousDateSelector2' is clicked on

2018-07-10 19:49:56 - [TEST_STEP][PASSED] - Statement - monthText = com.kms.katalon.core.webui.keyword.WebUiBuiltInKeywords.getText(com.kms.katalon.core.testobject.ObjectRepository.findTestObject(ReportsPage/monthText2)): Text of object 'Object Repository/ReportsPage/monthText2' is: 'April 2018'

2018-07-10 19:49:56 - [MESSAGE][PASSED] - Text of object 'Object Repository/ReportsPage/monthText2' is: 'April 2018'

2018-07-10 19:49:56 - [TEST_STEP][PASSED] - Statement - monthTextArray = monthText.split(" "): null

2018-07-10 19:49:56 - [TEST_STEP][PASSED] - Statement - month = monthTextArray[0]: null

2018-07-10 19:49:56 - [TEST_STEP][PASSED] - click: Object: 'Object Repository/ReportsPage/previousDateSelector2' is clicked on

2018-07-10 19:49:56 - [MESSAGE][PASSED] - Object: 'Object Repository/ReportsPage/previousDateSelector2' is clicked on

2018-07-10 19:49:56 - [TEST_STEP][PASSED] - Statement - monthText = com.kms.katalon.core.webui.keyword.WebUiBuiltInKeywords.getText(com.kms.katalon.core.testobject.ObjectRepository.findTestObject(ReportsPage/monthText2)): Text of object 'Object Repository/ReportsPage/monthText2' is: 'March 2018'

2018-07-10 19:49:56 - [MESSAGE][PASSED] - Text of object 'Object Repository/ReportsPage/monthText2' is: 'March 2018'

2018-07-10 19:49:56 - [TEST_STEP][PASSED] - Statement - monthTextArray = monthText.split(" "): null

2018-07-10 19:49:56 - [TEST_STEP][PASSED] - Statement - month = monthTextArray[0]: null

2018-07-10 19:49:56 - [TEST_STEP][PASSED] - Statement - endDate = CustomKeywords.projectSpecific.Reusability.getTestData("ReportsPage", "EndDate_March2"): projectSpecific.Reusability.getTestData is PASSED

2018-07-10 19:49:56 - [MESSAGE][PASSED] - projectSpecific.Reusability.getTestData is PASSED

2018-07-10 19:49:56 - [TEST_STEP][PASSED] - Statement - toDate = "(//td[text()='" + endDate + "'])[2]": null

2018-07-10 19:49:56 - [TEST_STEP][PASSED] - Statement - println(toDate): null

2018-07-10 19:49:56 - [TEST_STEP][PASSED] - Statement - toDateEle = driver.findElement(org.openqa.selenium.By.xpath(toDate)): null

2018-07-10 19:49:56 - [TEST_STEP][PASSED] - Statement - toDateEle.click(): null

2018-07-10 19:49:56 - [TEST_STEP][PASSED] - delay: Delayed 5 second(s)

2018-07-10 19:50:01 - [MESSAGE][PASSED] - Delayed 5 second(s)

2018-07-10 19:50:01 - [TEST_STEP][PASSED] - Statement - dateAttr = com.kms.katalon.core.webui.keyword.WebUiBuiltInKeywords.getAttribute(com.kms.katalon.core.testobject.ObjectRepository.findTestObject(ReportsPage/selectedDate1), "value"): Attribute 'value' of object 'Object Repository/ReportsPage/selectedDate1' is: '03/13/2018'

2018-07-10 19:50:01 - [MESSAGE][PASSED] - Attribute 'value' of object 'Object Repository/ReportsPage/selectedDate1' is: '03/13/2018'

2018-07-10 19:50:01 - [TEST_STEP][PASSED] - Statement - fromDateValue = CustomKeywords.projectSpecific.Reusability.getTestData("ReportsPage", "fromDate_March2"): projectSpecific.Reusability.getTestData is PASSED

2018-07-10 19:50:01 - [MESSAGE][PASSED] - projectSpecific.Reusability.getTestData is PASSED

2018-07-10 19:50:01 - [TEST_STEP][PASSED] - Statement - If (!(dateAttr.equals(fromDateValue))): null

2018-07-10 19:50:01 - [TEST_STEP][PASSED] - Statement - dateAttr = com.kms.katalon.core.webui.keyword.WebUiBuiltInKeywords.getAttribute(com.kms.katalon.core.testobject.ObjectRepository.findTestObject(ReportsPage/selectedDate2), "value"): Attribute 'value' of object 'Object Repository/ReportsPage/selectedDate2' is: '03/16/2018'

2018-07-10 19:50:01 - [MESSAGE][PASSED] - Attribute 'value' of object 'Object Repository/ReportsPage/selectedDate2' is: '03/16/2018'

2018-07-10 19:50:01 - [TEST_STEP][PASSED] - Statement - toDateValue = CustomKeywords.projectSpecific.Reusability.getTestData("ReportsPage", "toDate_March2"): projectSpecific.Reusability.getTestData is PASSED

2018-07-10 19:50:01 - [MESSAGE][PASSED] - projectSpecific.Reusability.getTestData is PASSED

2018-07-10 19:50:01 - [TEST_STEP][PASSED] - Statement - If (!(dateAttr.equals(toDateValue))): null

2018-07-10 19:50:01 - [TEST_STEP][PASSED] - click: Object: 'Object Repository/ReportsPage/generateReport' is clicked on

2018-07-10 19:50:01 - [MESSAGE][PASSED] - Object: 'Object Repository/ReportsPage/generateReport' is clicked on

2018-07-10 19:50:01 - [TEST_STEP][PASSED] - delay: Delayed 15 second(s)

2018-07-10 19:50:16 - [MESSAGE][PASSED] - Delayed 15 second(s)

2018-07-10 19:50:16 - [TEST_STEP][PASSED] - Statement - printTime = CustomKeywords.uiaction.CommonUIActions.getText(com.kms.katalon.core.testobject.ObjectRepository.findTestObject(SummarizedReportPage/printTime)): uiaction.CommonUIActions.getText is PASSED

2018-07-10 19:50:16 - [MESSAGE][PASSED] - uiaction.CommonUIActions.getText is PASSED

2018-07-10 19:50:16 - [TEST_STEP][PASSED] - Statement - cal = java.util.Calendar.getInstance(): null

2018-07-10 19:50:16 - [TEST_STEP][PASSED] - Statement - sdf = new java.text.SimpleDateFormat(hh:mm a): null

2018-07-10 19:50:16 - [TEST_STEP][PASSED] - Statement - currentSystemTime = sdf.format(cal.getTime()): null

2018-07-10 19:50:16 - [TEST_STEP][PASSED] - Statement - out.println(currentSystemTime): null

2018-07-10 19:50:16 - [TEST_STEP][PASSED] - Statement - If (currentSystemTime.contains(printTime)): null

2018-07-10 19:50:16 - [TEST_STEP][PASSED] - Statement - out.println("Print Time is displayed the current local time "): null

2018-07-10 19:50:16 - [TEST_STEP][PASSED] - delay: Delayed 5 second(s)

2018-07-10 19:50:21 - [MESSAGE][PASSED] - Delayed 5 second(s)

2018-07-10 19:50:21 - [TEST_STEP][PASSED] - uiaction.CommonUIActions.click: uiaction.CommonUIActions.click is PASSED

2018-07-10 19:50:25 - [MESSAGE][PASSED] - uiaction.CommonUIActions.click is PASSED

2018-07-10 19:50:25 - [TEST_STEP][PASSED] - Statement - assert TCflag == true: null

2018-07-10 19:50:25 - [TEST_STEP][PASSED] - Start listener action : sampleAfterTestCase: Browser is closed

2018-07-10 19:50:25 - [TEST_STEP][PASSED] - Statement - println(testCaseContext.getTestCaseId()): null

2018-07-10 19:50:25 - [TEST_STEP][PASSED] - Statement - println(testCaseContext.getTestCaseStatus()): null

2018-07-10 19:50:25 - [TEST_STEP][PASSED] - closeBrowser: Browser is closed

2018-07-10 19:50:26 - [MESSAGE][PASSED] - Browser is closed]]></system-out>
         <system-err><![CDATA[]]></system-err>
      </testcase>
      <testcase name="Test Cases/TimeZoneTC/HME-Browser-Timezone-01" classname="Test Cases/TimeZoneTC/HME-Browser-Timezone-01" status="PASSED">
         <system-out><![CDATA[2018-07-10 19:50:26 - [TEST_CASE][PASSED] - Test Cases/TimeZoneTC/HME-Browser-Timezone-01: Browser is closed

2018-07-10 19:50:26 - [TEST_STEP][PASSED] - Start listener action : sampleBeforeTestCase: uiaction.CommonUIActions.deleteAllCookies is PASSED

2018-07-10 19:50:26 - [TEST_STEP][PASSED] - openBrowser: Browser is opened with url: ''

2018-07-10 19:50:28 - [MESSAGE][PASSED] - Browser is opened with url: ''

2018-07-10 19:50:28 - [TEST_STEP][PASSED] - maximizeWindow: Current window maximized

2018-07-10 19:50:30 - [MESSAGE][PASSED] - Current window maximized

2018-07-10 19:50:30 - [TEST_STEP][PASSED] - uiaction.CommonUIActions.deleteAllCookies: uiaction.CommonUIActions.deleteAllCookies is PASSED

2018-07-10 19:50:30 - [MESSAGE][PASSED] - Delete all cookies successfully

2018-07-10 19:50:30 - [MESSAGE][PASSED] - uiaction.CommonUIActions.deleteAllCookies is PASSED

2018-07-10 19:50:30 - [TEST_STEP][PASSED] - Statement - TCflag = true: null

2018-07-10 19:50:30 - [TEST_STEP][PASSED] - Statement - Try: uiaction.CommonUIActions.click is PASSED

2018-07-10 19:50:30 - [TEST_STEP][PASSED] - navigateToUrl: Navigate to 'https://engdev.hmedtcloud.com/?pg=Login' successfully

2018-07-10 19:50:39 - [MESSAGE][PASSED] - Navigate to 'https://engdev.hmedtcloud.com/?pg=Login' successfully

2018-07-10 19:50:39 - [TEST_STEP][PASSED] - projectSpecific.Reusability.login: projectSpecific.Reusability.login is PASSED

2018-07-10 19:50:39 - [MESSAGE][PASSED] - projectSpecific.Reusability.getTestData is PASSED

2018-07-10 19:50:39 - [MESSAGE][PASSED] - projectSpecific.Reusability.getTestData is PASSED

2018-07-10 19:50:39 - [MESSAGE][PASSED] - Text 'selvendrank@nousinfo.com' is set on object 'Object Repository/LoginPage/Username'

2018-07-10 19:50:39 - [MESSAGE][PASSED] - Text 'Nous;123' is set on object 'Object Repository/LoginPage/Password'

2018-07-10 19:50:52 - [MESSAGE][PASSED] - Object: 'Object Repository/LoginPage/Login' is clicked on

2018-07-10 19:50:52 - [MESSAGE][PASSED] - projectSpecific.Reusability.login is PASSED

2018-07-10 19:50:52 - [TEST_STEP][PASSED] - delay: Delayed 10 second(s)

2018-07-10 19:51:02 - [MESSAGE][PASSED] - Delayed 10 second(s)

2018-07-10 19:51:02 - [TEST_STEP][PASSED] - Statement - welcomeMsg = CustomKeywords.uiaction.CommonUIActions.getText(com.kms.katalon.core.testobject.ObjectRepository.findTestObject(HomePage/welcomeMessage)): uiaction.CommonUIActions.getText is PASSED

2018-07-10 19:51:02 - [MESSAGE][PASSED] - uiaction.CommonUIActions.getText is PASSED

2018-07-10 19:51:02 - [TEST_STEP][PASSED] - Statement - expactedWelcomeMsg = CustomKeywords.projectSpecific.Reusability.getTestData("HomePage", "welcomeMsg"): projectSpecific.Reusability.getTestData is PASSED

2018-07-10 19:51:02 - [MESSAGE][PASSED] - projectSpecific.Reusability.getTestData is PASSED

2018-07-10 19:51:02 - [TEST_STEP][PASSED] - Statement - If (welcomeMsg.contains(expactedWelcomeMsg)): null

2018-07-10 19:51:02 - [TEST_STEP][PASSED] - Statement - out.println("Welcome message is verified"): null

2018-07-10 19:51:02 - [TEST_STEP][PASSED] - Statement - driver = com.kms.katalon.core.webui.driver.DriverFactory.getWebDriver(): null

2018-07-10 19:51:02 - [TEST_STEP][PASSED] - uiaction.CommonUIActions.click: uiaction.CommonUIActions.click is PASSED

2018-07-10 19:51:14 - [MESSAGE][PASSED] - uiaction.CommonUIActions.click is PASSED

2018-07-10 19:51:14 - [TEST_STEP][PASSED] - Statement - driver.findElement(org.openqa.selenium.By.xpath("(//div[@class='ctable']/table//tr/td[3][contains(text(),'vijay2')]/../td//span)[1]")).click(): null

2018-07-10 19:51:16 - [TEST_STEP][PASSED] - uiaction.CommonUIActions.click: uiaction.CommonUIActions.click is PASSED

2018-07-10 19:51:16 - [MESSAGE][PASSED] - uiaction.CommonUIActions.click is PASSED

2018-07-10 19:51:16 - [TEST_STEP][PASSED] - uiaction.CommonUIActions.click: uiaction.CommonUIActions.click is PASSED

2018-07-10 19:51:22 - [MESSAGE][PASSED] - uiaction.CommonUIActions.click is PASSED

2018-07-10 19:51:22 - [TEST_STEP][PASSED] - Statement - storenumber = CustomKeywords.uiaction.CommonUIActions.getText(com.kms.katalon.core.testobject.ObjectRepository.findTestObject(StorePage/storeID)): uiaction.CommonUIActions.getText is PASSED

2018-07-10 19:51:22 - [MESSAGE][PASSED] - uiaction.CommonUIActions.getText is PASSED

2018-07-10 19:51:22 - [TEST_STEP][PASSED] - Statement - out.println(" the store number is--" + storenumber.trim()): null

2018-07-10 19:51:22 - [TEST_STEP][PASSED] - uiaction.CommonUIActions.click: uiaction.CommonUIActions.click is PASSED

2018-07-10 19:51:26 - [MESSAGE][PASSED] - uiaction.CommonUIActions.click is PASSED

2018-07-10 19:51:26 - [TEST_STEP][PASSED] - delay: Delayed 10 second(s)

2018-07-10 19:51:36 - [MESSAGE][PASSED] - Delayed 10 second(s)

2018-07-10 19:51:36 - [TEST_STEP][PASSED] - Statement - driver.findElement(org.openqa.selenium.By.xpath("//span[contains(text(),'" + storenumber.trim() + "')]")).click(): null

2018-07-10 19:51:36 - [TEST_STEP][PASSED] - click: Object: 'Object Repository/ReportsPage/timeSelection' is clicked on

2018-07-10 19:51:36 - [MESSAGE][PASSED] - Object: 'Object Repository/ReportsPage/timeSelection' is clicked on

2018-07-10 19:51:36 - [TEST_STEP][PASSED] - click: Object: 'Object Repository/ReportsPage/dayTimeOption' is clicked on

2018-07-10 19:51:36 - [MESSAGE][PASSED] - Object: 'Object Repository/ReportsPage/dayTimeOption' is clicked on

2018-07-10 19:51:36 - [TEST_STEP][PASSED] - click: Object: 'Object Repository/ReportsPage/summaryReportHeading' is clicked on

2018-07-10 19:51:36 - [MESSAGE][PASSED] - Object: 'Object Repository/ReportsPage/summaryReportHeading' is clicked on

2018-07-10 19:51:36 - [TEST_STEP][PASSED] - verifyElementText: Actual text and expected text of test object 'Object Repository/ReportsPage/dayTimeOption' are matched.

2018-07-10 19:51:36 - [MESSAGE][PASSED] - projectSpecific.Reusability.getTestData is PASSED

2018-07-10 19:51:36 - [MESSAGE][PASSED] - Actual text and expected text of test object 'Object Repository/ReportsPage/dayTimeOption' are matched.

2018-07-10 19:51:36 - [TEST_STEP][PASSED] - verifyElementText: Actual text and expected text of test object 'Object Repository/ReportsPage/criteriaTimeMeasureForDay' are matched.

2018-07-10 19:51:36 - [MESSAGE][PASSED] - projectSpecific.Reusability.getTestData is PASSED

2018-07-10 19:51:36 - [MESSAGE][PASSED] - Actual text and expected text of test object 'Object Repository/ReportsPage/criteriaTimeMeasureForDay' are matched.

2018-07-10 19:51:36 - [TEST_STEP][PASSED] - delay: Delayed 5 second(s)

2018-07-10 19:51:41 - [MESSAGE][PASSED] - Delayed 5 second(s)

2018-07-10 19:51:41 - [TEST_STEP][PASSED] - click: Object: 'Object Repository/ReportsPage/fromDateSelector' is clicked on

2018-07-10 19:51:41 - [MESSAGE][PASSED] - Object: 'Object Repository/ReportsPage/fromDateSelector' is clicked on

2018-07-10 19:51:41 - [TEST_STEP][PASSED] - delay: Delayed 5 second(s)

2018-07-10 19:51:46 - [MESSAGE][PASSED] - Delayed 5 second(s)

2018-07-10 19:51:46 - [TEST_STEP][PASSED] - Statement - monthText = com.kms.katalon.core.webui.keyword.WebUiBuiltInKeywords.getText(com.kms.katalon.core.testobject.ObjectRepository.findTestObject(ReportsPage/monthText)): Text of object 'Object Repository/ReportsPage/monthText' is: 'July 2018'

2018-07-10 19:51:46 - [MESSAGE][PASSED] - Text of object 'Object Repository/ReportsPage/monthText' is: 'July 2018'

2018-07-10 19:51:46 - [TEST_STEP][PASSED] - Statement - monthTextArray = monthText.split(" "): null

2018-07-10 19:51:46 - [TEST_STEP][PASSED] - Statement - month = monthTextArray[0]: null

2018-07-10 19:51:46 - [TEST_STEP][PASSED] - Statement - monthTextValue = CustomKeywords.projectSpecific.Reusability.getTestData("ReportsPage", "Month"): projectSpecific.Reusability.getTestData is PASSED

2018-07-10 19:51:46 - [MESSAGE][PASSED] - projectSpecific.Reusability.getTestData is PASSED

2018-07-10 19:51:46 - [TEST_STEP][PASSED] - Statement - If (!(monthTextValue.equals(month))): null

2018-07-10 19:51:46 - [TEST_STEP][PASSED] - Statement - While (!(monthTextValue.equals(month))): null

2018-07-10 19:51:46 - [TEST_STEP][PASSED] - click: Object: 'Object Repository/ReportsPage/previousDateSelector' is clicked on

2018-07-10 19:51:46 - [MESSAGE][PASSED] - Object: 'Object Repository/ReportsPage/previousDateSelector' is clicked on

2018-07-10 19:51:46 - [TEST_STEP][PASSED] - Statement - monthText = com.kms.katalon.core.webui.keyword.WebUiBuiltInKeywords.getText(com.kms.katalon.core.testobject.ObjectRepository.findTestObject(ReportsPage/monthText)): Text of object 'Object Repository/ReportsPage/monthText' is: 'June 2018'

2018-07-10 19:51:46 - [MESSAGE][PASSED] - Text of object 'Object Repository/ReportsPage/monthText' is: 'June 2018'

2018-07-10 19:51:46 - [TEST_STEP][PASSED] - Statement - monthTextArray = monthText.split(" "): null

2018-07-10 19:51:46 - [TEST_STEP][PASSED] - Statement - month = monthTextArray[0]: null

2018-07-10 19:51:46 - [TEST_STEP][PASSED] - click: Object: 'Object Repository/ReportsPage/previousDateSelector' is clicked on

2018-07-10 19:51:46 - [MESSAGE][PASSED] - Object: 'Object Repository/ReportsPage/previousDateSelector' is clicked on

2018-07-10 19:51:46 - [TEST_STEP][PASSED] - Statement - monthText = com.kms.katalon.core.webui.keyword.WebUiBuiltInKeywords.getText(com.kms.katalon.core.testobject.ObjectRepository.findTestObject(ReportsPage/monthText)): Text of object 'Object Repository/ReportsPage/monthText' is: 'May 2018'

2018-07-10 19:51:46 - [MESSAGE][PASSED] - Text of object 'Object Repository/ReportsPage/monthText' is: 'May 2018'

2018-07-10 19:51:46 - [TEST_STEP][PASSED] - Statement - monthTextArray = monthText.split(" "): null

2018-07-10 19:51:46 - [TEST_STEP][PASSED] - Statement - month = monthTextArray[0]: null

2018-07-10 19:51:46 - [TEST_STEP][PASSED] - click: Object: 'Object Repository/ReportsPage/previousDateSelector' is clicked on

2018-07-10 19:51:46 - [MESSAGE][PASSED] - Object: 'Object Repository/ReportsPage/previousDateSelector' is clicked on

2018-07-10 19:51:46 - [TEST_STEP][PASSED] - Statement - monthText = com.kms.katalon.core.webui.keyword.WebUiBuiltInKeywords.getText(com.kms.katalon.core.testobject.ObjectRepository.findTestObject(ReportsPage/monthText)): Text of object 'Object Repository/ReportsPage/monthText' is: 'April 2018'

2018-07-10 19:51:46 - [MESSAGE][PASSED] - Text of object 'Object Repository/ReportsPage/monthText' is: 'April 2018'

2018-07-10 19:51:46 - [TEST_STEP][PASSED] - Statement - monthTextArray = monthText.split(" "): null

2018-07-10 19:51:46 - [TEST_STEP][PASSED] - Statement - month = monthTextArray[0]: null

2018-07-10 19:51:46 - [TEST_STEP][PASSED] - click: Object: 'Object Repository/ReportsPage/previousDateSelector' is clicked on

2018-07-10 19:51:46 - [MESSAGE][PASSED] - Object: 'Object Repository/ReportsPage/previousDateSelector' is clicked on

2018-07-10 19:51:46 - [TEST_STEP][PASSED] - Statement - monthText = com.kms.katalon.core.webui.keyword.WebUiBuiltInKeywords.getText(com.kms.katalon.core.testobject.ObjectRepository.findTestObject(ReportsPage/monthText)): Text of object 'Object Repository/ReportsPage/monthText' is: 'March 2018'

2018-07-10 19:51:47 - [MESSAGE][PASSED] - Text of object 'Object Repository/ReportsPage/monthText' is: 'March 2018'

2018-07-10 19:51:47 - [TEST_STEP][PASSED] - Statement - monthTextArray = monthText.split(" "): null

2018-07-10 19:51:47 - [TEST_STEP][PASSED] - Statement - month = monthTextArray[0]: null

2018-07-10 19:51:47 - [TEST_STEP][PASSED] - Statement - data = CustomKeywords.projectSpecific.Reusability.getTestData("ReportsPage", "StartDate_March"): projectSpecific.Reusability.getTestData is PASSED

2018-07-10 19:51:47 - [MESSAGE][PASSED] - projectSpecific.Reusability.getTestData is PASSED

2018-07-10 19:51:47 - [TEST_STEP][PASSED] - Statement - startDate = "(//td[text()='" + data + "'])[1]": null

2018-07-10 19:51:47 - [TEST_STEP][PASSED] - Statement - println(startDate): null

2018-07-10 19:51:47 - [TEST_STEP][PASSED] - Statement - startdateEle = driver.findElement(org.openqa.selenium.By.xpath(startDate)): null

2018-07-10 19:51:47 - [TEST_STEP][PASSED] - Statement - startdateEle.click(): null

2018-07-10 19:51:47 - [TEST_STEP][PASSED] - delay: Delayed 5 second(s)

2018-07-10 19:51:52 - [MESSAGE][PASSED] - Delayed 5 second(s)

2018-07-10 19:51:52 - [TEST_STEP][PASSED] - click: Object: 'Object Repository/ReportsPage/toDateSelector' is clicked on

2018-07-10 19:51:52 - [MESSAGE][PASSED] - Object: 'Object Repository/ReportsPage/toDateSelector' is clicked on

2018-07-10 19:51:52 - [TEST_STEP][PASSED] - Statement - monthText = com.kms.katalon.core.webui.keyword.WebUiBuiltInKeywords.getText(com.kms.katalon.core.testobject.ObjectRepository.findTestObject(ReportsPage/monthText2)): Text of object 'Object Repository/ReportsPage/monthText2' is: 'July 2018'

2018-07-10 19:51:52 - [MESSAGE][PASSED] - Text of object 'Object Repository/ReportsPage/monthText2' is: 'July 2018'

2018-07-10 19:51:52 - [TEST_STEP][PASSED] - Statement - monthTextArray = monthText.split(" "): null

2018-07-10 19:51:52 - [TEST_STEP][PASSED] - Statement - month = monthTextArray[0]: null

2018-07-10 19:51:52 - [TEST_STEP][PASSED] - Statement - monthTextValue1 = CustomKeywords.projectSpecific.Reusability.getTestData("ReportsPage", "Month"): projectSpecific.Reusability.getTestData is PASSED

2018-07-10 19:51:52 - [MESSAGE][PASSED] - projectSpecific.Reusability.getTestData is PASSED

2018-07-10 19:51:52 - [TEST_STEP][PASSED] - Statement - If (!(monthTextValue1.equals(month))): null

2018-07-10 19:51:52 - [TEST_STEP][PASSED] - Statement - While (!(monthTextValue1.equals(month))): null

2018-07-10 19:51:52 - [TEST_STEP][PASSED] - click: Object: 'Object Repository/ReportsPage/previousDateSelector2' is clicked on

2018-07-10 19:51:52 - [MESSAGE][PASSED] - Object: 'Object Repository/ReportsPage/previousDateSelector2' is clicked on

2018-07-10 19:51:52 - [TEST_STEP][PASSED] - Statement - monthText = com.kms.katalon.core.webui.keyword.WebUiBuiltInKeywords.getText(com.kms.katalon.core.testobject.ObjectRepository.findTestObject(ReportsPage/monthText2)): Text of object 'Object Repository/ReportsPage/monthText2' is: 'June 2018'

2018-07-10 19:51:52 - [MESSAGE][PASSED] - Text of object 'Object Repository/ReportsPage/monthText2' is: 'June 2018'

2018-07-10 19:51:52 - [TEST_STEP][PASSED] - Statement - monthTextArray = monthText.split(" "): null

2018-07-10 19:51:52 - [TEST_STEP][PASSED] - Statement - month = monthTextArray[0]: null

2018-07-10 19:51:52 - [TEST_STEP][PASSED] - click: Object: 'Object Repository/ReportsPage/previousDateSelector2' is clicked on

2018-07-10 19:51:52 - [MESSAGE][PASSED] - Object: 'Object Repository/ReportsPage/previousDateSelector2' is clicked on

2018-07-10 19:51:52 - [TEST_STEP][PASSED] - Statement - monthText = com.kms.katalon.core.webui.keyword.WebUiBuiltInKeywords.getText(com.kms.katalon.core.testobject.ObjectRepository.findTestObject(ReportsPage/monthText2)): Text of object 'Object Repository/ReportsPage/monthText2' is: 'May 2018'

2018-07-10 19:51:52 - [MESSAGE][PASSED] - Text of object 'Object Repository/ReportsPage/monthText2' is: 'May 2018'

2018-07-10 19:51:52 - [TEST_STEP][PASSED] - Statement - monthTextArray = monthText.split(" "): null

2018-07-10 19:51:52 - [TEST_STEP][PASSED] - Statement - month = monthTextArray[0]: null

2018-07-10 19:51:52 - [TEST_STEP][PASSED] - click: Object: 'Object Repository/ReportsPage/previousDateSelector2' is clicked on

2018-07-10 19:51:52 - [MESSAGE][PASSED] - Object: 'Object Repository/ReportsPage/previousDateSelector2' is clicked on

2018-07-10 19:51:52 - [TEST_STEP][PASSED] - Statement - monthText = com.kms.katalon.core.webui.keyword.WebUiBuiltInKeywords.getText(com.kms.katalon.core.testobject.ObjectRepository.findTestObject(ReportsPage/monthText2)): Text of object 'Object Repository/ReportsPage/monthText2' is: 'April 2018'

2018-07-10 19:51:52 - [MESSAGE][PASSED] - Text of object 'Object Repository/ReportsPage/monthText2' is: 'April 2018'

2018-07-10 19:51:52 - [TEST_STEP][PASSED] - Statement - monthTextArray = monthText.split(" "): null

2018-07-10 19:51:52 - [TEST_STEP][PASSED] - Statement - month = monthTextArray[0]: null

2018-07-10 19:51:52 - [TEST_STEP][PASSED] - click: Object: 'Object Repository/ReportsPage/previousDateSelector2' is clicked on

2018-07-10 19:51:52 - [MESSAGE][PASSED] - Object: 'Object Repository/ReportsPage/previousDateSelector2' is clicked on

2018-07-10 19:51:52 - [TEST_STEP][PASSED] - Statement - monthText = com.kms.katalon.core.webui.keyword.WebUiBuiltInKeywords.getText(com.kms.katalon.core.testobject.ObjectRepository.findTestObject(ReportsPage/monthText2)): Text of object 'Object Repository/ReportsPage/monthText2' is: 'March 2018'

2018-07-10 19:51:52 - [MESSAGE][PASSED] - Text of object 'Object Repository/ReportsPage/monthText2' is: 'March 2018'

2018-07-10 19:51:52 - [TEST_STEP][PASSED] - Statement - monthTextArray = monthText.split(" "): null

2018-07-10 19:51:52 - [TEST_STEP][PASSED] - Statement - month = monthTextArray[0]: null

2018-07-10 19:51:52 - [TEST_STEP][PASSED] - Statement - endDate = CustomKeywords.projectSpecific.Reusability.getTestData("ReportsPage", "EndDate_March"): projectSpecific.Reusability.getTestData is PASSED

2018-07-10 19:51:52 - [MESSAGE][PASSED] - projectSpecific.Reusability.getTestData is PASSED

2018-07-10 19:51:52 - [TEST_STEP][PASSED] - Statement - toDate = "(//td[text()='" + endDate + "'])[2]": null

2018-07-10 19:51:52 - [TEST_STEP][PASSED] - Statement - println(toDate): null

2018-07-10 19:51:52 - [TEST_STEP][PASSED] - Statement - toDateEle = driver.findElement(org.openqa.selenium.By.xpath(toDate)): null

2018-07-10 19:51:52 - [TEST_STEP][PASSED] - Statement - toDateEle.click(): null

2018-07-10 19:51:52 - [TEST_STEP][PASSED] - delay: Delayed 5 second(s)

2018-07-10 19:51:57 - [MESSAGE][PASSED] - Delayed 5 second(s)

2018-07-10 19:51:57 - [TEST_STEP][PASSED] - Statement - dateAttr = com.kms.katalon.core.webui.keyword.WebUiBuiltInKeywords.getAttribute(com.kms.katalon.core.testobject.ObjectRepository.findTestObject(ReportsPage/selectedDate1), "value"): Attribute 'value' of object 'Object Repository/ReportsPage/selectedDate1' is: '03/09/2018'

2018-07-10 19:51:57 - [MESSAGE][PASSED] - Attribute 'value' of object 'Object Repository/ReportsPage/selectedDate1' is: '03/09/2018'

2018-07-10 19:51:57 - [TEST_STEP][PASSED] - Statement - fromDateValue = CustomKeywords.projectSpecific.Reusability.getTestData("ReportsPage", "fromDate_March"): projectSpecific.Reusability.getTestData is PASSED

2018-07-10 19:51:57 - [MESSAGE][PASSED] - projectSpecific.Reusability.getTestData is PASSED

2018-07-10 19:51:57 - [TEST_STEP][PASSED] - Statement - If (!(dateAttr.equals(fromDateValue))): null

2018-07-10 19:51:57 - [TEST_STEP][PASSED] - Statement - dateAttr = com.kms.katalon.core.webui.keyword.WebUiBuiltInKeywords.getAttribute(com.kms.katalon.core.testobject.ObjectRepository.findTestObject(ReportsPage/selectedDate2), "value"): Attribute 'value' of object 'Object Repository/ReportsPage/selectedDate2' is: '03/10/2018'

2018-07-10 19:51:57 - [MESSAGE][PASSED] - Attribute 'value' of object 'Object Repository/ReportsPage/selectedDate2' is: '03/10/2018'

2018-07-10 19:51:57 - [TEST_STEP][PASSED] - Statement - toDateValue = CustomKeywords.projectSpecific.Reusability.getTestData("ReportsPage", "toDate_March"): projectSpecific.Reusability.getTestData is PASSED

2018-07-10 19:51:57 - [MESSAGE][PASSED] - projectSpecific.Reusability.getTestData is PASSED

2018-07-10 19:51:57 - [TEST_STEP][PASSED] - Statement - If (!(dateAttr.equals(toDateValue))): null

2018-07-10 19:51:57 - [TEST_STEP][PASSED] - click: Object: 'Object Repository/ReportsPage/generateReport' is clicked on

2018-07-10 19:51:57 - [MESSAGE][PASSED] - Object: 'Object Repository/ReportsPage/generateReport' is clicked on

2018-07-10 19:51:57 - [TEST_STEP][PASSED] - delay: Delayed 15 second(s)

2018-07-10 19:52:12 - [MESSAGE][PASSED] - Delayed 15 second(s)

2018-07-10 19:52:12 - [TEST_STEP][PASSED] - Statement - printTime = CustomKeywords.uiaction.CommonUIActions.getText(com.kms.katalon.core.testobject.ObjectRepository.findTestObject(SummarizedReportPage/printTime)): uiaction.CommonUIActions.getText is PASSED

2018-07-10 19:52:12 - [MESSAGE][PASSED] - uiaction.CommonUIActions.getText is PASSED

2018-07-10 19:52:12 - [TEST_STEP][PASSED] - Statement - cal = java.util.Calendar.getInstance(): null

2018-07-10 19:52:12 - [TEST_STEP][PASSED] - Statement - sdf = new java.text.SimpleDateFormat(hh:mm a): null

2018-07-10 19:52:12 - [TEST_STEP][PASSED] - Statement - currentSystemTime = sdf.format(cal.getTime()): null

2018-07-10 19:52:12 - [TEST_STEP][PASSED] - Statement - out.println(currentSystemTime): null

2018-07-10 19:52:12 - [TEST_STEP][PASSED] - Statement - If (currentSystemTime.contains(printTime)): null

2018-07-10 19:52:12 - [TEST_STEP][PASSED] - Statement - out.println("Print Time is displayed the current local time "): null

2018-07-10 19:52:12 - [TEST_STEP][PASSED] - delay: Delayed 5 second(s)

2018-07-10 19:52:17 - [MESSAGE][PASSED] - Delayed 5 second(s)

2018-07-10 19:52:17 - [TEST_STEP][PASSED] - uiaction.CommonUIActions.click: uiaction.CommonUIActions.click is PASSED

2018-07-10 19:52:21 - [MESSAGE][PASSED] - uiaction.CommonUIActions.click is PASSED

2018-07-10 19:52:21 - [TEST_STEP][PASSED] - Statement - assert TCflag == true: null

2018-07-10 19:52:21 - [TEST_STEP][PASSED] - Start listener action : sampleAfterTestCase: Browser is closed

2018-07-10 19:52:21 - [TEST_STEP][PASSED] - Statement - println(testCaseContext.getTestCaseId()): null

2018-07-10 19:52:21 - [TEST_STEP][PASSED] - Statement - println(testCaseContext.getTestCaseStatus()): null

2018-07-10 19:52:21 - [TEST_STEP][PASSED] - closeBrowser: Browser is closed

2018-07-10 19:52:21 - [MESSAGE][PASSED] - Browser is closed]]></system-out>
         <system-err><![CDATA[]]></system-err>
      </testcase>
      <testcase name="Test Cases/TimeZoneTC/HME-Browser-Timezone-02" classname="Test Cases/TimeZoneTC/HME-Browser-Timezone-02" status="FAILED">
         <failure type="FAILED" message="org.codehaus.groovy.runtime.powerassert.PowerAssertionError: assert TCflag==true
       |     |
       false false"/>
         <system-out><![CDATA[2018-07-10 19:52:21 - [TEST_CASE][FAILED] - Test Cases/TimeZoneTC/HME-Browser-Timezone-02: Test Cases/TimeZoneTC/HME-Browser-Timezone-02 FAILED because (of) org.codehaus.groovy.runtime.powerassert.PowerAssertionError: assert TCflag==true
       |     |
       false false

2018-07-10 19:52:21 - [TEST_STEP][PASSED] - Start listener action : sampleBeforeTestCase: uiaction.CommonUIActions.deleteAllCookies is PASSED

2018-07-10 19:52:21 - [TEST_STEP][PASSED] - openBrowser: Browser is opened with url: ''

2018-07-10 19:52:24 - [MESSAGE][PASSED] - Browser is opened with url: ''

2018-07-10 19:52:24 - [TEST_STEP][PASSED] - maximizeWindow: Current window maximized

2018-07-10 19:52:25 - [MESSAGE][PASSED] - Current window maximized

2018-07-10 19:52:25 - [TEST_STEP][PASSED] - uiaction.CommonUIActions.deleteAllCookies: uiaction.CommonUIActions.deleteAllCookies is PASSED

2018-07-10 19:52:25 - [MESSAGE][PASSED] - Delete all cookies successfully

2018-07-10 19:52:25 - [MESSAGE][PASSED] - uiaction.CommonUIActions.deleteAllCookies is PASSED

2018-07-10 19:52:25 - [TEST_STEP][PASSED] - Statement - TCflag = true: null

2018-07-10 19:52:25 - [TEST_STEP][PASSED] - Statement - Try: uiaction.CommonUIActions.click is PASSED

2018-07-10 19:52:25 - [TEST_STEP][PASSED] - navigateToUrl: Navigate to 'https://engdev.hmedtcloud.com/?pg=Login' successfully

2018-07-10 19:52:34 - [MESSAGE][PASSED] - Navigate to 'https://engdev.hmedtcloud.com/?pg=Login' successfully

2018-07-10 19:52:34 - [TEST_STEP][PASSED] - projectSpecific.Reusability.login: projectSpecific.Reusability.login is PASSED

2018-07-10 19:52:34 - [MESSAGE][PASSED] - projectSpecific.Reusability.getTestData is PASSED

2018-07-10 19:52:34 - [MESSAGE][PASSED] - projectSpecific.Reusability.getTestData is PASSED

2018-07-10 19:52:34 - [MESSAGE][PASSED] - Text 'selvendrank@nousinfo.com' is set on object 'Object Repository/LoginPage/Username'

2018-07-10 19:52:34 - [MESSAGE][PASSED] - Text 'Nous;123' is set on object 'Object Repository/LoginPage/Password'

2018-07-10 19:52:47 - [MESSAGE][PASSED] - Object: 'Object Repository/LoginPage/Login' is clicked on

2018-07-10 19:52:47 - [MESSAGE][PASSED] - projectSpecific.Reusability.login is PASSED

2018-07-10 19:52:47 - [TEST_STEP][PASSED] - delay: Delayed 10 second(s)

2018-07-10 19:52:57 - [MESSAGE][PASSED] - Delayed 10 second(s)

2018-07-10 19:52:57 - [TEST_STEP][PASSED] - Statement - welcomeMsg = CustomKeywords.uiaction.CommonUIActions.getText(com.kms.katalon.core.testobject.ObjectRepository.findTestObject(HomePage/welcomeMessage)): uiaction.CommonUIActions.getText is PASSED

2018-07-10 19:52:58 - [MESSAGE][PASSED] - uiaction.CommonUIActions.getText is PASSED

2018-07-10 19:52:58 - [TEST_STEP][PASSED] - Statement - expactedWelcomeMsg = CustomKeywords.projectSpecific.Reusability.getTestData("HomePage", "welcomeMsg"): projectSpecific.Reusability.getTestData is PASSED

2018-07-10 19:52:58 - [MESSAGE][PASSED] - projectSpecific.Reusability.getTestData is PASSED

2018-07-10 19:52:58 - [TEST_STEP][PASSED] - Statement - If (welcomeMsg.contains(expactedWelcomeMsg)): null

2018-07-10 19:52:58 - [TEST_STEP][PASSED] - Statement - out.println("Welcome message is verified"): null

2018-07-10 19:52:58 - [TEST_STEP][PASSED] - Statement - driver = com.kms.katalon.core.webui.driver.DriverFactory.getWebDriver(): null

2018-07-10 19:52:58 - [TEST_STEP][PASSED] - uiaction.CommonUIActions.click: uiaction.CommonUIActions.click is PASSED

2018-07-10 19:53:09 - [MESSAGE][PASSED] - uiaction.CommonUIActions.click is PASSED

2018-07-10 19:53:09 - [TEST_STEP][PASSED] - Statement - driver.findElement(org.openqa.selenium.By.xpath("(//div[@class='ctable']/table//tr/td[3][contains(text(),'vijay2')]/../td//span)[1]")).click(): null

2018-07-10 19:53:12 - [TEST_STEP][PASSED] - uiaction.CommonUIActions.click: uiaction.CommonUIActions.click is PASSED

2018-07-10 19:53:12 - [MESSAGE][PASSED] - uiaction.CommonUIActions.click is PASSED

2018-07-10 19:53:12 - [TEST_STEP][PASSED] - uiaction.CommonUIActions.click: uiaction.CommonUIActions.click is PASSED

2018-07-10 19:53:17 - [MESSAGE][PASSED] - uiaction.CommonUIActions.click is PASSED

2018-07-10 19:53:17 - [TEST_STEP][PASSED] - Statement - storeID = CustomKeywords.uiaction.CommonUIActions.getText(com.kms.katalon.core.testobject.ObjectRepository.findTestObject(StorePage/storeID)): uiaction.CommonUIActions.getText is PASSED

2018-07-10 19:53:17 - [MESSAGE][PASSED] - uiaction.CommonUIActions.getText is PASSED

2018-07-10 19:53:17 - [TEST_STEP][PASSED] - Statement - storenumber = storeID.trim(): null

2018-07-10 19:53:17 - [TEST_STEP][PASSED] - Statement - out.println(" the store number is--" + storenumber.trim()): null

2018-07-10 19:53:17 - [TEST_STEP][PASSED] - uiaction.CommonUIActions.click: uiaction.CommonUIActions.click is PASSED

2018-07-10 19:53:21 - [MESSAGE][PASSED] - uiaction.CommonUIActions.click is PASSED

2018-07-10 19:53:21 - [TEST_STEP][PASSED] - delay: Delayed 10 second(s)

2018-07-10 19:53:31 - [MESSAGE][PASSED] - Delayed 10 second(s)

2018-07-10 19:53:31 - [TEST_STEP][PASSED] - Statement - driver.findElement(org.openqa.selenium.By.xpath("//span[contains(text(),'" + storenumber.trim() + "')]")).click(): null

2018-07-10 19:53:31 - [TEST_STEP][PASSED] - click: Object: 'Object Repository/ReportsPage/timeSelection' is clicked on

2018-07-10 19:53:31 - [MESSAGE][PASSED] - Object: 'Object Repository/ReportsPage/timeSelection' is clicked on

2018-07-10 19:53:31 - [TEST_STEP][PASSED] - click: Object: 'Object Repository/ReportsPage/daypartTimeOption' is clicked on

2018-07-10 19:53:31 - [MESSAGE][PASSED] - Object: 'Object Repository/ReportsPage/daypartTimeOption' is clicked on

2018-07-10 19:53:31 - [TEST_STEP][PASSED] - click: Object: 'Object Repository/ReportsPage/summaryReportHeading' is clicked on

2018-07-10 19:53:31 - [MESSAGE][PASSED] - Object: 'Object Repository/ReportsPage/summaryReportHeading' is clicked on

2018-07-10 19:53:31 - [TEST_STEP][PASSED] - verifyElementText: Actual text and expected text of test object 'Object Repository/ReportsPage/daypartTimeOption' are matched.

2018-07-10 19:53:31 - [MESSAGE][PASSED] - projectSpecific.Reusability.getTestData is PASSED

2018-07-10 19:53:31 - [MESSAGE][PASSED] - Actual text and expected text of test object 'Object Repository/ReportsPage/daypartTimeOption' are matched.

2018-07-10 19:53:31 - [TEST_STEP][PASSED] - verifyElementText: Actual text and expected text of test object 'Object Repository/ReportsPage/criteriaTimeMeasureFordaypart' are matched.

2018-07-10 19:53:31 - [MESSAGE][PASSED] - projectSpecific.Reusability.getTestData is PASSED

2018-07-10 19:53:32 - [MESSAGE][PASSED] - Actual text and expected text of test object 'Object Repository/ReportsPage/criteriaTimeMeasureFordaypart' are matched.

2018-07-10 19:53:32 - [TEST_STEP][PASSED] - delay: Delayed 5 second(s)

2018-07-10 19:53:37 - [MESSAGE][PASSED] - Delayed 5 second(s)

2018-07-10 19:53:37 - [TEST_STEP][PASSED] - click: Object: 'Object Repository/ReportsPage/fromDateSelector' is clicked on

2018-07-10 19:53:37 - [MESSAGE][PASSED] - Object: 'Object Repository/ReportsPage/fromDateSelector' is clicked on

2018-07-10 19:53:37 - [TEST_STEP][PASSED] - delay: Delayed 5 second(s)

2018-07-10 19:53:42 - [MESSAGE][PASSED] - Delayed 5 second(s)

2018-07-10 19:53:42 - [TEST_STEP][PASSED] - Statement - monthText = com.kms.katalon.core.webui.keyword.WebUiBuiltInKeywords.getText(com.kms.katalon.core.testobject.ObjectRepository.findTestObject(ReportsPage/monthText)): Text of object 'Object Repository/ReportsPage/monthText' is: 'July 2018'

2018-07-10 19:53:42 - [MESSAGE][PASSED] - Text of object 'Object Repository/ReportsPage/monthText' is: 'July 2018'

2018-07-10 19:53:42 - [TEST_STEP][PASSED] - Statement - monthTextArray = monthText.split(" "): null

2018-07-10 19:53:42 - [TEST_STEP][PASSED] - Statement - month = monthTextArray[0]: null

2018-07-10 19:53:42 - [TEST_STEP][PASSED] - Statement - monthTextValue = CustomKeywords.projectSpecific.Reusability.getTestData("ReportsPage", "Month"): projectSpecific.Reusability.getTestData is PASSED

2018-07-10 19:53:42 - [MESSAGE][PASSED] - projectSpecific.Reusability.getTestData is PASSED

2018-07-10 19:53:42 - [TEST_STEP][PASSED] - Statement - If (!(monthTextValue.equals(month))): null

2018-07-10 19:53:42 - [TEST_STEP][PASSED] - Statement - While (!(monthTextValue.equals(month))): null

2018-07-10 19:53:42 - [TEST_STEP][PASSED] - click: Object: 'Object Repository/ReportsPage/previousDateSelector' is clicked on

2018-07-10 19:53:42 - [MESSAGE][PASSED] - Object: 'Object Repository/ReportsPage/previousDateSelector' is clicked on

2018-07-10 19:53:42 - [TEST_STEP][PASSED] - Statement - monthText = com.kms.katalon.core.webui.keyword.WebUiBuiltInKeywords.getText(com.kms.katalon.core.testobject.ObjectRepository.findTestObject(ReportsPage/monthText)): Text of object 'Object Repository/ReportsPage/monthText' is: 'June 2018'

2018-07-10 19:53:42 - [MESSAGE][PASSED] - Text of object 'Object Repository/ReportsPage/monthText' is: 'June 2018'

2018-07-10 19:53:42 - [TEST_STEP][PASSED] - Statement - monthTextArray = monthText.split(" "): null

2018-07-10 19:53:42 - [TEST_STEP][PASSED] - Statement - month = monthTextArray[0]: null

2018-07-10 19:53:42 - [TEST_STEP][PASSED] - click: Object: 'Object Repository/ReportsPage/previousDateSelector' is clicked on

2018-07-10 19:53:42 - [MESSAGE][PASSED] - Object: 'Object Repository/ReportsPage/previousDateSelector' is clicked on

2018-07-10 19:53:42 - [TEST_STEP][PASSED] - Statement - monthText = com.kms.katalon.core.webui.keyword.WebUiBuiltInKeywords.getText(com.kms.katalon.core.testobject.ObjectRepository.findTestObject(ReportsPage/monthText)): Text of object 'Object Repository/ReportsPage/monthText' is: 'May 2018'

2018-07-10 19:53:42 - [MESSAGE][PASSED] - Text of object 'Object Repository/ReportsPage/monthText' is: 'May 2018'

2018-07-10 19:53:42 - [TEST_STEP][PASSED] - Statement - monthTextArray = monthText.split(" "): null

2018-07-10 19:53:42 - [TEST_STEP][PASSED] - Statement - month = monthTextArray[0]: null

2018-07-10 19:53:42 - [TEST_STEP][PASSED] - click: Object: 'Object Repository/ReportsPage/previousDateSelector' is clicked on

2018-07-10 19:53:42 - [MESSAGE][PASSED] - Object: 'Object Repository/ReportsPage/previousDateSelector' is clicked on

2018-07-10 19:53:42 - [TEST_STEP][PASSED] - Statement - monthText = com.kms.katalon.core.webui.keyword.WebUiBuiltInKeywords.getText(com.kms.katalon.core.testobject.ObjectRepository.findTestObject(ReportsPage/monthText)): Text of object 'Object Repository/ReportsPage/monthText' is: 'April 2018'

2018-07-10 19:53:42 - [MESSAGE][PASSED] - Text of object 'Object Repository/ReportsPage/monthText' is: 'April 2018'

2018-07-10 19:53:42 - [TEST_STEP][PASSED] - Statement - monthTextArray = monthText.split(" "): null

2018-07-10 19:53:42 - [TEST_STEP][PASSED] - Statement - month = monthTextArray[0]: null

2018-07-10 19:53:42 - [TEST_STEP][PASSED] - click: Object: 'Object Repository/ReportsPage/previousDateSelector' is clicked on

2018-07-10 19:53:42 - [MESSAGE][PASSED] - Object: 'Object Repository/ReportsPage/previousDateSelector' is clicked on

2018-07-10 19:53:42 - [TEST_STEP][PASSED] - Statement - monthText = com.kms.katalon.core.webui.keyword.WebUiBuiltInKeywords.getText(com.kms.katalon.core.testobject.ObjectRepository.findTestObject(ReportsPage/monthText)): Text of object 'Object Repository/ReportsPage/monthText' is: 'March 2018'

2018-07-10 19:53:42 - [MESSAGE][PASSED] - Text of object 'Object Repository/ReportsPage/monthText' is: 'March 2018'

2018-07-10 19:53:42 - [TEST_STEP][PASSED] - Statement - monthTextArray = monthText.split(" "): null

2018-07-10 19:53:42 - [TEST_STEP][PASSED] - Statement - month = monthTextArray[0]: null

2018-07-10 19:53:42 - [TEST_STEP][PASSED] - Statement - data = CustomKeywords.projectSpecific.Reusability.getTestData("ReportsPage", "StartDate_March1"): projectSpecific.Reusability.getTestData is PASSED

2018-07-10 19:53:42 - [MESSAGE][PASSED] - projectSpecific.Reusability.getTestData is PASSED

2018-07-10 19:53:42 - [TEST_STEP][PASSED] - Statement - startDate = "(//td[text()='" + data + "'])[1]": null

2018-07-10 19:53:42 - [TEST_STEP][PASSED] - Statement - println(startDate): null

2018-07-10 19:53:42 - [TEST_STEP][PASSED] - Statement - startdateEle = driver.findElement(org.openqa.selenium.By.xpath(startDate)): null

2018-07-10 19:53:42 - [TEST_STEP][PASSED] - Statement - startdateEle.click(): null

2018-07-10 19:53:42 - [TEST_STEP][PASSED] - delay: Delayed 5 second(s)

2018-07-10 19:53:47 - [MESSAGE][PASSED] - Delayed 5 second(s)

2018-07-10 19:53:47 - [TEST_STEP][PASSED] - click: Object: 'Object Repository/ReportsPage/toDateSelector' is clicked on

2018-07-10 19:53:47 - [MESSAGE][PASSED] - Object: 'Object Repository/ReportsPage/toDateSelector' is clicked on

2018-07-10 19:53:47 - [TEST_STEP][PASSED] - Statement - monthText = com.kms.katalon.core.webui.keyword.WebUiBuiltInKeywords.getText(com.kms.katalon.core.testobject.ObjectRepository.findTestObject(ReportsPage/monthText2)): Text of object 'Object Repository/ReportsPage/monthText2' is: 'July 2018'

2018-07-10 19:53:47 - [MESSAGE][PASSED] - Text of object 'Object Repository/ReportsPage/monthText2' is: 'July 2018'

2018-07-10 19:53:47 - [TEST_STEP][PASSED] - Statement - monthTextArray = monthText.split(" "): null

2018-07-10 19:53:47 - [TEST_STEP][PASSED] - Statement - month = monthTextArray[0]: null

2018-07-10 19:53:47 - [TEST_STEP][PASSED] - Statement - monthTextValue1 = CustomKeywords.projectSpecific.Reusability.getTestData("ReportsPage", "Month"): projectSpecific.Reusability.getTestData is PASSED

2018-07-10 19:53:47 - [MESSAGE][PASSED] - projectSpecific.Reusability.getTestData is PASSED

2018-07-10 19:53:47 - [TEST_STEP][PASSED] - Statement - If (!(monthTextValue1.equals(month))): null

2018-07-10 19:53:47 - [TEST_STEP][PASSED] - Statement - While (!(monthTextValue1.equals(month))): null

2018-07-10 19:53:47 - [TEST_STEP][PASSED] - click: Object: 'Object Repository/ReportsPage/previousDateSelector2' is clicked on

2018-07-10 19:53:47 - [MESSAGE][PASSED] - Object: 'Object Repository/ReportsPage/previousDateSelector2' is clicked on

2018-07-10 19:53:47 - [TEST_STEP][PASSED] - Statement - monthText = com.kms.katalon.core.webui.keyword.WebUiBuiltInKeywords.getText(com.kms.katalon.core.testobject.ObjectRepository.findTestObject(ReportsPage/monthText2)): Text of object 'Object Repository/ReportsPage/monthText2' is: 'June 2018'

2018-07-10 19:53:47 - [MESSAGE][PASSED] - Text of object 'Object Repository/ReportsPage/monthText2' is: 'June 2018'

2018-07-10 19:53:47 - [TEST_STEP][PASSED] - Statement - monthTextArray = monthText.split(" "): null

2018-07-10 19:53:47 - [TEST_STEP][PASSED] - Statement - month = monthTextArray[0]: null

2018-07-10 19:53:47 - [TEST_STEP][PASSED] - click: Object: 'Object Repository/ReportsPage/previousDateSelector2' is clicked on

2018-07-10 19:53:47 - [MESSAGE][PASSED] - Object: 'Object Repository/ReportsPage/previousDateSelector2' is clicked on

2018-07-10 19:53:47 - [TEST_STEP][PASSED] - Statement - monthText = com.kms.katalon.core.webui.keyword.WebUiBuiltInKeywords.getText(com.kms.katalon.core.testobject.ObjectRepository.findTestObject(ReportsPage/monthText2)): Text of object 'Object Repository/ReportsPage/monthText2' is: 'May 2018'

2018-07-10 19:53:47 - [MESSAGE][PASSED] - Text of object 'Object Repository/ReportsPage/monthText2' is: 'May 2018'

2018-07-10 19:53:47 - [TEST_STEP][PASSED] - Statement - monthTextArray = monthText.split(" "): null

2018-07-10 19:53:47 - [TEST_STEP][PASSED] - Statement - month = monthTextArray[0]: null

2018-07-10 19:53:47 - [TEST_STEP][PASSED] - click: Object: 'Object Repository/ReportsPage/previousDateSelector2' is clicked on

2018-07-10 19:53:47 - [MESSAGE][PASSED] - Object: 'Object Repository/ReportsPage/previousDateSelector2' is clicked on

2018-07-10 19:53:47 - [TEST_STEP][PASSED] - Statement - monthText = com.kms.katalon.core.webui.keyword.WebUiBuiltInKeywords.getText(com.kms.katalon.core.testobject.ObjectRepository.findTestObject(ReportsPage/monthText2)): Text of object 'Object Repository/ReportsPage/monthText2' is: 'April 2018'

2018-07-10 19:53:47 - [MESSAGE][PASSED] - Text of object 'Object Repository/ReportsPage/monthText2' is: 'April 2018'

2018-07-10 19:53:47 - [TEST_STEP][PASSED] - Statement - monthTextArray = monthText.split(" "): null

2018-07-10 19:53:47 - [TEST_STEP][PASSED] - Statement - month = monthTextArray[0]: null

2018-07-10 19:53:47 - [TEST_STEP][PASSED] - click: Object: 'Object Repository/ReportsPage/previousDateSelector2' is clicked on

2018-07-10 19:53:47 - [MESSAGE][PASSED] - Object: 'Object Repository/ReportsPage/previousDateSelector2' is clicked on

2018-07-10 19:53:47 - [TEST_STEP][PASSED] - Statement - monthText = com.kms.katalon.core.webui.keyword.WebUiBuiltInKeywords.getText(com.kms.katalon.core.testobject.ObjectRepository.findTestObject(ReportsPage/monthText2)): Text of object 'Object Repository/ReportsPage/monthText2' is: 'March 2018'

2018-07-10 19:53:47 - [MESSAGE][PASSED] - Text of object 'Object Repository/ReportsPage/monthText2' is: 'March 2018'

2018-07-10 19:53:47 - [TEST_STEP][PASSED] - Statement - monthTextArray = monthText.split(" "): null

2018-07-10 19:53:47 - [TEST_STEP][PASSED] - Statement - month = monthTextArray[0]: null

2018-07-10 19:53:47 - [TEST_STEP][PASSED] - Statement - endDate = CustomKeywords.projectSpecific.Reusability.getTestData("ReportsPage", "EndDate_March1"): projectSpecific.Reusability.getTestData is PASSED

2018-07-10 19:53:47 - [MESSAGE][PASSED] - projectSpecific.Reusability.getTestData is PASSED

2018-07-10 19:53:47 - [TEST_STEP][PASSED] - Statement - toDate = "(//td[text()='" + endDate + "'])[2]": null

2018-07-10 19:53:47 - [TEST_STEP][PASSED] - Statement - println(toDate): null

2018-07-10 19:53:47 - [TEST_STEP][PASSED] - Statement - toDateEle = driver.findElement(org.openqa.selenium.By.xpath(toDate)): null

2018-07-10 19:53:47 - [TEST_STEP][PASSED] - Statement - toDateEle.click(): null

2018-07-10 19:53:48 - [TEST_STEP][PASSED] - delay: Delayed 5 second(s)

2018-07-10 19:53:53 - [MESSAGE][PASSED] - Delayed 5 second(s)

2018-07-10 19:53:53 - [TEST_STEP][PASSED] - Statement - dateAttr = com.kms.katalon.core.webui.keyword.WebUiBuiltInKeywords.getAttribute(com.kms.katalon.core.testobject.ObjectRepository.findTestObject(ReportsPage/selectedDate1), "value"): Attribute 'value' of object 'Object Repository/ReportsPage/selectedDate1' is: '03/12/2018'

2018-07-10 19:53:53 - [MESSAGE][PASSED] - Attribute 'value' of object 'Object Repository/ReportsPage/selectedDate1' is: '03/12/2018'

2018-07-10 19:53:53 - [TEST_STEP][PASSED] - Statement - fromDateValue = CustomKeywords.projectSpecific.Reusability.getTestData("ReportsPage", "fromDate_March1"): projectSpecific.Reusability.getTestData is PASSED

2018-07-10 19:53:53 - [MESSAGE][PASSED] - projectSpecific.Reusability.getTestData is PASSED

2018-07-10 19:53:53 - [TEST_STEP][PASSED] - Statement - If (!(dateAttr.equals(fromDateValue))): null

2018-07-10 19:53:53 - [TEST_STEP][PASSED] - Statement - dateAttr = com.kms.katalon.core.webui.keyword.WebUiBuiltInKeywords.getAttribute(com.kms.katalon.core.testobject.ObjectRepository.findTestObject(ReportsPage/selectedDate2), "value"): Attribute 'value' of object 'Object Repository/ReportsPage/selectedDate2' is: '03/13/2018'

2018-07-10 19:53:53 - [MESSAGE][PASSED] - Attribute 'value' of object 'Object Repository/ReportsPage/selectedDate2' is: '03/13/2018'

2018-07-10 19:53:53 - [TEST_STEP][PASSED] - Statement - toDateValue = CustomKeywords.projectSpecific.Reusability.getTestData("ReportsPage", "toDate_March1"): projectSpecific.Reusability.getTestData is PASSED

2018-07-10 19:53:53 - [MESSAGE][PASSED] - projectSpecific.Reusability.getTestData is PASSED

2018-07-10 19:53:53 - [TEST_STEP][PASSED] - Statement - If (!(dateAttr.equals(toDateValue))): null

2018-07-10 19:53:53 - [TEST_STEP][PASSED] - click: Object: 'Object Repository/ReportsPage/generateReport' is clicked on

2018-07-10 19:53:53 - [MESSAGE][PASSED] - Object: 'Object Repository/ReportsPage/generateReport' is clicked on

2018-07-10 19:53:53 - [TEST_STEP][PASSED] - delay: Delayed 15 second(s)

2018-07-10 19:54:08 - [MESSAGE][PASSED] - Delayed 15 second(s)

2018-07-10 19:54:08 - [TEST_STEP][PASSED] - Statement - printTime = CustomKeywords.uiaction.CommonUIActions.getText(com.kms.katalon.core.testobject.ObjectRepository.findTestObject(SummarizedReportPage/printTime)): uiaction.CommonUIActions.getText is PASSED

2018-07-10 19:54:08 - [MESSAGE][PASSED] - uiaction.CommonUIActions.getText is PASSED

2018-07-10 19:54:08 - [TEST_STEP][PASSED] - Statement - cal = java.util.Calendar.getInstance(): null

2018-07-10 19:54:08 - [TEST_STEP][PASSED] - Statement - sdf = new java.text.SimpleDateFormat(hh:mm a): null

2018-07-10 19:54:08 - [TEST_STEP][PASSED] - Statement - currentSystemTime = sdf.format(cal.getTime()): null

2018-07-10 19:54:08 - [TEST_STEP][PASSED] - Statement - out.println(currentSystemTime): null

2018-07-10 19:54:08 - [TEST_STEP][PASSED] - Statement - If (currentSystemTime.contains(printTime)): null

2018-07-10 19:54:08 - [TEST_STEP][PASSED] - Statement - Else: Taking screenshot successfully

2018-07-10 19:54:08 - [TEST_STEP][PASSED] - Statement - If (TCflag): null

2018-07-10 19:54:08 - [TEST_STEP][PASSED] - Statement - out.println("Print Time is not displayed the current local time "): null

2018-07-10 19:54:08 - [TEST_STEP][PASSED] - takeScreenshot: Taking screenshot successfully

2018-07-10 19:54:08 - [MESSAGE][PASSED] - Taking screenshot successfully
[[ATTACHMENT|C:\\Users\\shalinin\\Katalon Studio\\HME_DEVScripts\\Reports\\RegressionSuite\\20180710_194344\\1531232648284.png]]

2018-07-10 19:54:08 - [TEST_STEP][PASSED] - delay: Delayed 5 second(s)

2018-07-10 19:54:13 - [MESSAGE][PASSED] - Delayed 5 second(s)

2018-07-10 19:54:13 - [TEST_STEP][PASSED] - uiaction.CommonUIActions.click: uiaction.CommonUIActions.click is PASSED

2018-07-10 19:54:16 - [MESSAGE][PASSED] - uiaction.CommonUIActions.click is PASSED

2018-07-10 19:54:16 - [TEST_STEP][PASSED] - Statement - assert TCflag == true: null

2018-07-10 19:54:16 - [TEST_STEP][PASSED] - Start listener action : sampleAfterTestCase: Browser is closed

2018-07-10 19:54:16 - [TEST_STEP][PASSED] - Statement - println(testCaseContext.getTestCaseId()): null

2018-07-10 19:54:16 - [TEST_STEP][PASSED] - Statement - println(testCaseContext.getTestCaseStatus()): null

2018-07-10 19:54:16 - [TEST_STEP][PASSED] - closeBrowser: Browser is closed

2018-07-10 19:54:17 - [MESSAGE][PASSED] - Browser is closed]]></system-out>
         <system-err><![CDATA[2018-07-10 19:52:21 - [TEST_CASE][FAILED] - Test Cases/TimeZoneTC/HME-Browser-Timezone-02: Test Cases/TimeZoneTC/HME-Browser-Timezone-02 FAILED because (of) org.codehaus.groovy.runtime.powerassert.PowerAssertionError: assert TCflag==true
       |     |
       false false]]></system-err>
      </testcase>
      <testcase name="Test Cases/TimeZoneTC/HME-Browser-Timezone-03" classname="Test Cases/TimeZoneTC/HME-Browser-Timezone-03" status="FAILED">
         <failure type="FAILED" message="org.codehaus.groovy.runtime.powerassert.PowerAssertionError: assert TCflag==true
       |     |
       false false"/>
         <system-out><![CDATA[2018-07-10 19:54:17 - [TEST_CASE][FAILED] - Test Cases/TimeZoneTC/HME-Browser-Timezone-03: Test Cases/TimeZoneTC/HME-Browser-Timezone-03 FAILED because (of) org.codehaus.groovy.runtime.powerassert.PowerAssertionError: assert TCflag==true
       |     |
       false false

2018-07-10 19:54:17 - [TEST_STEP][PASSED] - Start listener action : sampleBeforeTestCase: uiaction.CommonUIActions.deleteAllCookies is PASSED

2018-07-10 19:54:17 - [TEST_STEP][PASSED] - openBrowser: Browser is opened with url: ''

2018-07-10 19:54:19 - [MESSAGE][PASSED] - Browser is opened with url: ''

2018-07-10 19:54:19 - [TEST_STEP][PASSED] - maximizeWindow: Current window maximized

2018-07-10 19:54:20 - [MESSAGE][PASSED] - Current window maximized

2018-07-10 19:54:20 - [TEST_STEP][PASSED] - uiaction.CommonUIActions.deleteAllCookies: uiaction.CommonUIActions.deleteAllCookies is PASSED

2018-07-10 19:54:20 - [MESSAGE][PASSED] - Delete all cookies successfully

2018-07-10 19:54:20 - [MESSAGE][PASSED] - uiaction.CommonUIActions.deleteAllCookies is PASSED

2018-07-10 19:54:21 - [TEST_STEP][PASSED] - Statement - TCflag = true: null

2018-07-10 19:54:21 - [TEST_STEP][PASSED] - Statement - Try: uiaction.CommonUIActions.click is PASSED

2018-07-10 19:54:21 - [TEST_STEP][PASSED] - navigateToUrl: Navigate to 'https://engdev.hmedtcloud.com/?pg=Login' successfully

2018-07-10 19:54:29 - [MESSAGE][PASSED] - Navigate to 'https://engdev.hmedtcloud.com/?pg=Login' successfully

2018-07-10 19:54:29 - [TEST_STEP][PASSED] - projectSpecific.Reusability.login: projectSpecific.Reusability.login is PASSED

2018-07-10 19:54:29 - [MESSAGE][PASSED] - projectSpecific.Reusability.getTestData is PASSED

2018-07-10 19:54:29 - [MESSAGE][PASSED] - projectSpecific.Reusability.getTestData is PASSED

2018-07-10 19:54:29 - [MESSAGE][PASSED] - Text 'selvendrank@nousinfo.com' is set on object 'Object Repository/LoginPage/Username'

2018-07-10 19:54:29 - [MESSAGE][PASSED] - Text 'Nous;123' is set on object 'Object Repository/LoginPage/Password'

2018-07-10 19:54:42 - [MESSAGE][PASSED] - Object: 'Object Repository/LoginPage/Login' is clicked on

2018-07-10 19:54:42 - [MESSAGE][PASSED] - projectSpecific.Reusability.login is PASSED

2018-07-10 19:54:42 - [TEST_STEP][PASSED] - delay: Delayed 10 second(s)

2018-07-10 19:54:52 - [MESSAGE][PASSED] - Delayed 10 second(s)

2018-07-10 19:54:52 - [TEST_STEP][PASSED] - Statement - welcomeMsg = CustomKeywords.uiaction.CommonUIActions.getText(com.kms.katalon.core.testobject.ObjectRepository.findTestObject(HomePage/welcomeMessage)): uiaction.CommonUIActions.getText is PASSED

2018-07-10 19:54:52 - [MESSAGE][PASSED] - uiaction.CommonUIActions.getText is PASSED

2018-07-10 19:54:52 - [TEST_STEP][PASSED] - Statement - expactedWelcomeMsg = CustomKeywords.projectSpecific.Reusability.getTestData("HomePage", "welcomeMsg"): projectSpecific.Reusability.getTestData is PASSED

2018-07-10 19:54:52 - [MESSAGE][PASSED] - projectSpecific.Reusability.getTestData is PASSED

2018-07-10 19:54:52 - [TEST_STEP][PASSED] - Statement - If (welcomeMsg.contains(expactedWelcomeMsg)): null

2018-07-10 19:54:52 - [TEST_STEP][PASSED] - Statement - out.println("Welcome message is verified"): null

2018-07-10 19:54:52 - [TEST_STEP][PASSED] - Statement - driver = com.kms.katalon.core.webui.driver.DriverFactory.getWebDriver(): null

2018-07-10 19:54:52 - [TEST_STEP][PASSED] - uiaction.CommonUIActions.click: uiaction.CommonUIActions.click is PASSED

2018-07-10 19:55:06 - [MESSAGE][PASSED] - uiaction.CommonUIActions.click is PASSED

2018-07-10 19:55:06 - [TEST_STEP][PASSED] - Statement - driver.findElement(org.openqa.selenium.By.xpath("(//div[@class='ctable']/table//tr/td[3][contains(text(),'vijay2')]/../td//span)[1]")).click(): null

2018-07-10 19:55:08 - [TEST_STEP][PASSED] - uiaction.CommonUIActions.click: uiaction.CommonUIActions.click is PASSED

2018-07-10 19:55:08 - [MESSAGE][PASSED] - uiaction.CommonUIActions.click is PASSED

2018-07-10 19:55:08 - [TEST_STEP][PASSED] - uiaction.CommonUIActions.click: uiaction.CommonUIActions.click is PASSED

2018-07-10 19:55:13 - [MESSAGE][PASSED] - uiaction.CommonUIActions.click is PASSED

2018-07-10 19:55:13 - [TEST_STEP][PASSED] - Statement - storeID = CustomKeywords.uiaction.CommonUIActions.getText(com.kms.katalon.core.testobject.ObjectRepository.findTestObject(StorePage/storeID)): uiaction.CommonUIActions.getText is PASSED

2018-07-10 19:55:13 - [MESSAGE][PASSED] - uiaction.CommonUIActions.getText is PASSED

2018-07-10 19:55:13 - [TEST_STEP][PASSED] - Statement - storenumber = storeID.trim(): null

2018-07-10 19:55:13 - [TEST_STEP][PASSED] - Statement - out.println(" the store number is--" + storenumber.trim()): null

2018-07-10 19:55:13 - [TEST_STEP][PASSED] - uiaction.CommonUIActions.click: uiaction.CommonUIActions.click is PASSED

2018-07-10 19:55:17 - [MESSAGE][PASSED] - uiaction.CommonUIActions.click is PASSED

2018-07-10 19:55:17 - [TEST_STEP][PASSED] - delay: Delayed 15 second(s)

2018-07-10 19:55:32 - [MESSAGE][PASSED] - Delayed 15 second(s)

2018-07-10 19:55:32 - [TEST_STEP][PASSED] - Statement - driver.findElement(org.openqa.selenium.By.xpath("//span[contains(text(),'" + storenumber.trim() + "')]")).click(): null

2018-07-10 19:55:32 - [TEST_STEP][PASSED] - click: Object: 'Object Repository/ReportsPage/timeSelection' is clicked on

2018-07-10 19:55:32 - [MESSAGE][PASSED] - Object: 'Object Repository/ReportsPage/timeSelection' is clicked on

2018-07-10 19:55:32 - [TEST_STEP][PASSED] - click: Object: 'Object Repository/ReportsPage/weekTimeOption' is clicked on

2018-07-10 19:55:32 - [MESSAGE][PASSED] - Object: 'Object Repository/ReportsPage/weekTimeOption' is clicked on

2018-07-10 19:55:32 - [TEST_STEP][PASSED] - click: Object: 'Object Repository/ReportsPage/summaryReportHeading' is clicked on

2018-07-10 19:55:32 - [MESSAGE][PASSED] - Object: 'Object Repository/ReportsPage/summaryReportHeading' is clicked on

2018-07-10 19:55:32 - [TEST_STEP][PASSED] - verifyElementText: Actual text and expected text of test object 'Object Repository/ReportsPage/weekTimeOption' are matched.

2018-07-10 19:55:32 - [MESSAGE][PASSED] - projectSpecific.Reusability.getTestData is PASSED

2018-07-10 19:55:32 - [MESSAGE][PASSED] - Actual text and expected text of test object 'Object Repository/ReportsPage/weekTimeOption' are matched.

2018-07-10 19:55:32 - [TEST_STEP][PASSED] - verifyElementText: Actual text and expected text of test object 'Object Repository/ReportsPage/criteriaTimeMeasure' are matched.

2018-07-10 19:55:32 - [MESSAGE][PASSED] - projectSpecific.Reusability.getTestData is PASSED

2018-07-10 19:55:32 - [MESSAGE][PASSED] - Actual text and expected text of test object 'Object Repository/ReportsPage/criteriaTimeMeasure' are matched.

2018-07-10 19:55:32 - [TEST_STEP][PASSED] - delay: Delayed 5 second(s)

2018-07-10 19:55:37 - [MESSAGE][PASSED] - Delayed 5 second(s)

2018-07-10 19:55:37 - [TEST_STEP][PASSED] - click: Object: 'Object Repository/ReportsPage/fromDateSelector' is clicked on

2018-07-10 19:55:37 - [MESSAGE][PASSED] - Object: 'Object Repository/ReportsPage/fromDateSelector' is clicked on

2018-07-10 19:55:37 - [TEST_STEP][PASSED] - delay: Delayed 5 second(s)

2018-07-10 19:55:42 - [MESSAGE][PASSED] - Delayed 5 second(s)

2018-07-10 19:55:42 - [TEST_STEP][PASSED] - Statement - monthText = com.kms.katalon.core.webui.keyword.WebUiBuiltInKeywords.getText(com.kms.katalon.core.testobject.ObjectRepository.findTestObject(ReportsPage/monthText)): Text of object 'Object Repository/ReportsPage/monthText' is: 'July 2018'

2018-07-10 19:55:43 - [MESSAGE][PASSED] - Text of object 'Object Repository/ReportsPage/monthText' is: 'July 2018'

2018-07-10 19:55:43 - [TEST_STEP][PASSED] - Statement - monthTextArray = monthText.split(" "): null

2018-07-10 19:55:43 - [TEST_STEP][PASSED] - Statement - month = monthTextArray[0]: null

2018-07-10 19:55:43 - [TEST_STEP][PASSED] - Statement - monthTextValue = CustomKeywords.projectSpecific.Reusability.getTestData("ReportsPage", "Month"): projectSpecific.Reusability.getTestData is PASSED

2018-07-10 19:55:43 - [MESSAGE][PASSED] - projectSpecific.Reusability.getTestData is PASSED

2018-07-10 19:55:43 - [TEST_STEP][PASSED] - Statement - If (!(monthTextValue.equals(month))): null

2018-07-10 19:55:43 - [TEST_STEP][PASSED] - Statement - While (!(monthTextValue.equals(month))): null

2018-07-10 19:55:43 - [TEST_STEP][PASSED] - click: Object: 'Object Repository/ReportsPage/previousDateSelector' is clicked on

2018-07-10 19:55:43 - [MESSAGE][PASSED] - Object: 'Object Repository/ReportsPage/previousDateSelector' is clicked on

2018-07-10 19:55:43 - [TEST_STEP][PASSED] - Statement - monthText = com.kms.katalon.core.webui.keyword.WebUiBuiltInKeywords.getText(com.kms.katalon.core.testobject.ObjectRepository.findTestObject(ReportsPage/monthText)): Text of object 'Object Repository/ReportsPage/monthText' is: 'June 2018'

2018-07-10 19:55:43 - [MESSAGE][PASSED] - Text of object 'Object Repository/ReportsPage/monthText' is: 'June 2018'

2018-07-10 19:55:43 - [TEST_STEP][PASSED] - Statement - monthTextArray = monthText.split(" "): null

2018-07-10 19:55:43 - [TEST_STEP][PASSED] - Statement - month = monthTextArray[0]: null

2018-07-10 19:55:43 - [TEST_STEP][PASSED] - click: Object: 'Object Repository/ReportsPage/previousDateSelector' is clicked on

2018-07-10 19:55:43 - [MESSAGE][PASSED] - Object: 'Object Repository/ReportsPage/previousDateSelector' is clicked on

2018-07-10 19:55:43 - [TEST_STEP][PASSED] - Statement - monthText = com.kms.katalon.core.webui.keyword.WebUiBuiltInKeywords.getText(com.kms.katalon.core.testobject.ObjectRepository.findTestObject(ReportsPage/monthText)): Text of object 'Object Repository/ReportsPage/monthText' is: 'May 2018'

2018-07-10 19:55:43 - [MESSAGE][PASSED] - Text of object 'Object Repository/ReportsPage/monthText' is: 'May 2018'

2018-07-10 19:55:43 - [TEST_STEP][PASSED] - Statement - monthTextArray = monthText.split(" "): null

2018-07-10 19:55:43 - [TEST_STEP][PASSED] - Statement - month = monthTextArray[0]: null

2018-07-10 19:55:43 - [TEST_STEP][PASSED] - click: Object: 'Object Repository/ReportsPage/previousDateSelector' is clicked on

2018-07-10 19:55:43 - [MESSAGE][PASSED] - Object: 'Object Repository/ReportsPage/previousDateSelector' is clicked on

2018-07-10 19:55:43 - [TEST_STEP][PASSED] - Statement - monthText = com.kms.katalon.core.webui.keyword.WebUiBuiltInKeywords.getText(com.kms.katalon.core.testobject.ObjectRepository.findTestObject(ReportsPage/monthText)): Text of object 'Object Repository/ReportsPage/monthText' is: 'April 2018'

2018-07-10 19:55:43 - [MESSAGE][PASSED] - Text of object 'Object Repository/ReportsPage/monthText' is: 'April 2018'

2018-07-10 19:55:43 - [TEST_STEP][PASSED] - Statement - monthTextArray = monthText.split(" "): null

2018-07-10 19:55:43 - [TEST_STEP][PASSED] - Statement - month = monthTextArray[0]: null

2018-07-10 19:55:43 - [TEST_STEP][PASSED] - click: Object: 'Object Repository/ReportsPage/previousDateSelector' is clicked on

2018-07-10 19:55:43 - [MESSAGE][PASSED] - Object: 'Object Repository/ReportsPage/previousDateSelector' is clicked on

2018-07-10 19:55:43 - [TEST_STEP][PASSED] - Statement - monthText = com.kms.katalon.core.webui.keyword.WebUiBuiltInKeywords.getText(com.kms.katalon.core.testobject.ObjectRepository.findTestObject(ReportsPage/monthText)): Text of object 'Object Repository/ReportsPage/monthText' is: 'March 2018'

2018-07-10 19:55:43 - [MESSAGE][PASSED] - Text of object 'Object Repository/ReportsPage/monthText' is: 'March 2018'

2018-07-10 19:55:43 - [TEST_STEP][PASSED] - Statement - monthTextArray = monthText.split(" "): null

2018-07-10 19:55:43 - [TEST_STEP][PASSED] - Statement - month = monthTextArray[0]: null

2018-07-10 19:55:43 - [TEST_STEP][PASSED] - Statement - data = CustomKeywords.projectSpecific.Reusability.getTestData("ReportsPage", "StartDate_March2"): projectSpecific.Reusability.getTestData is PASSED

2018-07-10 19:55:43 - [MESSAGE][PASSED] - projectSpecific.Reusability.getTestData is PASSED

2018-07-10 19:55:43 - [TEST_STEP][PASSED] - Statement - startDate = "(//td[text()='" + data + "'])[1]": null

2018-07-10 19:55:43 - [TEST_STEP][PASSED] - Statement - println(startDate): null

2018-07-10 19:55:43 - [TEST_STEP][PASSED] - Statement - startdateEle = driver.findElement(org.openqa.selenium.By.xpath(startDate)): null

2018-07-10 19:55:43 - [TEST_STEP][PASSED] - Statement - startdateEle.click(): null

2018-07-10 19:55:43 - [TEST_STEP][PASSED] - delay: Delayed 5 second(s)

2018-07-10 19:55:48 - [MESSAGE][PASSED] - Delayed 5 second(s)

2018-07-10 19:55:48 - [TEST_STEP][PASSED] - click: Object: 'Object Repository/ReportsPage/toDateSelector' is clicked on

2018-07-10 19:55:48 - [MESSAGE][PASSED] - Object: 'Object Repository/ReportsPage/toDateSelector' is clicked on

2018-07-10 19:55:48 - [TEST_STEP][PASSED] - Statement - monthText = com.kms.katalon.core.webui.keyword.WebUiBuiltInKeywords.getText(com.kms.katalon.core.testobject.ObjectRepository.findTestObject(ReportsPage/monthText2)): Text of object 'Object Repository/ReportsPage/monthText2' is: 'July 2018'

2018-07-10 19:55:48 - [MESSAGE][PASSED] - Text of object 'Object Repository/ReportsPage/monthText2' is: 'July 2018'

2018-07-10 19:55:48 - [TEST_STEP][PASSED] - Statement - monthTextArray = monthText.split(" "): null

2018-07-10 19:55:48 - [TEST_STEP][PASSED] - Statement - month = monthTextArray[0]: null

2018-07-10 19:55:48 - [TEST_STEP][PASSED] - Statement - monthTextValue1 = CustomKeywords.projectSpecific.Reusability.getTestData("ReportsPage", "Month"): projectSpecific.Reusability.getTestData is PASSED

2018-07-10 19:55:48 - [MESSAGE][PASSED] - projectSpecific.Reusability.getTestData is PASSED

2018-07-10 19:55:48 - [TEST_STEP][PASSED] - Statement - If (!(monthTextValue1.equals(month))): null

2018-07-10 19:55:48 - [TEST_STEP][PASSED] - Statement - While (!(monthTextValue1.equals(month))): null

2018-07-10 19:55:48 - [TEST_STEP][PASSED] - click: Object: 'Object Repository/ReportsPage/previousDateSelector2' is clicked on

2018-07-10 19:55:48 - [MESSAGE][PASSED] - Object: 'Object Repository/ReportsPage/previousDateSelector2' is clicked on

2018-07-10 19:55:48 - [TEST_STEP][PASSED] - Statement - monthText = com.kms.katalon.core.webui.keyword.WebUiBuiltInKeywords.getText(com.kms.katalon.core.testobject.ObjectRepository.findTestObject(ReportsPage/monthText2)): Text of object 'Object Repository/ReportsPage/monthText2' is: 'June 2018'

2018-07-10 19:55:48 - [MESSAGE][PASSED] - Text of object 'Object Repository/ReportsPage/monthText2' is: 'June 2018'

2018-07-10 19:55:48 - [TEST_STEP][PASSED] - Statement - monthTextArray = monthText.split(" "): null

2018-07-10 19:55:48 - [TEST_STEP][PASSED] - Statement - month = monthTextArray[0]: null

2018-07-10 19:55:48 - [TEST_STEP][PASSED] - click: Object: 'Object Repository/ReportsPage/previousDateSelector2' is clicked on

2018-07-10 19:55:48 - [MESSAGE][PASSED] - Object: 'Object Repository/ReportsPage/previousDateSelector2' is clicked on

2018-07-10 19:55:48 - [TEST_STEP][PASSED] - Statement - monthText = com.kms.katalon.core.webui.keyword.WebUiBuiltInKeywords.getText(com.kms.katalon.core.testobject.ObjectRepository.findTestObject(ReportsPage/monthText2)): Text of object 'Object Repository/ReportsPage/monthText2' is: 'May 2018'

2018-07-10 19:55:48 - [MESSAGE][PASSED] - Text of object 'Object Repository/ReportsPage/monthText2' is: 'May 2018'

2018-07-10 19:55:48 - [TEST_STEP][PASSED] - Statement - monthTextArray = monthText.split(" "): null

2018-07-10 19:55:48 - [TEST_STEP][PASSED] - Statement - month = monthTextArray[0]: null

2018-07-10 19:55:48 - [TEST_STEP][PASSED] - click: Object: 'Object Repository/ReportsPage/previousDateSelector2' is clicked on

2018-07-10 19:55:48 - [MESSAGE][PASSED] - Object: 'Object Repository/ReportsPage/previousDateSelector2' is clicked on

2018-07-10 19:55:48 - [TEST_STEP][PASSED] - Statement - monthText = com.kms.katalon.core.webui.keyword.WebUiBuiltInKeywords.getText(com.kms.katalon.core.testobject.ObjectRepository.findTestObject(ReportsPage/monthText2)): Text of object 'Object Repository/ReportsPage/monthText2' is: 'April 2018'

2018-07-10 19:55:48 - [MESSAGE][PASSED] - Text of object 'Object Repository/ReportsPage/monthText2' is: 'April 2018'

2018-07-10 19:55:48 - [TEST_STEP][PASSED] - Statement - monthTextArray = monthText.split(" "): null

2018-07-10 19:55:48 - [TEST_STEP][PASSED] - Statement - month = monthTextArray[0]: null

2018-07-10 19:55:48 - [TEST_STEP][PASSED] - click: Object: 'Object Repository/ReportsPage/previousDateSelector2' is clicked on

2018-07-10 19:55:48 - [MESSAGE][PASSED] - Object: 'Object Repository/ReportsPage/previousDateSelector2' is clicked on

2018-07-10 19:55:48 - [TEST_STEP][PASSED] - Statement - monthText = com.kms.katalon.core.webui.keyword.WebUiBuiltInKeywords.getText(com.kms.katalon.core.testobject.ObjectRepository.findTestObject(ReportsPage/monthText2)): Text of object 'Object Repository/ReportsPage/monthText2' is: 'March 2018'

2018-07-10 19:55:48 - [MESSAGE][PASSED] - Text of object 'Object Repository/ReportsPage/monthText2' is: 'March 2018'

2018-07-10 19:55:48 - [TEST_STEP][PASSED] - Statement - monthTextArray = monthText.split(" "): null

2018-07-10 19:55:48 - [TEST_STEP][PASSED] - Statement - month = monthTextArray[0]: null

2018-07-10 19:55:48 - [TEST_STEP][PASSED] - Statement - endDate = CustomKeywords.projectSpecific.Reusability.getTestData("ReportsPage", "EndDate_March2"): projectSpecific.Reusability.getTestData is PASSED

2018-07-10 19:55:48 - [MESSAGE][PASSED] - projectSpecific.Reusability.getTestData is PASSED

2018-07-10 19:55:48 - [TEST_STEP][PASSED] - Statement - toDate = "(//td[text()='" + endDate + "'])[2]": null

2018-07-10 19:55:48 - [TEST_STEP][PASSED] - Statement - println(toDate): null

2018-07-10 19:55:48 - [TEST_STEP][PASSED] - Statement - toDateEle = driver.findElement(org.openqa.selenium.By.xpath(toDate)): null

2018-07-10 19:55:48 - [TEST_STEP][PASSED] - Statement - toDateEle.click(): null

2018-07-10 19:55:48 - [TEST_STEP][PASSED] - delay: Delayed 5 second(s)

2018-07-10 19:55:53 - [MESSAGE][PASSED] - Delayed 5 second(s)

2018-07-10 19:55:53 - [TEST_STEP][PASSED] - Statement - dateAttr = com.kms.katalon.core.webui.keyword.WebUiBuiltInKeywords.getAttribute(com.kms.katalon.core.testobject.ObjectRepository.findTestObject(ReportsPage/selectedDate1), "value"): Attribute 'value' of object 'Object Repository/ReportsPage/selectedDate1' is: '03/13/2018'

2018-07-10 19:55:53 - [MESSAGE][PASSED] - Attribute 'value' of object 'Object Repository/ReportsPage/selectedDate1' is: '03/13/2018'

2018-07-10 19:55:53 - [TEST_STEP][PASSED] - Statement - fromDateValue = CustomKeywords.projectSpecific.Reusability.getTestData("ReportsPage", "fromDate_March2"): projectSpecific.Reusability.getTestData is PASSED

2018-07-10 19:55:53 - [MESSAGE][PASSED] - projectSpecific.Reusability.getTestData is PASSED

2018-07-10 19:55:53 - [TEST_STEP][PASSED] - Statement - If (!(dateAttr.equals(fromDateValue))): null

2018-07-10 19:55:53 - [TEST_STEP][PASSED] - Statement - dateAttr = com.kms.katalon.core.webui.keyword.WebUiBuiltInKeywords.getAttribute(com.kms.katalon.core.testobject.ObjectRepository.findTestObject(ReportsPage/selectedDate2), "value"): Attribute 'value' of object 'Object Repository/ReportsPage/selectedDate2' is: '03/16/2018'

2018-07-10 19:55:54 - [MESSAGE][PASSED] - Attribute 'value' of object 'Object Repository/ReportsPage/selectedDate2' is: '03/16/2018'

2018-07-10 19:55:54 - [TEST_STEP][PASSED] - Statement - toDateValue = CustomKeywords.projectSpecific.Reusability.getTestData("ReportsPage", "toDate_March2"): projectSpecific.Reusability.getTestData is PASSED

2018-07-10 19:55:54 - [MESSAGE][PASSED] - projectSpecific.Reusability.getTestData is PASSED

2018-07-10 19:55:54 - [TEST_STEP][PASSED] - Statement - If (!(dateAttr.equals(toDateValue))): null

2018-07-10 19:55:54 - [TEST_STEP][PASSED] - click: Object: 'Object Repository/ReportsPage/generateReport' is clicked on

2018-07-10 19:55:54 - [MESSAGE][PASSED] - Object: 'Object Repository/ReportsPage/generateReport' is clicked on

2018-07-10 19:55:54 - [TEST_STEP][PASSED] - delay: Delayed 15 second(s)

2018-07-10 19:56:09 - [MESSAGE][PASSED] - Delayed 15 second(s)

2018-07-10 19:56:09 - [TEST_STEP][PASSED] - Statement - printTime = CustomKeywords.uiaction.CommonUIActions.getText(com.kms.katalon.core.testobject.ObjectRepository.findTestObject(SummarizedReportPage/printTime)): uiaction.CommonUIActions.getText is PASSED

2018-07-10 19:56:09 - [MESSAGE][PASSED] - uiaction.CommonUIActions.getText is PASSED

2018-07-10 19:56:09 - [TEST_STEP][PASSED] - Statement - cal = java.util.Calendar.getInstance(): null

2018-07-10 19:56:09 - [TEST_STEP][PASSED] - Statement - sdf = new java.text.SimpleDateFormat(hh:mm a): null

2018-07-10 19:56:09 - [TEST_STEP][PASSED] - Statement - currentSystemTime = sdf.format(cal.getTime()): null

2018-07-10 19:56:09 - [TEST_STEP][PASSED] - Statement - out.println(currentSystemTime): null

2018-07-10 19:56:09 - [TEST_STEP][PASSED] - Statement - If (currentSystemTime.contains(printTime)): null

2018-07-10 19:56:09 - [TEST_STEP][PASSED] - Statement - Else: Taking screenshot successfully

2018-07-10 19:56:09 - [TEST_STEP][PASSED] - Statement - If (TCflag): null

2018-07-10 19:56:09 - [TEST_STEP][PASSED] - Statement - out.println("Print Time is not displayed the current local time "): null

2018-07-10 19:56:09 - [TEST_STEP][PASSED] - takeScreenshot: Taking screenshot successfully

2018-07-10 19:56:09 - [MESSAGE][PASSED] - Taking screenshot successfully
[[ATTACHMENT|C:\\Users\\shalinin\\Katalon Studio\\HME_DEVScripts\\Reports\\RegressionSuite\\20180710_194344\\1531232769171.png]]

2018-07-10 19:56:09 - [TEST_STEP][PASSED] - delay: Delayed 5 second(s)

2018-07-10 19:56:14 - [MESSAGE][PASSED] - Delayed 5 second(s)

2018-07-10 19:56:14 - [TEST_STEP][PASSED] - uiaction.CommonUIActions.click: uiaction.CommonUIActions.click is PASSED

2018-07-10 19:56:17 - [MESSAGE][PASSED] - uiaction.CommonUIActions.click is PASSED

2018-07-10 19:56:17 - [TEST_STEP][PASSED] - Statement - assert TCflag == true: null

2018-07-10 19:56:17 - [TEST_STEP][PASSED] - Start listener action : sampleAfterTestCase: Browser is closed

2018-07-10 19:56:17 - [TEST_STEP][PASSED] - Statement - println(testCaseContext.getTestCaseId()): null

2018-07-10 19:56:17 - [TEST_STEP][PASSED] - Statement - println(testCaseContext.getTestCaseStatus()): null

2018-07-10 19:56:17 - [TEST_STEP][PASSED] - closeBrowser: Browser is closed

2018-07-10 19:56:18 - [MESSAGE][PASSED] - Browser is closed]]></system-out>
         <system-err><![CDATA[2018-07-10 19:54:17 - [TEST_CASE][FAILED] - Test Cases/TimeZoneTC/HME-Browser-Timezone-03: Test Cases/TimeZoneTC/HME-Browser-Timezone-03 FAILED because (of) org.codehaus.groovy.runtime.powerassert.PowerAssertionError: assert TCflag==true
       |     |
       false false]]></system-err>
      </testcase>
      <testcase name="Test Cases/CreateGroupTC/HME-CreateGroup-04" classname="Test Cases/CreateGroupTC/HME-CreateGroup-04" status="FAILED">
         <failure type="FAILED" message="Unable to get attribute 'value' of object 'Object Repository/ReportingGroupManagement/groupNameTxt' (Root cause: com.kms.katalon.core.webui.exception.WebElementNotFoundException: Web element with id: 'Object Repository/ReportingGroupManagement/groupNameTxt' located by 'By.xpath: //input[@type='text']' not found)"/>
         <system-out><![CDATA[2018-07-10 19:56:18 - [TEST_CASE][FAILED] - Test Cases/CreateGroupTC/HME-CreateGroup-04: Test Cases/CreateGroupTC/HME-CreateGroup-04 FAILED because (of) Unable to get attribute 'value' of object 'Object Repository/ReportingGroupManagement/groupNameTxt' (Root cause: com.kms.katalon.core.webui.exception.WebElementNotFoundException: Web element with id: 'Object Repository/ReportingGroupManagement/groupNameTxt' located by 'By.xpath: //input[@type='text']' not found)

2018-07-10 19:56:18 - [TEST_STEP][PASSED] - Start listener action : sampleBeforeTestCase: uiaction.CommonUIActions.deleteAllCookies is PASSED

2018-07-10 19:56:18 - [TEST_STEP][PASSED] - openBrowser: Browser is opened with url: ''

2018-07-10 19:56:20 - [MESSAGE][PASSED] - Browser is opened with url: ''

2018-07-10 19:56:20 - [TEST_STEP][PASSED] - maximizeWindow: Current window maximized

2018-07-10 19:56:21 - [MESSAGE][PASSED] - Current window maximized

2018-07-10 19:56:21 - [TEST_STEP][PASSED] - uiaction.CommonUIActions.deleteAllCookies: uiaction.CommonUIActions.deleteAllCookies is PASSED

2018-07-10 19:56:21 - [MESSAGE][PASSED] - Delete all cookies successfully

2018-07-10 19:56:21 - [MESSAGE][PASSED] - uiaction.CommonUIActions.deleteAllCookies is PASSED

2018-07-10 19:56:22 - [TEST_STEP][PASSED] - Statement - TCflag = true: null

2018-07-10 19:56:22 - [TEST_STEP][FAILED] - Statement - Try: uiaction.CommonUIActions.click is PASSED

2018-07-10 19:56:22 - [TEST_STEP][PASSED] - navigateToUrl: Navigate to 'https://engdev.hmedtcloud.com/?pg=Login' successfully

2018-07-10 19:56:30 - [MESSAGE][PASSED] - Navigate to 'https://engdev.hmedtcloud.com/?pg=Login' successfully

2018-07-10 19:56:30 - [TEST_STEP][PASSED] - projectSpecific.Reusability.login: projectSpecific.Reusability.login is PASSED

2018-07-10 19:56:30 - [MESSAGE][PASSED] - projectSpecific.Reusability.getTestData is PASSED

2018-07-10 19:56:30 - [MESSAGE][PASSED] - projectSpecific.Reusability.getTestData is PASSED

2018-07-10 19:56:30 - [MESSAGE][PASSED] - Text 'selvendrank@nousinfo.com' is set on object 'Object Repository/LoginPage/Username'

2018-07-10 19:56:30 - [MESSAGE][PASSED] - Text 'Nous;123' is set on object 'Object Repository/LoginPage/Password'

2018-07-10 19:56:43 - [MESSAGE][PASSED] - Object: 'Object Repository/LoginPage/Login' is clicked on

2018-07-10 19:56:43 - [MESSAGE][PASSED] - projectSpecific.Reusability.login is PASSED

2018-07-10 19:56:43 - [TEST_STEP][PASSED] - delay: Delayed 10 second(s)

2018-07-10 19:56:53 - [MESSAGE][PASSED] - Delayed 10 second(s)

2018-07-10 19:56:53 - [TEST_STEP][PASSED] - uiaction.CommonUIActions.click: uiaction.CommonUIActions.click is PASSED

2018-07-10 19:57:05 - [MESSAGE][PASSED] - uiaction.CommonUIActions.click is PASSED

2018-07-10 19:57:05 - [TEST_STEP][PASSED] - delay: Delayed 10 second(s)

2018-07-10 19:57:15 - [MESSAGE][PASSED] - Delayed 10 second(s)

2018-07-10 19:57:15 - [TEST_STEP][PASSED] - uiaction.CommonUIActions.click: uiaction.CommonUIActions.click is PASSED

2018-07-10 19:57:19 - [MESSAGE][PASSED] - uiaction.CommonUIActions.click is PASSED

2018-07-10 19:57:19 - [TEST_STEP][PASSED] - uiaction.CommonUIActions.click: uiaction.CommonUIActions.click is PASSED

2018-07-10 19:57:19 - [MESSAGE][PASSED] - uiaction.CommonUIActions.click is PASSED

2018-07-10 19:57:19 - [TEST_STEP][PASSED] - verifyElementPresent: Object 'Object Repository/ReportingGroupManagement/reportingGroupDetails' is present

2018-07-10 19:57:19 - [MESSAGE][PASSED] - Object 'Object Repository/ReportingGroupManagement/reportingGroupDetails' is present

2018-07-10 19:57:19 - [TEST_STEP][PASSED] - Statement - grpName = CustomKeywords.uiaction.CommonUIActions.getText(com.kms.katalon.core.testobject.ObjectRepository.findTestObject(ReportingGroupManagement/groupName)): uiaction.CommonUIActions.getText is PASSED

2018-07-10 19:57:19 - [MESSAGE][PASSED] - uiaction.CommonUIActions.getText is PASSED

2018-07-10 19:57:19 - [TEST_STEP][PASSED] - Statement - println("grpName"): null

2018-07-10 19:57:19 - [TEST_STEP][PASSED] - Statement - If (grpName.contains("*")): null

2018-07-10 19:57:19 - [TEST_STEP][PASSED] - Statement - out.println("Group Name text box is marked with asterisk symbol"): null

2018-07-10 19:57:19 - [TEST_STEP][PASSED] - uiaction.CommonUIActions.enter: uiaction.CommonUIActions.enter is PASSED

2018-07-10 19:57:19 - [MESSAGE][PASSED] - projectSpecific.Reusability.getTestData is PASSED

2018-07-10 19:57:19 - [MESSAGE][PASSED] - uiaction.CommonUIActions.enter is PASSED

2018-07-10 19:57:19 - [TEST_STEP][PASSED] - uiaction.CommonUIActions.enter: uiaction.CommonUIActions.enter is PASSED

2018-07-10 19:57:19 - [MESSAGE][PASSED] - projectSpecific.Reusability.getTestData is PASSED

2018-07-10 19:57:19 - [MESSAGE][PASSED] - uiaction.CommonUIActions.enter is PASSED

2018-07-10 19:57:19 - [TEST_STEP][PASSED] - uiaction.CommonUIActions.click: uiaction.CommonUIActions.click is PASSED

2018-07-10 19:57:20 - [MESSAGE][PASSED] - uiaction.CommonUIActions.click is PASSED

2018-07-10 19:57:20 - [TEST_STEP][PASSED] - delay: Delayed 10 second(s)

2018-07-10 19:57:30 - [MESSAGE][PASSED] - Delayed 10 second(s)

2018-07-10 19:57:30 - [TEST_STEP][PASSED] - uiaction.CommonUIActions.back: uiaction.CommonUIActions.back is PASSED

2018-07-10 19:57:30 - [MESSAGE][PASSED] - Navigate back successfully

2018-07-10 19:57:30 - [MESSAGE][PASSED] - uiaction.CommonUIActions.back is PASSED

2018-07-10 19:57:30 - [TEST_STEP][PASSED] - delay: Delayed 5 second(s)

2018-07-10 19:57:35 - [MESSAGE][PASSED] - Delayed 5 second(s)

2018-07-10 19:57:35 - [TEST_STEP][PASSED] - uiaction.CommonUIActions.enter: uiaction.CommonUIActions.enter is PASSED

2018-07-10 19:57:35 - [MESSAGE][PASSED] - projectSpecific.Reusability.getTestData is PASSED

2018-07-10 19:57:55 - [MESSAGE][PASSED] - uiaction.CommonUIActions.enter is PASSED

2018-07-10 19:57:55 - [TEST_STEP][PASSED] - uiaction.CommonUIActions.enter: uiaction.CommonUIActions.enter is PASSED

2018-07-10 19:57:55 - [MESSAGE][PASSED] - projectSpecific.Reusability.getTestData is PASSED

2018-07-10 19:58:16 - [MESSAGE][PASSED] - uiaction.CommonUIActions.enter is PASSED

2018-07-10 19:58:16 - [TEST_STEP][PASSED] - uiaction.CommonUIActions.click: uiaction.CommonUIActions.click is PASSED

2018-07-10 19:58:37 - [MESSAGE][PASSED] - uiaction.CommonUIActions.click is PASSED

2018-07-10 19:58:37 - [TEST_STEP][PASSED] - delay: Delayed 10 second(s)

2018-07-10 19:58:47 - [MESSAGE][PASSED] - Delayed 10 second(s)

2018-07-10 19:58:47 - [TEST_STEP][PASSED] - uiaction.CommonUIActions.back: uiaction.CommonUIActions.back is PASSED

2018-07-10 19:58:48 - [MESSAGE][PASSED] - Navigate back successfully

2018-07-10 19:58:48 - [MESSAGE][PASSED] - uiaction.CommonUIActions.back is PASSED

2018-07-10 19:58:48 - [TEST_STEP][PASSED] - delay: Delayed 5 second(s)

2018-07-10 19:58:53 - [MESSAGE][PASSED] - Delayed 5 second(s)

2018-07-10 19:58:53 - [TEST_STEP][PASSED] - uiaction.CommonUIActions.back: uiaction.CommonUIActions.back is PASSED

2018-07-10 19:58:53 - [MESSAGE][PASSED] - Navigate back successfully

2018-07-10 19:58:53 - [MESSAGE][PASSED] - uiaction.CommonUIActions.back is PASSED

2018-07-10 19:58:53 - [TEST_STEP][PASSED] - delay: Delayed 5 second(s)

2018-07-10 19:58:58 - [MESSAGE][PASSED] - Delayed 5 second(s)

2018-07-10 19:58:58 - [TEST_STEP][PASSED] - uiaction.CommonUIActions.click: uiaction.CommonUIActions.click is PASSED

2018-07-10 19:59:18 - [MESSAGE][PASSED] - uiaction.CommonUIActions.click is PASSED

2018-07-10 19:59:18 - [TEST_STEP][PASSED] - Statement - StoreList = CustomKeywords.projectSpecific.Reusability.getTestData("ReportingGroupManagementPage", "dummyGroupName2"): projectSpecific.Reusability.getTestData is PASSED

2018-07-10 19:59:18 - [MESSAGE][PASSED] - projectSpecific.Reusability.getTestData is PASSED

2018-07-10 19:59:18 - [TEST_STEP][PASSED] - Statement - listOfStores = new java.util.ArrayList(java.util.Arrays.asList(StoreList)): null

2018-07-10 19:59:19 - [TEST_STEP][PASSED] - Statement - out.println(listOfStores): null

2018-07-10 19:59:19 - [TEST_STEP][PASSED] - delay: Delayed 10 second(s)

2018-07-10 19:59:29 - [MESSAGE][PASSED] - Delayed 10 second(s)

2018-07-10 19:59:29 - [TEST_STEP][PASSED] - Statement - driver = com.kms.katalon.core.webui.driver.DriverFactory.getWebDriver(): null

2018-07-10 19:59:29 - [TEST_STEP][PASSED] - Statement - availableStoreList = driver.findElements(org.openqa.selenium.By.xpath(com.kms.katalon.core.testdata.TestDataFactory.findTestData(OR_file).getValue(2, 10))): Reading excel file with source file 'C:\Users\shalinin\Katalon Studio\HME_DEVScripts\Data Files\HME_OR.xlsx' and sheet name 'Sheet1'

2018-07-10 19:59:29 - [TEST_STEP][PASSED] - Statement - actualList = new java.util.ArrayList(): null

2018-07-10 19:59:29 - [TEST_STEP][PASSED] - Statement - For ([i = 0, i < availableStoreList.size(), (i++)]): null

2018-07-10 19:59:29 - [TEST_STEP][PASSED] - Statement - out.println(actualList): null

2018-07-10 19:59:29 - [TEST_STEP][PASSED] - Statement - If (actualList.containsAll(listOfStores)): null

2018-07-10 19:59:29 - [TEST_STEP][PASSED] - Statement - Else: Taking screenshot successfully

2018-07-10 19:59:29 - [TEST_STEP][PASSED] - Statement - If (TCflag): null

2018-07-10 19:59:29 - [TEST_STEP][PASSED] - Statement - println("Actual list does not contain the required stores or groups"): null

2018-07-10 19:59:29 - [TEST_STEP][PASSED] - takeScreenshot: Taking screenshot successfully

2018-07-10 19:59:29 - [MESSAGE][PASSED] - Taking screenshot successfully
[[ATTACHMENT|C:\\Users\\shalinin\\Katalon Studio\\HME_DEVScripts\\Reports\\RegressionSuite\\20180710_194344\\1531232969114.png]]

2018-07-10 19:59:29 - [TEST_STEP][PASSED] - uiaction.CommonUIActions.click: uiaction.CommonUIActions.click is PASSED

2018-07-10 19:59:50 - [MESSAGE][PASSED] - uiaction.CommonUIActions.click is PASSED

2018-07-10 19:59:50 - [TEST_STEP][PASSED] - uiaction.CommonUIActions.click: uiaction.CommonUIActions.click is PASSED

2018-07-10 20:00:10 - [MESSAGE][PASSED] - uiaction.CommonUIActions.click is PASSED

2018-07-10 20:00:10 - [TEST_STEP][PASSED] - uiaction.CommonUIActions.back: uiaction.CommonUIActions.back is PASSED

2018-07-10 20:00:11 - [MESSAGE][PASSED] - Navigate back successfully

2018-07-10 20:00:11 - [MESSAGE][PASSED] - uiaction.CommonUIActions.back is PASSED

2018-07-10 20:00:11 - [TEST_STEP][PASSED] - delay: Delayed 5 second(s)

2018-07-10 20:00:16 - [MESSAGE][PASSED] - Delayed 5 second(s)

2018-07-10 20:00:16 - [TEST_STEP][PASSED] - uiaction.CommonUIActions.back: uiaction.CommonUIActions.back is PASSED

2018-07-10 20:00:16 - [MESSAGE][PASSED] - Navigate back successfully

2018-07-10 20:00:16 - [MESSAGE][PASSED] - uiaction.CommonUIActions.back is PASSED

2018-07-10 20:00:16 - [TEST_STEP][PASSED] - delay: Delayed 5 second(s)

2018-07-10 20:00:21 - [MESSAGE][PASSED] - Delayed 5 second(s)

2018-07-10 20:00:21 - [TEST_STEP][PASSED] - uiaction.CommonUIActions.click: uiaction.CommonUIActions.click is PASSED

2018-07-10 20:00:42 - [MESSAGE][PASSED] - uiaction.CommonUIActions.click is PASSED

2018-07-10 20:00:42 - [TEST_STEP][PASSED] - uiaction.CommonUIActions.click: uiaction.CommonUIActions.click is PASSED

2018-07-10 20:01:03 - [MESSAGE][PASSED] - uiaction.CommonUIActions.click is PASSED

2018-07-10 20:01:03 - [TEST_STEP][PASSED] - uiaction.CommonUIActions.click: uiaction.CommonUIActions.click is PASSED

2018-07-10 20:01:24 - [MESSAGE][PASSED] - uiaction.CommonUIActions.click is PASSED

2018-07-10 20:01:24 - [TEST_STEP][PASSED] - uiaction.CommonUIActions.back: uiaction.CommonUIActions.back is PASSED

2018-07-10 20:01:24 - [MESSAGE][PASSED] - Navigate back successfully

2018-07-10 20:01:24 - [MESSAGE][PASSED] - uiaction.CommonUIActions.back is PASSED

2018-07-10 20:01:24 - [TEST_STEP][PASSED] - delay: Delayed 5 second(s)

2018-07-10 20:01:29 - [MESSAGE][PASSED] - Delayed 5 second(s)

2018-07-10 20:01:29 - [TEST_STEP][PASSED] - uiaction.CommonUIActions.back: uiaction.CommonUIActions.back is PASSED

2018-07-10 20:01:29 - [MESSAGE][PASSED] - Navigate back successfully

2018-07-10 20:01:29 - [MESSAGE][PASSED] - uiaction.CommonUIActions.back is PASSED

2018-07-10 20:01:29 - [TEST_STEP][PASSED] - delay: Delayed 5 second(s)

2018-07-10 20:01:34 - [MESSAGE][PASSED] - Delayed 5 second(s)

2018-07-10 20:01:34 - [TEST_STEP][PASSED] - uiaction.CommonUIActions.click: uiaction.CommonUIActions.click is PASSED

2018-07-10 20:01:54 - [MESSAGE][PASSED] - uiaction.CommonUIActions.click is PASSED

2018-07-10 20:01:54 - [TEST_STEP][PASSED] - delay: Delayed 5 second(s)

2018-07-10 20:01:59 - [MESSAGE][PASSED] - Delayed 5 second(s)

2018-07-10 20:01:59 - [TEST_STEP][PASSED] - Statement - secondStoreListBox = driver.findElements(org.openqa.selenium.By.xpath(com.kms.katalon.core.testdata.TestDataFactory.findTestData(OR_file).getValue(2, 11))): Reading excel file with source file 'C:\Users\shalinin\Katalon Studio\HME_DEVScripts\Data Files\HME_OR.xlsx' and sheet name 'Sheet1'

2018-07-10 20:01:59 - [TEST_STEP][PASSED] - Statement - list = new java.util.ArrayList(): null

2018-07-10 20:01:59 - [TEST_STEP][PASSED] - Statement - For ([i = 0, i < secondStoreListBox.size(), (i++)]): null

2018-07-10 20:01:59 - [TEST_STEP][PASSED] - Statement - If (list.size() == 0): null

2018-07-10 20:01:59 - [TEST_STEP][PASSED] - Statement - println("No Groups/Stores is displayed in Groups/Stores in Group list box"): null

2018-07-10 20:01:59 - [TEST_STEP][PASSED] - uiaction.CommonUIActions.enter: uiaction.CommonUIActions.enter is PASSED

2018-07-10 20:01:59 - [MESSAGE][PASSED] - projectSpecific.Reusability.getTestData is PASSED

2018-07-10 20:02:20 - [MESSAGE][PASSED] - uiaction.CommonUIActions.enter is PASSED

2018-07-10 20:02:20 - [TEST_STEP][PASSED] - uiaction.CommonUIActions.enter: uiaction.CommonUIActions.enter is PASSED

2018-07-10 20:02:20 - [MESSAGE][PASSED] - projectSpecific.Reusability.getTestData is PASSED

2018-07-10 20:02:41 - [MESSAGE][PASSED] - uiaction.CommonUIActions.enter is PASSED

2018-07-10 20:02:41 - [TEST_STEP][FAILED] - uiaction.CommonUIActions.verifyMatch: Unable to get attribute 'value' of object 'Object Repository/ReportingGroupManagement/groupNameTxt' (Root cause: com.kms.katalon.core.webui.exception.WebElementNotFoundException: Web element with id: 'Object Repository/ReportingGroupManagement/groupNameTxt' located by 'By.xpath: //input[@type='text']' not found)

2018-07-10 20:02:41 - [MESSAGE][PASSED] - projectSpecific.Reusability.getTestData is PASSED

2018-07-10 20:03:12 - [MESSAGE][FAILED] - Unable to get attribute 'value' of object 'Object Repository/ReportingGroupManagement/groupNameTxt' (Root cause: com.kms.katalon.core.webui.exception.WebElementNotFoundException: Web element with id: 'Object Repository/ReportingGroupManagement/groupNameTxt' located by 'By.xpath: //input[@type='text']' not found)
[[ATTACHMENT|C:\\Users\\shalinin\\Katalon Studio\\HME_DEVScripts\\Reports\\RegressionSuite\\20180710_194344\\1531233192435.png]]

2018-07-10 20:03:12 - [MESSAGE][FAILED] - Unable to verify match between actual text 'null' and expected text 'AutomationGroup' (Root cause: Actual text 'null' and expected text 'AutomationGroup' are not matched)

2018-07-10 20:03:12 - [MESSAGE][FAILED] - Unable to get attribute 'value' of object 'Object Repository/ReportingGroupManagement/groupNameTxt' (Root cause: com.kms.katalon.core.webui.exception.WebElementNotFoundException: Web element with id: 'Object Repository/ReportingGroupManagement/groupNameTxt' located by 'By.xpath: //input[@type='text']' not found)

2018-07-10 20:03:12 - [TEST_STEP][FAILED] - uiaction.CommonUIActions.verifyMatch: Unable to get attribute 'value' of object 'Object Repository/ReportingGroupManagement/groupDescTxt' (Root cause: com.kms.katalon.core.webui.exception.WebElementNotFoundException: Web element with id: 'Object Repository/ReportingGroupManagement/groupDescTxt' located by 'By.xpath: //div[@class='col-xs-6']/textarea' not found)

2018-07-10 20:03:12 - [MESSAGE][PASSED] - projectSpecific.Reusability.getTestData is PASSED

2018-07-10 20:03:44 - [MESSAGE][FAILED] - Unable to get attribute 'value' of object 'Object Repository/ReportingGroupManagement/groupDescTxt' (Root cause: com.kms.katalon.core.webui.exception.WebElementNotFoundException: Web element with id: 'Object Repository/ReportingGroupManagement/groupDescTxt' located by 'By.xpath: //div[@class='col-xs-6']/textarea' not found)
[[ATTACHMENT|C:\\Users\\shalinin\\Katalon Studio\\HME_DEVScripts\\Reports\\RegressionSuite\\20180710_194344\\1531233223874.png]]

2018-07-10 20:03:44 - [MESSAGE][FAILED] - Unable to verify match between actual text 'null' and expected text 'South west branch Group 11' (Root cause: Actual text 'null' and expected text 'South west branch Group 11' are not matched)

2018-07-10 20:03:44 - [MESSAGE][FAILED] - Unable to get attribute 'value' of object 'Object Repository/ReportingGroupManagement/groupDescTxt' (Root cause: com.kms.katalon.core.webui.exception.WebElementNotFoundException: Web element with id: 'Object Repository/ReportingGroupManagement/groupDescTxt' located by 'By.xpath: //div[@class='col-xs-6']/textarea' not found)

2018-07-10 20:03:44 - [TEST_STEP][PASSED] - delay: Delayed 5 second(s)

2018-07-10 20:03:49 - [MESSAGE][PASSED] - Delayed 5 second(s)

2018-07-10 20:03:49 - [TEST_STEP][PASSED] - uiaction.CommonUIActions.click: uiaction.CommonUIActions.click is PASSED

2018-07-10 20:04:09 - [MESSAGE][PASSED] - uiaction.CommonUIActions.click is PASSED

2018-07-10 20:04:09 - [TEST_STEP][PASSED] - Statement - availableStoresCheckBoxList = driver.findElements(org.openqa.selenium.By.xpath(com.kms.katalon.core.testdata.TestDataFactory.findTestData(OR_file).getValue(2, 12))): Reading excel file with source file 'C:\Users\shalinin\Katalon Studio\HME_DEVScripts\Data Files\HME_OR.xlsx' and sheet name 'Sheet1'

2018-07-10 20:04:09 - [TEST_STEP][PASSED] - Statement - index = 1: null

2018-07-10 20:04:09 - [TEST_STEP][PASSED] - Statement - flag = true: null

2018-07-10 20:04:09 - [TEST_STEP][PASSED] - Statement - For ([i = 0, i < availableStoresCheckBoxList.size(), (i++)]): null

2018-07-10 20:04:09 - [TEST_STEP][PASSED] - Statement - If (flag): null

2018-07-10 20:04:09 - [TEST_STEP][PASSED] - Statement - out.println("All Available Store checkboxes are checked"): null

2018-07-10 20:04:09 - [TEST_STEP][PASSED] - delay: Delayed 5 second(s)

2018-07-10 20:04:14 - [MESSAGE][PASSED] - Delayed 5 second(s)

2018-07-10 20:04:14 - [TEST_STEP][PASSED] - Statement - StoresCBList = driver.findElements(org.openqa.selenium.By.xpath(com.kms.katalon.core.testdata.TestDataFactory.findTestData(OR_file).getValue(2, 12))): Reading excel file with source file 'C:\Users\shalinin\Katalon Studio\HME_DEVScripts\Data Files\HME_OR.xlsx' and sheet name 'Sheet1'

2018-07-10 20:04:15 - [TEST_STEP][PASSED] - Statement - For (org.openqa.selenium.WebElement checkbox : StoresCBList): null

2018-07-10 20:04:15 - [TEST_STEP][PASSED] - Statement - StoresCBList1 = driver.findElements(org.openqa.selenium.By.xpath(com.kms.katalon.core.testdata.TestDataFactory.findTestData(OR_file).getValue(2, 12))): Reading excel file with source file 'C:\Users\shalinin\Katalon Studio\HME_DEVScripts\Data Files\HME_OR.xlsx' and sheet name 'Sheet1'

2018-07-10 20:04:15 - [TEST_STEP][PASSED] - Statement - storesLabel = driver.findElements(org.openqa.selenium.By.xpath(com.kms.katalon.core.testdata.TestDataFactory.findTestData(OR_file).getValue(2, 10))): Reading excel file with source file 'C:\Users\shalinin\Katalon Studio\HME_DEVScripts\Data Files\HME_OR.xlsx' and sheet name 'Sheet1'

2018-07-10 20:04:15 - [TEST_STEP][PASSED] - Statement - groupStoresList = new java.util.ArrayList(): null

2018-07-10 20:04:15 - [TEST_STEP][PASSED] - Statement - out.println(StoresCBList1.size()): null

2018-07-10 20:04:15 - [TEST_STEP][PASSED] - Statement - size = StoresCBList1.size(): null

2018-07-10 20:04:15 - [TEST_STEP][PASSED] - Statement - For ([i = 0, i < StoresCBList1.size(), (i++)]): null

2018-07-10 20:04:15 - [TEST_STEP][PASSED] - Statement - out.println(groupStoresList): null

2018-07-10 20:04:15 - [TEST_STEP][PASSED] - uiaction.CommonUIActions.click: uiaction.CommonUIActions.click is PASSED

2018-07-10 20:04:35 - [MESSAGE][PASSED] - uiaction.CommonUIActions.click is PASSED

2018-07-10 20:04:35 - [TEST_STEP][PASSED] - delay: Delayed 5 second(s)

2018-07-10 20:04:40 - [MESSAGE][PASSED] - Delayed 5 second(s)

2018-07-10 20:04:40 - [TEST_STEP][PASSED] - Statement - secondStoreListBox1 = driver.findElements(org.openqa.selenium.By.xpath(com.kms.katalon.core.testdata.TestDataFactory.findTestData(OR_file).getValue(2, 11))): Reading excel file with source file 'C:\Users\shalinin\Katalon Studio\HME_DEVScripts\Data Files\HME_OR.xlsx' and sheet name 'Sheet1'

2018-07-10 20:04:40 - [TEST_STEP][PASSED] - Statement - actualList1 = new java.util.ArrayList(): null

2018-07-10 20:04:40 - [TEST_STEP][PASSED] - Statement - For ([i = 0, i < secondStoreListBox1.size(), (i++)]): null

2018-07-10 20:04:40 - [TEST_STEP][PASSED] - Statement - out.println(actualList1): null

2018-07-10 20:04:40 - [TEST_STEP][PASSED] - delay: Delayed 10 second(s)

2018-07-10 20:04:50 - [MESSAGE][PASSED] - Delayed 10 second(s)

2018-07-10 20:04:50 - [TEST_STEP][PASSED] - Statement - If (actualList1.containsAll(groupStoresList)): null

2018-07-10 20:04:50 - [TEST_STEP][PASSED] - Statement - println("Selected stores are displayed in Group/Stores in Group listbox"): null

2018-07-10 20:04:50 - [TEST_STEP][PASSED] - uiaction.CommonUIActions.click: uiaction.CommonUIActions.click is PASSED

2018-07-10 20:05:11 - [MESSAGE][PASSED] - uiaction.CommonUIActions.click is PASSED

2018-07-10 20:05:11 - [TEST_STEP][PASSED] - delay: Delayed 10 second(s)

2018-07-10 20:05:21 - [MESSAGE][PASSED] - Delayed 10 second(s)

2018-07-10 20:05:21 - [TEST_STEP][FAILED] - verifyElementPresent: com.kms.katalon.core.webui.exception.WebElementNotFoundException: Web element with id: 'Object Repository/ReportingGroupManagement/groupCreatedMsg' located by 'By.xpath: //div[@class='appr']/h4' not found

2018-07-10 20:05:32 - [MESSAGE][FAILED] - com.kms.katalon.core.webui.exception.WebElementNotFoundException: Web element with id: 'Object Repository/ReportingGroupManagement/groupCreatedMsg' located by 'By.xpath: //div[@class='appr']/h4' not found
[[ATTACHMENT|C:\\Users\\shalinin\\Katalon Studio\\HME_DEVScripts\\Reports\\RegressionSuite\\20180710_194344\\1531233331933.png]]

2018-07-10 20:05:32 - [TEST_STEP][PASSED] - delay: Delayed 10 second(s)

2018-07-10 20:05:42 - [MESSAGE][PASSED] - Delayed 10 second(s)

2018-07-10 20:05:42 - [TEST_STEP][PASSED] - uiaction.CommonUIActions.back: uiaction.CommonUIActions.back is PASSED

2018-07-10 20:05:42 - [MESSAGE][PASSED] - Navigate back successfully

2018-07-10 20:05:42 - [MESSAGE][PASSED] - uiaction.CommonUIActions.back is PASSED

2018-07-10 20:05:42 - [TEST_STEP][PASSED] - delay: Delayed 5 second(s)

2018-07-10 20:05:47 - [MESSAGE][PASSED] - Delayed 5 second(s)

2018-07-10 20:05:47 - [TEST_STEP][PASSED] - uiaction.CommonUIActions.back: uiaction.CommonUIActions.back is PASSED

2018-07-10 20:05:47 - [MESSAGE][PASSED] - Navigate back successfully

2018-07-10 20:05:47 - [MESSAGE][PASSED] - uiaction.CommonUIActions.back is PASSED

2018-07-10 20:05:47 - [TEST_STEP][PASSED] - delay: Delayed 5 second(s)

2018-07-10 20:05:52 - [MESSAGE][PASSED] - Delayed 5 second(s)

2018-07-10 20:05:52 - [TEST_STEP][PASSED] - Statement - groupHierarchyList = driver.findElements(org.openqa.selenium.By.xpath(com.kms.katalon.core.testdata.TestDataFactory.findTestData(OR_file).getValue(2, 13))): Reading excel file with source file 'C:\Users\shalinin\Katalon Studio\HME_DEVScripts\Data Files\HME_OR.xlsx' and sheet name 'Sheet1'

2018-07-10 20:05:52 - [TEST_STEP][PASSED] - Statement - actualgroupList = new java.util.ArrayList(): null

2018-07-10 20:05:52 - [TEST_STEP][PASSED] - Statement - For ([i = 0, i < groupHierarchyList.size(), (i++)]): null

2018-07-10 20:05:52 - [TEST_STEP][PASSED] - Statement - out.println(actualgroupList): null

2018-07-10 20:05:52 - [TEST_STEP][PASSED] - delay: Delayed 5 second(s)

2018-07-10 20:05:57 - [MESSAGE][PASSED] - Delayed 5 second(s)

2018-07-10 20:05:57 - [TEST_STEP][PASSED] - Statement - groupName = CustomKeywords.projectSpecific.Reusability.getTestData("ReportingGroupManagementPage", "GroupName"): projectSpecific.Reusability.getTestData is PASSED

2018-07-10 20:05:57 - [MESSAGE][PASSED] - projectSpecific.Reusability.getTestData is PASSED

2018-07-10 20:05:57 - [TEST_STEP][PASSED] - Statement - If (actualgroupList.contains(groupName)): null

2018-07-10 20:05:57 - [TEST_STEP][PASSED] - Statement - Else: Taking screenshot successfully

2018-07-10 20:05:57 - [TEST_STEP][PASSED] - Statement - If (TCflag): null

2018-07-10 20:05:57 - [TEST_STEP][PASSED] - Statement - println("Required group is not available in tree structure"): null

2018-07-10 20:05:57 - [TEST_STEP][PASSED] - takeScreenshot: Taking screenshot successfully

2018-07-10 20:05:57 - [MESSAGE][PASSED] - Taking screenshot successfully
[[ATTACHMENT|C:\\Users\\shalinin\\Katalon Studio\\HME_DEVScripts\\Reports\\RegressionSuite\\20180710_194344\\1531233357332.png]]

2018-07-10 20:05:57 - [TEST_STEP][PASSED] - uiaction.CommonUIActions.click: uiaction.CommonUIActions.click is PASSED

2018-07-10 20:06:18 - [MESSAGE][PASSED] - uiaction.CommonUIActions.click is PASSED

2018-07-10 20:06:18 - [TEST_STEP][PASSED] - Statement - subGroupList = new java.util.ArrayList(): null

2018-07-10 20:06:18 - [TEST_STEP][PASSED] - Statement - For ([i = 1, i <= size, (i++)]): null

2018-07-10 20:06:18 - [TEST_STEP][PASSED] - Statement - println(subGroupList): null

2018-07-10 20:06:18 - [TEST_STEP][PASSED] - Statement - If (subGroupList.containsAll(groupStoresList)): null

2018-07-10 20:06:18 - [TEST_STEP][PASSED] - Statement - println("Parent group have all the associated stores and groups"): null

2018-07-10 20:06:18 - [TEST_STEP][PASSED] - uiaction.CommonUIActions.click: uiaction.CommonUIActions.click is PASSED

2018-07-10 20:06:39 - [MESSAGE][PASSED] - uiaction.CommonUIActions.click is PASSED

2018-07-10 20:06:39 - [TEST_STEP][PASSED] - uiaction.CommonUIActions.click: uiaction.CommonUIActions.click is PASSED

2018-07-10 20:06:59 - [MESSAGE][PASSED] - uiaction.CommonUIActions.click is PASSED

2018-07-10 20:06:59 - [TEST_STEP][PASSED] - Statement - storesList = driver.findElements(org.openqa.selenium.By.xpath(com.kms.katalon.core.testdata.TestDataFactory.findTestData(OR_file).getValue(2, 16))): Reading excel file with source file 'C:\Users\shalinin\Katalon Studio\HME_DEVScripts\Data Files\HME_OR.xlsx' and sheet name 'Sheet1'

2018-07-10 20:06:59 - [TEST_STEP][PASSED] - Statement - For ([i = 1, i <= storesList.size(), (i++)]): null

2018-07-10 20:06:59 - [TEST_STEP][PASSED] - uiaction.CommonUIActions.click: uiaction.CommonUIActions.click is PASSED

2018-07-10 20:07:20 - [MESSAGE][PASSED] - uiaction.CommonUIActions.click is PASSED

2018-07-10 20:07:20 - [TEST_STEP][PASSED] - uiaction.CommonUIActions.click: uiaction.CommonUIActions.click is PASSED

2018-07-10 20:07:41 - [MESSAGE][PASSED] - uiaction.CommonUIActions.click is PASSED

2018-07-10 20:07:41 - [TEST_STEP][PASSED] - delay: Delayed 10 second(s)

2018-07-10 20:07:51 - [MESSAGE][PASSED] - Delayed 10 second(s)

2018-07-10 20:07:51 - [TEST_STEP][PASSED] - uiaction.CommonUIActions.click: uiaction.CommonUIActions.click is PASSED

2018-07-10 20:08:12 - [MESSAGE][PASSED] - uiaction.CommonUIActions.click is PASSED

2018-07-10 20:08:12 - [TEST_STEP][PASSED] - uiaction.CommonUIActions.click: uiaction.CommonUIActions.click is PASSED

2018-07-10 20:08:32 - [MESSAGE][PASSED] - uiaction.CommonUIActions.click is PASSED

2018-07-10 20:08:32 - [TEST_STEP][PASSED] - uiaction.CommonUIActions.click: uiaction.CommonUIActions.click is PASSED

2018-07-10 20:08:53 - [MESSAGE][PASSED] - uiaction.CommonUIActions.click is PASSED

2018-07-10 20:08:53 - [TEST_STEP][PASSED] - delay: Delayed 10 second(s)

2018-07-10 20:09:03 - [MESSAGE][PASSED] - Delayed 10 second(s)

2018-07-10 20:09:03 - [TEST_STEP][PASSED] - uiaction.CommonUIActions.back: uiaction.CommonUIActions.back is PASSED

2018-07-10 20:09:03 - [MESSAGE][PASSED] - Navigate back successfully

2018-07-10 20:09:03 - [MESSAGE][PASSED] - uiaction.CommonUIActions.back is PASSED

2018-07-10 20:09:03 - [TEST_STEP][PASSED] - delay: Delayed 5 second(s)

2018-07-10 20:09:08 - [MESSAGE][PASSED] - Delayed 5 second(s)

2018-07-10 20:09:08 - [TEST_STEP][PASSED] - uiaction.CommonUIActions.back: uiaction.CommonUIActions.back is PASSED

2018-07-10 20:09:08 - [MESSAGE][PASSED] - Navigate back successfully

2018-07-10 20:09:08 - [MESSAGE][PASSED] - uiaction.CommonUIActions.back is PASSED

2018-07-10 20:09:08 - [TEST_STEP][PASSED] - delay: Delayed 5 second(s)

2018-07-10 20:09:13 - [MESSAGE][PASSED] - Delayed 5 second(s)

2018-07-10 20:09:13 - [TEST_STEP][PASSED] - uiaction.CommonUIActions.click: uiaction.CommonUIActions.click is PASSED

2018-07-10 20:09:34 - [MESSAGE][PASSED] - uiaction.CommonUIActions.click is PASSED

2018-07-10 20:09:34 - [TEST_STEP][PASSED] - uiaction.CommonUIActions.click: uiaction.CommonUIActions.click is PASSED

2018-07-10 20:09:55 - [MESSAGE][PASSED] - uiaction.CommonUIActions.click is PASSED

2018-07-10 20:09:55 - [TEST_STEP][PASSED] - uiaction.CommonUIActions.click: uiaction.CommonUIActions.click is PASSED

2018-07-10 20:10:15 - [MESSAGE][PASSED] - uiaction.CommonUIActions.click is PASSED

2018-07-10 20:10:15 - [TEST_STEP][PASSED] - uiaction.CommonUIActions.click: uiaction.CommonUIActions.click is PASSED

2018-07-10 20:10:36 - [MESSAGE][PASSED] - uiaction.CommonUIActions.click is PASSED

2018-07-10 20:10:36 - [TEST_STEP][PASSED] - Statement - assert TCflag == true: null

2018-07-10 20:10:36 - [TEST_STEP][PASSED] - Start listener action : sampleAfterTestCase: Browser is closed

2018-07-10 20:10:36 - [TEST_STEP][PASSED] - Statement - println(testCaseContext.getTestCaseId()): null

2018-07-10 20:10:36 - [TEST_STEP][PASSED] - Statement - println(testCaseContext.getTestCaseStatus()): null

2018-07-10 20:10:36 - [TEST_STEP][PASSED] - closeBrowser: Browser is closed

2018-07-10 20:10:37 - [MESSAGE][PASSED] - Browser is closed]]></system-out>
         <system-err><![CDATA[2018-07-10 19:56:18 - [TEST_CASE][FAILED] - Test Cases/CreateGroupTC/HME-CreateGroup-04: Test Cases/CreateGroupTC/HME-CreateGroup-04 FAILED because (of) Unable to get attribute 'value' of object 'Object Repository/ReportingGroupManagement/groupNameTxt' (Root cause: com.kms.katalon.core.webui.exception.WebElementNotFoundException: Web element with id: 'Object Repository/ReportingGroupManagement/groupNameTxt' located by 'By.xpath: //input[@type='text']' not found)]]></system-err>
      </testcase>
      <testcase name="Test Cases/CreateGroupTC/HME-CreateGroup-06" classname="Test Cases/CreateGroupTC/HME-CreateGroup-06" status="FAILED">
         <failure type="FAILED" message="Unable to get attribute 'value' of object 'Object Repository/ReportingGroupManagement/groupNameTxt' (Root cause: com.kms.katalon.core.webui.exception.WebElementNotFoundException: Web element with id: 'Object Repository/ReportingGroupManagement/groupNameTxt' located by 'By.xpath: //input[@type='text']' not found)"/>
         <system-out><![CDATA[2018-07-10 20:10:37 - [TEST_CASE][FAILED] - Test Cases/CreateGroupTC/HME-CreateGroup-06: Test Cases/CreateGroupTC/HME-CreateGroup-06 FAILED because (of) Unable to get attribute 'value' of object 'Object Repository/ReportingGroupManagement/groupNameTxt' (Root cause: com.kms.katalon.core.webui.exception.WebElementNotFoundException: Web element with id: 'Object Repository/ReportingGroupManagement/groupNameTxt' located by 'By.xpath: //input[@type='text']' not found)

2018-07-10 20:10:37 - [TEST_STEP][PASSED] - Start listener action : sampleBeforeTestCase: uiaction.CommonUIActions.deleteAllCookies is PASSED

2018-07-10 20:10:37 - [TEST_STEP][PASSED] - openBrowser: Browser is opened with url: ''

2018-07-10 20:10:40 - [MESSAGE][PASSED] - Browser is opened with url: ''

2018-07-10 20:10:40 - [TEST_STEP][PASSED] - maximizeWindow: Current window maximized

2018-07-10 20:10:41 - [MESSAGE][PASSED] - Current window maximized

2018-07-10 20:10:41 - [TEST_STEP][PASSED] - uiaction.CommonUIActions.deleteAllCookies: uiaction.CommonUIActions.deleteAllCookies is PASSED

2018-07-10 20:10:41 - [MESSAGE][PASSED] - Delete all cookies successfully

2018-07-10 20:10:41 - [MESSAGE][PASSED] - uiaction.CommonUIActions.deleteAllCookies is PASSED

2018-07-10 20:10:41 - [TEST_STEP][PASSED] - Statement - TCflag = true: null

2018-07-10 20:10:41 - [TEST_STEP][FAILED] - Statement - Try: uiaction.CommonUIActions.click is PASSED

2018-07-10 20:10:41 - [TEST_STEP][PASSED] - navigateToUrl: Navigate to 'https://engdev.hmedtcloud.com/?pg=Login' successfully

2018-07-10 20:10:50 - [MESSAGE][PASSED] - Navigate to 'https://engdev.hmedtcloud.com/?pg=Login' successfully

2018-07-10 20:10:50 - [TEST_STEP][PASSED] - projectSpecific.Reusability.login: projectSpecific.Reusability.login is PASSED

2018-07-10 20:10:50 - [MESSAGE][PASSED] - projectSpecific.Reusability.getTestData is PASSED

2018-07-10 20:10:50 - [MESSAGE][PASSED] - projectSpecific.Reusability.getTestData is PASSED

2018-07-10 20:10:50 - [MESSAGE][PASSED] - Text 'selvendrank@nousinfo.com' is set on object 'Object Repository/LoginPage/Username'

2018-07-10 20:10:50 - [MESSAGE][PASSED] - Text 'Nous;123' is set on object 'Object Repository/LoginPage/Password'

2018-07-10 20:11:03 - [MESSAGE][PASSED] - Object: 'Object Repository/LoginPage/Login' is clicked on

2018-07-10 20:11:03 - [MESSAGE][PASSED] - projectSpecific.Reusability.login is PASSED

2018-07-10 20:11:03 - [TEST_STEP][PASSED] - delay: Delayed 10 second(s)

2018-07-10 20:11:13 - [MESSAGE][PASSED] - Delayed 10 second(s)

2018-07-10 20:11:13 - [TEST_STEP][PASSED] - uiaction.CommonUIActions.click: uiaction.CommonUIActions.click is PASSED

2018-07-10 20:11:24 - [MESSAGE][PASSED] - uiaction.CommonUIActions.click is PASSED

2018-07-10 20:11:24 - [TEST_STEP][PASSED] - delay: Delayed 10 second(s)

2018-07-10 20:11:34 - [MESSAGE][PASSED] - Delayed 10 second(s)

2018-07-10 20:11:34 - [TEST_STEP][PASSED] - uiaction.CommonUIActions.click: uiaction.CommonUIActions.click is PASSED

2018-07-10 20:11:38 - [MESSAGE][PASSED] - uiaction.CommonUIActions.click is PASSED

2018-07-10 20:11:38 - [TEST_STEP][PASSED] - uiaction.CommonUIActions.click: uiaction.CommonUIActions.click is PASSED

2018-07-10 20:11:38 - [MESSAGE][PASSED] - uiaction.CommonUIActions.click is PASSED

2018-07-10 20:11:38 - [TEST_STEP][PASSED] - verifyElementPresent: Object 'Object Repository/ReportingGroupManagement/reportingGroupDetails' is present

2018-07-10 20:11:38 - [MESSAGE][PASSED] - Object 'Object Repository/ReportingGroupManagement/reportingGroupDetails' is present

2018-07-10 20:11:38 - [TEST_STEP][PASSED] - uiaction.CommonUIActions.enter: uiaction.CommonUIActions.enter is PASSED

2018-07-10 20:11:38 - [MESSAGE][PASSED] - projectSpecific.Reusability.getTestData is PASSED

2018-07-10 20:11:38 - [MESSAGE][PASSED] - uiaction.CommonUIActions.enter is PASSED

2018-07-10 20:11:38 - [TEST_STEP][PASSED] - uiaction.CommonUIActions.enter: uiaction.CommonUIActions.enter is PASSED

2018-07-10 20:11:38 - [MESSAGE][PASSED] - projectSpecific.Reusability.getTestData is PASSED

2018-07-10 20:11:38 - [MESSAGE][PASSED] - uiaction.CommonUIActions.enter is PASSED

2018-07-10 20:11:38 - [TEST_STEP][PASSED] - uiaction.CommonUIActions.click: uiaction.CommonUIActions.click is PASSED

2018-07-10 20:11:39 - [MESSAGE][PASSED] - uiaction.CommonUIActions.click is PASSED

2018-07-10 20:11:39 - [TEST_STEP][PASSED] - delay: Delayed 10 second(s)

2018-07-10 20:11:49 - [MESSAGE][PASSED] - Delayed 10 second(s)

2018-07-10 20:11:49 - [TEST_STEP][PASSED] - uiaction.CommonUIActions.back: uiaction.CommonUIActions.back is PASSED

2018-07-10 20:11:49 - [MESSAGE][PASSED] - Navigate back successfully

2018-07-10 20:11:49 - [MESSAGE][PASSED] - uiaction.CommonUIActions.back is PASSED

2018-07-10 20:11:49 - [TEST_STEP][PASSED] - delay: Delayed 5 second(s)

2018-07-10 20:11:54 - [MESSAGE][PASSED] - Delayed 5 second(s)

2018-07-10 20:11:54 - [TEST_STEP][PASSED] - uiaction.CommonUIActions.enter: uiaction.CommonUIActions.enter is PASSED

2018-07-10 20:11:54 - [MESSAGE][PASSED] - projectSpecific.Reusability.getTestData is PASSED

2018-07-10 20:12:14 - [MESSAGE][PASSED] - uiaction.CommonUIActions.enter is PASSED

2018-07-10 20:12:14 - [TEST_STEP][PASSED] - uiaction.CommonUIActions.enter: uiaction.CommonUIActions.enter is PASSED

2018-07-10 20:12:14 - [MESSAGE][PASSED] - projectSpecific.Reusability.getTestData is PASSED

2018-07-10 20:12:35 - [MESSAGE][PASSED] - uiaction.CommonUIActions.enter is PASSED

2018-07-10 20:12:35 - [TEST_STEP][PASSED] - uiaction.CommonUIActions.click: uiaction.CommonUIActions.click is PASSED

2018-07-10 20:12:56 - [MESSAGE][PASSED] - uiaction.CommonUIActions.click is PASSED

2018-07-10 20:12:56 - [TEST_STEP][PASSED] - delay: Delayed 5 second(s)

2018-07-10 20:13:01 - [MESSAGE][PASSED] - Delayed 5 second(s)

2018-07-10 20:13:01 - [TEST_STEP][PASSED] - uiaction.CommonUIActions.back: uiaction.CommonUIActions.back is PASSED

2018-07-10 20:13:01 - [MESSAGE][PASSED] - Navigate back successfully

2018-07-10 20:13:01 - [MESSAGE][PASSED] - uiaction.CommonUIActions.back is PASSED

2018-07-10 20:13:01 - [TEST_STEP][PASSED] - delay: Delayed 5 second(s)

2018-07-10 20:13:06 - [MESSAGE][PASSED] - Delayed 5 second(s)

2018-07-10 20:13:06 - [TEST_STEP][PASSED] - uiaction.CommonUIActions.back: uiaction.CommonUIActions.back is PASSED

2018-07-10 20:13:07 - [MESSAGE][PASSED] - Navigate back successfully

2018-07-10 20:13:07 - [MESSAGE][PASSED] - uiaction.CommonUIActions.back is PASSED

2018-07-10 20:13:07 - [TEST_STEP][PASSED] - delay: Delayed 5 second(s)

2018-07-10 20:13:12 - [MESSAGE][PASSED] - Delayed 5 second(s)

2018-07-10 20:13:12 - [TEST_STEP][PASSED] - uiaction.CommonUIActions.click: uiaction.CommonUIActions.click is PASSED

2018-07-10 20:13:32 - [MESSAGE][PASSED] - uiaction.CommonUIActions.click is PASSED

2018-07-10 20:13:32 - [TEST_STEP][PASSED] - Statement - StoreList = CustomKeywords.projectSpecific.Reusability.getTestData("ReportingGroupManagementPage", "dummyGroupName2"): projectSpecific.Reusability.getTestData is PASSED

2018-07-10 20:13:32 - [MESSAGE][PASSED] - projectSpecific.Reusability.getTestData is PASSED

2018-07-10 20:13:32 - [TEST_STEP][PASSED] - Statement - listOfStores = new java.util.ArrayList(java.util.Arrays.asList(StoreList)): null

2018-07-10 20:13:32 - [TEST_STEP][PASSED] - Statement - out.println(listOfStores): null

2018-07-10 20:13:32 - [TEST_STEP][PASSED] - delay: Delayed 10 second(s)

2018-07-10 20:13:42 - [MESSAGE][PASSED] - Delayed 10 second(s)

2018-07-10 20:13:42 - [TEST_STEP][PASSED] - Statement - driver = com.kms.katalon.core.webui.driver.DriverFactory.getWebDriver(): null

2018-07-10 20:13:42 - [TEST_STEP][PASSED] - Statement - availableStoreList = driver.findElements(org.openqa.selenium.By.xpath(com.kms.katalon.core.testdata.TestDataFactory.findTestData(OR_file).getValue(2, 10))): Reading excel file with source file 'C:\Users\shalinin\Katalon Studio\HME_DEVScripts\Data Files\HME_OR.xlsx' and sheet name 'Sheet1'

2018-07-10 20:13:42 - [TEST_STEP][PASSED] - Statement - actualList = new java.util.ArrayList(): null

2018-07-10 20:13:42 - [TEST_STEP][PASSED] - Statement - For ([i = 0, i < availableStoreList.size(), (i++)]): null

2018-07-10 20:13:42 - [TEST_STEP][PASSED] - Statement - out.println(actualList): null

2018-07-10 20:13:42 - [TEST_STEP][PASSED] - Statement - If (actualList.containsAll(listOfStores)): null

2018-07-10 20:13:42 - [TEST_STEP][PASSED] - Statement - Else: Taking screenshot successfully

2018-07-10 20:13:42 - [TEST_STEP][PASSED] - Statement - If (TCflag): null

2018-07-10 20:13:42 - [TEST_STEP][PASSED] - Statement - println("Groups & Stores are not displayed in Available Groups/Stores listbox"): null

2018-07-10 20:13:42 - [TEST_STEP][PASSED] - takeScreenshot: Taking screenshot successfully

2018-07-10 20:13:43 - [MESSAGE][PASSED] - Taking screenshot successfully
[[ATTACHMENT|C:\\Users\\shalinin\\Katalon Studio\\HME_DEVScripts\\Reports\\RegressionSuite\\20180710_194344\\1531233822959.png]]

2018-07-10 20:13:43 - [TEST_STEP][PASSED] - uiaction.CommonUIActions.click: uiaction.CommonUIActions.click is PASSED

2018-07-10 20:14:03 - [MESSAGE][PASSED] - uiaction.CommonUIActions.click is PASSED

2018-07-10 20:14:03 - [TEST_STEP][PASSED] - uiaction.CommonUIActions.click: uiaction.CommonUIActions.click is PASSED

2018-07-10 20:14:24 - [MESSAGE][PASSED] - uiaction.CommonUIActions.click is PASSED

2018-07-10 20:14:24 - [TEST_STEP][PASSED] - uiaction.CommonUIActions.back: uiaction.CommonUIActions.back is PASSED

2018-07-10 20:14:24 - [MESSAGE][PASSED] - Navigate back successfully

2018-07-10 20:14:24 - [MESSAGE][PASSED] - uiaction.CommonUIActions.back is PASSED

2018-07-10 20:14:24 - [TEST_STEP][PASSED] - delay: Delayed 5 second(s)

2018-07-10 20:14:29 - [MESSAGE][PASSED] - Delayed 5 second(s)

2018-07-10 20:14:29 - [TEST_STEP][PASSED] - uiaction.CommonUIActions.back: uiaction.CommonUIActions.back is PASSED

2018-07-10 20:14:30 - [MESSAGE][PASSED] - Navigate back successfully

2018-07-10 20:14:30 - [MESSAGE][PASSED] - uiaction.CommonUIActions.back is PASSED

2018-07-10 20:14:30 - [TEST_STEP][PASSED] - delay: Delayed 5 second(s)

2018-07-10 20:14:35 - [MESSAGE][PASSED] - Delayed 5 second(s)

2018-07-10 20:14:35 - [TEST_STEP][PASSED] - uiaction.CommonUIActions.click: uiaction.CommonUIActions.click is PASSED

2018-07-10 20:14:56 - [MESSAGE][PASSED] - uiaction.CommonUIActions.click is PASSED

2018-07-10 20:14:56 - [TEST_STEP][PASSED] - uiaction.CommonUIActions.click: uiaction.CommonUIActions.click is PASSED

2018-07-10 20:15:17 - [MESSAGE][PASSED] - uiaction.CommonUIActions.click is PASSED

2018-07-10 20:15:17 - [TEST_STEP][PASSED] - uiaction.CommonUIActions.click: uiaction.CommonUIActions.click is PASSED

2018-07-10 20:15:37 - [MESSAGE][PASSED] - uiaction.CommonUIActions.click is PASSED

2018-07-10 20:15:37 - [TEST_STEP][PASSED] - uiaction.CommonUIActions.back: uiaction.CommonUIActions.back is PASSED

2018-07-10 20:15:37 - [MESSAGE][PASSED] - Navigate back successfully

2018-07-10 20:15:37 - [MESSAGE][PASSED] - uiaction.CommonUIActions.back is PASSED

2018-07-10 20:15:37 - [TEST_STEP][PASSED] - delay: Delayed 5 second(s)

2018-07-10 20:15:42 - [MESSAGE][PASSED] - Delayed 5 second(s)

2018-07-10 20:15:42 - [TEST_STEP][PASSED] - uiaction.CommonUIActions.back: uiaction.CommonUIActions.back is PASSED

2018-07-10 20:15:42 - [MESSAGE][PASSED] - Navigate back successfully

2018-07-10 20:15:42 - [MESSAGE][PASSED] - uiaction.CommonUIActions.back is PASSED

2018-07-10 20:15:42 - [TEST_STEP][PASSED] - delay: Delayed 5 second(s)

2018-07-10 20:15:47 - [MESSAGE][PASSED] - Delayed 5 second(s)

2018-07-10 20:15:47 - [TEST_STEP][PASSED] - uiaction.CommonUIActions.click: uiaction.CommonUIActions.click is PASSED

2018-07-10 20:16:08 - [MESSAGE][PASSED] - uiaction.CommonUIActions.click is PASSED

2018-07-10 20:16:08 - [TEST_STEP][PASSED] - delay: Delayed 5 second(s)

2018-07-10 20:16:13 - [MESSAGE][PASSED] - Delayed 5 second(s)

2018-07-10 20:16:13 - [TEST_STEP][PASSED] - Statement - secondStoreListBox = driver.findElements(org.openqa.selenium.By.xpath(com.kms.katalon.core.testdata.TestDataFactory.findTestData(OR_file).getValue(2, 11))): Reading excel file with source file 'C:\Users\shalinin\Katalon Studio\HME_DEVScripts\Data Files\HME_OR.xlsx' and sheet name 'Sheet1'

2018-07-10 20:16:13 - [TEST_STEP][PASSED] - Statement - list = new java.util.ArrayList(): null

2018-07-10 20:16:13 - [TEST_STEP][PASSED] - Statement - For ([i = 0, i < secondStoreListBox.size(), (i++)]): null

2018-07-10 20:16:13 - [TEST_STEP][PASSED] - Statement - If (list.size() == 0): null

2018-07-10 20:16:13 - [TEST_STEP][PASSED] - Statement - println("No Groups/Stores is displayed in Groups/Stores in Group list box"): null

2018-07-10 20:16:13 - [TEST_STEP][PASSED] - uiaction.CommonUIActions.enter: uiaction.CommonUIActions.enter is PASSED

2018-07-10 20:16:13 - [MESSAGE][PASSED] - projectSpecific.Reusability.getTestData is PASSED

2018-07-10 20:16:34 - [MESSAGE][PASSED] - uiaction.CommonUIActions.enter is PASSED

2018-07-10 20:16:34 - [TEST_STEP][PASSED] - uiaction.CommonUIActions.enter: uiaction.CommonUIActions.enter is PASSED

2018-07-10 20:16:34 - [MESSAGE][PASSED] - projectSpecific.Reusability.getTestData is PASSED

2018-07-10 20:16:55 - [MESSAGE][PASSED] - uiaction.CommonUIActions.enter is PASSED

2018-07-10 20:16:55 - [TEST_STEP][FAILED] - uiaction.CommonUIActions.verifyMatch: Unable to get attribute 'value' of object 'Object Repository/ReportingGroupManagement/groupNameTxt' (Root cause: com.kms.katalon.core.webui.exception.WebElementNotFoundException: Web element with id: 'Object Repository/ReportingGroupManagement/groupNameTxt' located by 'By.xpath: //input[@type='text']' not found)

2018-07-10 20:16:55 - [MESSAGE][PASSED] - projectSpecific.Reusability.getTestData is PASSED

2018-07-10 20:17:26 - [MESSAGE][FAILED] - Unable to get attribute 'value' of object 'Object Repository/ReportingGroupManagement/groupNameTxt' (Root cause: com.kms.katalon.core.webui.exception.WebElementNotFoundException: Web element with id: 'Object Repository/ReportingGroupManagement/groupNameTxt' located by 'By.xpath: //input[@type='text']' not found)
[[ATTACHMENT|C:\\Users\\shalinin\\Katalon Studio\\HME_DEVScripts\\Reports\\RegressionSuite\\20180710_194344\\1531234046221.png]]

2018-07-10 20:17:26 - [MESSAGE][FAILED] - Unable to verify match between actual text 'null' and expected text 'AutomationGroup1' (Root cause: Actual text 'null' and expected text 'AutomationGroup1' are not matched)

2018-07-10 20:17:26 - [MESSAGE][FAILED] - Unable to get attribute 'value' of object 'Object Repository/ReportingGroupManagement/groupNameTxt' (Root cause: com.kms.katalon.core.webui.exception.WebElementNotFoundException: Web element with id: 'Object Repository/ReportingGroupManagement/groupNameTxt' located by 'By.xpath: //input[@type='text']' not found)

2018-07-10 20:17:26 - [TEST_STEP][FAILED] - uiaction.CommonUIActions.verifyMatch: Unable to get attribute 'value' of object 'Object Repository/ReportingGroupManagement/groupDescTxt' (Root cause: com.kms.katalon.core.webui.exception.WebElementNotFoundException: Web element with id: 'Object Repository/ReportingGroupManagement/groupDescTxt' located by 'By.xpath: //div[@class='col-xs-6']/textarea' not found)

2018-07-10 20:17:26 - [MESSAGE][PASSED] - projectSpecific.Reusability.getTestData is PASSED

2018-07-10 20:17:57 - [MESSAGE][FAILED] - Unable to get attribute 'value' of object 'Object Repository/ReportingGroupManagement/groupDescTxt' (Root cause: com.kms.katalon.core.webui.exception.WebElementNotFoundException: Web element with id: 'Object Repository/ReportingGroupManagement/groupDescTxt' located by 'By.xpath: //div[@class='col-xs-6']/textarea' not found)
[[ATTACHMENT|C:\\Users\\shalinin\\Katalon Studio\\HME_DEVScripts\\Reports\\RegressionSuite\\20180710_194344\\1531234077599.png]]

2018-07-10 20:17:57 - [MESSAGE][FAILED] - Unable to verify match between actual text 'null' and expected text 'South west branch Group 1' (Root cause: Actual text 'null' and expected text 'South west branch Group 1' are not matched)

2018-07-10 20:17:57 - [MESSAGE][FAILED] - Unable to get attribute 'value' of object 'Object Repository/ReportingGroupManagement/groupDescTxt' (Root cause: com.kms.katalon.core.webui.exception.WebElementNotFoundException: Web element with id: 'Object Repository/ReportingGroupManagement/groupDescTxt' located by 'By.xpath: //div[@class='col-xs-6']/textarea' not found)

2018-07-10 20:17:57 - [TEST_STEP][PASSED] - delay: Delayed 5 second(s)

2018-07-10 20:18:02 - [MESSAGE][PASSED] - Delayed 5 second(s)

2018-07-10 20:18:02 - [TEST_STEP][PASSED] - Statement - StoresCBList = driver.findElements(org.openqa.selenium.By.xpath(com.kms.katalon.core.testdata.TestDataFactory.findTestData(OR_file).getValue(2, 12))): Reading excel file with source file 'C:\Users\shalinin\Katalon Studio\HME_DEVScripts\Data Files\HME_OR.xlsx' and sheet name 'Sheet1'

2018-07-10 20:18:02 - [TEST_STEP][PASSED] - Statement - storesLabel = driver.findElements(org.openqa.selenium.By.xpath(com.kms.katalon.core.testdata.TestDataFactory.findTestData(OR_file).getValue(2, 10))): Reading excel file with source file 'C:\Users\shalinin\Katalon Studio\HME_DEVScripts\Data Files\HME_OR.xlsx' and sheet name 'Sheet1'

2018-07-10 20:18:02 - [TEST_STEP][PASSED] - Statement - groupStoresList = new java.util.ArrayList(): null

2018-07-10 20:18:02 - [TEST_STEP][PASSED] - Statement - out.println(StoresCBList.size()): null

2018-07-10 20:18:02 - [TEST_STEP][PASSED] - Statement - size = StoresCBList.size(): null

2018-07-10 20:18:02 - [TEST_STEP][PASSED] - delay: Delayed 5 second(s)

2018-07-10 20:18:07 - [MESSAGE][PASSED] - Delayed 5 second(s)

2018-07-10 20:18:07 - [TEST_STEP][PASSED] - Statement - For ([i = 0, i < size, (i++)]): null

2018-07-10 20:18:07 - [TEST_STEP][PASSED] - Statement - out.println(groupStoresList): null

2018-07-10 20:18:08 - [TEST_STEP][PASSED] - delay: Delayed 10 second(s)

2018-07-10 20:18:18 - [MESSAGE][PASSED] - Delayed 10 second(s)

2018-07-10 20:18:18 - [TEST_STEP][PASSED] - uiaction.CommonUIActions.click: uiaction.CommonUIActions.click is PASSED

2018-07-10 20:18:38 - [MESSAGE][PASSED] - uiaction.CommonUIActions.click is PASSED

2018-07-10 20:18:38 - [TEST_STEP][PASSED] - delay: Delayed 10 second(s)

2018-07-10 20:18:48 - [MESSAGE][PASSED] - Delayed 10 second(s)

2018-07-10 20:18:48 - [TEST_STEP][PASSED] - Statement - secondStoreListBox1 = driver.findElements(org.openqa.selenium.By.xpath(com.kms.katalon.core.testdata.TestDataFactory.findTestData(OR_file).getValue(2, 11))): Reading excel file with source file 'C:\Users\shalinin\Katalon Studio\HME_DEVScripts\Data Files\HME_OR.xlsx' and sheet name 'Sheet1'

2018-07-10 20:18:48 - [TEST_STEP][PASSED] - Statement - actualList1 = new java.util.ArrayList(): null

2018-07-10 20:18:48 - [TEST_STEP][PASSED] - Statement - For ([i = 0, i < secondStoreListBox1.size(), (i++)]): null

2018-07-10 20:18:48 - [TEST_STEP][PASSED] - Statement - out.println(actualList1): null

2018-07-10 20:18:48 - [TEST_STEP][PASSED] - delay: Delayed 10 second(s)

2018-07-10 20:18:58 - [MESSAGE][PASSED] - Delayed 10 second(s)

2018-07-10 20:18:58 - [TEST_STEP][PASSED] - Statement - If (actualList1.containsAll(groupStoresList)): null

2018-07-10 20:18:58 - [TEST_STEP][PASSED] - Statement - println("Selected stores are displayed in Group/Stores in Group listbox"): null

2018-07-10 20:18:58 - [TEST_STEP][PASSED] - uiaction.CommonUIActions.click: uiaction.CommonUIActions.click is PASSED

2018-07-10 20:19:19 - [MESSAGE][PASSED] - uiaction.CommonUIActions.click is PASSED

2018-07-10 20:19:19 - [TEST_STEP][PASSED] - delay: Delayed 10 second(s)

2018-07-10 20:19:29 - [MESSAGE][PASSED] - Delayed 10 second(s)

2018-07-10 20:19:29 - [TEST_STEP][PASSED] - uiaction.CommonUIActions.back: uiaction.CommonUIActions.back is PASSED

2018-07-10 20:19:29 - [MESSAGE][PASSED] - Navigate back successfully

2018-07-10 20:19:29 - [MESSAGE][PASSED] - uiaction.CommonUIActions.back is PASSED

2018-07-10 20:19:29 - [TEST_STEP][PASSED] - delay: Delayed 5 second(s)

2018-07-10 20:19:34 - [MESSAGE][PASSED] - Delayed 5 second(s)

2018-07-10 20:19:34 - [TEST_STEP][PASSED] - uiaction.CommonUIActions.back: uiaction.CommonUIActions.back is PASSED

2018-07-10 20:19:34 - [MESSAGE][PASSED] - Navigate back successfully

2018-07-10 20:19:34 - [MESSAGE][PASSED] - uiaction.CommonUIActions.back is PASSED

2018-07-10 20:19:34 - [TEST_STEP][PASSED] - delay: Delayed 5 second(s)

2018-07-10 20:19:39 - [MESSAGE][PASSED] - Delayed 5 second(s)

2018-07-10 20:19:39 - [TEST_STEP][PASSED] - uiaction.CommonUIActions.click: uiaction.CommonUIActions.click is PASSED

2018-07-10 20:20:00 - [MESSAGE][PASSED] - uiaction.CommonUIActions.click is PASSED

2018-07-10 20:20:00 - [TEST_STEP][PASSED] - uiaction.CommonUIActions.click: uiaction.CommonUIActions.click is PASSED

2018-07-10 20:20:21 - [MESSAGE][PASSED] - uiaction.CommonUIActions.click is PASSED

2018-07-10 20:20:21 - [TEST_STEP][PASSED] - uiaction.CommonUIActions.click: uiaction.CommonUIActions.click is PASSED

2018-07-10 20:20:41 - [MESSAGE][PASSED] - uiaction.CommonUIActions.click is PASSED

2018-07-10 20:20:41 - [TEST_STEP][PASSED] - Statement - storesList = driver.findElements(org.openqa.selenium.By.xpath(com.kms.katalon.core.testdata.TestDataFactory.findTestData(OR_file).getValue(2, 16))): Reading excel file with source file 'C:\Users\shalinin\Katalon Studio\HME_DEVScripts\Data Files\HME_OR.xlsx' and sheet name 'Sheet1'

2018-07-10 20:20:41 - [TEST_STEP][PASSED] - Statement - For ([i = 1, i < storesList.size(), (i++)]): null

2018-07-10 20:20:41 - [TEST_STEP][PASSED] - uiaction.CommonUIActions.click: uiaction.CommonUIActions.click is PASSED

2018-07-10 20:21:02 - [MESSAGE][PASSED] - uiaction.CommonUIActions.click is PASSED

2018-07-10 20:21:02 - [TEST_STEP][PASSED] - delay: Delayed 5 second(s)

2018-07-10 20:21:07 - [MESSAGE][PASSED] - Delayed 5 second(s)

2018-07-10 20:21:07 - [TEST_STEP][PASSED] - uiaction.CommonUIActions.click: uiaction.CommonUIActions.click is PASSED

2018-07-10 20:21:28 - [MESSAGE][PASSED] - uiaction.CommonUIActions.click is PASSED

2018-07-10 20:21:28 - [TEST_STEP][PASSED] - delay: Delayed 5 second(s)

2018-07-10 20:21:33 - [MESSAGE][PASSED] - Delayed 5 second(s)

2018-07-10 20:21:33 - [TEST_STEP][PASSED] - uiaction.CommonUIActions.click: uiaction.CommonUIActions.click is PASSED

2018-07-10 20:21:54 - [MESSAGE][PASSED] - uiaction.CommonUIActions.click is PASSED

2018-07-10 20:21:54 - [TEST_STEP][PASSED] - uiaction.CommonUIActions.click: uiaction.CommonUIActions.click is PASSED

2018-07-10 20:22:14 - [MESSAGE][PASSED] - uiaction.CommonUIActions.click is PASSED

2018-07-10 20:22:14 - [TEST_STEP][PASSED] - uiaction.CommonUIActions.click: uiaction.CommonUIActions.click is PASSED

2018-07-10 20:22:35 - [MESSAGE][PASSED] - uiaction.CommonUIActions.click is PASSED

2018-07-10 20:22:35 - [TEST_STEP][PASSED] - delay: Delayed 10 second(s)

2018-07-10 20:22:45 - [MESSAGE][PASSED] - Delayed 10 second(s)

2018-07-10 20:22:45 - [TEST_STEP][PASSED] - uiaction.CommonUIActions.back: uiaction.CommonUIActions.back is PASSED

2018-07-10 20:22:45 - [MESSAGE][PASSED] - Navigate back successfully

2018-07-10 20:22:45 - [MESSAGE][PASSED] - uiaction.CommonUIActions.back is PASSED

2018-07-10 20:22:45 - [TEST_STEP][PASSED] - delay: Delayed 5 second(s)

2018-07-10 20:22:50 - [MESSAGE][PASSED] - Delayed 5 second(s)

2018-07-10 20:22:50 - [TEST_STEP][PASSED] - uiaction.CommonUIActions.back: uiaction.CommonUIActions.back is PASSED

2018-07-10 20:22:50 - [MESSAGE][PASSED] - Navigate back successfully

2018-07-10 20:22:50 - [MESSAGE][PASSED] - uiaction.CommonUIActions.back is PASSED

2018-07-10 20:22:50 - [TEST_STEP][PASSED] - uiaction.CommonUIActions.click: uiaction.CommonUIActions.click is PASSED

2018-07-10 20:23:11 - [MESSAGE][PASSED] - uiaction.CommonUIActions.click is PASSED

2018-07-10 20:23:11 - [TEST_STEP][PASSED] - uiaction.CommonUIActions.click: uiaction.CommonUIActions.click is PASSED

2018-07-10 20:23:32 - [MESSAGE][PASSED] - uiaction.CommonUIActions.click is PASSED

2018-07-10 20:23:32 - [TEST_STEP][PASSED] - uiaction.CommonUIActions.click: uiaction.CommonUIActions.click is PASSED

2018-07-10 20:23:52 - [MESSAGE][PASSED] - uiaction.CommonUIActions.click is PASSED

2018-07-10 20:23:52 - [TEST_STEP][PASSED] - uiaction.CommonUIActions.click: uiaction.CommonUIActions.click is PASSED

2018-07-10 20:24:13 - [MESSAGE][PASSED] - uiaction.CommonUIActions.click is PASSED

2018-07-10 20:24:13 - [TEST_STEP][PASSED] - Statement - assert TCflag == true: null

2018-07-10 20:24:13 - [TEST_STEP][PASSED] - Start listener action : sampleAfterTestCase: Browser is closed

2018-07-10 20:24:13 - [TEST_STEP][PASSED] - Statement - println(testCaseContext.getTestCaseId()): null

2018-07-10 20:24:13 - [TEST_STEP][PASSED] - Statement - println(testCaseContext.getTestCaseStatus()): null

2018-07-10 20:24:13 - [TEST_STEP][PASSED] - closeBrowser: Browser is closed

2018-07-10 20:24:14 - [MESSAGE][PASSED] - Browser is closed]]></system-out>
         <system-err><![CDATA[2018-07-10 20:10:37 - [TEST_CASE][FAILED] - Test Cases/CreateGroupTC/HME-CreateGroup-06: Test Cases/CreateGroupTC/HME-CreateGroup-06 FAILED because (of) Unable to get attribute 'value' of object 'Object Repository/ReportingGroupManagement/groupNameTxt' (Root cause: com.kms.katalon.core.webui.exception.WebElementNotFoundException: Web element with id: 'Object Repository/ReportingGroupManagement/groupNameTxt' located by 'By.xpath: //input[@type='text']' not found)]]></system-err>
      </testcase>
      <testcase name="Test Cases/CreateGroupTC/HME-CreateGroup-08" classname="Test Cases/CreateGroupTC/HME-CreateGroup-08" status="FAILED">
         <failure type="FAILED" message="org.codehaus.groovy.runtime.powerassert.PowerAssertionError: assert TCflag==true
       |     |
       false false"/>
         <system-out><![CDATA[2018-07-10 20:24:14 - [TEST_CASE][FAILED] - Test Cases/CreateGroupTC/HME-CreateGroup-08: Test Cases/CreateGroupTC/HME-CreateGroup-08 FAILED because (of) org.codehaus.groovy.runtime.powerassert.PowerAssertionError: assert TCflag==true
       |     |
       false false

2018-07-10 20:24:14 - [TEST_STEP][PASSED] - Start listener action : sampleBeforeTestCase: uiaction.CommonUIActions.deleteAllCookies is PASSED

2018-07-10 20:24:14 - [TEST_STEP][PASSED] - openBrowser: Browser is opened with url: ''

2018-07-10 20:24:16 - [MESSAGE][PASSED] - Browser is opened with url: ''

2018-07-10 20:24:16 - [TEST_STEP][PASSED] - maximizeWindow: Current window maximized

2018-07-10 20:24:17 - [MESSAGE][PASSED] - Current window maximized

2018-07-10 20:24:17 - [TEST_STEP][PASSED] - uiaction.CommonUIActions.deleteAllCookies: uiaction.CommonUIActions.deleteAllCookies is PASSED

2018-07-10 20:24:17 - [MESSAGE][PASSED] - Delete all cookies successfully

2018-07-10 20:24:17 - [MESSAGE][PASSED] - uiaction.CommonUIActions.deleteAllCookies is PASSED

2018-07-10 20:24:18 - [TEST_STEP][PASSED] - Statement - TCflag = true: null

2018-07-10 20:24:18 - [TEST_STEP][PASSED] - Statement - Try: null

2018-07-10 20:24:18 - [TEST_STEP][PASSED] - navigateToUrl: Navigate to 'https://engdev.hmedtcloud.com/?pg=Login' successfully

2018-07-10 20:24:26 - [MESSAGE][PASSED] - Navigate to 'https://engdev.hmedtcloud.com/?pg=Login' successfully

2018-07-10 20:24:26 - [TEST_STEP][PASSED] - projectSpecific.Reusability.login: projectSpecific.Reusability.login is PASSED

2018-07-10 20:24:26 - [MESSAGE][PASSED] - projectSpecific.Reusability.getTestData is PASSED

2018-07-10 20:24:26 - [MESSAGE][PASSED] - projectSpecific.Reusability.getTestData is PASSED

2018-07-10 20:24:26 - [MESSAGE][PASSED] - Text 'selvendrank@nousinfo.com' is set on object 'Object Repository/LoginPage/Username'

2018-07-10 20:24:26 - [MESSAGE][PASSED] - Text 'Nous;123' is set on object 'Object Repository/LoginPage/Password'

2018-07-10 20:24:39 - [MESSAGE][PASSED] - Object: 'Object Repository/LoginPage/Login' is clicked on

2018-07-10 20:24:39 - [MESSAGE][PASSED] - projectSpecific.Reusability.login is PASSED

2018-07-10 20:24:39 - [TEST_STEP][PASSED] - delay: Delayed 10 second(s)

2018-07-10 20:24:49 - [MESSAGE][PASSED] - Delayed 10 second(s)

2018-07-10 20:24:49 - [TEST_STEP][PASSED] - Statement - driver = com.kms.katalon.core.webui.driver.DriverFactory.getWebDriver(): null

2018-07-10 20:24:49 - [TEST_STEP][PASSED] - uiaction.CommonUIActions.click: uiaction.CommonUIActions.click is PASSED

2018-07-10 20:25:01 - [MESSAGE][PASSED] - uiaction.CommonUIActions.click is PASSED

2018-07-10 20:25:01 - [TEST_STEP][PASSED] - delay: Delayed 10 second(s)

2018-07-10 20:25:11 - [MESSAGE][PASSED] - Delayed 10 second(s)

2018-07-10 20:25:11 - [TEST_STEP][PASSED] - uiaction.CommonUIActions.click: uiaction.CommonUIActions.click is PASSED

2018-07-10 20:25:15 - [MESSAGE][PASSED] - uiaction.CommonUIActions.click is PASSED

2018-07-10 20:25:15 - [TEST_STEP][PASSED] - uiaction.CommonUIActions.click: uiaction.CommonUIActions.click is PASSED

2018-07-10 20:25:15 - [MESSAGE][PASSED] - uiaction.CommonUIActions.click is PASSED

2018-07-10 20:25:15 - [TEST_STEP][PASSED] - delay: Delayed 10 second(s)

2018-07-10 20:25:25 - [MESSAGE][PASSED] - Delayed 10 second(s)

2018-07-10 20:25:25 - [TEST_STEP][PASSED] - Statement - existingGroup = CustomKeywords.projectSpecific.Reusability.getTestData("ReportingGroupManagementPage", "alreadyDeletedGroup"): projectSpecific.Reusability.getTestData is PASSED

2018-07-10 20:25:25 - [MESSAGE][PASSED] - projectSpecific.Reusability.getTestData is PASSED

2018-07-10 20:25:25 - [TEST_STEP][PASSED] - uiaction.CommonUIActions.enter: uiaction.CommonUIActions.enter is PASSED

2018-07-10 20:25:25 - [MESSAGE][PASSED] - uiaction.CommonUIActions.enter is PASSED

2018-07-10 20:25:25 - [TEST_STEP][PASSED] - uiaction.CommonUIActions.enter: uiaction.CommonUIActions.enter is PASSED

2018-07-10 20:25:25 - [MESSAGE][PASSED] - projectSpecific.Reusability.getTestData is PASSED

2018-07-10 20:25:25 - [MESSAGE][PASSED] - uiaction.CommonUIActions.enter is PASSED

2018-07-10 20:25:25 - [TEST_STEP][PASSED] - delay: Delayed 10 second(s)

2018-07-10 20:25:35 - [MESSAGE][PASSED] - Delayed 10 second(s)

2018-07-10 20:25:35 - [TEST_STEP][PASSED] - uiaction.CommonUIActions.click: uiaction.CommonUIActions.click is PASSED

2018-07-10 20:25:35 - [MESSAGE][PASSED] - uiaction.CommonUIActions.click is PASSED

2018-07-10 20:25:35 - [TEST_STEP][PASSED] - back: Navigate back successfully

2018-07-10 20:25:35 - [MESSAGE][PASSED] - Navigate back successfully

2018-07-10 20:25:35 - [TEST_STEP][PASSED] - delay: Delayed 10 second(s)

2018-07-10 20:25:45 - [MESSAGE][PASSED] - Delayed 10 second(s)

2018-07-10 20:25:45 - [TEST_STEP][PASSED] - back: Navigate back successfully

2018-07-10 20:25:45 - [MESSAGE][PASSED] - Navigate back successfully

2018-07-10 20:25:45 - [TEST_STEP][PASSED] - delay: Delayed 10 second(s)

2018-07-10 20:25:55 - [MESSAGE][PASSED] - Delayed 10 second(s)

2018-07-10 20:25:55 - [TEST_STEP][PASSED] - Statement - groupHierarchyList = driver.findElements(org.openqa.selenium.By.xpath(com.kms.katalon.core.testdata.TestDataFactory.findTestData(OR_file).getValue(2, 13))): Reading excel file with source file 'C:\Users\shalinin\Katalon Studio\HME_DEVScripts\Data Files\HME_OR.xlsx' and sheet name 'Sheet1'

2018-07-10 20:25:55 - [TEST_STEP][PASSED] - Statement - exists = false: null

2018-07-10 20:25:55 - [TEST_STEP][PASSED] - Statement - For ([i = 0, i < groupHierarchyList.size(), (i++)]): null

2018-07-10 20:25:55 - [TEST_STEP][PASSED] - Statement - If (!(exists)): null

2018-07-10 20:25:55 - [TEST_STEP][PASSED] - Statement - If (!(TCflag)): null

2018-07-10 20:25:55 - [TEST_STEP][PASSED] - Statement - groupXpath = "//span[text()='" + existingGroup + "']": null

2018-07-10 20:25:55 - [TEST_STEP][PASSED] - Statement - println(groupXpath): null

2018-07-10 20:25:55 - [TEST_STEP][PASSED] - Statement - driver.findElement(org.openqa.selenium.By.xpath(groupXpath)).click(): null

2018-07-10 20:25:55 - [TEST_STEP][PASSED] - Statement - Catch (Exception e): null

2018-07-10 20:25:55 - [TEST_STEP][PASSED] - Statement - e.printStackTrace(): null

2018-07-10 20:25:55 - [TEST_STEP][PASSED] - Statement - println("Exception of element not found"): null

2018-07-10 20:25:55 - [TEST_STEP][PASSED] - Statement - If (TCflag): null

2018-07-10 20:25:55 - [TEST_STEP][PASSED] - Statement - assert TCflag == true: null

2018-07-10 20:25:55 - [TEST_STEP][PASSED] - Start listener action : sampleAfterTestCase: Browser is closed

2018-07-10 20:25:55 - [TEST_STEP][PASSED] - Statement - println(testCaseContext.getTestCaseId()): null

2018-07-10 20:25:55 - [TEST_STEP][PASSED] - Statement - println(testCaseContext.getTestCaseStatus()): null

2018-07-10 20:25:55 - [TEST_STEP][PASSED] - closeBrowser: Browser is closed

2018-07-10 20:25:56 - [MESSAGE][PASSED] - Browser is closed]]></system-out>
         <system-err><![CDATA[2018-07-10 20:24:14 - [TEST_CASE][FAILED] - Test Cases/CreateGroupTC/HME-CreateGroup-08: Test Cases/CreateGroupTC/HME-CreateGroup-08 FAILED because (of) org.codehaus.groovy.runtime.powerassert.PowerAssertionError: assert TCflag==true
       |     |
       false false]]></system-err>
      </testcase>
      <testcase name="Test Cases/CreateGroupTC/HME-DeleteGroup-07" classname="Test Cases/CreateGroupTC/HME-DeleteGroup-07" status="PASSED">
         <system-out><![CDATA[2018-07-10 20:25:56 - [TEST_CASE][PASSED] - Test Cases/CreateGroupTC/HME-DeleteGroup-07: Browser is closed

2018-07-10 20:25:56 - [TEST_STEP][PASSED] - Start listener action : sampleBeforeTestCase: uiaction.CommonUIActions.deleteAllCookies is PASSED

2018-07-10 20:25:56 - [TEST_STEP][PASSED] - openBrowser: Browser is opened with url: ''

2018-07-10 20:25:58 - [MESSAGE][PASSED] - Browser is opened with url: ''

2018-07-10 20:25:58 - [TEST_STEP][PASSED] - maximizeWindow: Current window maximized

2018-07-10 20:26:00 - [MESSAGE][PASSED] - Current window maximized

2018-07-10 20:26:00 - [TEST_STEP][PASSED] - uiaction.CommonUIActions.deleteAllCookies: uiaction.CommonUIActions.deleteAllCookies is PASSED

2018-07-10 20:26:00 - [MESSAGE][PASSED] - Delete all cookies successfully

2018-07-10 20:26:00 - [MESSAGE][PASSED] - uiaction.CommonUIActions.deleteAllCookies is PASSED

2018-07-10 20:26:00 - [TEST_STEP][PASSED] - Statement - TCflag = true: null

2018-07-10 20:26:00 - [TEST_STEP][PASSED] - Statement - Try: null

2018-07-10 20:26:00 - [TEST_STEP][PASSED] - navigateToUrl: Navigate to 'https://engdev.hmedtcloud.com/?pg=Login' successfully

2018-07-10 20:26:08 - [MESSAGE][PASSED] - Navigate to 'https://engdev.hmedtcloud.com/?pg=Login' successfully

2018-07-10 20:26:08 - [TEST_STEP][PASSED] - projectSpecific.Reusability.login: projectSpecific.Reusability.login is PASSED

2018-07-10 20:26:08 - [MESSAGE][PASSED] - projectSpecific.Reusability.getTestData is PASSED

2018-07-10 20:26:08 - [MESSAGE][PASSED] - projectSpecific.Reusability.getTestData is PASSED

2018-07-10 20:26:08 - [MESSAGE][PASSED] - Text 'selvendrank@nousinfo.com' is set on object 'Object Repository/LoginPage/Username'

2018-07-10 20:26:08 - [MESSAGE][PASSED] - Text 'Nous;123' is set on object 'Object Repository/LoginPage/Password'

2018-07-10 20:26:21 - [MESSAGE][PASSED] - Object: 'Object Repository/LoginPage/Login' is clicked on

2018-07-10 20:26:21 - [MESSAGE][PASSED] - projectSpecific.Reusability.login is PASSED

2018-07-10 20:26:21 - [TEST_STEP][PASSED] - delay: Delayed 10 second(s)

2018-07-10 20:26:31 - [MESSAGE][PASSED] - Delayed 10 second(s)

2018-07-10 20:26:31 - [TEST_STEP][PASSED] - uiaction.CommonUIActions.click: uiaction.CommonUIActions.click is PASSED

2018-07-10 20:26:43 - [MESSAGE][PASSED] - uiaction.CommonUIActions.click is PASSED

2018-07-10 20:26:43 - [TEST_STEP][PASSED] - delay: Delayed 10 second(s)

2018-07-10 20:26:53 - [MESSAGE][PASSED] - Delayed 10 second(s)

2018-07-10 20:26:53 - [TEST_STEP][PASSED] - uiaction.CommonUIActions.click: uiaction.CommonUIActions.click is PASSED

2018-07-10 20:26:56 - [MESSAGE][PASSED] - uiaction.CommonUIActions.click is PASSED

2018-07-10 20:26:56 - [TEST_STEP][PASSED] - Statement - driver = com.kms.katalon.core.webui.driver.DriverFactory.getWebDriver(): null

2018-07-10 20:26:56 - [TEST_STEP][PASSED] - uiaction.CommonUIActions.click: uiaction.CommonUIActions.click is PASSED

2018-07-10 20:26:56 - [MESSAGE][PASSED] - uiaction.CommonUIActions.click is PASSED

2018-07-10 20:26:56 - [TEST_STEP][PASSED] - verifyElementPresent: Object 'Object Repository/ReportingGroupManagement/reportingGroupDetails' is present

2018-07-10 20:26:56 - [MESSAGE][PASSED] - Object 'Object Repository/ReportingGroupManagement/reportingGroupDetails' is present

2018-07-10 20:26:56 - [TEST_STEP][PASSED] - uiaction.CommonUIActions.enter: uiaction.CommonUIActions.enter is PASSED

2018-07-10 20:26:57 - [MESSAGE][PASSED] - projectSpecific.Reusability.getTestData is PASSED

2018-07-10 20:26:57 - [MESSAGE][PASSED] - uiaction.CommonUIActions.enter is PASSED

2018-07-10 20:26:57 - [TEST_STEP][PASSED] - uiaction.CommonUIActions.enter: uiaction.CommonUIActions.enter is PASSED

2018-07-10 20:26:57 - [MESSAGE][PASSED] - projectSpecific.Reusability.getTestData is PASSED

2018-07-10 20:26:57 - [MESSAGE][PASSED] - uiaction.CommonUIActions.enter is PASSED

2018-07-10 20:26:57 - [TEST_STEP][PASSED] - delay: Delayed 5 second(s)

2018-07-10 20:27:02 - [MESSAGE][PASSED] - Delayed 5 second(s)

2018-07-10 20:27:02 - [TEST_STEP][PASSED] - Statement - StoresCBList1 = driver.findElements(org.openqa.selenium.By.xpath(com.kms.katalon.core.testdata.TestDataFactory.findTestData(OR_file).getValue(2, 12))): Reading excel file with source file 'C:\Users\shalinin\Katalon Studio\HME_DEVScripts\Data Files\HME_OR.xlsx' and sheet name 'Sheet1'

2018-07-10 20:27:02 - [TEST_STEP][PASSED] - Statement - storesLabel = driver.findElements(org.openqa.selenium.By.xpath(com.kms.katalon.core.testdata.TestDataFactory.findTestData(OR_file).getValue(2, 10))): Reading excel file with source file 'C:\Users\shalinin\Katalon Studio\HME_DEVScripts\Data Files\HME_OR.xlsx' and sheet name 'Sheet1'

2018-07-10 20:27:02 - [TEST_STEP][PASSED] - Statement - groupStoresList = new java.util.ArrayList(): null

2018-07-10 20:27:02 - [TEST_STEP][PASSED] - Statement - out.println(StoresCBList1.size()): null

2018-07-10 20:27:02 - [TEST_STEP][PASSED] - Statement - size = StoresCBList1.size(): null

2018-07-10 20:27:02 - [TEST_STEP][PASSED] - Statement - For ([i = 0, i < size, (i++)]): null

2018-07-10 20:27:02 - [TEST_STEP][PASSED] - Statement - groupStoresList[i] = storesLabel.get(i).getText(): null

2018-07-10 20:27:02 - [TEST_STEP][PASSED] - Statement - StoresCBList1.get(i).click(): null

2018-07-10 20:27:02 - [TEST_STEP][PASSED] - Statement - groupStoresList[i] = storesLabel.get(i).getText(): null

2018-07-10 20:27:02 - [TEST_STEP][PASSED] - Statement - StoresCBList1.get(i).click(): null

2018-07-10 20:27:02 - [TEST_STEP][PASSED] - Statement - groupStoresList[i] = storesLabel.get(i).getText(): null

2018-07-10 20:27:02 - [TEST_STEP][PASSED] - Statement - StoresCBList1.get(i).click(): null

2018-07-10 20:27:02 - [TEST_STEP][PASSED] - Statement - groupStoresList[i] = storesLabel.get(i).getText(): null

2018-07-10 20:27:02 - [TEST_STEP][PASSED] - Statement - StoresCBList1.get(i).click(): null

2018-07-10 20:27:02 - [TEST_STEP][PASSED] - Statement - groupStoresList[i] = storesLabel.get(i).getText(): null

2018-07-10 20:27:02 - [TEST_STEP][PASSED] - Statement - StoresCBList1.get(i).click(): null

2018-07-10 20:27:02 - [TEST_STEP][PASSED] - Statement - groupStoresList[i] = storesLabel.get(i).getText(): null

2018-07-10 20:27:02 - [TEST_STEP][PASSED] - Statement - StoresCBList1.get(i).click(): null

2018-07-10 20:27:02 - [TEST_STEP][PASSED] - Statement - groupStoresList[i] = storesLabel.get(i).getText(): null

2018-07-10 20:27:02 - [TEST_STEP][PASSED] - Statement - StoresCBList1.get(i).click(): null

2018-07-10 20:27:02 - [TEST_STEP][PASSED] - Statement - groupStoresList[i] = storesLabel.get(i).getText(): null

2018-07-10 20:27:02 - [TEST_STEP][PASSED] - Statement - StoresCBList1.get(i).click(): null

2018-07-10 20:27:02 - [TEST_STEP][PASSED] - Statement - groupStoresList[i] = storesLabel.get(i).getText(): null

2018-07-10 20:27:02 - [TEST_STEP][PASSED] - Statement - StoresCBList1.get(i).click(): null

2018-07-10 20:27:02 - [TEST_STEP][PASSED] - Statement - groupStoresList[i] = storesLabel.get(i).getText(): null

2018-07-10 20:27:02 - [TEST_STEP][PASSED] - Statement - StoresCBList1.get(i).click(): null

2018-07-10 20:27:02 - [TEST_STEP][PASSED] - Statement - groupStoresList[i] = storesLabel.get(i).getText(): null

2018-07-10 20:27:02 - [TEST_STEP][PASSED] - Statement - StoresCBList1.get(i).click(): null

2018-07-10 20:27:02 - [TEST_STEP][PASSED] - Statement - groupStoresList[i] = storesLabel.get(i).getText(): null

2018-07-10 20:27:02 - [TEST_STEP][PASSED] - Statement - StoresCBList1.get(i).click(): null

2018-07-10 20:27:02 - [TEST_STEP][PASSED] - Statement - groupStoresList[i] = storesLabel.get(i).getText(): null

2018-07-10 20:27:02 - [TEST_STEP][PASSED] - Statement - StoresCBList1.get(i).click(): null

2018-07-10 20:27:02 - [TEST_STEP][PASSED] - Statement - groupStoresList[i] = storesLabel.get(i).getText(): null

2018-07-10 20:27:02 - [TEST_STEP][PASSED] - Statement - StoresCBList1.get(i).click(): null

2018-07-10 20:27:03 - [TEST_STEP][PASSED] - Statement - groupStoresList[i] = storesLabel.get(i).getText(): null

2018-07-10 20:27:03 - [TEST_STEP][PASSED] - Statement - StoresCBList1.get(i).click(): null

2018-07-10 20:27:03 - [TEST_STEP][PASSED] - Statement - groupStoresList[i] = storesLabel.get(i).getText(): null

2018-07-10 20:27:03 - [TEST_STEP][PASSED] - Statement - StoresCBList1.get(i).click(): null

2018-07-10 20:27:03 - [TEST_STEP][PASSED] - Statement - out.println(groupStoresList): null

2018-07-10 20:27:03 - [TEST_STEP][PASSED] - uiaction.CommonUIActions.click: uiaction.CommonUIActions.click is PASSED

2018-07-10 20:27:03 - [MESSAGE][PASSED] - uiaction.CommonUIActions.click is PASSED

2018-07-10 20:27:03 - [TEST_STEP][PASSED] - delay: Delayed 5 second(s)

2018-07-10 20:27:08 - [MESSAGE][PASSED] - Delayed 5 second(s)

2018-07-10 20:27:08 - [TEST_STEP][PASSED] - Statement - secondStoreListBox1 = driver.findElements(org.openqa.selenium.By.xpath(com.kms.katalon.core.testdata.TestDataFactory.findTestData(OR_file).getValue(2, 11))): Reading excel file with source file 'C:\Users\shalinin\Katalon Studio\HME_DEVScripts\Data Files\HME_OR.xlsx' and sheet name 'Sheet1'

2018-07-10 20:27:08 - [TEST_STEP][PASSED] - Statement - actualList1 = new java.util.ArrayList(): null

2018-07-10 20:27:08 - [TEST_STEP][PASSED] - Statement - For ([i = 0, i < secondStoreListBox1.size(), (i++)]): null

2018-07-10 20:27:08 - [TEST_STEP][PASSED] - Statement - actualList1.add(i, secondStoreListBox1.get(i).getText()): null

2018-07-10 20:27:08 - [TEST_STEP][PASSED] - Statement - actualList1.add(i, secondStoreListBox1.get(i).getText()): null

2018-07-10 20:27:08 - [TEST_STEP][PASSED] - Statement - actualList1.add(i, secondStoreListBox1.get(i).getText()): null

2018-07-10 20:27:08 - [TEST_STEP][PASSED] - Statement - actualList1.add(i, secondStoreListBox1.get(i).getText()): null

2018-07-10 20:27:08 - [TEST_STEP][PASSED] - Statement - actualList1.add(i, secondStoreListBox1.get(i).getText()): null

2018-07-10 20:27:08 - [TEST_STEP][PASSED] - Statement - actualList1.add(i, secondStoreListBox1.get(i).getText()): null

2018-07-10 20:27:08 - [TEST_STEP][PASSED] - Statement - actualList1.add(i, secondStoreListBox1.get(i).getText()): null

2018-07-10 20:27:08 - [TEST_STEP][PASSED] - Statement - actualList1.add(i, secondStoreListBox1.get(i).getText()): null

2018-07-10 20:27:08 - [TEST_STEP][PASSED] - Statement - actualList1.add(i, secondStoreListBox1.get(i).getText()): null

2018-07-10 20:27:08 - [TEST_STEP][PASSED] - Statement - actualList1.add(i, secondStoreListBox1.get(i).getText()): null

2018-07-10 20:27:08 - [TEST_STEP][PASSED] - Statement - actualList1.add(i, secondStoreListBox1.get(i).getText()): null

2018-07-10 20:27:08 - [TEST_STEP][PASSED] - Statement - actualList1.add(i, secondStoreListBox1.get(i).getText()): null

2018-07-10 20:27:08 - [TEST_STEP][PASSED] - Statement - actualList1.add(i, secondStoreListBox1.get(i).getText()): null

2018-07-10 20:27:08 - [TEST_STEP][PASSED] - Statement - actualList1.add(i, secondStoreListBox1.get(i).getText()): null

2018-07-10 20:27:08 - [TEST_STEP][PASSED] - Statement - actualList1.add(i, secondStoreListBox1.get(i).getText()): null

2018-07-10 20:27:08 - [TEST_STEP][PASSED] - Statement - actualList1.add(i, secondStoreListBox1.get(i).getText()): null

2018-07-10 20:27:08 - [TEST_STEP][PASSED] - Statement - out.println(actualList1): null

2018-07-10 20:27:08 - [TEST_STEP][PASSED] - delay: Delayed 10 second(s)

2018-07-10 20:27:18 - [MESSAGE][PASSED] - Delayed 10 second(s)

2018-07-10 20:27:18 - [TEST_STEP][PASSED] - Statement - exists = false: null

2018-07-10 20:27:18 - [TEST_STEP][PASSED] - Statement - If (actualList1.containsAll(groupStoresList)): null

2018-07-10 20:27:18 - [TEST_STEP][PASSED] - Statement - exists = true: null

2018-07-10 20:27:18 - [TEST_STEP][PASSED] - Statement - println("Selected stores are displayed in Group/Stores in Group listbox"): null

2018-07-10 20:27:18 - [TEST_STEP][PASSED] - Statement - StoresCBList1 = driver.findElements(org.openqa.selenium.By.xpath(com.kms.katalon.core.testdata.TestDataFactory.findTestData(OR_file).getValue(2, 12))): Reading excel file with source file 'C:\Users\shalinin\Katalon Studio\HME_DEVScripts\Data Files\HME_OR.xlsx' and sheet name 'Sheet1'

2018-07-10 20:27:18 - [TEST_STEP][PASSED] - Statement - storesLabel = driver.findElements(org.openqa.selenium.By.xpath(com.kms.katalon.core.testdata.TestDataFactory.findTestData(OR_file).getValue(2, 10))): Reading excel file with source file 'C:\Users\shalinin\Katalon Studio\HME_DEVScripts\Data Files\HME_OR.xlsx' and sheet name 'Sheet1'

2018-07-10 20:27:18 - [TEST_STEP][PASSED] - Statement - storesLabelList = new java.util.ArrayList(): null

2018-07-10 20:27:18 - [TEST_STEP][PASSED] - Statement - For ([i = 0, i < storesLabel.size(), (i++)]): null

2018-07-10 20:27:18 - [TEST_STEP][PASSED] - Statement - println("storesLabel" + storesLabelList): null

2018-07-10 20:27:18 - [TEST_STEP][PASSED] - uiaction.CommonUIActions.click: uiaction.CommonUIActions.click is PASSED

2018-07-10 20:27:18 - [MESSAGE][PASSED] - uiaction.CommonUIActions.click is PASSED

2018-07-10 20:27:18 - [TEST_STEP][PASSED] - delay: Delayed 10 second(s)

2018-07-10 20:27:28 - [MESSAGE][PASSED] - Delayed 10 second(s)

2018-07-10 20:27:28 - [TEST_STEP][PASSED] - back: Navigate back successfully

2018-07-10 20:27:28 - [MESSAGE][PASSED] - Navigate back successfully

2018-07-10 20:27:28 - [TEST_STEP][PASSED] - delay: Delayed 10 second(s)

2018-07-10 20:27:38 - [MESSAGE][PASSED] - Delayed 10 second(s)

2018-07-10 20:27:38 - [TEST_STEP][PASSED] - back: Navigate back successfully

2018-07-10 20:27:38 - [MESSAGE][PASSED] - Navigate back successfully

2018-07-10 20:27:38 - [TEST_STEP][PASSED] - delay: Delayed 10 second(s)

2018-07-10 20:27:48 - [MESSAGE][PASSED] - Delayed 10 second(s)

2018-07-10 20:27:48 - [TEST_STEP][PASSED] - Statement - groupHierarchyList = driver.findElements(org.openqa.selenium.By.xpath(com.kms.katalon.core.testdata.TestDataFactory.findTestData(OR_file).getValue(2, 13))): Reading excel file with source file 'C:\Users\shalinin\Katalon Studio\HME_DEVScripts\Data Files\HME_OR.xlsx' and sheet name 'Sheet1'

2018-07-10 20:27:48 - [TEST_STEP][PASSED] - Statement - actualgroupList = new java.util.ArrayList(): null

2018-07-10 20:27:48 - [TEST_STEP][PASSED] - Statement - For ([i = 0, i < groupHierarchyList.size(), (i++)]): null

2018-07-10 20:27:48 - [TEST_STEP][PASSED] - Statement - groupXpath = "//span[text()='" + CustomKeywords.projectSpecific.Reusability.getTestData("ReportingGroupManagementPage", "groupNameTC7") + "']": projectSpecific.Reusability.getTestData is PASSED

2018-07-10 20:27:48 - [MESSAGE][PASSED] - projectSpecific.Reusability.getTestData is PASSED

2018-07-10 20:27:48 - [TEST_STEP][PASSED] - Statement - println(groupXpath): null

2018-07-10 20:27:48 - [TEST_STEP][PASSED] - Statement - driver.findElement(org.openqa.selenium.By.xpath(groupXpath)).click(): null

2018-07-10 20:27:48 - [TEST_STEP][PASSED] - Statement - Catch (Exception e): null

2018-07-10 20:27:48 - [TEST_STEP][PASSED] - Statement - e.printStackTrace(): null

2018-07-10 20:27:48 - [TEST_STEP][PASSED] - Start listener action : sampleAfterTestCase: Browser is closed

2018-07-10 20:27:48 - [TEST_STEP][PASSED] - Statement - println(testCaseContext.getTestCaseId()): null

2018-07-10 20:27:48 - [TEST_STEP][PASSED] - Statement - println(testCaseContext.getTestCaseStatus()): null

2018-07-10 20:27:48 - [TEST_STEP][PASSED] - closeBrowser: Browser is closed

2018-07-10 20:27:49 - [MESSAGE][PASSED] - Browser is closed]]></system-out>
         <system-err><![CDATA[]]></system-err>
      </testcase>
      <testcase name="Test Cases/CreateGroupTC/HME-EditGroup-05" classname="Test Cases/CreateGroupTC/HME-EditGroup-05" status="FAILED">
         <failure type="FAILED" message="Unable to verify match between actual text '' and expected text 'AutomationGroup' (Root cause: Actual text '' and expected text 'AutomationGroup' are not matched)"/>
         <system-out><![CDATA[2018-07-10 20:27:49 - [TEST_CASE][FAILED] - Test Cases/CreateGroupTC/HME-EditGroup-05: Test Cases/CreateGroupTC/HME-EditGroup-05 FAILED because (of) Unable to verify match between actual text '' and expected text 'AutomationGroup' (Root cause: Actual text '' and expected text 'AutomationGroup' are not matched)

2018-07-10 20:27:49 - [TEST_STEP][PASSED] - Start listener action : sampleBeforeTestCase: uiaction.CommonUIActions.deleteAllCookies is PASSED

2018-07-10 20:27:49 - [TEST_STEP][PASSED] - openBrowser: Browser is opened with url: ''

2018-07-10 20:27:51 - [MESSAGE][PASSED] - Browser is opened with url: ''

2018-07-10 20:27:51 - [TEST_STEP][PASSED] - maximizeWindow: Current window maximized

2018-07-10 20:27:52 - [MESSAGE][PASSED] - Current window maximized

2018-07-10 20:27:52 - [TEST_STEP][PASSED] - uiaction.CommonUIActions.deleteAllCookies: uiaction.CommonUIActions.deleteAllCookies is PASSED

2018-07-10 20:27:52 - [MESSAGE][PASSED] - Delete all cookies successfully

2018-07-10 20:27:52 - [MESSAGE][PASSED] - uiaction.CommonUIActions.deleteAllCookies is PASSED

2018-07-10 20:27:53 - [TEST_STEP][PASSED] - Statement - TCflag = true: null

2018-07-10 20:27:53 - [TEST_STEP][FAILED] - Statement - Try: uiaction.CommonUIActions.click is PASSED

2018-07-10 20:27:53 - [TEST_STEP][PASSED] - navigateToUrl: Navigate to 'https://engdev.hmedtcloud.com/?pg=Login' successfully

2018-07-10 20:28:01 - [MESSAGE][PASSED] - Navigate to 'https://engdev.hmedtcloud.com/?pg=Login' successfully

2018-07-10 20:28:01 - [TEST_STEP][PASSED] - projectSpecific.Reusability.login: projectSpecific.Reusability.login is PASSED

2018-07-10 20:28:01 - [MESSAGE][PASSED] - projectSpecific.Reusability.getTestData is PASSED

2018-07-10 20:28:01 - [MESSAGE][PASSED] - projectSpecific.Reusability.getTestData is PASSED

2018-07-10 20:28:01 - [MESSAGE][PASSED] - Text 'selvendrank@nousinfo.com' is set on object 'Object Repository/LoginPage/Username'

2018-07-10 20:28:01 - [MESSAGE][PASSED] - Text 'Nous;123' is set on object 'Object Repository/LoginPage/Password'

2018-07-10 20:28:14 - [MESSAGE][PASSED] - Object: 'Object Repository/LoginPage/Login' is clicked on

2018-07-10 20:28:14 - [MESSAGE][PASSED] - projectSpecific.Reusability.login is PASSED

2018-07-10 20:28:14 - [TEST_STEP][PASSED] - delay: Delayed 10 second(s)

2018-07-10 20:28:24 - [MESSAGE][PASSED] - Delayed 10 second(s)

2018-07-10 20:28:24 - [TEST_STEP][PASSED] - uiaction.CommonUIActions.click: uiaction.CommonUIActions.click is PASSED

2018-07-10 20:28:36 - [MESSAGE][PASSED] - uiaction.CommonUIActions.click is PASSED

2018-07-10 20:28:36 - [TEST_STEP][PASSED] - delay: Delayed 10 second(s)

2018-07-10 20:28:46 - [MESSAGE][PASSED] - Delayed 10 second(s)

2018-07-10 20:28:46 - [TEST_STEP][PASSED] - uiaction.CommonUIActions.click: uiaction.CommonUIActions.click is PASSED

2018-07-10 20:28:49 - [MESSAGE][PASSED] - uiaction.CommonUIActions.click is PASSED

2018-07-10 20:28:49 - [TEST_STEP][PASSED] - uiaction.CommonUIActions.click: uiaction.CommonUIActions.click is PASSED

2018-07-10 20:28:49 - [MESSAGE][PASSED] - uiaction.CommonUIActions.click is PASSED

2018-07-10 20:28:49 - [TEST_STEP][PASSED] - verifyElementPresent: Object 'Object Repository/ReportingGroupManagement/reportingGroupDetails' is present

2018-07-10 20:28:49 - [MESSAGE][PASSED] - Object 'Object Repository/ReportingGroupManagement/reportingGroupDetails' is present

2018-07-10 20:28:49 - [TEST_STEP][PASSED] - uiaction.CommonUIActions.enter: uiaction.CommonUIActions.enter is PASSED

2018-07-10 20:28:50 - [MESSAGE][PASSED] - projectSpecific.Reusability.getTestData is PASSED

2018-07-10 20:28:50 - [MESSAGE][PASSED] - uiaction.CommonUIActions.enter is PASSED

2018-07-10 20:28:50 - [TEST_STEP][PASSED] - uiaction.CommonUIActions.enter: uiaction.CommonUIActions.enter is PASSED

2018-07-10 20:28:50 - [MESSAGE][PASSED] - projectSpecific.Reusability.getTestData is PASSED

2018-07-10 20:28:50 - [MESSAGE][PASSED] - uiaction.CommonUIActions.enter is PASSED

2018-07-10 20:28:50 - [TEST_STEP][PASSED] - uiaction.CommonUIActions.click: uiaction.CommonUIActions.click is PASSED

2018-07-10 20:28:50 - [MESSAGE][PASSED] - uiaction.CommonUIActions.click is PASSED

2018-07-10 20:28:50 - [TEST_STEP][PASSED] - delay: Delayed 10 second(s)

2018-07-10 20:29:00 - [MESSAGE][PASSED] - Delayed 10 second(s)

2018-07-10 20:29:00 - [TEST_STEP][PASSED] - uiaction.CommonUIActions.back: uiaction.CommonUIActions.back is PASSED

2018-07-10 20:29:00 - [MESSAGE][PASSED] - Navigate back successfully

2018-07-10 20:29:00 - [MESSAGE][PASSED] - uiaction.CommonUIActions.back is PASSED

2018-07-10 20:29:00 - [TEST_STEP][PASSED] - delay: Delayed 5 second(s)

2018-07-10 20:29:05 - [MESSAGE][PASSED] - Delayed 5 second(s)

2018-07-10 20:29:05 - [TEST_STEP][PASSED] - uiaction.CommonUIActions.back: uiaction.CommonUIActions.back is PASSED

2018-07-10 20:29:05 - [MESSAGE][PASSED] - Navigate back successfully

2018-07-10 20:29:05 - [MESSAGE][PASSED] - uiaction.CommonUIActions.back is PASSED

2018-07-10 20:29:05 - [TEST_STEP][PASSED] - delay: Delayed 5 second(s)

2018-07-10 20:29:10 - [MESSAGE][PASSED] - Delayed 5 second(s)

2018-07-10 20:29:10 - [TEST_STEP][PASSED] - Statement - driver = com.kms.katalon.core.webui.driver.DriverFactory.getWebDriver(): null

2018-07-10 20:29:10 - [TEST_STEP][PASSED] - Statement - groupHierarchyList = driver.findElements(org.openqa.selenium.By.xpath(com.kms.katalon.core.testdata.TestDataFactory.findTestData(OR_file).getValue(2, 13))): Reading excel file with source file 'C:\Users\shalinin\Katalon Studio\HME_DEVScripts\Data Files\HME_OR.xlsx' and sheet name 'Sheet1'

2018-07-10 20:29:10 - [TEST_STEP][PASSED] - Statement - actualgroupList = new java.util.ArrayList(): null

2018-07-10 20:29:10 - [TEST_STEP][PASSED] - Statement - For ([i = 0, i < groupHierarchyList.size(), (i++)]): null

2018-07-10 20:29:10 - [TEST_STEP][PASSED] - Statement - out.println(actualgroupList): null

2018-07-10 20:29:10 - [TEST_STEP][PASSED] - delay: Delayed 10 second(s)

2018-07-10 20:29:20 - [MESSAGE][PASSED] - Delayed 10 second(s)

2018-07-10 20:29:20 - [TEST_STEP][PASSED] - Statement - groupName = CustomKeywords.projectSpecific.Reusability.getTestData("ReportingGroupManagementPage", "GroupName"): projectSpecific.Reusability.getTestData is PASSED

2018-07-10 20:29:20 - [MESSAGE][PASSED] - projectSpecific.Reusability.getTestData is PASSED

2018-07-10 20:29:20 - [TEST_STEP][PASSED] - Statement - If (actualgroupList.contains(groupName)): null

2018-07-10 20:29:20 - [TEST_STEP][PASSED] - Statement - Else: Taking screenshot successfully

2018-07-10 20:29:20 - [TEST_STEP][PASSED] - Statement - If (TCflag): null

2018-07-10 20:29:20 - [TEST_STEP][PASSED] - Statement - println("Required group is not available in group hierarchy"): null

2018-07-10 20:29:20 - [TEST_STEP][PASSED] - takeScreenshot: Taking screenshot successfully

2018-07-10 20:29:20 - [MESSAGE][PASSED] - Taking screenshot successfully
[[ATTACHMENT|C:\\Users\\shalinin\\Katalon Studio\\HME_DEVScripts\\Reports\\RegressionSuite\\20180710_194344\\1531234760418.png]]

2018-07-10 20:29:20 - [TEST_STEP][PASSED] - verifyElementPresent: Object 'Object Repository/ReportingGroupManagement/reportingGroupDetails' is present

2018-07-10 20:29:20 - [MESSAGE][PASSED] - Object 'Object Repository/ReportingGroupManagement/reportingGroupDetails' is present

2018-07-10 20:29:20 - [TEST_STEP][PASSED] - delay: Delayed 5 second(s)

2018-07-10 20:29:25 - [MESSAGE][PASSED] - Delayed 5 second(s)

2018-07-10 20:29:25 - [TEST_STEP][FAILED] - uiaction.CommonUIActions.verifyMatch: Unable to verify match between actual text '' and expected text 'AutomationGroup' (Root cause: Actual text '' and expected text 'AutomationGroup' are not matched)

2018-07-10 20:29:25 - [MESSAGE][PASSED] - projectSpecific.Reusability.getTestData is PASSED

2018-07-10 20:29:25 - [MESSAGE][PASSED] - Attribute 'value' of object 'Object Repository/ReportingGroupManagement/groupNameTxt' is: ''

2018-07-10 20:29:25 - [MESSAGE][FAILED] - Unable to verify match between actual text '' and expected text 'AutomationGroup' (Root cause: Actual text '' and expected text 'AutomationGroup' are not matched)

2018-07-10 20:29:25 - [MESSAGE][FAILED] - Unable to verify match between actual text '' and expected text 'AutomationGroup' (Root cause: Actual text '' and expected text 'AutomationGroup' are not matched)

2018-07-10 20:29:25 - [TEST_STEP][PASSED] - delay: Delayed 5 second(s)

2018-07-10 20:29:30 - [MESSAGE][PASSED] - Delayed 5 second(s)

2018-07-10 20:29:30 - [TEST_STEP][FAILED] - uiaction.CommonUIActions.verifyMatch: Unable to verify match between actual text '' and expected text 'South west branch Group 11' (Root cause: Actual text '' and expected text 'South west branch Group 11' are not matched)

2018-07-10 20:29:30 - [MESSAGE][PASSED] - projectSpecific.Reusability.getTestData is PASSED

2018-07-10 20:29:30 - [MESSAGE][PASSED] - Attribute 'value' of object 'Object Repository/ReportingGroupManagement/groupDescTxt' is: ''

2018-07-10 20:29:30 - [MESSAGE][FAILED] - Unable to verify match between actual text '' and expected text 'South west branch Group 11' (Root cause: Actual text '' and expected text 'South west branch Group 11' are not matched)

2018-07-10 20:29:30 - [MESSAGE][FAILED] - Unable to verify match between actual text '' and expected text 'South west branch Group 11' (Root cause: Actual text '' and expected text 'South west branch Group 11' are not matched)

2018-07-10 20:29:30 - [TEST_STEP][PASSED] - uiaction.CommonUIActions.click: uiaction.CommonUIActions.click is PASSED

2018-07-10 20:29:31 - [MESSAGE][PASSED] - uiaction.CommonUIActions.click is PASSED

2018-07-10 20:29:31 - [TEST_STEP][PASSED] - delay: Delayed 5 second(s)

2018-07-10 20:29:36 - [MESSAGE][PASSED] - Delayed 5 second(s)

2018-07-10 20:29:36 - [TEST_STEP][PASSED] - uiaction.CommonUIActions.click: uiaction.CommonUIActions.click is PASSED

2018-07-10 20:29:36 - [MESSAGE][PASSED] - uiaction.CommonUIActions.click is PASSED

2018-07-10 20:29:36 - [TEST_STEP][PASSED] - uiaction.CommonUIActions.enter: uiaction.CommonUIActions.enter is PASSED

2018-07-10 20:29:36 - [MESSAGE][PASSED] - projectSpecific.Reusability.getTestData is PASSED

2018-07-10 20:29:36 - [MESSAGE][PASSED] - uiaction.CommonUIActions.enter is PASSED

2018-07-10 20:29:36 - [TEST_STEP][PASSED] - uiaction.CommonUIActions.enter: uiaction.CommonUIActions.enter is PASSED

2018-07-10 20:29:36 - [MESSAGE][PASSED] - projectSpecific.Reusability.getTestData is PASSED

2018-07-10 20:29:36 - [MESSAGE][PASSED] - uiaction.CommonUIActions.enter is PASSED

2018-07-10 20:29:36 - [TEST_STEP][PASSED] - uiaction.CommonUIActions.click: uiaction.CommonUIActions.click is PASSED

2018-07-10 20:29:36 - [MESSAGE][PASSED] - uiaction.CommonUIActions.click is PASSED

2018-07-10 20:29:36 - [TEST_STEP][PASSED] - delay: Delayed 10 second(s)

2018-07-10 20:29:46 - [MESSAGE][PASSED] - Delayed 10 second(s)

2018-07-10 20:29:46 - [TEST_STEP][PASSED] - uiaction.CommonUIActions.back: uiaction.CommonUIActions.back is PASSED

2018-07-10 20:29:46 - [MESSAGE][PASSED] - Navigate back successfully

2018-07-10 20:29:46 - [MESSAGE][PASSED] - uiaction.CommonUIActions.back is PASSED

2018-07-10 20:29:46 - [TEST_STEP][PASSED] - delay: Delayed 5 second(s)

2018-07-10 20:29:51 - [MESSAGE][PASSED] - Delayed 5 second(s)

2018-07-10 20:29:51 - [TEST_STEP][PASSED] - uiaction.CommonUIActions.back: uiaction.CommonUIActions.back is PASSED

2018-07-10 20:29:52 - [MESSAGE][PASSED] - Navigate back successfully

2018-07-10 20:29:52 - [MESSAGE][PASSED] - uiaction.CommonUIActions.back is PASSED

2018-07-10 20:29:52 - [TEST_STEP][PASSED] - delay: Delayed 5 second(s)

2018-07-10 20:29:57 - [MESSAGE][PASSED] - Delayed 5 second(s)

2018-07-10 20:29:57 - [TEST_STEP][PASSED] - uiaction.CommonUIActions.click: uiaction.CommonUIActions.click is PASSED

2018-07-10 20:29:57 - [MESSAGE][PASSED] - uiaction.CommonUIActions.click is PASSED

2018-07-10 20:29:57 - [TEST_STEP][PASSED] - uiaction.CommonUIActions.enter: uiaction.CommonUIActions.enter is PASSED

2018-07-10 20:29:57 - [MESSAGE][PASSED] - projectSpecific.Reusability.getTestData is PASSED

2018-07-10 20:29:57 - [MESSAGE][PASSED] - uiaction.CommonUIActions.enter is PASSED

2018-07-10 20:29:57 - [TEST_STEP][PASSED] - uiaction.CommonUIActions.enter: uiaction.CommonUIActions.enter is PASSED

2018-07-10 20:29:57 - [MESSAGE][PASSED] - projectSpecific.Reusability.getTestData is PASSED

2018-07-10 20:29:57 - [MESSAGE][PASSED] - uiaction.CommonUIActions.enter is PASSED

2018-07-10 20:29:57 - [TEST_STEP][PASSED] - uiaction.CommonUIActions.click: uiaction.CommonUIActions.click is PASSED

2018-07-10 20:29:57 - [MESSAGE][PASSED] - uiaction.CommonUIActions.click is PASSED

2018-07-10 20:29:57 - [TEST_STEP][PASSED] - delay: Delayed 10 second(s)

2018-07-10 20:30:07 - [MESSAGE][PASSED] - Delayed 10 second(s)

2018-07-10 20:30:07 - [TEST_STEP][PASSED] - uiaction.CommonUIActions.back: uiaction.CommonUIActions.back is PASSED

2018-07-10 20:30:07 - [MESSAGE][PASSED] - Navigate back successfully

2018-07-10 20:30:07 - [MESSAGE][PASSED] - uiaction.CommonUIActions.back is PASSED

2018-07-10 20:30:07 - [TEST_STEP][PASSED] - delay: Delayed 5 second(s)

2018-07-10 20:30:12 - [MESSAGE][PASSED] - Delayed 5 second(s)

2018-07-10 20:30:12 - [TEST_STEP][PASSED] - uiaction.CommonUIActions.back: uiaction.CommonUIActions.back is PASSED

2018-07-10 20:30:12 - [MESSAGE][PASSED] - Navigate back successfully

2018-07-10 20:30:12 - [MESSAGE][PASSED] - uiaction.CommonUIActions.back is PASSED

2018-07-10 20:30:12 - [TEST_STEP][PASSED] - delay: Delayed 5 second(s)

2018-07-10 20:30:17 - [MESSAGE][PASSED] - Delayed 5 second(s)

2018-07-10 20:30:17 - [TEST_STEP][PASSED] - uiaction.CommonUIActions.click: uiaction.CommonUIActions.click is PASSED

2018-07-10 20:30:38 - [MESSAGE][PASSED] - uiaction.CommonUIActions.click is PASSED

2018-07-10 20:30:38 - [TEST_STEP][PASSED] - Statement - StoreList = CustomKeywords.projectSpecific.Reusability.getTestData("ReportingGroupManagementPage", "dummyGroupName2"): projectSpecific.Reusability.getTestData is PASSED

2018-07-10 20:30:38 - [MESSAGE][PASSED] - projectSpecific.Reusability.getTestData is PASSED

2018-07-10 20:30:38 - [TEST_STEP][PASSED] - Statement - listOfStores = new java.util.ArrayList(java.util.Arrays.asList(StoreList)): null

2018-07-10 20:30:38 - [TEST_STEP][PASSED] - Statement - out.println(listOfStores): null

2018-07-10 20:30:38 - [TEST_STEP][PASSED] - delay: Delayed 10 second(s)

2018-07-10 20:30:48 - [MESSAGE][PASSED] - Delayed 10 second(s)

2018-07-10 20:30:48 - [TEST_STEP][PASSED] - Statement - availableStoreList = driver.findElements(org.openqa.selenium.By.xpath(com.kms.katalon.core.testdata.TestDataFactory.findTestData(OR_file).getValue(2, 10))): Reading excel file with source file 'C:\Users\shalinin\Katalon Studio\HME_DEVScripts\Data Files\HME_OR.xlsx' and sheet name 'Sheet1'

2018-07-10 20:30:48 - [TEST_STEP][PASSED] - Statement - actualList = new java.util.ArrayList(): null

2018-07-10 20:30:48 - [TEST_STEP][PASSED] - Statement - For ([i = 0, i < availableStoreList.size(), (i++)]): null

2018-07-10 20:30:48 - [TEST_STEP][PASSED] - Statement - actualList.add(i, availableStoreList.get(i).getText()): null

2018-07-10 20:30:48 - [TEST_STEP][PASSED] - Statement - actualList.add(i, availableStoreList.get(i).getText()): null

2018-07-10 20:30:48 - [TEST_STEP][PASSED] - Statement - actualList.add(i, availableStoreList.get(i).getText()): null

2018-07-10 20:30:48 - [TEST_STEP][PASSED] - Statement - out.println(actualList): null

2018-07-10 20:30:48 - [TEST_STEP][PASSED] - Statement - If (actualList.containsAll(listOfStores)): null

2018-07-10 20:30:48 - [TEST_STEP][PASSED] - Statement - println("Actual list contains the required stores or groups"): null

2018-07-10 20:30:48 - [TEST_STEP][PASSED] - uiaction.CommonUIActions.click: uiaction.CommonUIActions.click is PASSED

2018-07-10 20:30:49 - [MESSAGE][PASSED] - uiaction.CommonUIActions.click is PASSED

2018-07-10 20:30:49 - [TEST_STEP][PASSED] - uiaction.CommonUIActions.click: uiaction.CommonUIActions.click is PASSED

2018-07-10 20:31:09 - [MESSAGE][PASSED] - uiaction.CommonUIActions.click is PASSED

2018-07-10 20:31:09 - [TEST_STEP][PASSED] - uiaction.CommonUIActions.back: uiaction.CommonUIActions.back is PASSED

2018-07-10 20:31:09 - [MESSAGE][PASSED] - Navigate back successfully

2018-07-10 20:31:09 - [MESSAGE][PASSED] - uiaction.CommonUIActions.back is PASSED

2018-07-10 20:31:09 - [TEST_STEP][PASSED] - delay: Delayed 5 second(s)

2018-07-10 20:31:14 - [MESSAGE][PASSED] - Delayed 5 second(s)

2018-07-10 20:31:14 - [TEST_STEP][PASSED] - uiaction.CommonUIActions.back: uiaction.CommonUIActions.back is PASSED

2018-07-10 20:31:15 - [MESSAGE][PASSED] - Navigate back successfully

2018-07-10 20:31:15 - [MESSAGE][PASSED] - uiaction.CommonUIActions.back is PASSED

2018-07-10 20:31:15 - [TEST_STEP][PASSED] - delay: Delayed 5 second(s)

2018-07-10 20:31:20 - [MESSAGE][PASSED] - Delayed 5 second(s)

2018-07-10 20:31:20 - [TEST_STEP][PASSED] - uiaction.CommonUIActions.click: uiaction.CommonUIActions.click is PASSED

2018-07-10 20:31:41 - [MESSAGE][PASSED] - uiaction.CommonUIActions.click is PASSED

2018-07-10 20:31:41 - [TEST_STEP][PASSED] - uiaction.CommonUIActions.click: uiaction.CommonUIActions.click is PASSED

2018-07-10 20:31:41 - [MESSAGE][PASSED] - uiaction.CommonUIActions.click is PASSED

2018-07-10 20:31:41 - [TEST_STEP][PASSED] - uiaction.CommonUIActions.click: uiaction.CommonUIActions.click is PASSED

2018-07-10 20:32:02 - [MESSAGE][PASSED] - uiaction.CommonUIActions.click is PASSED

2018-07-10 20:32:02 - [TEST_STEP][PASSED] - uiaction.CommonUIActions.back: uiaction.CommonUIActions.back is PASSED

2018-07-10 20:32:02 - [MESSAGE][PASSED] - Navigate back successfully

2018-07-10 20:32:02 - [MESSAGE][PASSED] - uiaction.CommonUIActions.back is PASSED

2018-07-10 20:32:02 - [TEST_STEP][PASSED] - delay: Delayed 5 second(s)

2018-07-10 20:32:07 - [MESSAGE][PASSED] - Delayed 5 second(s)

2018-07-10 20:32:07 - [TEST_STEP][PASSED] - uiaction.CommonUIActions.back: uiaction.CommonUIActions.back is PASSED

2018-07-10 20:32:08 - [MESSAGE][PASSED] - Navigate back successfully

2018-07-10 20:32:08 - [MESSAGE][PASSED] - uiaction.CommonUIActions.back is PASSED

2018-07-10 20:32:08 - [TEST_STEP][PASSED] - delay: Delayed 5 second(s)

2018-07-10 20:32:13 - [MESSAGE][PASSED] - Delayed 5 second(s)

2018-07-10 20:32:13 - [TEST_STEP][PASSED] - uiaction.CommonUIActions.click: uiaction.CommonUIActions.click is PASSED

2018-07-10 20:32:34 - [MESSAGE][PASSED] - uiaction.CommonUIActions.click is PASSED

2018-07-10 20:32:34 - [TEST_STEP][PASSED] - delay: Delayed 10 second(s)

2018-07-10 20:32:44 - [MESSAGE][PASSED] - Delayed 10 second(s)

2018-07-10 20:32:44 - [TEST_STEP][PASSED] - Statement - StoresCBList = driver.findElements(org.openqa.selenium.By.xpath(com.kms.katalon.core.testdata.TestDataFactory.findTestData(OR_file).getValue(2, 12))): Reading excel file with source file 'C:\Users\shalinin\Katalon Studio\HME_DEVScripts\Data Files\HME_OR.xlsx' and sheet name 'Sheet1'

2018-07-10 20:32:44 - [TEST_STEP][PASSED] - Statement - storesLabel = driver.findElements(org.openqa.selenium.By.xpath(com.kms.katalon.core.testdata.TestDataFactory.findTestData(OR_file).getValue(2, 10))): Reading excel file with source file 'C:\Users\shalinin\Katalon Studio\HME_DEVScripts\Data Files\HME_OR.xlsx' and sheet name 'Sheet1'

2018-07-10 20:32:44 - [TEST_STEP][PASSED] - Statement - groupStoresList = new java.util.ArrayList(): null

2018-07-10 20:32:44 - [TEST_STEP][PASSED] - Statement - groupStoresList1 = new java.util.ArrayList(): null

2018-07-10 20:32:44 - [TEST_STEP][PASSED] - Statement - out.println(StoresCBList.size()): null

2018-07-10 20:32:44 - [TEST_STEP][PASSED] - delay: Delayed 10 second(s)

2018-07-10 20:32:54 - [MESSAGE][PASSED] - Delayed 10 second(s)

2018-07-10 20:32:54 - [TEST_STEP][PASSED] - Statement - For ([i = 0, i < StoresCBList.size(), (i++)]): null

2018-07-10 20:32:54 - [TEST_STEP][PASSED] - Statement - out.println(groupStoresList): null

2018-07-10 20:32:54 - [TEST_STEP][PASSED] - Statement - size = groupStoresList.size(): null

2018-07-10 20:32:54 - [TEST_STEP][PASSED] - Statement - For ([i = 0, i < StoresCBList.size() - 10, (i++)]): null

2018-07-10 20:32:54 - [TEST_STEP][PASSED] - delay: Delayed 10 second(s)

2018-07-10 20:33:04 - [MESSAGE][PASSED] - Delayed 10 second(s)

2018-07-10 20:33:04 - [TEST_STEP][PASSED] - uiaction.CommonUIActions.click: uiaction.CommonUIActions.click is PASSED

2018-07-10 20:33:25 - [MESSAGE][PASSED] - uiaction.CommonUIActions.click is PASSED

2018-07-10 20:33:25 - [TEST_STEP][PASSED] - delay: Delayed 5 second(s)

2018-07-10 20:33:30 - [MESSAGE][PASSED] - Delayed 5 second(s)

2018-07-10 20:33:30 - [TEST_STEP][PASSED] - Statement - secondStoreListBox = driver.findElements(org.openqa.selenium.By.xpath(com.kms.katalon.core.testdata.TestDataFactory.findTestData(OR_file).getValue(2, 11))): Reading excel file with source file 'C:\Users\shalinin\Katalon Studio\HME_DEVScripts\Data Files\HME_OR.xlsx' and sheet name 'Sheet1'

2018-07-10 20:33:30 - [TEST_STEP][PASSED] - Statement - actualList1 = new java.util.ArrayList(): null

2018-07-10 20:33:30 - [TEST_STEP][PASSED] - Statement - For ([i = 0, i < secondStoreListBox.size(), (i++)]): null

2018-07-10 20:33:30 - [TEST_STEP][PASSED] - Statement - out.println(actualList1): null

2018-07-10 20:33:30 - [TEST_STEP][PASSED] - delay: Delayed 10 second(s)

2018-07-10 20:33:40 - [MESSAGE][PASSED] - Delayed 10 second(s)

2018-07-10 20:33:40 - [TEST_STEP][PASSED] - Statement - If (actualList1.containsAll(groupStoresList)): null

2018-07-10 20:33:40 - [TEST_STEP][PASSED] - Statement - println("Moved stores are displayed in Group/Stores in Group listbox"): null

2018-07-10 20:33:40 - [TEST_STEP][PASSED] - uiaction.CommonUIActions.click: uiaction.CommonUIActions.click is PASSED

2018-07-10 20:34:01 - [MESSAGE][PASSED] - uiaction.CommonUIActions.click is PASSED

2018-07-10 20:34:01 - [TEST_STEP][PASSED] - delay: Delayed 10 second(s)

2018-07-10 20:34:11 - [MESSAGE][PASSED] - Delayed 10 second(s)

2018-07-10 20:34:11 - [TEST_STEP][PASSED] - uiaction.CommonUIActions.back: uiaction.CommonUIActions.back is PASSED

2018-07-10 20:34:11 - [MESSAGE][PASSED] - Navigate back successfully

2018-07-10 20:34:11 - [MESSAGE][PASSED] - uiaction.CommonUIActions.back is PASSED

2018-07-10 20:34:11 - [TEST_STEP][PASSED] - delay: Delayed 5 second(s)

2018-07-10 20:34:16 - [MESSAGE][PASSED] - Delayed 5 second(s)

2018-07-10 20:34:16 - [TEST_STEP][PASSED] - uiaction.CommonUIActions.back: uiaction.CommonUIActions.back is PASSED

2018-07-10 20:34:16 - [MESSAGE][PASSED] - Navigate back successfully

2018-07-10 20:34:16 - [MESSAGE][PASSED] - uiaction.CommonUIActions.back is PASSED

2018-07-10 20:34:16 - [TEST_STEP][PASSED] - delay: Delayed 5 second(s)

2018-07-10 20:34:21 - [MESSAGE][PASSED] - Delayed 5 second(s)

2018-07-10 20:34:21 - [TEST_STEP][PASSED] - uiaction.CommonUIActions.click: uiaction.CommonUIActions.click is PASSED

2018-07-10 20:34:42 - [MESSAGE][PASSED] - uiaction.CommonUIActions.click is PASSED

2018-07-10 20:34:42 - [TEST_STEP][PASSED] - Statement - subGroupList = new java.util.ArrayList(): null

2018-07-10 20:34:42 - [TEST_STEP][PASSED] - Statement - For ([i = 1, i <= size, (i++)]): null

2018-07-10 20:34:42 - [TEST_STEP][PASSED] - Statement - println(subGroupList): null

2018-07-10 20:34:42 - [TEST_STEP][PASSED] - Statement - println(groupStoresList1): null

2018-07-10 20:34:42 - [TEST_STEP][PASSED] - Statement - If (subGroupList.containsAll(groupStoresList1)): null

2018-07-10 20:34:42 - [TEST_STEP][PASSED] - Statement - println("Parent group have all the associated stores and groups"): null

2018-07-10 20:34:42 - [TEST_STEP][PASSED] - uiaction.CommonUIActions.click: uiaction.CommonUIActions.click is PASSED

2018-07-10 20:35:02 - [MESSAGE][PASSED] - uiaction.CommonUIActions.click is PASSED

2018-07-10 20:35:02 - [TEST_STEP][PASSED] - Statement - storesList = driver.findElements(org.openqa.selenium.By.xpath(com.kms.katalon.core.testdata.TestDataFactory.findTestData(OR_file).getValue(2, 16))): Reading excel file with source file 'C:\Users\shalinin\Katalon Studio\HME_DEVScripts\Data Files\HME_OR.xlsx' and sheet name 'Sheet1'

2018-07-10 20:35:02 - [TEST_STEP][PASSED] - Statement - For ([i = 1, i < storesList.size(), (i++)]): null

2018-07-10 20:35:02 - [TEST_STEP][PASSED] - uiaction.CommonUIActions.click: uiaction.CommonUIActions.click is PASSED

2018-07-10 20:35:23 - [MESSAGE][PASSED] - uiaction.CommonUIActions.click is PASSED

2018-07-10 20:35:23 - [TEST_STEP][PASSED] - uiaction.CommonUIActions.click: uiaction.CommonUIActions.click is PASSED

2018-07-10 20:35:44 - [MESSAGE][PASSED] - uiaction.CommonUIActions.click is PASSED

2018-07-10 20:35:44 - [TEST_STEP][PASSED] - uiaction.CommonUIActions.click: uiaction.CommonUIActions.click is PASSED

2018-07-10 20:36:05 - [MESSAGE][PASSED] - uiaction.CommonUIActions.click is PASSED

2018-07-10 20:36:05 - [TEST_STEP][PASSED] - delay: Delayed 10 second(s)

2018-07-10 20:36:15 - [MESSAGE][PASSED] - Delayed 10 second(s)

2018-07-10 20:36:15 - [TEST_STEP][PASSED] - uiaction.CommonUIActions.click: uiaction.CommonUIActions.click is PASSED

2018-07-10 20:36:35 - [MESSAGE][PASSED] - uiaction.CommonUIActions.click is PASSED

2018-07-10 20:36:35 - [TEST_STEP][PASSED] - uiaction.CommonUIActions.click: uiaction.CommonUIActions.click is PASSED

2018-07-10 20:36:56 - [MESSAGE][PASSED] - uiaction.CommonUIActions.click is PASSED

2018-07-10 20:36:56 - [TEST_STEP][PASSED] - uiaction.CommonUIActions.click: uiaction.CommonUIActions.click is PASSED

2018-07-10 20:37:17 - [MESSAGE][PASSED] - uiaction.CommonUIActions.click is PASSED

2018-07-10 20:37:17 - [TEST_STEP][PASSED] - delay: Delayed 10 second(s)

2018-07-10 20:37:27 - [MESSAGE][PASSED] - Delayed 10 second(s)

2018-07-10 20:37:27 - [TEST_STEP][PASSED] - uiaction.CommonUIActions.back: uiaction.CommonUIActions.back is PASSED

2018-07-10 20:37:28 - [MESSAGE][PASSED] - Navigate back successfully

2018-07-10 20:37:28 - [MESSAGE][PASSED] - uiaction.CommonUIActions.back is PASSED

2018-07-10 20:37:28 - [TEST_STEP][PASSED] - delay: Delayed 5 second(s)

2018-07-10 20:37:33 - [MESSAGE][PASSED] - Delayed 5 second(s)

2018-07-10 20:37:33 - [TEST_STEP][PASSED] - uiaction.CommonUIActions.back: uiaction.CommonUIActions.back is PASSED

2018-07-10 20:37:33 - [MESSAGE][PASSED] - Navigate back successfully

2018-07-10 20:37:33 - [MESSAGE][PASSED] - uiaction.CommonUIActions.back is PASSED

2018-07-10 20:37:33 - [TEST_STEP][PASSED] - uiaction.CommonUIActions.click: uiaction.CommonUIActions.click is PASSED

2018-07-10 20:37:53 - [MESSAGE][PASSED] - uiaction.CommonUIActions.click is PASSED

2018-07-10 20:37:53 - [TEST_STEP][PASSED] - uiaction.CommonUIActions.click: uiaction.CommonUIActions.click is PASSED

2018-07-10 20:38:14 - [MESSAGE][PASSED] - uiaction.CommonUIActions.click is PASSED

2018-07-10 20:38:14 - [TEST_STEP][PASSED] - uiaction.CommonUIActions.click: uiaction.CommonUIActions.click is PASSED

2018-07-10 20:38:35 - [MESSAGE][PASSED] - uiaction.CommonUIActions.click is PASSED

2018-07-10 20:38:35 - [TEST_STEP][PASSED] - uiaction.CommonUIActions.click: uiaction.CommonUIActions.click is PASSED

2018-07-10 20:38:55 - [MESSAGE][PASSED] - uiaction.CommonUIActions.click is PASSED

2018-07-10 20:38:55 - [TEST_STEP][PASSED] - Statement - assert TCflag == true: null

2018-07-10 20:38:55 - [TEST_STEP][PASSED] - Start listener action : sampleAfterTestCase: Browser is closed

2018-07-10 20:38:55 - [TEST_STEP][PASSED] - Statement - println(testCaseContext.getTestCaseId()): null

2018-07-10 20:38:55 - [TEST_STEP][PASSED] - Statement - println(testCaseContext.getTestCaseStatus()): null

2018-07-10 20:38:55 - [TEST_STEP][PASSED] - closeBrowser: Browser is closed

2018-07-10 20:38:56 - [MESSAGE][PASSED] - Browser is closed]]></system-out>
         <system-err><![CDATA[2018-07-10 20:27:49 - [TEST_CASE][FAILED] - Test Cases/CreateGroupTC/HME-EditGroup-05: Test Cases/CreateGroupTC/HME-EditGroup-05 FAILED because (of) Unable to verify match between actual text '' and expected text 'AutomationGroup' (Root cause: Actual text '' and expected text 'AutomationGroup' are not matched)]]></system-err>
      </testcase>
      <testcase name="Test Cases/CreateGroupTC/HME-ReportingGroupManagement-03" classname="Test Cases/CreateGroupTC/HME-ReportingGroupManagement-03" status="FAILED">
         <failure type="FAILED" message="org.codehaus.groovy.runtime.powerassert.PowerAssertionError: assert TCflag==true
       |     |
       false false"/>
         <system-out><![CDATA[2018-07-10 20:38:56 - [TEST_CASE][FAILED] - Test Cases/CreateGroupTC/HME-ReportingGroupManagement-03: Test Cases/CreateGroupTC/HME-ReportingGroupManagement-03 FAILED because (of) org.codehaus.groovy.runtime.powerassert.PowerAssertionError: assert TCflag==true
       |     |
       false false

2018-07-10 20:38:56 - [TEST_STEP][PASSED] - Start listener action : sampleBeforeTestCase: uiaction.CommonUIActions.deleteAllCookies is PASSED

2018-07-10 20:38:56 - [TEST_STEP][PASSED] - openBrowser: Browser is opened with url: ''

2018-07-10 20:38:59 - [MESSAGE][PASSED] - Browser is opened with url: ''

2018-07-10 20:38:59 - [TEST_STEP][PASSED] - maximizeWindow: Current window maximized

2018-07-10 20:39:00 - [MESSAGE][PASSED] - Current window maximized

2018-07-10 20:39:00 - [TEST_STEP][PASSED] - uiaction.CommonUIActions.deleteAllCookies: uiaction.CommonUIActions.deleteAllCookies is PASSED

2018-07-10 20:39:00 - [MESSAGE][PASSED] - Delete all cookies successfully

2018-07-10 20:39:00 - [MESSAGE][PASSED] - uiaction.CommonUIActions.deleteAllCookies is PASSED

2018-07-10 20:39:00 - [TEST_STEP][PASSED] - Statement - TCflag = true: null

2018-07-10 20:39:00 - [TEST_STEP][PASSED] - Statement - Try: uiaction.CommonUIActions.click is PASSED

2018-07-10 20:39:00 - [TEST_STEP][PASSED] - navigateToUrl: Navigate to 'https://engdev.hmedtcloud.com/?pg=Login' successfully

2018-07-10 20:39:08 - [MESSAGE][PASSED] - Navigate to 'https://engdev.hmedtcloud.com/?pg=Login' successfully

2018-07-10 20:39:08 - [TEST_STEP][PASSED] - Statement - driver = com.kms.katalon.core.webui.driver.DriverFactory.getWebDriver(): null

2018-07-10 20:39:08 - [TEST_STEP][PASSED] - projectSpecific.Reusability.login: projectSpecific.Reusability.login is PASSED

2018-07-10 20:39:08 - [MESSAGE][PASSED] - projectSpecific.Reusability.getTestData is PASSED

2018-07-10 20:39:08 - [MESSAGE][PASSED] - projectSpecific.Reusability.getTestData is PASSED

2018-07-10 20:39:08 - [MESSAGE][PASSED] - Text 'selvendrank@nousinfo.com' is set on object 'Object Repository/LoginPage/Username'

2018-07-10 20:39:08 - [MESSAGE][PASSED] - Text 'Nous;123' is set on object 'Object Repository/LoginPage/Password'

2018-07-10 20:39:22 - [MESSAGE][PASSED] - Object: 'Object Repository/LoginPage/Login' is clicked on

2018-07-10 20:39:22 - [MESSAGE][PASSED] - projectSpecific.Reusability.login is PASSED

2018-07-10 20:39:22 - [TEST_STEP][PASSED] - delay: Delayed 10 second(s)

2018-07-10 20:39:32 - [MESSAGE][PASSED] - Delayed 10 second(s)

2018-07-10 20:39:32 - [TEST_STEP][PASSED] - uiaction.CommonUIActions.click: uiaction.CommonUIActions.click is PASSED

2018-07-10 20:39:34 - [MESSAGE][PASSED] - uiaction.CommonUIActions.click is PASSED

2018-07-10 20:39:34 - [TEST_STEP][PASSED] - delay: Delayed 10 second(s)

2018-07-10 20:39:44 - [MESSAGE][PASSED] - Delayed 10 second(s)

2018-07-10 20:39:44 - [TEST_STEP][PASSED] - uiaction.CommonUIActions.click: uiaction.CommonUIActions.click is PASSED

2018-07-10 20:39:55 - [MESSAGE][PASSED] - uiaction.CommonUIActions.click is PASSED

2018-07-10 20:39:55 - [TEST_STEP][PASSED] - verifyElementPresent: Object 'Object Repository/StorePage/StoreListHeading' is present

2018-07-10 20:39:55 - [MESSAGE][PASSED] - Object 'Object Repository/StorePage/StoreListHeading' is present

2018-07-10 20:39:55 - [TEST_STEP][PASSED] - uiaction.CommonUIActions.click: uiaction.CommonUIActions.click is PASSED

2018-07-10 20:40:07 - [MESSAGE][PASSED] - uiaction.CommonUIActions.click is PASSED

2018-07-10 20:40:07 - [TEST_STEP][PASSED] - verifyElementPresent: Object 'Object Repository/StorePage/ManageLeaderGroupsButton' is present

2018-07-10 20:40:07 - [MESSAGE][PASSED] - Object 'Object Repository/StorePage/ManageLeaderGroupsButton' is present

2018-07-10 20:40:07 - [TEST_STEP][PASSED] - verifyElementPresent: Object 'Object Repository/StorePage/ManageReportGroupsButtton' is present

2018-07-10 20:40:07 - [MESSAGE][PASSED] - Object 'Object Repository/StorePage/ManageReportGroupsButtton' is present

2018-07-10 20:40:07 - [TEST_STEP][PASSED] - uiaction.CommonUIActions.click: uiaction.CommonUIActions.click is PASSED

2018-07-10 20:40:14 - [MESSAGE][PASSED] - uiaction.CommonUIActions.click is PASSED

2018-07-10 20:40:14 - [TEST_STEP][PASSED] - verifyElementPresent: Object 'Object Repository/ReportingGroupManagement/addNewGroup' is present

2018-07-10 20:40:14 - [MESSAGE][PASSED] - Object 'Object Repository/ReportingGroupManagement/addNewGroup' is present

2018-07-10 20:40:14 - [TEST_STEP][PASSED] - uiaction.CommonUIActions.click: uiaction.CommonUIActions.click is PASSED

2018-07-10 20:40:14 - [MESSAGE][PASSED] - uiaction.CommonUIActions.click is PASSED

2018-07-10 20:40:14 - [TEST_STEP][PASSED] - uiaction.CommonUIActions.click: uiaction.CommonUIActions.click is PASSED

2018-07-10 20:40:14 - [MESSAGE][PASSED] - uiaction.CommonUIActions.click is PASSED

2018-07-10 20:40:14 - [TEST_STEP][PASSED] - uiaction.CommonUIActions.enter: uiaction.CommonUIActions.enter is PASSED

2018-07-10 20:40:15 - [MESSAGE][PASSED] - projectSpecific.Reusability.getTestData is PASSED

2018-07-10 20:40:15 - [MESSAGE][PASSED] - uiaction.CommonUIActions.enter is PASSED

2018-07-10 20:40:15 - [TEST_STEP][PASSED] - uiaction.CommonUIActions.click: uiaction.CommonUIActions.click is PASSED

2018-07-10 20:40:15 - [MESSAGE][PASSED] - uiaction.CommonUIActions.click is PASSED

2018-07-10 20:40:15 - [TEST_STEP][PASSED] - uiaction.CommonUIActions.enter: uiaction.CommonUIActions.enter is PASSED

2018-07-10 20:40:15 - [MESSAGE][PASSED] - projectSpecific.Reusability.getTestData is PASSED

2018-07-10 20:40:15 - [MESSAGE][PASSED] - uiaction.CommonUIActions.enter is PASSED

2018-07-10 20:40:15 - [TEST_STEP][PASSED] - uiaction.CommonUIActions.click: uiaction.CommonUIActions.click is PASSED

2018-07-10 20:40:15 - [MESSAGE][PASSED] - uiaction.CommonUIActions.click is PASSED

2018-07-10 20:40:15 - [TEST_STEP][PASSED] - delay: Delayed 10 second(s)

2018-07-10 20:40:25 - [MESSAGE][PASSED] - Delayed 10 second(s)

2018-07-10 20:40:25 - [TEST_STEP][PASSED] - back: Navigate back successfully

2018-07-10 20:40:25 - [MESSAGE][PASSED] - Navigate back successfully

2018-07-10 20:40:25 - [TEST_STEP][PASSED] - delay: Delayed 5 second(s)

2018-07-10 20:40:30 - [MESSAGE][PASSED] - Delayed 5 second(s)

2018-07-10 20:40:30 - [TEST_STEP][PASSED] - back: Navigate back successfully

2018-07-10 20:40:30 - [MESSAGE][PASSED] - Navigate back successfully

2018-07-10 20:40:30 - [TEST_STEP][PASSED] - delay: Delayed 5 second(s)

2018-07-10 20:40:35 - [MESSAGE][PASSED] - Delayed 5 second(s)

2018-07-10 20:40:35 - [TEST_STEP][PASSED] - Statement - index = 0: null

2018-07-10 20:40:35 - [TEST_STEP][PASSED] - Statement - groupName = CustomKeywords.projectSpecific.Reusability.getTestData("ReportingGroupManagementPage", "groupNameTC3"): projectSpecific.Reusability.getTestData is PASSED

2018-07-10 20:40:35 - [MESSAGE][PASSED] - projectSpecific.Reusability.getTestData is PASSED

2018-07-10 20:40:35 - [TEST_STEP][PASSED] - Statement - groupHierarchyList = driver.findElements(org.openqa.selenium.By.xpath(com.kms.katalon.core.testdata.TestDataFactory.findTestData(OR_file).getValue(2, 13))): Reading excel file with source file 'C:\Users\shalinin\Katalon Studio\HME_DEVScripts\Data Files\HME_OR.xlsx' and sheet name 'Sheet1'

2018-07-10 20:40:35 - [TEST_STEP][PASSED] - Statement - For ([i = 0, i < groupHierarchyList.size(), (i++)]): null

2018-07-10 20:40:35 - [TEST_STEP][PASSED] - delay: Delayed 10 second(s)

2018-07-10 20:40:45 - [MESSAGE][PASSED] - Delayed 10 second(s)

2018-07-10 20:40:45 - [TEST_STEP][PASSED] - Statement - If (index == 5): null

2018-07-10 20:40:45 - [TEST_STEP][PASSED] - Statement - Else: null

2018-07-10 20:40:45 - [TEST_STEP][PASSED] - Statement - println("Required group is not available in group hierarchy"): null

2018-07-10 20:40:45 - [TEST_STEP][PASSED] - takeScreenshot: Taking screenshot successfully

2018-07-10 20:40:45 - [MESSAGE][PASSED] - Taking screenshot successfully
[[ATTACHMENT|C:\\Users\\shalinin\\Katalon Studio\\HME_DEVScripts\\Reports\\RegressionSuite\\20180710_194344\\1531235445523.png]]

2018-07-10 20:40:45 - [TEST_STEP][PASSED] - Statement - If (TCflag): null

2018-07-10 20:40:45 - [TEST_STEP][PASSED] - uiaction.CommonUIActions.click: uiaction.CommonUIActions.click is PASSED

2018-07-10 20:40:48 - [MESSAGE][PASSED] - uiaction.CommonUIActions.click is PASSED

2018-07-10 20:40:48 - [TEST_STEP][PASSED] - Statement - assert TCflag == true: null

2018-07-10 20:40:48 - [TEST_STEP][PASSED] - Start listener action : sampleAfterTestCase: Browser is closed

2018-07-10 20:40:48 - [TEST_STEP][PASSED] - Statement - println(testCaseContext.getTestCaseId()): null

2018-07-10 20:40:48 - [TEST_STEP][PASSED] - Statement - println(testCaseContext.getTestCaseStatus()): null

2018-07-10 20:40:48 - [TEST_STEP][PASSED] - closeBrowser: Browser is closed

2018-07-10 20:40:49 - [MESSAGE][PASSED] - Browser is closed]]></system-out>
         <system-err><![CDATA[2018-07-10 20:38:56 - [TEST_CASE][FAILED] - Test Cases/CreateGroupTC/HME-ReportingGroupManagement-03: Test Cases/CreateGroupTC/HME-ReportingGroupManagement-03 FAILED because (of) org.codehaus.groovy.runtime.powerassert.PowerAssertionError: assert TCflag==true
       |     |
       false false]]></system-err>
      </testcase>
      <testcase name="Test Cases/CreateGroupTC/HME-StoreDetailsPage-09" classname="Test Cases/CreateGroupTC/HME-StoreDetailsPage-09" status="PASSED">
         <system-out><![CDATA[2018-07-10 20:40:49 - [TEST_CASE][PASSED] - Test Cases/CreateGroupTC/HME-StoreDetailsPage-09: Browser is closed

2018-07-10 20:40:49 - [TEST_STEP][PASSED] - Start listener action : sampleBeforeTestCase: uiaction.CommonUIActions.deleteAllCookies is PASSED

2018-07-10 20:40:49 - [TEST_STEP][PASSED] - openBrowser: Browser is opened with url: ''

2018-07-10 20:40:51 - [MESSAGE][PASSED] - Browser is opened with url: ''

2018-07-10 20:40:51 - [TEST_STEP][PASSED] - maximizeWindow: Current window maximized

2018-07-10 20:40:52 - [MESSAGE][PASSED] - Current window maximized

2018-07-10 20:40:52 - [TEST_STEP][PASSED] - uiaction.CommonUIActions.deleteAllCookies: uiaction.CommonUIActions.deleteAllCookies is PASSED

2018-07-10 20:40:52 - [MESSAGE][PASSED] - Delete all cookies successfully

2018-07-10 20:40:52 - [MESSAGE][PASSED] - uiaction.CommonUIActions.deleteAllCookies is PASSED

2018-07-10 20:40:52 - [TEST_STEP][PASSED] - Statement - TCflag = true: null

2018-07-10 20:40:52 - [TEST_STEP][PASSED] - Statement - Try: null

2018-07-10 20:40:52 - [TEST_STEP][PASSED] - navigateToUrl: Navigate to 'https://engdev.hmedtcloud.com/?pg=Login' successfully

2018-07-10 20:41:01 - [MESSAGE][PASSED] - Navigate to 'https://engdev.hmedtcloud.com/?pg=Login' successfully

2018-07-10 20:41:01 - [TEST_STEP][PASSED] - projectSpecific.Reusability.login: projectSpecific.Reusability.login is PASSED

2018-07-10 20:41:01 - [MESSAGE][PASSED] - projectSpecific.Reusability.getTestData is PASSED

2018-07-10 20:41:01 - [MESSAGE][PASSED] - projectSpecific.Reusability.getTestData is PASSED

2018-07-10 20:41:01 - [MESSAGE][PASSED] - Text 'selvendrank@nousinfo.com' is set on object 'Object Repository/LoginPage/Username'

2018-07-10 20:41:01 - [MESSAGE][PASSED] - Text 'Nous;123' is set on object 'Object Repository/LoginPage/Password'

2018-07-10 20:41:14 - [MESSAGE][PASSED] - Object: 'Object Repository/LoginPage/Login' is clicked on

2018-07-10 20:41:14 - [MESSAGE][PASSED] - projectSpecific.Reusability.login is PASSED

2018-07-10 20:41:14 - [TEST_STEP][PASSED] - delay: Delayed 10 second(s)

2018-07-10 20:41:24 - [MESSAGE][PASSED] - Delayed 10 second(s)

2018-07-10 20:41:24 - [TEST_STEP][PASSED] - uiaction.CommonUIActions.click: uiaction.CommonUIActions.click is PASSED

2018-07-10 20:41:26 - [MESSAGE][PASSED] - uiaction.CommonUIActions.click is PASSED

2018-07-10 20:41:26 - [TEST_STEP][PASSED] - delay: Delayed 10 second(s)

2018-07-10 20:41:36 - [MESSAGE][PASSED] - Delayed 10 second(s)

2018-07-10 20:41:36 - [TEST_STEP][PASSED] - uiaction.CommonUIActions.click: uiaction.CommonUIActions.click is PASSED

2018-07-10 20:41:47 - [MESSAGE][PASSED] - uiaction.CommonUIActions.click is PASSED

2018-07-10 20:41:47 - [TEST_STEP][PASSED] - delay: Delayed 10 second(s)

2018-07-10 20:41:57 - [MESSAGE][PASSED] - Delayed 10 second(s)

2018-07-10 20:41:57 - [TEST_STEP][PASSED] - verifyElementPresent: Object 'Object Repository/StorePage/StoreListHeading' is present

2018-07-10 20:41:57 - [MESSAGE][PASSED] - Object 'Object Repository/StorePage/StoreListHeading' is present

2018-07-10 20:41:57 - [TEST_STEP][PASSED] - Statement - storeDetails = CustomKeywords.projectSpecific.Reusability.getTestData("StorePage", "StoreDetails"): projectSpecific.Reusability.getTestData is PASSED

2018-07-10 20:41:57 - [MESSAGE][PASSED] - projectSpecific.Reusability.getTestData is PASSED

2018-07-10 20:41:57 - [TEST_STEP][PASSED] - Statement - storedetail_label = CustomKeywords.projectSpecific.Reusability.getTestData("StorePage", "Store_labels"): projectSpecific.Reusability.getTestData is PASSED

2018-07-10 20:41:57 - [MESSAGE][PASSED] - projectSpecific.Reusability.getTestData is PASSED

2018-07-10 20:41:57 - [TEST_STEP][PASSED] - uiaction.CommonUIActions.click: uiaction.CommonUIActions.click is PASSED

2018-07-10 20:42:09 - [MESSAGE][PASSED] - uiaction.CommonUIActions.click is PASSED

2018-07-10 20:42:09 - [TEST_STEP][PASSED] - verifyElementPresent: Object 'Object Repository/HomePage/Verify_store' is present

2018-07-10 20:42:09 - [MESSAGE][PASSED] - Object 'Object Repository/HomePage/Verify_store' is present

2018-07-10 20:42:09 - [TEST_STEP][PASSED] - Statement - driver = com.kms.katalon.core.webui.driver.DriverFactory.getWebDriver(): null

2018-07-10 20:42:09 - [TEST_STEP][PASSED] - Statement - storeHeaders = driver.findElements(org.openqa.selenium.By.xpath(com.kms.katalon.core.testdata.TestDataFactory.findTestData(OR_file).getValue(2, 1))): Reading excel file with source file 'C:\Users\shalinin\Katalon Studio\HME_DEVScripts\Data Files\HME_OR.xlsx' and sheet name 'Sheet1'

2018-07-10 20:42:09 - [TEST_STEP][PASSED] - Statement - storeArraylabels = storedetail_label.split(",,"): null

2018-07-10 20:42:09 - [TEST_STEP][PASSED] - Statement - storeListlabels = new java.util.ArrayList(java.util.Arrays.asList(storeArraylabels)): null

2018-07-10 20:42:09 - [TEST_STEP][PASSED] - Statement - storeListlabels.unique(): null

2018-07-10 20:42:09 - [TEST_STEP][PASSED] - Statement - out.println(storeListlabels): null

2018-07-10 20:42:09 - [TEST_STEP][PASSED] - Statement - count = 1: null

2018-07-10 20:42:09 - [TEST_STEP][PASSED] - Statement - For ([i = 1, i < storeHeaders.size(), (i++)]): null

2018-07-10 20:42:09 - [TEST_STEP][PASSED] - Statement - execFlag = com.kms.katalon.core.webui.keyword.WebUiBuiltInKeywords.verifyMatch(storeHeaders.get(i).getText().trim(), storeListlabels[i].toString().trim(), false): Actual text 'Brand' and expected text 'Brand' are matched 

2018-07-10 20:42:09 - [MESSAGE][PASSED] - Actual text 'Brand' and expected text 'Brand' are matched 

2018-07-10 20:42:09 - [TEST_STEP][PASSED] - Statement - If (execFlag): null

2018-07-10 20:42:09 - [TEST_STEP][PASSED] - Statement - (count++): null

2018-07-10 20:42:09 - [TEST_STEP][PASSED] - Statement - execFlag = com.kms.katalon.core.webui.keyword.WebUiBuiltInKeywords.verifyMatch(storeHeaders.get(i).getText().trim(), storeListlabels[i].toString().trim(), false): Actual text 'Store' and expected text 'Store' are matched 

2018-07-10 20:42:09 - [MESSAGE][PASSED] - Actual text 'Store' and expected text 'Store' are matched 

2018-07-10 20:42:09 - [TEST_STEP][PASSED] - Statement - If (execFlag): null

2018-07-10 20:42:09 - [TEST_STEP][PASSED] - Statement - (count++): null

2018-07-10 20:42:09 - [TEST_STEP][PASSED] - Statement - execFlag = com.kms.katalon.core.webui.keyword.WebUiBuiltInKeywords.verifyMatch(storeHeaders.get(i).getText().trim(), storeListlabels[i].toString().trim(), false): Actual text 'Store Address' and expected text 'Store Address' are matched 

2018-07-10 20:42:09 - [MESSAGE][PASSED] - Actual text 'Store Address' and expected text 'Store Address' are matched 

2018-07-10 20:42:09 - [TEST_STEP][PASSED] - Statement - If (execFlag): null

2018-07-10 20:42:09 - [TEST_STEP][PASSED] - Statement - (count++): null

2018-07-10 20:42:09 - [TEST_STEP][PASSED] - Statement - execFlag = com.kms.katalon.core.webui.keyword.WebUiBuiltInKeywords.verifyMatch(storeHeaders.get(i).getText().trim(), storeListlabels[i].toString().trim(), false): Actual text 'City, State' and expected text 'City, State' are matched 

2018-07-10 20:42:09 - [MESSAGE][PASSED] - Actual text 'City, State' and expected text 'City, State' are matched 

2018-07-10 20:42:09 - [TEST_STEP][PASSED] - Statement - If (execFlag): null

2018-07-10 20:42:09 - [TEST_STEP][PASSED] - Statement - (count++): null

2018-07-10 20:42:09 - [TEST_STEP][PASSED] - Statement - execFlag = com.kms.katalon.core.webui.keyword.WebUiBuiltInKeywords.verifyMatch(storeHeaders.get(i).getText().trim(), storeListlabels[i].toString().trim(), false): Actual text 'Leaderboard Groups' and expected text 'Leaderboard Groups' are matched 

2018-07-10 20:42:09 - [MESSAGE][PASSED] - Actual text 'Leaderboard Groups' and expected text 'Leaderboard Groups' are matched 

2018-07-10 20:42:09 - [TEST_STEP][PASSED] - Statement - If (execFlag): null

2018-07-10 20:42:09 - [TEST_STEP][PASSED] - Statement - (count++): null

2018-07-10 20:42:09 - [TEST_STEP][PASSED] - Statement - execFlag = com.kms.katalon.core.webui.keyword.WebUiBuiltInKeywords.verifyMatch(storeHeaders.get(i).getText().trim(), storeListlabels[i].toString().trim(), false): Actual text 'Report Group' and expected text 'Report Group' are matched 

2018-07-10 20:42:09 - [MESSAGE][PASSED] - Actual text 'Report Group' and expected text 'Report Group' are matched 

2018-07-10 20:42:09 - [TEST_STEP][PASSED] - Statement - If (execFlag): null

2018-07-10 20:42:09 - [TEST_STEP][PASSED] - Statement - (count++): null

2018-07-10 20:42:09 - [TEST_STEP][PASSED] - Statement - execFlag = com.kms.katalon.core.webui.keyword.WebUiBuiltInKeywords.verifyMatch(storeHeaders.get(i).getText().trim(), storeListlabels[i].toString().trim(), false): Actual text 'System Name' and expected text 'System Name' are matched 

2018-07-10 20:42:09 - [MESSAGE][PASSED] - Actual text 'System Name' and expected text 'System Name' are matched 

2018-07-10 20:42:09 - [TEST_STEP][PASSED] - Statement - If (execFlag): null

2018-07-10 20:42:09 - [TEST_STEP][PASSED] - Statement - (count++): null

2018-07-10 20:42:09 - [TEST_STEP][PASSED] - Statement - execFlag = com.kms.katalon.core.webui.keyword.WebUiBuiltInKeywords.verifyMatch(storeHeaders.get(i).getText().trim(), storeListlabels[i].toString().trim(), false): Actual text 'System Version' and expected text 'System Version' are matched 

2018-07-10 20:42:09 - [MESSAGE][PASSED] - Actual text 'System Version' and expected text 'System Version' are matched 

2018-07-10 20:42:09 - [TEST_STEP][PASSED] - Statement - If (execFlag): null

2018-07-10 20:42:09 - [TEST_STEP][PASSED] - Statement - (count++): null

2018-07-10 20:42:09 - [TEST_STEP][PASSED] - Statement - execFlag = com.kms.katalon.core.webui.keyword.WebUiBuiltInKeywords.verifyMatch(storeHeaders.get(i).getText().trim(), storeListlabels[i].toString().trim(), false): Actual text 'System Status' and expected text 'System Status' are matched 

2018-07-10 20:42:09 - [MESSAGE][PASSED] - Actual text 'System Status' and expected text 'System Status' are matched 

2018-07-10 20:42:09 - [TEST_STEP][PASSED] - Statement - If (execFlag): null

2018-07-10 20:42:09 - [TEST_STEP][PASSED] - Statement - (count++): null

2018-07-10 20:42:09 - [TEST_STEP][PASSED] - Statement - If (count == storeHeaders.size()): Taking screenshot successfully

2018-07-10 20:42:09 - [TEST_STEP][PASSED] - takeScreenshot: Taking screenshot successfully

2018-07-10 20:42:09 - [MESSAGE][PASSED] - Taking screenshot successfully
[[ATTACHMENT|C:\\Users\\shalinin\\Katalon Studio\\HME_DEVScripts\\Reports\\RegressionSuite\\20180710_194344\\1531235529477.png]]

2018-07-10 20:42:09 - [TEST_STEP][PASSED] - uiaction.CommonUIActions.click: uiaction.CommonUIActions.click is PASSED

2018-07-10 20:42:11 - [MESSAGE][PASSED] - uiaction.CommonUIActions.click is PASSED

2018-07-10 20:42:11 - [TEST_STEP][PASSED] - verifyElementPresent: Object 'Object Repository/StorePage/storedetailslabel' is present

2018-07-10 20:42:12 - [MESSAGE][PASSED] - Object 'Object Repository/StorePage/storedetailslabel' is present

2018-07-10 20:42:12 - [TEST_STEP][PASSED] - verifyElementPresent: Object 'Object Repository/StorePage/zoomlabel' is present

2018-07-10 20:42:12 - [MESSAGE][PASSED] - Object 'Object Repository/StorePage/zoomlabel' is present

2018-07-10 20:42:12 - [TEST_STEP][PASSED] - Statement - defaultareaselected = com.kms.katalon.core.webui.keyword.WebUiBuiltInKeywords.getAttribute(com.kms.katalon.core.testobject.ObjectRepository.findTestObject(StorePage/defaultstoredetsails), "aria-selected"): Attribute 'aria-selected' of object 'Object Repository/StorePage/defaultstoredetsails' is: 'true'

2018-07-10 20:42:12 - [MESSAGE][PASSED] - Attribute 'aria-selected' of object 'Object Repository/StorePage/defaultstoredetsails' is: 'true'

2018-07-10 20:42:12 - [TEST_STEP][PASSED] - Statement - If (defaultareaselected): null

2018-07-10 20:42:12 - [TEST_STEP][PASSED] - Statement - out.println("Store Details is set by default"): null

2018-07-10 20:42:12 - [TEST_STEP][PASSED] - Statement - storeArray = storeDetails.split(","): null

2018-07-10 20:42:12 - [TEST_STEP][PASSED] - Statement - storeList = new java.util.ArrayList(java.util.Arrays.asList(storeArray)): null

2018-07-10 20:42:12 - [TEST_STEP][PASSED] - Statement - storeList.unique(): null

2018-07-10 20:42:12 - [TEST_STEP][PASSED] - Statement - out.println(storeList): null

2018-07-10 20:42:12 - [TEST_STEP][PASSED] - Statement - storeElements = driver.findElements(org.openqa.selenium.By.xpath(com.kms.katalon.core.testdata.TestDataFactory.findTestData(OR_file).getValue(2, 2))): Reading excel file with source file 'C:\Users\shalinin\Katalon Studio\HME_DEVScripts\Data Files\HME_OR.xlsx' and sheet name 'Sheet1'

2018-07-10 20:42:12 - [TEST_STEP][PASSED] - Statement - actualList = new java.util.ArrayList(): null

2018-07-10 20:42:12 - [TEST_STEP][PASSED] - Statement - For ([i = 0, i < storeElements.size(), (i++)]): null

2018-07-10 20:42:12 - [TEST_STEP][PASSED] - Statement - actualList.add(i, storeElements.get(i).getText()): null

2018-07-10 20:42:12 - [TEST_STEP][PASSED] - Statement - actualList.add(i, storeElements.get(i).getText()): null

2018-07-10 20:42:12 - [TEST_STEP][PASSED] - Statement - actualList.add(i, storeElements.get(i).getText()): null

2018-07-10 20:42:12 - [TEST_STEP][PASSED] - Statement - actualList.add(i, storeElements.get(i).getText()): null

2018-07-10 20:42:12 - [TEST_STEP][PASSED] - Statement - actualList.add(i, storeElements.get(i).getText()): null

2018-07-10 20:42:12 - [TEST_STEP][PASSED] - Statement - actualList.add(i, storeElements.get(i).getText()): null

2018-07-10 20:42:12 - [TEST_STEP][PASSED] - Statement - actualList.add(i, storeElements.get(i).getText()): null

2018-07-10 20:42:12 - [TEST_STEP][PASSED] - Statement - actualList.add(i, storeElements.get(i).getText()): null

2018-07-10 20:42:12 - [TEST_STEP][PASSED] - Statement - actualList.add(i, storeElements.get(i).getText()): null

2018-07-10 20:42:12 - [TEST_STEP][PASSED] - Statement - actualList.add(i, storeElements.get(i).getText()): null

2018-07-10 20:42:12 - [TEST_STEP][PASSED] - Statement - actualList.add(i, storeElements.get(i).getText()): null

2018-07-10 20:42:12 - [TEST_STEP][PASSED] - Statement - actualList.add(i, storeElements.get(i).getText()): null

2018-07-10 20:42:12 - [TEST_STEP][PASSED] - Statement - actualList.add(i, storeElements.get(i).getText()): null

2018-07-10 20:42:12 - [TEST_STEP][PASSED] - Statement - actualList.add(i, storeElements.get(i).getText()): null

2018-07-10 20:42:12 - [TEST_STEP][PASSED] - Statement - actualList.add(i, storeElements.get(i).getText()): null

2018-07-10 20:42:12 - [TEST_STEP][PASSED] - Statement - out.println(actualList): null

2018-07-10 20:42:12 - [TEST_STEP][PASSED] - Statement - execFlag1 = true: null

2018-07-10 20:42:12 - [TEST_STEP][PASSED] - Statement - For ([j = 0, j < actualList.size(), (j++)]): null

2018-07-10 20:42:12 - [TEST_STEP][PASSED] - Statement - execFlag1 = com.kms.katalon.core.webui.keyword.WebUiBuiltInKeywords.verifyMatch(storeList.get(j).toString().trim(), actualList.get(j).toString().trim(), false): Actual text 'Brand' and expected text 'Brand' are matched 

2018-07-10 20:42:12 - [MESSAGE][PASSED] - Actual text 'Brand' and expected text 'Brand' are matched 

2018-07-10 20:42:12 - [TEST_STEP][PASSED] - Statement - If (!(execFlag1)): null

2018-07-10 20:42:12 - [TEST_STEP][PASSED] - Statement - execFlag1 = com.kms.katalon.core.webui.keyword.WebUiBuiltInKeywords.verifyMatch(storeList.get(j).toString().trim(), actualList.get(j).toString().trim(), false): Actual text 'Store Name' and expected text 'Store Name' are matched 

2018-07-10 20:42:12 - [MESSAGE][PASSED] - Actual text 'Store Name' and expected text 'Store Name' are matched 

2018-07-10 20:42:12 - [TEST_STEP][PASSED] - Statement - If (!(execFlag1)): null

2018-07-10 20:42:12 - [TEST_STEP][PASSED] - Statement - execFlag1 = com.kms.katalon.core.webui.keyword.WebUiBuiltInKeywords.verifyMatch(storeList.get(j).toString().trim(), actualList.get(j).toString().trim(), false): Actual text 'Store Number' and expected text 'Store Number' are matched 

2018-07-10 20:42:12 - [MESSAGE][PASSED] - Actual text 'Store Number' and expected text 'Store Number' are matched 

2018-07-10 20:42:12 - [TEST_STEP][PASSED] - Statement - If (!(execFlag1)): null

2018-07-10 20:42:12 - [TEST_STEP][PASSED] - Statement - execFlag1 = com.kms.katalon.core.webui.keyword.WebUiBuiltInKeywords.verifyMatch(storeList.get(j).toString().trim(), actualList.get(j).toString().trim(), false): Actual text 'Group:' and expected text 'Group:' are matched 

2018-07-10 20:42:12 - [MESSAGE][PASSED] - Actual text 'Group:' and expected text 'Group:' are matched 

2018-07-10 20:42:12 - [TEST_STEP][PASSED] - Statement - If (!(execFlag1)): null

2018-07-10 20:42:12 - [TEST_STEP][PASSED] - Statement - execFlag1 = com.kms.katalon.core.webui.keyword.WebUiBuiltInKeywords.verifyMatch(storeList.get(j).toString().trim(), actualList.get(j).toString().trim(), false): Actual text 'Report Group:' and expected text 'Report Group:' are matched 

2018-07-10 20:42:12 - [MESSAGE][PASSED] - Actual text 'Report Group:' and expected text 'Report Group:' are matched 

2018-07-10 20:42:12 - [TEST_STEP][PASSED] - Statement - If (!(execFlag1)): null

2018-07-10 20:42:12 - [TEST_STEP][PASSED] - Statement - execFlag1 = com.kms.katalon.core.webui.keyword.WebUiBuiltInKeywords.verifyMatch(storeList.get(j).toString().trim(), actualList.get(j).toString().trim(), false): Actual text 'Address Line 1' and expected text 'Address Line 1' are matched 

2018-07-10 20:42:12 - [MESSAGE][PASSED] - Actual text 'Address Line 1' and expected text 'Address Line 1' are matched 

2018-07-10 20:42:12 - [TEST_STEP][PASSED] - Statement - If (!(execFlag1)): null

2018-07-10 20:42:12 - [TEST_STEP][PASSED] - Statement - execFlag1 = com.kms.katalon.core.webui.keyword.WebUiBuiltInKeywords.verifyMatch(storeList.get(j).toString().trim(), actualList.get(j).toString().trim(), false): Actual text 'Address Line 2' and expected text 'Address Line 2' are matched 

2018-07-10 20:42:12 - [MESSAGE][PASSED] - Actual text 'Address Line 2' and expected text 'Address Line 2' are matched 

2018-07-10 20:42:12 - [TEST_STEP][PASSED] - Statement - If (!(execFlag1)): null

2018-07-10 20:42:12 - [TEST_STEP][PASSED] - Statement - execFlag1 = com.kms.katalon.core.webui.keyword.WebUiBuiltInKeywords.verifyMatch(storeList.get(j).toString().trim(), actualList.get(j).toString().trim(), false): Actual text 'Address Line 3' and expected text 'Address Line 3' are matched 

2018-07-10 20:42:12 - [MESSAGE][PASSED] - Actual text 'Address Line 3' and expected text 'Address Line 3' are matched 

2018-07-10 20:42:12 - [TEST_STEP][PASSED] - Statement - If (!(execFlag1)): null

2018-07-10 20:42:12 - [TEST_STEP][PASSED] - Statement - execFlag1 = com.kms.katalon.core.webui.keyword.WebUiBuiltInKeywords.verifyMatch(storeList.get(j).toString().trim(), actualList.get(j).toString().trim(), false): Actual text 'Address Line 4' and expected text 'Address Line 4' are matched 

2018-07-10 20:42:12 - [MESSAGE][PASSED] - Actual text 'Address Line 4' and expected text 'Address Line 4' are matched 

2018-07-10 20:42:12 - [TEST_STEP][PASSED] - Statement - If (!(execFlag1)): null

2018-07-10 20:42:12 - [TEST_STEP][PASSED] - Statement - execFlag1 = com.kms.katalon.core.webui.keyword.WebUiBuiltInKeywords.verifyMatch(storeList.get(j).toString().trim(), actualList.get(j).toString().trim(), false): Actual text 'City' and expected text 'City' are matched 

2018-07-10 20:42:12 - [MESSAGE][PASSED] - Actual text 'City' and expected text 'City' are matched 

2018-07-10 20:42:12 - [TEST_STEP][PASSED] - Statement - If (!(execFlag1)): null

2018-07-10 20:42:12 - [TEST_STEP][PASSED] - Statement - execFlag1 = com.kms.katalon.core.webui.keyword.WebUiBuiltInKeywords.verifyMatch(storeList.get(j).toString().trim(), actualList.get(j).toString().trim(), false): Actual text 'Region: *' and expected text 'Region: *' are matched 

2018-07-10 20:42:12 - [MESSAGE][PASSED] - Actual text 'Region: *' and expected text 'Region: *' are matched 

2018-07-10 20:42:12 - [TEST_STEP][PASSED] - Statement - If (!(execFlag1)): null

2018-07-10 20:42:12 - [TEST_STEP][PASSED] - Statement - execFlag1 = com.kms.katalon.core.webui.keyword.WebUiBuiltInKeywords.verifyMatch(storeList.get(j).toString().trim(), actualList.get(j).toString().trim(), false): Actual text 'Zip:' and expected text 'Zip:' are matched 

2018-07-10 20:42:12 - [MESSAGE][PASSED] - Actual text 'Zip:' and expected text 'Zip:' are matched 

2018-07-10 20:42:12 - [TEST_STEP][PASSED] - Statement - If (!(execFlag1)): null

2018-07-10 20:42:12 - [TEST_STEP][PASSED] - Statement - execFlag1 = com.kms.katalon.core.webui.keyword.WebUiBuiltInKeywords.verifyMatch(storeList.get(j).toString().trim(), actualList.get(j).toString().trim(), false): Actual text 'Country:' and expected text 'Country:' are matched 

2018-07-10 20:42:12 - [MESSAGE][PASSED] - Actual text 'Country:' and expected text 'Country:' are matched 

2018-07-10 20:42:12 - [TEST_STEP][PASSED] - Statement - If (!(execFlag1)): null

2018-07-10 20:42:12 - [TEST_STEP][PASSED] - Statement - execFlag1 = com.kms.katalon.core.webui.keyword.WebUiBuiltInKeywords.verifyMatch(storeList.get(j).toString().trim(), actualList.get(j).toString().trim(), false): Actual text 'Phone:' and expected text 'Phone:' are matched 

2018-07-10 20:42:12 - [MESSAGE][PASSED] - Actual text 'Phone:' and expected text 'Phone:' are matched 

2018-07-10 20:42:12 - [TEST_STEP][PASSED] - Statement - If (!(execFlag1)): null

2018-07-10 20:42:12 - [TEST_STEP][PASSED] - Statement - execFlag1 = com.kms.katalon.core.webui.keyword.WebUiBuiltInKeywords.verifyMatch(storeList.get(j).toString().trim(), actualList.get(j).toString().trim(), false): Actual text 'Fax:' and expected text 'Fax:' are matched 

2018-07-10 20:42:12 - [MESSAGE][PASSED] - Actual text 'Fax:' and expected text 'Fax:' are matched 

2018-07-10 20:42:12 - [TEST_STEP][PASSED] - Statement - If (!(execFlag1)): null

2018-07-10 20:42:12 - [TEST_STEP][PASSED] - Statement - If (execFlag1): null

2018-07-10 20:42:12 - [TEST_STEP][PASSED] - Statement - out.println("Store details labels are verified"): null

2018-07-10 20:42:12 - [TEST_STEP][PASSED] - Statement - editfield = com.kms.katalon.core.webui.keyword.WebUiBuiltInKeywords.clearText(com.kms.katalon.core.testobject.ObjectRepository.findTestObject(StorePage/storeName)): Text of object 'Object Repository/StorePage/storeName' is cleared

2018-07-10 20:42:12 - [MESSAGE][PASSED] - Text of object 'Object Repository/StorePage/storeName' is cleared

2018-07-10 20:42:12 - [TEST_STEP][PASSED] - Statement - If (editfield): null

2018-07-10 20:42:12 - [TEST_STEP][PASSED] - Statement - out.println("The store name is editable field"): null

2018-07-10 20:42:12 - [TEST_STEP][PASSED] - Statement - inputFields = driver.findElements(org.openqa.selenium.By.xpath(com.kms.katalon.core.testdata.TestDataFactory.findTestData(OR_file).getValue(2, 3))): Reading excel file with source file 'C:\Users\shalinin\Katalon Studio\HME_DEVScripts\Data Files\HME_OR.xlsx' and sheet name 'Sheet1'

2018-07-10 20:42:12 - [TEST_STEP][PASSED] - Statement - inputFieldsResults = new java.util.ArrayList(): null

2018-07-10 20:42:12 - [TEST_STEP][PASSED] - Statement - index = 3: null

2018-07-10 20:42:12 - [TEST_STEP][PASSED] - Statement - For ([i = 0, i < inputFields.size(), (i++)]): null

2018-07-10 20:42:12 - [TEST_STEP][PASSED] - Statement - xpathval = "//form[@name='store_submit']/table/tbody/tr[" + index + "]//input": null

2018-07-10 20:42:12 - [TEST_STEP][PASSED] - Statement - LinkToSearch = com.kms.katalon.core.webui.keyword.WebUiBuiltInKeywords.modifyObjectProperty(com.kms.katalon.core.testobject.ObjectRepository.findTestObject(StorePage/storeInputValue), "xpath", "equals", xpathval, true): Modify property of object successfully

2018-07-10 20:42:12 - [MESSAGE][PASSED] - Modify property of object successfully

2018-07-10 20:42:12 - [TEST_STEP][PASSED] - Statement - attr1 = com.kms.katalon.core.webui.keyword.WebUiBuiltInKeywords.getAttribute(LinkToSearch, "disabled"): Attribute 'disabled' of object 'Object Repository/StorePage/storeInputValue' is: 'true'

2018-07-10 20:42:12 - [MESSAGE][PASSED] - Attribute 'disabled' of object 'Object Repository/StorePage/storeInputValue' is: 'true'

2018-07-10 20:42:12 - [TEST_STEP][PASSED] - Statement - If (attr1): null

2018-07-10 20:42:12 - [TEST_STEP][PASSED] - Statement - xpathval = "//form[@name='store_submit']/table/tbody/tr[" + index + "]//input": null

2018-07-10 20:42:12 - [TEST_STEP][PASSED] - Statement - LinkToSearch = com.kms.katalon.core.webui.keyword.WebUiBuiltInKeywords.modifyObjectProperty(com.kms.katalon.core.testobject.ObjectRepository.findTestObject(StorePage/storeInputValue), "xpath", "equals", xpathval, true): Modify property of object successfully

2018-07-10 20:42:12 - [MESSAGE][PASSED] - Modify property of object successfully

2018-07-10 20:42:12 - [TEST_STEP][PASSED] - Statement - attr1 = com.kms.katalon.core.webui.keyword.WebUiBuiltInKeywords.getAttribute(LinkToSearch, "disabled"): Attribute 'disabled' of object 'Object Repository/StorePage/storeInputValue' is: 'true'

2018-07-10 20:42:12 - [MESSAGE][PASSED] - Attribute 'disabled' of object 'Object Repository/StorePage/storeInputValue' is: 'true'

2018-07-10 20:42:12 - [TEST_STEP][PASSED] - Statement - If (attr1): null

2018-07-10 20:42:12 - [TEST_STEP][PASSED] - Statement - xpathval = "//form[@name='store_submit']/table/tbody/tr[" + index + "]//input": null

2018-07-10 20:42:12 - [TEST_STEP][PASSED] - Statement - LinkToSearch = com.kms.katalon.core.webui.keyword.WebUiBuiltInKeywords.modifyObjectProperty(com.kms.katalon.core.testobject.ObjectRepository.findTestObject(StorePage/storeInputValue), "xpath", "equals", xpathval, true): Modify property of object successfully

2018-07-10 20:42:12 - [MESSAGE][PASSED] - Modify property of object successfully

2018-07-10 20:42:12 - [TEST_STEP][PASSED] - Statement - attr1 = com.kms.katalon.core.webui.keyword.WebUiBuiltInKeywords.getAttribute(LinkToSearch, "disabled"): Attribute 'disabled' of object 'Object Repository/StorePage/storeInputValue' is: 'true'

2018-07-10 20:42:12 - [MESSAGE][PASSED] - Attribute 'disabled' of object 'Object Repository/StorePage/storeInputValue' is: 'true'

2018-07-10 20:42:12 - [TEST_STEP][PASSED] - Statement - If (attr1): null

2018-07-10 20:42:12 - [TEST_STEP][PASSED] - Statement - xpathval = "//form[@name='store_submit']/table/tbody/tr[" + index + "]//input": null

2018-07-10 20:42:12 - [TEST_STEP][PASSED] - Statement - LinkToSearch = com.kms.katalon.core.webui.keyword.WebUiBuiltInKeywords.modifyObjectProperty(com.kms.katalon.core.testobject.ObjectRepository.findTestObject(StorePage/storeInputValue), "xpath", "equals", xpathval, true): Modify property of object successfully

2018-07-10 20:42:12 - [MESSAGE][PASSED] - Modify property of object successfully

2018-07-10 20:42:12 - [TEST_STEP][PASSED] - Statement - attr1 = com.kms.katalon.core.webui.keyword.WebUiBuiltInKeywords.getAttribute(LinkToSearch, "disabled"): Attribute 'disabled' of object 'Object Repository/StorePage/storeInputValue' is: 'true'

2018-07-10 20:42:12 - [MESSAGE][PASSED] - Attribute 'disabled' of object 'Object Repository/StorePage/storeInputValue' is: 'true'

2018-07-10 20:42:12 - [TEST_STEP][PASSED] - Statement - If (attr1): null

2018-07-10 20:42:12 - [TEST_STEP][PASSED] - Statement - xpathval = "//form[@name='store_submit']/table/tbody/tr[" + index + "]//input": null

2018-07-10 20:42:12 - [TEST_STEP][PASSED] - Statement - LinkToSearch = com.kms.katalon.core.webui.keyword.WebUiBuiltInKeywords.modifyObjectProperty(com.kms.katalon.core.testobject.ObjectRepository.findTestObject(StorePage/storeInputValue), "xpath", "equals", xpathval, true): Modify property of object successfully

2018-07-10 20:42:12 - [MESSAGE][PASSED] - Modify property of object successfully

2018-07-10 20:42:12 - [TEST_STEP][PASSED] - Statement - attr1 = com.kms.katalon.core.webui.keyword.WebUiBuiltInKeywords.getAttribute(LinkToSearch, "disabled"): Attribute 'disabled' of object 'Object Repository/StorePage/storeInputValue' is: 'true'

2018-07-10 20:42:12 - [MESSAGE][PASSED] - Attribute 'disabled' of object 'Object Repository/StorePage/storeInputValue' is: 'true'

2018-07-10 20:42:12 - [TEST_STEP][PASSED] - Statement - If (attr1): null

2018-07-10 20:42:12 - [TEST_STEP][PASSED] - Statement - xpathval = "//form[@name='store_submit']/table/tbody/tr[" + index + "]//input": null

2018-07-10 20:42:12 - [TEST_STEP][PASSED] - Statement - LinkToSearch = com.kms.katalon.core.webui.keyword.WebUiBuiltInKeywords.modifyObjectProperty(com.kms.katalon.core.testobject.ObjectRepository.findTestObject(StorePage/storeInputValue), "xpath", "equals", xpathval, true): Modify property of object successfully

2018-07-10 20:42:12 - [MESSAGE][PASSED] - Modify property of object successfully

2018-07-10 20:42:12 - [TEST_STEP][PASSED] - Statement - attr1 = com.kms.katalon.core.webui.keyword.WebUiBuiltInKeywords.getAttribute(LinkToSearch, "disabled"): Attribute 'disabled' of object 'Object Repository/StorePage/storeInputValue' is: 'true'

2018-07-10 20:42:12 - [MESSAGE][PASSED] - Attribute 'disabled' of object 'Object Repository/StorePage/storeInputValue' is: 'true'

2018-07-10 20:42:12 - [TEST_STEP][PASSED] - Statement - If (attr1): null

2018-07-10 20:42:12 - [TEST_STEP][PASSED] - Statement - xpathval = "//form[@name='store_submit']/table/tbody/tr[" + index + "]//input": null

2018-07-10 20:42:12 - [TEST_STEP][PASSED] - Statement - LinkToSearch = com.kms.katalon.core.webui.keyword.WebUiBuiltInKeywords.modifyObjectProperty(com.kms.katalon.core.testobject.ObjectRepository.findTestObject(StorePage/storeInputValue), "xpath", "equals", xpathval, true): Modify property of object successfully

2018-07-10 20:42:12 - [MESSAGE][PASSED] - Modify property of object successfully

2018-07-10 20:42:12 - [TEST_STEP][PASSED] - Statement - attr1 = com.kms.katalon.core.webui.keyword.WebUiBuiltInKeywords.getAttribute(LinkToSearch, "disabled"): Attribute 'disabled' of object 'Object Repository/StorePage/storeInputValue' is: 'true'

2018-07-10 20:42:12 - [MESSAGE][PASSED] - Attribute 'disabled' of object 'Object Repository/StorePage/storeInputValue' is: 'true'

2018-07-10 20:42:12 - [TEST_STEP][PASSED] - Statement - If (attr1): null

2018-07-10 20:42:12 - [TEST_STEP][PASSED] - Statement - xpathval = "//form[@name='store_submit']/table/tbody/tr[" + index + "]//input": null

2018-07-10 20:42:12 - [TEST_STEP][PASSED] - Statement - LinkToSearch = com.kms.katalon.core.webui.keyword.WebUiBuiltInKeywords.modifyObjectProperty(com.kms.katalon.core.testobject.ObjectRepository.findTestObject(StorePage/storeInputValue), "xpath", "equals", xpathval, true): Modify property of object successfully

2018-07-10 20:42:12 - [MESSAGE][PASSED] - Modify property of object successfully

2018-07-10 20:42:12 - [TEST_STEP][PASSED] - Statement - attr1 = com.kms.katalon.core.webui.keyword.WebUiBuiltInKeywords.getAttribute(LinkToSearch, "disabled"): Attribute 'disabled' of object 'Object Repository/StorePage/storeInputValue' is: 'true'

2018-07-10 20:42:12 - [MESSAGE][PASSED] - Attribute 'disabled' of object 'Object Repository/StorePage/storeInputValue' is: 'true'

2018-07-10 20:42:12 - [TEST_STEP][PASSED] - Statement - If (attr1): null

2018-07-10 20:42:12 - [TEST_STEP][PASSED] - Statement - xpathval = "//form[@name='store_submit']/table/tbody/tr[" + index + "]//input": null

2018-07-10 20:42:12 - [TEST_STEP][PASSED] - Statement - LinkToSearch = com.kms.katalon.core.webui.keyword.WebUiBuiltInKeywords.modifyObjectProperty(com.kms.katalon.core.testobject.ObjectRepository.findTestObject(StorePage/storeInputValue), "xpath", "equals", xpathval, true): Modify property of object successfully

2018-07-10 20:42:12 - [MESSAGE][PASSED] - Modify property of object successfully

2018-07-10 20:42:12 - [TEST_STEP][PASSED] - Statement - attr1 = com.kms.katalon.core.webui.keyword.WebUiBuiltInKeywords.getAttribute(LinkToSearch, "disabled"): Attribute 'disabled' of object 'Object Repository/StorePage/storeInputValue' is: 'true'

2018-07-10 20:42:12 - [MESSAGE][PASSED] - Attribute 'disabled' of object 'Object Repository/StorePage/storeInputValue' is: 'true'

2018-07-10 20:42:12 - [TEST_STEP][PASSED] - Statement - If (attr1): null

2018-07-10 20:42:12 - [TEST_STEP][PASSED] - Statement - xpathval = "//form[@name='store_submit']/table/tbody/tr[" + index + "]//input": null

2018-07-10 20:42:12 - [TEST_STEP][PASSED] - Statement - LinkToSearch = com.kms.katalon.core.webui.keyword.WebUiBuiltInKeywords.modifyObjectProperty(com.kms.katalon.core.testobject.ObjectRepository.findTestObject(StorePage/storeInputValue), "xpath", "equals", xpathval, true): Modify property of object successfully

2018-07-10 20:42:12 - [MESSAGE][PASSED] - Modify property of object successfully

2018-07-10 20:42:12 - [TEST_STEP][PASSED] - Statement - attr1 = com.kms.katalon.core.webui.keyword.WebUiBuiltInKeywords.getAttribute(LinkToSearch, "disabled"): Attribute 'disabled' of object 'Object Repository/StorePage/storeInputValue' is: 'true'

2018-07-10 20:42:12 - [MESSAGE][PASSED] - Attribute 'disabled' of object 'Object Repository/StorePage/storeInputValue' is: 'true'

2018-07-10 20:42:12 - [TEST_STEP][PASSED] - Statement - If (attr1): null

2018-07-10 20:42:12 - [TEST_STEP][PASSED] - Statement - xpathval = "//form[@name='store_submit']/table/tbody/tr[" + index + "]//input": null

2018-07-10 20:42:12 - [TEST_STEP][PASSED] - Statement - LinkToSearch = com.kms.katalon.core.webui.keyword.WebUiBuiltInKeywords.modifyObjectProperty(com.kms.katalon.core.testobject.ObjectRepository.findTestObject(StorePage/storeInputValue), "xpath", "equals", xpathval, true): Modify property of object successfully

2018-07-10 20:42:12 - [MESSAGE][PASSED] - Modify property of object successfully

2018-07-10 20:42:12 - [TEST_STEP][PASSED] - Statement - attr1 = com.kms.katalon.core.webui.keyword.WebUiBuiltInKeywords.getAttribute(LinkToSearch, "disabled"): Attribute 'disabled' of object 'Object Repository/StorePage/storeInputValue' is: 'true'

2018-07-10 20:42:12 - [MESSAGE][PASSED] - Attribute 'disabled' of object 'Object Repository/StorePage/storeInputValue' is: 'true'

2018-07-10 20:42:12 - [TEST_STEP][PASSED] - Statement - If (attr1): null

2018-07-10 20:42:12 - [TEST_STEP][PASSED] - Statement - xpathval = "//form[@name='store_submit']/table/tbody/tr[" + index + "]//input": null

2018-07-10 20:42:12 - [TEST_STEP][PASSED] - Statement - LinkToSearch = com.kms.katalon.core.webui.keyword.WebUiBuiltInKeywords.modifyObjectProperty(com.kms.katalon.core.testobject.ObjectRepository.findTestObject(StorePage/storeInputValue), "xpath", "equals", xpathval, true): Modify property of object successfully

2018-07-10 20:42:12 - [MESSAGE][PASSED] - Modify property of object successfully

2018-07-10 20:42:12 - [TEST_STEP][PASSED] - Statement - attr1 = com.kms.katalon.core.webui.keyword.WebUiBuiltInKeywords.getAttribute(LinkToSearch, "disabled"): Attribute 'disabled' of object 'Object Repository/StorePage/storeInputValue' is: 'true'

2018-07-10 20:42:12 - [MESSAGE][PASSED] - Attribute 'disabled' of object 'Object Repository/StorePage/storeInputValue' is: 'true'

2018-07-10 20:42:12 - [TEST_STEP][PASSED] - Statement - If (attr1): null

2018-07-10 20:42:12 - [TEST_STEP][PASSED] - Statement - xpathval = "//form[@name='store_submit']/table/tbody/tr[" + index + "]//input": null

2018-07-10 20:42:12 - [TEST_STEP][PASSED] - Statement - LinkToSearch = com.kms.katalon.core.webui.keyword.WebUiBuiltInKeywords.modifyObjectProperty(com.kms.katalon.core.testobject.ObjectRepository.findTestObject(StorePage/storeInputValue), "xpath", "equals", xpathval, true): Modify property of object successfully

2018-07-10 20:42:12 - [MESSAGE][PASSED] - Modify property of object successfully

2018-07-10 20:42:12 - [TEST_STEP][PASSED] - Statement - attr1 = com.kms.katalon.core.webui.keyword.WebUiBuiltInKeywords.getAttribute(LinkToSearch, "disabled"): Attribute 'disabled' of object 'Object Repository/StorePage/storeInputValue' is: 'true'

2018-07-10 20:42:12 - [MESSAGE][PASSED] - Attribute 'disabled' of object 'Object Repository/StorePage/storeInputValue' is: 'true'

2018-07-10 20:42:12 - [TEST_STEP][PASSED] - Statement - If (attr1): null

2018-07-10 20:42:12 - [TEST_STEP][PASSED] - Statement - s = inputFieldsResults[1]: null

2018-07-10 20:42:12 - [TEST_STEP][PASSED] - Statement - isEditable = false: null

2018-07-10 20:42:12 - [TEST_STEP][PASSED] - Statement - For ([j = 2, j < inputFieldsResults.size(), (j++)]): null

2018-07-10 20:42:12 - [TEST_STEP][PASSED] - Statement - s1 = inputFieldsResults[j]: null

2018-07-10 20:42:12 - [TEST_STEP][PASSED] - Statement - If (!(s1.equals(s))): null

2018-07-10 20:42:12 - [TEST_STEP][PASSED] - Statement - s1 = inputFieldsResults[j]: null

2018-07-10 20:42:12 - [TEST_STEP][PASSED] - Statement - If (!(s1.equals(s))): null

2018-07-10 20:42:12 - [TEST_STEP][PASSED] - Statement - s1 = inputFieldsResults[j]: null

2018-07-10 20:42:12 - [TEST_STEP][PASSED] - Statement - If (!(s1.equals(s))): null

2018-07-10 20:42:12 - [TEST_STEP][PASSED] - Statement - s1 = inputFieldsResults[j]: null

2018-07-10 20:42:12 - [TEST_STEP][PASSED] - Statement - If (!(s1.equals(s))): null

2018-07-10 20:42:12 - [TEST_STEP][PASSED] - Statement - s1 = inputFieldsResults[j]: null

2018-07-10 20:42:12 - [TEST_STEP][PASSED] - Statement - If (!(s1.equals(s))): null

2018-07-10 20:42:12 - [TEST_STEP][PASSED] - Statement - s1 = inputFieldsResults[j]: null

2018-07-10 20:42:12 - [TEST_STEP][PASSED] - Statement - If (!(s1.equals(s))): null

2018-07-10 20:42:12 - [TEST_STEP][PASSED] - Statement - s1 = inputFieldsResults[j]: null

2018-07-10 20:42:12 - [TEST_STEP][PASSED] - Statement - If (!(s1.equals(s))): null

2018-07-10 20:42:12 - [TEST_STEP][PASSED] - Statement - s1 = inputFieldsResults[j]: null

2018-07-10 20:42:12 - [TEST_STEP][PASSED] - Statement - If (!(s1.equals(s))): null

2018-07-10 20:42:12 - [TEST_STEP][PASSED] - Statement - s1 = inputFieldsResults[j]: null

2018-07-10 20:42:12 - [TEST_STEP][PASSED] - Statement - If (!(s1.equals(s))): null

2018-07-10 20:42:12 - [TEST_STEP][PASSED] - Statement - s1 = inputFieldsResults[j]: null

2018-07-10 20:42:12 - [TEST_STEP][PASSED] - Statement - If (!(s1.equals(s))): null

2018-07-10 20:42:12 - [TEST_STEP][PASSED] - Statement - s1 = inputFieldsResults[j]: null

2018-07-10 20:42:12 - [TEST_STEP][PASSED] - Statement - If (!(s1.equals(s))): null

2018-07-10 20:42:12 - [TEST_STEP][PASSED] - Statement - If (!(isEditable)): null

2018-07-10 20:42:12 - [TEST_STEP][PASSED] - Statement - out.println("Store fields are not editable"): null

2018-07-10 20:42:12 - [TEST_STEP][PASSED] - Statement - attrDisabled = com.kms.katalon.core.webui.keyword.WebUiBuiltInKeywords.getAttribute(com.kms.katalon.core.testobject.ObjectRepository.findTestObject(StorePage/storebrandName), "disabled"): Attribute 'disabled' of object 'Object Repository/StorePage/storebrandName' is: 'true'

2018-07-10 20:42:12 - [MESSAGE][PASSED] - Attribute 'disabled' of object 'Object Repository/StorePage/storebrandName' is: 'true'

2018-07-10 20:42:12 - [TEST_STEP][PASSED] - Statement - If (attrDisabled): null

2018-07-10 20:42:12 - [TEST_STEP][PASSED] - Statement - out.println("Store brand is disabled"): null

2018-07-10 20:42:12 - [TEST_STEP][PASSED] - Statement - attrDisabled = com.kms.katalon.core.webui.keyword.WebUiBuiltInKeywords.getAttribute(com.kms.katalon.core.testobject.ObjectRepository.findTestObject(StorePage/storeCountryName), "disabled"): Attribute 'disabled' of object 'Object Repository/StorePage/storeCountryName' is: 'true'

2018-07-10 20:42:12 - [MESSAGE][PASSED] - Attribute 'disabled' of object 'Object Repository/StorePage/storeCountryName' is: 'true'

2018-07-10 20:42:12 - [TEST_STEP][PASSED] - Statement - If (attrDisabled): null

2018-07-10 20:42:12 - [TEST_STEP][PASSED] - Statement - out.println("Store countryName is disabled"): null

2018-07-10 20:42:12 - [TEST_STEP][PASSED] - Statement - assert TCflag == true: null

2018-07-10 20:42:12 - [TEST_STEP][PASSED] - Start listener action : sampleAfterTestCase: Browser is closed

2018-07-10 20:42:12 - [TEST_STEP][PASSED] - Statement - println(testCaseContext.getTestCaseId()): null

2018-07-10 20:42:12 - [TEST_STEP][PASSED] - Statement - println(testCaseContext.getTestCaseStatus()): null

2018-07-10 20:42:12 - [TEST_STEP][PASSED] - closeBrowser: Browser is closed

2018-07-10 20:42:13 - [MESSAGE][PASSED] - Browser is closed]]></system-out>
         <system-err><![CDATA[]]></system-err>
      </testcase>
      <testcase name="Test Cases/CreateGroupTC/HME-StoreListPage-01" classname="Test Cases/CreateGroupTC/HME-StoreListPage-01" status="PASSED">
         <system-out><![CDATA[2018-07-10 20:42:13 - [TEST_CASE][PASSED] - Test Cases/CreateGroupTC/HME-StoreListPage-01: Browser is closed

2018-07-10 20:42:13 - [TEST_STEP][PASSED] - Start listener action : sampleBeforeTestCase: uiaction.CommonUIActions.deleteAllCookies is PASSED

2018-07-10 20:42:13 - [TEST_STEP][PASSED] - openBrowser: Browser is opened with url: ''

2018-07-10 20:42:15 - [MESSAGE][PASSED] - Browser is opened with url: ''

2018-07-10 20:42:15 - [TEST_STEP][PASSED] - maximizeWindow: Current window maximized

2018-07-10 20:42:16 - [MESSAGE][PASSED] - Current window maximized

2018-07-10 20:42:16 - [TEST_STEP][PASSED] - uiaction.CommonUIActions.deleteAllCookies: uiaction.CommonUIActions.deleteAllCookies is PASSED

2018-07-10 20:42:16 - [MESSAGE][PASSED] - Delete all cookies successfully

2018-07-10 20:42:16 - [MESSAGE][PASSED] - uiaction.CommonUIActions.deleteAllCookies is PASSED

2018-07-10 20:42:16 - [TEST_STEP][PASSED] - Statement - TCflag = true: null

2018-07-10 20:42:16 - [TEST_STEP][PASSED] - Statement - Try: uiaction.CommonUIActions.click is PASSED

2018-07-10 20:42:16 - [TEST_STEP][PASSED] - navigateToUrl: Navigate to 'https://engdev.hmedtcloud.com/?pg=Login' successfully

2018-07-10 20:42:25 - [MESSAGE][PASSED] - Navigate to 'https://engdev.hmedtcloud.com/?pg=Login' successfully

2018-07-10 20:42:25 - [TEST_STEP][PASSED] - Statement - driver = com.kms.katalon.core.webui.driver.DriverFactory.getWebDriver(): null

2018-07-10 20:42:25 - [TEST_STEP][PASSED] - projectSpecific.Reusability.login: projectSpecific.Reusability.login is PASSED

2018-07-10 20:42:25 - [MESSAGE][PASSED] - projectSpecific.Reusability.getTestData is PASSED

2018-07-10 20:42:25 - [MESSAGE][PASSED] - projectSpecific.Reusability.getTestData is PASSED

2018-07-10 20:42:25 - [MESSAGE][PASSED] - Text 'selvendrank@nousinfo.com' is set on object 'Object Repository/LoginPage/Username'

2018-07-10 20:42:25 - [MESSAGE][PASSED] - Text 'Nous;123' is set on object 'Object Repository/LoginPage/Password'

2018-07-10 20:42:38 - [MESSAGE][PASSED] - Object: 'Object Repository/LoginPage/Login' is clicked on

2018-07-10 20:42:38 - [MESSAGE][PASSED] - projectSpecific.Reusability.login is PASSED

2018-07-10 20:42:38 - [TEST_STEP][PASSED] - uiaction.CommonUIActions.click: uiaction.CommonUIActions.click is PASSED

2018-07-10 20:42:40 - [MESSAGE][PASSED] - uiaction.CommonUIActions.click is PASSED

2018-07-10 20:42:40 - [TEST_STEP][PASSED] - delay: Delayed 10 second(s)

2018-07-10 20:42:50 - [MESSAGE][PASSED] - Delayed 10 second(s)

2018-07-10 20:42:50 - [TEST_STEP][PASSED] - uiaction.CommonUIActions.click: uiaction.CommonUIActions.click is PASSED

2018-07-10 20:43:02 - [MESSAGE][PASSED] - uiaction.CommonUIActions.click is PASSED

2018-07-10 20:43:02 - [TEST_STEP][PASSED] - verifyElementPresent: Object 'Object Repository/StorePage/StoreListHeading' is present

2018-07-10 20:43:02 - [MESSAGE][PASSED] - Object 'Object Repository/StorePage/StoreListHeading' is present

2018-07-10 20:43:02 - [TEST_STEP][PASSED] - uiaction.CommonUIActions.click: uiaction.CommonUIActions.click is PASSED

2018-07-10 20:43:13 - [MESSAGE][PASSED] - uiaction.CommonUIActions.click is PASSED

2018-07-10 20:43:13 - [TEST_STEP][PASSED] - verifyElementPresent: Object 'Object Repository/StorePage/ManageLeaderGroupsButton' is present

2018-07-10 20:43:13 - [MESSAGE][PASSED] - Object 'Object Repository/StorePage/ManageLeaderGroupsButton' is present

2018-07-10 20:43:13 - [TEST_STEP][PASSED] - verifyElementPresent: Object 'Object Repository/StorePage/ManageReportGroupsButtton' is present

2018-07-10 20:43:13 - [MESSAGE][PASSED] - Object 'Object Repository/StorePage/ManageReportGroupsButtton' is present

2018-07-10 20:43:13 - [TEST_STEP][PASSED] - uiaction.CommonUIActions.click: uiaction.CommonUIActions.click is PASSED

2018-07-10 20:43:19 - [MESSAGE][PASSED] - uiaction.CommonUIActions.click is PASSED

2018-07-10 20:43:19 - [TEST_STEP][PASSED] - Statement - assert TCflag == true: null

2018-07-10 20:43:19 - [TEST_STEP][PASSED] - Start listener action : sampleAfterTestCase: Browser is closed

2018-07-10 20:43:19 - [TEST_STEP][PASSED] - Statement - println(testCaseContext.getTestCaseId()): null

2018-07-10 20:43:19 - [TEST_STEP][PASSED] - Statement - println(testCaseContext.getTestCaseStatus()): null

2018-07-10 20:43:19 - [TEST_STEP][PASSED] - closeBrowser: Browser is closed

2018-07-10 20:43:20 - [MESSAGE][PASSED] - Browser is closed]]></system-out>
         <system-err><![CDATA[]]></system-err>
      </testcase>
      <testcase name="Test Cases/CreateGroupTC/HME-StoreListPage-02" classname="Test Cases/CreateGroupTC/HME-StoreListPage-02" status="PASSED">
         <system-out><![CDATA[2018-07-10 20:43:20 - [TEST_CASE][PASSED] - Test Cases/CreateGroupTC/HME-StoreListPage-02: Browser is closed

2018-07-10 20:43:20 - [TEST_STEP][PASSED] - Start listener action : sampleBeforeTestCase: uiaction.CommonUIActions.deleteAllCookies is PASSED

2018-07-10 20:43:20 - [TEST_STEP][PASSED] - openBrowser: Browser is opened with url: ''

2018-07-10 20:43:22 - [MESSAGE][PASSED] - Browser is opened with url: ''

2018-07-10 20:43:22 - [TEST_STEP][PASSED] - maximizeWindow: Current window maximized

2018-07-10 20:43:23 - [MESSAGE][PASSED] - Current window maximized

2018-07-10 20:43:23 - [TEST_STEP][PASSED] - uiaction.CommonUIActions.deleteAllCookies: uiaction.CommonUIActions.deleteAllCookies is PASSED

2018-07-10 20:43:23 - [MESSAGE][PASSED] - Delete all cookies successfully

2018-07-10 20:43:23 - [MESSAGE][PASSED] - uiaction.CommonUIActions.deleteAllCookies is PASSED

2018-07-10 20:43:23 - [TEST_STEP][PASSED] - Statement - TCflag = true: null

2018-07-10 20:43:23 - [TEST_STEP][PASSED] - Statement - Try: uiaction.CommonUIActions.click is PASSED

2018-07-10 20:43:23 - [TEST_STEP][PASSED] - navigateToUrl: Navigate to 'https://engdev.hmedtcloud.com/?pg=Login' successfully

2018-07-10 20:43:31 - [MESSAGE][PASSED] - Navigate to 'https://engdev.hmedtcloud.com/?pg=Login' successfully

2018-07-10 20:43:31 - [TEST_STEP][PASSED] - projectSpecific.Reusability.login: projectSpecific.Reusability.login is PASSED

2018-07-10 20:43:31 - [MESSAGE][PASSED] - projectSpecific.Reusability.getTestData is PASSED

2018-07-10 20:43:32 - [MESSAGE][PASSED] - projectSpecific.Reusability.getTestData is PASSED

2018-07-10 20:43:32 - [MESSAGE][PASSED] - Text 'ravim.ckd@gmail.com' is set on object 'Object Repository/LoginPage/Username'

2018-07-10 20:43:32 - [MESSAGE][PASSED] - Text 'Ravi@123' is set on object 'Object Repository/LoginPage/Password'

2018-07-10 20:43:45 - [MESSAGE][PASSED] - Object: 'Object Repository/LoginPage/Login' is clicked on

2018-07-10 20:43:45 - [MESSAGE][PASSED] - projectSpecific.Reusability.login is PASSED

2018-07-10 20:43:45 - [TEST_STEP][PASSED] - delay: Delayed 10 second(s)

2018-07-10 20:43:55 - [MESSAGE][PASSED] - Delayed 10 second(s)

2018-07-10 20:43:55 - [TEST_STEP][PASSED] - uiaction.CommonUIActions.click: uiaction.CommonUIActions.click is PASSED

2018-07-10 20:43:56 - [MESSAGE][PASSED] - uiaction.CommonUIActions.click is PASSED

2018-07-10 20:43:56 - [TEST_STEP][PASSED] - delay: Delayed 10 second(s)

2018-07-10 20:44:06 - [MESSAGE][PASSED] - Delayed 10 second(s)

2018-07-10 20:44:06 - [TEST_STEP][PASSED] - uiaction.CommonUIActions.click: uiaction.CommonUIActions.click is PASSED

2018-07-10 20:44:18 - [MESSAGE][PASSED] - uiaction.CommonUIActions.click is PASSED

2018-07-10 20:44:18 - [TEST_STEP][PASSED] - verifyElementPresent: Object 'Object Repository/StorePage/StoreListHeading' is present

2018-07-10 20:44:18 - [MESSAGE][PASSED] - Object 'Object Repository/StorePage/StoreListHeading' is present

2018-07-10 20:44:18 - [TEST_STEP][PASSED] - uiaction.CommonUIActions.click: uiaction.CommonUIActions.click is PASSED

2018-07-10 20:44:29 - [MESSAGE][PASSED] - uiaction.CommonUIActions.click is PASSED

2018-07-10 20:44:29 - [TEST_STEP][PASSED] - verifyElementNotPresent: Web element with id: 'Object Repository/StorePage/ManageLeaderGroupsButton' located by 'By.xpath: //span[text()='Manage Leaderboard Groups']/..' is not present after '5' second(s)

2018-07-10 20:44:30 - [MESSAGE][PASSED] - Web element with id: 'Object Repository/StorePage/ManageLeaderGroupsButton' located by 'By.xpath: //span[text()='Manage Leaderboard Groups']/..' is not present after '5' second(s)

2018-07-10 20:44:30 - [TEST_STEP][PASSED] - verifyElementNotPresent: Web element with id: 'Object Repository/StorePage/ManageReportGroupsButtton' located by 'By.xpath: //span[text()='Manage Hierarchy']/..' is not present after '5' second(s)

2018-07-10 20:44:30 - [MESSAGE][PASSED] - Web element with id: 'Object Repository/StorePage/ManageReportGroupsButtton' located by 'By.xpath: //span[text()='Manage Hierarchy']/..' is not present after '5' second(s)

2018-07-10 20:44:30 - [TEST_STEP][PASSED] - uiaction.CommonUIActions.click: uiaction.CommonUIActions.click is PASSED

2018-07-10 20:44:34 - [MESSAGE][PASSED] - uiaction.CommonUIActions.click is PASSED

2018-07-10 20:44:34 - [TEST_STEP][PASSED] - Statement - assert TCflag == true: null

2018-07-10 20:44:34 - [TEST_STEP][PASSED] - Start listener action : sampleAfterTestCase: Browser is closed

2018-07-10 20:44:34 - [TEST_STEP][PASSED] - Statement - println(testCaseContext.getTestCaseId()): null

2018-07-10 20:44:34 - [TEST_STEP][PASSED] - Statement - println(testCaseContext.getTestCaseStatus()): null

2018-07-10 20:44:34 - [TEST_STEP][PASSED] - closeBrowser: Browser is closed

2018-07-10 20:44:35 - [MESSAGE][PASSED] - Browser is closed]]></system-out>
         <system-err><![CDATA[]]></system-err>
      </testcase>
      <testcase name="Test Cases/GoalStatisticsTC/HME-Goal Statistics Report-01" classname="Test Cases/GoalStatisticsTC/HME-Goal Statistics Report-01" status="FAILED">
         <failure type="FAILED" message="org.codehaus.groovy.runtime.powerassert.PowerAssertionError: assert TCflag==true
       |     |
       false false"/>
         <system-out><![CDATA[2018-07-10 20:44:35 - [TEST_CASE][FAILED] - Test Cases/GoalStatisticsTC/HME-Goal Statistics Report-01: Test Cases/GoalStatisticsTC/HME-Goal Statistics Report-01 FAILED because (of) org.codehaus.groovy.runtime.powerassert.PowerAssertionError: assert TCflag==true
       |     |
       false false

2018-07-10 20:44:35 - [TEST_STEP][PASSED] - Start listener action : sampleBeforeTestCase: uiaction.CommonUIActions.deleteAllCookies is PASSED

2018-07-10 20:44:35 - [TEST_STEP][PASSED] - openBrowser: Browser is opened with url: ''

2018-07-10 20:44:37 - [MESSAGE][PASSED] - Browser is opened with url: ''

2018-07-10 20:44:37 - [TEST_STEP][PASSED] - maximizeWindow: Current window maximized

2018-07-10 20:44:38 - [MESSAGE][PASSED] - Current window maximized

2018-07-10 20:44:38 - [TEST_STEP][PASSED] - uiaction.CommonUIActions.deleteAllCookies: uiaction.CommonUIActions.deleteAllCookies is PASSED

2018-07-10 20:44:38 - [MESSAGE][PASSED] - Delete all cookies successfully

2018-07-10 20:44:38 - [MESSAGE][PASSED] - uiaction.CommonUIActions.deleteAllCookies is PASSED

2018-07-10 20:44:38 - [TEST_STEP][PASSED] - Statement - TCflag = true: null

2018-07-10 20:44:38 - [TEST_STEP][PASSED] - Statement - Try: null

2018-07-10 20:44:38 - [TEST_STEP][PASSED] - navigateToUrl: Navigate to 'https://engdev.hmedtcloud.com/?pg=Login' successfully

2018-07-10 20:44:47 - [MESSAGE][PASSED] - Navigate to 'https://engdev.hmedtcloud.com/?pg=Login' successfully

2018-07-10 20:44:47 - [TEST_STEP][PASSED] - projectSpecific.Reusability.login: projectSpecific.Reusability.login is PASSED

2018-07-10 20:44:47 - [MESSAGE][PASSED] - projectSpecific.Reusability.getTestData is PASSED

2018-07-10 20:44:47 - [MESSAGE][PASSED] - projectSpecific.Reusability.getTestData is PASSED

2018-07-10 20:44:47 - [MESSAGE][PASSED] - Text 'selvendrank@nousinfo.com' is set on object 'Object Repository/LoginPage/Username'

2018-07-10 20:44:47 - [MESSAGE][PASSED] - Text 'Nous;123' is set on object 'Object Repository/LoginPage/Password'

2018-07-10 20:45:00 - [MESSAGE][PASSED] - Object: 'Object Repository/LoginPage/Login' is clicked on

2018-07-10 20:45:00 - [MESSAGE][PASSED] - projectSpecific.Reusability.login is PASSED

2018-07-10 20:45:00 - [TEST_STEP][PASSED] - delay: Delayed 10 second(s)

2018-07-10 20:45:10 - [MESSAGE][PASSED] - Delayed 10 second(s)

2018-07-10 20:45:10 - [TEST_STEP][PASSED] - uiaction.CommonUIActions.click: uiaction.CommonUIActions.click is PASSED

2018-07-10 20:45:22 - [MESSAGE][PASSED] - uiaction.CommonUIActions.click is PASSED

2018-07-10 20:45:22 - [TEST_STEP][PASSED] - Statement - driver = com.kms.katalon.core.webui.driver.DriverFactory.getWebDriver(): null

2018-07-10 20:45:22 - [TEST_STEP][PASSED] - delay: Delayed 10 second(s)

2018-07-10 20:45:32 - [MESSAGE][PASSED] - Delayed 10 second(s)

2018-07-10 20:45:32 - [TEST_STEP][PASSED] - Statement - driver.findElement(org.openqa.selenium.By.xpath("(//div[@class='ctable']/table//tr/td[3][contains(text(),'vijay2')]/../td//span)[1]")).click(): null

2018-07-10 20:45:34 - [TEST_STEP][PASSED] - uiaction.CommonUIActions.click: uiaction.CommonUIActions.click is PASSED

2018-07-10 20:45:34 - [MESSAGE][PASSED] - uiaction.CommonUIActions.click is PASSED

2018-07-10 20:45:34 - [TEST_STEP][PASSED] - uiaction.CommonUIActions.click: uiaction.CommonUIActions.click is PASSED

2018-07-10 20:45:39 - [MESSAGE][PASSED] - uiaction.CommonUIActions.click is PASSED

2018-07-10 20:45:39 - [TEST_STEP][PASSED] - Statement - storenumber = CustomKeywords.uiaction.CommonUIActions.getText(com.kms.katalon.core.testobject.ObjectRepository.findTestObject(StorePage/storeID)): uiaction.CommonUIActions.getText is PASSED

2018-07-10 20:45:39 - [MESSAGE][PASSED] - uiaction.CommonUIActions.getText is PASSED

2018-07-10 20:45:39 - [TEST_STEP][PASSED] - Statement - storeValue = storenumber.trim(): null

2018-07-10 20:45:39 - [TEST_STEP][PASSED] - Statement - out.println(" the store number is--" + storeValue): null

2018-07-10 20:45:39 - [TEST_STEP][PASSED] - delay: Delayed 10 second(s)

2018-07-10 20:45:49 - [MESSAGE][PASSED] - Delayed 10 second(s)

2018-07-10 20:45:49 - [TEST_STEP][PASSED] - uiaction.CommonUIActions.click: uiaction.CommonUIActions.click is PASSED

2018-07-10 20:45:53 - [MESSAGE][PASSED] - uiaction.CommonUIActions.click is PASSED

2018-07-10 20:45:53 - [TEST_STEP][PASSED] - delay: Delayed 5 second(s)

2018-07-10 20:45:58 - [MESSAGE][PASSED] - Delayed 5 second(s)

2018-07-10 20:45:58 - [TEST_STEP][PASSED] - verifyElementPresent: Object 'Object Repository/SummarizedReportPage/SummaryReportheader' is present

2018-07-10 20:45:58 - [MESSAGE][PASSED] - Object 'Object Repository/SummarizedReportPage/SummaryReportheader' is present

2018-07-10 20:45:58 - [TEST_STEP][PASSED] - Statement - println("Summary Reports screen will be displayed"): null

2018-07-10 20:45:58 - [TEST_STEP][PASSED] - delay: Delayed 10 second(s)

2018-07-10 20:46:08 - [MESSAGE][PASSED] - Delayed 10 second(s)

2018-07-10 20:46:08 - [TEST_STEP][PASSED] - uiaction.CommonUIActions.click: uiaction.CommonUIActions.click is PASSED

2018-07-10 20:46:11 - [MESSAGE][PASSED] - uiaction.CommonUIActions.click is PASSED

2018-07-10 20:46:11 - [TEST_STEP][PASSED] - delay: Delayed 5 second(s)

2018-07-10 20:46:16 - [MESSAGE][PASSED] - Delayed 5 second(s)

2018-07-10 20:46:16 - [TEST_STEP][PASSED] - uiaction.CommonUIActions.click: uiaction.CommonUIActions.click is PASSED

2018-07-10 20:46:27 - [MESSAGE][PASSED] - uiaction.CommonUIActions.click is PASSED

2018-07-10 20:46:27 - [TEST_STEP][PASSED] - delay: Delayed 5 second(s)

2018-07-10 20:46:32 - [MESSAGE][PASSED] - Delayed 5 second(s)

2018-07-10 20:46:32 - [TEST_STEP][PASSED] - uiaction.CommonUIActions.click: uiaction.CommonUIActions.click is PASSED

2018-07-10 20:46:33 - [MESSAGE][PASSED] - uiaction.CommonUIActions.click is PASSED

2018-07-10 20:46:33 - [TEST_STEP][PASSED] - delay: Delayed 5 second(s)

2018-07-10 20:46:38 - [MESSAGE][PASSED] - Delayed 5 second(s)

2018-07-10 20:46:38 - [TEST_STEP][PASSED] - uiaction.CommonUIActions.click: uiaction.CommonUIActions.click is PASSED

2018-07-10 20:46:38 - [MESSAGE][PASSED] - uiaction.CommonUIActions.click is PASSED

2018-07-10 20:46:38 - [TEST_STEP][PASSED] - delay: Delayed 5 second(s)

2018-07-10 20:46:43 - [MESSAGE][PASSED] - Delayed 5 second(s)

2018-07-10 20:46:43 - [TEST_STEP][PASSED] - uiaction.CommonUIActions.enter: uiaction.CommonUIActions.enter is PASSED

2018-07-10 20:46:43 - [MESSAGE][PASSED] - projectSpecific.Reusability.getTestData is PASSED

2018-07-10 20:46:43 - [MESSAGE][PASSED] - uiaction.CommonUIActions.enter is PASSED

2018-07-10 20:46:43 - [TEST_STEP][PASSED] - uiaction.CommonUIActions.enter: uiaction.CommonUIActions.enter is PASSED

2018-07-10 20:46:43 - [MESSAGE][PASSED] - projectSpecific.Reusability.getTestData is PASSED

2018-07-10 20:46:44 - [MESSAGE][PASSED] - uiaction.CommonUIActions.enter is PASSED

2018-07-10 20:46:44 - [TEST_STEP][PASSED] - uiaction.CommonUIActions.click: uiaction.CommonUIActions.click is PASSED

2018-07-10 20:46:44 - [MESSAGE][PASSED] - uiaction.CommonUIActions.click is PASSED

2018-07-10 20:46:44 - [TEST_STEP][PASSED] - delay: Delayed 5 second(s)

2018-07-10 20:46:49 - [MESSAGE][PASSED] - Delayed 5 second(s)

2018-07-10 20:46:49 - [TEST_STEP][PASSED] - uiaction.CommonUIActions.click: uiaction.CommonUIActions.click is PASSED

2018-07-10 20:46:49 - [MESSAGE][PASSED] - uiaction.CommonUIActions.click is PASSED

2018-07-10 20:46:49 - [TEST_STEP][PASSED] - uiaction.CommonUIActions.enter: uiaction.CommonUIActions.enter is PASSED

2018-07-10 20:46:49 - [MESSAGE][PASSED] - projectSpecific.Reusability.getTestData is PASSED

2018-07-10 20:46:49 - [MESSAGE][PASSED] - uiaction.CommonUIActions.enter is PASSED

2018-07-10 20:46:49 - [TEST_STEP][PASSED] - uiaction.CommonUIActions.enter: uiaction.CommonUIActions.enter is PASSED

2018-07-10 20:46:49 - [MESSAGE][PASSED] - projectSpecific.Reusability.getTestData is PASSED

2018-07-10 20:46:49 - [MESSAGE][PASSED] - uiaction.CommonUIActions.enter is PASSED

2018-07-10 20:46:49 - [TEST_STEP][PASSED] - uiaction.CommonUIActions.click: uiaction.CommonUIActions.click is PASSED

2018-07-10 20:46:49 - [MESSAGE][PASSED] - uiaction.CommonUIActions.click is PASSED

2018-07-10 20:46:49 - [TEST_STEP][PASSED] - uiaction.CommonUIActions.click: uiaction.CommonUIActions.click is PASSED

2018-07-10 20:46:53 - [MESSAGE][PASSED] - uiaction.CommonUIActions.click is PASSED

2018-07-10 20:46:53 - [TEST_STEP][PASSED] - uiaction.CommonUIActions.enter: uiaction.CommonUIActions.enter is PASSED

2018-07-10 20:46:53 - [MESSAGE][PASSED] - projectSpecific.Reusability.getTestData is PASSED

2018-07-10 20:46:53 - [MESSAGE][PASSED] - uiaction.CommonUIActions.enter is PASSED

2018-07-10 20:46:53 - [TEST_STEP][PASSED] - uiaction.CommonUIActions.enter: uiaction.CommonUIActions.enter is PASSED

2018-07-10 20:46:53 - [MESSAGE][PASSED] - projectSpecific.Reusability.getTestData is PASSED

2018-07-10 20:46:53 - [MESSAGE][PASSED] - uiaction.CommonUIActions.enter is PASSED

2018-07-10 20:46:53 - [TEST_STEP][PASSED] - Statement - group1 = CustomKeywords.projectSpecific.Reusability.getTestData("ReportingGroupManagementPage", "Summarygrpname1"): projectSpecific.Reusability.getTestData is PASSED

2018-07-10 20:46:53 - [MESSAGE][PASSED] - projectSpecific.Reusability.getTestData is PASSED

2018-07-10 20:46:53 - [TEST_STEP][PASSED] - Statement - group2 = CustomKeywords.projectSpecific.Reusability.getTestData("ReportingGroupManagementPage", "Summarygrpname2"): projectSpecific.Reusability.getTestData is PASSED

2018-07-10 20:46:53 - [MESSAGE][PASSED] - projectSpecific.Reusability.getTestData is PASSED

2018-07-10 20:46:53 - [TEST_STEP][PASSED] - Statement - groupmain = CustomKeywords.projectSpecific.Reusability.getTestData("ReportingGroupManagementPage", "Summarygrp"): projectSpecific.Reusability.getTestData is PASSED

2018-07-10 20:46:53 - [MESSAGE][PASSED] - projectSpecific.Reusability.getTestData is PASSED

2018-07-10 20:46:53 - [TEST_STEP][PASSED] - delay: Delayed 10 second(s)

2018-07-10 20:47:03 - [MESSAGE][PASSED] - Delayed 10 second(s)

2018-07-10 20:47:03 - [TEST_STEP][PASSED] - Statement - grouplist = driver.findElements(org.openqa.selenium.By.xpath("//ul[@class='unlinked-grouplist']/li")): null

2018-07-10 20:47:03 - [TEST_STEP][PASSED] - delay: Delayed 10 second(s)

2018-07-10 20:47:13 - [MESSAGE][PASSED] - Delayed 10 second(s)

2018-07-10 20:47:13 - [TEST_STEP][PASSED] - Statement - For ([i = 0, i < grouplist.size(), (i++)]): null

2018-07-10 20:47:13 - [TEST_STEP][PASSED] - Statement - println(grouplist.get(i).getText()): null

2018-07-10 20:47:13 - [TEST_STEP][PASSED] - Statement - If (grouplist.get(i).getText().contains(storeValue.trim())): null

2018-07-10 20:47:13 - [TEST_STEP][PASSED] - Statement - println(grouplist.get(i).getText()): null

2018-07-10 20:47:13 - [TEST_STEP][PASSED] - Statement - If (grouplist.get(i).getText().contains(storeValue.trim())): null

2018-07-10 20:47:13 - [TEST_STEP][PASSED] - Statement - println(grouplist.get(i).getText()): null

2018-07-10 20:47:14 - [TEST_STEP][PASSED] - Statement - If (grouplist.get(i).getText().contains(storeValue.trim())): null

2018-07-10 20:47:14 - [TEST_STEP][PASSED] - Statement - println(grouplist.get(i).getText()): null

2018-07-10 20:47:14 - [TEST_STEP][PASSED] - Statement - If (grouplist.get(i).getText().contains(storeValue.trim())): null

2018-07-10 20:47:14 - [TEST_STEP][PASSED] - Statement - println(grouplist.get(i).getText()): null

2018-07-10 20:47:14 - [TEST_STEP][PASSED] - Statement - If (grouplist.get(i).getText().contains(storeValue.trim())): null

2018-07-10 20:47:14 - [TEST_STEP][PASSED] - Statement - println(grouplist.get(i).getText()): null

2018-07-10 20:47:14 - [TEST_STEP][PASSED] - Statement - If (grouplist.get(i).getText().contains(storeValue.trim())): null

2018-07-10 20:47:14 - [TEST_STEP][PASSED] - delay: Delayed 10 second(s)

2018-07-10 20:47:24 - [MESSAGE][PASSED] - Delayed 10 second(s)

2018-07-10 20:47:24 - [TEST_STEP][PASSED] - uiaction.CommonUIActions.click: uiaction.CommonUIActions.click is PASSED

2018-07-10 20:47:24 - [MESSAGE][PASSED] - uiaction.CommonUIActions.click is PASSED

2018-07-10 20:47:24 - [TEST_STEP][PASSED] - uiaction.CommonUIActions.click: uiaction.CommonUIActions.click is PASSED

2018-07-10 20:47:24 - [MESSAGE][PASSED] - uiaction.CommonUIActions.click is PASSED

2018-07-10 20:47:24 - [TEST_STEP][PASSED] - delay: Delayed 10 second(s)

2018-07-10 20:47:34 - [MESSAGE][PASSED] - Delayed 10 second(s)

2018-07-10 20:47:34 - [TEST_STEP][PASSED] - uiaction.CommonUIActions.click: uiaction.CommonUIActions.click is PASSED

2018-07-10 20:47:34 - [MESSAGE][PASSED] - uiaction.CommonUIActions.click is PASSED

2018-07-10 20:47:34 - [TEST_STEP][PASSED] - delay: Delayed 10 second(s)

2018-07-10 20:47:44 - [MESSAGE][PASSED] - Delayed 10 second(s)

2018-07-10 20:47:44 - [TEST_STEP][PASSED] - Statement - driver.findElement(org.openqa.selenium.By.xpath("//span[contains(text(),'" + groupmain + "')]/../../../../span[1]")).click(): null

2018-07-10 20:47:44 - [TEST_STEP][PASSED] - Statement - Catch (Exception e): null

2018-07-10 20:47:44 - [TEST_STEP][PASSED] - Statement - e.printStackTrace(): null

2018-07-10 20:47:44 - [TEST_STEP][PASSED] - Statement - println("Exception of element not found"): null

2018-07-10 20:47:44 - [TEST_STEP][PASSED] - Statement - If (TCflag): null

2018-07-10 20:47:44 - [TEST_STEP][PASSED] - Statement - assert TCflag == true: null

2018-07-10 20:47:44 - [TEST_STEP][PASSED] - Start listener action : sampleAfterTestCase: Browser is closed

2018-07-10 20:47:44 - [TEST_STEP][PASSED] - Statement - println(testCaseContext.getTestCaseId()): null

2018-07-10 20:47:44 - [TEST_STEP][PASSED] - Statement - println(testCaseContext.getTestCaseStatus()): null

2018-07-10 20:47:44 - [TEST_STEP][PASSED] - closeBrowser: Browser is closed

2018-07-10 20:47:45 - [MESSAGE][PASSED] - Browser is closed]]></system-out>
         <system-err><![CDATA[2018-07-10 20:44:35 - [TEST_CASE][FAILED] - Test Cases/GoalStatisticsTC/HME-Goal Statistics Report-01: Test Cases/GoalStatisticsTC/HME-Goal Statistics Report-01 FAILED because (of) org.codehaus.groovy.runtime.powerassert.PowerAssertionError: assert TCflag==true
       |     |
       false false]]></system-err>
      </testcase>
      <testcase name="Test Cases/GoalStatisticsTC/HME-Goal Statistics Report-03" classname="Test Cases/GoalStatisticsTC/HME-Goal Statistics Report-03" status="FAILED">
         <failure type="FAILED" message="org.codehaus.groovy.runtime.powerassert.PowerAssertionError: assert TCflag==true
       |     |
       false false"/>
         <system-out><![CDATA[2018-07-10 20:47:45 - [TEST_CASE][FAILED] - Test Cases/GoalStatisticsTC/HME-Goal Statistics Report-03: Test Cases/GoalStatisticsTC/HME-Goal Statistics Report-03 FAILED because (of) org.codehaus.groovy.runtime.powerassert.PowerAssertionError: assert TCflag==true
       |     |
       false false

2018-07-10 20:47:45 - [TEST_STEP][PASSED] - Start listener action : sampleBeforeTestCase: uiaction.CommonUIActions.deleteAllCookies is PASSED

2018-07-10 20:47:45 - [TEST_STEP][PASSED] - openBrowser: Browser is opened with url: ''

2018-07-10 20:47:47 - [MESSAGE][PASSED] - Browser is opened with url: ''

2018-07-10 20:47:47 - [TEST_STEP][PASSED] - maximizeWindow: Current window maximized

2018-07-10 20:47:48 - [MESSAGE][PASSED] - Current window maximized

2018-07-10 20:47:48 - [TEST_STEP][PASSED] - uiaction.CommonUIActions.deleteAllCookies: uiaction.CommonUIActions.deleteAllCookies is PASSED

2018-07-10 20:47:48 - [MESSAGE][PASSED] - Delete all cookies successfully

2018-07-10 20:47:48 - [MESSAGE][PASSED] - uiaction.CommonUIActions.deleteAllCookies is PASSED

2018-07-10 20:47:48 - [TEST_STEP][PASSED] - Statement - TCflag = true: null

2018-07-10 20:47:48 - [TEST_STEP][PASSED] - Statement - Try: null

2018-07-10 20:47:48 - [TEST_STEP][PASSED] - navigateToUrl: Navigate to 'https://engdev.hmedtcloud.com/?pg=Login' successfully

2018-07-10 20:47:57 - [MESSAGE][PASSED] - Navigate to 'https://engdev.hmedtcloud.com/?pg=Login' successfully

2018-07-10 20:47:57 - [TEST_STEP][PASSED] - projectSpecific.Reusability.login: projectSpecific.Reusability.login is PASSED

2018-07-10 20:47:57 - [MESSAGE][PASSED] - projectSpecific.Reusability.getTestData is PASSED

2018-07-10 20:47:57 - [MESSAGE][PASSED] - projectSpecific.Reusability.getTestData is PASSED

2018-07-10 20:47:57 - [MESSAGE][PASSED] - Text 'selvendrank@nousinfo.com' is set on object 'Object Repository/LoginPage/Username'

2018-07-10 20:47:57 - [MESSAGE][PASSED] - Text 'Nous;123' is set on object 'Object Repository/LoginPage/Password'

2018-07-10 20:48:10 - [MESSAGE][PASSED] - Object: 'Object Repository/LoginPage/Login' is clicked on

2018-07-10 20:48:10 - [MESSAGE][PASSED] - projectSpecific.Reusability.login is PASSED

2018-07-10 20:48:10 - [TEST_STEP][PASSED] - delay: Delayed 10 second(s)

2018-07-10 20:48:20 - [MESSAGE][PASSED] - Delayed 10 second(s)

2018-07-10 20:48:20 - [TEST_STEP][PASSED] - uiaction.CommonUIActions.click: uiaction.CommonUIActions.click is PASSED

2018-07-10 20:48:32 - [MESSAGE][PASSED] - uiaction.CommonUIActions.click is PASSED

2018-07-10 20:48:32 - [TEST_STEP][PASSED] - Statement - driver = com.kms.katalon.core.webui.driver.DriverFactory.getWebDriver(): null

2018-07-10 20:48:32 - [TEST_STEP][PASSED] - delay: Delayed 10 second(s)

2018-07-10 20:48:42 - [MESSAGE][PASSED] - Delayed 10 second(s)

2018-07-10 20:48:42 - [TEST_STEP][PASSED] - Statement - driver.findElement(org.openqa.selenium.By.xpath("(//div[@class='ctable']/table//tr/td[3][contains(text(),'vijay2')]/../td//span)[1]")).click(): null

2018-07-10 20:48:44 - [TEST_STEP][PASSED] - uiaction.CommonUIActions.click: uiaction.CommonUIActions.click is PASSED

2018-07-10 20:48:44 - [MESSAGE][PASSED] - uiaction.CommonUIActions.click is PASSED

2018-07-10 20:48:44 - [TEST_STEP][PASSED] - uiaction.CommonUIActions.click: uiaction.CommonUIActions.click is PASSED

2018-07-10 20:48:49 - [MESSAGE][PASSED] - uiaction.CommonUIActions.click is PASSED

2018-07-10 20:48:49 - [TEST_STEP][PASSED] - Statement - storenumber = CustomKeywords.uiaction.CommonUIActions.getText(com.kms.katalon.core.testobject.ObjectRepository.findTestObject(StorePage/storeID)): uiaction.CommonUIActions.getText is PASSED

2018-07-10 20:48:49 - [MESSAGE][PASSED] - uiaction.CommonUIActions.getText is PASSED

2018-07-10 20:48:49 - [TEST_STEP][PASSED] - Statement - storeValue = storenumber.trim(): null

2018-07-10 20:48:49 - [TEST_STEP][PASSED] - Statement - out.println(" the store number is--" + storeValue): null

2018-07-10 20:48:49 - [TEST_STEP][PASSED] - uiaction.CommonUIActions.click: uiaction.CommonUIActions.click is PASSED

2018-07-10 20:48:57 - [MESSAGE][PASSED] - uiaction.CommonUIActions.click is PASSED

2018-07-10 20:48:57 - [TEST_STEP][PASSED] - delay: Delayed 10 second(s)

2018-07-10 20:49:07 - [MESSAGE][PASSED] - Delayed 10 second(s)

2018-07-10 20:49:07 - [TEST_STEP][PASSED] - uiaction.CommonUIActions.click: uiaction.CommonUIActions.click is PASSED

2018-07-10 20:49:09 - [MESSAGE][PASSED] - uiaction.CommonUIActions.click is PASSED

2018-07-10 20:49:09 - [TEST_STEP][PASSED] - uiaction.CommonUIActions.click: uiaction.CommonUIActions.click is PASSED

2018-07-10 20:49:21 - [MESSAGE][PASSED] - uiaction.CommonUIActions.click is PASSED

2018-07-10 20:49:21 - [TEST_STEP][PASSED] - uiaction.CommonUIActions.click: uiaction.CommonUIActions.click is PASSED

2018-07-10 20:49:22 - [MESSAGE][PASSED] - uiaction.CommonUIActions.click is PASSED

2018-07-10 20:49:22 - [TEST_STEP][PASSED] - uiaction.CommonUIActions.click: uiaction.CommonUIActions.click is PASSED

2018-07-10 20:49:22 - [MESSAGE][PASSED] - uiaction.CommonUIActions.click is PASSED

2018-07-10 20:49:22 - [TEST_STEP][PASSED] - uiaction.CommonUIActions.enter: uiaction.CommonUIActions.enter is PASSED

2018-07-10 20:49:22 - [MESSAGE][PASSED] - projectSpecific.Reusability.getTestData is PASSED

2018-07-10 20:49:22 - [MESSAGE][PASSED] - uiaction.CommonUIActions.enter is PASSED

2018-07-10 20:49:22 - [TEST_STEP][PASSED] - uiaction.CommonUIActions.enter: uiaction.CommonUIActions.enter is PASSED

2018-07-10 20:49:22 - [MESSAGE][PASSED] - projectSpecific.Reusability.getTestData is PASSED

2018-07-10 20:49:22 - [MESSAGE][PASSED] - uiaction.CommonUIActions.enter is PASSED

2018-07-10 20:49:22 - [TEST_STEP][PASSED] - delay: Delayed 10 second(s)

2018-07-10 20:49:32 - [MESSAGE][PASSED] - Delayed 10 second(s)

2018-07-10 20:49:32 - [TEST_STEP][PASSED] - Statement - groupmain = CustomKeywords.projectSpecific.Reusability.getTestData("ReportingGroupManagementPage", "Summarygrp"): projectSpecific.Reusability.getTestData is PASSED

2018-07-10 20:49:32 - [MESSAGE][PASSED] - projectSpecific.Reusability.getTestData is PASSED

2018-07-10 20:49:32 - [TEST_STEP][PASSED] - Statement - grouplist = driver.findElements(org.openqa.selenium.By.xpath("//ul[@class='unlinked-grouplist']/li")): null

2018-07-10 20:49:32 - [TEST_STEP][PASSED] - delay: Delayed 10 second(s)

2018-07-10 20:49:42 - [MESSAGE][PASSED] - Delayed 10 second(s)

2018-07-10 20:49:42 - [TEST_STEP][PASSED] - Statement - For ([i = 0, i < grouplist.size(), (i++)]): null

2018-07-10 20:49:42 - [TEST_STEP][PASSED] - Statement - println(grouplist.get(i).getText()): null

2018-07-10 20:49:42 - [TEST_STEP][PASSED] - Statement - If (grouplist.get(i).getText().contains(storeValue.trim())): null

2018-07-10 20:49:42 - [TEST_STEP][PASSED] - Statement - println(grouplist.get(i).getText()): null

2018-07-10 20:49:42 - [TEST_STEP][PASSED] - Statement - If (grouplist.get(i).getText().contains(storeValue.trim())): null

2018-07-10 20:49:42 - [TEST_STEP][PASSED] - Statement - println(grouplist.get(i).getText()): null

2018-07-10 20:49:42 - [TEST_STEP][PASSED] - Statement - If (grouplist.get(i).getText().contains(storeValue.trim())): null

2018-07-10 20:49:42 - [TEST_STEP][PASSED] - Statement - println(grouplist.get(i).getText()): null

2018-07-10 20:49:42 - [TEST_STEP][PASSED] - Statement - If (grouplist.get(i).getText().contains(storeValue.trim())): null

2018-07-10 20:49:42 - [TEST_STEP][PASSED] - Statement - println(grouplist.get(i).getText()): null

2018-07-10 20:49:42 - [TEST_STEP][PASSED] - Statement - If (grouplist.get(i).getText().contains(storeValue.trim())): null

2018-07-10 20:49:42 - [TEST_STEP][PASSED] - Statement - println(grouplist.get(i).getText()): null

2018-07-10 20:49:43 - [TEST_STEP][PASSED] - Statement - If (grouplist.get(i).getText().contains(storeValue.trim())): null

2018-07-10 20:49:43 - [TEST_STEP][PASSED] - Statement - println(grouplist.get(i).getText()): null

2018-07-10 20:49:43 - [TEST_STEP][PASSED] - Statement - If (grouplist.get(i).getText().contains(storeValue.trim())): null

2018-07-10 20:49:43 - [TEST_STEP][PASSED] - delay: Delayed 10 second(s)

2018-07-10 20:49:53 - [MESSAGE][PASSED] - Delayed 10 second(s)

2018-07-10 20:49:53 - [TEST_STEP][PASSED] - uiaction.CommonUIActions.click: uiaction.CommonUIActions.click is PASSED

2018-07-10 20:49:53 - [MESSAGE][PASSED] - uiaction.CommonUIActions.click is PASSED

2018-07-10 20:49:53 - [TEST_STEP][PASSED] - uiaction.CommonUIActions.click: uiaction.CommonUIActions.click is PASSED

2018-07-10 20:49:53 - [MESSAGE][PASSED] - uiaction.CommonUIActions.click is PASSED

2018-07-10 20:49:53 - [TEST_STEP][PASSED] - delay: Delayed 10 second(s)

2018-07-10 20:50:03 - [MESSAGE][PASSED] - Delayed 10 second(s)

2018-07-10 20:50:03 - [TEST_STEP][PASSED] - uiaction.CommonUIActions.click: uiaction.CommonUIActions.click is PASSED

2018-07-10 20:50:03 - [MESSAGE][PASSED] - uiaction.CommonUIActions.click is PASSED

2018-07-10 20:50:03 - [TEST_STEP][PASSED] - delay: Delayed 10 second(s)

2018-07-10 20:50:13 - [MESSAGE][PASSED] - Delayed 10 second(s)

2018-07-10 20:50:13 - [TEST_STEP][PASSED] - Statement - driver.findElement(org.openqa.selenium.By.xpath("//span[contains(text(),'" + groupmain + "')]/../../../../span[2]")).click(): null

2018-07-10 20:50:13 - [TEST_STEP][PASSED] - Statement - Catch (Exception e): null

2018-07-10 20:50:13 - [TEST_STEP][PASSED] - Statement - e.printStackTrace(): null

2018-07-10 20:50:13 - [TEST_STEP][PASSED] - Statement - println("Exception of element not found"): null

2018-07-10 20:50:13 - [TEST_STEP][PASSED] - Statement - If (TCflag): null

2018-07-10 20:50:13 - [TEST_STEP][PASSED] - Statement - assert TCflag == true: null

2018-07-10 20:50:13 - [TEST_STEP][PASSED] - Start listener action : sampleAfterTestCase: Browser is closed

2018-07-10 20:50:13 - [TEST_STEP][PASSED] - Statement - println(testCaseContext.getTestCaseId()): null

2018-07-10 20:50:13 - [TEST_STEP][PASSED] - Statement - println(testCaseContext.getTestCaseStatus()): null

2018-07-10 20:50:13 - [TEST_STEP][PASSED] - closeBrowser: Browser is closed

2018-07-10 20:50:14 - [MESSAGE][PASSED] - Browser is closed]]></system-out>
         <system-err><![CDATA[2018-07-10 20:47:45 - [TEST_CASE][FAILED] - Test Cases/GoalStatisticsTC/HME-Goal Statistics Report-03: Test Cases/GoalStatisticsTC/HME-Goal Statistics Report-03 FAILED because (of) org.codehaus.groovy.runtime.powerassert.PowerAssertionError: assert TCflag==true
       |     |
       false false]]></system-err>
      </testcase>
      <testcase name="Test Cases/GoalStatisticsTC/HME-Goal Statistics Report-02" classname="Test Cases/GoalStatisticsTC/HME-Goal Statistics Report-02" status="FAILED">
         <failure type="FAILED" message="org.codehaus.groovy.runtime.powerassert.PowerAssertionError: assert TCflag==true
       |     |
       false false"/>
         <system-out><![CDATA[2018-07-10 20:50:14 - [TEST_CASE][FAILED] - Test Cases/GoalStatisticsTC/HME-Goal Statistics Report-02: Test Cases/GoalStatisticsTC/HME-Goal Statistics Report-02 FAILED because (of) org.codehaus.groovy.runtime.powerassert.PowerAssertionError: assert TCflag==true
       |     |
       false false

2018-07-10 20:50:14 - [TEST_STEP][PASSED] - Start listener action : sampleBeforeTestCase: uiaction.CommonUIActions.deleteAllCookies is PASSED

2018-07-10 20:50:14 - [TEST_STEP][PASSED] - openBrowser: Browser is opened with url: ''

2018-07-10 20:50:16 - [MESSAGE][PASSED] - Browser is opened with url: ''

2018-07-10 20:50:16 - [TEST_STEP][PASSED] - maximizeWindow: Current window maximized

2018-07-10 20:50:17 - [MESSAGE][PASSED] - Current window maximized

2018-07-10 20:50:17 - [TEST_STEP][PASSED] - uiaction.CommonUIActions.deleteAllCookies: uiaction.CommonUIActions.deleteAllCookies is PASSED

2018-07-10 20:50:17 - [MESSAGE][PASSED] - Delete all cookies successfully

2018-07-10 20:50:17 - [MESSAGE][PASSED] - uiaction.CommonUIActions.deleteAllCookies is PASSED

2018-07-10 20:50:17 - [TEST_STEP][PASSED] - Statement - TCflag = true: null

2018-07-10 20:50:17 - [TEST_STEP][PASSED] - Statement - Try: null

2018-07-10 20:50:17 - [TEST_STEP][PASSED] - navigateToUrl: Navigate to 'https://engdev.hmedtcloud.com/?pg=Login' successfully

2018-07-10 20:50:26 - [MESSAGE][PASSED] - Navigate to 'https://engdev.hmedtcloud.com/?pg=Login' successfully

2018-07-10 20:50:26 - [TEST_STEP][PASSED] - projectSpecific.Reusability.login: projectSpecific.Reusability.login is PASSED

2018-07-10 20:50:26 - [MESSAGE][PASSED] - projectSpecific.Reusability.getTestData is PASSED

2018-07-10 20:50:26 - [MESSAGE][PASSED] - projectSpecific.Reusability.getTestData is PASSED

2018-07-10 20:50:26 - [MESSAGE][PASSED] - Text 'selvendrank@nousinfo.com' is set on object 'Object Repository/LoginPage/Username'

2018-07-10 20:50:26 - [MESSAGE][PASSED] - Text 'Nous;123' is set on object 'Object Repository/LoginPage/Password'

2018-07-10 20:50:39 - [MESSAGE][PASSED] - Object: 'Object Repository/LoginPage/Login' is clicked on

2018-07-10 20:50:39 - [MESSAGE][PASSED] - projectSpecific.Reusability.login is PASSED

2018-07-10 20:50:39 - [TEST_STEP][PASSED] - delay: Delayed 10 second(s)

2018-07-10 20:50:49 - [MESSAGE][PASSED] - Delayed 10 second(s)

2018-07-10 20:50:49 - [TEST_STEP][PASSED] - uiaction.CommonUIActions.click: uiaction.CommonUIActions.click is PASSED

2018-07-10 20:51:01 - [MESSAGE][PASSED] - uiaction.CommonUIActions.click is PASSED

2018-07-10 20:51:01 - [TEST_STEP][PASSED] - Statement - driver = com.kms.katalon.core.webui.driver.DriverFactory.getWebDriver(): null

2018-07-10 20:51:01 - [TEST_STEP][PASSED] - delay: Delayed 10 second(s)

2018-07-10 20:51:11 - [MESSAGE][PASSED] - Delayed 10 second(s)

2018-07-10 20:51:11 - [TEST_STEP][PASSED] - Statement - driver.findElement(org.openqa.selenium.By.xpath("(//div[@class='ctable']/table//tr/td[3][contains(text(),'vijay2')]/../td//span)[1]")).click(): null

2018-07-10 20:51:13 - [TEST_STEP][PASSED] - uiaction.CommonUIActions.click: uiaction.CommonUIActions.click is PASSED

2018-07-10 20:51:13 - [MESSAGE][PASSED] - uiaction.CommonUIActions.click is PASSED

2018-07-10 20:51:13 - [TEST_STEP][PASSED] - uiaction.CommonUIActions.click: uiaction.CommonUIActions.click is PASSED

2018-07-10 20:51:18 - [MESSAGE][PASSED] - uiaction.CommonUIActions.click is PASSED

2018-07-10 20:51:18 - [TEST_STEP][PASSED] - Statement - storenumber = CustomKeywords.uiaction.CommonUIActions.getText(com.kms.katalon.core.testobject.ObjectRepository.findTestObject(StorePage/storeID)): uiaction.CommonUIActions.getText is PASSED

2018-07-10 20:51:18 - [MESSAGE][PASSED] - uiaction.CommonUIActions.getText is PASSED

2018-07-10 20:51:18 - [TEST_STEP][PASSED] - Statement - storeValue = storenumber.trim(): null

2018-07-10 20:51:18 - [TEST_STEP][PASSED] - Statement - out.println(" the store number is--" + storeValue): null

2018-07-10 20:51:18 - [TEST_STEP][PASSED] - delay: Delayed 10 second(s)

2018-07-10 20:51:28 - [MESSAGE][PASSED] - Delayed 10 second(s)

2018-07-10 20:51:28 - [TEST_STEP][PASSED] - uiaction.CommonUIActions.click: uiaction.CommonUIActions.click is PASSED

2018-07-10 20:51:30 - [MESSAGE][PASSED] - uiaction.CommonUIActions.click is PASSED

2018-07-10 20:51:30 - [TEST_STEP][PASSED] - delay: Delayed 10 second(s)

2018-07-10 20:51:40 - [MESSAGE][PASSED] - Delayed 10 second(s)

2018-07-10 20:51:40 - [TEST_STEP][PASSED] - uiaction.CommonUIActions.click: uiaction.CommonUIActions.click is PASSED

2018-07-10 20:51:52 - [MESSAGE][PASSED] - uiaction.CommonUIActions.click is PASSED

2018-07-10 20:51:52 - [TEST_STEP][PASSED] - delay: Delayed 10 second(s)

2018-07-10 20:52:02 - [MESSAGE][PASSED] - Delayed 10 second(s)

2018-07-10 20:52:02 - [TEST_STEP][PASSED] - uiaction.CommonUIActions.click: uiaction.CommonUIActions.click is PASSED

2018-07-10 20:52:05 - [MESSAGE][PASSED] - uiaction.CommonUIActions.click is PASSED

2018-07-10 20:52:05 - [TEST_STEP][PASSED] - uiaction.CommonUIActions.click: uiaction.CommonUIActions.click is PASSED

2018-07-10 20:52:05 - [MESSAGE][PASSED] - uiaction.CommonUIActions.click is PASSED

2018-07-10 20:52:05 - [TEST_STEP][PASSED] - Statement - grpName = "AutomationGrp3": null

2018-07-10 20:52:05 - [TEST_STEP][PASSED] - uiaction.CommonUIActions.enter: uiaction.CommonUIActions.enter is PASSED

2018-07-10 20:52:05 - [MESSAGE][PASSED] - uiaction.CommonUIActions.enter is PASSED

2018-07-10 20:52:05 - [TEST_STEP][PASSED] - uiaction.CommonUIActions.enter: uiaction.CommonUIActions.enter is PASSED

2018-07-10 20:52:05 - [MESSAGE][PASSED] - projectSpecific.Reusability.getTestData is PASSED

2018-07-10 20:52:05 - [MESSAGE][PASSED] - uiaction.CommonUIActions.enter is PASSED

2018-07-10 20:52:05 - [TEST_STEP][PASSED] - delay: Delayed 10 second(s)

2018-07-10 20:52:15 - [MESSAGE][PASSED] - Delayed 10 second(s)

2018-07-10 20:52:15 - [TEST_STEP][PASSED] - Statement - storesLabel = driver.findElements(org.openqa.selenium.By.xpath(com.kms.katalon.core.testdata.TestDataFactory.findTestData(OR_file).getValue(2, 10))): Reading excel file with source file 'C:\Users\shalinin\Katalon Studio\HME_DEVScripts\Data Files\HME_OR.xlsx' and sheet name 'Sheet1'

2018-07-10 20:52:15 - [TEST_STEP][PASSED] - Statement - groupStoresList = new java.util.ArrayList(): null

2018-07-10 20:52:15 - [TEST_STEP][PASSED] - Statement - out.println(storesLabel.size()): null

2018-07-10 20:52:15 - [TEST_STEP][PASSED] - Statement - size = storesLabel.size(): null

2018-07-10 20:52:15 - [TEST_STEP][PASSED] - Statement - index = 0: null

2018-07-10 20:52:15 - [TEST_STEP][PASSED] - Statement - For ([i = 0, i < size, (i++)]): null

2018-07-10 20:52:15 - [TEST_STEP][PASSED] - Statement - storeLabel = storesLabel.get(i).getText().trim(): null

2018-07-10 20:52:15 - [TEST_STEP][PASSED] - Statement - println(storeLabel): null

2018-07-10 20:52:15 - [TEST_STEP][PASSED] - Statement - If (storeLabel.contains(storeValue)): null

2018-07-10 20:52:15 - [TEST_STEP][PASSED] - Statement - storeLabel = storesLabel.get(i).getText().trim(): null

2018-07-10 20:52:15 - [TEST_STEP][PASSED] - Statement - println(storeLabel): null

2018-07-10 20:52:15 - [TEST_STEP][PASSED] - Statement - If (storeLabel.contains(storeValue)): null

2018-07-10 20:52:15 - [TEST_STEP][PASSED] - Statement - storeLabel = storesLabel.get(i).getText().trim(): null

2018-07-10 20:52:15 - [TEST_STEP][PASSED] - Statement - println(storeLabel): null

2018-07-10 20:52:15 - [TEST_STEP][PASSED] - Statement - If (storeLabel.contains(storeValue)): null

2018-07-10 20:52:15 - [TEST_STEP][PASSED] - Statement - storeLabel = storesLabel.get(i).getText().trim(): null

2018-07-10 20:52:15 - [TEST_STEP][PASSED] - Statement - println(storeLabel): null

2018-07-10 20:52:15 - [TEST_STEP][PASSED] - Statement - If (storeLabel.contains(storeValue)): null

2018-07-10 20:52:15 - [TEST_STEP][PASSED] - Statement - storeLabel = storesLabel.get(i).getText().trim(): null

2018-07-10 20:52:15 - [TEST_STEP][PASSED] - Statement - println(storeLabel): null

2018-07-10 20:52:15 - [TEST_STEP][PASSED] - Statement - If (storeLabel.contains(storeValue)): null

2018-07-10 20:52:15 - [TEST_STEP][PASSED] - Statement - storeLabel = storesLabel.get(i).getText().trim(): null

2018-07-10 20:52:15 - [TEST_STEP][PASSED] - Statement - println(storeLabel): null

2018-07-10 20:52:15 - [TEST_STEP][PASSED] - Statement - If (storeLabel.contains(storeValue)): null

2018-07-10 20:52:15 - [TEST_STEP][PASSED] - Statement - storeLabel = storesLabel.get(i).getText().trim(): null

2018-07-10 20:52:15 - [TEST_STEP][PASSED] - Statement - println(storeLabel): null

2018-07-10 20:52:15 - [TEST_STEP][PASSED] - Statement - If (storeLabel.contains(storeValue)): null

2018-07-10 20:52:15 - [TEST_STEP][PASSED] - delay: Delayed 10 second(s)

2018-07-10 20:52:25 - [MESSAGE][PASSED] - Delayed 10 second(s)

2018-07-10 20:52:25 - [TEST_STEP][PASSED] - uiaction.CommonUIActions.click: uiaction.CommonUIActions.click is PASSED

2018-07-10 20:52:26 - [MESSAGE][PASSED] - uiaction.CommonUIActions.click is PASSED

2018-07-10 20:52:26 - [TEST_STEP][PASSED] - uiaction.CommonUIActions.click: uiaction.CommonUIActions.click is PASSED

2018-07-10 20:52:26 - [MESSAGE][PASSED] - uiaction.CommonUIActions.click is PASSED

2018-07-10 20:52:26 - [TEST_STEP][PASSED] - delay: Delayed 10 second(s)

2018-07-10 20:52:36 - [MESSAGE][PASSED] - Delayed 10 second(s)

2018-07-10 20:52:36 - [TEST_STEP][PASSED] - uiaction.CommonUIActions.click: uiaction.CommonUIActions.click is PASSED

2018-07-10 20:52:36 - [MESSAGE][PASSED] - uiaction.CommonUIActions.click is PASSED

2018-07-10 20:52:36 - [TEST_STEP][PASSED] - delay: Delayed 10 second(s)

2018-07-10 20:52:46 - [MESSAGE][PASSED] - Delayed 10 second(s)

2018-07-10 20:52:46 - [TEST_STEP][PASSED] - Statement - driver.findElement(org.openqa.selenium.By.xpath("//li/span/span/div/span[text()='" + grpName + "']/../../../../span[1]")).click(): null

2018-07-10 20:52:46 - [TEST_STEP][PASSED] - Statement - Catch (Exception e): null

2018-07-10 20:52:46 - [TEST_STEP][PASSED] - Statement - e.printStackTrace(): null

2018-07-10 20:52:46 - [TEST_STEP][PASSED] - Statement - println("Exception of element not found"): null

2018-07-10 20:52:46 - [TEST_STEP][PASSED] - Statement - If (TCflag): null

2018-07-10 20:52:46 - [TEST_STEP][PASSED] - Statement - assert TCflag == true: null

2018-07-10 20:52:46 - [TEST_STEP][PASSED] - Start listener action : sampleAfterTestCase: Browser is closed

2018-07-10 20:52:46 - [TEST_STEP][PASSED] - Statement - println(testCaseContext.getTestCaseId()): null

2018-07-10 20:52:46 - [TEST_STEP][PASSED] - Statement - println(testCaseContext.getTestCaseStatus()): null

2018-07-10 20:52:46 - [TEST_STEP][PASSED] - closeBrowser: Browser is closed

2018-07-10 20:52:46 - [MESSAGE][PASSED] - Browser is closed]]></system-out>
         <system-err><![CDATA[2018-07-10 20:50:14 - [TEST_CASE][FAILED] - Test Cases/GoalStatisticsTC/HME-Goal Statistics Report-02: Test Cases/GoalStatisticsTC/HME-Goal Statistics Report-02 FAILED because (of) org.codehaus.groovy.runtime.powerassert.PowerAssertionError: assert TCflag==true
       |     |
       false false]]></system-err>
      </testcase>
      <testcase name="Test Cases/GoalStatisticsTC/HME-Goal Statistics Report-04" classname="Test Cases/GoalStatisticsTC/HME-Goal Statistics Report-04" status="FAILED">
         <failure type="FAILED" message="org.codehaus.groovy.runtime.powerassert.PowerAssertionError: assert TCflag==true
       |     |
       false false"/>
         <system-out><![CDATA[2018-07-10 20:52:46 - [TEST_CASE][FAILED] - Test Cases/GoalStatisticsTC/HME-Goal Statistics Report-04: Test Cases/GoalStatisticsTC/HME-Goal Statistics Report-04 FAILED because (of) org.codehaus.groovy.runtime.powerassert.PowerAssertionError: assert TCflag==true
       |     |
       false false

2018-07-10 20:52:46 - [TEST_STEP][PASSED] - Start listener action : sampleBeforeTestCase: uiaction.CommonUIActions.deleteAllCookies is PASSED

2018-07-10 20:52:46 - [TEST_STEP][PASSED] - openBrowser: Browser is opened with url: ''

2018-07-10 20:52:49 - [MESSAGE][PASSED] - Browser is opened with url: ''

2018-07-10 20:52:49 - [TEST_STEP][PASSED] - maximizeWindow: Current window maximized

2018-07-10 20:52:50 - [MESSAGE][PASSED] - Current window maximized

2018-07-10 20:52:50 - [TEST_STEP][PASSED] - uiaction.CommonUIActions.deleteAllCookies: uiaction.CommonUIActions.deleteAllCookies is PASSED

2018-07-10 20:52:50 - [MESSAGE][PASSED] - Delete all cookies successfully

2018-07-10 20:52:50 - [MESSAGE][PASSED] - uiaction.CommonUIActions.deleteAllCookies is PASSED

2018-07-10 20:52:50 - [TEST_STEP][PASSED] - Statement - TCflag = true: null

2018-07-10 20:52:50 - [TEST_STEP][PASSED] - Statement - Try: null

2018-07-10 20:52:50 - [TEST_STEP][PASSED] - navigateToUrl: Navigate to 'https://engdev.hmedtcloud.com/?pg=Login' successfully

2018-07-10 20:52:58 - [MESSAGE][PASSED] - Navigate to 'https://engdev.hmedtcloud.com/?pg=Login' successfully

2018-07-10 20:52:58 - [TEST_STEP][PASSED] - projectSpecific.Reusability.login: projectSpecific.Reusability.login is PASSED

2018-07-10 20:52:58 - [MESSAGE][PASSED] - projectSpecific.Reusability.getTestData is PASSED

2018-07-10 20:52:58 - [MESSAGE][PASSED] - projectSpecific.Reusability.getTestData is PASSED

2018-07-10 20:52:58 - [MESSAGE][PASSED] - Text 'selvendrank@nousinfo.com' is set on object 'Object Repository/LoginPage/Username'

2018-07-10 20:52:59 - [MESSAGE][PASSED] - Text 'Nous;123' is set on object 'Object Repository/LoginPage/Password'

2018-07-10 20:53:11 - [MESSAGE][PASSED] - Object: 'Object Repository/LoginPage/Login' is clicked on

2018-07-10 20:53:11 - [MESSAGE][PASSED] - projectSpecific.Reusability.login is PASSED

2018-07-10 20:53:11 - [TEST_STEP][PASSED] - delay: Delayed 10 second(s)

2018-07-10 20:53:21 - [MESSAGE][PASSED] - Delayed 10 second(s)

2018-07-10 20:53:21 - [TEST_STEP][PASSED] - uiaction.CommonUIActions.click: uiaction.CommonUIActions.click is PASSED

2018-07-10 20:53:24 - [MESSAGE][PASSED] - uiaction.CommonUIActions.click is PASSED

2018-07-10 20:53:24 - [TEST_STEP][PASSED] - uiaction.CommonUIActions.click: uiaction.CommonUIActions.click is PASSED

2018-07-10 20:53:24 - [MESSAGE][PASSED] - uiaction.CommonUIActions.click is PASSED

2018-07-10 20:53:24 - [TEST_STEP][PASSED] - uiaction.CommonUIActions.click: uiaction.CommonUIActions.click is PASSED

2018-07-10 20:53:28 - [MESSAGE][PASSED] - uiaction.CommonUIActions.click is PASSED

2018-07-10 20:53:28 - [TEST_STEP][PASSED] - delay: Delayed 10 second(s)

2018-07-10 20:53:38 - [MESSAGE][PASSED] - Delayed 10 second(s)

2018-07-10 20:53:38 - [TEST_STEP][PASSED] - uiaction.CommonUIActions.clear: uiaction.CommonUIActions.clear is PASSED

2018-07-10 20:53:59 - [MESSAGE][PASSED] - uiaction.CommonUIActions.clear is PASSED

2018-07-10 20:53:59 - [TEST_STEP][PASSED] - uiaction.CommonUIActions.enter: uiaction.CommonUIActions.enter is PASSED

2018-07-10 20:54:20 - [MESSAGE][PASSED] - uiaction.CommonUIActions.enter is PASSED

2018-07-10 20:54:20 - [TEST_STEP][PASSED] - uiaction.CommonUIActions.clear: uiaction.CommonUIActions.clear is PASSED

2018-07-10 20:54:41 - [MESSAGE][PASSED] - uiaction.CommonUIActions.clear is PASSED

2018-07-10 20:54:41 - [TEST_STEP][PASSED] - uiaction.CommonUIActions.enter: uiaction.CommonUIActions.enter is PASSED

2018-07-10 20:55:01 - [MESSAGE][PASSED] - uiaction.CommonUIActions.enter is PASSED

2018-07-10 20:55:01 - [TEST_STEP][PASSED] - uiaction.CommonUIActions.clear: uiaction.CommonUIActions.clear is PASSED

2018-07-10 20:55:22 - [MESSAGE][PASSED] - uiaction.CommonUIActions.clear is PASSED

2018-07-10 20:55:22 - [TEST_STEP][PASSED] - uiaction.CommonUIActions.enter: uiaction.CommonUIActions.enter is PASSED

2018-07-10 20:55:43 - [MESSAGE][PASSED] - uiaction.CommonUIActions.enter is PASSED

2018-07-10 20:55:43 - [TEST_STEP][PASSED] - scrollToPosition: Browser is scrolled to position x = 100, y = 1000

2018-07-10 20:55:43 - [MESSAGE][PASSED] - Browser is scrolled to position x = 100, y = 1000

2018-07-10 20:55:43 - [TEST_STEP][PASSED] - delay: Delayed 5 second(s)

2018-07-10 20:55:48 - [MESSAGE][PASSED] - Delayed 5 second(s)

2018-07-10 20:55:48 - [TEST_STEP][PASSED] - uiaction.CommonUIActions.click: uiaction.CommonUIActions.click is PASSED

2018-07-10 20:56:09 - [MESSAGE][PASSED] - uiaction.CommonUIActions.click is PASSED

2018-07-10 20:56:09 - [TEST_STEP][PASSED] - delay: Delayed 10 second(s)

2018-07-10 20:56:19 - [MESSAGE][PASSED] - Delayed 10 second(s)

2018-07-10 20:56:19 - [TEST_STEP][PASSED] - uiaction.CommonUIActions.click: uiaction.CommonUIActions.click is PASSED

2018-07-10 20:56:19 - [MESSAGE][PASSED] - uiaction.CommonUIActions.click is PASSED

2018-07-10 20:56:19 - [TEST_STEP][PASSED] - Statement - driver = com.kms.katalon.core.webui.driver.DriverFactory.getWebDriver(): null

2018-07-10 20:56:19 - [TEST_STEP][PASSED] - delay: Delayed 10 second(s)

2018-07-10 20:56:29 - [MESSAGE][PASSED] - Delayed 10 second(s)

2018-07-10 20:56:29 - [TEST_STEP][PASSED] - Statement - list_stores = driver.findElements(org.openqa.selenium.By.xpath("//span[@class='StoreTitile level-0']")): null

2018-07-10 20:56:29 - [TEST_STEP][PASSED] - Statement - size_list = list_stores.size() - 1: null

2018-07-10 20:56:29 - [TEST_STEP][PASSED] - delay: Delayed 5 second(s)

2018-07-10 20:56:34 - [MESSAGE][PASSED] - Delayed 5 second(s)

2018-07-10 20:56:34 - [TEST_STEP][PASSED] - Statement - driver.findElement(org.openqa.selenium.By.xpath("//ul[@role='tree-node']/li[" + size_list + "]")).click(): null

2018-07-10 20:56:34 - [TEST_STEP][PASSED] - click: Object: 'Object Repository/ReportsPage/fromDateSelector' is clicked on

2018-07-10 20:56:34 - [MESSAGE][PASSED] - Object: 'Object Repository/ReportsPage/fromDateSelector' is clicked on

2018-07-10 20:56:34 - [TEST_STEP][PASSED] - delay: Delayed 5 second(s)

2018-07-10 20:56:39 - [MESSAGE][PASSED] - Delayed 5 second(s)

2018-07-10 20:56:39 - [TEST_STEP][PASSED] - Statement - monthText = com.kms.katalon.core.webui.keyword.WebUiBuiltInKeywords.getText(com.kms.katalon.core.testobject.ObjectRepository.findTestObject(ReportsPage/monthText)): Text of object 'Object Repository/ReportsPage/monthText' is: 'July 2018'

2018-07-10 20:56:39 - [MESSAGE][PASSED] - Text of object 'Object Repository/ReportsPage/monthText' is: 'July 2018'

2018-07-10 20:56:39 - [TEST_STEP][PASSED] - Statement - monthTextArray = monthText.split(" "): null

2018-07-10 20:56:39 - [TEST_STEP][PASSED] - Statement - month = monthTextArray[0]: null

2018-07-10 20:56:39 - [TEST_STEP][PASSED] - Statement - monthTextValue = CustomKeywords.projectSpecific.Reusability.getTestData("ReportsPage", "Month_May"): projectSpecific.Reusability.getTestData is PASSED

2018-07-10 20:56:39 - [MESSAGE][PASSED] - projectSpecific.Reusability.getTestData is PASSED

2018-07-10 20:56:39 - [TEST_STEP][PASSED] - Statement - If (!(monthTextValue.equals(month))): null

2018-07-10 20:56:39 - [TEST_STEP][PASSED] - Statement - While (!(monthTextValue.equals(month))): null

2018-07-10 20:56:39 - [TEST_STEP][PASSED] - click: Object: 'Object Repository/ReportsPage/previousDateSelector' is clicked on

2018-07-10 20:56:39 - [MESSAGE][PASSED] - Object: 'Object Repository/ReportsPage/previousDateSelector' is clicked on

2018-07-10 20:56:39 - [TEST_STEP][PASSED] - Statement - monthText = com.kms.katalon.core.webui.keyword.WebUiBuiltInKeywords.getText(com.kms.katalon.core.testobject.ObjectRepository.findTestObject(ReportsPage/monthText)): Text of object 'Object Repository/ReportsPage/monthText' is: 'June 2018'

2018-07-10 20:56:39 - [MESSAGE][PASSED] - Text of object 'Object Repository/ReportsPage/monthText' is: 'June 2018'

2018-07-10 20:56:39 - [TEST_STEP][PASSED] - Statement - monthTextArray = monthText.split(" "): null

2018-07-10 20:56:39 - [TEST_STEP][PASSED] - Statement - month = monthTextArray[0]: null

2018-07-10 20:56:39 - [TEST_STEP][PASSED] - click: Object: 'Object Repository/ReportsPage/previousDateSelector' is clicked on

2018-07-10 20:56:39 - [MESSAGE][PASSED] - Object: 'Object Repository/ReportsPage/previousDateSelector' is clicked on

2018-07-10 20:56:39 - [TEST_STEP][PASSED] - Statement - monthText = com.kms.katalon.core.webui.keyword.WebUiBuiltInKeywords.getText(com.kms.katalon.core.testobject.ObjectRepository.findTestObject(ReportsPage/monthText)): Text of object 'Object Repository/ReportsPage/monthText' is: 'May 2018'

2018-07-10 20:56:39 - [MESSAGE][PASSED] - Text of object 'Object Repository/ReportsPage/monthText' is: 'May 2018'

2018-07-10 20:56:39 - [TEST_STEP][PASSED] - Statement - monthTextArray = monthText.split(" "): null

2018-07-10 20:56:39 - [TEST_STEP][PASSED] - Statement - month = monthTextArray[0]: null

2018-07-10 20:56:39 - [TEST_STEP][PASSED] - Statement - data = CustomKeywords.projectSpecific.Reusability.getTestData("ReportsPage", "EndDate6"): projectSpecific.Reusability.getTestData is PASSED

2018-07-10 20:56:39 - [MESSAGE][PASSED] - projectSpecific.Reusability.getTestData is PASSED

2018-07-10 20:56:39 - [TEST_STEP][PASSED] - Statement - startDate = "(//div[@class='rdtPicker']/div/table/tbody/tr/td[text()='" + data + "'])[1]": null

2018-07-10 20:56:39 - [TEST_STEP][PASSED] - Statement - println(startDate): null

2018-07-10 20:56:39 - [TEST_STEP][PASSED] - Statement - startdateEle = driver.findElement(org.openqa.selenium.By.xpath(startDate)): null

2018-07-10 20:56:39 - [TEST_STEP][PASSED] - Statement - startdateEle.click(): null

2018-07-10 20:56:39 - [TEST_STEP][PASSED] - delay: Delayed 5 second(s)

2018-07-10 20:56:44 - [MESSAGE][PASSED] - Delayed 5 second(s)

2018-07-10 20:56:44 - [TEST_STEP][PASSED] - click: Object: 'Object Repository/ReportsPage/toDateSelector' is clicked on

2018-07-10 20:56:44 - [MESSAGE][PASSED] - Object: 'Object Repository/ReportsPage/toDateSelector' is clicked on

2018-07-10 20:56:44 - [TEST_STEP][PASSED] - Statement - monthText = com.kms.katalon.core.webui.keyword.WebUiBuiltInKeywords.getText(com.kms.katalon.core.testobject.ObjectRepository.findTestObject(ReportsPage/monthText2)): Text of object 'Object Repository/ReportsPage/monthText2' is: 'July 2018'

2018-07-10 20:56:44 - [MESSAGE][PASSED] - Text of object 'Object Repository/ReportsPage/monthText2' is: 'July 2018'

2018-07-10 20:56:44 - [TEST_STEP][PASSED] - Statement - monthTextArray = monthText.split(" "): null

2018-07-10 20:56:44 - [TEST_STEP][PASSED] - Statement - month = monthTextArray[0]: null

2018-07-10 20:56:44 - [TEST_STEP][PASSED] - Statement - monthTextValue1 = CustomKeywords.projectSpecific.Reusability.getTestData("ReportsPage", "Month_May"): projectSpecific.Reusability.getTestData is PASSED

2018-07-10 20:56:45 - [MESSAGE][PASSED] - projectSpecific.Reusability.getTestData is PASSED

2018-07-10 20:56:45 - [TEST_STEP][PASSED] - Statement - If (!(monthTextValue1.equals(month))): null

2018-07-10 20:56:45 - [TEST_STEP][PASSED] - Statement - While (!(monthTextValue1.equals(month))): null

2018-07-10 20:56:45 - [TEST_STEP][PASSED] - click: Object: 'Object Repository/ReportsPage/previousDateSelector2' is clicked on

2018-07-10 20:56:45 - [MESSAGE][PASSED] - Object: 'Object Repository/ReportsPage/previousDateSelector2' is clicked on

2018-07-10 20:56:45 - [TEST_STEP][PASSED] - Statement - monthText = com.kms.katalon.core.webui.keyword.WebUiBuiltInKeywords.getText(com.kms.katalon.core.testobject.ObjectRepository.findTestObject(ReportsPage/monthText2)): Text of object 'Object Repository/ReportsPage/monthText2' is: 'June 2018'

2018-07-10 20:56:45 - [MESSAGE][PASSED] - Text of object 'Object Repository/ReportsPage/monthText2' is: 'June 2018'

2018-07-10 20:56:45 - [TEST_STEP][PASSED] - Statement - monthTextArray = monthText.split(" "): null

2018-07-10 20:56:45 - [TEST_STEP][PASSED] - Statement - month = monthTextArray[0]: null

2018-07-10 20:56:45 - [TEST_STEP][PASSED] - click: Object: 'Object Repository/ReportsPage/previousDateSelector2' is clicked on

2018-07-10 20:56:45 - [MESSAGE][PASSED] - Object: 'Object Repository/ReportsPage/previousDateSelector2' is clicked on

2018-07-10 20:56:45 - [TEST_STEP][PASSED] - Statement - monthText = com.kms.katalon.core.webui.keyword.WebUiBuiltInKeywords.getText(com.kms.katalon.core.testobject.ObjectRepository.findTestObject(ReportsPage/monthText2)): Text of object 'Object Repository/ReportsPage/monthText2' is: 'May 2018'

2018-07-10 20:56:45 - [MESSAGE][PASSED] - Text of object 'Object Repository/ReportsPage/monthText2' is: 'May 2018'

2018-07-10 20:56:45 - [TEST_STEP][PASSED] - Statement - monthTextArray = monthText.split(" "): null

2018-07-10 20:56:45 - [TEST_STEP][PASSED] - Statement - month = monthTextArray[0]: null

2018-07-10 20:56:45 - [TEST_STEP][PASSED] - Statement - endDate = CustomKeywords.projectSpecific.Reusability.getTestData("ReportsPage", "EndDate6"): projectSpecific.Reusability.getTestData is PASSED

2018-07-10 20:56:45 - [MESSAGE][PASSED] - projectSpecific.Reusability.getTestData is PASSED

2018-07-10 20:56:45 - [TEST_STEP][PASSED] - Statement - toDate = "(//div[@class='rdt date-time rdtOpen']/div[@class='rdtPicker']/div/table/tbody/tr/td[text()='" + endDate + "'])[1]": null

2018-07-10 20:56:45 - [TEST_STEP][PASSED] - Statement - println(toDate): null

2018-07-10 20:56:45 - [TEST_STEP][PASSED] - Statement - toDateEle = driver.findElement(org.openqa.selenium.By.xpath(toDate)): null

2018-07-10 20:56:45 - [TEST_STEP][PASSED] - Statement - toDateEle.click(): null

2018-07-10 20:56:45 - [TEST_STEP][PASSED] - delay: Delayed 5 second(s)

2018-07-10 20:56:50 - [MESSAGE][PASSED] - Delayed 5 second(s)

2018-07-10 20:56:50 - [TEST_STEP][PASSED] - Statement - dateAttr = com.kms.katalon.core.webui.keyword.WebUiBuiltInKeywords.getAttribute(com.kms.katalon.core.testobject.ObjectRepository.findTestObject(ReportsPage/selectedDate1), "value"): Attribute 'value' of object 'Object Repository/ReportsPage/selectedDate1' is: '05/15/2018'

2018-07-10 20:56:50 - [MESSAGE][PASSED] - Attribute 'value' of object 'Object Repository/ReportsPage/selectedDate1' is: '05/15/2018'

2018-07-10 20:56:50 - [TEST_STEP][PASSED] - Statement - fromDateValue = CustomKeywords.projectSpecific.Reusability.getTestData("ReportsPage", "May_SelectedDate"): projectSpecific.Reusability.getTestData is PASSED

2018-07-10 20:56:50 - [MESSAGE][PASSED] - projectSpecific.Reusability.getTestData is PASSED

2018-07-10 20:56:50 - [TEST_STEP][PASSED] - Statement - If (!(dateAttr.equals(fromDateValue))): null

2018-07-10 20:56:50 - [TEST_STEP][PASSED] - Statement - dateAttr = com.kms.katalon.core.webui.keyword.WebUiBuiltInKeywords.getAttribute(com.kms.katalon.core.testobject.ObjectRepository.findTestObject(ReportsPage/selectedDate2), "value"): Attribute 'value' of object 'Object Repository/ReportsPage/selectedDate2' is: '05/15/2018'

2018-07-10 20:56:50 - [MESSAGE][PASSED] - Attribute 'value' of object 'Object Repository/ReportsPage/selectedDate2' is: '05/15/2018'

2018-07-10 20:56:50 - [TEST_STEP][PASSED] - Statement - toDateValue = CustomKeywords.projectSpecific.Reusability.getTestData("ReportsPage", "May_SelectedDate"): projectSpecific.Reusability.getTestData is PASSED

2018-07-10 20:56:50 - [MESSAGE][PASSED] - projectSpecific.Reusability.getTestData is PASSED

2018-07-10 20:56:50 - [TEST_STEP][PASSED] - Statement - If (!(dateAttr.equals(toDateValue))): null

2018-07-10 20:56:50 - [TEST_STEP][PASSED] - delay: Delayed 10 second(s)

2018-07-10 20:57:00 - [MESSAGE][PASSED] - Delayed 10 second(s)

2018-07-10 20:57:00 - [TEST_STEP][PASSED] - click: Object: 'Object Repository/ReportsPage/generateReport' is clicked on

2018-07-10 20:57:00 - [MESSAGE][PASSED] - Object: 'Object Repository/ReportsPage/generateReport' is clicked on

2018-07-10 20:57:00 - [TEST_STEP][PASSED] - delay: Delayed 10 second(s)

2018-07-10 20:57:10 - [MESSAGE][PASSED] - Delayed 10 second(s)

2018-07-10 20:57:10 - [TEST_STEP][PASSED] - Statement - colourfield = driver.findElement(org.openqa.selenium.By.xpath("(//table[@class='goalstatistics-table goalstatistics-table-content'])[1]//tr[1]")): null

2018-07-10 20:57:10 - [TEST_STEP][PASSED] - Statement - Catch (Exception e): null

2018-07-10 20:57:10 - [TEST_STEP][PASSED] - Statement - e.printStackTrace(): null

2018-07-10 20:57:10 - [TEST_STEP][PASSED] - Statement - println("Exception of element not found"): null

2018-07-10 20:57:10 - [TEST_STEP][PASSED] - Statement - If (TCflag): null

2018-07-10 20:57:10 - [TEST_STEP][PASSED] - Statement - assert TCflag == true: null

2018-07-10 20:57:10 - [TEST_STEP][PASSED] - Start listener action : sampleAfterTestCase: Browser is closed

2018-07-10 20:57:10 - [TEST_STEP][PASSED] - Statement - println(testCaseContext.getTestCaseId()): null

2018-07-10 20:57:10 - [TEST_STEP][PASSED] - Statement - println(testCaseContext.getTestCaseStatus()): null

2018-07-10 20:57:10 - [TEST_STEP][PASSED] - closeBrowser: Browser is closed

2018-07-10 20:57:11 - [MESSAGE][PASSED] - Browser is closed]]></system-out>
         <system-err><![CDATA[2018-07-10 20:52:46 - [TEST_CASE][FAILED] - Test Cases/GoalStatisticsTC/HME-Goal Statistics Report-04: Test Cases/GoalStatisticsTC/HME-Goal Statistics Report-04 FAILED because (of) org.codehaus.groovy.runtime.powerassert.PowerAssertionError: assert TCflag==true
       |     |
       false false]]></system-err>
      </testcase>
      <testcase name="Test Cases/GoalStatisticsTC/HME-Goal Statistics Report-05" classname="Test Cases/GoalStatisticsTC/HME-Goal Statistics Report-05" status="FAILED">
         <failure type="FAILED" message="org.codehaus.groovy.runtime.powerassert.PowerAssertionError: assert TCflag==true
       |     |
       false false"/>
         <system-out><![CDATA[2018-07-10 20:57:11 - [TEST_CASE][FAILED] - Test Cases/GoalStatisticsTC/HME-Goal Statistics Report-05: Test Cases/GoalStatisticsTC/HME-Goal Statistics Report-05 FAILED because (of) org.codehaus.groovy.runtime.powerassert.PowerAssertionError: assert TCflag==true
       |     |
       false false

2018-07-10 20:57:11 - [TEST_STEP][PASSED] - Start listener action : sampleBeforeTestCase: uiaction.CommonUIActions.deleteAllCookies is PASSED

2018-07-10 20:57:11 - [TEST_STEP][PASSED] - openBrowser: Browser is opened with url: ''

2018-07-10 20:57:13 - [MESSAGE][PASSED] - Browser is opened with url: ''

2018-07-10 20:57:13 - [TEST_STEP][PASSED] - maximizeWindow: Current window maximized

2018-07-10 20:57:14 - [MESSAGE][PASSED] - Current window maximized

2018-07-10 20:57:14 - [TEST_STEP][PASSED] - uiaction.CommonUIActions.deleteAllCookies: uiaction.CommonUIActions.deleteAllCookies is PASSED

2018-07-10 20:57:14 - [MESSAGE][PASSED] - Delete all cookies successfully

2018-07-10 20:57:14 - [MESSAGE][PASSED] - uiaction.CommonUIActions.deleteAllCookies is PASSED

2018-07-10 20:57:14 - [TEST_STEP][PASSED] - Statement - TCflag = true: null

2018-07-10 20:57:14 - [TEST_STEP][PASSED] - Statement - Try: null

2018-07-10 20:57:14 - [TEST_STEP][PASSED] - navigateToUrl: Navigate to 'https://engdev.hmedtcloud.com/?pg=Login' successfully

2018-07-10 20:57:22 - [MESSAGE][PASSED] - Navigate to 'https://engdev.hmedtcloud.com/?pg=Login' successfully

2018-07-10 20:57:22 - [TEST_STEP][PASSED] - delay: Delayed 10 second(s)

2018-07-10 20:57:32 - [MESSAGE][PASSED] - Delayed 10 second(s)

2018-07-10 20:57:32 - [TEST_STEP][PASSED] - projectSpecific.Reusability.login: projectSpecific.Reusability.login is PASSED

2018-07-10 20:57:32 - [MESSAGE][PASSED] - projectSpecific.Reusability.getTestData is PASSED

2018-07-10 20:57:32 - [MESSAGE][PASSED] - projectSpecific.Reusability.getTestData is PASSED

2018-07-10 20:57:33 - [MESSAGE][PASSED] - Text 'selvendrank@nousinfo.com' is set on object 'Object Repository/LoginPage/Username'

2018-07-10 20:57:33 - [MESSAGE][PASSED] - Text 'Nous;123' is set on object 'Object Repository/LoginPage/Password'

2018-07-10 20:57:46 - [MESSAGE][PASSED] - Object: 'Object Repository/LoginPage/Login' is clicked on

2018-07-10 20:57:46 - [MESSAGE][PASSED] - projectSpecific.Reusability.login is PASSED

2018-07-10 20:57:46 - [TEST_STEP][PASSED] - delay: Delayed 10 second(s)

2018-07-10 20:57:56 - [MESSAGE][PASSED] - Delayed 10 second(s)

2018-07-10 20:57:56 - [TEST_STEP][PASSED] - Statement - driver = com.kms.katalon.core.webui.driver.DriverFactory.getWebDriver(): null

2018-07-10 20:57:56 - [TEST_STEP][PASSED] - uiaction.CommonUIActions.click: uiaction.CommonUIActions.click is PASSED

2018-07-10 20:58:07 - [MESSAGE][PASSED] - uiaction.CommonUIActions.click is PASSED

2018-07-10 20:58:07 - [TEST_STEP][PASSED] - delay: Delayed 10 second(s)

2018-07-10 20:58:17 - [MESSAGE][PASSED] - Delayed 10 second(s)

2018-07-10 20:58:17 - [TEST_STEP][PASSED] - Statement - driver.findElement(org.openqa.selenium.By.xpath("(//div[@class='ctable']/table//tr/td[3][contains(text(),'vijay2')]/../td//span)[1]")).click(): null

2018-07-10 20:58:19 - [TEST_STEP][PASSED] - uiaction.CommonUIActions.click: uiaction.CommonUIActions.click is PASSED

2018-07-10 20:58:19 - [MESSAGE][PASSED] - uiaction.CommonUIActions.click is PASSED

2018-07-10 20:58:19 - [TEST_STEP][PASSED] - uiaction.CommonUIActions.click: uiaction.CommonUIActions.click is PASSED

2018-07-10 20:58:25 - [MESSAGE][PASSED] - uiaction.CommonUIActions.click is PASSED

2018-07-10 20:58:25 - [TEST_STEP][PASSED] - Statement - storenumber = CustomKeywords.uiaction.CommonUIActions.getText(com.kms.katalon.core.testobject.ObjectRepository.findTestObject(StorePage/storeID)): uiaction.CommonUIActions.getText is PASSED

2018-07-10 20:58:25 - [MESSAGE][PASSED] - uiaction.CommonUIActions.getText is PASSED

2018-07-10 20:58:25 - [TEST_STEP][PASSED] - Statement - storeValue = storenumber.trim(): null

2018-07-10 20:58:25 - [TEST_STEP][PASSED] - Statement - out.println(" the store number is--" + storeValue): null

2018-07-10 20:58:25 - [TEST_STEP][PASSED] - delay: Delayed 5 second(s)

2018-07-10 20:58:30 - [MESSAGE][PASSED] - Delayed 5 second(s)

2018-07-10 20:58:30 - [TEST_STEP][PASSED] - Statement - out.println(" the store number is--" + storenumber.trim()): null

2018-07-10 20:58:30 - [TEST_STEP][PASSED] - uiaction.CommonUIActions.click: uiaction.CommonUIActions.click is PASSED

2018-07-10 20:58:31 - [MESSAGE][PASSED] - uiaction.CommonUIActions.click is PASSED

2018-07-10 20:58:31 - [TEST_STEP][PASSED] - delay: Delayed 5 second(s)

2018-07-10 20:58:36 - [MESSAGE][PASSED] - Delayed 5 second(s)

2018-07-10 20:58:36 - [TEST_STEP][PASSED] - uiaction.CommonUIActions.click: uiaction.CommonUIActions.click is PASSED

2018-07-10 20:58:48 - [MESSAGE][PASSED] - uiaction.CommonUIActions.click is PASSED

2018-07-10 20:58:48 - [TEST_STEP][PASSED] - delay: Delayed 10 second(s)

2018-07-10 20:58:58 - [MESSAGE][PASSED] - Delayed 10 second(s)

2018-07-10 20:58:58 - [TEST_STEP][PASSED] - uiaction.CommonUIActions.click: uiaction.CommonUIActions.click is PASSED

2018-07-10 20:59:01 - [MESSAGE][PASSED] - uiaction.CommonUIActions.click is PASSED

2018-07-10 20:59:01 - [TEST_STEP][PASSED] - uiaction.CommonUIActions.click: uiaction.CommonUIActions.click is PASSED

2018-07-10 20:59:02 - [MESSAGE][PASSED] - uiaction.CommonUIActions.click is PASSED

2018-07-10 20:59:02 - [TEST_STEP][PASSED] - Statement - grpName = "AutomationGrp2": null

2018-07-10 20:59:02 - [TEST_STEP][PASSED] - uiaction.CommonUIActions.enter: uiaction.CommonUIActions.enter is PASSED

2018-07-10 20:59:02 - [MESSAGE][PASSED] - uiaction.CommonUIActions.enter is PASSED

2018-07-10 20:59:02 - [TEST_STEP][PASSED] - uiaction.CommonUIActions.enter: uiaction.CommonUIActions.enter is PASSED

2018-07-10 20:59:02 - [MESSAGE][PASSED] - projectSpecific.Reusability.getTestData is PASSED

2018-07-10 20:59:02 - [MESSAGE][PASSED] - uiaction.CommonUIActions.enter is PASSED

2018-07-10 20:59:02 - [TEST_STEP][PASSED] - delay: Delayed 5 second(s)

2018-07-10 20:59:07 - [MESSAGE][PASSED] - Delayed 5 second(s)

2018-07-10 20:59:07 - [TEST_STEP][PASSED] - Statement - storesLabel = driver.findElements(org.openqa.selenium.By.xpath(com.kms.katalon.core.testdata.TestDataFactory.findTestData(OR_file).getValue(2, 10))): Reading excel file with source file 'C:\Users\shalinin\Katalon Studio\HME_DEVScripts\Data Files\HME_OR.xlsx' and sheet name 'Sheet1'

2018-07-10 20:59:07 - [TEST_STEP][PASSED] - Statement - groupStoresList = new java.util.ArrayList(): null

2018-07-10 20:59:07 - [TEST_STEP][PASSED] - Statement - out.println(storesLabel.size()): null

2018-07-10 20:59:07 - [TEST_STEP][PASSED] - Statement - size = storesLabel.size(): null

2018-07-10 20:59:07 - [TEST_STEP][PASSED] - Statement - index = 0: null

2018-07-10 20:59:07 - [TEST_STEP][PASSED] - Statement - For ([i = 0, i < size, (i++)]): null

2018-07-10 20:59:07 - [TEST_STEP][PASSED] - Statement - storeLabel = storesLabel.get(i).getText().trim(): null

2018-07-10 20:59:07 - [TEST_STEP][PASSED] - Statement - println(storeLabel): null

2018-07-10 20:59:07 - [TEST_STEP][PASSED] - Statement - If (storeLabel.contains(storeValue.trim())): null

2018-07-10 20:59:07 - [TEST_STEP][PASSED] - Statement - storeLabel = storesLabel.get(i).getText().trim(): null

2018-07-10 20:59:07 - [TEST_STEP][PASSED] - Statement - println(storeLabel): null

2018-07-10 20:59:07 - [TEST_STEP][PASSED] - Statement - If (storeLabel.contains(storeValue.trim())): null

2018-07-10 20:59:07 - [TEST_STEP][PASSED] - Statement - storeLabel = storesLabel.get(i).getText().trim(): null

2018-07-10 20:59:07 - [TEST_STEP][PASSED] - Statement - println(storeLabel): null

2018-07-10 20:59:07 - [TEST_STEP][PASSED] - Statement - If (storeLabel.contains(storeValue.trim())): null

2018-07-10 20:59:07 - [TEST_STEP][PASSED] - Statement - storeLabel = storesLabel.get(i).getText().trim(): null

2018-07-10 20:59:07 - [TEST_STEP][PASSED] - Statement - println(storeLabel): null

2018-07-10 20:59:07 - [TEST_STEP][PASSED] - Statement - If (storeLabel.contains(storeValue.trim())): null

2018-07-10 20:59:07 - [TEST_STEP][PASSED] - Statement - storeLabel = storesLabel.get(i).getText().trim(): null

2018-07-10 20:59:07 - [TEST_STEP][PASSED] - Statement - println(storeLabel): null

2018-07-10 20:59:07 - [TEST_STEP][PASSED] - Statement - If (storeLabel.contains(storeValue.trim())): null

2018-07-10 20:59:07 - [TEST_STEP][PASSED] - Statement - storeLabel = storesLabel.get(i).getText().trim(): null

2018-07-10 20:59:07 - [TEST_STEP][PASSED] - Statement - println(storeLabel): null

2018-07-10 20:59:07 - [TEST_STEP][PASSED] - Statement - If (storeLabel.contains(storeValue.trim())): null

2018-07-10 20:59:07 - [TEST_STEP][PASSED] - Statement - storeLabel = storesLabel.get(i).getText().trim(): null

2018-07-10 20:59:07 - [TEST_STEP][PASSED] - Statement - println(storeLabel): null

2018-07-10 20:59:07 - [TEST_STEP][PASSED] - Statement - If (storeLabel.contains(storeValue.trim())): null

2018-07-10 20:59:07 - [TEST_STEP][PASSED] - Statement - storeLabel = storesLabel.get(i).getText().trim(): null

2018-07-10 20:59:07 - [TEST_STEP][PASSED] - Statement - println(storeLabel): null

2018-07-10 20:59:07 - [TEST_STEP][PASSED] - Statement - If (storeLabel.contains(storeValue.trim())): null

2018-07-10 20:59:07 - [TEST_STEP][PASSED] - delay: Delayed 10 second(s)

2018-07-10 20:59:17 - [MESSAGE][PASSED] - Delayed 10 second(s)

2018-07-10 20:59:17 - [TEST_STEP][PASSED] - uiaction.CommonUIActions.click: uiaction.CommonUIActions.click is PASSED

2018-07-10 20:59:17 - [MESSAGE][PASSED] - uiaction.CommonUIActions.click is PASSED

2018-07-10 20:59:17 - [TEST_STEP][PASSED] - uiaction.CommonUIActions.click: uiaction.CommonUIActions.click is PASSED

2018-07-10 20:59:17 - [MESSAGE][PASSED] - uiaction.CommonUIActions.click is PASSED

2018-07-10 20:59:17 - [TEST_STEP][PASSED] - delay: Delayed 10 second(s)

2018-07-10 20:59:27 - [MESSAGE][PASSED] - Delayed 10 second(s)

2018-07-10 20:59:27 - [TEST_STEP][PASSED] - uiaction.CommonUIActions.click: uiaction.CommonUIActions.click is PASSED

2018-07-10 20:59:27 - [MESSAGE][PASSED] - uiaction.CommonUIActions.click is PASSED

2018-07-10 20:59:27 - [TEST_STEP][PASSED] - delay: Delayed 10 second(s)

2018-07-10 20:59:37 - [MESSAGE][PASSED] - Delayed 10 second(s)

2018-07-10 20:59:37 - [TEST_STEP][PASSED] - Statement - xpath = "//li/span/span/div/span[text()='" + grpName + "']/../../../../span[1]": null

2018-07-10 20:59:37 - [TEST_STEP][PASSED] - Statement - println(xpath): null

2018-07-10 20:59:37 - [TEST_STEP][PASSED] - Statement - driver.findElement(org.openqa.selenium.By.xpath(xpath)).click(): null

2018-07-10 20:59:37 - [TEST_STEP][PASSED] - Statement - Catch (Exception e): null

2018-07-10 20:59:37 - [TEST_STEP][PASSED] - Statement - e.printStackTrace(): null

2018-07-10 20:59:37 - [TEST_STEP][PASSED] - Statement - println("Exception of element not found"): null

2018-07-10 20:59:37 - [TEST_STEP][PASSED] - Statement - If (TCflag): null

2018-07-10 20:59:37 - [TEST_STEP][PASSED] - Statement - assert TCflag == true: null

2018-07-10 20:59:37 - [TEST_STEP][PASSED] - Start listener action : sampleAfterTestCase: Browser is closed

2018-07-10 20:59:37 - [TEST_STEP][PASSED] - Statement - println(testCaseContext.getTestCaseId()): null

2018-07-10 20:59:37 - [TEST_STEP][PASSED] - Statement - println(testCaseContext.getTestCaseStatus()): null

2018-07-10 20:59:37 - [TEST_STEP][PASSED] - closeBrowser: Browser is closed

2018-07-10 20:59:38 - [MESSAGE][PASSED] - Browser is closed]]></system-out>
         <system-err><![CDATA[2018-07-10 20:57:11 - [TEST_CASE][FAILED] - Test Cases/GoalStatisticsTC/HME-Goal Statistics Report-05: Test Cases/GoalStatisticsTC/HME-Goal Statistics Report-05 FAILED because (of) org.codehaus.groovy.runtime.powerassert.PowerAssertionError: assert TCflag==true
       |     |
       false false]]></system-err>
      </testcase>
      <testcase name="Test Cases/GoalStatisticsTC/HME-Goal Statistics Report-06" classname="Test Cases/GoalStatisticsTC/HME-Goal Statistics Report-06" status="FAILED">
         <failure type="FAILED" message="org.codehaus.groovy.runtime.powerassert.PowerAssertionError: assert TCflag==true
       |     |
       false false"/>
         <system-out><![CDATA[2018-07-10 20:59:38 - [TEST_CASE][FAILED] - Test Cases/GoalStatisticsTC/HME-Goal Statistics Report-06: Test Cases/GoalStatisticsTC/HME-Goal Statistics Report-06 FAILED because (of) org.codehaus.groovy.runtime.powerassert.PowerAssertionError: assert TCflag==true
       |     |
       false false

2018-07-10 20:59:38 - [TEST_STEP][PASSED] - Start listener action : sampleBeforeTestCase: uiaction.CommonUIActions.deleteAllCookies is PASSED

2018-07-10 20:59:38 - [TEST_STEP][PASSED] - openBrowser: Browser is opened with url: ''

2018-07-10 20:59:41 - [MESSAGE][PASSED] - Browser is opened with url: ''

2018-07-10 20:59:41 - [TEST_STEP][PASSED] - maximizeWindow: Current window maximized

2018-07-10 20:59:42 - [MESSAGE][PASSED] - Current window maximized

2018-07-10 20:59:42 - [TEST_STEP][PASSED] - uiaction.CommonUIActions.deleteAllCookies: uiaction.CommonUIActions.deleteAllCookies is PASSED

2018-07-10 20:59:42 - [MESSAGE][PASSED] - Delete all cookies successfully

2018-07-10 20:59:42 - [MESSAGE][PASSED] - uiaction.CommonUIActions.deleteAllCookies is PASSED

2018-07-10 20:59:42 - [TEST_STEP][PASSED] - Statement - TCflag = true: null

2018-07-10 20:59:42 - [TEST_STEP][PASSED] - Statement - Try: null

2018-07-10 20:59:42 - [TEST_STEP][PASSED] - navigateToUrl: Navigate to 'https://engdev.hmedtcloud.com/?pg=Login' successfully

2018-07-10 20:59:50 - [MESSAGE][PASSED] - Navigate to 'https://engdev.hmedtcloud.com/?pg=Login' successfully

2018-07-10 20:59:50 - [TEST_STEP][PASSED] - projectSpecific.Reusability.login: projectSpecific.Reusability.login is PASSED

2018-07-10 20:59:50 - [MESSAGE][PASSED] - projectSpecific.Reusability.getTestData is PASSED

2018-07-10 20:59:50 - [MESSAGE][PASSED] - projectSpecific.Reusability.getTestData is PASSED

2018-07-10 20:59:50 - [MESSAGE][PASSED] - Text 'selvendrank@nousinfo.com' is set on object 'Object Repository/LoginPage/Username'

2018-07-10 20:59:50 - [MESSAGE][PASSED] - Text 'Nous;123' is set on object 'Object Repository/LoginPage/Password'

2018-07-10 21:00:03 - [MESSAGE][PASSED] - Object: 'Object Repository/LoginPage/Login' is clicked on

2018-07-10 21:00:03 - [MESSAGE][PASSED] - projectSpecific.Reusability.login is PASSED

2018-07-10 21:00:03 - [TEST_STEP][PASSED] - delay: Delayed 10 second(s)

2018-07-10 21:00:13 - [MESSAGE][PASSED] - Delayed 10 second(s)

2018-07-10 21:00:13 - [TEST_STEP][PASSED] - uiaction.CommonUIActions.click: uiaction.CommonUIActions.click is PASSED

2018-07-10 21:00:25 - [MESSAGE][PASSED] - uiaction.CommonUIActions.click is PASSED

2018-07-10 21:00:25 - [TEST_STEP][PASSED] - Statement - driver = com.kms.katalon.core.webui.driver.DriverFactory.getWebDriver(): null

2018-07-10 21:00:25 - [TEST_STEP][PASSED] - delay: Delayed 10 second(s)

2018-07-10 21:00:35 - [MESSAGE][PASSED] - Delayed 10 second(s)

2018-07-10 21:00:35 - [TEST_STEP][PASSED] - Statement - driver.findElement(org.openqa.selenium.By.xpath("(//div[@class='ctable']/table//tr/td[3][contains(text(),'vijay2')]/../td//span)[1]")).click(): null

2018-07-10 21:00:37 - [TEST_STEP][PASSED] - uiaction.CommonUIActions.click: uiaction.CommonUIActions.click is PASSED

2018-07-10 21:00:37 - [MESSAGE][PASSED] - uiaction.CommonUIActions.click is PASSED

2018-07-10 21:00:37 - [TEST_STEP][PASSED] - uiaction.CommonUIActions.click: uiaction.CommonUIActions.click is PASSED

2018-07-10 21:00:42 - [MESSAGE][PASSED] - uiaction.CommonUIActions.click is PASSED

2018-07-10 21:00:42 - [TEST_STEP][PASSED] - Statement - storenumber = CustomKeywords.uiaction.CommonUIActions.getText(com.kms.katalon.core.testobject.ObjectRepository.findTestObject(StorePage/storeID)): uiaction.CommonUIActions.getText is PASSED

2018-07-10 21:00:42 - [MESSAGE][PASSED] - uiaction.CommonUIActions.getText is PASSED

2018-07-10 21:00:42 - [TEST_STEP][PASSED] - Statement - storeValue = storenumber.trim(): null

2018-07-10 21:00:42 - [TEST_STEP][PASSED] - Statement - out.println(" the store number is--" + storeValue): null

2018-07-10 21:00:42 - [TEST_STEP][PASSED] - delay: Delayed 5 second(s)

2018-07-10 21:00:47 - [MESSAGE][PASSED] - Delayed 5 second(s)

2018-07-10 21:00:47 - [TEST_STEP][PASSED] - Statement - out.println(" the store number is--" + storenumber.trim()): null

2018-07-10 21:00:47 - [TEST_STEP][PASSED] - delay: Delayed 10 second(s)

2018-07-10 21:00:57 - [MESSAGE][PASSED] - Delayed 10 second(s)

2018-07-10 21:00:57 - [TEST_STEP][PASSED] - uiaction.CommonUIActions.click: uiaction.CommonUIActions.click is PASSED

2018-07-10 21:00:59 - [MESSAGE][PASSED] - uiaction.CommonUIActions.click is PASSED

2018-07-10 21:00:59 - [TEST_STEP][PASSED] - delay: Delayed 10 second(s)

2018-07-10 21:01:09 - [MESSAGE][PASSED] - Delayed 10 second(s)

2018-07-10 21:01:09 - [TEST_STEP][PASSED] - uiaction.CommonUIActions.click: uiaction.CommonUIActions.click is PASSED

2018-07-10 21:01:20 - [MESSAGE][PASSED] - uiaction.CommonUIActions.click is PASSED

2018-07-10 21:01:20 - [TEST_STEP][PASSED] - delay: Delayed 10 second(s)

2018-07-10 21:01:30 - [MESSAGE][PASSED] - Delayed 10 second(s)

2018-07-10 21:01:30 - [TEST_STEP][PASSED] - uiaction.CommonUIActions.click: uiaction.CommonUIActions.click is PASSED

2018-07-10 21:01:34 - [MESSAGE][PASSED] - uiaction.CommonUIActions.click is PASSED

2018-07-10 21:01:34 - [TEST_STEP][PASSED] - uiaction.CommonUIActions.click: uiaction.CommonUIActions.click is PASSED

2018-07-10 21:01:34 - [MESSAGE][PASSED] - uiaction.CommonUIActions.click is PASSED

2018-07-10 21:01:34 - [TEST_STEP][PASSED] - Statement - grpName = "AutomationGrp3": null

2018-07-10 21:01:34 - [TEST_STEP][PASSED] - uiaction.CommonUIActions.enter: uiaction.CommonUIActions.enter is PASSED

2018-07-10 21:01:34 - [MESSAGE][PASSED] - uiaction.CommonUIActions.enter is PASSED

2018-07-10 21:01:34 - [TEST_STEP][PASSED] - uiaction.CommonUIActions.enter: uiaction.CommonUIActions.enter is PASSED

2018-07-10 21:01:34 - [MESSAGE][PASSED] - projectSpecific.Reusability.getTestData is PASSED

2018-07-10 21:01:34 - [MESSAGE][PASSED] - uiaction.CommonUIActions.enter is PASSED

2018-07-10 21:01:34 - [TEST_STEP][PASSED] - delay: Delayed 10 second(s)

2018-07-10 21:01:44 - [MESSAGE][PASSED] - Delayed 10 second(s)

2018-07-10 21:01:44 - [TEST_STEP][PASSED] - Statement - storesLabel = driver.findElements(org.openqa.selenium.By.xpath(com.kms.katalon.core.testdata.TestDataFactory.findTestData(OR_file).getValue(2, 10))): Reading excel file with source file 'C:\Users\shalinin\Katalon Studio\HME_DEVScripts\Data Files\HME_OR.xlsx' and sheet name 'Sheet1'

2018-07-10 21:01:44 - [TEST_STEP][PASSED] - Statement - groupStoresList = new java.util.ArrayList(): null

2018-07-10 21:01:44 - [TEST_STEP][PASSED] - Statement - out.println(storesLabel.size()): null

2018-07-10 21:01:44 - [TEST_STEP][PASSED] - Statement - size = storesLabel.size(): null

2018-07-10 21:01:44 - [TEST_STEP][PASSED] - Statement - index = 0: null

2018-07-10 21:01:44 - [TEST_STEP][PASSED] - Statement - For ([i = 0, i < size, (i++)]): null

2018-07-10 21:01:44 - [TEST_STEP][PASSED] - Statement - storelabel = storesLabel.get(i).getText().trim(): null

2018-07-10 21:01:44 - [TEST_STEP][PASSED] - Statement - println(storelabel): null

2018-07-10 21:01:44 - [TEST_STEP][PASSED] - Statement - If (storelabel.contains(storeValue)): null

2018-07-10 21:01:44 - [TEST_STEP][PASSED] - Statement - storelabel = storesLabel.get(i).getText().trim(): null

2018-07-10 21:01:44 - [TEST_STEP][PASSED] - Statement - println(storelabel): null

2018-07-10 21:01:44 - [TEST_STEP][PASSED] - Statement - If (storelabel.contains(storeValue)): null

2018-07-10 21:01:44 - [TEST_STEP][PASSED] - Statement - storelabel = storesLabel.get(i).getText().trim(): null

2018-07-10 21:01:44 - [TEST_STEP][PASSED] - Statement - println(storelabel): null

2018-07-10 21:01:44 - [TEST_STEP][PASSED] - Statement - If (storelabel.contains(storeValue)): null

2018-07-10 21:01:44 - [TEST_STEP][PASSED] - Statement - storelabel = storesLabel.get(i).getText().trim(): null

2018-07-10 21:01:44 - [TEST_STEP][PASSED] - Statement - println(storelabel): null

2018-07-10 21:01:44 - [TEST_STEP][PASSED] - Statement - If (storelabel.contains(storeValue)): null

2018-07-10 21:01:44 - [TEST_STEP][PASSED] - Statement - storelabel = storesLabel.get(i).getText().trim(): null

2018-07-10 21:01:44 - [TEST_STEP][PASSED] - Statement - println(storelabel): null

2018-07-10 21:01:44 - [TEST_STEP][PASSED] - Statement - If (storelabel.contains(storeValue)): null

2018-07-10 21:01:44 - [TEST_STEP][PASSED] - Statement - storelabel = storesLabel.get(i).getText().trim(): null

2018-07-10 21:01:44 - [TEST_STEP][PASSED] - Statement - println(storelabel): null

2018-07-10 21:01:44 - [TEST_STEP][PASSED] - Statement - If (storelabel.contains(storeValue)): null

2018-07-10 21:01:44 - [TEST_STEP][PASSED] - Statement - storelabel = storesLabel.get(i).getText().trim(): null

2018-07-10 21:01:44 - [TEST_STEP][PASSED] - Statement - println(storelabel): null

2018-07-10 21:01:44 - [TEST_STEP][PASSED] - Statement - If (storelabel.contains(storeValue)): null

2018-07-10 21:01:44 - [TEST_STEP][PASSED] - Statement - storelabel = storesLabel.get(i).getText().trim(): null

2018-07-10 21:01:44 - [TEST_STEP][PASSED] - Statement - println(storelabel): null

2018-07-10 21:01:44 - [TEST_STEP][PASSED] - Statement - If (storelabel.contains(storeValue)): null

2018-07-10 21:01:44 - [TEST_STEP][PASSED] - delay: Delayed 10 second(s)

2018-07-10 21:01:54 - [MESSAGE][PASSED] - Delayed 10 second(s)

2018-07-10 21:01:54 - [TEST_STEP][PASSED] - uiaction.CommonUIActions.click: uiaction.CommonUIActions.click is PASSED

2018-07-10 21:01:54 - [MESSAGE][PASSED] - uiaction.CommonUIActions.click is PASSED

2018-07-10 21:01:54 - [TEST_STEP][PASSED] - uiaction.CommonUIActions.click: uiaction.CommonUIActions.click is PASSED

2018-07-10 21:01:54 - [MESSAGE][PASSED] - uiaction.CommonUIActions.click is PASSED

2018-07-10 21:01:54 - [TEST_STEP][PASSED] - delay: Delayed 10 second(s)

2018-07-10 21:02:04 - [MESSAGE][PASSED] - Delayed 10 second(s)

2018-07-10 21:02:04 - [TEST_STEP][PASSED] - uiaction.CommonUIActions.click: uiaction.CommonUIActions.click is PASSED

2018-07-10 21:02:05 - [MESSAGE][PASSED] - uiaction.CommonUIActions.click is PASSED

2018-07-10 21:02:05 - [TEST_STEP][PASSED] - delay: Delayed 10 second(s)

2018-07-10 21:02:15 - [MESSAGE][PASSED] - Delayed 10 second(s)

2018-07-10 21:02:15 - [TEST_STEP][PASSED] - Statement - driver.findElement(org.openqa.selenium.By.xpath("//li/span/span/div/span[text()='" + grpName + "']/../../../../span[1]")).click(): null

2018-07-10 21:02:15 - [TEST_STEP][PASSED] - Statement - Catch (Exception e): null

2018-07-10 21:02:15 - [TEST_STEP][PASSED] - Statement - e.printStackTrace(): null

2018-07-10 21:02:15 - [TEST_STEP][PASSED] - Statement - println("Exception of element not found"): null

2018-07-10 21:02:15 - [TEST_STEP][PASSED] - Statement - If (TCflag): null

2018-07-10 21:02:15 - [TEST_STEP][PASSED] - Statement - assert TCflag == true: null

2018-07-10 21:02:15 - [TEST_STEP][PASSED] - Start listener action : sampleAfterTestCase: Browser is closed

2018-07-10 21:02:15 - [TEST_STEP][PASSED] - Statement - println(testCaseContext.getTestCaseId()): null

2018-07-10 21:02:15 - [TEST_STEP][PASSED] - Statement - println(testCaseContext.getTestCaseStatus()): null

2018-07-10 21:02:15 - [TEST_STEP][PASSED] - closeBrowser: Browser is closed

2018-07-10 21:02:15 - [MESSAGE][PASSED] - Browser is closed]]></system-out>
         <system-err><![CDATA[2018-07-10 20:59:38 - [TEST_CASE][FAILED] - Test Cases/GoalStatisticsTC/HME-Goal Statistics Report-06: Test Cases/GoalStatisticsTC/HME-Goal Statistics Report-06 FAILED because (of) org.codehaus.groovy.runtime.powerassert.PowerAssertionError: assert TCflag==true
       |     |
       false false]]></system-err>
      </testcase>
      <testcase name="Test Cases/GoalStatisticsTC/HME-Goal Statistics Report-07" classname="Test Cases/GoalStatisticsTC/HME-Goal Statistics Report-07" status="FAILED">
         <failure type="FAILED" message="org.codehaus.groovy.runtime.powerassert.PowerAssertionError: assert TCflag==true
       |     |
       false false"/>
         <system-out><![CDATA[2018-07-10 21:02:15 - [TEST_CASE][FAILED] - Test Cases/GoalStatisticsTC/HME-Goal Statistics Report-07: Test Cases/GoalStatisticsTC/HME-Goal Statistics Report-07 FAILED because (of) org.codehaus.groovy.runtime.powerassert.PowerAssertionError: assert TCflag==true
       |     |
       false false

2018-07-10 21:02:15 - [TEST_STEP][PASSED] - Start listener action : sampleBeforeTestCase: uiaction.CommonUIActions.deleteAllCookies is PASSED

2018-07-10 21:02:15 - [TEST_STEP][PASSED] - openBrowser: Browser is opened with url: ''

2018-07-10 21:02:18 - [MESSAGE][PASSED] - Browser is opened with url: ''

2018-07-10 21:02:18 - [TEST_STEP][PASSED] - maximizeWindow: Current window maximized

2018-07-10 21:02:19 - [MESSAGE][PASSED] - Current window maximized

2018-07-10 21:02:19 - [TEST_STEP][PASSED] - uiaction.CommonUIActions.deleteAllCookies: uiaction.CommonUIActions.deleteAllCookies is PASSED

2018-07-10 21:02:19 - [MESSAGE][PASSED] - Delete all cookies successfully

2018-07-10 21:02:19 - [MESSAGE][PASSED] - uiaction.CommonUIActions.deleteAllCookies is PASSED

2018-07-10 21:02:19 - [TEST_STEP][PASSED] - Statement - TCflag = true: null

2018-07-10 21:02:19 - [TEST_STEP][PASSED] - Statement - Try: null

2018-07-10 21:02:19 - [TEST_STEP][PASSED] - navigateToUrl: Navigate to 'https://engdev.hmedtcloud.com/?pg=Login' successfully

2018-07-10 21:02:28 - [MESSAGE][PASSED] - Navigate to 'https://engdev.hmedtcloud.com/?pg=Login' successfully

2018-07-10 21:02:28 - [TEST_STEP][PASSED] - projectSpecific.Reusability.login: projectSpecific.Reusability.login is PASSED

2018-07-10 21:02:28 - [MESSAGE][PASSED] - projectSpecific.Reusability.getTestData is PASSED

2018-07-10 21:02:28 - [MESSAGE][PASSED] - projectSpecific.Reusability.getTestData is PASSED

2018-07-10 21:02:28 - [MESSAGE][PASSED] - Text 'selvendrank@nousinfo.com' is set on object 'Object Repository/LoginPage/Username'

2018-07-10 21:02:28 - [MESSAGE][PASSED] - Text 'Nous;123' is set on object 'Object Repository/LoginPage/Password'

2018-07-10 21:02:41 - [MESSAGE][PASSED] - Object: 'Object Repository/LoginPage/Login' is clicked on

2018-07-10 21:02:41 - [MESSAGE][PASSED] - projectSpecific.Reusability.login is PASSED

2018-07-10 21:02:41 - [TEST_STEP][PASSED] - delay: Delayed 10 second(s)

2018-07-10 21:02:51 - [MESSAGE][PASSED] - Delayed 10 second(s)

2018-07-10 21:02:51 - [TEST_STEP][PASSED] - Statement - driver = com.kms.katalon.core.webui.driver.DriverFactory.getWebDriver(): null

2018-07-10 21:02:51 - [TEST_STEP][PASSED] - uiaction.CommonUIActions.click: uiaction.CommonUIActions.click is PASSED

2018-07-10 21:03:03 - [MESSAGE][PASSED] - uiaction.CommonUIActions.click is PASSED

2018-07-10 21:03:03 - [TEST_STEP][PASSED] - Statement - driver.findElement(org.openqa.selenium.By.xpath("(//div[@class='ctable']/table//tr/td[3][contains(text(),'vijay2')]/../td//span)[1]")).click(): null

2018-07-10 21:03:05 - [TEST_STEP][PASSED] - uiaction.CommonUIActions.click: uiaction.CommonUIActions.click is PASSED

2018-07-10 21:03:05 - [MESSAGE][PASSED] - uiaction.CommonUIActions.click is PASSED

2018-07-10 21:03:05 - [TEST_STEP][PASSED] - uiaction.CommonUIActions.click: uiaction.CommonUIActions.click is PASSED

2018-07-10 21:03:10 - [MESSAGE][PASSED] - uiaction.CommonUIActions.click is PASSED

2018-07-10 21:03:10 - [TEST_STEP][PASSED] - Statement - storenumber = CustomKeywords.uiaction.CommonUIActions.getText(com.kms.katalon.core.testobject.ObjectRepository.findTestObject(StorePage/storeID)): uiaction.CommonUIActions.getText is PASSED

2018-07-10 21:03:10 - [MESSAGE][PASSED] - uiaction.CommonUIActions.getText is PASSED

2018-07-10 21:03:10 - [TEST_STEP][PASSED] - Statement - storeValue = storenumber.trim(): null

2018-07-10 21:03:10 - [TEST_STEP][PASSED] - Statement - out.println(" the store number is--" + storeValue): null

2018-07-10 21:03:10 - [TEST_STEP][PASSED] - delay: Delayed 5 second(s)

2018-07-10 21:03:15 - [MESSAGE][PASSED] - Delayed 5 second(s)

2018-07-10 21:03:15 - [TEST_STEP][PASSED] - Statement - out.println(" the store number is--" + storenumber.trim()): null

2018-07-10 21:03:15 - [TEST_STEP][PASSED] - delay: Delayed 10 second(s)

2018-07-10 21:03:25 - [MESSAGE][PASSED] - Delayed 10 second(s)

2018-07-10 21:03:25 - [TEST_STEP][PASSED] - uiaction.CommonUIActions.click: uiaction.CommonUIActions.click is PASSED

2018-07-10 21:03:29 - [MESSAGE][PASSED] - uiaction.CommonUIActions.click is PASSED

2018-07-10 21:03:29 - [TEST_STEP][PASSED] - verifyElementPresent: Object 'Object Repository/SummarizedReportPage/SummaryReportheader' is present

2018-07-10 21:03:29 - [MESSAGE][PASSED] - Object 'Object Repository/SummarizedReportPage/SummaryReportheader' is present

2018-07-10 21:03:29 - [TEST_STEP][PASSED] - Statement - println("Summary Reports screen will be displayed"): null

2018-07-10 21:03:29 - [TEST_STEP][PASSED] - delay: Delayed 10 second(s)

2018-07-10 21:03:39 - [MESSAGE][PASSED] - Delayed 10 second(s)

2018-07-10 21:03:39 - [TEST_STEP][PASSED] - uiaction.CommonUIActions.click: uiaction.CommonUIActions.click is PASSED

2018-07-10 21:03:41 - [MESSAGE][PASSED] - uiaction.CommonUIActions.click is PASSED

2018-07-10 21:03:41 - [TEST_STEP][PASSED] - delay: Delayed 5 second(s)

2018-07-10 21:03:46 - [MESSAGE][PASSED] - Delayed 5 second(s)

2018-07-10 21:03:46 - [TEST_STEP][PASSED] - uiaction.CommonUIActions.click: uiaction.CommonUIActions.click is PASSED

2018-07-10 21:03:58 - [MESSAGE][PASSED] - uiaction.CommonUIActions.click is PASSED

2018-07-10 21:03:58 - [TEST_STEP][PASSED] - delay: Delayed 5 second(s)

2018-07-10 21:04:03 - [MESSAGE][PASSED] - Delayed 5 second(s)

2018-07-10 21:04:03 - [TEST_STEP][PASSED] - uiaction.CommonUIActions.click: uiaction.CommonUIActions.click is PASSED

2018-07-10 21:04:05 - [MESSAGE][PASSED] - uiaction.CommonUIActions.click is PASSED

2018-07-10 21:04:05 - [TEST_STEP][PASSED] - delay: Delayed 5 second(s)

2018-07-10 21:04:10 - [MESSAGE][PASSED] - Delayed 5 second(s)

2018-07-10 21:04:10 - [TEST_STEP][PASSED] - uiaction.CommonUIActions.click: uiaction.CommonUIActions.click is PASSED

2018-07-10 21:04:10 - [MESSAGE][PASSED] - uiaction.CommonUIActions.click is PASSED

2018-07-10 21:04:10 - [TEST_STEP][PASSED] - uiaction.CommonUIActions.enter: uiaction.CommonUIActions.enter is PASSED

2018-07-10 21:04:10 - [MESSAGE][PASSED] - projectSpecific.Reusability.getTestData is PASSED

2018-07-10 21:04:10 - [MESSAGE][PASSED] - uiaction.CommonUIActions.enter is PASSED

2018-07-10 21:04:10 - [TEST_STEP][PASSED] - uiaction.CommonUIActions.enter: uiaction.CommonUIActions.enter is PASSED

2018-07-10 21:04:10 - [MESSAGE][PASSED] - projectSpecific.Reusability.getTestData is PASSED

2018-07-10 21:04:10 - [MESSAGE][PASSED] - uiaction.CommonUIActions.enter is PASSED

2018-07-10 21:04:10 - [TEST_STEP][PASSED] - Statement - groupmain = CustomKeywords.projectSpecific.Reusability.getTestData("ReportingGroupManagementPage", "Summarygrp"): projectSpecific.Reusability.getTestData is PASSED

2018-07-10 21:04:10 - [MESSAGE][PASSED] - projectSpecific.Reusability.getTestData is PASSED

2018-07-10 21:04:10 - [TEST_STEP][PASSED] - delay: Delayed 10 second(s)

2018-07-10 21:04:20 - [MESSAGE][PASSED] - Delayed 10 second(s)

2018-07-10 21:04:20 - [TEST_STEP][PASSED] - Statement - grouplist = driver.findElements(org.openqa.selenium.By.xpath("//ul[@class='unlinked-grouplist']/li")): null

2018-07-10 21:04:20 - [TEST_STEP][PASSED] - delay: Delayed 10 second(s)

2018-07-10 21:04:30 - [MESSAGE][PASSED] - Delayed 10 second(s)

2018-07-10 21:04:30 - [TEST_STEP][PASSED] - Statement - For ([i = 0, i < grouplist.size(), (i++)]): null

2018-07-10 21:04:30 - [TEST_STEP][PASSED] - Statement - println(grouplist.get(i).getText()): null

2018-07-10 21:04:30 - [TEST_STEP][PASSED] - Statement - If (grouplist.get(i).getText().contains(storenumber.trim())): null

2018-07-10 21:04:30 - [TEST_STEP][PASSED] - Statement - println(grouplist.get(i).getText()): null

2018-07-10 21:04:30 - [TEST_STEP][PASSED] - Statement - If (grouplist.get(i).getText().contains(storenumber.trim())): null

2018-07-10 21:04:30 - [TEST_STEP][PASSED] - Statement - println(grouplist.get(i).getText()): null

2018-07-10 21:04:30 - [TEST_STEP][PASSED] - Statement - If (grouplist.get(i).getText().contains(storenumber.trim())): null

2018-07-10 21:04:30 - [TEST_STEP][PASSED] - Statement - println(grouplist.get(i).getText()): null

2018-07-10 21:04:30 - [TEST_STEP][PASSED] - Statement - If (grouplist.get(i).getText().contains(storenumber.trim())): null

2018-07-10 21:04:30 - [TEST_STEP][PASSED] - Statement - println(grouplist.get(i).getText()): null

2018-07-10 21:04:30 - [TEST_STEP][PASSED] - Statement - If (grouplist.get(i).getText().contains(storenumber.trim())): null

2018-07-10 21:04:30 - [TEST_STEP][PASSED] - Statement - println(grouplist.get(i).getText()): null

2018-07-10 21:04:30 - [TEST_STEP][PASSED] - Statement - If (grouplist.get(i).getText().contains(storenumber.trim())): null

2018-07-10 21:04:30 - [TEST_STEP][PASSED] - Statement - println(grouplist.get(i).getText()): null

2018-07-10 21:04:30 - [TEST_STEP][PASSED] - Statement - If (grouplist.get(i).getText().contains(storenumber.trim())): null

2018-07-10 21:04:31 - [TEST_STEP][PASSED] - Statement - println(grouplist.get(i).getText()): null

2018-07-10 21:04:31 - [TEST_STEP][PASSED] - Statement - If (grouplist.get(i).getText().contains(storenumber.trim())): null

2018-07-10 21:04:31 - [TEST_STEP][PASSED] - delay: Delayed 10 second(s)

2018-07-10 21:04:41 - [MESSAGE][PASSED] - Delayed 10 second(s)

2018-07-10 21:04:41 - [TEST_STEP][PASSED] - uiaction.CommonUIActions.click: uiaction.CommonUIActions.click is PASSED

2018-07-10 21:04:41 - [MESSAGE][PASSED] - uiaction.CommonUIActions.click is PASSED

2018-07-10 21:04:41 - [TEST_STEP][PASSED] - uiaction.CommonUIActions.click: uiaction.CommonUIActions.click is PASSED

2018-07-10 21:04:41 - [MESSAGE][PASSED] - uiaction.CommonUIActions.click is PASSED

2018-07-10 21:04:41 - [TEST_STEP][PASSED] - delay: Delayed 10 second(s)

2018-07-10 21:04:51 - [MESSAGE][PASSED] - Delayed 10 second(s)

2018-07-10 21:04:51 - [TEST_STEP][PASSED] - uiaction.CommonUIActions.click: uiaction.CommonUIActions.click is PASSED

2018-07-10 21:04:51 - [MESSAGE][PASSED] - uiaction.CommonUIActions.click is PASSED

2018-07-10 21:04:51 - [TEST_STEP][PASSED] - delay: Delayed 10 second(s)

2018-07-10 21:05:01 - [MESSAGE][PASSED] - Delayed 10 second(s)

2018-07-10 21:05:01 - [TEST_STEP][PASSED] - Statement - driver.findElement(org.openqa.selenium.By.xpath("//span[contains(text(),'" + groupmain + "')]/../../../../span[1]")).click(): null

2018-07-10 21:05:01 - [TEST_STEP][PASSED] - Statement - Catch (Exception e): null

2018-07-10 21:05:01 - [TEST_STEP][PASSED] - Statement - e.printStackTrace(): null

2018-07-10 21:05:01 - [TEST_STEP][PASSED] - Statement - println("Exception of element not found"): null

2018-07-10 21:05:01 - [TEST_STEP][PASSED] - Statement - If (TCflag): null

2018-07-10 21:05:01 - [TEST_STEP][PASSED] - Statement - assert TCflag == true: null

2018-07-10 21:05:01 - [TEST_STEP][PASSED] - Start listener action : sampleAfterTestCase: Browser is closed

2018-07-10 21:05:01 - [TEST_STEP][PASSED] - Statement - println(testCaseContext.getTestCaseId()): null

2018-07-10 21:05:01 - [TEST_STEP][PASSED] - Statement - println(testCaseContext.getTestCaseStatus()): null

2018-07-10 21:05:01 - [TEST_STEP][PASSED] - closeBrowser: Browser is closed

2018-07-10 21:05:02 - [MESSAGE][PASSED] - Browser is closed]]></system-out>
         <system-err><![CDATA[2018-07-10 21:02:15 - [TEST_CASE][FAILED] - Test Cases/GoalStatisticsTC/HME-Goal Statistics Report-07: Test Cases/GoalStatisticsTC/HME-Goal Statistics Report-07 FAILED because (of) org.codehaus.groovy.runtime.powerassert.PowerAssertionError: assert TCflag==true
       |     |
       false false]]></system-err>
      </testcase>
      <testcase name="Test Cases/GoalStatisticsTC/HME-Goal Statistics Report-08" classname="Test Cases/GoalStatisticsTC/HME-Goal Statistics Report-08" status="FAILED">
         <failure type="FAILED" message="org.codehaus.groovy.runtime.powerassert.PowerAssertionError: assert TCflag==true
       |     |
       false false"/>
         <system-out><![CDATA[2018-07-10 21:05:02 - [TEST_CASE][FAILED] - Test Cases/GoalStatisticsTC/HME-Goal Statistics Report-08: Test Cases/GoalStatisticsTC/HME-Goal Statistics Report-08 FAILED because (of) org.codehaus.groovy.runtime.powerassert.PowerAssertionError: assert TCflag==true
       |     |
       false false

2018-07-10 21:05:02 - [TEST_STEP][PASSED] - Start listener action : sampleBeforeTestCase: uiaction.CommonUIActions.deleteAllCookies is PASSED

2018-07-10 21:05:02 - [TEST_STEP][PASSED] - openBrowser: Browser is opened with url: ''

2018-07-10 21:05:04 - [MESSAGE][PASSED] - Browser is opened with url: ''

2018-07-10 21:05:04 - [TEST_STEP][PASSED] - maximizeWindow: Current window maximized

2018-07-10 21:05:05 - [MESSAGE][PASSED] - Current window maximized

2018-07-10 21:05:05 - [TEST_STEP][PASSED] - uiaction.CommonUIActions.deleteAllCookies: uiaction.CommonUIActions.deleteAllCookies is PASSED

2018-07-10 21:05:05 - [MESSAGE][PASSED] - Delete all cookies successfully

2018-07-10 21:05:05 - [MESSAGE][PASSED] - uiaction.CommonUIActions.deleteAllCookies is PASSED

2018-07-10 21:05:06 - [TEST_STEP][PASSED] - Statement - TCflag = true: null

2018-07-10 21:05:06 - [TEST_STEP][PASSED] - Statement - Try: null

2018-07-10 21:05:06 - [TEST_STEP][PASSED] - navigateToUrl: Navigate to 'https://engdev.hmedtcloud.com/?pg=Login' successfully

2018-07-10 21:05:14 - [MESSAGE][PASSED] - Navigate to 'https://engdev.hmedtcloud.com/?pg=Login' successfully

2018-07-10 21:05:14 - [TEST_STEP][PASSED] - projectSpecific.Reusability.login: projectSpecific.Reusability.login is PASSED

2018-07-10 21:05:14 - [MESSAGE][PASSED] - projectSpecific.Reusability.getTestData is PASSED

2018-07-10 21:05:14 - [MESSAGE][PASSED] - projectSpecific.Reusability.getTestData is PASSED

2018-07-10 21:05:14 - [MESSAGE][PASSED] - Text 'selvendrank@nousinfo.com' is set on object 'Object Repository/LoginPage/Username'

2018-07-10 21:05:14 - [MESSAGE][PASSED] - Text 'Nous;123' is set on object 'Object Repository/LoginPage/Password'

2018-07-10 21:05:27 - [MESSAGE][PASSED] - Object: 'Object Repository/LoginPage/Login' is clicked on

2018-07-10 21:05:27 - [MESSAGE][PASSED] - projectSpecific.Reusability.login is PASSED

2018-07-10 21:05:27 - [TEST_STEP][PASSED] - delay: Delayed 10 second(s)

2018-07-10 21:05:37 - [MESSAGE][PASSED] - Delayed 10 second(s)

2018-07-10 21:05:37 - [TEST_STEP][PASSED] - Statement - driver = com.kms.katalon.core.webui.driver.DriverFactory.getWebDriver(): null

2018-07-10 21:05:37 - [TEST_STEP][PASSED] - uiaction.CommonUIActions.click: uiaction.CommonUIActions.click is PASSED

2018-07-10 21:05:49 - [MESSAGE][PASSED] - uiaction.CommonUIActions.click is PASSED

2018-07-10 21:05:49 - [TEST_STEP][PASSED] - Statement - driver.findElement(org.openqa.selenium.By.xpath("(//div[@class='ctable']/table//tr/td[3][contains(text(),'vijay2')]/../td//span)[1]")).click(): null

2018-07-10 21:05:51 - [TEST_STEP][PASSED] - uiaction.CommonUIActions.click: uiaction.CommonUIActions.click is PASSED

2018-07-10 21:05:51 - [MESSAGE][PASSED] - uiaction.CommonUIActions.click is PASSED

2018-07-10 21:05:51 - [TEST_STEP][PASSED] - uiaction.CommonUIActions.click: uiaction.CommonUIActions.click is PASSED

2018-07-10 21:05:56 - [MESSAGE][PASSED] - uiaction.CommonUIActions.click is PASSED

2018-07-10 21:05:56 - [TEST_STEP][PASSED] - Statement - storenumber = CustomKeywords.uiaction.CommonUIActions.getText(com.kms.katalon.core.testobject.ObjectRepository.findTestObject(StorePage/storeID)): uiaction.CommonUIActions.getText is PASSED

2018-07-10 21:05:56 - [MESSAGE][PASSED] - uiaction.CommonUIActions.getText is PASSED

2018-07-10 21:05:56 - [TEST_STEP][PASSED] - Statement - storeValue = storenumber.trim(): null

2018-07-10 21:05:56 - [TEST_STEP][PASSED] - Statement - out.println(" the store number is--" + storeValue): null

2018-07-10 21:05:56 - [TEST_STEP][PASSED] - delay: Delayed 5 second(s)

2018-07-10 21:06:01 - [MESSAGE][PASSED] - Delayed 5 second(s)

2018-07-10 21:06:01 - [TEST_STEP][PASSED] - Statement - out.println(" the store number is--" + storenumber.trim()): null

2018-07-10 21:06:01 - [TEST_STEP][PASSED] - delay: Delayed 10 second(s)

2018-07-10 21:06:11 - [MESSAGE][PASSED] - Delayed 10 second(s)

2018-07-10 21:06:11 - [TEST_STEP][PASSED] - uiaction.CommonUIActions.click: uiaction.CommonUIActions.click is PASSED

2018-07-10 21:06:15 - [MESSAGE][PASSED] - uiaction.CommonUIActions.click is PASSED

2018-07-10 21:06:15 - [TEST_STEP][PASSED] - verifyElementPresent: Object 'Object Repository/SummarizedReportPage/SummaryReportheader' is present

2018-07-10 21:06:15 - [MESSAGE][PASSED] - Object 'Object Repository/SummarizedReportPage/SummaryReportheader' is present

2018-07-10 21:06:15 - [TEST_STEP][PASSED] - Statement - println("Summary Reports screen will be displayed"): null

2018-07-10 21:06:15 - [TEST_STEP][PASSED] - uiaction.CommonUIActions.click: uiaction.CommonUIActions.click is PASSED

2018-07-10 21:06:17 - [MESSAGE][PASSED] - uiaction.CommonUIActions.click is PASSED

2018-07-10 21:06:17 - [TEST_STEP][PASSED] - uiaction.CommonUIActions.click: uiaction.CommonUIActions.click is PASSED

2018-07-10 21:06:29 - [MESSAGE][PASSED] - uiaction.CommonUIActions.click is PASSED

2018-07-10 21:06:29 - [TEST_STEP][PASSED] - uiaction.CommonUIActions.click: uiaction.CommonUIActions.click is PASSED

2018-07-10 21:06:30 - [MESSAGE][PASSED] - uiaction.CommonUIActions.click is PASSED

2018-07-10 21:06:30 - [TEST_STEP][PASSED] - uiaction.CommonUIActions.click: uiaction.CommonUIActions.click is PASSED

2018-07-10 21:06:30 - [MESSAGE][PASSED] - uiaction.CommonUIActions.click is PASSED

2018-07-10 21:06:30 - [TEST_STEP][PASSED] - uiaction.CommonUIActions.enter: uiaction.CommonUIActions.enter is PASSED

2018-07-10 21:06:30 - [MESSAGE][PASSED] - projectSpecific.Reusability.getTestData is PASSED

2018-07-10 21:06:30 - [MESSAGE][PASSED] - uiaction.CommonUIActions.enter is PASSED

2018-07-10 21:06:30 - [TEST_STEP][PASSED] - uiaction.CommonUIActions.enter: uiaction.CommonUIActions.enter is PASSED

2018-07-10 21:06:30 - [MESSAGE][PASSED] - projectSpecific.Reusability.getTestData is PASSED

2018-07-10 21:06:31 - [MESSAGE][PASSED] - uiaction.CommonUIActions.enter is PASSED

2018-07-10 21:06:31 - [TEST_STEP][PASSED] - Statement - groupmain = CustomKeywords.projectSpecific.Reusability.getTestData("ReportingGroupManagementPage", "Summarygrp"): projectSpecific.Reusability.getTestData is PASSED

2018-07-10 21:06:31 - [MESSAGE][PASSED] - projectSpecific.Reusability.getTestData is PASSED

2018-07-10 21:06:31 - [TEST_STEP][PASSED] - delay: Delayed 10 second(s)

2018-07-10 21:06:41 - [MESSAGE][PASSED] - Delayed 10 second(s)

2018-07-10 21:06:41 - [TEST_STEP][PASSED] - Statement - grouplist = driver.findElements(org.openqa.selenium.By.xpath("//ul[@class='unlinked-grouplist']/li")): null

2018-07-10 21:06:41 - [TEST_STEP][PASSED] - delay: Delayed 10 second(s)

2018-07-10 21:06:51 - [MESSAGE][PASSED] - Delayed 10 second(s)

2018-07-10 21:06:51 - [TEST_STEP][PASSED] - Statement - For ([i = 0, i < grouplist.size(), (i++)]): null

2018-07-10 21:06:51 - [TEST_STEP][PASSED] - Statement - If (grouplist.get(i).getText().contains(storeValue.trim())): null

2018-07-10 21:06:51 - [TEST_STEP][PASSED] - Statement - If (grouplist.get(i).getText().contains(storeValue.trim())): null

2018-07-10 21:06:51 - [TEST_STEP][PASSED] - Statement - If (grouplist.get(i).getText().contains(storeValue.trim())): null

2018-07-10 21:06:51 - [TEST_STEP][PASSED] - Statement - If (grouplist.get(i).getText().contains(storeValue.trim())): null

2018-07-10 21:06:51 - [TEST_STEP][PASSED] - Statement - If (grouplist.get(i).getText().contains(storeValue.trim())): null

2018-07-10 21:06:51 - [TEST_STEP][PASSED] - Statement - If (grouplist.get(i).getText().contains(storeValue.trim())): null

2018-07-10 21:06:51 - [TEST_STEP][PASSED] - Statement - If (grouplist.get(i).getText().contains(storeValue.trim())): null

2018-07-10 21:06:51 - [TEST_STEP][PASSED] - Statement - If (grouplist.get(i).getText().contains(storeValue.trim())): null

2018-07-10 21:06:51 - [TEST_STEP][PASSED] - delay: Delayed 10 second(s)

2018-07-10 21:07:01 - [MESSAGE][PASSED] - Delayed 10 second(s)

2018-07-10 21:07:01 - [TEST_STEP][PASSED] - uiaction.CommonUIActions.click: uiaction.CommonUIActions.click is PASSED

2018-07-10 21:07:01 - [MESSAGE][PASSED] - uiaction.CommonUIActions.click is PASSED

2018-07-10 21:07:01 - [TEST_STEP][PASSED] - uiaction.CommonUIActions.click: uiaction.CommonUIActions.click is PASSED

2018-07-10 21:07:01 - [MESSAGE][PASSED] - uiaction.CommonUIActions.click is PASSED

2018-07-10 21:07:01 - [TEST_STEP][PASSED] - delay: Delayed 10 second(s)

2018-07-10 21:07:11 - [MESSAGE][PASSED] - Delayed 10 second(s)

2018-07-10 21:07:11 - [TEST_STEP][PASSED] - uiaction.CommonUIActions.click: uiaction.CommonUIActions.click is PASSED

2018-07-10 21:07:11 - [MESSAGE][PASSED] - uiaction.CommonUIActions.click is PASSED

2018-07-10 21:07:11 - [TEST_STEP][PASSED] - delay: Delayed 10 second(s)

2018-07-10 21:07:21 - [MESSAGE][PASSED] - Delayed 10 second(s)

2018-07-10 21:07:21 - [TEST_STEP][PASSED] - Statement - driver.findElement(org.openqa.selenium.By.xpath("//span[contains(text(),'" + groupmain + "')]/../../../../span[1]")).click(): null

2018-07-10 21:07:21 - [TEST_STEP][PASSED] - Statement - Catch (Exception e): null

2018-07-10 21:07:21 - [TEST_STEP][PASSED] - Statement - e.printStackTrace(): null

2018-07-10 21:07:21 - [TEST_STEP][PASSED] - Statement - println("Exception of element not found"): null

2018-07-10 21:07:21 - [TEST_STEP][PASSED] - Statement - If (TCflag): null

2018-07-10 21:07:21 - [TEST_STEP][PASSED] - Statement - assert TCflag == true: null

2018-07-10 21:07:21 - [TEST_STEP][PASSED] - Start listener action : sampleAfterTestCase: Browser is closed

2018-07-10 21:07:21 - [TEST_STEP][PASSED] - Statement - println(testCaseContext.getTestCaseId()): null

2018-07-10 21:07:21 - [TEST_STEP][PASSED] - Statement - println(testCaseContext.getTestCaseStatus()): null

2018-07-10 21:07:21 - [TEST_STEP][PASSED] - closeBrowser: Browser is closed

2018-07-10 21:07:22 - [MESSAGE][PASSED] - Browser is closed]]></system-out>
         <system-err><![CDATA[2018-07-10 21:05:02 - [TEST_CASE][FAILED] - Test Cases/GoalStatisticsTC/HME-Goal Statistics Report-08: Test Cases/GoalStatisticsTC/HME-Goal Statistics Report-08 FAILED because (of) org.codehaus.groovy.runtime.powerassert.PowerAssertionError: assert TCflag==true
       |     |
       false false]]></system-err>
      </testcase>
      <testcase name="Test Cases/GoalStatisticsTC/HME-Goal Statistics Report-09" classname="Test Cases/GoalStatisticsTC/HME-Goal Statistics Report-09" status="FAILED">
         <failure type="FAILED" message="org.codehaus.groovy.runtime.powerassert.PowerAssertionError: assert TCflag==true
       |     |
       false false"/>
         <system-out><![CDATA[2018-07-10 21:07:22 - [TEST_CASE][FAILED] - Test Cases/GoalStatisticsTC/HME-Goal Statistics Report-09: Test Cases/GoalStatisticsTC/HME-Goal Statistics Report-09 FAILED because (of) org.codehaus.groovy.runtime.powerassert.PowerAssertionError: assert TCflag==true
       |     |
       false false

2018-07-10 21:07:22 - [TEST_STEP][PASSED] - Start listener action : sampleBeforeTestCase: uiaction.CommonUIActions.deleteAllCookies is PASSED

2018-07-10 21:07:22 - [TEST_STEP][PASSED] - openBrowser: Browser is opened with url: ''

2018-07-10 21:07:24 - [MESSAGE][PASSED] - Browser is opened with url: ''

2018-07-10 21:07:24 - [TEST_STEP][PASSED] - maximizeWindow: Current window maximized

2018-07-10 21:07:25 - [MESSAGE][PASSED] - Current window maximized

2018-07-10 21:07:25 - [TEST_STEP][PASSED] - uiaction.CommonUIActions.deleteAllCookies: uiaction.CommonUIActions.deleteAllCookies is PASSED

2018-07-10 21:07:25 - [MESSAGE][PASSED] - Delete all cookies successfully

2018-07-10 21:07:25 - [MESSAGE][PASSED] - uiaction.CommonUIActions.deleteAllCookies is PASSED

2018-07-10 21:07:25 - [TEST_STEP][PASSED] - Statement - TCflag = true: null

2018-07-10 21:07:25 - [TEST_STEP][PASSED] - Statement - Try: null

2018-07-10 21:07:25 - [TEST_STEP][PASSED] - navigateToUrl: Navigate to 'https://engdev.hmedtcloud.com/?pg=Login' successfully

2018-07-10 21:07:34 - [MESSAGE][PASSED] - Navigate to 'https://engdev.hmedtcloud.com/?pg=Login' successfully

2018-07-10 21:07:34 - [TEST_STEP][PASSED] - projectSpecific.Reusability.login: projectSpecific.Reusability.login is PASSED

2018-07-10 21:07:34 - [MESSAGE][PASSED] - projectSpecific.Reusability.getTestData is PASSED

2018-07-10 21:07:34 - [MESSAGE][PASSED] - projectSpecific.Reusability.getTestData is PASSED

2018-07-10 21:07:34 - [MESSAGE][PASSED] - Text 'selvendrank@nousinfo.com' is set on object 'Object Repository/LoginPage/Username'

2018-07-10 21:07:34 - [MESSAGE][PASSED] - Text 'Nous;123' is set on object 'Object Repository/LoginPage/Password'

2018-07-10 21:07:47 - [MESSAGE][PASSED] - Object: 'Object Repository/LoginPage/Login' is clicked on

2018-07-10 21:07:47 - [MESSAGE][PASSED] - projectSpecific.Reusability.login is PASSED

2018-07-10 21:07:47 - [TEST_STEP][PASSED] - delay: Delayed 10 second(s)

2018-07-10 21:07:57 - [MESSAGE][PASSED] - Delayed 10 second(s)

2018-07-10 21:07:57 - [TEST_STEP][PASSED] - uiaction.CommonUIActions.click: uiaction.CommonUIActions.click is PASSED

2018-07-10 21:08:09 - [MESSAGE][PASSED] - uiaction.CommonUIActions.click is PASSED

2018-07-10 21:08:09 - [TEST_STEP][PASSED] - delay: Delayed 10 second(s)

2018-07-10 21:08:19 - [MESSAGE][PASSED] - Delayed 10 second(s)

2018-07-10 21:08:19 - [TEST_STEP][PASSED] - Statement - driver = com.kms.katalon.core.webui.driver.DriverFactory.getWebDriver(): null

2018-07-10 21:08:19 - [TEST_STEP][PASSED] - Statement - driver.findElement(org.openqa.selenium.By.xpath("(//div[@class='ctable']/table//tr/td[3][contains(text(),'vijay2')]/../td//span)[1]")).click(): null

2018-07-10 21:08:21 - [TEST_STEP][PASSED] - uiaction.CommonUIActions.click: uiaction.CommonUIActions.click is PASSED

2018-07-10 21:08:21 - [MESSAGE][PASSED] - uiaction.CommonUIActions.click is PASSED

2018-07-10 21:08:21 - [TEST_STEP][PASSED] - uiaction.CommonUIActions.click: uiaction.CommonUIActions.click is PASSED

2018-07-10 21:08:27 - [MESSAGE][PASSED] - uiaction.CommonUIActions.click is PASSED

2018-07-10 21:08:27 - [TEST_STEP][PASSED] - Statement - storenumber = CustomKeywords.uiaction.CommonUIActions.getText(com.kms.katalon.core.testobject.ObjectRepository.findTestObject(StorePage/storeID)): uiaction.CommonUIActions.getText is PASSED

2018-07-10 21:08:27 - [MESSAGE][PASSED] - uiaction.CommonUIActions.getText is PASSED

2018-07-10 21:08:27 - [TEST_STEP][PASSED] - Statement - storeValue = storenumber.trim(): null

2018-07-10 21:08:27 - [TEST_STEP][PASSED] - Statement - out.println(" the store number is--" + storeValue): null

2018-07-10 21:08:27 - [TEST_STEP][PASSED] - delay: Delayed 5 second(s)

2018-07-10 21:08:32 - [MESSAGE][PASSED] - Delayed 5 second(s)

2018-07-10 21:08:32 - [TEST_STEP][PASSED] - Statement - out.println(" the store number is--" + storenumber.trim()): null

2018-07-10 21:08:32 - [TEST_STEP][PASSED] - delay: Delayed 10 second(s)

2018-07-10 21:08:42 - [MESSAGE][PASSED] - Delayed 10 second(s)

2018-07-10 21:08:42 - [TEST_STEP][PASSED] - uiaction.CommonUIActions.click: uiaction.CommonUIActions.click is PASSED

2018-07-10 21:08:45 - [MESSAGE][PASSED] - uiaction.CommonUIActions.click is PASSED

2018-07-10 21:08:45 - [TEST_STEP][PASSED] - verifyElementPresent: Object 'Object Repository/SummarizedReportPage/SummaryReportheader' is present

2018-07-10 21:08:45 - [MESSAGE][PASSED] - Object 'Object Repository/SummarizedReportPage/SummaryReportheader' is present

2018-07-10 21:08:45 - [TEST_STEP][PASSED] - Statement - println("Summary Reports screen will be displayed"): null

2018-07-10 21:08:45 - [TEST_STEP][PASSED] - uiaction.CommonUIActions.click: uiaction.CommonUIActions.click is PASSED

2018-07-10 21:08:48 - [MESSAGE][PASSED] - uiaction.CommonUIActions.click is PASSED

2018-07-10 21:08:48 - [TEST_STEP][PASSED] - uiaction.CommonUIActions.click: uiaction.CommonUIActions.click is PASSED

2018-07-10 21:08:59 - [MESSAGE][PASSED] - uiaction.CommonUIActions.click is PASSED

2018-07-10 21:08:59 - [TEST_STEP][PASSED] - uiaction.CommonUIActions.click: uiaction.CommonUIActions.click is PASSED

2018-07-10 21:09:01 - [MESSAGE][PASSED] - uiaction.CommonUIActions.click is PASSED

2018-07-10 21:09:01 - [TEST_STEP][PASSED] - uiaction.CommonUIActions.click: uiaction.CommonUIActions.click is PASSED

2018-07-10 21:09:01 - [MESSAGE][PASSED] - uiaction.CommonUIActions.click is PASSED

2018-07-10 21:09:01 - [TEST_STEP][PASSED] - uiaction.CommonUIActions.enter: uiaction.CommonUIActions.enter is PASSED

2018-07-10 21:09:01 - [MESSAGE][PASSED] - projectSpecific.Reusability.getTestData is PASSED

2018-07-10 21:09:01 - [MESSAGE][PASSED] - uiaction.CommonUIActions.enter is PASSED

2018-07-10 21:09:01 - [TEST_STEP][PASSED] - uiaction.CommonUIActions.enter: uiaction.CommonUIActions.enter is PASSED

2018-07-10 21:09:01 - [MESSAGE][PASSED] - projectSpecific.Reusability.getTestData is PASSED

2018-07-10 21:09:01 - [MESSAGE][PASSED] - uiaction.CommonUIActions.enter is PASSED

2018-07-10 21:09:01 - [TEST_STEP][PASSED] - Statement - groupmain = CustomKeywords.projectSpecific.Reusability.getTestData("ReportingGroupManagementPage", "Summarygrp"): projectSpecific.Reusability.getTestData is PASSED

2018-07-10 21:09:01 - [MESSAGE][PASSED] - projectSpecific.Reusability.getTestData is PASSED

2018-07-10 21:09:01 - [TEST_STEP][PASSED] - delay: Delayed 10 second(s)

2018-07-10 21:09:11 - [MESSAGE][PASSED] - Delayed 10 second(s)

2018-07-10 21:09:11 - [TEST_STEP][PASSED] - Statement - grouplist = driver.findElements(org.openqa.selenium.By.xpath("//ul[@class='unlinked-grouplist']/li")): null

2018-07-10 21:09:11 - [TEST_STEP][PASSED] - delay: Delayed 10 second(s)

2018-07-10 21:09:21 - [MESSAGE][PASSED] - Delayed 10 second(s)

2018-07-10 21:09:21 - [TEST_STEP][PASSED] - Statement - For ([i = 0, i < grouplist.size(), (i++)]): null

2018-07-10 21:09:21 - [TEST_STEP][PASSED] - Statement - If (grouplist.get(i).getText().contains(storeValue.trim())): null

2018-07-10 21:09:21 - [TEST_STEP][PASSED] - Statement - If (grouplist.get(i).getText().contains(storeValue.trim())): null

2018-07-10 21:09:21 - [TEST_STEP][PASSED] - Statement - If (grouplist.get(i).getText().contains(storeValue.trim())): null

2018-07-10 21:09:21 - [TEST_STEP][PASSED] - Statement - If (grouplist.get(i).getText().contains(storeValue.trim())): null

2018-07-10 21:09:21 - [TEST_STEP][PASSED] - Statement - If (grouplist.get(i).getText().contains(storeValue.trim())): null

2018-07-10 21:09:21 - [TEST_STEP][PASSED] - Statement - If (grouplist.get(i).getText().contains(storeValue.trim())): null

2018-07-10 21:09:21 - [TEST_STEP][PASSED] - Statement - If (grouplist.get(i).getText().contains(storeValue.trim())): null

2018-07-10 21:09:21 - [TEST_STEP][PASSED] - Statement - If (grouplist.get(i).getText().contains(storeValue.trim())): null

2018-07-10 21:09:21 - [TEST_STEP][PASSED] - delay: Delayed 10 second(s)

2018-07-10 21:09:31 - [MESSAGE][PASSED] - Delayed 10 second(s)

2018-07-10 21:09:31 - [TEST_STEP][PASSED] - uiaction.CommonUIActions.click: uiaction.CommonUIActions.click is PASSED

2018-07-10 21:09:31 - [MESSAGE][PASSED] - uiaction.CommonUIActions.click is PASSED

2018-07-10 21:09:31 - [TEST_STEP][PASSED] - uiaction.CommonUIActions.click: uiaction.CommonUIActions.click is PASSED

2018-07-10 21:09:31 - [MESSAGE][PASSED] - uiaction.CommonUIActions.click is PASSED

2018-07-10 21:09:31 - [TEST_STEP][PASSED] - delay: Delayed 10 second(s)

2018-07-10 21:09:41 - [MESSAGE][PASSED] - Delayed 10 second(s)

2018-07-10 21:09:41 - [TEST_STEP][PASSED] - uiaction.CommonUIActions.click: uiaction.CommonUIActions.click is PASSED

2018-07-10 21:09:41 - [MESSAGE][PASSED] - uiaction.CommonUIActions.click is PASSED

2018-07-10 21:09:41 - [TEST_STEP][PASSED] - delay: Delayed 10 second(s)

2018-07-10 21:09:51 - [MESSAGE][PASSED] - Delayed 10 second(s)

2018-07-10 21:09:51 - [TEST_STEP][PASSED] - Statement - driver.findElement(org.openqa.selenium.By.xpath("//span[contains(text(),'" + groupmain + "')]/../../../../span[1]")).click(): null

2018-07-10 21:09:51 - [TEST_STEP][PASSED] - Statement - Catch (Exception e): null

2018-07-10 21:09:51 - [TEST_STEP][PASSED] - Statement - e.printStackTrace(): null

2018-07-10 21:09:51 - [TEST_STEP][PASSED] - Statement - println("Exception of element not found"): null

2018-07-10 21:09:51 - [TEST_STEP][PASSED] - Statement - If (TCflag): null

2018-07-10 21:09:51 - [TEST_STEP][PASSED] - Statement - assert TCflag == true: null

2018-07-10 21:09:51 - [TEST_STEP][PASSED] - Start listener action : sampleAfterTestCase: Browser is closed

2018-07-10 21:09:51 - [TEST_STEP][PASSED] - Statement - println(testCaseContext.getTestCaseId()): null

2018-07-10 21:09:51 - [TEST_STEP][PASSED] - Statement - println(testCaseContext.getTestCaseStatus()): null

2018-07-10 21:09:51 - [TEST_STEP][PASSED] - closeBrowser: Browser is closed

2018-07-10 21:09:52 - [MESSAGE][PASSED] - Browser is closed]]></system-out>
         <system-err><![CDATA[2018-07-10 21:07:22 - [TEST_CASE][FAILED] - Test Cases/GoalStatisticsTC/HME-Goal Statistics Report-09: Test Cases/GoalStatisticsTC/HME-Goal Statistics Report-09 FAILED because (of) org.codehaus.groovy.runtime.powerassert.PowerAssertionError: assert TCflag==true
       |     |
       false false]]></system-err>
      </testcase>
      <testcase name="Test Cases/GoalStatisticsTC/HME-Goal Statistics Report-10" classname="Test Cases/GoalStatisticsTC/HME-Goal Statistics Report-10" status="FAILED">
         <failure type="FAILED" message="org.codehaus.groovy.runtime.powerassert.PowerAssertionError: assert TCflag==true
       |     |
       false false"/>
         <system-out><![CDATA[2018-07-10 21:09:52 - [TEST_CASE][FAILED] - Test Cases/GoalStatisticsTC/HME-Goal Statistics Report-10: Test Cases/GoalStatisticsTC/HME-Goal Statistics Report-10 FAILED because (of) org.codehaus.groovy.runtime.powerassert.PowerAssertionError: assert TCflag==true
       |     |
       false false

2018-07-10 21:09:52 - [TEST_STEP][PASSED] - Start listener action : sampleBeforeTestCase: uiaction.CommonUIActions.deleteAllCookies is PASSED

2018-07-10 21:09:52 - [TEST_STEP][PASSED] - openBrowser: Browser is opened with url: ''

2018-07-10 21:09:54 - [MESSAGE][PASSED] - Browser is opened with url: ''

2018-07-10 21:09:54 - [TEST_STEP][PASSED] - maximizeWindow: Current window maximized

2018-07-10 21:09:56 - [MESSAGE][PASSED] - Current window maximized

2018-07-10 21:09:56 - [TEST_STEP][PASSED] - uiaction.CommonUIActions.deleteAllCookies: uiaction.CommonUIActions.deleteAllCookies is PASSED

2018-07-10 21:09:56 - [MESSAGE][PASSED] - Delete all cookies successfully

2018-07-10 21:09:56 - [MESSAGE][PASSED] - uiaction.CommonUIActions.deleteAllCookies is PASSED

2018-07-10 21:09:56 - [TEST_STEP][PASSED] - Statement - TCflag = true: null

2018-07-10 21:09:56 - [TEST_STEP][PASSED] - Statement - Try: null

2018-07-10 21:09:56 - [TEST_STEP][PASSED] - navigateToUrl: Navigate to 'https://engdev.hmedtcloud.com/?pg=Login' successfully

2018-07-10 21:10:04 - [MESSAGE][PASSED] - Navigate to 'https://engdev.hmedtcloud.com/?pg=Login' successfully

2018-07-10 21:10:04 - [TEST_STEP][PASSED] - projectSpecific.Reusability.login: projectSpecific.Reusability.login is PASSED

2018-07-10 21:10:04 - [MESSAGE][PASSED] - projectSpecific.Reusability.getTestData is PASSED

2018-07-10 21:10:04 - [MESSAGE][PASSED] - projectSpecific.Reusability.getTestData is PASSED

2018-07-10 21:10:04 - [MESSAGE][PASSED] - Text 'selvendrank@nousinfo.com' is set on object 'Object Repository/LoginPage/Username'

2018-07-10 21:10:04 - [MESSAGE][PASSED] - Text 'Nous;123' is set on object 'Object Repository/LoginPage/Password'

2018-07-10 21:10:18 - [MESSAGE][PASSED] - Object: 'Object Repository/LoginPage/Login' is clicked on

2018-07-10 21:10:18 - [MESSAGE][PASSED] - projectSpecific.Reusability.login is PASSED

2018-07-10 21:10:18 - [TEST_STEP][PASSED] - delay: Delayed 10 second(s)

2018-07-10 21:10:28 - [MESSAGE][PASSED] - Delayed 10 second(s)

2018-07-10 21:10:28 - [TEST_STEP][PASSED] - Statement - driver = com.kms.katalon.core.webui.driver.DriverFactory.getWebDriver(): null

2018-07-10 21:10:28 - [TEST_STEP][PASSED] - uiaction.CommonUIActions.click: uiaction.CommonUIActions.click is PASSED

2018-07-10 21:10:39 - [MESSAGE][PASSED] - uiaction.CommonUIActions.click is PASSED

2018-07-10 21:10:39 - [TEST_STEP][PASSED] - Statement - driver.findElement(org.openqa.selenium.By.xpath("(//div[@class='ctable']/table//tr/td[3][contains(text(),'vijay2')]/../td//span)[1]")).click(): null

2018-07-10 21:10:41 - [TEST_STEP][PASSED] - uiaction.CommonUIActions.click: uiaction.CommonUIActions.click is PASSED

2018-07-10 21:10:42 - [MESSAGE][PASSED] - uiaction.CommonUIActions.click is PASSED

2018-07-10 21:10:42 - [TEST_STEP][PASSED] - uiaction.CommonUIActions.click: uiaction.CommonUIActions.click is PASSED

2018-07-10 21:10:47 - [MESSAGE][PASSED] - uiaction.CommonUIActions.click is PASSED

2018-07-10 21:10:47 - [TEST_STEP][PASSED] - Statement - storenumber = CustomKeywords.uiaction.CommonUIActions.getText(com.kms.katalon.core.testobject.ObjectRepository.findTestObject(StorePage/storeID)): uiaction.CommonUIActions.getText is PASSED

2018-07-10 21:10:47 - [MESSAGE][PASSED] - uiaction.CommonUIActions.getText is PASSED

2018-07-10 21:10:47 - [TEST_STEP][PASSED] - Statement - storeValue = storenumber.trim(): null

2018-07-10 21:10:47 - [TEST_STEP][PASSED] - Statement - out.println(" the store number is--" + storeValue): null

2018-07-10 21:10:47 - [TEST_STEP][PASSED] - delay: Delayed 5 second(s)

2018-07-10 21:10:52 - [MESSAGE][PASSED] - Delayed 5 second(s)

2018-07-10 21:10:52 - [TEST_STEP][PASSED] - Statement - out.println(" the store number is--" + storenumber.trim()): null

2018-07-10 21:10:52 - [TEST_STEP][PASSED] - delay: Delayed 10 second(s)

2018-07-10 21:11:02 - [MESSAGE][PASSED] - Delayed 10 second(s)

2018-07-10 21:11:02 - [TEST_STEP][PASSED] - uiaction.CommonUIActions.click: uiaction.CommonUIActions.click is PASSED

2018-07-10 21:11:05 - [MESSAGE][PASSED] - uiaction.CommonUIActions.click is PASSED

2018-07-10 21:11:05 - [TEST_STEP][PASSED] - verifyElementPresent: Object 'Object Repository/SummarizedReportPage/SummaryReportheader' is present

2018-07-10 21:11:05 - [MESSAGE][PASSED] - Object 'Object Repository/SummarizedReportPage/SummaryReportheader' is present

2018-07-10 21:11:05 - [TEST_STEP][PASSED] - Statement - println("Summary Reports screen will be displayed"): null

2018-07-10 21:11:05 - [TEST_STEP][PASSED] - uiaction.CommonUIActions.click: uiaction.CommonUIActions.click is PASSED

2018-07-10 21:11:08 - [MESSAGE][PASSED] - uiaction.CommonUIActions.click is PASSED

2018-07-10 21:11:08 - [TEST_STEP][PASSED] - uiaction.CommonUIActions.click: uiaction.CommonUIActions.click is PASSED

2018-07-10 21:11:19 - [MESSAGE][PASSED] - uiaction.CommonUIActions.click is PASSED

2018-07-10 21:11:19 - [TEST_STEP][PASSED] - uiaction.CommonUIActions.click: uiaction.CommonUIActions.click is PASSED

2018-07-10 21:11:21 - [MESSAGE][PASSED] - uiaction.CommonUIActions.click is PASSED

2018-07-10 21:11:21 - [TEST_STEP][PASSED] - uiaction.CommonUIActions.click: uiaction.CommonUIActions.click is PASSED

2018-07-10 21:11:21 - [MESSAGE][PASSED] - uiaction.CommonUIActions.click is PASSED

2018-07-10 21:11:21 - [TEST_STEP][PASSED] - uiaction.CommonUIActions.enter: uiaction.CommonUIActions.enter is PASSED

2018-07-10 21:11:21 - [MESSAGE][PASSED] - projectSpecific.Reusability.getTestData is PASSED

2018-07-10 21:11:21 - [MESSAGE][PASSED] - uiaction.CommonUIActions.enter is PASSED

2018-07-10 21:11:21 - [TEST_STEP][PASSED] - uiaction.CommonUIActions.enter: uiaction.CommonUIActions.enter is PASSED

2018-07-10 21:11:21 - [MESSAGE][PASSED] - projectSpecific.Reusability.getTestData is PASSED

2018-07-10 21:11:21 - [MESSAGE][PASSED] - uiaction.CommonUIActions.enter is PASSED

2018-07-10 21:11:21 - [TEST_STEP][PASSED] - Statement - groupmain = CustomKeywords.projectSpecific.Reusability.getTestData("ReportingGroupManagementPage", "Summarygrp"): projectSpecific.Reusability.getTestData is PASSED

2018-07-10 21:11:21 - [MESSAGE][PASSED] - projectSpecific.Reusability.getTestData is PASSED

2018-07-10 21:11:21 - [TEST_STEP][PASSED] - delay: Delayed 10 second(s)

2018-07-10 21:11:31 - [MESSAGE][PASSED] - Delayed 10 second(s)

2018-07-10 21:11:31 - [TEST_STEP][PASSED] - Statement - grouplist = driver.findElements(org.openqa.selenium.By.xpath("//ul[@class='unlinked-grouplist']/li")): null

2018-07-10 21:11:31 - [TEST_STEP][PASSED] - delay: Delayed 10 second(s)

2018-07-10 21:11:41 - [MESSAGE][PASSED] - Delayed 10 second(s)

2018-07-10 21:11:41 - [TEST_STEP][PASSED] - Statement - For ([i = 0, i < grouplist.size(), (i++)]): null

2018-07-10 21:11:41 - [TEST_STEP][PASSED] - Statement - println(grouplist.get(i).getText()): null

2018-07-10 21:11:41 - [TEST_STEP][PASSED] - Statement - If (grouplist.get(i).getText().contains(storeValue.trim())): null

2018-07-10 21:11:41 - [TEST_STEP][PASSED] - Statement - println(grouplist.get(i).getText()): null

2018-07-10 21:11:41 - [TEST_STEP][PASSED] - Statement - If (grouplist.get(i).getText().contains(storeValue.trim())): null

2018-07-10 21:11:41 - [TEST_STEP][PASSED] - Statement - println(grouplist.get(i).getText()): null

2018-07-10 21:11:41 - [TEST_STEP][PASSED] - Statement - If (grouplist.get(i).getText().contains(storeValue.trim())): null

2018-07-10 21:11:41 - [TEST_STEP][PASSED] - Statement - println(grouplist.get(i).getText()): null

2018-07-10 21:11:41 - [TEST_STEP][PASSED] - Statement - If (grouplist.get(i).getText().contains(storeValue.trim())): null

2018-07-10 21:11:41 - [TEST_STEP][PASSED] - Statement - println(grouplist.get(i).getText()): null

2018-07-10 21:11:41 - [TEST_STEP][PASSED] - Statement - If (grouplist.get(i).getText().contains(storeValue.trim())): null

2018-07-10 21:11:41 - [TEST_STEP][PASSED] - Statement - println(grouplist.get(i).getText()): null

2018-07-10 21:11:41 - [TEST_STEP][PASSED] - Statement - If (grouplist.get(i).getText().contains(storeValue.trim())): null

2018-07-10 21:11:41 - [TEST_STEP][PASSED] - Statement - println(grouplist.get(i).getText()): null

2018-07-10 21:11:41 - [TEST_STEP][PASSED] - Statement - If (grouplist.get(i).getText().contains(storeValue.trim())): null

2018-07-10 21:11:41 - [TEST_STEP][PASSED] - Statement - println(grouplist.get(i).getText()): null

2018-07-10 21:11:41 - [TEST_STEP][PASSED] - Statement - If (grouplist.get(i).getText().contains(storeValue.trim())): null

2018-07-10 21:11:41 - [TEST_STEP][PASSED] - delay: Delayed 10 second(s)

2018-07-10 21:11:51 - [MESSAGE][PASSED] - Delayed 10 second(s)

2018-07-10 21:11:51 - [TEST_STEP][PASSED] - uiaction.CommonUIActions.click: uiaction.CommonUIActions.click is PASSED

2018-07-10 21:11:51 - [MESSAGE][PASSED] - uiaction.CommonUIActions.click is PASSED

2018-07-10 21:11:51 - [TEST_STEP][PASSED] - uiaction.CommonUIActions.click: uiaction.CommonUIActions.click is PASSED

2018-07-10 21:11:51 - [MESSAGE][PASSED] - uiaction.CommonUIActions.click is PASSED

2018-07-10 21:11:51 - [TEST_STEP][PASSED] - delay: Delayed 10 second(s)

2018-07-10 21:12:01 - [MESSAGE][PASSED] - Delayed 10 second(s)

2018-07-10 21:12:01 - [TEST_STEP][PASSED] - uiaction.CommonUIActions.click: uiaction.CommonUIActions.click is PASSED

2018-07-10 21:12:02 - [MESSAGE][PASSED] - uiaction.CommonUIActions.click is PASSED

2018-07-10 21:12:02 - [TEST_STEP][PASSED] - delay: Delayed 10 second(s)

2018-07-10 21:12:12 - [MESSAGE][PASSED] - Delayed 10 second(s)

2018-07-10 21:12:12 - [TEST_STEP][PASSED] - Statement - driver.findElement(org.openqa.selenium.By.xpath("//span[contains(text(),'" + groupmain + "')]/../../../../span[1]")).click(): null

2018-07-10 21:12:12 - [TEST_STEP][PASSED] - Statement - Catch (Exception e): null

2018-07-10 21:12:12 - [TEST_STEP][PASSED] - Statement - e.printStackTrace(): null

2018-07-10 21:12:12 - [TEST_STEP][PASSED] - Statement - println("Exception of element not found"): null

2018-07-10 21:12:12 - [TEST_STEP][PASSED] - Statement - If (TCflag): null

2018-07-10 21:12:12 - [TEST_STEP][PASSED] - Statement - assert TCflag == true: null

2018-07-10 21:12:12 - [TEST_STEP][PASSED] - Start listener action : sampleAfterTestCase: Browser is closed

2018-07-10 21:12:12 - [TEST_STEP][PASSED] - Statement - println(testCaseContext.getTestCaseId()): null

2018-07-10 21:12:12 - [TEST_STEP][PASSED] - Statement - println(testCaseContext.getTestCaseStatus()): null

2018-07-10 21:12:12 - [TEST_STEP][PASSED] - closeBrowser: Browser is closed

2018-07-10 21:12:12 - [MESSAGE][PASSED] - Browser is closed]]></system-out>
         <system-err><![CDATA[2018-07-10 21:09:52 - [TEST_CASE][FAILED] - Test Cases/GoalStatisticsTC/HME-Goal Statistics Report-10: Test Cases/GoalStatisticsTC/HME-Goal Statistics Report-10 FAILED because (of) org.codehaus.groovy.runtime.powerassert.PowerAssertionError: assert TCflag==true
       |     |
       false false]]></system-err>
      </testcase>
      <testcase name="Test Cases/GoalStatisticsTC/HME-Goal Statistics Report-11" classname="Test Cases/GoalStatisticsTC/HME-Goal Statistics Report-11" status="FAILED">
         <failure type="FAILED" message="org.codehaus.groovy.runtime.powerassert.PowerAssertionError: assert TCflag==true
       |     |
       false false"/>
         <system-out><![CDATA[2018-07-10 21:12:12 - [TEST_CASE][FAILED] - Test Cases/GoalStatisticsTC/HME-Goal Statistics Report-11: Test Cases/GoalStatisticsTC/HME-Goal Statistics Report-11 FAILED because (of) org.codehaus.groovy.runtime.powerassert.PowerAssertionError: assert TCflag==true
       |     |
       false false

2018-07-10 21:12:12 - [TEST_STEP][PASSED] - Start listener action : sampleBeforeTestCase: uiaction.CommonUIActions.deleteAllCookies is PASSED

2018-07-10 21:12:12 - [TEST_STEP][PASSED] - openBrowser: Browser is opened with url: ''

2018-07-10 21:12:15 - [MESSAGE][PASSED] - Browser is opened with url: ''

2018-07-10 21:12:15 - [TEST_STEP][PASSED] - maximizeWindow: Current window maximized

2018-07-10 21:12:16 - [MESSAGE][PASSED] - Current window maximized

2018-07-10 21:12:16 - [TEST_STEP][PASSED] - uiaction.CommonUIActions.deleteAllCookies: uiaction.CommonUIActions.deleteAllCookies is PASSED

2018-07-10 21:12:16 - [MESSAGE][PASSED] - Delete all cookies successfully

2018-07-10 21:12:16 - [MESSAGE][PASSED] - uiaction.CommonUIActions.deleteAllCookies is PASSED

2018-07-10 21:12:16 - [TEST_STEP][PASSED] - Statement - TCflag = true: null

2018-07-10 21:12:16 - [TEST_STEP][PASSED] - Statement - Try: null

2018-07-10 21:12:16 - [TEST_STEP][PASSED] - navigateToUrl: Navigate to 'https://engdev.hmedtcloud.com/?pg=Login' successfully

2018-07-10 21:12:24 - [MESSAGE][PASSED] - Navigate to 'https://engdev.hmedtcloud.com/?pg=Login' successfully

2018-07-10 21:12:24 - [TEST_STEP][PASSED] - projectSpecific.Reusability.login: projectSpecific.Reusability.login is PASSED

2018-07-10 21:12:24 - [MESSAGE][PASSED] - projectSpecific.Reusability.getTestData is PASSED

2018-07-10 21:12:24 - [MESSAGE][PASSED] - projectSpecific.Reusability.getTestData is PASSED

2018-07-10 21:12:25 - [MESSAGE][PASSED] - Text 'selvendrank@nousinfo.com' is set on object 'Object Repository/LoginPage/Username'

2018-07-10 21:12:25 - [MESSAGE][PASSED] - Text 'Nous;123' is set on object 'Object Repository/LoginPage/Password'

2018-07-10 21:12:39 - [MESSAGE][PASSED] - Object: 'Object Repository/LoginPage/Login' is clicked on

2018-07-10 21:12:39 - [MESSAGE][PASSED] - projectSpecific.Reusability.login is PASSED

2018-07-10 21:12:39 - [TEST_STEP][PASSED] - delay: Delayed 10 second(s)

2018-07-10 21:12:49 - [MESSAGE][PASSED] - Delayed 10 second(s)

2018-07-10 21:12:49 - [TEST_STEP][PASSED] - Statement - driver = com.kms.katalon.core.webui.driver.DriverFactory.getWebDriver(): null

2018-07-10 21:12:49 - [TEST_STEP][PASSED] - uiaction.CommonUIActions.click: uiaction.CommonUIActions.click is PASSED

2018-07-10 21:13:01 - [MESSAGE][PASSED] - uiaction.CommonUIActions.click is PASSED

2018-07-10 21:13:01 - [TEST_STEP][PASSED] - delay: Delayed 10 second(s)

2018-07-10 21:13:11 - [MESSAGE][PASSED] - Delayed 10 second(s)

2018-07-10 21:13:11 - [TEST_STEP][PASSED] - Statement - driver.findElement(org.openqa.selenium.By.xpath("(//div[@class='ctable']/table//tr/td[3][contains(text(),'vijay2')]/../td//span)[1]")).click(): null

2018-07-10 21:13:13 - [TEST_STEP][PASSED] - uiaction.CommonUIActions.click: uiaction.CommonUIActions.click is PASSED

2018-07-10 21:13:13 - [MESSAGE][PASSED] - uiaction.CommonUIActions.click is PASSED

2018-07-10 21:13:13 - [TEST_STEP][PASSED] - uiaction.CommonUIActions.click: uiaction.CommonUIActions.click is PASSED

2018-07-10 21:13:18 - [MESSAGE][PASSED] - uiaction.CommonUIActions.click is PASSED

2018-07-10 21:13:18 - [TEST_STEP][PASSED] - Statement - storenumber = CustomKeywords.uiaction.CommonUIActions.getText(com.kms.katalon.core.testobject.ObjectRepository.findTestObject(StorePage/storeID)): uiaction.CommonUIActions.getText is PASSED

2018-07-10 21:13:18 - [MESSAGE][PASSED] - uiaction.CommonUIActions.getText is PASSED

2018-07-10 21:13:18 - [TEST_STEP][PASSED] - Statement - storeValue = storenumber.trim(): null

2018-07-10 21:13:18 - [TEST_STEP][PASSED] - Statement - out.println(" the store number is--" + storeValue): null

2018-07-10 21:13:18 - [TEST_STEP][PASSED] - delay: Delayed 5 second(s)

2018-07-10 21:13:23 - [MESSAGE][PASSED] - Delayed 5 second(s)

2018-07-10 21:13:23 - [TEST_STEP][PASSED] - Statement - out.println(" the store number is--" + storenumber.trim()): null

2018-07-10 21:13:23 - [TEST_STEP][PASSED] - delay: Delayed 10 second(s)

2018-07-10 21:13:33 - [MESSAGE][PASSED] - Delayed 10 second(s)

2018-07-10 21:13:33 - [TEST_STEP][PASSED] - uiaction.CommonUIActions.click: uiaction.CommonUIActions.click is PASSED

2018-07-10 21:13:37 - [MESSAGE][PASSED] - uiaction.CommonUIActions.click is PASSED

2018-07-10 21:13:37 - [TEST_STEP][PASSED] - verifyElementPresent: Object 'Object Repository/SummarizedReportPage/SummaryReportheader' is present

2018-07-10 21:13:37 - [MESSAGE][PASSED] - Object 'Object Repository/SummarizedReportPage/SummaryReportheader' is present

2018-07-10 21:13:37 - [TEST_STEP][PASSED] - Statement - println("Summary Reports screen will be displayed"): null

2018-07-10 21:13:37 - [TEST_STEP][PASSED] - uiaction.CommonUIActions.click: uiaction.CommonUIActions.click is PASSED

2018-07-10 21:13:40 - [MESSAGE][PASSED] - uiaction.CommonUIActions.click is PASSED

2018-07-10 21:13:40 - [TEST_STEP][PASSED] - delay: Delayed 5 second(s)

2018-07-10 21:13:45 - [MESSAGE][PASSED] - Delayed 5 second(s)

2018-07-10 21:13:45 - [TEST_STEP][PASSED] - uiaction.CommonUIActions.click: uiaction.CommonUIActions.click is PASSED

2018-07-10 21:13:57 - [MESSAGE][PASSED] - uiaction.CommonUIActions.click is PASSED

2018-07-10 21:13:57 - [TEST_STEP][PASSED] - uiaction.CommonUIActions.click: uiaction.CommonUIActions.click is PASSED

2018-07-10 21:13:58 - [MESSAGE][PASSED] - uiaction.CommonUIActions.click is PASSED

2018-07-10 21:13:58 - [TEST_STEP][PASSED] - uiaction.CommonUIActions.click: uiaction.CommonUIActions.click is PASSED

2018-07-10 21:13:58 - [MESSAGE][PASSED] - uiaction.CommonUIActions.click is PASSED

2018-07-10 21:13:58 - [TEST_STEP][PASSED] - uiaction.CommonUIActions.enter: uiaction.CommonUIActions.enter is PASSED

2018-07-10 21:13:58 - [MESSAGE][PASSED] - projectSpecific.Reusability.getTestData is PASSED

2018-07-10 21:13:58 - [MESSAGE][PASSED] - uiaction.CommonUIActions.enter is PASSED

2018-07-10 21:13:58 - [TEST_STEP][PASSED] - uiaction.CommonUIActions.enter: uiaction.CommonUIActions.enter is PASSED

2018-07-10 21:13:58 - [MESSAGE][PASSED] - projectSpecific.Reusability.getTestData is PASSED

2018-07-10 21:13:58 - [MESSAGE][PASSED] - uiaction.CommonUIActions.enter is PASSED

2018-07-10 21:13:58 - [TEST_STEP][PASSED] - Statement - groupmain = CustomKeywords.projectSpecific.Reusability.getTestData("ReportingGroupManagementPage", "Summarygrp"): projectSpecific.Reusability.getTestData is PASSED

2018-07-10 21:13:58 - [MESSAGE][PASSED] - projectSpecific.Reusability.getTestData is PASSED

2018-07-10 21:13:58 - [TEST_STEP][PASSED] - delay: Delayed 10 second(s)

2018-07-10 21:14:08 - [MESSAGE][PASSED] - Delayed 10 second(s)

2018-07-10 21:14:08 - [TEST_STEP][PASSED] - Statement - grouplist = driver.findElements(org.openqa.selenium.By.xpath("//ul[@class='unlinked-grouplist']/li")): null

2018-07-10 21:14:08 - [TEST_STEP][PASSED] - delay: Delayed 10 second(s)

2018-07-10 21:14:18 - [MESSAGE][PASSED] - Delayed 10 second(s)

2018-07-10 21:14:18 - [TEST_STEP][PASSED] - Statement - For ([i = 0, i < grouplist.size(), (i++)]): null

2018-07-10 21:14:18 - [TEST_STEP][PASSED] - Statement - println(grouplist.get(i).getText()): null

2018-07-10 21:14:18 - [TEST_STEP][PASSED] - Statement - If (grouplist.get(i).getText().contains(storenumber.trim())): null

2018-07-10 21:14:18 - [TEST_STEP][PASSED] - Statement - println(grouplist.get(i).getText()): null

2018-07-10 21:14:18 - [TEST_STEP][PASSED] - Statement - If (grouplist.get(i).getText().contains(storenumber.trim())): null

2018-07-10 21:14:18 - [TEST_STEP][PASSED] - Statement - println(grouplist.get(i).getText()): null

2018-07-10 21:14:18 - [TEST_STEP][PASSED] - Statement - If (grouplist.get(i).getText().contains(storenumber.trim())): null

2018-07-10 21:14:18 - [TEST_STEP][PASSED] - Statement - println(grouplist.get(i).getText()): null

2018-07-10 21:14:19 - [TEST_STEP][PASSED] - Statement - If (grouplist.get(i).getText().contains(storenumber.trim())): null

2018-07-10 21:14:19 - [TEST_STEP][PASSED] - Statement - println(grouplist.get(i).getText()): null

2018-07-10 21:14:19 - [TEST_STEP][PASSED] - Statement - If (grouplist.get(i).getText().contains(storenumber.trim())): null

2018-07-10 21:14:19 - [TEST_STEP][PASSED] - Statement - println(grouplist.get(i).getText()): null

2018-07-10 21:14:19 - [TEST_STEP][PASSED] - Statement - If (grouplist.get(i).getText().contains(storenumber.trim())): null

2018-07-10 21:14:19 - [TEST_STEP][PASSED] - Statement - println(grouplist.get(i).getText()): null

2018-07-10 21:14:19 - [TEST_STEP][PASSED] - Statement - If (grouplist.get(i).getText().contains(storenumber.trim())): null

2018-07-10 21:14:19 - [TEST_STEP][PASSED] - Statement - println(grouplist.get(i).getText()): null

2018-07-10 21:14:19 - [TEST_STEP][PASSED] - Statement - If (grouplist.get(i).getText().contains(storenumber.trim())): null

2018-07-10 21:14:19 - [TEST_STEP][PASSED] - delay: Delayed 10 second(s)

2018-07-10 21:14:29 - [MESSAGE][PASSED] - Delayed 10 second(s)

2018-07-10 21:14:29 - [TEST_STEP][PASSED] - uiaction.CommonUIActions.click: uiaction.CommonUIActions.click is PASSED

2018-07-10 21:14:29 - [MESSAGE][PASSED] - uiaction.CommonUIActions.click is PASSED

2018-07-10 21:14:29 - [TEST_STEP][PASSED] - uiaction.CommonUIActions.click: uiaction.CommonUIActions.click is PASSED

2018-07-10 21:14:29 - [MESSAGE][PASSED] - uiaction.CommonUIActions.click is PASSED

2018-07-10 21:14:29 - [TEST_STEP][PASSED] - delay: Delayed 10 second(s)

2018-07-10 21:14:39 - [MESSAGE][PASSED] - Delayed 10 second(s)

2018-07-10 21:14:39 - [TEST_STEP][PASSED] - uiaction.CommonUIActions.click: uiaction.CommonUIActions.click is PASSED

2018-07-10 21:14:39 - [MESSAGE][PASSED] - uiaction.CommonUIActions.click is PASSED

2018-07-10 21:14:39 - [TEST_STEP][PASSED] - delay: Delayed 10 second(s)

2018-07-10 21:14:49 - [MESSAGE][PASSED] - Delayed 10 second(s)

2018-07-10 21:14:49 - [TEST_STEP][PASSED] - Statement - driver.findElement(org.openqa.selenium.By.xpath("//span[contains(text(),'" + groupmain + "')]/../../../../span[1]")).click(): null

2018-07-10 21:14:49 - [TEST_STEP][PASSED] - Statement - Catch (Exception e): null

2018-07-10 21:14:49 - [TEST_STEP][PASSED] - Statement - e.printStackTrace(): null

2018-07-10 21:14:49 - [TEST_STEP][PASSED] - Statement - println("Exception of element not found"): null

2018-07-10 21:14:49 - [TEST_STEP][PASSED] - Statement - If (TCflag): null

2018-07-10 21:14:49 - [TEST_STEP][PASSED] - Statement - assert TCflag == true: null

2018-07-10 21:14:49 - [TEST_STEP][PASSED] - Start listener action : sampleAfterTestCase: Browser is closed

2018-07-10 21:14:49 - [TEST_STEP][PASSED] - Statement - println(testCaseContext.getTestCaseId()): null

2018-07-10 21:14:49 - [TEST_STEP][PASSED] - Statement - println(testCaseContext.getTestCaseStatus()): null

2018-07-10 21:14:49 - [TEST_STEP][PASSED] - closeBrowser: Browser is closed

2018-07-10 21:14:50 - [MESSAGE][PASSED] - Browser is closed]]></system-out>
         <system-err><![CDATA[2018-07-10 21:12:12 - [TEST_CASE][FAILED] - Test Cases/GoalStatisticsTC/HME-Goal Statistics Report-11: Test Cases/GoalStatisticsTC/HME-Goal Statistics Report-11 FAILED because (of) org.codehaus.groovy.runtime.powerassert.PowerAssertionError: assert TCflag==true
       |     |
       false false]]></system-err>
      </testcase>
      <testcase name="Test Cases/SummaryReportsTC/HME-Summary Report-01" classname="Test Cases/SummaryReportsTC/HME-Summary Report-01" status="FAILED">
         <failure type="FAILED" message="org.codehaus.groovy.runtime.powerassert.PowerAssertionError: assert TCflag==true
       |     |
       false false"/>
         <system-out><![CDATA[2018-07-10 21:14:50 - [TEST_CASE][FAILED] - Test Cases/SummaryReportsTC/HME-Summary Report-01: Test Cases/SummaryReportsTC/HME-Summary Report-01 FAILED because (of) org.codehaus.groovy.runtime.powerassert.PowerAssertionError: assert TCflag==true
       |     |
       false false

2018-07-10 21:14:50 - [TEST_STEP][PASSED] - Start listener action : sampleBeforeTestCase: uiaction.CommonUIActions.deleteAllCookies is PASSED

2018-07-10 21:14:50 - [TEST_STEP][PASSED] - openBrowser: Browser is opened with url: ''

2018-07-10 21:14:52 - [MESSAGE][PASSED] - Browser is opened with url: ''

2018-07-10 21:14:52 - [TEST_STEP][PASSED] - maximizeWindow: Current window maximized

2018-07-10 21:14:53 - [MESSAGE][PASSED] - Current window maximized

2018-07-10 21:14:53 - [TEST_STEP][PASSED] - uiaction.CommonUIActions.deleteAllCookies: uiaction.CommonUIActions.deleteAllCookies is PASSED

2018-07-10 21:14:53 - [MESSAGE][PASSED] - Delete all cookies successfully

2018-07-10 21:14:53 - [MESSAGE][PASSED] - uiaction.CommonUIActions.deleteAllCookies is PASSED

2018-07-10 21:14:53 - [TEST_STEP][PASSED] - Statement - TCflag = true: null

2018-07-10 21:14:53 - [TEST_STEP][PASSED] - Statement - Try: null

2018-07-10 21:14:53 - [TEST_STEP][PASSED] - navigateToUrl: Navigate to 'https://engdev.hmedtcloud.com/?pg=Login' successfully

2018-07-10 21:15:02 - [MESSAGE][PASSED] - Navigate to 'https://engdev.hmedtcloud.com/?pg=Login' successfully

2018-07-10 21:15:02 - [TEST_STEP][PASSED] - projectSpecific.Reusability.login: projectSpecific.Reusability.login is PASSED

2018-07-10 21:15:02 - [MESSAGE][PASSED] - projectSpecific.Reusability.getTestData is PASSED

2018-07-10 21:15:02 - [MESSAGE][PASSED] - projectSpecific.Reusability.getTestData is PASSED

2018-07-10 21:15:02 - [MESSAGE][PASSED] - Text 'selvendrank@nousinfo.com' is set on object 'Object Repository/LoginPage/Username'

2018-07-10 21:15:02 - [MESSAGE][PASSED] - Text 'Nous;123' is set on object 'Object Repository/LoginPage/Password'

2018-07-10 21:15:15 - [MESSAGE][PASSED] - Object: 'Object Repository/LoginPage/Login' is clicked on

2018-07-10 21:15:15 - [MESSAGE][PASSED] - projectSpecific.Reusability.login is PASSED

2018-07-10 21:15:15 - [TEST_STEP][PASSED] - delay: Delayed 10 second(s)

2018-07-10 21:15:25 - [MESSAGE][PASSED] - Delayed 10 second(s)

2018-07-10 21:15:25 - [TEST_STEP][PASSED] - uiaction.CommonUIActions.click: uiaction.CommonUIActions.click is PASSED

2018-07-10 21:15:29 - [MESSAGE][PASSED] - uiaction.CommonUIActions.click is PASSED

2018-07-10 21:15:29 - [TEST_STEP][PASSED] - verifyElementPresent: Object 'Object Repository/SummarizedReportPage/SummaryReportheader' is present

2018-07-10 21:15:29 - [MESSAGE][PASSED] - Object 'Object Repository/SummarizedReportPage/SummaryReportheader' is present

2018-07-10 21:15:29 - [TEST_STEP][PASSED] - Statement - println("Summary Reports screen will be displayed"): null

2018-07-10 21:15:29 - [TEST_STEP][PASSED] - uiaction.CommonUIActions.click: uiaction.CommonUIActions.click is PASSED

2018-07-10 21:15:31 - [MESSAGE][PASSED] - uiaction.CommonUIActions.click is PASSED

2018-07-10 21:15:31 - [TEST_STEP][PASSED] - uiaction.CommonUIActions.click: uiaction.CommonUIActions.click is PASSED

2018-07-10 21:15:43 - [MESSAGE][PASSED] - uiaction.CommonUIActions.click is PASSED

2018-07-10 21:15:43 - [TEST_STEP][PASSED] - uiaction.CommonUIActions.click: uiaction.CommonUIActions.click is PASSED

2018-07-10 21:15:45 - [MESSAGE][PASSED] - uiaction.CommonUIActions.click is PASSED

2018-07-10 21:15:45 - [TEST_STEP][PASSED] - uiaction.CommonUIActions.click: uiaction.CommonUIActions.click is PASSED

2018-07-10 21:15:45 - [MESSAGE][PASSED] - uiaction.CommonUIActions.click is PASSED

2018-07-10 21:15:45 - [TEST_STEP][PASSED] - uiaction.CommonUIActions.enter: uiaction.CommonUIActions.enter is PASSED

2018-07-10 21:15:45 - [MESSAGE][PASSED] - projectSpecific.Reusability.getTestData is PASSED

2018-07-10 21:15:45 - [MESSAGE][PASSED] - uiaction.CommonUIActions.enter is PASSED

2018-07-10 21:15:45 - [TEST_STEP][PASSED] - uiaction.CommonUIActions.enter: uiaction.CommonUIActions.enter is PASSED

2018-07-10 21:15:46 - [MESSAGE][PASSED] - projectSpecific.Reusability.getTestData is PASSED

2018-07-10 21:15:46 - [MESSAGE][PASSED] - uiaction.CommonUIActions.enter is PASSED

2018-07-10 21:15:46 - [TEST_STEP][PASSED] - uiaction.CommonUIActions.click: uiaction.CommonUIActions.click is PASSED

2018-07-10 21:15:46 - [MESSAGE][PASSED] - uiaction.CommonUIActions.click is PASSED

2018-07-10 21:15:46 - [TEST_STEP][PASSED] - delay: Delayed 10 second(s)

2018-07-10 21:15:56 - [MESSAGE][PASSED] - Delayed 10 second(s)

2018-07-10 21:15:56 - [TEST_STEP][PASSED] - uiaction.CommonUIActions.back: uiaction.CommonUIActions.back is PASSED

2018-07-10 21:15:56 - [MESSAGE][PASSED] - Navigate back successfully

2018-07-10 21:15:56 - [MESSAGE][PASSED] - uiaction.CommonUIActions.back is PASSED

2018-07-10 21:15:56 - [TEST_STEP][PASSED] - delay: Delayed 5 second(s)

2018-07-10 21:16:01 - [MESSAGE][PASSED] - Delayed 5 second(s)

2018-07-10 21:16:01 - [TEST_STEP][PASSED] - uiaction.CommonUIActions.enter: uiaction.CommonUIActions.enter is PASSED

2018-07-10 21:16:01 - [MESSAGE][PASSED] - projectSpecific.Reusability.getTestData is PASSED

2018-07-10 21:16:21 - [MESSAGE][PASSED] - uiaction.CommonUIActions.enter is PASSED

2018-07-10 21:16:22 - [TEST_STEP][PASSED] - uiaction.CommonUIActions.enter: uiaction.CommonUIActions.enter is PASSED

2018-07-10 21:16:22 - [MESSAGE][PASSED] - projectSpecific.Reusability.getTestData is PASSED

2018-07-10 21:16:42 - [MESSAGE][PASSED] - uiaction.CommonUIActions.enter is PASSED

2018-07-10 21:16:42 - [TEST_STEP][PASSED] - uiaction.CommonUIActions.click: uiaction.CommonUIActions.click is PASSED

2018-07-10 21:17:03 - [MESSAGE][PASSED] - uiaction.CommonUIActions.click is PASSED

2018-07-10 21:17:03 - [TEST_STEP][PASSED] - delay: Delayed 10 second(s)

2018-07-10 21:17:13 - [MESSAGE][PASSED] - Delayed 10 second(s)

2018-07-10 21:17:13 - [TEST_STEP][PASSED] - uiaction.CommonUIActions.back: uiaction.CommonUIActions.back is PASSED

2018-07-10 21:17:14 - [MESSAGE][PASSED] - Navigate back successfully

2018-07-10 21:17:14 - [MESSAGE][PASSED] - uiaction.CommonUIActions.back is PASSED

2018-07-10 21:17:14 - [TEST_STEP][PASSED] - uiaction.CommonUIActions.enter: uiaction.CommonUIActions.enter is PASSED

2018-07-10 21:17:14 - [MESSAGE][PASSED] - projectSpecific.Reusability.getTestData is PASSED

2018-07-10 21:17:14 - [MESSAGE][PASSED] - uiaction.CommonUIActions.enter is PASSED

2018-07-10 21:17:14 - [TEST_STEP][PASSED] - uiaction.CommonUIActions.enter: uiaction.CommonUIActions.enter is PASSED

2018-07-10 21:17:14 - [MESSAGE][PASSED] - projectSpecific.Reusability.getTestData is PASSED

2018-07-10 21:17:35 - [MESSAGE][PASSED] - uiaction.CommonUIActions.enter is PASSED

2018-07-10 21:17:35 - [TEST_STEP][PASSED] - Statement - group1 = CustomKeywords.projectSpecific.Reusability.getTestData("ReportingGroupManagementPage", "Summarygrpname1"): projectSpecific.Reusability.getTestData is PASSED

2018-07-10 21:17:35 - [MESSAGE][PASSED] - projectSpecific.Reusability.getTestData is PASSED

2018-07-10 21:17:35 - [TEST_STEP][PASSED] - Statement - group2 = CustomKeywords.projectSpecific.Reusability.getTestData("ReportingGroupManagementPage", "Summarygrpname2"): projectSpecific.Reusability.getTestData is PASSED

2018-07-10 21:17:35 - [MESSAGE][PASSED] - projectSpecific.Reusability.getTestData is PASSED

2018-07-10 21:17:35 - [TEST_STEP][PASSED] - Statement - groupmain = CustomKeywords.projectSpecific.Reusability.getTestData("ReportingGroupManagementPage", "Summarygrp"): projectSpecific.Reusability.getTestData is PASSED

2018-07-10 21:17:35 - [MESSAGE][PASSED] - projectSpecific.Reusability.getTestData is PASSED

2018-07-10 21:17:35 - [TEST_STEP][PASSED] - delay: Delayed 10 second(s)

2018-07-10 21:17:45 - [MESSAGE][PASSED] - Delayed 10 second(s)

2018-07-10 21:17:45 - [TEST_STEP][PASSED] - Statement - driver = com.kms.katalon.core.webui.driver.DriverFactory.getWebDriver(): null

2018-07-10 21:17:45 - [TEST_STEP][PASSED] - Statement - grouplist = driver.findElements(org.openqa.selenium.By.xpath("//ul[@class='unlinked-grouplist']/li")): null

2018-07-10 21:17:45 - [TEST_STEP][PASSED] - delay: Delayed 10 second(s)

2018-07-10 21:17:55 - [MESSAGE][PASSED] - Delayed 10 second(s)

2018-07-10 21:17:55 - [TEST_STEP][PASSED] - Statement - For ([i = 0, i < grouplist.size(), (i++)]): null

2018-07-10 21:17:55 - [TEST_STEP][PASSED] - delay: Delayed 10 second(s)

2018-07-10 21:18:05 - [MESSAGE][PASSED] - Delayed 10 second(s)

2018-07-10 21:18:05 - [TEST_STEP][PASSED] - uiaction.CommonUIActions.click: uiaction.CommonUIActions.click is PASSED

2018-07-10 21:18:26 - [MESSAGE][PASSED] - uiaction.CommonUIActions.click is PASSED

2018-07-10 21:18:26 - [TEST_STEP][PASSED] - uiaction.CommonUIActions.click: uiaction.CommonUIActions.click is PASSED

2018-07-10 21:18:47 - [MESSAGE][PASSED] - uiaction.CommonUIActions.click is PASSED

2018-07-10 21:18:47 - [TEST_STEP][PASSED] - delay: Delayed 10 second(s)

2018-07-10 21:18:57 - [MESSAGE][PASSED] - Delayed 10 second(s)

2018-07-10 21:18:57 - [TEST_STEP][PASSED] - uiaction.CommonUIActions.click: uiaction.CommonUIActions.click is PASSED

2018-07-10 21:18:57 - [MESSAGE][PASSED] - uiaction.CommonUIActions.click is PASSED

2018-07-10 21:18:57 - [TEST_STEP][PASSED] - delay: Delayed 10 second(s)

2018-07-10 21:19:07 - [MESSAGE][PASSED] - Delayed 10 second(s)

2018-07-10 21:19:07 - [TEST_STEP][PASSED] - Statement - driver.findElement(org.openqa.selenium.By.xpath("//span[contains(text(),'" + groupmain + "')]/../../../../span[1]")).click(): null

2018-07-10 21:19:07 - [TEST_STEP][PASSED] - Statement - Catch (Exception e): null

2018-07-10 21:19:07 - [TEST_STEP][PASSED] - Statement - e.printStackTrace(): null

2018-07-10 21:19:07 - [TEST_STEP][PASSED] - Statement - println("Exception of element not found"): null

2018-07-10 21:19:07 - [TEST_STEP][PASSED] - Statement - If (TCflag): null

2018-07-10 21:19:07 - [TEST_STEP][PASSED] - Statement - assert TCflag == true: null

2018-07-10 21:19:07 - [TEST_STEP][PASSED] - Start listener action : sampleAfterTestCase: Browser is closed

2018-07-10 21:19:07 - [TEST_STEP][PASSED] - Statement - println(testCaseContext.getTestCaseId()): null

2018-07-10 21:19:07 - [TEST_STEP][PASSED] - Statement - println(testCaseContext.getTestCaseStatus()): null

2018-07-10 21:19:07 - [TEST_STEP][PASSED] - closeBrowser: Browser is closed

2018-07-10 21:19:08 - [MESSAGE][PASSED] - Browser is closed]]></system-out>
         <system-err><![CDATA[2018-07-10 21:14:50 - [TEST_CASE][FAILED] - Test Cases/SummaryReportsTC/HME-Summary Report-01: Test Cases/SummaryReportsTC/HME-Summary Report-01 FAILED because (of) org.codehaus.groovy.runtime.powerassert.PowerAssertionError: assert TCflag==true
       |     |
       false false]]></system-err>
      </testcase>
      <testcase name="Test Cases/SummaryReportsTC/HME-Summary Report-02" classname="Test Cases/SummaryReportsTC/HME-Summary Report-02" status="FAILED">
         <failure type="FAILED" message="org.codehaus.groovy.runtime.powerassert.PowerAssertionError: assert TCflag==true
       |     |
       false false"/>
         <system-out><![CDATA[2018-07-10 21:19:08 - [TEST_CASE][FAILED] - Test Cases/SummaryReportsTC/HME-Summary Report-02: Test Cases/SummaryReportsTC/HME-Summary Report-02 FAILED because (of) org.codehaus.groovy.runtime.powerassert.PowerAssertionError: assert TCflag==true
       |     |
       false false

2018-07-10 21:19:08 - [TEST_STEP][PASSED] - Start listener action : sampleBeforeTestCase: uiaction.CommonUIActions.deleteAllCookies is PASSED

2018-07-10 21:19:08 - [TEST_STEP][PASSED] - openBrowser: Browser is opened with url: ''

2018-07-10 21:19:10 - [MESSAGE][PASSED] - Browser is opened with url: ''

2018-07-10 21:19:10 - [TEST_STEP][PASSED] - maximizeWindow: Current window maximized

2018-07-10 21:19:11 - [MESSAGE][PASSED] - Current window maximized

2018-07-10 21:19:11 - [TEST_STEP][PASSED] - uiaction.CommonUIActions.deleteAllCookies: uiaction.CommonUIActions.deleteAllCookies is PASSED

2018-07-10 21:19:11 - [MESSAGE][PASSED] - Delete all cookies successfully

2018-07-10 21:19:11 - [MESSAGE][PASSED] - uiaction.CommonUIActions.deleteAllCookies is PASSED

2018-07-10 21:19:11 - [TEST_STEP][PASSED] - Statement - TCflag = true: null

2018-07-10 21:19:11 - [TEST_STEP][PASSED] - Statement - Try: null

2018-07-10 21:19:11 - [TEST_STEP][PASSED] - navigateToUrl: Navigate to 'https://engdev.hmedtcloud.com/?pg=Login' successfully

2018-07-10 21:19:20 - [MESSAGE][PASSED] - Navigate to 'https://engdev.hmedtcloud.com/?pg=Login' successfully

2018-07-10 21:19:20 - [TEST_STEP][PASSED] - projectSpecific.Reusability.login: projectSpecific.Reusability.login is PASSED

2018-07-10 21:19:20 - [MESSAGE][PASSED] - projectSpecific.Reusability.getTestData is PASSED

2018-07-10 21:19:20 - [MESSAGE][PASSED] - projectSpecific.Reusability.getTestData is PASSED

2018-07-10 21:19:20 - [MESSAGE][PASSED] - Text 'swtest01@hme.com' is set on object 'Object Repository/LoginPage/Username'

2018-07-10 21:19:20 - [MESSAGE][PASSED] - Text 'SWTest01' is set on object 'Object Repository/LoginPage/Password'

2018-07-10 21:19:22 - [MESSAGE][PASSED] - Object: 'Object Repository/LoginPage/Login' is clicked on

2018-07-10 21:19:22 - [MESSAGE][PASSED] - projectSpecific.Reusability.login is PASSED

2018-07-10 21:19:22 - [TEST_STEP][PASSED] - delay: Delayed 10 second(s)

2018-07-10 21:19:32 - [MESSAGE][PASSED] - Delayed 10 second(s)

2018-07-10 21:19:32 - [TEST_STEP][PASSED] - uiaction.CommonUIActions.click: uiaction.CommonUIActions.click is PASSED

2018-07-10 21:19:52 - [MESSAGE][PASSED] - uiaction.CommonUIActions.click is PASSED

2018-07-10 21:19:52 - [TEST_STEP][PASSED] - uiaction.CommonUIActions.click: uiaction.CommonUIActions.click is PASSED

2018-07-10 21:20:13 - [MESSAGE][PASSED] - uiaction.CommonUIActions.click is PASSED

2018-07-10 21:20:13 - [TEST_STEP][PASSED] - uiaction.CommonUIActions.click: uiaction.CommonUIActions.click is PASSED

2018-07-10 21:20:34 - [MESSAGE][PASSED] - uiaction.CommonUIActions.click is PASSED

2018-07-10 21:20:34 - [TEST_STEP][PASSED] - uiaction.CommonUIActions.enter: uiaction.CommonUIActions.enter is PASSED

2018-07-10 21:20:34 - [MESSAGE][PASSED] - projectSpecific.Reusability.getTestData is PASSED

2018-07-10 21:20:34 - [MESSAGE][PASSED] - uiaction.CommonUIActions.enter is PASSED

2018-07-10 21:20:34 - [TEST_STEP][PASSED] - uiaction.CommonUIActions.enter: uiaction.CommonUIActions.enter is PASSED

2018-07-10 21:20:34 - [MESSAGE][PASSED] - projectSpecific.Reusability.getTestData is PASSED

2018-07-10 21:20:55 - [MESSAGE][PASSED] - uiaction.CommonUIActions.enter is PASSED

2018-07-10 21:20:55 - [TEST_STEP][PASSED] - delay: Delayed 10 second(s)

2018-07-10 21:21:05 - [MESSAGE][PASSED] - Delayed 10 second(s)

2018-07-10 21:21:05 - [TEST_STEP][PASSED] - Statement - driver = com.kms.katalon.core.webui.driver.DriverFactory.getWebDriver(): null

2018-07-10 21:21:05 - [TEST_STEP][PASSED] - Statement - grouplist = driver.findElements(org.openqa.selenium.By.xpath("//ul[@class='unlinked-grouplist']/li")): null

2018-07-10 21:21:05 - [TEST_STEP][PASSED] - delay: Delayed 10 second(s)

2018-07-10 21:21:15 - [MESSAGE][PASSED] - Delayed 10 second(s)

2018-07-10 21:21:15 - [TEST_STEP][PASSED] - Statement - store_count = 0: null

2018-07-10 21:21:15 - [TEST_STEP][PASSED] - Statement - For ([i = 0, i < grouplist.size(), (i++)]): null

2018-07-10 21:21:15 - [TEST_STEP][PASSED] - Statement - driver.findElement(org.openqa.selenium.By.xpath("//button[contains(text(),'>')]")).click(): null

2018-07-10 21:21:15 - [TEST_STEP][PASSED] - Statement - Catch (Exception e): null

2018-07-10 21:21:15 - [TEST_STEP][PASSED] - Statement - e.printStackTrace(): null

2018-07-10 21:21:15 - [TEST_STEP][PASSED] - Statement - println("Exception of element not found"): null

2018-07-10 21:21:15 - [TEST_STEP][PASSED] - Statement - If (TCflag): null

2018-07-10 21:21:15 - [TEST_STEP][PASSED] - Statement - assert TCflag == true: null

2018-07-10 21:21:15 - [TEST_STEP][PASSED] - Start listener action : sampleAfterTestCase: Browser is closed

2018-07-10 21:21:15 - [TEST_STEP][PASSED] - Statement - println(testCaseContext.getTestCaseId()): null

2018-07-10 21:21:15 - [TEST_STEP][PASSED] - Statement - println(testCaseContext.getTestCaseStatus()): null

2018-07-10 21:21:15 - [TEST_STEP][PASSED] - closeBrowser: Browser is closed

2018-07-10 21:21:15 - [MESSAGE][PASSED] - Browser is closed]]></system-out>
         <system-err><![CDATA[2018-07-10 21:19:08 - [TEST_CASE][FAILED] - Test Cases/SummaryReportsTC/HME-Summary Report-02: Test Cases/SummaryReportsTC/HME-Summary Report-02 FAILED because (of) org.codehaus.groovy.runtime.powerassert.PowerAssertionError: assert TCflag==true
       |     |
       false false]]></system-err>
      </testcase>
      <testcase name="Test Cases/SummaryReportsTC/HME-Summary Report-03" classname="Test Cases/SummaryReportsTC/HME-Summary Report-03" status="FAILED">
         <failure type="FAILED" message="org.codehaus.groovy.runtime.powerassert.PowerAssertionError: assert TCflag==true
       |     |
       false false"/>
         <system-out><![CDATA[2018-07-10 21:21:15 - [TEST_CASE][FAILED] - Test Cases/SummaryReportsTC/HME-Summary Report-03: Test Cases/SummaryReportsTC/HME-Summary Report-03 FAILED because (of) org.codehaus.groovy.runtime.powerassert.PowerAssertionError: assert TCflag==true
       |     |
       false false

2018-07-10 21:21:15 - [TEST_STEP][PASSED] - Start listener action : sampleBeforeTestCase: uiaction.CommonUIActions.deleteAllCookies is PASSED

2018-07-10 21:21:15 - [TEST_STEP][PASSED] - openBrowser: Browser is opened with url: ''

2018-07-10 21:21:18 - [MESSAGE][PASSED] - Browser is opened with url: ''

2018-07-10 21:21:18 - [TEST_STEP][PASSED] - maximizeWindow: Current window maximized

2018-07-10 21:21:19 - [MESSAGE][PASSED] - Current window maximized

2018-07-10 21:21:19 - [TEST_STEP][PASSED] - uiaction.CommonUIActions.deleteAllCookies: uiaction.CommonUIActions.deleteAllCookies is PASSED

2018-07-10 21:21:19 - [MESSAGE][PASSED] - Delete all cookies successfully

2018-07-10 21:21:19 - [MESSAGE][PASSED] - uiaction.CommonUIActions.deleteAllCookies is PASSED

2018-07-10 21:21:19 - [TEST_STEP][PASSED] - Statement - TCflag = true: null

2018-07-10 21:21:19 - [TEST_STEP][PASSED] - Statement - Try: null

2018-07-10 21:21:19 - [TEST_STEP][PASSED] - navigateToUrl: Navigate to 'https://engdev.hmedtcloud.com/?pg=Login' successfully

2018-07-10 21:21:27 - [MESSAGE][PASSED] - Navigate to 'https://engdev.hmedtcloud.com/?pg=Login' successfully

2018-07-10 21:21:27 - [TEST_STEP][PASSED] - delay: Delayed 15 second(s)

2018-07-10 21:21:42 - [MESSAGE][PASSED] - Delayed 15 second(s)

2018-07-10 21:21:42 - [TEST_STEP][PASSED] - delay: Delayed 15 second(s)

2018-07-10 21:21:57 - [MESSAGE][PASSED] - Delayed 15 second(s)

2018-07-10 21:21:57 - [TEST_STEP][PASSED] - projectSpecific.Reusability.login: projectSpecific.Reusability.login is PASSED

2018-07-10 21:21:57 - [MESSAGE][PASSED] - projectSpecific.Reusability.getTestData is PASSED

2018-07-10 21:21:57 - [MESSAGE][PASSED] - projectSpecific.Reusability.getTestData is PASSED

2018-07-10 21:21:57 - [MESSAGE][PASSED] - Text 'selvendrank@nousinfo.com' is set on object 'Object Repository/LoginPage/Username'

2018-07-10 21:21:57 - [MESSAGE][PASSED] - Text 'Nous;123' is set on object 'Object Repository/LoginPage/Password'

2018-07-10 21:22:11 - [MESSAGE][PASSED] - Object: 'Object Repository/LoginPage/Login' is clicked on

2018-07-10 21:22:11 - [MESSAGE][PASSED] - projectSpecific.Reusability.login is PASSED

2018-07-10 21:22:11 - [TEST_STEP][PASSED] - delay: Delayed 15 second(s)

2018-07-10 21:22:26 - [MESSAGE][PASSED] - Delayed 15 second(s)

2018-07-10 21:22:26 - [TEST_STEP][PASSED] - Statement - driver = com.kms.katalon.core.webui.driver.DriverFactory.getWebDriver(): null

2018-07-10 21:22:26 - [TEST_STEP][PASSED] - uiaction.CommonUIActions.click: uiaction.CommonUIActions.click is PASSED

2018-07-10 21:22:28 - [MESSAGE][PASSED] - uiaction.CommonUIActions.click is PASSED

2018-07-10 21:22:28 - [TEST_STEP][PASSED] - delay: Delayed 10 second(s)

2018-07-10 21:22:38 - [MESSAGE][PASSED] - Delayed 10 second(s)

2018-07-10 21:22:38 - [TEST_STEP][PASSED] - uiaction.CommonUIActions.click: uiaction.CommonUIActions.click is PASSED

2018-07-10 21:22:49 - [MESSAGE][PASSED] - uiaction.CommonUIActions.click is PASSED

2018-07-10 21:22:49 - [TEST_STEP][PASSED] - delay: Delayed 15 second(s)

2018-07-10 21:23:04 - [MESSAGE][PASSED] - Delayed 15 second(s)

2018-07-10 21:23:04 - [TEST_STEP][PASSED] - uiaction.CommonUIActions.click: uiaction.CommonUIActions.click is PASSED

2018-07-10 21:23:08 - [MESSAGE][PASSED] - uiaction.CommonUIActions.click is PASSED

2018-07-10 21:23:08 - [TEST_STEP][PASSED] - delay: Delayed 10 second(s)

2018-07-10 21:23:18 - [MESSAGE][PASSED] - Delayed 10 second(s)

2018-07-10 21:23:18 - [TEST_STEP][PASSED] - uiaction.CommonUIActions.click: uiaction.CommonUIActions.click is PASSED

2018-07-10 21:23:18 - [MESSAGE][PASSED] - uiaction.CommonUIActions.click is PASSED

2018-07-10 21:23:18 - [TEST_STEP][PASSED] - uiaction.CommonUIActions.enter: uiaction.CommonUIActions.enter is PASSED

2018-07-10 21:23:18 - [MESSAGE][PASSED] - projectSpecific.Reusability.getTestData is PASSED

2018-07-10 21:23:18 - [MESSAGE][PASSED] - uiaction.CommonUIActions.enter is PASSED

2018-07-10 21:23:18 - [TEST_STEP][PASSED] - uiaction.CommonUIActions.enter: uiaction.CommonUIActions.enter is PASSED

2018-07-10 21:23:18 - [MESSAGE][PASSED] - projectSpecific.Reusability.getTestData is PASSED

2018-07-10 21:23:18 - [MESSAGE][PASSED] - uiaction.CommonUIActions.enter is PASSED

2018-07-10 21:23:18 - [TEST_STEP][PASSED] - delay: Delayed 10 second(s)

2018-07-10 21:23:28 - [MESSAGE][PASSED] - Delayed 10 second(s)

2018-07-10 21:23:28 - [TEST_STEP][PASSED] - Statement - grouplist = driver.findElements(org.openqa.selenium.By.xpath("//ul[@class='unlinked-grouplist']/li")): null

2018-07-10 21:23:28 - [TEST_STEP][PASSED] - delay: Delayed 10 second(s)

2018-07-10 21:23:38 - [MESSAGE][PASSED] - Delayed 10 second(s)

2018-07-10 21:23:38 - [TEST_STEP][PASSED] - Statement - size = grouplist.size(): null

2018-07-10 21:23:38 - [TEST_STEP][PASSED] - Statement - index = 0: null

2018-07-10 21:23:38 - [TEST_STEP][PASSED] - Statement - pattern = java.util.regex.Pattern.compile("[0-9]+"): null

2018-07-10 21:23:38 - [TEST_STEP][PASSED] - Statement - count = 0: null

2018-07-10 21:23:38 - [TEST_STEP][PASSED] - Statement - For ([i = 0, i < grouplist.size(), (i++)]): null

2018-07-10 21:23:38 - [TEST_STEP][PASSED] - Statement - txt = grouplist.get(i).getText(): null

2018-07-10 21:23:39 - [TEST_STEP][PASSED] - Statement - index = i + 1: null

2018-07-10 21:23:39 - [TEST_STEP][PASSED] - Statement - matched = pattern.matcher(txt).matches(): null

2018-07-10 21:23:39 - [TEST_STEP][PASSED] - Statement - If (matched): null

2018-07-10 21:23:39 - [TEST_STEP][PASSED] - Statement - txt = grouplist.get(i).getText(): null

2018-07-10 21:23:39 - [TEST_STEP][PASSED] - Statement - index = i + 1: null

2018-07-10 21:23:39 - [TEST_STEP][PASSED] - Statement - matched = pattern.matcher(txt).matches(): null

2018-07-10 21:23:39 - [TEST_STEP][PASSED] - Statement - If (matched): null

2018-07-10 21:23:39 - [TEST_STEP][PASSED] - Statement - txt = grouplist.get(i).getText(): null

2018-07-10 21:23:39 - [TEST_STEP][PASSED] - Statement - index = i + 1: null

2018-07-10 21:23:39 - [TEST_STEP][PASSED] - Statement - matched = pattern.matcher(txt).matches(): null

2018-07-10 21:23:39 - [TEST_STEP][PASSED] - Statement - If (matched): null

2018-07-10 21:23:39 - [TEST_STEP][PASSED] - Statement - txt = grouplist.get(i).getText(): null

2018-07-10 21:23:39 - [TEST_STEP][PASSED] - Statement - index = i + 1: null

2018-07-10 21:23:39 - [TEST_STEP][PASSED] - Statement - matched = pattern.matcher(txt).matches(): null

2018-07-10 21:23:39 - [TEST_STEP][PASSED] - Statement - If (matched): null

2018-07-10 21:23:39 - [TEST_STEP][PASSED] - Statement - txt = grouplist.get(i).getText(): null

2018-07-10 21:23:39 - [TEST_STEP][PASSED] - Statement - index = i + 1: null

2018-07-10 21:23:39 - [TEST_STEP][PASSED] - Statement - matched = pattern.matcher(txt).matches(): null

2018-07-10 21:23:39 - [TEST_STEP][PASSED] - Statement - If (matched): null

2018-07-10 21:23:39 - [TEST_STEP][PASSED] - Statement - txt = grouplist.get(i).getText(): null

2018-07-10 21:23:39 - [TEST_STEP][PASSED] - Statement - index = i + 1: null

2018-07-10 21:23:39 - [TEST_STEP][PASSED] - Statement - matched = pattern.matcher(txt).matches(): null

2018-07-10 21:23:39 - [TEST_STEP][PASSED] - Statement - If (matched): null

2018-07-10 21:23:39 - [TEST_STEP][PASSED] - Statement - txt = grouplist.get(i).getText(): null

2018-07-10 21:23:39 - [TEST_STEP][PASSED] - Statement - index = i + 1: null

2018-07-10 21:23:39 - [TEST_STEP][PASSED] - Statement - matched = pattern.matcher(txt).matches(): null

2018-07-10 21:23:39 - [TEST_STEP][PASSED] - Statement - If (matched): null

2018-07-10 21:23:39 - [TEST_STEP][PASSED] - Statement - txt = grouplist.get(i).getText(): null

2018-07-10 21:23:39 - [TEST_STEP][PASSED] - Statement - index = i + 1: null

2018-07-10 21:23:39 - [TEST_STEP][PASSED] - Statement - matched = pattern.matcher(txt).matches(): null

2018-07-10 21:23:39 - [TEST_STEP][PASSED] - Statement - If (matched): null

2018-07-10 21:23:39 - [TEST_STEP][PASSED] - Statement - driver.findElement(org.openqa.selenium.By.xpath("//button[contains(text(),'>')]")).click(): null

2018-07-10 21:23:39 - [TEST_STEP][PASSED] - delay: Delayed 10 second(s)

2018-07-10 21:23:49 - [MESSAGE][PASSED] - Delayed 10 second(s)

2018-07-10 21:23:49 - [TEST_STEP][PASSED] - uiaction.CommonUIActions.click: uiaction.CommonUIActions.click is PASSED

2018-07-10 21:23:49 - [MESSAGE][PASSED] - uiaction.CommonUIActions.click is PASSED

2018-07-10 21:23:49 - [TEST_STEP][PASSED] - uiaction.CommonUIActions.click: uiaction.CommonUIActions.click is PASSED

2018-07-10 21:23:49 - [MESSAGE][PASSED] - uiaction.CommonUIActions.click is PASSED

2018-07-10 21:23:49 - [TEST_STEP][PASSED] - delay: Delayed 10 second(s)

2018-07-10 21:23:59 - [MESSAGE][PASSED] - Delayed 10 second(s)

2018-07-10 21:23:59 - [TEST_STEP][PASSED] - uiaction.CommonUIActions.click: uiaction.CommonUIActions.click is PASSED

2018-07-10 21:23:59 - [MESSAGE][PASSED] - uiaction.CommonUIActions.click is PASSED

2018-07-10 21:23:59 - [TEST_STEP][PASSED] - delay: Delayed 15 second(s)

2018-07-10 21:24:14 - [MESSAGE][PASSED] - Delayed 15 second(s)

2018-07-10 21:24:14 - [TEST_STEP][PASSED] - Statement - groupmain = CustomKeywords.projectSpecific.Reusability.getTestData("ReportingGroupManagementPage", "dummyGroupName1"): projectSpecific.Reusability.getTestData is PASSED

2018-07-10 21:24:14 - [MESSAGE][PASSED] - projectSpecific.Reusability.getTestData is PASSED

2018-07-10 21:24:14 - [TEST_STEP][PASSED] - Statement - driver.findElement(org.openqa.selenium.By.xpath("//span[contains(text(),'" + groupmain + "')]/../../../../span[1]")).click(): null

2018-07-10 21:24:14 - [TEST_STEP][PASSED] - Statement - Catch (Exception e): null

2018-07-10 21:24:14 - [TEST_STEP][PASSED] - Statement - e.printStackTrace(): null

2018-07-10 21:24:14 - [TEST_STEP][PASSED] - Statement - println("Exception of element not found"): null

2018-07-10 21:24:14 - [TEST_STEP][PASSED] - Statement - If (TCflag): null

2018-07-10 21:24:14 - [TEST_STEP][PASSED] - Statement - assert TCflag == true: null

2018-07-10 21:24:14 - [TEST_STEP][PASSED] - Start listener action : sampleAfterTestCase: Browser is closed

2018-07-10 21:24:14 - [TEST_STEP][PASSED] - Statement - println(testCaseContext.getTestCaseId()): null

2018-07-10 21:24:14 - [TEST_STEP][PASSED] - Statement - println(testCaseContext.getTestCaseStatus()): null

2018-07-10 21:24:14 - [TEST_STEP][PASSED] - closeBrowser: Browser is closed

2018-07-10 21:24:15 - [MESSAGE][PASSED] - Browser is closed]]></system-out>
         <system-err><![CDATA[2018-07-10 21:21:15 - [TEST_CASE][FAILED] - Test Cases/SummaryReportsTC/HME-Summary Report-03: Test Cases/SummaryReportsTC/HME-Summary Report-03 FAILED because (of) org.codehaus.groovy.runtime.powerassert.PowerAssertionError: assert TCflag==true
       |     |
       false false]]></system-err>
      </testcase>
      <testcase name="Test Cases/SummaryReportsTC/HME-Summary Report-04" classname="Test Cases/SummaryReportsTC/HME-Summary Report-04" status="FAILED">
         <failure type="FAILED" message="org.codehaus.groovy.runtime.powerassert.PowerAssertionError: assert TCflag==true
       |     |
       false false"/>
         <system-out><![CDATA[2018-07-10 21:24:15 - [TEST_CASE][FAILED] - Test Cases/SummaryReportsTC/HME-Summary Report-04: Test Cases/SummaryReportsTC/HME-Summary Report-04 FAILED because (of) org.codehaus.groovy.runtime.powerassert.PowerAssertionError: assert TCflag==true
       |     |
       false false

2018-07-10 21:24:15 - [TEST_STEP][PASSED] - Start listener action : sampleBeforeTestCase: uiaction.CommonUIActions.deleteAllCookies is PASSED

2018-07-10 21:24:15 - [TEST_STEP][PASSED] - openBrowser: Browser is opened with url: ''

2018-07-10 21:24:17 - [MESSAGE][PASSED] - Browser is opened with url: ''

2018-07-10 21:24:17 - [TEST_STEP][PASSED] - maximizeWindow: Current window maximized

2018-07-10 21:24:18 - [MESSAGE][PASSED] - Current window maximized

2018-07-10 21:24:18 - [TEST_STEP][PASSED] - uiaction.CommonUIActions.deleteAllCookies: uiaction.CommonUIActions.deleteAllCookies is PASSED

2018-07-10 21:24:18 - [MESSAGE][PASSED] - Delete all cookies successfully

2018-07-10 21:24:18 - [MESSAGE][PASSED] - uiaction.CommonUIActions.deleteAllCookies is PASSED

2018-07-10 21:24:18 - [TEST_STEP][PASSED] - Statement - TCflag = true: null

2018-07-10 21:24:18 - [TEST_STEP][PASSED] - Statement - Try: null

2018-07-10 21:24:18 - [TEST_STEP][PASSED] - navigateToUrl: Navigate to 'https://engdev.hmedtcloud.com/?pg=Login' successfully

2018-07-10 21:24:27 - [MESSAGE][PASSED] - Navigate to 'https://engdev.hmedtcloud.com/?pg=Login' successfully

2018-07-10 21:24:27 - [TEST_STEP][PASSED] - delay: Delayed 10 second(s)

2018-07-10 21:24:37 - [MESSAGE][PASSED] - Delayed 10 second(s)

2018-07-10 21:24:37 - [TEST_STEP][PASSED] - navigateToUrl: Navigate to 'https://engdev.hmedtcloud.com/?pg=Login' successfully

2018-07-10 21:24:38 - [MESSAGE][PASSED] - Navigate to 'https://engdev.hmedtcloud.com/?pg=Login' successfully

2018-07-10 21:24:38 - [TEST_STEP][PASSED] - projectSpecific.Reusability.login: projectSpecific.Reusability.login is PASSED

2018-07-10 21:24:38 - [MESSAGE][PASSED] - projectSpecific.Reusability.getTestData is PASSED

2018-07-10 21:24:38 - [MESSAGE][PASSED] - projectSpecific.Reusability.getTestData is PASSED

2018-07-10 21:24:38 - [MESSAGE][PASSED] - Text 'selvendrank@nousinfo.com' is set on object 'Object Repository/LoginPage/Username'

2018-07-10 21:24:38 - [MESSAGE][PASSED] - Text 'Nous;123' is set on object 'Object Repository/LoginPage/Password'

2018-07-10 21:24:51 - [MESSAGE][PASSED] - Object: 'Object Repository/LoginPage/Login' is clicked on

2018-07-10 21:24:51 - [MESSAGE][PASSED] - projectSpecific.Reusability.login is PASSED

2018-07-10 21:24:51 - [TEST_STEP][PASSED] - delay: Delayed 10 second(s)

2018-07-10 21:25:01 - [MESSAGE][PASSED] - Delayed 10 second(s)

2018-07-10 21:25:01 - [TEST_STEP][PASSED] - delay: Delayed 10 second(s)

2018-07-10 21:25:11 - [MESSAGE][PASSED] - Delayed 10 second(s)

2018-07-10 21:25:11 - [TEST_STEP][PASSED] - uiaction.CommonUIActions.click: uiaction.CommonUIActions.click is PASSED

2018-07-10 21:25:13 - [MESSAGE][PASSED] - uiaction.CommonUIActions.click is PASSED

2018-07-10 21:25:13 - [TEST_STEP][PASSED] - uiaction.CommonUIActions.click: uiaction.CommonUIActions.click is PASSED

2018-07-10 21:25:24 - [MESSAGE][PASSED] - uiaction.CommonUIActions.click is PASSED

2018-07-10 21:25:24 - [TEST_STEP][PASSED] - uiaction.CommonUIActions.click: uiaction.CommonUIActions.click is PASSED

2018-07-10 21:25:28 - [MESSAGE][PASSED] - uiaction.CommonUIActions.click is PASSED

2018-07-10 21:25:28 - [TEST_STEP][PASSED] - uiaction.CommonUIActions.click: uiaction.CommonUIActions.click is PASSED

2018-07-10 21:25:28 - [MESSAGE][PASSED] - uiaction.CommonUIActions.click is PASSED

2018-07-10 21:25:28 - [TEST_STEP][PASSED] - uiaction.CommonUIActions.enter: uiaction.CommonUIActions.enter is PASSED

2018-07-10 21:25:28 - [MESSAGE][PASSED] - projectSpecific.Reusability.getTestData is PASSED

2018-07-10 21:25:28 - [MESSAGE][PASSED] - uiaction.CommonUIActions.enter is PASSED

2018-07-10 21:25:28 - [TEST_STEP][PASSED] - uiaction.CommonUIActions.enter: uiaction.CommonUIActions.enter is PASSED

2018-07-10 21:25:28 - [MESSAGE][PASSED] - projectSpecific.Reusability.getTestData is PASSED

2018-07-10 21:25:28 - [MESSAGE][PASSED] - uiaction.CommonUIActions.enter is PASSED

2018-07-10 21:25:28 - [TEST_STEP][PASSED] - delay: Delayed 10 second(s)

2018-07-10 21:25:38 - [MESSAGE][PASSED] - Delayed 10 second(s)

2018-07-10 21:25:38 - [TEST_STEP][PASSED] - Statement - groupmain = CustomKeywords.projectSpecific.Reusability.getTestData("ReportingGroupManagementPage", "Summarygrp"): projectSpecific.Reusability.getTestData is PASSED

2018-07-10 21:25:38 - [MESSAGE][PASSED] - projectSpecific.Reusability.getTestData is PASSED

2018-07-10 21:25:38 - [TEST_STEP][PASSED] - Statement - driver = com.kms.katalon.core.webui.driver.DriverFactory.getWebDriver(): null

2018-07-10 21:25:38 - [TEST_STEP][PASSED] - Statement - grouplist = driver.findElements(org.openqa.selenium.By.xpath("//ul[@class='unlinked-grouplist']/li")): null

2018-07-10 21:25:38 - [TEST_STEP][PASSED] - delay: Delayed 10 second(s)

2018-07-10 21:25:48 - [MESSAGE][PASSED] - Delayed 10 second(s)

2018-07-10 21:25:48 - [TEST_STEP][PASSED] - Statement - For ([i = 0, i < 50, (i++)]): null

2018-07-10 21:25:48 - [TEST_STEP][PASSED] - Statement - println(grouplist.get(i).getText()): null

2018-07-10 21:25:48 - [TEST_STEP][PASSED] - Statement - If (grouplist.get(i).getText().contains("0000")): null

2018-07-10 21:25:48 - [TEST_STEP][PASSED] - Statement - println(grouplist.get(i).getText()): null

2018-07-10 21:25:48 - [TEST_STEP][PASSED] - Statement - If (grouplist.get(i).getText().contains("0000")): null

2018-07-10 21:25:48 - [TEST_STEP][PASSED] - Statement - println(grouplist.get(i).getText()): null

2018-07-10 21:25:49 - [TEST_STEP][PASSED] - Statement - If (grouplist.get(i).getText().contains("0000")): null

2018-07-10 21:25:49 - [TEST_STEP][PASSED] - Statement - println(grouplist.get(i).getText()): null

2018-07-10 21:25:49 - [TEST_STEP][PASSED] - Statement - If (grouplist.get(i).getText().contains("0000")): null

2018-07-10 21:25:49 - [TEST_STEP][PASSED] - Statement - println(grouplist.get(i).getText()): null

2018-07-10 21:25:49 - [TEST_STEP][PASSED] - Statement - If (grouplist.get(i).getText().contains("0000")): null

2018-07-10 21:25:49 - [TEST_STEP][PASSED] - Statement - println(grouplist.get(i).getText()): null

2018-07-10 21:25:49 - [TEST_STEP][PASSED] - Statement - If (grouplist.get(i).getText().contains("0000")): null

2018-07-10 21:25:49 - [TEST_STEP][PASSED] - Statement - println(grouplist.get(i).getText()): null

2018-07-10 21:25:49 - [TEST_STEP][PASSED] - Statement - If (grouplist.get(i).getText().contains("0000")): null

2018-07-10 21:25:49 - [TEST_STEP][PASSED] - Statement - println(grouplist.get(i).getText()): null

2018-07-10 21:25:49 - [TEST_STEP][PASSED] - Statement - If (grouplist.get(i).getText().contains("0000")): null

2018-07-10 21:25:49 - [TEST_STEP][PASSED] - Statement - println(grouplist.get(i).getText()): null

2018-07-10 21:25:49 - [TEST_STEP][PASSED] - Statement - Catch (Exception e): null

2018-07-10 21:25:49 - [TEST_STEP][PASSED] - Statement - e.printStackTrace(): null

2018-07-10 21:25:49 - [TEST_STEP][PASSED] - Statement - println("Exception of element not found"): null

2018-07-10 21:25:49 - [TEST_STEP][PASSED] - Statement - If (TCflag): null

2018-07-10 21:25:49 - [TEST_STEP][PASSED] - Statement - assert TCflag == true: null

2018-07-10 21:25:49 - [TEST_STEP][PASSED] - Start listener action : sampleAfterTestCase: Browser is closed

2018-07-10 21:25:49 - [TEST_STEP][PASSED] - Statement - println(testCaseContext.getTestCaseId()): null

2018-07-10 21:25:49 - [TEST_STEP][PASSED] - Statement - println(testCaseContext.getTestCaseStatus()): null

2018-07-10 21:25:49 - [TEST_STEP][PASSED] - closeBrowser: Browser is closed

2018-07-10 21:25:49 - [MESSAGE][PASSED] - Browser is closed]]></system-out>
         <system-err><![CDATA[2018-07-10 21:24:15 - [TEST_CASE][FAILED] - Test Cases/SummaryReportsTC/HME-Summary Report-04: Test Cases/SummaryReportsTC/HME-Summary Report-04 FAILED because (of) org.codehaus.groovy.runtime.powerassert.PowerAssertionError: assert TCflag==true
       |     |
       false false]]></system-err>
      </testcase>
      <testcase name="Test Cases/SummaryReportsTC/HME-Summary Report-05" classname="Test Cases/SummaryReportsTC/HME-Summary Report-05" status="FAILED">
         <failure type="FAILED" message="Unable to verify match between actual text 'Web element with id: 'Object Repository/SummarizedReportPage/startTimeText' located by 'By.xpath: //table[@class='rawcar-header-labels clear']/tbody/tr[1]/td[2]' not found' and expected text 'MAR 1, 2018 OPEN' (Root cause: Actual text 'Web element with id: 'Object Repository/SummarizedReportPage/startTimeText' located by 'By.xpath: //table[@class='rawcar-header-labels clear']/tbody/tr[1]/td[2]' not found' and expected text 'MAR 1, 2018 OPEN' are not matched)"/>
         <system-out><![CDATA[2018-07-10 21:25:49 - [TEST_CASE][FAILED] - Test Cases/SummaryReportsTC/HME-Summary Report-05: Test Cases/SummaryReportsTC/HME-Summary Report-05 FAILED because (of) Unable to verify match between actual text 'Web element with id: 'Object Repository/SummarizedReportPage/startTimeText' located by 'By.xpath: //table[@class='rawcar-header-labels clear']/tbody/tr[1]/td[2]' not found' and expected text 'MAR 1, 2018 OPEN' (Root cause: Actual text 'Web element with id: 'Object Repository/SummarizedReportPage/startTimeText' located by 'By.xpath: //table[@class='rawcar-header-labels clear']/tbody/tr[1]/td[2]' not found' and expected text 'MAR 1, 2018 OPEN' are not matched)

2018-07-10 21:25:49 - [TEST_STEP][PASSED] - Start listener action : sampleBeforeTestCase: uiaction.CommonUIActions.deleteAllCookies is PASSED

2018-07-10 21:25:49 - [TEST_STEP][PASSED] - openBrowser: Browser is opened with url: ''

2018-07-10 21:25:51 - [MESSAGE][PASSED] - Browser is opened with url: ''

2018-07-10 21:25:51 - [TEST_STEP][PASSED] - maximizeWindow: Current window maximized

2018-07-10 21:25:53 - [MESSAGE][PASSED] - Current window maximized

2018-07-10 21:25:53 - [TEST_STEP][PASSED] - uiaction.CommonUIActions.deleteAllCookies: uiaction.CommonUIActions.deleteAllCookies is PASSED

2018-07-10 21:25:53 - [MESSAGE][PASSED] - Delete all cookies successfully

2018-07-10 21:25:53 - [MESSAGE][PASSED] - uiaction.CommonUIActions.deleteAllCookies is PASSED

2018-07-10 21:25:53 - [TEST_STEP][PASSED] - Statement - TCflag = true: null

2018-07-10 21:25:53 - [TEST_STEP][FAILED] - Statement - Try: uiaction.CommonUIActions.click is PASSED

2018-07-10 21:25:53 - [TEST_STEP][PASSED] - navigateToUrl: Navigate to 'https://engdev.hmedtcloud.com/?pg=Login' successfully

2018-07-10 21:26:01 - [MESSAGE][PASSED] - Navigate to 'https://engdev.hmedtcloud.com/?pg=Login' successfully

2018-07-10 21:26:01 - [TEST_STEP][PASSED] - delay: Delayed 10 second(s)

2018-07-10 21:26:11 - [MESSAGE][PASSED] - Delayed 10 second(s)

2018-07-10 21:26:11 - [TEST_STEP][PASSED] - navigateToUrl: Navigate to 'https://engdev.hmedtcloud.com/?pg=Login' successfully

2018-07-10 21:26:13 - [MESSAGE][PASSED] - Navigate to 'https://engdev.hmedtcloud.com/?pg=Login' successfully

2018-07-10 21:26:13 - [TEST_STEP][PASSED] - projectSpecific.Reusability.login: projectSpecific.Reusability.login is PASSED

2018-07-10 21:26:13 - [MESSAGE][PASSED] - projectSpecific.Reusability.getTestData is PASSED

2018-07-10 21:26:13 - [MESSAGE][PASSED] - projectSpecific.Reusability.getTestData is PASSED

2018-07-10 21:26:13 - [MESSAGE][PASSED] - Text 'selvendrank@nousinfo.com' is set on object 'Object Repository/LoginPage/Username'

2018-07-10 21:26:13 - [MESSAGE][PASSED] - Text 'Nous;123' is set on object 'Object Repository/LoginPage/Password'

2018-07-10 21:26:26 - [MESSAGE][PASSED] - Object: 'Object Repository/LoginPage/Login' is clicked on

2018-07-10 21:26:26 - [MESSAGE][PASSED] - projectSpecific.Reusability.login is PASSED

2018-07-10 21:26:26 - [TEST_STEP][PASSED] - delay: Delayed 15 second(s)

2018-07-10 21:26:41 - [MESSAGE][PASSED] - Delayed 15 second(s)

2018-07-10 21:26:41 - [TEST_STEP][PASSED] - uiaction.CommonUIActions.click: uiaction.CommonUIActions.click is PASSED

2018-07-10 21:26:42 - [MESSAGE][PASSED] - uiaction.CommonUIActions.click is PASSED

2018-07-10 21:26:42 - [TEST_STEP][PASSED] - delay: Delayed 10 second(s)

2018-07-10 21:26:52 - [MESSAGE][PASSED] - Delayed 10 second(s)

2018-07-10 21:26:52 - [TEST_STEP][PASSED] - uiaction.CommonUIActions.click: uiaction.CommonUIActions.click is PASSED

2018-07-10 21:26:56 - [MESSAGE][PASSED] - uiaction.CommonUIActions.click is PASSED

2018-07-10 21:26:56 - [TEST_STEP][PASSED] - delay: Delayed 15 second(s)

2018-07-10 21:27:11 - [MESSAGE][PASSED] - Delayed 15 second(s)

2018-07-10 21:27:11 - [TEST_STEP][PASSED] - Statement - driver = com.kms.katalon.core.webui.driver.DriverFactory.getWebDriver(): null

2018-07-10 21:27:11 - [TEST_STEP][PASSED] - Statement - storeGrpList = driver.findElements(org.openqa.selenium.By.xpath(com.kms.katalon.core.testdata.TestDataFactory.findTestData(OR_file).getValue(2, 26))): Reading excel file with source file 'C:\Users\shalinin\Katalon Studio\HME_DEVScripts\Data Files\HME_OR.xlsx' and sheet name 'Sheet1'

2018-07-10 21:27:11 - [TEST_STEP][PASSED] - Statement - size = storeGrpList.size(): null

2018-07-10 21:27:11 - [TEST_STEP][PASSED] - Statement - index = 0: null

2018-07-10 21:27:11 - [TEST_STEP][PASSED] - Statement - pattern = java.util.regex.Pattern.compile("[0-9]+"): null

2018-07-10 21:27:11 - [TEST_STEP][PASSED] - Statement - For ([i = 0, i < size, (i++)]): null

2018-07-10 21:27:11 - [TEST_STEP][PASSED] - Statement - txt = storeGrpList.get(i).getText(): null

2018-07-10 21:27:11 - [TEST_STEP][PASSED] - Statement - index = i + 1: null

2018-07-10 21:27:11 - [TEST_STEP][PASSED] - Statement - matched = pattern.matcher(txt).matches(): null

2018-07-10 21:27:11 - [TEST_STEP][PASSED] - Statement - If (matched): null

2018-07-10 21:27:11 - [TEST_STEP][PASSED] - Statement - txt = storeGrpList.get(i).getText(): null

2018-07-10 21:27:11 - [TEST_STEP][PASSED] - Statement - index = i + 1: null

2018-07-10 21:27:11 - [TEST_STEP][PASSED] - Statement - matched = pattern.matcher(txt).matches(): null

2018-07-10 21:27:11 - [TEST_STEP][PASSED] - Statement - If (matched): null

2018-07-10 21:27:11 - [TEST_STEP][PASSED] - Statement - txt = storeGrpList.get(i).getText(): null

2018-07-10 21:27:11 - [TEST_STEP][PASSED] - Statement - index = i + 1: null

2018-07-10 21:27:11 - [TEST_STEP][PASSED] - Statement - matched = pattern.matcher(txt).matches(): null

2018-07-10 21:27:11 - [TEST_STEP][PASSED] - Statement - If (matched): null

2018-07-10 21:27:11 - [TEST_STEP][PASSED] - Statement - txt = storeGrpList.get(i).getText(): null

2018-07-10 21:27:11 - [TEST_STEP][PASSED] - Statement - index = i + 1: null

2018-07-10 21:27:11 - [TEST_STEP][PASSED] - Statement - matched = pattern.matcher(txt).matches(): null

2018-07-10 21:27:11 - [TEST_STEP][PASSED] - Statement - If (matched): null

2018-07-10 21:27:11 - [TEST_STEP][PASSED] - Statement - txt = storeGrpList.get(i).getText(): null

2018-07-10 21:27:11 - [TEST_STEP][PASSED] - Statement - index = i + 1: null

2018-07-10 21:27:11 - [TEST_STEP][PASSED] - Statement - matched = pattern.matcher(txt).matches(): null

2018-07-10 21:27:11 - [TEST_STEP][PASSED] - Statement - If (matched): null

2018-07-10 21:27:11 - [TEST_STEP][PASSED] - Statement - txt = storeGrpList.get(i).getText(): null

2018-07-10 21:27:11 - [TEST_STEP][PASSED] - Statement - index = i + 1: null

2018-07-10 21:27:11 - [TEST_STEP][PASSED] - Statement - matched = pattern.matcher(txt).matches(): null

2018-07-10 21:27:11 - [TEST_STEP][PASSED] - Statement - If (matched): null

2018-07-10 21:27:11 - [TEST_STEP][PASSED] - Statement - txt = storeGrpList.get(i).getText(): null

2018-07-10 21:27:11 - [TEST_STEP][PASSED] - Statement - index = i + 1: null

2018-07-10 21:27:11 - [TEST_STEP][PASSED] - Statement - matched = pattern.matcher(txt).matches(): null

2018-07-10 21:27:11 - [TEST_STEP][PASSED] - Statement - If (matched): null

2018-07-10 21:27:11 - [TEST_STEP][PASSED] - Statement - txt = storeGrpList.get(i).getText(): null

2018-07-10 21:27:11 - [TEST_STEP][PASSED] - Statement - index = i + 1: null

2018-07-10 21:27:11 - [TEST_STEP][PASSED] - Statement - matched = pattern.matcher(txt).matches(): null

2018-07-10 21:27:11 - [TEST_STEP][PASSED] - Statement - If (matched): null

2018-07-10 21:27:11 - [TEST_STEP][PASSED] - delay: Delayed 5 second(s)

2018-07-10 21:27:16 - [MESSAGE][PASSED] - Delayed 5 second(s)

2018-07-10 21:27:16 - [TEST_STEP][PASSED] - click: Object: 'Object Repository/ReportsPage/timeSelection' is clicked on

2018-07-10 21:27:16 - [MESSAGE][PASSED] - Object: 'Object Repository/ReportsPage/timeSelection' is clicked on

2018-07-10 21:27:16 - [TEST_STEP][PASSED] - click: Object: 'Object Repository/ReportsPage/dayTimeOption' is clicked on

2018-07-10 21:27:16 - [MESSAGE][PASSED] - Object: 'Object Repository/ReportsPage/dayTimeOption' is clicked on

2018-07-10 21:27:16 - [TEST_STEP][PASSED] - verifyElementText: Actual text and expected text of test object 'Object Repository/ReportsPage/dayTimeOption' are matched.

2018-07-10 21:27:16 - [MESSAGE][PASSED] - projectSpecific.Reusability.getTestData is PASSED

2018-07-10 21:27:16 - [MESSAGE][PASSED] - Actual text and expected text of test object 'Object Repository/ReportsPage/dayTimeOption' are matched.

2018-07-10 21:27:16 - [TEST_STEP][PASSED] - delay: Delayed 5 second(s)

2018-07-10 21:27:21 - [MESSAGE][PASSED] - Delayed 5 second(s)

2018-07-10 21:27:21 - [TEST_STEP][PASSED] - click: Object: 'Object Repository/ReportsPage/fromDateSelector' is clicked on

2018-07-10 21:27:22 - [MESSAGE][PASSED] - Object: 'Object Repository/ReportsPage/fromDateSelector' is clicked on

2018-07-10 21:27:22 - [TEST_STEP][PASSED] - delay: Delayed 5 second(s)

2018-07-10 21:27:27 - [MESSAGE][PASSED] - Delayed 5 second(s)

2018-07-10 21:27:27 - [TEST_STEP][PASSED] - Statement - monthText = com.kms.katalon.core.webui.keyword.WebUiBuiltInKeywords.getText(com.kms.katalon.core.testobject.ObjectRepository.findTestObject(ReportsPage/monthText)): Text of object 'Object Repository/ReportsPage/monthText' is: 'July 2018'

2018-07-10 21:27:27 - [MESSAGE][PASSED] - Text of object 'Object Repository/ReportsPage/monthText' is: 'July 2018'

2018-07-10 21:27:27 - [TEST_STEP][PASSED] - Statement - monthTextArray = monthText.split(" "): null

2018-07-10 21:27:27 - [TEST_STEP][PASSED] - Statement - month = monthTextArray[0]: null

2018-07-10 21:27:27 - [TEST_STEP][PASSED] - Statement - monthTextValue = CustomKeywords.projectSpecific.Reusability.getTestData("ReportsPage", "Month"): projectSpecific.Reusability.getTestData is PASSED

2018-07-10 21:27:27 - [MESSAGE][PASSED] - projectSpecific.Reusability.getTestData is PASSED

2018-07-10 21:27:27 - [TEST_STEP][PASSED] - Statement - If (!(monthTextValue.equals(month))): null

2018-07-10 21:27:27 - [TEST_STEP][PASSED] - Statement - While (!(monthTextValue.equals(month))): null

2018-07-10 21:27:27 - [TEST_STEP][PASSED] - click: Object: 'Object Repository/ReportsPage/previousDateSelector' is clicked on

2018-07-10 21:27:27 - [MESSAGE][PASSED] - Object: 'Object Repository/ReportsPage/previousDateSelector' is clicked on

2018-07-10 21:27:27 - [TEST_STEP][PASSED] - Statement - monthText = com.kms.katalon.core.webui.keyword.WebUiBuiltInKeywords.getText(com.kms.katalon.core.testobject.ObjectRepository.findTestObject(ReportsPage/monthText)): Text of object 'Object Repository/ReportsPage/monthText' is: 'June 2018'

2018-07-10 21:27:27 - [MESSAGE][PASSED] - Text of object 'Object Repository/ReportsPage/monthText' is: 'June 2018'

2018-07-10 21:27:27 - [TEST_STEP][PASSED] - Statement - monthTextArray = monthText.split(" "): null

2018-07-10 21:27:27 - [TEST_STEP][PASSED] - Statement - month = monthTextArray[0]: null

2018-07-10 21:27:27 - [TEST_STEP][PASSED] - click: Object: 'Object Repository/ReportsPage/previousDateSelector' is clicked on

2018-07-10 21:27:27 - [MESSAGE][PASSED] - Object: 'Object Repository/ReportsPage/previousDateSelector' is clicked on

2018-07-10 21:27:27 - [TEST_STEP][PASSED] - Statement - monthText = com.kms.katalon.core.webui.keyword.WebUiBuiltInKeywords.getText(com.kms.katalon.core.testobject.ObjectRepository.findTestObject(ReportsPage/monthText)): Text of object 'Object Repository/ReportsPage/monthText' is: 'May 2018'

2018-07-10 21:27:27 - [MESSAGE][PASSED] - Text of object 'Object Repository/ReportsPage/monthText' is: 'May 2018'

2018-07-10 21:27:27 - [TEST_STEP][PASSED] - Statement - monthTextArray = monthText.split(" "): null

2018-07-10 21:27:27 - [TEST_STEP][PASSED] - Statement - month = monthTextArray[0]: null

2018-07-10 21:27:27 - [TEST_STEP][PASSED] - click: Object: 'Object Repository/ReportsPage/previousDateSelector' is clicked on

2018-07-10 21:27:27 - [MESSAGE][PASSED] - Object: 'Object Repository/ReportsPage/previousDateSelector' is clicked on

2018-07-10 21:27:27 - [TEST_STEP][PASSED] - Statement - monthText = com.kms.katalon.core.webui.keyword.WebUiBuiltInKeywords.getText(com.kms.katalon.core.testobject.ObjectRepository.findTestObject(ReportsPage/monthText)): Text of object 'Object Repository/ReportsPage/monthText' is: 'April 2018'

2018-07-10 21:27:27 - [MESSAGE][PASSED] - Text of object 'Object Repository/ReportsPage/monthText' is: 'April 2018'

2018-07-10 21:27:27 - [TEST_STEP][PASSED] - Statement - monthTextArray = monthText.split(" "): null

2018-07-10 21:27:27 - [TEST_STEP][PASSED] - Statement - month = monthTextArray[0]: null

2018-07-10 21:27:27 - [TEST_STEP][PASSED] - click: Object: 'Object Repository/ReportsPage/previousDateSelector' is clicked on

2018-07-10 21:27:27 - [MESSAGE][PASSED] - Object: 'Object Repository/ReportsPage/previousDateSelector' is clicked on

2018-07-10 21:27:27 - [TEST_STEP][PASSED] - Statement - monthText = com.kms.katalon.core.webui.keyword.WebUiBuiltInKeywords.getText(com.kms.katalon.core.testobject.ObjectRepository.findTestObject(ReportsPage/monthText)): Text of object 'Object Repository/ReportsPage/monthText' is: 'March 2018'

2018-07-10 21:27:27 - [MESSAGE][PASSED] - Text of object 'Object Repository/ReportsPage/monthText' is: 'March 2018'

2018-07-10 21:27:27 - [TEST_STEP][PASSED] - Statement - monthTextArray = monthText.split(" "): null

2018-07-10 21:27:27 - [TEST_STEP][PASSED] - Statement - month = monthTextArray[0]: null

2018-07-10 21:27:27 - [TEST_STEP][PASSED] - Statement - data = CustomKeywords.projectSpecific.Reusability.getTestData("ReportsPage", "StartDate"): projectSpecific.Reusability.getTestData is PASSED

2018-07-10 21:27:27 - [MESSAGE][PASSED] - projectSpecific.Reusability.getTestData is PASSED

2018-07-10 21:27:27 - [TEST_STEP][PASSED] - Statement - startDate = "(//td[text()='" + data + "'])[1]": null

2018-07-10 21:27:27 - [TEST_STEP][PASSED] - Statement - println(startDate): null

2018-07-10 21:27:27 - [TEST_STEP][PASSED] - Statement - startdateEle = driver.findElement(org.openqa.selenium.By.xpath(startDate)): null

2018-07-10 21:27:27 - [TEST_STEP][PASSED] - Statement - startdateEle.click(): null

2018-07-10 21:27:27 - [TEST_STEP][PASSED] - delay: Delayed 10 second(s)

2018-07-10 21:27:37 - [MESSAGE][PASSED] - Delayed 10 second(s)

2018-07-10 21:27:37 - [TEST_STEP][PASSED] - click: Object: 'Object Repository/ReportsPage/toDateSelector' is clicked on

2018-07-10 21:27:37 - [MESSAGE][PASSED] - Object: 'Object Repository/ReportsPage/toDateSelector' is clicked on

2018-07-10 21:27:37 - [TEST_STEP][PASSED] - Statement - monthText = com.kms.katalon.core.webui.keyword.WebUiBuiltInKeywords.getText(com.kms.katalon.core.testobject.ObjectRepository.findTestObject(ReportsPage/monthText2)): Text of object 'Object Repository/ReportsPage/monthText2' is: 'July 2018'

2018-07-10 21:27:37 - [MESSAGE][PASSED] - Text of object 'Object Repository/ReportsPage/monthText2' is: 'July 2018'

2018-07-10 21:27:37 - [TEST_STEP][PASSED] - Statement - monthTextArray = monthText.split(" "): null

2018-07-10 21:27:37 - [TEST_STEP][PASSED] - Statement - month = monthTextArray[0]: null

2018-07-10 21:27:37 - [TEST_STEP][PASSED] - Statement - monthTextValue1 = CustomKeywords.projectSpecific.Reusability.getTestData("ReportsPage", "Month"): projectSpecific.Reusability.getTestData is PASSED

2018-07-10 21:27:37 - [MESSAGE][PASSED] - projectSpecific.Reusability.getTestData is PASSED

2018-07-10 21:27:37 - [TEST_STEP][PASSED] - Statement - If (!(monthTextValue1.equals(month))): null

2018-07-10 21:27:37 - [TEST_STEP][PASSED] - Statement - While (!(monthTextValue1.equals(month))): null

2018-07-10 21:27:37 - [TEST_STEP][PASSED] - click: Object: 'Object Repository/ReportsPage/previousDateSelector2' is clicked on

2018-07-10 21:27:37 - [MESSAGE][PASSED] - Object: 'Object Repository/ReportsPage/previousDateSelector2' is clicked on

2018-07-10 21:27:37 - [TEST_STEP][PASSED] - Statement - monthText = com.kms.katalon.core.webui.keyword.WebUiBuiltInKeywords.getText(com.kms.katalon.core.testobject.ObjectRepository.findTestObject(ReportsPage/monthText2)): Text of object 'Object Repository/ReportsPage/monthText2' is: 'June 2018'

2018-07-10 21:27:37 - [MESSAGE][PASSED] - Text of object 'Object Repository/ReportsPage/monthText2' is: 'June 2018'

2018-07-10 21:27:37 - [TEST_STEP][PASSED] - Statement - monthTextArray = monthText.split(" "): null

2018-07-10 21:27:37 - [TEST_STEP][PASSED] - Statement - month = monthTextArray[0]: null

2018-07-10 21:27:37 - [TEST_STEP][PASSED] - click: Object: 'Object Repository/ReportsPage/previousDateSelector2' is clicked on

2018-07-10 21:27:37 - [MESSAGE][PASSED] - Object: 'Object Repository/ReportsPage/previousDateSelector2' is clicked on

2018-07-10 21:27:37 - [TEST_STEP][PASSED] - Statement - monthText = com.kms.katalon.core.webui.keyword.WebUiBuiltInKeywords.getText(com.kms.katalon.core.testobject.ObjectRepository.findTestObject(ReportsPage/monthText2)): Text of object 'Object Repository/ReportsPage/monthText2' is: 'May 2018'

2018-07-10 21:27:37 - [MESSAGE][PASSED] - Text of object 'Object Repository/ReportsPage/monthText2' is: 'May 2018'

2018-07-10 21:27:37 - [TEST_STEP][PASSED] - Statement - monthTextArray = monthText.split(" "): null

2018-07-10 21:27:37 - [TEST_STEP][PASSED] - Statement - month = monthTextArray[0]: null

2018-07-10 21:27:37 - [TEST_STEP][PASSED] - click: Object: 'Object Repository/ReportsPage/previousDateSelector2' is clicked on

2018-07-10 21:27:37 - [MESSAGE][PASSED] - Object: 'Object Repository/ReportsPage/previousDateSelector2' is clicked on

2018-07-10 21:27:37 - [TEST_STEP][PASSED] - Statement - monthText = com.kms.katalon.core.webui.keyword.WebUiBuiltInKeywords.getText(com.kms.katalon.core.testobject.ObjectRepository.findTestObject(ReportsPage/monthText2)): Text of object 'Object Repository/ReportsPage/monthText2' is: 'April 2018'

2018-07-10 21:27:37 - [MESSAGE][PASSED] - Text of object 'Object Repository/ReportsPage/monthText2' is: 'April 2018'

2018-07-10 21:27:37 - [TEST_STEP][PASSED] - Statement - monthTextArray = monthText.split(" "): null

2018-07-10 21:27:37 - [TEST_STEP][PASSED] - Statement - month = monthTextArray[0]: null

2018-07-10 21:27:37 - [TEST_STEP][PASSED] - click: Object: 'Object Repository/ReportsPage/previousDateSelector2' is clicked on

2018-07-10 21:27:37 - [MESSAGE][PASSED] - Object: 'Object Repository/ReportsPage/previousDateSelector2' is clicked on

2018-07-10 21:27:37 - [TEST_STEP][PASSED] - Statement - monthText = com.kms.katalon.core.webui.keyword.WebUiBuiltInKeywords.getText(com.kms.katalon.core.testobject.ObjectRepository.findTestObject(ReportsPage/monthText2)): Text of object 'Object Repository/ReportsPage/monthText2' is: 'March 2018'

2018-07-10 21:27:37 - [MESSAGE][PASSED] - Text of object 'Object Repository/ReportsPage/monthText2' is: 'March 2018'

2018-07-10 21:27:37 - [TEST_STEP][PASSED] - Statement - monthTextArray = monthText.split(" "): null

2018-07-10 21:27:37 - [TEST_STEP][PASSED] - Statement - month = monthTextArray[0]: null

2018-07-10 21:27:37 - [TEST_STEP][PASSED] - Statement - endDate = CustomKeywords.projectSpecific.Reusability.getTestData("ReportsPage", "StartDate"): projectSpecific.Reusability.getTestData is PASSED

2018-07-10 21:27:37 - [MESSAGE][PASSED] - projectSpecific.Reusability.getTestData is PASSED

2018-07-10 21:27:37 - [TEST_STEP][PASSED] - Statement - toDate = "(//div[@class='rdt date-time rdtOpen']/div[@class='rdtPicker']/div/table/tbody/tr/td[text()='" + endDate + "'])[1]": null

2018-07-10 21:27:37 - [TEST_STEP][PASSED] - Statement - println(toDate): null

2018-07-10 21:27:37 - [TEST_STEP][PASSED] - Statement - toDateEle = driver.findElement(org.openqa.selenium.By.xpath(toDate)): null

2018-07-10 21:27:38 - [TEST_STEP][PASSED] - Statement - toDateEle.click(): null

2018-07-10 21:27:38 - [TEST_STEP][PASSED] - delay: Delayed 5 second(s)

2018-07-10 21:27:43 - [MESSAGE][PASSED] - Delayed 5 second(s)

2018-07-10 21:27:43 - [TEST_STEP][PASSED] - Statement - dateAttr = com.kms.katalon.core.webui.keyword.WebUiBuiltInKeywords.getAttribute(com.kms.katalon.core.testobject.ObjectRepository.findTestObject(ReportsPage/selectedDate1), "value"): Attribute 'value' of object 'Object Repository/ReportsPage/selectedDate1' is: '03/01/2018'

2018-07-10 21:27:43 - [MESSAGE][PASSED] - Attribute 'value' of object 'Object Repository/ReportsPage/selectedDate1' is: '03/01/2018'

2018-07-10 21:27:43 - [TEST_STEP][PASSED] - Statement - fromDateValue = CustomKeywords.projectSpecific.Reusability.getTestData("ReportsPage", "fromDate_march"): projectSpecific.Reusability.getTestData is PASSED

2018-07-10 21:27:43 - [MESSAGE][PASSED] - projectSpecific.Reusability.getTestData is PASSED

2018-07-10 21:27:43 - [TEST_STEP][PASSED] - Statement - If (!(dateAttr.equals(fromDateValue))): null

2018-07-10 21:27:43 - [TEST_STEP][PASSED] - Statement - dateAttr = com.kms.katalon.core.webui.keyword.WebUiBuiltInKeywords.getAttribute(com.kms.katalon.core.testobject.ObjectRepository.findTestObject(ReportsPage/selectedDate2), "value"): Attribute 'value' of object 'Object Repository/ReportsPage/selectedDate2' is: '03/01/2018'

2018-07-10 21:27:43 - [MESSAGE][PASSED] - Attribute 'value' of object 'Object Repository/ReportsPage/selectedDate2' is: '03/01/2018'

2018-07-10 21:27:43 - [TEST_STEP][PASSED] - Statement - toDateValue = CustomKeywords.projectSpecific.Reusability.getTestData("ReportsPage", "fromDate_march"): projectSpecific.Reusability.getTestData is PASSED

2018-07-10 21:27:43 - [MESSAGE][PASSED] - projectSpecific.Reusability.getTestData is PASSED

2018-07-10 21:27:43 - [TEST_STEP][PASSED] - Statement - If (!(dateAttr.equals(toDateValue))): null

2018-07-10 21:27:43 - [TEST_STEP][PASSED] - verifyElementText: Actual text and expected text of test object 'Object Repository/ReportsPage/includeText' are matched.

2018-07-10 21:27:43 - [MESSAGE][PASSED] - projectSpecific.Reusability.getTestData is PASSED

2018-07-10 21:27:43 - [MESSAGE][PASSED] - Actual text and expected text of test object 'Object Repository/ReportsPage/includeText' are matched.

2018-07-10 21:27:43 - [TEST_STEP][PASSED] - verifyElementText: Actual text and expected text of test object 'Object Repository/ReportsPage/formatText' are matched.

2018-07-10 21:27:43 - [MESSAGE][PASSED] - projectSpecific.Reusability.getTestData is PASSED

2018-07-10 21:27:43 - [MESSAGE][PASSED] - Actual text and expected text of test object 'Object Repository/ReportsPage/formatText' are matched.

2018-07-10 21:27:43 - [TEST_STEP][PASSED] - click: Object: 'Object Repository/ReportsPage/generateReport' is clicked on

2018-07-10 21:27:43 - [MESSAGE][PASSED] - Object: 'Object Repository/ReportsPage/generateReport' is clicked on

2018-07-10 21:27:43 - [TEST_STEP][PASSED] - delay: Delayed 15 second(s)

2018-07-10 21:27:58 - [MESSAGE][PASSED] - Delayed 15 second(s)

2018-07-10 21:27:58 - [TEST_STEP][PASSED] - delay: Delayed 15 second(s)

2018-07-10 21:28:13 - [MESSAGE][PASSED] - Delayed 15 second(s)

2018-07-10 21:28:13 - [TEST_STEP][PASSED] - Statement - startTime = CustomKeywords.projectSpecific.Reusability.getTestData("SummarizedReportPage", "reportstartTime1"): projectSpecific.Reusability.getTestData is PASSED

2018-07-10 21:28:13 - [MESSAGE][PASSED] - projectSpecific.Reusability.getTestData is PASSED

2018-07-10 21:28:13 - [TEST_STEP][PASSED] - Statement - startTimeText = CustomKeywords.uiaction.CommonUIActions.getText(com.kms.katalon.core.testobject.ObjectRepository.findTestObject(SummarizedReportPage/startTimeText)): uiaction.CommonUIActions.getText is PASSED

2018-07-10 21:28:34 - [MESSAGE][PASSED] - uiaction.CommonUIActions.getText is PASSED

2018-07-10 21:28:34 - [TEST_STEP][PASSED] - Statement - startTime = startTime.trim(): null

2018-07-10 21:28:34 - [TEST_STEP][PASSED] - Statement - startTimeText = startTimeText.trim(): null

2018-07-10 21:28:34 - [TEST_STEP][FAILED] - verifyMatch: Unable to verify match between actual text 'Web element with id: 'Object Repository/SummarizedReportPage/startTimeText' located by 'By.xpath: //table[@class='rawcar-header-labels clear']/tbody/tr[1]/td[2]' not found' and expected text 'MAR 1, 2018 OPEN' (Root cause: Actual text 'Web element with id: 'Object Repository/SummarizedReportPage/startTimeText' located by 'By.xpath: //table[@class='rawcar-header-labels clear']/tbody/tr[1]/td[2]' not found' and expected text 'MAR 1, 2018 OPEN' are not matched)

2018-07-10 21:28:34 - [MESSAGE][FAILED] - Unable to verify match between actual text 'Web element with id: 'Object Repository/SummarizedReportPage/startTimeText' located by 'By.xpath: //table[@class='rawcar-header-labels clear']/tbody/tr[1]/td[2]' not found' and expected text 'MAR 1, 2018 OPEN' (Root cause: Actual text 'Web element with id: 'Object Repository/SummarizedReportPage/startTimeText' located by 'By.xpath: //table[@class='rawcar-header-labels clear']/tbody/tr[1]/td[2]' not found' and expected text 'MAR 1, 2018 OPEN' are not matched)

2018-07-10 21:28:34 - [TEST_STEP][PASSED] - Statement - endTime = CustomKeywords.projectSpecific.Reusability.getTestData("SummarizedReportPage", "reportendTime1"): projectSpecific.Reusability.getTestData is PASSED

2018-07-10 21:28:34 - [MESSAGE][PASSED] - projectSpecific.Reusability.getTestData is PASSED

2018-07-10 21:28:34 - [TEST_STEP][PASSED] - Statement - endTimeText = CustomKeywords.uiaction.CommonUIActions.getText(com.kms.katalon.core.testobject.ObjectRepository.findTestObject(SummarizedReportPage/stopTimeText)): uiaction.CommonUIActions.getText is PASSED

2018-07-10 21:28:55 - [MESSAGE][PASSED] - uiaction.CommonUIActions.getText is PASSED

2018-07-10 21:28:55 - [TEST_STEP][PASSED] - Statement - endTime = endTime.trim(): null

2018-07-10 21:28:55 - [TEST_STEP][PASSED] - Statement - endTimeText = endTimeText.trim(): null

2018-07-10 21:28:55 - [TEST_STEP][FAILED] - verifyMatch: Unable to verify match between actual text 'Web element with id: 'Object Repository/SummarizedReportPage/stopTimeText' located by 'By.xpath: //table[@class='rawcar-header-labels clear']/tbody/tr[2]/td[2]' not found' and expected text 'MAR 5, 2018 CLOSE' (Root cause: Actual text 'Web element with id: 'Object Repository/SummarizedReportPage/stopTimeText' located by 'By.xpath: //table[@class='rawcar-header-labels clear']/tbody/tr[2]/td[2]' not found' and expected text 'MAR 5, 2018 CLOSE' are not matched)

2018-07-10 21:28:55 - [MESSAGE][FAILED] - Unable to verify match between actual text 'Web element with id: 'Object Repository/SummarizedReportPage/stopTimeText' located by 'By.xpath: //table[@class='rawcar-header-labels clear']/tbody/tr[2]/td[2]' not found' and expected text 'MAR 5, 2018 CLOSE' (Root cause: Actual text 'Web element with id: 'Object Repository/SummarizedReportPage/stopTimeText' located by 'By.xpath: //table[@class='rawcar-header-labels clear']/tbody/tr[2]/td[2]' not found' and expected text 'MAR 5, 2018 CLOSE' are not matched)

2018-07-10 21:28:55 - [TEST_STEP][FAILED] - verifyElementPresent: com.kms.katalon.core.webui.exception.WebElementNotFoundException: Web element with id: 'Object Repository/SummarizedReportPage/printDateHeading' located by 'By.xpath: //table[@class='rawcar-header-labels clear']/tbody/tr[1]/th[3]' not found

2018-07-10 21:29:16 - [MESSAGE][FAILED] - com.kms.katalon.core.webui.exception.WebElementNotFoundException: Web element with id: 'Object Repository/SummarizedReportPage/printDateHeading' located by 'By.xpath: //table[@class='rawcar-header-labels clear']/tbody/tr[1]/th[3]' not found
[[ATTACHMENT|C:\\Users\\shalinin\\Katalon Studio\\HME_DEVScripts\\Reports\\RegressionSuite\\20180710_194344\\1531238355813.png]]

2018-07-10 21:29:16 - [TEST_STEP][PASSED] - Statement - today = new java.util.Date(): null

2018-07-10 21:29:16 - [TEST_STEP][PASSED] - Statement - todayDate = today.format("MMMMM dd yyyy"): null

2018-07-10 21:29:16 - [TEST_STEP][PASSED] - Statement - date1 = CustomKeywords.uiaction.CommonUIActions.getText(com.kms.katalon.core.testobject.ObjectRepository.findTestObject(SummarizedReportPage/printDateText)): uiaction.CommonUIActions.getText is PASSED

2018-07-10 21:29:36 - [MESSAGE][PASSED] - uiaction.CommonUIActions.getText is PASSED

2018-07-10 21:29:36 - [TEST_STEP][PASSED] - Statement - If (date1.contains(todayDate)): null

2018-07-10 21:29:36 - [TEST_STEP][PASSED] - Statement - reportHeaders = CustomKeywords.projectSpecific.Reusability.getTestData("SummarizedReportPage", "summaryReportHeader"): projectSpecific.Reusability.getTestData is PASSED

2018-07-10 21:29:36 - [MESSAGE][PASSED] - projectSpecific.Reusability.getTestData is PASSED

2018-07-10 21:29:36 - [TEST_STEP][PASSED] - delay: Delayed 10 second(s)

2018-07-10 21:29:46 - [MESSAGE][PASSED] - Delayed 10 second(s)

2018-07-10 21:29:46 - [TEST_STEP][PASSED] - Statement - reportsArray = reportHeaders.split(","): null

2018-07-10 21:29:46 - [TEST_STEP][PASSED] - Statement - reportsHeaderList = new java.util.ArrayList(java.util.Arrays.asList(reportsArray)): null

2018-07-10 21:29:46 - [TEST_STEP][PASSED] - Statement - reportsHeaderList.unique(): null

2018-07-10 21:29:46 - [TEST_STEP][PASSED] - Statement - out.println(reportsHeaderList): null

2018-07-10 21:29:46 - [TEST_STEP][PASSED] - Statement - columnHeaderList = driver.findElements(org.openqa.selenium.By.xpath(com.kms.katalon.core.testdata.TestDataFactory.findTestData(OR_file).getValue(2, 5))): Reading excel file with source file 'C:\Users\shalinin\Katalon Studio\HME_DEVScripts\Data Files\HME_OR.xlsx' and sheet name 'Sheet1'

2018-07-10 21:29:46 - [TEST_STEP][PASSED] - Statement - actualList = new java.util.ArrayList(): null

2018-07-10 21:29:46 - [TEST_STEP][PASSED] - Statement - For ([i = 0, i < columnHeaderList.size(), (i++)]): null

2018-07-10 21:29:46 - [TEST_STEP][PASSED] - Statement - out.println(actualList): null

2018-07-10 21:29:46 - [TEST_STEP][PASSED] - Statement - execFlag1 = true: null

2018-07-10 21:29:46 - [TEST_STEP][PASSED] - Statement - For ([j = 0, j < actualList.size(), (j++)]): null

2018-07-10 21:29:46 - [TEST_STEP][PASSED] - Statement - If (execFlag1): null

2018-07-10 21:29:46 - [TEST_STEP][PASSED] - Statement - out.println("Reports Column headers are verified"): null

2018-07-10 21:29:46 - [TEST_STEP][PASSED] - uiaction.CommonUIActions.click: uiaction.CommonUIActions.click is PASSED

2018-07-10 21:30:07 - [MESSAGE][PASSED] - uiaction.CommonUIActions.click is PASSED

2018-07-10 21:30:07 - [TEST_STEP][PASSED] - uiaction.CommonUIActions.click: uiaction.CommonUIActions.click is PASSED

2018-07-10 21:30:28 - [MESSAGE][PASSED] - uiaction.CommonUIActions.click is PASSED

2018-07-10 21:30:28 - [TEST_STEP][PASSED] - delay: Delayed 10 second(s)

2018-07-10 21:30:38 - [MESSAGE][PASSED] - Delayed 10 second(s)

2018-07-10 21:30:38 - [TEST_STEP][PASSED] - Statement - confirmationText = CustomKeywords.projectSpecific.Reusability.getTestData("SummarizedReportPage", "confirmationText1"): projectSpecific.Reusability.getTestData is PASSED

2018-07-10 21:30:38 - [MESSAGE][PASSED] - projectSpecific.Reusability.getTestData is PASSED

2018-07-10 21:30:38 - [TEST_STEP][PASSED] - Statement - actualconfirmationText = CustomKeywords.uiaction.CommonUIActions.getText(com.kms.katalon.core.testobject.ObjectRepository.findTestObject(SummarizedReportPage/emailConfirmation)): uiaction.CommonUIActions.getText is PASSED

2018-07-10 21:30:59 - [MESSAGE][PASSED] - uiaction.CommonUIActions.getText is PASSED

2018-07-10 21:30:59 - [TEST_STEP][FAILED] - Statement - confirm = com.kms.katalon.core.webui.keyword.WebUiBuiltInKeywords.verifyMatch(confirmationText, actualconfirmationText, false): Unable to verify match between actual text 'Please check your email. Your Report has been sent to selvendrank@nousinfo.com.' and expected text 'Web element with id: 'Object Repository/SummarizedReportPage/emailConfirmation' located by 'By.xpath: //div[@class='appr']/h4' not found' (Root cause: Actual text 'Please check your email. Your Report has been sent to selvendrank@nousinfo.com.' and expected text 'Web element with id: 'Object Repository/SummarizedReportPage/emailConfirmation' located by 'By.xpath: //div[@class='appr']/h4' not found' are not matched)

2018-07-10 21:30:59 - [MESSAGE][FAILED] - Unable to verify match between actual text 'Please check your email. Your Report has been sent to selvendrank@nousinfo.com.' and expected text 'Web element with id: 'Object Repository/SummarizedReportPage/emailConfirmation' located by 'By.xpath: //div[@class='appr']/h4' not found' (Root cause: Actual text 'Please check your email. Your Report has been sent to selvendrank@nousinfo.com.' and expected text 'Web element with id: 'Object Repository/SummarizedReportPage/emailConfirmation' located by 'By.xpath: //div[@class='appr']/h4' not found' are not matched)

2018-07-10 21:30:59 - [TEST_STEP][PASSED] - Statement - If (confirm): null

2018-07-10 21:30:59 - [TEST_STEP][PASSED] - Statement - Else: null

2018-07-10 21:30:59 - [TEST_STEP][PASSED] - Statement - If (TCflag): null

2018-07-10 21:30:59 - [TEST_STEP][PASSED] - Statement - out.println("Email Verification not received"): null

2018-07-10 21:30:59 - [TEST_STEP][PASSED] - back: Navigate back successfully

2018-07-10 21:30:59 - [MESSAGE][PASSED] - Navigate back successfully

2018-07-10 21:30:59 - [TEST_STEP][PASSED] - delay: Delayed 10 second(s)

2018-07-10 21:31:09 - [MESSAGE][PASSED] - Delayed 10 second(s)

2018-07-10 21:31:09 - [TEST_STEP][PASSED] - uiaction.CommonUIActions.click: uiaction.CommonUIActions.click is PASSED

2018-07-10 21:31:30 - [MESSAGE][PASSED] - uiaction.CommonUIActions.click is PASSED

2018-07-10 21:31:30 - [TEST_STEP][PASSED] - Start listener action : sampleAfterTestCase: Browser is closed

2018-07-10 21:31:30 - [TEST_STEP][PASSED] - Statement - println(testCaseContext.getTestCaseId()): null

2018-07-10 21:31:30 - [TEST_STEP][PASSED] - Statement - println(testCaseContext.getTestCaseStatus()): null

2018-07-10 21:31:30 - [TEST_STEP][PASSED] - closeBrowser: Browser is closed

2018-07-10 21:31:30 - [MESSAGE][PASSED] - Browser is closed]]></system-out>
         <system-err><![CDATA[2018-07-10 21:25:49 - [TEST_CASE][FAILED] - Test Cases/SummaryReportsTC/HME-Summary Report-05: Test Cases/SummaryReportsTC/HME-Summary Report-05 FAILED because (of) Unable to verify match between actual text 'Web element with id: 'Object Repository/SummarizedReportPage/startTimeText' located by 'By.xpath: //table[@class='rawcar-header-labels clear']/tbody/tr[1]/td[2]' not found' and expected text 'MAR 1, 2018 OPEN' (Root cause: Actual text 'Web element with id: 'Object Repository/SummarizedReportPage/startTimeText' located by 'By.xpath: //table[@class='rawcar-header-labels clear']/tbody/tr[1]/td[2]' not found' and expected text 'MAR 1, 2018 OPEN' are not matched)]]></system-err>
      </testcase>
      <testcase name="Test Cases/SummaryReportsTC/HME-Summary Report-06" classname="Test Cases/SummaryReportsTC/HME-Summary Report-06" status="FAILED">
         <failure type="FAILED" message="org.codehaus.groovy.runtime.powerassert.PowerAssertionError: assert TCflag==true
       |     |
       false false"/>
         <system-out><![CDATA[2018-07-10 21:31:30 - [TEST_CASE][FAILED] - Test Cases/SummaryReportsTC/HME-Summary Report-06: Test Cases/SummaryReportsTC/HME-Summary Report-06 FAILED because (of) org.codehaus.groovy.runtime.powerassert.PowerAssertionError: assert TCflag==true
       |     |
       false false

2018-07-10 21:31:30 - [TEST_STEP][PASSED] - Start listener action : sampleBeforeTestCase: uiaction.CommonUIActions.deleteAllCookies is PASSED

2018-07-10 21:31:30 - [TEST_STEP][PASSED] - openBrowser: Browser is opened with url: ''

2018-07-10 21:31:33 - [MESSAGE][PASSED] - Browser is opened with url: ''

2018-07-10 21:31:33 - [TEST_STEP][PASSED] - maximizeWindow: Current window maximized

2018-07-10 21:31:34 - [MESSAGE][PASSED] - Current window maximized

2018-07-10 21:31:34 - [TEST_STEP][PASSED] - uiaction.CommonUIActions.deleteAllCookies: uiaction.CommonUIActions.deleteAllCookies is PASSED

2018-07-10 21:31:34 - [MESSAGE][PASSED] - Delete all cookies successfully

2018-07-10 21:31:34 - [MESSAGE][PASSED] - uiaction.CommonUIActions.deleteAllCookies is PASSED

2018-07-10 21:31:34 - [TEST_STEP][PASSED] - Statement - TCflag = true: null

2018-07-10 21:31:34 - [TEST_STEP][PASSED] - Statement - Try: null

2018-07-10 21:31:34 - [TEST_STEP][PASSED] - navigateToUrl: Navigate to 'https://engdev.hmedtcloud.com/?pg=Login' successfully

2018-07-10 21:31:42 - [MESSAGE][PASSED] - Navigate to 'https://engdev.hmedtcloud.com/?pg=Login' successfully

2018-07-10 21:31:42 - [TEST_STEP][PASSED] - projectSpecific.Reusability.login: projectSpecific.Reusability.login is PASSED

2018-07-10 21:31:42 - [MESSAGE][PASSED] - projectSpecific.Reusability.getTestData is PASSED

2018-07-10 21:31:42 - [MESSAGE][PASSED] - projectSpecific.Reusability.getTestData is PASSED

2018-07-10 21:31:42 - [MESSAGE][PASSED] - Text 'selvendrank@nousinfo.com' is set on object 'Object Repository/LoginPage/Username'

2018-07-10 21:31:42 - [MESSAGE][PASSED] - Text 'Nous;123' is set on object 'Object Repository/LoginPage/Password'

2018-07-10 21:31:56 - [MESSAGE][PASSED] - Object: 'Object Repository/LoginPage/Login' is clicked on

2018-07-10 21:31:56 - [MESSAGE][PASSED] - projectSpecific.Reusability.login is PASSED

2018-07-10 21:31:56 - [TEST_STEP][PASSED] - delay: Delayed 10 second(s)

2018-07-10 21:32:06 - [MESSAGE][PASSED] - Delayed 10 second(s)

2018-07-10 21:32:06 - [TEST_STEP][PASSED] - uiaction.CommonUIActions.click: uiaction.CommonUIActions.click is PASSED

2018-07-10 21:32:18 - [MESSAGE][PASSED] - uiaction.CommonUIActions.click is PASSED

2018-07-10 21:32:18 - [TEST_STEP][PASSED] - Statement - storenumber = CustomKeywords.uiaction.CommonUIActions.getText(com.kms.katalon.core.testobject.ObjectRepository.findTestObject(StorePage/storepage_storenumber)): uiaction.CommonUIActions.getText is PASSED

2018-07-10 21:32:18 - [MESSAGE][PASSED] - uiaction.CommonUIActions.getText is PASSED

2018-07-10 21:32:18 - [TEST_STEP][PASSED] - Statement - out.println(" the store number is--" + storenumber.trim()): null

2018-07-10 21:32:18 - [TEST_STEP][PASSED] - uiaction.CommonUIActions.click: uiaction.CommonUIActions.click is PASSED

2018-07-10 21:32:19 - [MESSAGE][PASSED] - uiaction.CommonUIActions.click is PASSED

2018-07-10 21:32:19 - [TEST_STEP][PASSED] - uiaction.CommonUIActions.click: uiaction.CommonUIActions.click is PASSED

2018-07-10 21:32:31 - [MESSAGE][PASSED] - uiaction.CommonUIActions.click is PASSED

2018-07-10 21:32:31 - [TEST_STEP][PASSED] - uiaction.CommonUIActions.click: uiaction.CommonUIActions.click is PASSED

2018-07-10 21:32:34 - [MESSAGE][PASSED] - uiaction.CommonUIActions.click is PASSED

2018-07-10 21:32:34 - [TEST_STEP][PASSED] - delay: Delayed 10 second(s)

2018-07-10 21:32:44 - [MESSAGE][PASSED] - Delayed 10 second(s)

2018-07-10 21:32:44 - [TEST_STEP][PASSED] - uiaction.CommonUIActions.click: uiaction.CommonUIActions.click is PASSED

2018-07-10 21:32:44 - [MESSAGE][PASSED] - uiaction.CommonUIActions.click is PASSED

2018-07-10 21:32:44 - [TEST_STEP][PASSED] - uiaction.CommonUIActions.enter: uiaction.CommonUIActions.enter is PASSED

2018-07-10 21:32:44 - [MESSAGE][PASSED] - projectSpecific.Reusability.getTestData is PASSED

2018-07-10 21:32:45 - [MESSAGE][PASSED] - uiaction.CommonUIActions.enter is PASSED

2018-07-10 21:32:45 - [TEST_STEP][PASSED] - uiaction.CommonUIActions.enter: uiaction.CommonUIActions.enter is PASSED

2018-07-10 21:32:45 - [MESSAGE][PASSED] - projectSpecific.Reusability.getTestData is PASSED

2018-07-10 21:32:45 - [MESSAGE][PASSED] - uiaction.CommonUIActions.enter is PASSED

2018-07-10 21:32:45 - [TEST_STEP][PASSED] - delay: Delayed 10 second(s)

2018-07-10 21:32:55 - [MESSAGE][PASSED] - Delayed 10 second(s)

2018-07-10 21:32:55 - [TEST_STEP][PASSED] - Statement - groupmain = CustomKeywords.projectSpecific.Reusability.getTestData("ReportingGroupManagementPage", "Summarygrp"): projectSpecific.Reusability.getTestData is PASSED

2018-07-10 21:32:55 - [MESSAGE][PASSED] - projectSpecific.Reusability.getTestData is PASSED

2018-07-10 21:32:55 - [TEST_STEP][PASSED] - Statement - driver = com.kms.katalon.core.webui.driver.DriverFactory.getWebDriver(): null

2018-07-10 21:32:55 - [TEST_STEP][PASSED] - Statement - grouplist = driver.findElements(org.openqa.selenium.By.xpath("//ul[@class='unlinked-grouplist']/li")): null

2018-07-10 21:32:55 - [TEST_STEP][PASSED] - delay: Delayed 10 second(s)

2018-07-10 21:33:05 - [MESSAGE][PASSED] - Delayed 10 second(s)

2018-07-10 21:33:05 - [TEST_STEP][PASSED] - Statement - For ([i = 0, i < grouplist.size(), (i++)]): null

2018-07-10 21:33:05 - [TEST_STEP][PASSED] - Statement - println(grouplist.get(i).getText()): null

2018-07-10 21:33:05 - [TEST_STEP][PASSED] - Statement - If (grouplist.get(i).getText().contains(storenumber.trim())): null

2018-07-10 21:33:05 - [TEST_STEP][PASSED] - Statement - driver.findElement(org.openqa.selenium.By.xpath("(//ul[@class='unlinked-grouplist']/li/label)[" + i + 1 + "]")).click(): null

2018-07-10 21:33:05 - [TEST_STEP][PASSED] - Statement - driver.findElement(org.openqa.selenium.By.xpath("//button[contains(text(),'>')]")).click(): null

2018-07-10 21:33:05 - [TEST_STEP][PASSED] - Statement - Break: null

2018-07-10 21:33:05 - [TEST_STEP][PASSED] - delay: Delayed 10 second(s)

2018-07-10 21:33:15 - [MESSAGE][PASSED] - Delayed 10 second(s)

2018-07-10 21:33:15 - [TEST_STEP][PASSED] - uiaction.CommonUIActions.click: uiaction.CommonUIActions.click is PASSED

2018-07-10 21:33:15 - [MESSAGE][PASSED] - uiaction.CommonUIActions.click is PASSED

2018-07-10 21:33:15 - [TEST_STEP][PASSED] - uiaction.CommonUIActions.click: uiaction.CommonUIActions.click is PASSED

2018-07-10 21:33:15 - [MESSAGE][PASSED] - uiaction.CommonUIActions.click is PASSED

2018-07-10 21:33:15 - [TEST_STEP][PASSED] - delay: Delayed 10 second(s)

2018-07-10 21:33:25 - [MESSAGE][PASSED] - Delayed 10 second(s)

2018-07-10 21:33:25 - [TEST_STEP][PASSED] - uiaction.CommonUIActions.click: uiaction.CommonUIActions.click is PASSED

2018-07-10 21:33:25 - [MESSAGE][PASSED] - uiaction.CommonUIActions.click is PASSED

2018-07-10 21:33:25 - [TEST_STEP][PASSED] - delay: Delayed 10 second(s)

2018-07-10 21:33:35 - [MESSAGE][PASSED] - Delayed 10 second(s)

2018-07-10 21:33:35 - [TEST_STEP][PASSED] - Statement - driver.findElement(org.openqa.selenium.By.xpath("//span[contains(text(),'" + groupmain + "')]/../../../../span[1]")).click(): null

2018-07-10 21:33:35 - [TEST_STEP][PASSED] - Statement - Catch (Exception e): null

2018-07-10 21:33:35 - [TEST_STEP][PASSED] - Statement - e.printStackTrace(): null

2018-07-10 21:33:35 - [TEST_STEP][PASSED] - Statement - println("Exception of element not found"): null

2018-07-10 21:33:35 - [TEST_STEP][PASSED] - Statement - If (TCflag): null

2018-07-10 21:33:35 - [TEST_STEP][PASSED] - Statement - assert TCflag == true: null

2018-07-10 21:33:35 - [TEST_STEP][PASSED] - Start listener action : sampleAfterTestCase: Browser is closed

2018-07-10 21:33:35 - [TEST_STEP][PASSED] - Statement - println(testCaseContext.getTestCaseId()): null

2018-07-10 21:33:35 - [TEST_STEP][PASSED] - Statement - println(testCaseContext.getTestCaseStatus()): null

2018-07-10 21:33:35 - [TEST_STEP][PASSED] - closeBrowser: Browser is closed

2018-07-10 21:33:36 - [MESSAGE][PASSED] - Browser is closed]]></system-out>
         <system-err><![CDATA[2018-07-10 21:31:30 - [TEST_CASE][FAILED] - Test Cases/SummaryReportsTC/HME-Summary Report-06: Test Cases/SummaryReportsTC/HME-Summary Report-06 FAILED because (of) org.codehaus.groovy.runtime.powerassert.PowerAssertionError: assert TCflag==true
       |     |
       false false]]></system-err>
      </testcase>
      <testcase name="Test Cases/SummaryReportsTC/HME-Summary Report-07" classname="Test Cases/SummaryReportsTC/HME-Summary Report-07" status="FAILED">
         <failure type="FAILED" message="org.codehaus.groovy.runtime.powerassert.PowerAssertionError: assert TCflag==true
       |     |
       false false"/>
         <system-out><![CDATA[2018-07-10 21:33:36 - [TEST_CASE][FAILED] - Test Cases/SummaryReportsTC/HME-Summary Report-07: Test Cases/SummaryReportsTC/HME-Summary Report-07 FAILED because (of) org.codehaus.groovy.runtime.powerassert.PowerAssertionError: assert TCflag==true
       |     |
       false false

2018-07-10 21:33:36 - [TEST_STEP][PASSED] - Start listener action : sampleBeforeTestCase: uiaction.CommonUIActions.deleteAllCookies is PASSED

2018-07-10 21:33:36 - [TEST_STEP][PASSED] - openBrowser: Browser is opened with url: ''

2018-07-10 21:33:38 - [MESSAGE][PASSED] - Browser is opened with url: ''

2018-07-10 21:33:38 - [TEST_STEP][PASSED] - maximizeWindow: Current window maximized

2018-07-10 21:33:39 - [MESSAGE][PASSED] - Current window maximized

2018-07-10 21:33:39 - [TEST_STEP][PASSED] - uiaction.CommonUIActions.deleteAllCookies: uiaction.CommonUIActions.deleteAllCookies is PASSED

2018-07-10 21:33:39 - [MESSAGE][PASSED] - Delete all cookies successfully

2018-07-10 21:33:39 - [MESSAGE][PASSED] - uiaction.CommonUIActions.deleteAllCookies is PASSED

2018-07-10 21:33:39 - [TEST_STEP][PASSED] - Statement - TCflag = true: null

2018-07-10 21:33:39 - [TEST_STEP][PASSED] - Statement - Try: null

2018-07-10 21:33:39 - [TEST_STEP][PASSED] - navigateToUrl: Navigate to 'https://engdev.hmedtcloud.com/?pg=Login' successfully

2018-07-10 21:33:48 - [MESSAGE][PASSED] - Navigate to 'https://engdev.hmedtcloud.com/?pg=Login' successfully

2018-07-10 21:33:48 - [TEST_STEP][PASSED] - projectSpecific.Reusability.login: projectSpecific.Reusability.login is PASSED

2018-07-10 21:33:48 - [MESSAGE][PASSED] - projectSpecific.Reusability.getTestData is PASSED

2018-07-10 21:33:48 - [MESSAGE][PASSED] - projectSpecific.Reusability.getTestData is PASSED

2018-07-10 21:33:48 - [MESSAGE][PASSED] - Text 'selvendrank@nousinfo.com' is set on object 'Object Repository/LoginPage/Username'

2018-07-10 21:33:48 - [MESSAGE][PASSED] - Text 'Nous;123' is set on object 'Object Repository/LoginPage/Password'

2018-07-10 21:34:01 - [MESSAGE][PASSED] - Object: 'Object Repository/LoginPage/Login' is clicked on

2018-07-10 21:34:01 - [MESSAGE][PASSED] - projectSpecific.Reusability.login is PASSED

2018-07-10 21:34:01 - [TEST_STEP][PASSED] - uiaction.CommonUIActions.click: uiaction.CommonUIActions.click is PASSED

2018-07-10 21:34:03 - [MESSAGE][PASSED] - uiaction.CommonUIActions.click is PASSED

2018-07-10 21:34:03 - [TEST_STEP][PASSED] - delay: Delayed 10 second(s)

2018-07-10 21:34:13 - [MESSAGE][PASSED] - Delayed 10 second(s)

2018-07-10 21:34:13 - [TEST_STEP][PASSED] - uiaction.CommonUIActions.click: uiaction.CommonUIActions.click is PASSED

2018-07-10 21:34:25 - [MESSAGE][PASSED] - uiaction.CommonUIActions.click is PASSED

2018-07-10 21:34:25 - [TEST_STEP][PASSED] - uiaction.CommonUIActions.click: uiaction.CommonUIActions.click is PASSED

2018-07-10 21:34:27 - [MESSAGE][PASSED] - uiaction.CommonUIActions.click is PASSED

2018-07-10 21:34:27 - [TEST_STEP][PASSED] - uiaction.CommonUIActions.click: uiaction.CommonUIActions.click is PASSED

2018-07-10 21:34:27 - [MESSAGE][PASSED] - uiaction.CommonUIActions.click is PASSED

2018-07-10 21:34:27 - [TEST_STEP][PASSED] - uiaction.CommonUIActions.click: uiaction.CommonUIActions.click is PASSED

2018-07-10 21:34:32 - [MESSAGE][PASSED] - uiaction.CommonUIActions.click is PASSED

2018-07-10 21:34:32 - [TEST_STEP][PASSED] - Statement - storeID = CustomKeywords.uiaction.CommonUIActions.getText(com.kms.katalon.core.testobject.ObjectRepository.findTestObject(StorePage/storeID)): uiaction.CommonUIActions.getText is PASSED

2018-07-10 21:34:32 - [MESSAGE][PASSED] - uiaction.CommonUIActions.getText is PASSED

2018-07-10 21:34:32 - [TEST_STEP][PASSED] - Statement - storenumber = storeID.trim(): null

2018-07-10 21:34:32 - [TEST_STEP][PASSED] - Statement - println(storenumber): null

2018-07-10 21:34:32 - [TEST_STEP][PASSED] - uiaction.CommonUIActions.click: uiaction.CommonUIActions.click is PASSED

2018-07-10 21:34:34 - [MESSAGE][PASSED] - uiaction.CommonUIActions.click is PASSED

2018-07-10 21:34:34 - [TEST_STEP][PASSED] - delay: Delayed 10 second(s)

2018-07-10 21:34:44 - [MESSAGE][PASSED] - Delayed 10 second(s)

2018-07-10 21:34:44 - [TEST_STEP][PASSED] - uiaction.CommonUIActions.click: uiaction.CommonUIActions.click is PASSED

2018-07-10 21:34:56 - [MESSAGE][PASSED] - uiaction.CommonUIActions.click is PASSED

2018-07-10 21:34:56 - [TEST_STEP][PASSED] - uiaction.CommonUIActions.click: uiaction.CommonUIActions.click is PASSED

2018-07-10 21:34:59 - [MESSAGE][PASSED] - uiaction.CommonUIActions.click is PASSED

2018-07-10 21:34:59 - [TEST_STEP][PASSED] - uiaction.CommonUIActions.click: uiaction.CommonUIActions.click is PASSED

2018-07-10 21:35:00 - [MESSAGE][PASSED] - uiaction.CommonUIActions.click is PASSED

2018-07-10 21:35:00 - [TEST_STEP][PASSED] - uiaction.CommonUIActions.enter: uiaction.CommonUIActions.enter is PASSED

2018-07-10 21:35:00 - [MESSAGE][PASSED] - projectSpecific.Reusability.getTestData is PASSED

2018-07-10 21:35:00 - [MESSAGE][PASSED] - uiaction.CommonUIActions.enter is PASSED

2018-07-10 21:35:00 - [TEST_STEP][PASSED] - uiaction.CommonUIActions.enter: uiaction.CommonUIActions.enter is PASSED

2018-07-10 21:35:00 - [MESSAGE][PASSED] - projectSpecific.Reusability.getTestData is PASSED

2018-07-10 21:35:00 - [MESSAGE][PASSED] - uiaction.CommonUIActions.enter is PASSED

2018-07-10 21:35:00 - [TEST_STEP][PASSED] - delay: Delayed 10 second(s)

2018-07-10 21:35:10 - [MESSAGE][PASSED] - Delayed 10 second(s)

2018-07-10 21:35:10 - [TEST_STEP][PASSED] - Statement - driver = com.kms.katalon.core.webui.driver.DriverFactory.getWebDriver(): null

2018-07-10 21:35:10 - [TEST_STEP][PASSED] - Statement - grouplist = driver.findElements(org.openqa.selenium.By.xpath("//ul[@class='unlinked-grouplist']/li")): null

2018-07-10 21:35:10 - [TEST_STEP][PASSED] - delay: Delayed 5 second(s)

2018-07-10 21:35:15 - [MESSAGE][PASSED] - Delayed 5 second(s)

2018-07-10 21:35:15 - [TEST_STEP][PASSED] - Statement - For ([i = 0, i < grouplist.size(), (i++)]): null

2018-07-10 21:35:15 - [TEST_STEP][PASSED] - Statement - println(grouplist.get(i).getText()): null

2018-07-10 21:35:15 - [TEST_STEP][PASSED] - Statement - If (grouplist.get(i).getText().contains(storenumber)): null

2018-07-10 21:35:15 - [TEST_STEP][PASSED] - Statement - println(grouplist.get(i).getText()): null

2018-07-10 21:35:15 - [TEST_STEP][PASSED] - Statement - If (grouplist.get(i).getText().contains(storenumber)): null

2018-07-10 21:35:15 - [TEST_STEP][PASSED] - Statement - println(grouplist.get(i).getText()): null

2018-07-10 21:35:15 - [TEST_STEP][PASSED] - Statement - If (grouplist.get(i).getText().contains(storenumber)): null

2018-07-10 21:35:15 - [TEST_STEP][PASSED] - Statement - println(grouplist.get(i).getText()): null

2018-07-10 21:35:15 - [TEST_STEP][PASSED] - Statement - If (grouplist.get(i).getText().contains(storenumber)): null

2018-07-10 21:35:15 - [TEST_STEP][PASSED] - Statement - println(grouplist.get(i).getText()): null

2018-07-10 21:35:15 - [TEST_STEP][PASSED] - Statement - If (grouplist.get(i).getText().contains(storenumber)): null

2018-07-10 21:35:15 - [TEST_STEP][PASSED] - Statement - println(grouplist.get(i).getText()): null

2018-07-10 21:35:15 - [TEST_STEP][PASSED] - Statement - If (grouplist.get(i).getText().contains(storenumber)): null

2018-07-10 21:35:15 - [TEST_STEP][PASSED] - Statement - println(grouplist.get(i).getText()): null

2018-07-10 21:35:15 - [TEST_STEP][PASSED] - Statement - If (grouplist.get(i).getText().contains(storenumber)): null

2018-07-10 21:35:15 - [TEST_STEP][PASSED] - Statement - println(grouplist.get(i).getText()): null

2018-07-10 21:35:15 - [TEST_STEP][PASSED] - Statement - If (grouplist.get(i).getText().contains(storenumber)): null

2018-07-10 21:35:15 - [TEST_STEP][PASSED] - delay: Delayed 10 second(s)

2018-07-10 21:35:25 - [MESSAGE][PASSED] - Delayed 10 second(s)

2018-07-10 21:35:25 - [TEST_STEP][PASSED] - uiaction.CommonUIActions.click: uiaction.CommonUIActions.click is PASSED

2018-07-10 21:35:25 - [MESSAGE][PASSED] - uiaction.CommonUIActions.click is PASSED

2018-07-10 21:35:25 - [TEST_STEP][PASSED] - uiaction.CommonUIActions.click: uiaction.CommonUIActions.click is PASSED

2018-07-10 21:35:25 - [MESSAGE][PASSED] - uiaction.CommonUIActions.click is PASSED

2018-07-10 21:35:25 - [TEST_STEP][PASSED] - delay: Delayed 10 second(s)

2018-07-10 21:35:35 - [MESSAGE][PASSED] - Delayed 10 second(s)

2018-07-10 21:35:35 - [TEST_STEP][PASSED] - uiaction.CommonUIActions.click: uiaction.CommonUIActions.click is PASSED

2018-07-10 21:35:35 - [MESSAGE][PASSED] - uiaction.CommonUIActions.click is PASSED

2018-07-10 21:35:35 - [TEST_STEP][PASSED] - delay: Delayed 10 second(s)

2018-07-10 21:35:45 - [MESSAGE][PASSED] - Delayed 10 second(s)

2018-07-10 21:35:45 - [TEST_STEP][PASSED] - Statement - groupmain = CustomKeywords.projectSpecific.Reusability.getTestData("ReportingGroupManagementPage", "dummyGroupName1"): projectSpecific.Reusability.getTestData is PASSED

2018-07-10 21:35:45 - [MESSAGE][PASSED] - projectSpecific.Reusability.getTestData is PASSED

2018-07-10 21:35:45 - [TEST_STEP][PASSED] - Statement - driver.findElement(org.openqa.selenium.By.xpath("//span[contains(text(),'" + groupmain + "')]/../../../../span[1]")).click(): null

2018-07-10 21:35:45 - [TEST_STEP][PASSED] - Statement - Catch (Exception e): null

2018-07-10 21:35:45 - [TEST_STEP][PASSED] - Statement - e.printStackTrace(): null

2018-07-10 21:35:45 - [TEST_STEP][PASSED] - Statement - println("Exception of element not found"): null

2018-07-10 21:35:45 - [TEST_STEP][PASSED] - Statement - If (TCflag): null

2018-07-10 21:35:45 - [TEST_STEP][PASSED] - Statement - assert TCflag == true: null

2018-07-10 21:35:45 - [TEST_STEP][PASSED] - Start listener action : sampleAfterTestCase: Browser is closed

2018-07-10 21:35:45 - [TEST_STEP][PASSED] - Statement - println(testCaseContext.getTestCaseId()): null

2018-07-10 21:35:45 - [TEST_STEP][PASSED] - Statement - println(testCaseContext.getTestCaseStatus()): null

2018-07-10 21:35:45 - [TEST_STEP][PASSED] - closeBrowser: Browser is closed

2018-07-10 21:35:46 - [MESSAGE][PASSED] - Browser is closed]]></system-out>
         <system-err><![CDATA[2018-07-10 21:33:36 - [TEST_CASE][FAILED] - Test Cases/SummaryReportsTC/HME-Summary Report-07: Test Cases/SummaryReportsTC/HME-Summary Report-07 FAILED because (of) org.codehaus.groovy.runtime.powerassert.PowerAssertionError: assert TCflag==true
       |     |
       false false]]></system-err>
      </testcase>
      <testcase name="Test Cases/SummaryReportsTC/HME-Summary Report-08" classname="Test Cases/SummaryReportsTC/HME-Summary Report-08" status="FAILED">
         <failure type="FAILED" message="org.codehaus.groovy.runtime.powerassert.PowerAssertionError: assert TCflag==true
       |     |
       false false"/>
         <system-out><![CDATA[2018-07-10 21:35:46 - [TEST_CASE][FAILED] - Test Cases/SummaryReportsTC/HME-Summary Report-08: Test Cases/SummaryReportsTC/HME-Summary Report-08 FAILED because (of) org.codehaus.groovy.runtime.powerassert.PowerAssertionError: assert TCflag==true
       |     |
       false false

2018-07-10 21:35:46 - [TEST_STEP][PASSED] - Start listener action : sampleBeforeTestCase: uiaction.CommonUIActions.deleteAllCookies is PASSED

2018-07-10 21:35:46 - [TEST_STEP][PASSED] - openBrowser: Browser is opened with url: ''

2018-07-10 21:35:48 - [MESSAGE][PASSED] - Browser is opened with url: ''

2018-07-10 21:35:48 - [TEST_STEP][PASSED] - maximizeWindow: Current window maximized

2018-07-10 21:35:49 - [MESSAGE][PASSED] - Current window maximized

2018-07-10 21:35:49 - [TEST_STEP][PASSED] - uiaction.CommonUIActions.deleteAllCookies: uiaction.CommonUIActions.deleteAllCookies is PASSED

2018-07-10 21:35:49 - [MESSAGE][PASSED] - Delete all cookies successfully

2018-07-10 21:35:49 - [MESSAGE][PASSED] - uiaction.CommonUIActions.deleteAllCookies is PASSED

2018-07-10 21:35:49 - [TEST_STEP][PASSED] - Statement - TCflag = true: null

2018-07-10 21:35:49 - [TEST_STEP][PASSED] - Statement - Try: null

2018-07-10 21:35:49 - [TEST_STEP][PASSED] - navigateToUrl: Navigate to 'https://engdev.hmedtcloud.com/?pg=Login' successfully

2018-07-10 21:35:58 - [MESSAGE][PASSED] - Navigate to 'https://engdev.hmedtcloud.com/?pg=Login' successfully

2018-07-10 21:35:58 - [TEST_STEP][PASSED] - projectSpecific.Reusability.login: projectSpecific.Reusability.login is PASSED

2018-07-10 21:35:58 - [MESSAGE][PASSED] - projectSpecific.Reusability.getTestData is PASSED

2018-07-10 21:35:58 - [MESSAGE][PASSED] - projectSpecific.Reusability.getTestData is PASSED

2018-07-10 21:35:58 - [MESSAGE][PASSED] - Text 'selvendrank@nousinfo.com' is set on object 'Object Repository/LoginPage/Username'

2018-07-10 21:35:58 - [MESSAGE][PASSED] - Text 'Nous;123' is set on object 'Object Repository/LoginPage/Password'

2018-07-10 21:36:11 - [MESSAGE][PASSED] - Object: 'Object Repository/LoginPage/Login' is clicked on

2018-07-10 21:36:11 - [MESSAGE][PASSED] - projectSpecific.Reusability.login is PASSED

2018-07-10 21:36:11 - [TEST_STEP][PASSED] - uiaction.CommonUIActions.click: uiaction.CommonUIActions.click is PASSED

2018-07-10 21:36:13 - [MESSAGE][PASSED] - uiaction.CommonUIActions.click is PASSED

2018-07-10 21:36:13 - [TEST_STEP][PASSED] - delay: Delayed 10 second(s)

2018-07-10 21:36:23 - [MESSAGE][PASSED] - Delayed 10 second(s)

2018-07-10 21:36:23 - [TEST_STEP][PASSED] - uiaction.CommonUIActions.click: uiaction.CommonUIActions.click is PASSED

2018-07-10 21:36:35 - [MESSAGE][PASSED] - uiaction.CommonUIActions.click is PASSED

2018-07-10 21:36:35 - [TEST_STEP][PASSED] - uiaction.CommonUIActions.click: uiaction.CommonUIActions.click is PASSED

2018-07-10 21:36:37 - [MESSAGE][PASSED] - uiaction.CommonUIActions.click is PASSED

2018-07-10 21:36:37 - [TEST_STEP][PASSED] - uiaction.CommonUIActions.click: uiaction.CommonUIActions.click is PASSED

2018-07-10 21:36:37 - [MESSAGE][PASSED] - uiaction.CommonUIActions.click is PASSED

2018-07-10 21:36:37 - [TEST_STEP][PASSED] - uiaction.CommonUIActions.click: uiaction.CommonUIActions.click is PASSED

2018-07-10 21:36:42 - [MESSAGE][PASSED] - uiaction.CommonUIActions.click is PASSED

2018-07-10 21:36:42 - [TEST_STEP][PASSED] - Statement - storeID = CustomKeywords.uiaction.CommonUIActions.getText(com.kms.katalon.core.testobject.ObjectRepository.findTestObject(StorePage/storeID)): uiaction.CommonUIActions.getText is PASSED

2018-07-10 21:36:42 - [MESSAGE][PASSED] - uiaction.CommonUIActions.getText is PASSED

2018-07-10 21:36:42 - [TEST_STEP][PASSED] - Statement - storenumber = storeID.trim(): null

2018-07-10 21:36:42 - [TEST_STEP][PASSED] - Statement - println(storenumber): null

2018-07-10 21:36:42 - [TEST_STEP][PASSED] - uiaction.CommonUIActions.click: uiaction.CommonUIActions.click is PASSED

2018-07-10 21:36:44 - [MESSAGE][PASSED] - uiaction.CommonUIActions.click is PASSED

2018-07-10 21:36:44 - [TEST_STEP][PASSED] - delay: Delayed 10 second(s)

2018-07-10 21:36:54 - [MESSAGE][PASSED] - Delayed 10 second(s)

2018-07-10 21:36:54 - [TEST_STEP][PASSED] - uiaction.CommonUIActions.click: uiaction.CommonUIActions.click is PASSED

2018-07-10 21:37:05 - [MESSAGE][PASSED] - uiaction.CommonUIActions.click is PASSED

2018-07-10 21:37:05 - [TEST_STEP][PASSED] - uiaction.CommonUIActions.click: uiaction.CommonUIActions.click is PASSED

2018-07-10 21:37:09 - [MESSAGE][PASSED] - uiaction.CommonUIActions.click is PASSED

2018-07-10 21:37:09 - [TEST_STEP][PASSED] - uiaction.CommonUIActions.click: uiaction.CommonUIActions.click is PASSED

2018-07-10 21:37:09 - [MESSAGE][PASSED] - uiaction.CommonUIActions.click is PASSED

2018-07-10 21:37:09 - [TEST_STEP][PASSED] - uiaction.CommonUIActions.enter: uiaction.CommonUIActions.enter is PASSED

2018-07-10 21:37:09 - [MESSAGE][PASSED] - projectSpecific.Reusability.getTestData is PASSED

2018-07-10 21:37:09 - [MESSAGE][PASSED] - uiaction.CommonUIActions.enter is PASSED

2018-07-10 21:37:09 - [TEST_STEP][PASSED] - uiaction.CommonUIActions.enter: uiaction.CommonUIActions.enter is PASSED

2018-07-10 21:37:09 - [MESSAGE][PASSED] - projectSpecific.Reusability.getTestData is PASSED

2018-07-10 21:37:09 - [MESSAGE][PASSED] - uiaction.CommonUIActions.enter is PASSED

2018-07-10 21:37:09 - [TEST_STEP][PASSED] - delay: Delayed 10 second(s)

2018-07-10 21:37:19 - [MESSAGE][PASSED] - Delayed 10 second(s)

2018-07-10 21:37:19 - [TEST_STEP][PASSED] - Statement - driver = com.kms.katalon.core.webui.driver.DriverFactory.getWebDriver(): null

2018-07-10 21:37:19 - [TEST_STEP][PASSED] - Statement - grouplist = driver.findElements(org.openqa.selenium.By.xpath("//ul[@class='unlinked-grouplist']/li")): null

2018-07-10 21:37:19 - [TEST_STEP][PASSED] - delay: Delayed 5 second(s)

2018-07-10 21:37:24 - [MESSAGE][PASSED] - Delayed 5 second(s)

2018-07-10 21:37:24 - [TEST_STEP][PASSED] - Statement - For ([i = 0, i < grouplist.size(), (i++)]): null

2018-07-10 21:37:24 - [TEST_STEP][PASSED] - Statement - println(grouplist.get(i).getText()): null

2018-07-10 21:37:24 - [TEST_STEP][PASSED] - Statement - If (grouplist.get(i).getText().contains(storenumber)): null

2018-07-10 21:37:24 - [TEST_STEP][PASSED] - Statement - println(grouplist.get(i).getText()): null

2018-07-10 21:37:24 - [TEST_STEP][PASSED] - Statement - If (grouplist.get(i).getText().contains(storenumber)): null

2018-07-10 21:37:24 - [TEST_STEP][PASSED] - Statement - println(grouplist.get(i).getText()): null

2018-07-10 21:37:24 - [TEST_STEP][PASSED] - Statement - If (grouplist.get(i).getText().contains(storenumber)): null

2018-07-10 21:37:24 - [TEST_STEP][PASSED] - Statement - println(grouplist.get(i).getText()): null

2018-07-10 21:37:24 - [TEST_STEP][PASSED] - Statement - If (grouplist.get(i).getText().contains(storenumber)): null

2018-07-10 21:37:24 - [TEST_STEP][PASSED] - Statement - println(grouplist.get(i).getText()): null

2018-07-10 21:37:24 - [TEST_STEP][PASSED] - Statement - If (grouplist.get(i).getText().contains(storenumber)): null

2018-07-10 21:37:24 - [TEST_STEP][PASSED] - Statement - println(grouplist.get(i).getText()): null

2018-07-10 21:37:24 - [TEST_STEP][PASSED] - Statement - If (grouplist.get(i).getText().contains(storenumber)): null

2018-07-10 21:37:24 - [TEST_STEP][PASSED] - Statement - println(grouplist.get(i).getText()): null

2018-07-10 21:37:24 - [TEST_STEP][PASSED] - Statement - If (grouplist.get(i).getText().contains(storenumber)): null

2018-07-10 21:37:24 - [TEST_STEP][PASSED] - Statement - println(grouplist.get(i).getText()): null

2018-07-10 21:37:24 - [TEST_STEP][PASSED] - Statement - If (grouplist.get(i).getText().contains(storenumber)): null

2018-07-10 21:37:24 - [TEST_STEP][PASSED] - delay: Delayed 10 second(s)

2018-07-10 21:37:34 - [MESSAGE][PASSED] - Delayed 10 second(s)

2018-07-10 21:37:34 - [TEST_STEP][PASSED] - uiaction.CommonUIActions.click: uiaction.CommonUIActions.click is PASSED

2018-07-10 21:37:34 - [MESSAGE][PASSED] - uiaction.CommonUIActions.click is PASSED

2018-07-10 21:37:34 - [TEST_STEP][PASSED] - uiaction.CommonUIActions.click: uiaction.CommonUIActions.click is PASSED

2018-07-10 21:37:34 - [MESSAGE][PASSED] - uiaction.CommonUIActions.click is PASSED

2018-07-10 21:37:34 - [TEST_STEP][PASSED] - delay: Delayed 10 second(s)

2018-07-10 21:37:44 - [MESSAGE][PASSED] - Delayed 10 second(s)

2018-07-10 21:37:44 - [TEST_STEP][PASSED] - uiaction.CommonUIActions.click: uiaction.CommonUIActions.click is PASSED

2018-07-10 21:37:45 - [MESSAGE][PASSED] - uiaction.CommonUIActions.click is PASSED

2018-07-10 21:37:45 - [TEST_STEP][PASSED] - delay: Delayed 10 second(s)

2018-07-10 21:37:55 - [MESSAGE][PASSED] - Delayed 10 second(s)

2018-07-10 21:37:55 - [TEST_STEP][PASSED] - Statement - groupmain = CustomKeywords.projectSpecific.Reusability.getTestData("ReportingGroupManagementPage", "dummyGroupName1"): projectSpecific.Reusability.getTestData is PASSED

2018-07-10 21:37:55 - [MESSAGE][PASSED] - projectSpecific.Reusability.getTestData is PASSED

2018-07-10 21:37:55 - [TEST_STEP][PASSED] - Statement - driver.findElement(org.openqa.selenium.By.xpath("//span[contains(text(),'" + groupmain + "')]/../../../../span[1]")).click(): null

2018-07-10 21:37:55 - [TEST_STEP][PASSED] - Statement - Catch (Exception e): null

2018-07-10 21:37:55 - [TEST_STEP][PASSED] - Statement - e.printStackTrace(): null

2018-07-10 21:37:55 - [TEST_STEP][PASSED] - Statement - println("Exception of element not found"): null

2018-07-10 21:37:55 - [TEST_STEP][PASSED] - Statement - If (TCflag): null

2018-07-10 21:37:55 - [TEST_STEP][PASSED] - Statement - assert TCflag == true: null

2018-07-10 21:37:55 - [TEST_STEP][PASSED] - Start listener action : sampleAfterTestCase: Browser is closed

2018-07-10 21:37:55 - [TEST_STEP][PASSED] - Statement - println(testCaseContext.getTestCaseId()): null

2018-07-10 21:37:55 - [TEST_STEP][PASSED] - Statement - println(testCaseContext.getTestCaseStatus()): null

2018-07-10 21:37:55 - [TEST_STEP][PASSED] - closeBrowser: Browser is closed

2018-07-10 21:37:55 - [MESSAGE][PASSED] - Browser is closed]]></system-out>
         <system-err><![CDATA[2018-07-10 21:35:46 - [TEST_CASE][FAILED] - Test Cases/SummaryReportsTC/HME-Summary Report-08: Test Cases/SummaryReportsTC/HME-Summary Report-08 FAILED because (of) org.codehaus.groovy.runtime.powerassert.PowerAssertionError: assert TCflag==true
       |     |
       false false]]></system-err>
      </testcase>
      <testcase name="Test Cases/SummaryReportsTC/HME-Summary Report-09" classname="Test Cases/SummaryReportsTC/HME-Summary Report-09" status="FAILED">
         <failure type="FAILED" message="org.codehaus.groovy.runtime.powerassert.PowerAssertionError: assert TCflag==true
       |     |
       false false"/>
         <system-out><![CDATA[2018-07-10 21:37:55 - [TEST_CASE][FAILED] - Test Cases/SummaryReportsTC/HME-Summary Report-09: Test Cases/SummaryReportsTC/HME-Summary Report-09 FAILED because (of) org.codehaus.groovy.runtime.powerassert.PowerAssertionError: assert TCflag==true
       |     |
       false false

2018-07-10 21:37:55 - [TEST_STEP][PASSED] - Start listener action : sampleBeforeTestCase: uiaction.CommonUIActions.deleteAllCookies is PASSED

2018-07-10 21:37:55 - [TEST_STEP][PASSED] - openBrowser: Browser is opened with url: ''

2018-07-10 21:37:59 - [MESSAGE][PASSED] - Browser is opened with url: ''

2018-07-10 21:37:59 - [TEST_STEP][PASSED] - maximizeWindow: Current window maximized

2018-07-10 21:38:00 - [MESSAGE][PASSED] - Current window maximized

2018-07-10 21:38:00 - [TEST_STEP][PASSED] - uiaction.CommonUIActions.deleteAllCookies: uiaction.CommonUIActions.deleteAllCookies is PASSED

2018-07-10 21:38:00 - [MESSAGE][PASSED] - Delete all cookies successfully

2018-07-10 21:38:00 - [MESSAGE][PASSED] - uiaction.CommonUIActions.deleteAllCookies is PASSED

2018-07-10 21:38:00 - [TEST_STEP][PASSED] - Statement - TCflag = true: null

2018-07-10 21:38:00 - [TEST_STEP][PASSED] - Statement - Try: null

2018-07-10 21:38:00 - [TEST_STEP][PASSED] - navigateToUrl: Navigate to 'https://engdev.hmedtcloud.com/?pg=Login' successfully

2018-07-10 21:38:09 - [MESSAGE][PASSED] - Navigate to 'https://engdev.hmedtcloud.com/?pg=Login' successfully

2018-07-10 21:38:09 - [TEST_STEP][PASSED] - projectSpecific.Reusability.login: projectSpecific.Reusability.login is PASSED

2018-07-10 21:38:09 - [MESSAGE][PASSED] - projectSpecific.Reusability.getTestData is PASSED

2018-07-10 21:38:09 - [MESSAGE][PASSED] - projectSpecific.Reusability.getTestData is PASSED

2018-07-10 21:38:09 - [MESSAGE][PASSED] - Text 'selvendrank@nousinfo.com' is set on object 'Object Repository/LoginPage/Username'

2018-07-10 21:38:09 - [MESSAGE][PASSED] - Text 'Nous;123' is set on object 'Object Repository/LoginPage/Password'

2018-07-10 21:38:22 - [MESSAGE][PASSED] - Object: 'Object Repository/LoginPage/Login' is clicked on

2018-07-10 21:38:22 - [MESSAGE][PASSED] - projectSpecific.Reusability.login is PASSED

2018-07-10 21:38:22 - [TEST_STEP][PASSED] - uiaction.CommonUIActions.click: uiaction.CommonUIActions.click is PASSED

2018-07-10 21:38:24 - [MESSAGE][PASSED] - uiaction.CommonUIActions.click is PASSED

2018-07-10 21:38:24 - [TEST_STEP][PASSED] - delay: Delayed 10 second(s)

2018-07-10 21:38:34 - [MESSAGE][PASSED] - Delayed 10 second(s)

2018-07-10 21:38:34 - [TEST_STEP][PASSED] - uiaction.CommonUIActions.click: uiaction.CommonUIActions.click is PASSED

2018-07-10 21:38:47 - [MESSAGE][PASSED] - uiaction.CommonUIActions.click is PASSED

2018-07-10 21:38:47 - [TEST_STEP][PASSED] - uiaction.CommonUIActions.click: uiaction.CommonUIActions.click is PASSED

2018-07-10 21:38:49 - [MESSAGE][PASSED] - uiaction.CommonUIActions.click is PASSED

2018-07-10 21:38:49 - [TEST_STEP][PASSED] - uiaction.CommonUIActions.click: uiaction.CommonUIActions.click is PASSED

2018-07-10 21:38:49 - [MESSAGE][PASSED] - uiaction.CommonUIActions.click is PASSED

2018-07-10 21:38:49 - [TEST_STEP][PASSED] - uiaction.CommonUIActions.click: uiaction.CommonUIActions.click is PASSED

2018-07-10 21:38:54 - [MESSAGE][PASSED] - uiaction.CommonUIActions.click is PASSED

2018-07-10 21:38:54 - [TEST_STEP][PASSED] - Statement - storeID = CustomKeywords.uiaction.CommonUIActions.getText(com.kms.katalon.core.testobject.ObjectRepository.findTestObject(StorePage/storeID)): uiaction.CommonUIActions.getText is PASSED

2018-07-10 21:38:54 - [MESSAGE][PASSED] - uiaction.CommonUIActions.getText is PASSED

2018-07-10 21:38:54 - [TEST_STEP][PASSED] - Statement - storenumber = storeID.trim(): null

2018-07-10 21:38:54 - [TEST_STEP][PASSED] - Statement - println(storenumber): null

2018-07-10 21:38:54 - [TEST_STEP][PASSED] - uiaction.CommonUIActions.click: uiaction.CommonUIActions.click is PASSED

2018-07-10 21:38:56 - [MESSAGE][PASSED] - uiaction.CommonUIActions.click is PASSED

2018-07-10 21:38:56 - [TEST_STEP][PASSED] - delay: Delayed 10 second(s)

2018-07-10 21:39:06 - [MESSAGE][PASSED] - Delayed 10 second(s)

2018-07-10 21:39:06 - [TEST_STEP][PASSED] - uiaction.CommonUIActions.click: uiaction.CommonUIActions.click is PASSED

2018-07-10 21:39:17 - [MESSAGE][PASSED] - uiaction.CommonUIActions.click is PASSED

2018-07-10 21:39:17 - [TEST_STEP][PASSED] - uiaction.CommonUIActions.click: uiaction.CommonUIActions.click is PASSED

2018-07-10 21:39:21 - [MESSAGE][PASSED] - uiaction.CommonUIActions.click is PASSED

2018-07-10 21:39:21 - [TEST_STEP][PASSED] - uiaction.CommonUIActions.click: uiaction.CommonUIActions.click is PASSED

2018-07-10 21:39:21 - [MESSAGE][PASSED] - uiaction.CommonUIActions.click is PASSED

2018-07-10 21:39:21 - [TEST_STEP][PASSED] - uiaction.CommonUIActions.enter: uiaction.CommonUIActions.enter is PASSED

2018-07-10 21:39:21 - [MESSAGE][PASSED] - projectSpecific.Reusability.getTestData is PASSED

2018-07-10 21:39:21 - [MESSAGE][PASSED] - uiaction.CommonUIActions.enter is PASSED

2018-07-10 21:39:21 - [TEST_STEP][PASSED] - uiaction.CommonUIActions.enter: uiaction.CommonUIActions.enter is PASSED

2018-07-10 21:39:21 - [MESSAGE][PASSED] - projectSpecific.Reusability.getTestData is PASSED

2018-07-10 21:39:21 - [MESSAGE][PASSED] - uiaction.CommonUIActions.enter is PASSED

2018-07-10 21:39:21 - [TEST_STEP][PASSED] - delay: Delayed 10 second(s)

2018-07-10 21:39:31 - [MESSAGE][PASSED] - Delayed 10 second(s)

2018-07-10 21:39:31 - [TEST_STEP][PASSED] - Statement - driver = com.kms.katalon.core.webui.driver.DriverFactory.getWebDriver(): null

2018-07-10 21:39:31 - [TEST_STEP][PASSED] - Statement - grouplist = driver.findElements(org.openqa.selenium.By.xpath("//ul[@class='unlinked-grouplist']/li")): null

2018-07-10 21:39:31 - [TEST_STEP][PASSED] - delay: Delayed 5 second(s)

2018-07-10 21:39:36 - [MESSAGE][PASSED] - Delayed 5 second(s)

2018-07-10 21:39:36 - [TEST_STEP][PASSED] - Statement - For ([i = 0, i < grouplist.size(), (i++)]): null

2018-07-10 21:39:36 - [TEST_STEP][PASSED] - Statement - println(grouplist.get(i).getText()): null

2018-07-10 21:39:37 - [TEST_STEP][PASSED] - Statement - If (grouplist.get(i).getText().contains(storenumber)): null

2018-07-10 21:39:37 - [TEST_STEP][PASSED] - Statement - println(grouplist.get(i).getText()): null

2018-07-10 21:39:37 - [TEST_STEP][PASSED] - Statement - If (grouplist.get(i).getText().contains(storenumber)): null

2018-07-10 21:39:37 - [TEST_STEP][PASSED] - Statement - println(grouplist.get(i).getText()): null

2018-07-10 21:39:37 - [TEST_STEP][PASSED] - Statement - If (grouplist.get(i).getText().contains(storenumber)): null

2018-07-10 21:39:37 - [TEST_STEP][PASSED] - Statement - println(grouplist.get(i).getText()): null

2018-07-10 21:39:37 - [TEST_STEP][PASSED] - Statement - If (grouplist.get(i).getText().contains(storenumber)): null

2018-07-10 21:39:37 - [TEST_STEP][PASSED] - Statement - println(grouplist.get(i).getText()): null

2018-07-10 21:39:37 - [TEST_STEP][PASSED] - Statement - If (grouplist.get(i).getText().contains(storenumber)): null

2018-07-10 21:39:37 - [TEST_STEP][PASSED] - Statement - println(grouplist.get(i).getText()): null

2018-07-10 21:39:37 - [TEST_STEP][PASSED] - Statement - If (grouplist.get(i).getText().contains(storenumber)): null

2018-07-10 21:39:37 - [TEST_STEP][PASSED] - Statement - println(grouplist.get(i).getText()): null

2018-07-10 21:39:37 - [TEST_STEP][PASSED] - Statement - If (grouplist.get(i).getText().contains(storenumber)): null

2018-07-10 21:39:37 - [TEST_STEP][PASSED] - Statement - println(grouplist.get(i).getText()): null

2018-07-10 21:39:37 - [TEST_STEP][PASSED] - Statement - If (grouplist.get(i).getText().contains(storenumber)): null

2018-07-10 21:39:37 - [TEST_STEP][PASSED] - delay: Delayed 10 second(s)

2018-07-10 21:39:47 - [MESSAGE][PASSED] - Delayed 10 second(s)

2018-07-10 21:39:47 - [TEST_STEP][PASSED] - uiaction.CommonUIActions.click: uiaction.CommonUIActions.click is PASSED

2018-07-10 21:39:47 - [MESSAGE][PASSED] - uiaction.CommonUIActions.click is PASSED

2018-07-10 21:39:47 - [TEST_STEP][PASSED] - uiaction.CommonUIActions.click: uiaction.CommonUIActions.click is PASSED

2018-07-10 21:39:47 - [MESSAGE][PASSED] - uiaction.CommonUIActions.click is PASSED

2018-07-10 21:39:47 - [TEST_STEP][PASSED] - delay: Delayed 10 second(s)

2018-07-10 21:39:57 - [MESSAGE][PASSED] - Delayed 10 second(s)

2018-07-10 21:39:57 - [TEST_STEP][PASSED] - uiaction.CommonUIActions.click: uiaction.CommonUIActions.click is PASSED

2018-07-10 21:39:57 - [MESSAGE][PASSED] - uiaction.CommonUIActions.click is PASSED

2018-07-10 21:39:57 - [TEST_STEP][PASSED] - delay: Delayed 10 second(s)

2018-07-10 21:40:07 - [MESSAGE][PASSED] - Delayed 10 second(s)

2018-07-10 21:40:07 - [TEST_STEP][PASSED] - Statement - groupmain = CustomKeywords.projectSpecific.Reusability.getTestData("ReportingGroupManagementPage", "dummyGroupName1"): projectSpecific.Reusability.getTestData is PASSED

2018-07-10 21:40:07 - [MESSAGE][PASSED] - projectSpecific.Reusability.getTestData is PASSED

2018-07-10 21:40:07 - [TEST_STEP][PASSED] - Statement - driver.findElement(org.openqa.selenium.By.xpath("//span[contains(text(),'" + groupmain + "')]/../../../../span[1]")).click(): null

2018-07-10 21:40:07 - [TEST_STEP][PASSED] - Statement - Catch (Exception e): null

2018-07-10 21:40:07 - [TEST_STEP][PASSED] - Statement - e.printStackTrace(): null

2018-07-10 21:40:07 - [TEST_STEP][PASSED] - Statement - println("Exception of element not found"): null

2018-07-10 21:40:07 - [TEST_STEP][PASSED] - Statement - If (TCflag): null

2018-07-10 21:40:07 - [TEST_STEP][PASSED] - Statement - assert TCflag == true: null

2018-07-10 21:40:07 - [TEST_STEP][PASSED] - Start listener action : sampleAfterTestCase: Browser is closed

2018-07-10 21:40:07 - [TEST_STEP][PASSED] - Statement - println(testCaseContext.getTestCaseId()): null

2018-07-10 21:40:07 - [TEST_STEP][PASSED] - Statement - println(testCaseContext.getTestCaseStatus()): null

2018-07-10 21:40:07 - [TEST_STEP][PASSED] - closeBrowser: Browser is closed

2018-07-10 21:40:08 - [MESSAGE][PASSED] - Browser is closed]]></system-out>
         <system-err><![CDATA[2018-07-10 21:37:55 - [TEST_CASE][FAILED] - Test Cases/SummaryReportsTC/HME-Summary Report-09: Test Cases/SummaryReportsTC/HME-Summary Report-09 FAILED because (of) org.codehaus.groovy.runtime.powerassert.PowerAssertionError: assert TCflag==true
       |     |
       false false]]></system-err>
      </testcase>
      <testcase name="Test Cases/SummaryReportsTC/HME-Summary Report-10" classname="Test Cases/SummaryReportsTC/HME-Summary Report-10" status="FAILED">
         <failure type="FAILED" message="org.codehaus.groovy.runtime.powerassert.PowerAssertionError: assert TCflag==true
       |     |
       false false"/>
         <system-out><![CDATA[2018-07-10 21:40:08 - [TEST_CASE][FAILED] - Test Cases/SummaryReportsTC/HME-Summary Report-10: Test Cases/SummaryReportsTC/HME-Summary Report-10 FAILED because (of) org.codehaus.groovy.runtime.powerassert.PowerAssertionError: assert TCflag==true
       |     |
       false false

2018-07-10 21:40:08 - [TEST_STEP][PASSED] - Start listener action : sampleBeforeTestCase: uiaction.CommonUIActions.deleteAllCookies is PASSED

2018-07-10 21:40:08 - [TEST_STEP][PASSED] - openBrowser: Browser is opened with url: ''

2018-07-10 21:40:11 - [MESSAGE][PASSED] - Browser is opened with url: ''

2018-07-10 21:40:11 - [TEST_STEP][PASSED] - maximizeWindow: Current window maximized

2018-07-10 21:40:12 - [MESSAGE][PASSED] - Current window maximized

2018-07-10 21:40:12 - [TEST_STEP][PASSED] - uiaction.CommonUIActions.deleteAllCookies: uiaction.CommonUIActions.deleteAllCookies is PASSED

2018-07-10 21:40:12 - [MESSAGE][PASSED] - Delete all cookies successfully

2018-07-10 21:40:12 - [MESSAGE][PASSED] - uiaction.CommonUIActions.deleteAllCookies is PASSED

2018-07-10 21:40:12 - [TEST_STEP][PASSED] - Statement - TCflag = true: null

2018-07-10 21:40:12 - [TEST_STEP][PASSED] - Statement - Try: null

2018-07-10 21:40:12 - [TEST_STEP][PASSED] - navigateToUrl: Navigate to 'https://engdev.hmedtcloud.com/?pg=Login' successfully

2018-07-10 21:40:20 - [MESSAGE][PASSED] - Navigate to 'https://engdev.hmedtcloud.com/?pg=Login' successfully

2018-07-10 21:40:20 - [TEST_STEP][PASSED] - projectSpecific.Reusability.login: projectSpecific.Reusability.login is PASSED

2018-07-10 21:40:20 - [MESSAGE][PASSED] - projectSpecific.Reusability.getTestData is PASSED

2018-07-10 21:40:20 - [MESSAGE][PASSED] - projectSpecific.Reusability.getTestData is PASSED

2018-07-10 21:40:21 - [MESSAGE][PASSED] - Text 'selvendrank@nousinfo.com' is set on object 'Object Repository/LoginPage/Username'

2018-07-10 21:40:21 - [MESSAGE][PASSED] - Text 'Nous;123' is set on object 'Object Repository/LoginPage/Password'

2018-07-10 21:40:34 - [MESSAGE][PASSED] - Object: 'Object Repository/LoginPage/Login' is clicked on

2018-07-10 21:40:34 - [MESSAGE][PASSED] - projectSpecific.Reusability.login is PASSED

2018-07-10 21:40:34 - [TEST_STEP][PASSED] - uiaction.CommonUIActions.click: uiaction.CommonUIActions.click is PASSED

2018-07-10 21:40:35 - [MESSAGE][PASSED] - uiaction.CommonUIActions.click is PASSED

2018-07-10 21:40:35 - [TEST_STEP][PASSED] - delay: Delayed 10 second(s)

2018-07-10 21:40:45 - [MESSAGE][PASSED] - Delayed 10 second(s)

2018-07-10 21:40:45 - [TEST_STEP][PASSED] - uiaction.CommonUIActions.click: uiaction.CommonUIActions.click is PASSED

2018-07-10 21:40:57 - [MESSAGE][PASSED] - uiaction.CommonUIActions.click is PASSED

2018-07-10 21:40:57 - [TEST_STEP][PASSED] - uiaction.CommonUIActions.click: uiaction.CommonUIActions.click is PASSED

2018-07-10 21:41:00 - [MESSAGE][PASSED] - uiaction.CommonUIActions.click is PASSED

2018-07-10 21:41:00 - [TEST_STEP][PASSED] - uiaction.CommonUIActions.click: uiaction.CommonUIActions.click is PASSED

2018-07-10 21:41:00 - [MESSAGE][PASSED] - uiaction.CommonUIActions.click is PASSED

2018-07-10 21:41:00 - [TEST_STEP][PASSED] - uiaction.CommonUIActions.click: uiaction.CommonUIActions.click is PASSED

2018-07-10 21:41:05 - [MESSAGE][PASSED] - uiaction.CommonUIActions.click is PASSED

2018-07-10 21:41:05 - [TEST_STEP][PASSED] - Statement - storeID = CustomKeywords.uiaction.CommonUIActions.getText(com.kms.katalon.core.testobject.ObjectRepository.findTestObject(StorePage/storeID)): uiaction.CommonUIActions.getText is PASSED

2018-07-10 21:41:05 - [MESSAGE][PASSED] - uiaction.CommonUIActions.getText is PASSED

2018-07-10 21:41:05 - [TEST_STEP][PASSED] - Statement - storenumber = storeID.trim(): null

2018-07-10 21:41:05 - [TEST_STEP][PASSED] - Statement - println(storenumber): null

2018-07-10 21:41:05 - [TEST_STEP][PASSED] - uiaction.CommonUIActions.click: uiaction.CommonUIActions.click is PASSED

2018-07-10 21:41:07 - [MESSAGE][PASSED] - uiaction.CommonUIActions.click is PASSED

2018-07-10 21:41:07 - [TEST_STEP][PASSED] - delay: Delayed 10 second(s)

2018-07-10 21:41:17 - [MESSAGE][PASSED] - Delayed 10 second(s)

2018-07-10 21:41:17 - [TEST_STEP][PASSED] - uiaction.CommonUIActions.click: uiaction.CommonUIActions.click is PASSED

2018-07-10 21:41:29 - [MESSAGE][PASSED] - uiaction.CommonUIActions.click is PASSED

2018-07-10 21:41:29 - [TEST_STEP][PASSED] - uiaction.CommonUIActions.click: uiaction.CommonUIActions.click is PASSED

2018-07-10 21:41:31 - [MESSAGE][PASSED] - uiaction.CommonUIActions.click is PASSED

2018-07-10 21:41:31 - [TEST_STEP][PASSED] - uiaction.CommonUIActions.click: uiaction.CommonUIActions.click is PASSED

2018-07-10 21:41:31 - [MESSAGE][PASSED] - uiaction.CommonUIActions.click is PASSED

2018-07-10 21:41:31 - [TEST_STEP][PASSED] - uiaction.CommonUIActions.click: uiaction.CommonUIActions.click is PASSED

2018-07-10 21:41:36 - [MESSAGE][PASSED] - uiaction.CommonUIActions.click is PASSED

2018-07-10 21:41:36 - [TEST_STEP][PASSED] - Statement - storeID1 = CustomKeywords.uiaction.CommonUIActions.getText(com.kms.katalon.core.testobject.ObjectRepository.findTestObject(StorePage/storeID)): uiaction.CommonUIActions.getText is PASSED

2018-07-10 21:41:36 - [MESSAGE][PASSED] - uiaction.CommonUIActions.getText is PASSED

2018-07-10 21:41:36 - [TEST_STEP][PASSED] - Statement - storenumber1 = storeID1.trim(): null

2018-07-10 21:41:36 - [TEST_STEP][PASSED] - Statement - println(storenumber1): null

2018-07-10 21:41:36 - [TEST_STEP][PASSED] - uiaction.CommonUIActions.click: uiaction.CommonUIActions.click is PASSED

2018-07-10 21:41:38 - [MESSAGE][PASSED] - uiaction.CommonUIActions.click is PASSED

2018-07-10 21:41:38 - [TEST_STEP][PASSED] - delay: Delayed 10 second(s)

2018-07-10 21:41:48 - [MESSAGE][PASSED] - Delayed 10 second(s)

2018-07-10 21:41:48 - [TEST_STEP][PASSED] - uiaction.CommonUIActions.click: uiaction.CommonUIActions.click is PASSED

2018-07-10 21:42:00 - [MESSAGE][PASSED] - uiaction.CommonUIActions.click is PASSED

2018-07-10 21:42:00 - [TEST_STEP][PASSED] - uiaction.CommonUIActions.click: uiaction.CommonUIActions.click is PASSED

2018-07-10 21:42:04 - [MESSAGE][PASSED] - uiaction.CommonUIActions.click is PASSED

2018-07-10 21:42:04 - [TEST_STEP][PASSED] - uiaction.CommonUIActions.click: uiaction.CommonUIActions.click is PASSED

2018-07-10 21:42:04 - [MESSAGE][PASSED] - uiaction.CommonUIActions.click is PASSED

2018-07-10 21:42:04 - [TEST_STEP][PASSED] - uiaction.CommonUIActions.enter: uiaction.CommonUIActions.enter is PASSED

2018-07-10 21:42:04 - [MESSAGE][PASSED] - projectSpecific.Reusability.getTestData is PASSED

2018-07-10 21:42:04 - [MESSAGE][PASSED] - uiaction.CommonUIActions.enter is PASSED

2018-07-10 21:42:04 - [TEST_STEP][PASSED] - uiaction.CommonUIActions.enter: uiaction.CommonUIActions.enter is PASSED

2018-07-10 21:42:04 - [MESSAGE][PASSED] - projectSpecific.Reusability.getTestData is PASSED

2018-07-10 21:42:04 - [MESSAGE][PASSED] - uiaction.CommonUIActions.enter is PASSED

2018-07-10 21:42:04 - [TEST_STEP][PASSED] - delay: Delayed 10 second(s)

2018-07-10 21:42:14 - [MESSAGE][PASSED] - Delayed 10 second(s)

2018-07-10 21:42:14 - [TEST_STEP][PASSED] - Statement - driver = com.kms.katalon.core.webui.driver.DriverFactory.getWebDriver(): null

2018-07-10 21:42:14 - [TEST_STEP][PASSED] - Statement - grouplist = driver.findElements(org.openqa.selenium.By.xpath("//ul[@class='unlinked-grouplist']/li")): null

2018-07-10 21:42:14 - [TEST_STEP][PASSED] - delay: Delayed 5 second(s)

2018-07-10 21:42:19 - [MESSAGE][PASSED] - Delayed 5 second(s)

2018-07-10 21:42:19 - [TEST_STEP][PASSED] - Statement - For ([i = 0, i < grouplist.size(), (i++)]): null

2018-07-10 21:42:19 - [TEST_STEP][PASSED] - Statement - println(grouplist.get(i).getText()): null

2018-07-10 21:42:19 - [TEST_STEP][PASSED] - Statement - If (grouplist.get(i).getText().contains(storenumber)): null

2018-07-10 21:42:19 - [TEST_STEP][PASSED] - Statement - println(grouplist.get(i).getText()): null

2018-07-10 21:42:19 - [TEST_STEP][PASSED] - Statement - If (grouplist.get(i).getText().contains(storenumber)): null

2018-07-10 21:42:19 - [TEST_STEP][PASSED] - Statement - println(grouplist.get(i).getText()): null

2018-07-10 21:42:19 - [TEST_STEP][PASSED] - Statement - If (grouplist.get(i).getText().contains(storenumber)): null

2018-07-10 21:42:19 - [TEST_STEP][PASSED] - Statement - println(grouplist.get(i).getText()): null

2018-07-10 21:42:19 - [TEST_STEP][PASSED] - Statement - If (grouplist.get(i).getText().contains(storenumber)): null

2018-07-10 21:42:19 - [TEST_STEP][PASSED] - Statement - println(grouplist.get(i).getText()): null

2018-07-10 21:42:19 - [TEST_STEP][PASSED] - Statement - If (grouplist.get(i).getText().contains(storenumber)): null

2018-07-10 21:42:19 - [TEST_STEP][PASSED] - Statement - println(grouplist.get(i).getText()): null

2018-07-10 21:42:19 - [TEST_STEP][PASSED] - Statement - If (grouplist.get(i).getText().contains(storenumber)): null

2018-07-10 21:42:19 - [TEST_STEP][PASSED] - Statement - println(grouplist.get(i).getText()): null

2018-07-10 21:42:19 - [TEST_STEP][PASSED] - Statement - If (grouplist.get(i).getText().contains(storenumber)): null

2018-07-10 21:42:19 - [TEST_STEP][PASSED] - Statement - println(grouplist.get(i).getText()): null

2018-07-10 21:42:19 - [TEST_STEP][PASSED] - Statement - If (grouplist.get(i).getText().contains(storenumber)): null

2018-07-10 21:42:19 - [TEST_STEP][PASSED] - delay: Delayed 10 second(s)

2018-07-10 21:42:29 - [MESSAGE][PASSED] - Delayed 10 second(s)

2018-07-10 21:42:29 - [TEST_STEP][PASSED] - uiaction.CommonUIActions.click: uiaction.CommonUIActions.click is PASSED

2018-07-10 21:42:29 - [MESSAGE][PASSED] - uiaction.CommonUIActions.click is PASSED

2018-07-10 21:42:29 - [TEST_STEP][PASSED] - uiaction.CommonUIActions.click: uiaction.CommonUIActions.click is PASSED

2018-07-10 21:42:29 - [MESSAGE][PASSED] - uiaction.CommonUIActions.click is PASSED

2018-07-10 21:42:29 - [TEST_STEP][PASSED] - delay: Delayed 10 second(s)

2018-07-10 21:42:39 - [MESSAGE][PASSED] - Delayed 10 second(s)

2018-07-10 21:42:39 - [TEST_STEP][PASSED] - uiaction.CommonUIActions.click: uiaction.CommonUIActions.click is PASSED

2018-07-10 21:42:40 - [MESSAGE][PASSED] - uiaction.CommonUIActions.click is PASSED

2018-07-10 21:42:40 - [TEST_STEP][PASSED] - delay: Delayed 10 second(s)

2018-07-10 21:42:50 - [MESSAGE][PASSED] - Delayed 10 second(s)

2018-07-10 21:42:50 - [TEST_STEP][PASSED] - Statement - groupmain = CustomKeywords.projectSpecific.Reusability.getTestData("ReportingGroupManagementPage", "dummyGroupName1"): projectSpecific.Reusability.getTestData is PASSED

2018-07-10 21:42:50 - [MESSAGE][PASSED] - projectSpecific.Reusability.getTestData is PASSED

2018-07-10 21:42:50 - [TEST_STEP][PASSED] - Statement - driver.findElement(org.openqa.selenium.By.xpath("//span[contains(text(),'" + groupmain + "')]/../../../../span[1]")).click(): null

2018-07-10 21:42:50 - [TEST_STEP][PASSED] - Statement - Catch (Exception e): null

2018-07-10 21:42:50 - [TEST_STEP][PASSED] - Statement - e.printStackTrace(): null

2018-07-10 21:42:50 - [TEST_STEP][PASSED] - Statement - println("Exception of element not found"): null

2018-07-10 21:42:50 - [TEST_STEP][PASSED] - Statement - If (TCflag): null

2018-07-10 21:42:50 - [TEST_STEP][PASSED] - Statement - assert TCflag == true: null

2018-07-10 21:42:50 - [TEST_STEP][PASSED] - Start listener action : sampleAfterTestCase: Browser is closed

2018-07-10 21:42:50 - [TEST_STEP][PASSED] - Statement - println(testCaseContext.getTestCaseId()): null

2018-07-10 21:42:50 - [TEST_STEP][PASSED] - Statement - println(testCaseContext.getTestCaseStatus()): null

2018-07-10 21:42:50 - [TEST_STEP][PASSED] - closeBrowser: Browser is closed

2018-07-10 21:42:50 - [MESSAGE][PASSED] - Browser is closed]]></system-out>
         <system-err><![CDATA[2018-07-10 21:40:08 - [TEST_CASE][FAILED] - Test Cases/SummaryReportsTC/HME-Summary Report-10: Test Cases/SummaryReportsTC/HME-Summary Report-10 FAILED because (of) org.codehaus.groovy.runtime.powerassert.PowerAssertionError: assert TCflag==true
       |     |
       false false]]></system-err>
      </testcase>
      <testcase name="Test Cases/SummaryReportsTC/HME-Summary Report-11" classname="Test Cases/SummaryReportsTC/HME-Summary Report-11" status="FAILED">
         <failure type="FAILED" message="org.codehaus.groovy.runtime.powerassert.PowerAssertionError: assert TCflag==true
       |     |
       false false"/>
         <system-out><![CDATA[2018-07-10 21:42:50 - [TEST_CASE][FAILED] - Test Cases/SummaryReportsTC/HME-Summary Report-11: Test Cases/SummaryReportsTC/HME-Summary Report-11 FAILED because (of) org.codehaus.groovy.runtime.powerassert.PowerAssertionError: assert TCflag==true
       |     |
       false false

2018-07-10 21:42:50 - [TEST_STEP][PASSED] - Start listener action : sampleBeforeTestCase: uiaction.CommonUIActions.deleteAllCookies is PASSED

2018-07-10 21:42:50 - [TEST_STEP][PASSED] - openBrowser: Browser is opened with url: ''

2018-07-10 21:42:53 - [MESSAGE][PASSED] - Browser is opened with url: ''

2018-07-10 21:42:53 - [TEST_STEP][PASSED] - maximizeWindow: Current window maximized

2018-07-10 21:42:54 - [MESSAGE][PASSED] - Current window maximized

2018-07-10 21:42:54 - [TEST_STEP][PASSED] - uiaction.CommonUIActions.deleteAllCookies: uiaction.CommonUIActions.deleteAllCookies is PASSED

2018-07-10 21:42:54 - [MESSAGE][PASSED] - Delete all cookies successfully

2018-07-10 21:42:54 - [MESSAGE][PASSED] - uiaction.CommonUIActions.deleteAllCookies is PASSED

2018-07-10 21:42:54 - [TEST_STEP][PASSED] - Statement - TCflag = true: null

2018-07-10 21:42:54 - [TEST_STEP][PASSED] - Statement - Try: null

2018-07-10 21:42:54 - [TEST_STEP][PASSED] - navigateToUrl: Navigate to 'https://engdev.hmedtcloud.com/?pg=Login' successfully

2018-07-10 21:43:02 - [MESSAGE][PASSED] - Navigate to 'https://engdev.hmedtcloud.com/?pg=Login' successfully

2018-07-10 21:43:02 - [TEST_STEP][PASSED] - projectSpecific.Reusability.login: projectSpecific.Reusability.login is PASSED

2018-07-10 21:43:02 - [MESSAGE][PASSED] - projectSpecific.Reusability.getTestData is PASSED

2018-07-10 21:43:02 - [MESSAGE][PASSED] - projectSpecific.Reusability.getTestData is PASSED

2018-07-10 21:43:03 - [MESSAGE][PASSED] - Text 'selvendrank@nousinfo.com' is set on object 'Object Repository/LoginPage/Username'

2018-07-10 21:43:03 - [MESSAGE][PASSED] - Text 'Nous;123' is set on object 'Object Repository/LoginPage/Password'

2018-07-10 21:43:16 - [MESSAGE][PASSED] - Object: 'Object Repository/LoginPage/Login' is clicked on

2018-07-10 21:43:16 - [MESSAGE][PASSED] - projectSpecific.Reusability.login is PASSED

2018-07-10 21:43:16 - [TEST_STEP][PASSED] - delay: Delayed 10 second(s)

2018-07-10 21:43:26 - [MESSAGE][PASSED] - Delayed 10 second(s)

2018-07-10 21:43:26 - [TEST_STEP][PASSED] - uiaction.CommonUIActions.click: uiaction.CommonUIActions.click is PASSED

2018-07-10 21:43:28 - [MESSAGE][PASSED] - uiaction.CommonUIActions.click is PASSED

2018-07-10 21:43:28 - [TEST_STEP][PASSED] - uiaction.CommonUIActions.click: uiaction.CommonUIActions.click is PASSED

2018-07-10 21:43:40 - [MESSAGE][PASSED] - uiaction.CommonUIActions.click is PASSED

2018-07-10 21:43:40 - [TEST_STEP][PASSED] - uiaction.CommonUIActions.click: uiaction.CommonUIActions.click is PASSED

2018-07-10 21:43:43 - [MESSAGE][PASSED] - uiaction.CommonUIActions.click is PASSED

2018-07-10 21:43:43 - [TEST_STEP][PASSED] - uiaction.CommonUIActions.click: uiaction.CommonUIActions.click is PASSED

2018-07-10 21:43:43 - [MESSAGE][PASSED] - uiaction.CommonUIActions.click is PASSED

2018-07-10 21:43:43 - [TEST_STEP][PASSED] - uiaction.CommonUIActions.enter: uiaction.CommonUIActions.enter is PASSED

2018-07-10 21:43:43 - [MESSAGE][PASSED] - projectSpecific.Reusability.getTestData is PASSED

2018-07-10 21:43:44 - [MESSAGE][PASSED] - uiaction.CommonUIActions.enter is PASSED

2018-07-10 21:43:44 - [TEST_STEP][PASSED] - uiaction.CommonUIActions.enter: uiaction.CommonUIActions.enter is PASSED

2018-07-10 21:43:44 - [MESSAGE][PASSED] - projectSpecific.Reusability.getTestData is PASSED

2018-07-10 21:43:44 - [MESSAGE][PASSED] - uiaction.CommonUIActions.enter is PASSED

2018-07-10 21:43:44 - [TEST_STEP][PASSED] - delay: Delayed 10 second(s)

2018-07-10 21:43:54 - [MESSAGE][PASSED] - Delayed 10 second(s)

2018-07-10 21:43:54 - [TEST_STEP][PASSED] - Statement - groupmain = CustomKeywords.projectSpecific.Reusability.getTestData("ReportingGroupManagementPage", "Summarygrp"): projectSpecific.Reusability.getTestData is PASSED

2018-07-10 21:43:54 - [MESSAGE][PASSED] - projectSpecific.Reusability.getTestData is PASSED

2018-07-10 21:43:54 - [TEST_STEP][PASSED] - Statement - driver = com.kms.katalon.core.webui.driver.DriverFactory.getWebDriver(): null

2018-07-10 21:43:54 - [TEST_STEP][PASSED] - Statement - grouplist = driver.findElements(org.openqa.selenium.By.xpath("//ul[@class='unlinked-grouplist']/li")): null

2018-07-10 21:43:54 - [TEST_STEP][PASSED] - delay: Delayed 10 second(s)

2018-07-10 21:44:04 - [MESSAGE][PASSED] - Delayed 10 second(s)

2018-07-10 21:44:04 - [TEST_STEP][PASSED] - Statement - For ([i = 0, i < grouplist.size(), (i++)]): null

2018-07-10 21:44:04 - [TEST_STEP][PASSED] - Statement - println(grouplist.get(i).getText()): null

2018-07-10 21:44:04 - [TEST_STEP][PASSED] - Statement - If (grouplist.get(i).getText().contains("00")): null

2018-07-10 21:44:04 - [TEST_STEP][PASSED] - Statement - println(grouplist.get(i).getText()): null

2018-07-10 21:44:04 - [TEST_STEP][PASSED] - Statement - If (grouplist.get(i).getText().contains("00")): null

2018-07-10 21:44:04 - [TEST_STEP][PASSED] - Statement - println(grouplist.get(i).getText()): null

2018-07-10 21:44:04 - [TEST_STEP][PASSED] - Statement - If (grouplist.get(i).getText().contains("00")): null

2018-07-10 21:44:04 - [TEST_STEP][PASSED] - Statement - println(grouplist.get(i).getText()): null

2018-07-10 21:44:04 - [TEST_STEP][PASSED] - Statement - If (grouplist.get(i).getText().contains("00")): null

2018-07-10 21:44:04 - [TEST_STEP][PASSED] - Statement - println(grouplist.get(i).getText()): null

2018-07-10 21:44:04 - [TEST_STEP][PASSED] - Statement - If (grouplist.get(i).getText().contains("00")): null

2018-07-10 21:44:04 - [TEST_STEP][PASSED] - Statement - println(grouplist.get(i).getText()): null

2018-07-10 21:44:04 - [TEST_STEP][PASSED] - Statement - If (grouplist.get(i).getText().contains("00")): null

2018-07-10 21:44:04 - [TEST_STEP][PASSED] - Statement - println(grouplist.get(i).getText()): null

2018-07-10 21:44:04 - [TEST_STEP][PASSED] - Statement - If (grouplist.get(i).getText().contains("00")): null

2018-07-10 21:44:04 - [TEST_STEP][PASSED] - Statement - println(grouplist.get(i).getText()): null

2018-07-10 21:44:04 - [TEST_STEP][PASSED] - Statement - If (grouplist.get(i).getText().contains("00")): null

2018-07-10 21:44:04 - [TEST_STEP][PASSED] - Statement - driver.findElement(org.openqa.selenium.By.xpath("//button[contains(text(),'>')]")).click(): null

2018-07-10 21:44:04 - [TEST_STEP][PASSED] - delay: Delayed 10 second(s)

2018-07-10 21:44:14 - [MESSAGE][PASSED] - Delayed 10 second(s)

2018-07-10 21:44:14 - [TEST_STEP][PASSED] - uiaction.CommonUIActions.click: uiaction.CommonUIActions.click is PASSED

2018-07-10 21:44:14 - [MESSAGE][PASSED] - uiaction.CommonUIActions.click is PASSED

2018-07-10 21:44:14 - [TEST_STEP][PASSED] - uiaction.CommonUIActions.click: uiaction.CommonUIActions.click is PASSED

2018-07-10 21:44:14 - [MESSAGE][PASSED] - uiaction.CommonUIActions.click is PASSED

2018-07-10 21:44:14 - [TEST_STEP][PASSED] - delay: Delayed 10 second(s)

2018-07-10 21:44:24 - [MESSAGE][PASSED] - Delayed 10 second(s)

2018-07-10 21:44:24 - [TEST_STEP][PASSED] - uiaction.CommonUIActions.click: uiaction.CommonUIActions.click is PASSED

2018-07-10 21:44:24 - [MESSAGE][PASSED] - uiaction.CommonUIActions.click is PASSED

2018-07-10 21:44:24 - [TEST_STEP][PASSED] - delay: Delayed 10 second(s)

2018-07-10 21:44:34 - [MESSAGE][PASSED] - Delayed 10 second(s)

2018-07-10 21:44:34 - [TEST_STEP][PASSED] - Statement - driver.findElement(org.openqa.selenium.By.xpath("//span[contains(text(),'" + groupmain + "')]/../../../../span[1]")).click(): null

2018-07-10 21:44:34 - [TEST_STEP][PASSED] - Statement - Catch (Exception e): null

2018-07-10 21:44:34 - [TEST_STEP][PASSED] - Statement - e.printStackTrace(): null

2018-07-10 21:44:34 - [TEST_STEP][PASSED] - Statement - println("Exception of element not found"): null

2018-07-10 21:44:34 - [TEST_STEP][PASSED] - Statement - If (TCflag): null

2018-07-10 21:44:34 - [TEST_STEP][PASSED] - Statement - assert TCflag == true: null

2018-07-10 21:44:34 - [TEST_STEP][PASSED] - Start listener action : sampleAfterTestCase: Browser is closed

2018-07-10 21:44:34 - [TEST_STEP][PASSED] - Statement - println(testCaseContext.getTestCaseId()): null

2018-07-10 21:44:34 - [TEST_STEP][PASSED] - Statement - println(testCaseContext.getTestCaseStatus()): null

2018-07-10 21:44:34 - [TEST_STEP][PASSED] - closeBrowser: Browser is closed

2018-07-10 21:44:35 - [MESSAGE][PASSED] - Browser is closed]]></system-out>
         <system-err><![CDATA[2018-07-10 21:42:50 - [TEST_CASE][FAILED] - Test Cases/SummaryReportsTC/HME-Summary Report-11: Test Cases/SummaryReportsTC/HME-Summary Report-11 FAILED because (of) org.codehaus.groovy.runtime.powerassert.PowerAssertionError: assert TCflag==true
       |     |
       false false]]></system-err>
      </testcase>
      <testcase name="Test Cases/SummaryReportsTC/HME-Summary Report-12" classname="Test Cases/SummaryReportsTC/HME-Summary Report-12" status="FAILED">
         <failure type="FAILED" message="org.codehaus.groovy.runtime.powerassert.PowerAssertionError: assert TCflag==true
       |     |
       false false"/>
         <system-out><![CDATA[2018-07-10 21:44:35 - [TEST_CASE][FAILED] - Test Cases/SummaryReportsTC/HME-Summary Report-12: Test Cases/SummaryReportsTC/HME-Summary Report-12 FAILED because (of) org.codehaus.groovy.runtime.powerassert.PowerAssertionError: assert TCflag==true
       |     |
       false false

2018-07-10 21:44:35 - [TEST_STEP][PASSED] - Start listener action : sampleBeforeTestCase: uiaction.CommonUIActions.deleteAllCookies is PASSED

2018-07-10 21:44:35 - [TEST_STEP][PASSED] - openBrowser: Browser is opened with url: ''

2018-07-10 21:44:38 - [MESSAGE][PASSED] - Browser is opened with url: ''

2018-07-10 21:44:38 - [TEST_STEP][PASSED] - maximizeWindow: Current window maximized

2018-07-10 21:44:39 - [MESSAGE][PASSED] - Current window maximized

2018-07-10 21:44:39 - [TEST_STEP][PASSED] - uiaction.CommonUIActions.deleteAllCookies: uiaction.CommonUIActions.deleteAllCookies is PASSED

2018-07-10 21:44:39 - [MESSAGE][PASSED] - Delete all cookies successfully

2018-07-10 21:44:39 - [MESSAGE][PASSED] - uiaction.CommonUIActions.deleteAllCookies is PASSED

2018-07-10 21:44:39 - [TEST_STEP][PASSED] - Statement - TCflag = true: null

2018-07-10 21:44:39 - [TEST_STEP][PASSED] - Statement - Try: null

2018-07-10 21:44:39 - [TEST_STEP][PASSED] - navigateToUrl: Navigate to 'https://engdev.hmedtcloud.com/?pg=Login' successfully

2018-07-10 21:44:47 - [MESSAGE][PASSED] - Navigate to 'https://engdev.hmedtcloud.com/?pg=Login' successfully

2018-07-10 21:44:47 - [TEST_STEP][PASSED] - projectSpecific.Reusability.login: projectSpecific.Reusability.login is PASSED

2018-07-10 21:44:47 - [MESSAGE][PASSED] - projectSpecific.Reusability.getTestData is PASSED

2018-07-10 21:44:47 - [MESSAGE][PASSED] - projectSpecific.Reusability.getTestData is PASSED

2018-07-10 21:44:48 - [MESSAGE][PASSED] - Text 'selvendrank@nousinfo.com' is set on object 'Object Repository/LoginPage/Username'

2018-07-10 21:44:48 - [MESSAGE][PASSED] - Text 'Nous;123' is set on object 'Object Repository/LoginPage/Password'

2018-07-10 21:45:01 - [MESSAGE][PASSED] - Object: 'Object Repository/LoginPage/Login' is clicked on

2018-07-10 21:45:01 - [MESSAGE][PASSED] - projectSpecific.Reusability.login is PASSED

2018-07-10 21:45:01 - [TEST_STEP][PASSED] - delay: Delayed 10 second(s)

2018-07-10 21:45:11 - [MESSAGE][PASSED] - Delayed 10 second(s)

2018-07-10 21:45:11 - [TEST_STEP][PASSED] - Statement - driver = com.kms.katalon.core.webui.driver.DriverFactory.getWebDriver(): null

2018-07-10 21:45:11 - [TEST_STEP][PASSED] - delay: Delayed 10 second(s)

2018-07-10 21:45:21 - [MESSAGE][PASSED] - Delayed 10 second(s)

2018-07-10 21:45:21 - [TEST_STEP][PASSED] - uiaction.CommonUIActions.click: uiaction.CommonUIActions.click is PASSED

2018-07-10 21:45:23 - [MESSAGE][PASSED] - uiaction.CommonUIActions.click is PASSED

2018-07-10 21:45:23 - [TEST_STEP][PASSED] - uiaction.CommonUIActions.click: uiaction.CommonUIActions.click is PASSED

2018-07-10 21:45:35 - [MESSAGE][PASSED] - uiaction.CommonUIActions.click is PASSED

2018-07-10 21:45:35 - [TEST_STEP][PASSED] - uiaction.CommonUIActions.click: uiaction.CommonUIActions.click is PASSED

2018-07-10 21:45:38 - [MESSAGE][PASSED] - uiaction.CommonUIActions.click is PASSED

2018-07-10 21:45:38 - [TEST_STEP][PASSED] - uiaction.CommonUIActions.click: uiaction.CommonUIActions.click is PASSED

2018-07-10 21:45:38 - [MESSAGE][PASSED] - uiaction.CommonUIActions.click is PASSED

2018-07-10 21:45:38 - [TEST_STEP][PASSED] - Statement - grpName = "Grp250": null

2018-07-10 21:45:38 - [TEST_STEP][PASSED] - uiaction.CommonUIActions.enter: uiaction.CommonUIActions.enter is PASSED

2018-07-10 21:45:39 - [MESSAGE][PASSED] - uiaction.CommonUIActions.enter is PASSED

2018-07-10 21:45:39 - [TEST_STEP][PASSED] - uiaction.CommonUIActions.enter: uiaction.CommonUIActions.enter is PASSED

2018-07-10 21:45:39 - [MESSAGE][PASSED] - projectSpecific.Reusability.getTestData is PASSED

2018-07-10 21:45:39 - [MESSAGE][PASSED] - uiaction.CommonUIActions.enter is PASSED

2018-07-10 21:45:39 - [TEST_STEP][PASSED] - delay: Delayed 10 second(s)

2018-07-10 21:45:49 - [MESSAGE][PASSED] - Delayed 10 second(s)

2018-07-10 21:45:49 - [TEST_STEP][PASSED] - Statement - storesLabel = driver.findElements(org.openqa.selenium.By.xpath(com.kms.katalon.core.testdata.TestDataFactory.findTestData(OR_file).getValue(2, 10))): Reading excel file with source file 'C:\Users\shalinin\Katalon Studio\HME_DEVScripts\Data Files\HME_OR.xlsx' and sheet name 'Sheet1'

2018-07-10 21:45:49 - [TEST_STEP][PASSED] - Statement - groupStoresList = new java.util.ArrayList(): null

2018-07-10 21:45:49 - [TEST_STEP][PASSED] - Statement - out.println(storesLabel.size()): null

2018-07-10 21:45:49 - [TEST_STEP][PASSED] - delay: Delayed 10 second(s)

2018-07-10 21:45:59 - [MESSAGE][PASSED] - Delayed 10 second(s)

2018-07-10 21:45:59 - [TEST_STEP][PASSED] - Statement - For ([i = 0, i < storesLabel.size(), (i++)]): null

2018-07-10 21:45:59 - [TEST_STEP][PASSED] - Statement - println(storesLabel.get(i).getText()): null

2018-07-10 21:45:59 - [TEST_STEP][PASSED] - Statement - If (storesLabel.get(i).getText().contains("00")): null

2018-07-10 21:45:59 - [TEST_STEP][PASSED] - Statement - println(storesLabel.get(i).getText()): null

2018-07-10 21:45:59 - [TEST_STEP][PASSED] - Statement - If (storesLabel.get(i).getText().contains("00")): null

2018-07-10 21:45:59 - [TEST_STEP][PASSED] - Statement - println(storesLabel.get(i).getText()): null

2018-07-10 21:45:59 - [TEST_STEP][PASSED] - Statement - If (storesLabel.get(i).getText().contains("00")): null

2018-07-10 21:45:59 - [TEST_STEP][PASSED] - Statement - println(storesLabel.get(i).getText()): null

2018-07-10 21:45:59 - [TEST_STEP][PASSED] - Statement - If (storesLabel.get(i).getText().contains("00")): null

2018-07-10 21:45:59 - [TEST_STEP][PASSED] - Statement - println(storesLabel.get(i).getText()): null

2018-07-10 21:45:59 - [TEST_STEP][PASSED] - Statement - If (storesLabel.get(i).getText().contains("00")): null

2018-07-10 21:45:59 - [TEST_STEP][PASSED] - Statement - println(storesLabel.get(i).getText()): null

2018-07-10 21:45:59 - [TEST_STEP][PASSED] - Statement - If (storesLabel.get(i).getText().contains("00")): null

2018-07-10 21:45:59 - [TEST_STEP][PASSED] - Statement - println(storesLabel.get(i).getText()): null

2018-07-10 21:45:59 - [TEST_STEP][PASSED] - Statement - If (storesLabel.get(i).getText().contains("00")): null

2018-07-10 21:45:59 - [TEST_STEP][PASSED] - Statement - println(storesLabel.get(i).getText()): null

2018-07-10 21:45:59 - [TEST_STEP][PASSED] - Statement - If (storesLabel.get(i).getText().contains("00")): null

2018-07-10 21:45:59 - [TEST_STEP][PASSED] - Statement - driver.findElement(org.openqa.selenium.By.xpath("//button[contains(text(),'>')]")).click(): null

2018-07-10 21:45:59 - [TEST_STEP][PASSED] - Statement - driver.findElement(org.openqa.selenium.By.xpath("//button[contains(text(),'>')]")).click(): null

2018-07-10 21:45:59 - [TEST_STEP][PASSED] - delay: Delayed 5 second(s)

2018-07-10 21:46:04 - [MESSAGE][PASSED] - Delayed 5 second(s)

2018-07-10 21:46:04 - [TEST_STEP][PASSED] - delay: Delayed 10 second(s)

2018-07-10 21:46:14 - [MESSAGE][PASSED] - Delayed 10 second(s)

2018-07-10 21:46:14 - [TEST_STEP][PASSED] - uiaction.CommonUIActions.click: uiaction.CommonUIActions.click is PASSED

2018-07-10 21:46:14 - [MESSAGE][PASSED] - uiaction.CommonUIActions.click is PASSED

2018-07-10 21:46:14 - [TEST_STEP][PASSED] - uiaction.CommonUIActions.click: uiaction.CommonUIActions.click is PASSED

2018-07-10 21:46:14 - [MESSAGE][PASSED] - uiaction.CommonUIActions.click is PASSED

2018-07-10 21:46:14 - [TEST_STEP][PASSED] - delay: Delayed 10 second(s)

2018-07-10 21:46:24 - [MESSAGE][PASSED] - Delayed 10 second(s)

2018-07-10 21:46:24 - [TEST_STEP][PASSED] - uiaction.CommonUIActions.back: uiaction.CommonUIActions.back is PASSED

2018-07-10 21:46:24 - [MESSAGE][PASSED] - Navigate back successfully

2018-07-10 21:46:24 - [MESSAGE][PASSED] - uiaction.CommonUIActions.back is PASSED

2018-07-10 21:46:24 - [TEST_STEP][PASSED] - delay: Delayed 5 second(s)

2018-07-10 21:46:29 - [MESSAGE][PASSED] - Delayed 5 second(s)

2018-07-10 21:46:29 - [TEST_STEP][PASSED] - uiaction.CommonUIActions.back: uiaction.CommonUIActions.back is PASSED

2018-07-10 21:46:29 - [MESSAGE][PASSED] - Navigate back successfully

2018-07-10 21:46:29 - [MESSAGE][PASSED] - uiaction.CommonUIActions.back is PASSED

2018-07-10 21:46:29 - [TEST_STEP][PASSED] - uiaction.CommonUIActions.click: uiaction.CommonUIActions.click is PASSED

2018-07-10 21:46:30 - [MESSAGE][PASSED] - uiaction.CommonUIActions.click is PASSED

2018-07-10 21:46:30 - [TEST_STEP][PASSED] - delay: Delayed 15 second(s)

2018-07-10 21:46:45 - [MESSAGE][PASSED] - Delayed 15 second(s)

2018-07-10 21:46:45 - [TEST_STEP][PASSED] - Statement - driver.findElement(org.openqa.selenium.By.xpath("//span[contains(text(),'" + grpName + "')]/../../../../span[1]")).click(): null

2018-07-10 21:46:45 - [TEST_STEP][PASSED] - Statement - Catch (Exception e): null

2018-07-10 21:46:45 - [TEST_STEP][PASSED] - Statement - e.printStackTrace(): null

2018-07-10 21:46:45 - [TEST_STEP][PASSED] - Statement - println("Exception of element not found"): null

2018-07-10 21:46:45 - [TEST_STEP][PASSED] - Statement - If (TCflag): null

2018-07-10 21:46:45 - [TEST_STEP][PASSED] - Statement - assert TCflag == true: null

2018-07-10 21:46:45 - [TEST_STEP][PASSED] - Start listener action : sampleAfterTestCase: Browser is closed

2018-07-10 21:46:45 - [TEST_STEP][PASSED] - Statement - println(testCaseContext.getTestCaseId()): null

2018-07-10 21:46:45 - [TEST_STEP][PASSED] - Statement - println(testCaseContext.getTestCaseStatus()): null

2018-07-10 21:46:45 - [TEST_STEP][PASSED] - closeBrowser: Browser is closed

2018-07-10 21:46:45 - [MESSAGE][PASSED] - Browser is closed]]></system-out>
         <system-err><![CDATA[2018-07-10 21:44:35 - [TEST_CASE][FAILED] - Test Cases/SummaryReportsTC/HME-Summary Report-12: Test Cases/SummaryReportsTC/HME-Summary Report-12 FAILED because (of) org.codehaus.groovy.runtime.powerassert.PowerAssertionError: assert TCflag==true
       |     |
       false false]]></system-err>
      </testcase>
      <testcase name="Test Cases/SummaryReportsTC/HME-Summary Report-13" classname="Test Cases/SummaryReportsTC/HME-Summary Report-13" status="FAILED">
         <failure type="FAILED" message="org.codehaus.groovy.runtime.powerassert.PowerAssertionError: assert TCflag==true
       |     |
       false false"/>
         <system-out><![CDATA[2018-07-10 21:46:45 - [TEST_CASE][FAILED] - Test Cases/SummaryReportsTC/HME-Summary Report-13: Test Cases/SummaryReportsTC/HME-Summary Report-13 FAILED because (of) org.codehaus.groovy.runtime.powerassert.PowerAssertionError: assert TCflag==true
       |     |
       false false

2018-07-10 21:46:45 - [TEST_STEP][PASSED] - Start listener action : sampleBeforeTestCase: uiaction.CommonUIActions.deleteAllCookies is PASSED

2018-07-10 21:46:45 - [TEST_STEP][PASSED] - openBrowser: Browser is opened with url: ''

2018-07-10 21:46:47 - [MESSAGE][PASSED] - Browser is opened with url: ''

2018-07-10 21:46:47 - [TEST_STEP][PASSED] - maximizeWindow: Current window maximized

2018-07-10 21:46:49 - [MESSAGE][PASSED] - Current window maximized

2018-07-10 21:46:49 - [TEST_STEP][PASSED] - uiaction.CommonUIActions.deleteAllCookies: uiaction.CommonUIActions.deleteAllCookies is PASSED

2018-07-10 21:46:49 - [MESSAGE][PASSED] - Delete all cookies successfully

2018-07-10 21:46:49 - [MESSAGE][PASSED] - uiaction.CommonUIActions.deleteAllCookies is PASSED

2018-07-10 21:46:49 - [TEST_STEP][PASSED] - Statement - TCflag = true: null

2018-07-10 21:46:49 - [TEST_STEP][PASSED] - Statement - Try: null

2018-07-10 21:46:49 - [TEST_STEP][PASSED] - navigateToUrl: Navigate to 'https://engdev.hmedtcloud.com/?pg=Login' successfully

2018-07-10 21:46:57 - [MESSAGE][PASSED] - Navigate to 'https://engdev.hmedtcloud.com/?pg=Login' successfully

2018-07-10 21:46:57 - [TEST_STEP][PASSED] - projectSpecific.Reusability.login: projectSpecific.Reusability.login is PASSED

2018-07-10 21:46:57 - [MESSAGE][PASSED] - projectSpecific.Reusability.getTestData is PASSED

2018-07-10 21:46:57 - [MESSAGE][PASSED] - projectSpecific.Reusability.getTestData is PASSED

2018-07-10 21:46:57 - [MESSAGE][PASSED] - Text 'selvendrank@nousinfo.com' is set on object 'Object Repository/LoginPage/Username'

2018-07-10 21:46:57 - [MESSAGE][PASSED] - Text 'Nous;123' is set on object 'Object Repository/LoginPage/Password'

2018-07-10 21:47:11 - [MESSAGE][PASSED] - Object: 'Object Repository/LoginPage/Login' is clicked on

2018-07-10 21:47:11 - [MESSAGE][PASSED] - projectSpecific.Reusability.login is PASSED

2018-07-10 21:47:11 - [TEST_STEP][PASSED] - delay: Delayed 10 second(s)

2018-07-10 21:47:21 - [MESSAGE][PASSED] - Delayed 10 second(s)

2018-07-10 21:47:21 - [TEST_STEP][PASSED] - uiaction.CommonUIActions.click: uiaction.CommonUIActions.click is PASSED

2018-07-10 21:47:32 - [MESSAGE][PASSED] - uiaction.CommonUIActions.click is PASSED

2018-07-10 21:47:32 - [TEST_STEP][PASSED] - uiaction.CommonUIActions.click: uiaction.CommonUIActions.click is PASSED

2018-07-10 21:47:36 - [MESSAGE][PASSED] - uiaction.CommonUIActions.click is PASSED

2018-07-10 21:47:36 - [TEST_STEP][PASSED] - uiaction.CommonUIActions.click: uiaction.CommonUIActions.click is PASSED

2018-07-10 21:47:36 - [MESSAGE][PASSED] - uiaction.CommonUIActions.click is PASSED

2018-07-10 21:47:36 - [TEST_STEP][PASSED] - uiaction.CommonUIActions.enter: uiaction.CommonUIActions.enter is PASSED

2018-07-10 21:47:36 - [MESSAGE][PASSED] - projectSpecific.Reusability.getTestData is PASSED

2018-07-10 21:47:36 - [MESSAGE][PASSED] - uiaction.CommonUIActions.enter is PASSED

2018-07-10 21:47:36 - [TEST_STEP][PASSED] - uiaction.CommonUIActions.enter: uiaction.CommonUIActions.enter is PASSED

2018-07-10 21:47:36 - [MESSAGE][PASSED] - projectSpecific.Reusability.getTestData is PASSED

2018-07-10 21:47:36 - [MESSAGE][PASSED] - uiaction.CommonUIActions.enter is PASSED

2018-07-10 21:47:36 - [TEST_STEP][PASSED] - delay: Delayed 10 second(s)

2018-07-10 21:47:46 - [MESSAGE][PASSED] - Delayed 10 second(s)

2018-07-10 21:47:46 - [TEST_STEP][PASSED] - Statement - driver = com.kms.katalon.core.webui.driver.DriverFactory.getWebDriver(): null

2018-07-10 21:47:46 - [TEST_STEP][PASSED] - Statement - grouplist = driver.findElements(org.openqa.selenium.By.xpath("//ul[@class='unlinked-grouplist']/li")): null

2018-07-10 21:47:46 - [TEST_STEP][PASSED] - delay: Delayed 5 second(s)

2018-07-10 21:47:51 - [MESSAGE][PASSED] - Delayed 5 second(s)

2018-07-10 21:47:51 - [TEST_STEP][PASSED] - delay: Delayed 10 second(s)

2018-07-10 21:48:01 - [MESSAGE][PASSED] - Delayed 10 second(s)

2018-07-10 21:48:01 - [TEST_STEP][PASSED] - Statement - store_count = 1: null

2018-07-10 21:48:01 - [TEST_STEP][PASSED] - Statement - For ([i = 0, i < grouplist.size(), (i++)]): null

2018-07-10 21:48:01 - [TEST_STEP][PASSED] - Statement - println(grouplist.get(i).getText()): null

2018-07-10 21:48:02 - [TEST_STEP][PASSED] - Statement - If (grouplist.get(i).getText().contains("00")): null

2018-07-10 21:48:02 - [TEST_STEP][PASSED] - Statement - println(grouplist.get(i).getText()): null

2018-07-10 21:48:02 - [TEST_STEP][PASSED] - Statement - If (grouplist.get(i).getText().contains("00")): null

2018-07-10 21:48:02 - [TEST_STEP][PASSED] - Statement - println(grouplist.get(i).getText()): null

2018-07-10 21:48:02 - [TEST_STEP][PASSED] - Statement - If (grouplist.get(i).getText().contains("00")): null

2018-07-10 21:48:02 - [TEST_STEP][PASSED] - Statement - println(grouplist.get(i).getText()): null

2018-07-10 21:48:02 - [TEST_STEP][PASSED] - Statement - If (grouplist.get(i).getText().contains("00")): null

2018-07-10 21:48:02 - [TEST_STEP][PASSED] - Statement - println(grouplist.get(i).getText()): null

2018-07-10 21:48:02 - [TEST_STEP][PASSED] - Statement - If (grouplist.get(i).getText().contains("00")): null

2018-07-10 21:48:02 - [TEST_STEP][PASSED] - Statement - println(grouplist.get(i).getText()): null

2018-07-10 21:48:02 - [TEST_STEP][PASSED] - Statement - If (grouplist.get(i).getText().contains("00")): null

2018-07-10 21:48:02 - [TEST_STEP][PASSED] - Statement - println(grouplist.get(i).getText()): null

2018-07-10 21:48:02 - [TEST_STEP][PASSED] - Statement - If (grouplist.get(i).getText().contains("00")): null

2018-07-10 21:48:02 - [TEST_STEP][PASSED] - Statement - println(grouplist.get(i).getText()): null

2018-07-10 21:48:02 - [TEST_STEP][PASSED] - Statement - If (grouplist.get(i).getText().contains("00")): null

2018-07-10 21:48:02 - [TEST_STEP][PASSED] - Statement - println(grouplist.get(i).getText()): null

2018-07-10 21:48:02 - [TEST_STEP][PASSED] - Statement - If (grouplist.get(i).getText().contains("00")): null

2018-07-10 21:48:02 - [TEST_STEP][PASSED] - Statement - driver.findElement(org.openqa.selenium.By.xpath("//button[contains(text(),'>')]")).click(): null

2018-07-10 21:48:02 - [TEST_STEP][PASSED] - delay: Delayed 10 second(s)

2018-07-10 21:48:12 - [MESSAGE][PASSED] - Delayed 10 second(s)

2018-07-10 21:48:12 - [TEST_STEP][PASSED] - uiaction.CommonUIActions.click: uiaction.CommonUIActions.click is PASSED

2018-07-10 21:48:12 - [MESSAGE][PASSED] - uiaction.CommonUIActions.click is PASSED

2018-07-10 21:48:12 - [TEST_STEP][PASSED] - delay: Delayed 10 second(s)

2018-07-10 21:48:22 - [MESSAGE][PASSED] - Delayed 10 second(s)

2018-07-10 21:48:22 - [TEST_STEP][PASSED] - uiaction.CommonUIActions.click: uiaction.CommonUIActions.click is PASSED

2018-07-10 21:48:22 - [MESSAGE][PASSED] - uiaction.CommonUIActions.click is PASSED

2018-07-10 21:48:22 - [TEST_STEP][PASSED] - delay: Delayed 5 second(s)

2018-07-10 21:48:27 - [MESSAGE][PASSED] - Delayed 5 second(s)

2018-07-10 21:48:27 - [TEST_STEP][PASSED] - Statement - groupmain = CustomKeywords.projectSpecific.Reusability.getTestData("ReportingGroupManagementPage", "Groupwith250Stores"): projectSpecific.Reusability.getTestData is PASSED

2018-07-10 21:48:27 - [MESSAGE][PASSED] - projectSpecific.Reusability.getTestData is PASSED

2018-07-10 21:48:27 - [TEST_STEP][PASSED] - Statement - driver.findElement(org.openqa.selenium.By.xpath("//span[contains(text(),'" + groupmain + "')]/../../../../span[2]")).click(): null

2018-07-10 21:48:27 - [TEST_STEP][PASSED] - Statement - Catch (Exception e): null

2018-07-10 21:48:27 - [TEST_STEP][PASSED] - Statement - e.printStackTrace(): null

2018-07-10 21:48:27 - [TEST_STEP][PASSED] - Statement - println("Exception of element not found"): null

2018-07-10 21:48:27 - [TEST_STEP][PASSED] - Statement - If (TCflag): null

2018-07-10 21:48:27 - [TEST_STEP][PASSED] - Statement - assert TCflag == true: null

2018-07-10 21:48:27 - [TEST_STEP][PASSED] - Start listener action : sampleAfterTestCase: Browser is closed

2018-07-10 21:48:27 - [TEST_STEP][PASSED] - Statement - println(testCaseContext.getTestCaseId()): null

2018-07-10 21:48:27 - [TEST_STEP][PASSED] - Statement - println(testCaseContext.getTestCaseStatus()): null

2018-07-10 21:48:27 - [TEST_STEP][PASSED] - closeBrowser: Browser is closed

2018-07-10 21:48:28 - [MESSAGE][PASSED] - Browser is closed]]></system-out>
         <system-err><![CDATA[2018-07-10 21:46:45 - [TEST_CASE][FAILED] - Test Cases/SummaryReportsTC/HME-Summary Report-13: Test Cases/SummaryReportsTC/HME-Summary Report-13 FAILED because (of) org.codehaus.groovy.runtime.powerassert.PowerAssertionError: assert TCflag==true
       |     |
       false false]]></system-err>
      </testcase>
      <testcase name="Test Cases/SummaryReportsTC/HME-Summary Report-14" classname="Test Cases/SummaryReportsTC/HME-Summary Report-14" status="FAILED">
         <failure type="FAILED" message="org.codehaus.groovy.runtime.powerassert.PowerAssertionError: assert TCflag==true
       |     |
       false false"/>
         <system-out><![CDATA[2018-07-10 21:48:28 - [TEST_CASE][FAILED] - Test Cases/SummaryReportsTC/HME-Summary Report-14: Test Cases/SummaryReportsTC/HME-Summary Report-14 FAILED because (of) org.codehaus.groovy.runtime.powerassert.PowerAssertionError: assert TCflag==true
       |     |
       false false

2018-07-10 21:48:28 - [TEST_STEP][PASSED] - Start listener action : sampleBeforeTestCase: uiaction.CommonUIActions.deleteAllCookies is PASSED

2018-07-10 21:48:28 - [TEST_STEP][PASSED] - openBrowser: Browser is opened with url: ''

2018-07-10 21:48:30 - [MESSAGE][PASSED] - Browser is opened with url: ''

2018-07-10 21:48:30 - [TEST_STEP][PASSED] - maximizeWindow: Current window maximized

2018-07-10 21:48:31 - [MESSAGE][PASSED] - Current window maximized

2018-07-10 21:48:31 - [TEST_STEP][PASSED] - uiaction.CommonUIActions.deleteAllCookies: uiaction.CommonUIActions.deleteAllCookies is PASSED

2018-07-10 21:48:31 - [MESSAGE][PASSED] - Delete all cookies successfully

2018-07-10 21:48:31 - [MESSAGE][PASSED] - uiaction.CommonUIActions.deleteAllCookies is PASSED

2018-07-10 21:48:31 - [TEST_STEP][PASSED] - Statement - TCflag = true: null

2018-07-10 21:48:31 - [TEST_STEP][PASSED] - Statement - Try: null

2018-07-10 21:48:31 - [TEST_STEP][PASSED] - navigateToUrl: Navigate to 'https://engdev.hmedtcloud.com/?pg=Login' successfully

2018-07-10 21:48:40 - [MESSAGE][PASSED] - Navigate to 'https://engdev.hmedtcloud.com/?pg=Login' successfully

2018-07-10 21:48:40 - [TEST_STEP][PASSED] - projectSpecific.Reusability.login: projectSpecific.Reusability.login is PASSED

2018-07-10 21:48:40 - [MESSAGE][PASSED] - projectSpecific.Reusability.getTestData is PASSED

2018-07-10 21:48:40 - [MESSAGE][PASSED] - projectSpecific.Reusability.getTestData is PASSED

2018-07-10 21:48:40 - [MESSAGE][PASSED] - Text 'selvendrank@nousinfo.com' is set on object 'Object Repository/LoginPage/Username'

2018-07-10 21:48:40 - [MESSAGE][PASSED] - Text 'Nous;123' is set on object 'Object Repository/LoginPage/Password'

2018-07-10 21:48:53 - [MESSAGE][PASSED] - Object: 'Object Repository/LoginPage/Login' is clicked on

2018-07-10 21:48:53 - [MESSAGE][PASSED] - projectSpecific.Reusability.login is PASSED

2018-07-10 21:48:53 - [TEST_STEP][PASSED] - delay: Delayed 10 second(s)

2018-07-10 21:49:03 - [MESSAGE][PASSED] - Delayed 10 second(s)

2018-07-10 21:49:03 - [TEST_STEP][PASSED] - uiaction.CommonUIActions.click: uiaction.CommonUIActions.click is PASSED

2018-07-10 21:49:05 - [MESSAGE][PASSED] - uiaction.CommonUIActions.click is PASSED

2018-07-10 21:49:05 - [TEST_STEP][PASSED] - uiaction.CommonUIActions.click: uiaction.CommonUIActions.click is PASSED

2018-07-10 21:49:17 - [MESSAGE][PASSED] - uiaction.CommonUIActions.click is PASSED

2018-07-10 21:49:17 - [TEST_STEP][PASSED] - uiaction.CommonUIActions.click: uiaction.CommonUIActions.click is PASSED

2018-07-10 21:49:21 - [MESSAGE][PASSED] - uiaction.CommonUIActions.click is PASSED

2018-07-10 21:49:21 - [TEST_STEP][PASSED] - uiaction.CommonUIActions.click: uiaction.CommonUIActions.click is PASSED

2018-07-10 21:49:21 - [MESSAGE][PASSED] - uiaction.CommonUIActions.click is PASSED

2018-07-10 21:49:21 - [TEST_STEP][PASSED] - uiaction.CommonUIActions.enter: uiaction.CommonUIActions.enter is PASSED

2018-07-10 21:49:21 - [MESSAGE][PASSED] - projectSpecific.Reusability.getTestData is PASSED

2018-07-10 21:49:21 - [MESSAGE][PASSED] - uiaction.CommonUIActions.enter is PASSED

2018-07-10 21:49:21 - [TEST_STEP][PASSED] - uiaction.CommonUIActions.enter: uiaction.CommonUIActions.enter is PASSED

2018-07-10 21:49:21 - [MESSAGE][PASSED] - projectSpecific.Reusability.getTestData is PASSED

2018-07-10 21:49:21 - [MESSAGE][PASSED] - uiaction.CommonUIActions.enter is PASSED

2018-07-10 21:49:21 - [TEST_STEP][PASSED] - delay: Delayed 10 second(s)

2018-07-10 21:49:31 - [MESSAGE][PASSED] - Delayed 10 second(s)

2018-07-10 21:49:31 - [TEST_STEP][PASSED] - Statement - groupmain = CustomKeywords.projectSpecific.Reusability.getTestData("ReportingGroupManagementPage", "Summarygrp"): projectSpecific.Reusability.getTestData is PASSED

2018-07-10 21:49:31 - [MESSAGE][PASSED] - projectSpecific.Reusability.getTestData is PASSED

2018-07-10 21:49:31 - [TEST_STEP][PASSED] - Statement - driver = com.kms.katalon.core.webui.driver.DriverFactory.getWebDriver(): null

2018-07-10 21:49:31 - [TEST_STEP][PASSED] - Statement - grouplist = driver.findElements(org.openqa.selenium.By.xpath("//ul[@class='unlinked-grouplist']/li")): null

2018-07-10 21:49:31 - [TEST_STEP][PASSED] - delay: Delayed 10 second(s)

2018-07-10 21:49:41 - [MESSAGE][PASSED] - Delayed 10 second(s)

2018-07-10 21:49:41 - [TEST_STEP][PASSED] - Statement - cnt = 0: null

2018-07-10 21:49:41 - [TEST_STEP][PASSED] - Statement - For ([i = 0, i < grouplist.size(), (i++)]): null

2018-07-10 21:49:41 - [TEST_STEP][PASSED] - Statement - println(grouplist.get(i).getText()): null

2018-07-10 21:49:41 - [TEST_STEP][PASSED] - Statement - If (grouplist.get(i).getText().contains("00")): null

2018-07-10 21:49:41 - [TEST_STEP][PASSED] - Statement - If (cnt > 100): null

2018-07-10 21:49:41 - [TEST_STEP][PASSED] - Statement - println(grouplist.get(i).getText()): null

2018-07-10 21:49:41 - [TEST_STEP][PASSED] - Statement - If (grouplist.get(i).getText().contains("00")): null

2018-07-10 21:49:41 - [TEST_STEP][PASSED] - Statement - If (cnt > 100): null

2018-07-10 21:49:41 - [TEST_STEP][PASSED] - Statement - println(grouplist.get(i).getText()): null

2018-07-10 21:49:41 - [TEST_STEP][PASSED] - Statement - If (grouplist.get(i).getText().contains("00")): null

2018-07-10 21:49:41 - [TEST_STEP][PASSED] - Statement - If (cnt > 100): null

2018-07-10 21:49:41 - [TEST_STEP][PASSED] - Statement - println(grouplist.get(i).getText()): null

2018-07-10 21:49:41 - [TEST_STEP][PASSED] - Statement - If (grouplist.get(i).getText().contains("00")): null

2018-07-10 21:49:41 - [TEST_STEP][PASSED] - Statement - If (cnt > 100): null

2018-07-10 21:49:41 - [TEST_STEP][PASSED] - Statement - println(grouplist.get(i).getText()): null

2018-07-10 21:49:41 - [TEST_STEP][PASSED] - Statement - If (grouplist.get(i).getText().contains("00")): null

2018-07-10 21:49:41 - [TEST_STEP][PASSED] - Statement - If (cnt > 100): null

2018-07-10 21:49:41 - [TEST_STEP][PASSED] - Statement - println(grouplist.get(i).getText()): null

2018-07-10 21:49:41 - [TEST_STEP][PASSED] - Statement - If (grouplist.get(i).getText().contains("00")): null

2018-07-10 21:49:41 - [TEST_STEP][PASSED] - Statement - If (cnt > 100): null

2018-07-10 21:49:41 - [TEST_STEP][PASSED] - Statement - println(grouplist.get(i).getText()): null

2018-07-10 21:49:41 - [TEST_STEP][PASSED] - Statement - If (grouplist.get(i).getText().contains("00")): null

2018-07-10 21:49:41 - [TEST_STEP][PASSED] - Statement - If (cnt > 100): null

2018-07-10 21:49:41 - [TEST_STEP][PASSED] - Statement - println(grouplist.get(i).getText()): null

2018-07-10 21:49:41 - [TEST_STEP][PASSED] - Statement - If (grouplist.get(i).getText().contains("00")): null

2018-07-10 21:49:41 - [TEST_STEP][PASSED] - Statement - If (cnt > 100): null

2018-07-10 21:49:41 - [TEST_STEP][PASSED] - Statement - println(grouplist.get(i).getText()): null

2018-07-10 21:49:41 - [TEST_STEP][PASSED] - Statement - If (grouplist.get(i).getText().contains("00")): null

2018-07-10 21:49:41 - [TEST_STEP][PASSED] - Statement - If (cnt > 100): null

2018-07-10 21:49:41 - [TEST_STEP][PASSED] - Statement - println(grouplist.get(i).getText()): null

2018-07-10 21:49:41 - [TEST_STEP][PASSED] - Statement - If (grouplist.get(i).getText().contains("00")): null

2018-07-10 21:49:41 - [TEST_STEP][PASSED] - Statement - If (cnt > 100): null

2018-07-10 21:49:41 - [TEST_STEP][PASSED] - Statement - driver.findElement(org.openqa.selenium.By.xpath("//button[contains(text(),'>')]")).click(): null

2018-07-10 21:49:41 - [TEST_STEP][PASSED] - delay: Delayed 10 second(s)

2018-07-10 21:49:51 - [MESSAGE][PASSED] - Delayed 10 second(s)

2018-07-10 21:49:51 - [TEST_STEP][PASSED] - uiaction.CommonUIActions.click: uiaction.CommonUIActions.click is PASSED

2018-07-10 21:49:51 - [MESSAGE][PASSED] - uiaction.CommonUIActions.click is PASSED

2018-07-10 21:49:51 - [TEST_STEP][PASSED] - delay: Delayed 10 second(s)

2018-07-10 21:50:01 - [MESSAGE][PASSED] - Delayed 10 second(s)

2018-07-10 21:50:01 - [TEST_STEP][PASSED] - uiaction.CommonUIActions.click: uiaction.CommonUIActions.click is PASSED

2018-07-10 21:50:02 - [MESSAGE][PASSED] - uiaction.CommonUIActions.click is PASSED

2018-07-10 21:50:02 - [TEST_STEP][PASSED] - delay: Delayed 10 second(s)

2018-07-10 21:50:12 - [MESSAGE][PASSED] - Delayed 10 second(s)

2018-07-10 21:50:12 - [TEST_STEP][PASSED] - Statement - driver.findElement(org.openqa.selenium.By.xpath("//span[contains(text(),'" + groupmain + "')]/../../../../span[1]")).click(): null

2018-07-10 21:50:12 - [TEST_STEP][PASSED] - Statement - Catch (Exception e): null

2018-07-10 21:50:12 - [TEST_STEP][PASSED] - Statement - e.printStackTrace(): null

2018-07-10 21:50:12 - [TEST_STEP][PASSED] - Statement - println("Exception of element not found"): null

2018-07-10 21:50:12 - [TEST_STEP][PASSED] - Statement - If (TCflag): null

2018-07-10 21:50:12 - [TEST_STEP][PASSED] - Statement - assert TCflag == true: null

2018-07-10 21:50:12 - [TEST_STEP][PASSED] - Start listener action : sampleAfterTestCase: Browser is closed

2018-07-10 21:50:12 - [TEST_STEP][PASSED] - Statement - println(testCaseContext.getTestCaseId()): null

2018-07-10 21:50:12 - [TEST_STEP][PASSED] - Statement - println(testCaseContext.getTestCaseStatus()): null

2018-07-10 21:50:12 - [TEST_STEP][PASSED] - closeBrowser: Browser is closed

2018-07-10 21:50:12 - [MESSAGE][PASSED] - Browser is closed]]></system-out>
         <system-err><![CDATA[2018-07-10 21:48:28 - [TEST_CASE][FAILED] - Test Cases/SummaryReportsTC/HME-Summary Report-14: Test Cases/SummaryReportsTC/HME-Summary Report-14 FAILED because (of) org.codehaus.groovy.runtime.powerassert.PowerAssertionError: assert TCflag==true
       |     |
       false false]]></system-err>
      </testcase>
      <testcase name="Test Cases/SummaryReportsTC/HME-Summary Report-15" classname="Test Cases/SummaryReportsTC/HME-Summary Report-15" status="FAILED">
         <failure type="FAILED" message="org.codehaus.groovy.runtime.powerassert.PowerAssertionError: assert TCflag==true
       |     |
       false false"/>
         <system-out><![CDATA[2018-07-10 21:50:12 - [TEST_CASE][FAILED] - Test Cases/SummaryReportsTC/HME-Summary Report-15: Test Cases/SummaryReportsTC/HME-Summary Report-15 FAILED because (of) org.codehaus.groovy.runtime.powerassert.PowerAssertionError: assert TCflag==true
       |     |
       false false

2018-07-10 21:50:12 - [TEST_STEP][PASSED] - Start listener action : sampleBeforeTestCase: uiaction.CommonUIActions.deleteAllCookies is PASSED

2018-07-10 21:50:12 - [TEST_STEP][PASSED] - openBrowser: Browser is opened with url: ''

2018-07-10 21:50:15 - [MESSAGE][PASSED] - Browser is opened with url: ''

2018-07-10 21:50:15 - [TEST_STEP][PASSED] - maximizeWindow: Current window maximized

2018-07-10 21:50:16 - [MESSAGE][PASSED] - Current window maximized

2018-07-10 21:50:16 - [TEST_STEP][PASSED] - uiaction.CommonUIActions.deleteAllCookies: uiaction.CommonUIActions.deleteAllCookies is PASSED

2018-07-10 21:50:16 - [MESSAGE][PASSED] - Delete all cookies successfully

2018-07-10 21:50:16 - [MESSAGE][PASSED] - uiaction.CommonUIActions.deleteAllCookies is PASSED

2018-07-10 21:50:16 - [TEST_STEP][PASSED] - Statement - TCflag = true: null

2018-07-10 21:50:16 - [TEST_STEP][PASSED] - Statement - Try: null

2018-07-10 21:50:16 - [TEST_STEP][PASSED] - navigateToUrl: Navigate to 'https://engdev.hmedtcloud.com/?pg=Login' successfully

2018-07-10 21:50:24 - [MESSAGE][PASSED] - Navigate to 'https://engdev.hmedtcloud.com/?pg=Login' successfully

2018-07-10 21:50:24 - [TEST_STEP][PASSED] - projectSpecific.Reusability.login: projectSpecific.Reusability.login is PASSED

2018-07-10 21:50:24 - [MESSAGE][PASSED] - projectSpecific.Reusability.getTestData is PASSED

2018-07-10 21:50:24 - [MESSAGE][PASSED] - projectSpecific.Reusability.getTestData is PASSED

2018-07-10 21:50:24 - [MESSAGE][PASSED] - Text 'selvendrank@nousinfo.com' is set on object 'Object Repository/LoginPage/Username'

2018-07-10 21:50:24 - [MESSAGE][PASSED] - Text 'Nous;123' is set on object 'Object Repository/LoginPage/Password'

2018-07-10 21:50:37 - [MESSAGE][PASSED] - Object: 'Object Repository/LoginPage/Login' is clicked on

2018-07-10 21:50:37 - [MESSAGE][PASSED] - projectSpecific.Reusability.login is PASSED

2018-07-10 21:50:37 - [TEST_STEP][PASSED] - delay: Delayed 10 second(s)

2018-07-10 21:50:47 - [MESSAGE][PASSED] - Delayed 10 second(s)

2018-07-10 21:50:47 - [TEST_STEP][PASSED] - Statement - store_count = 0: null

2018-07-10 21:50:47 - [TEST_STEP][PASSED] - uiaction.CommonUIActions.click: uiaction.CommonUIActions.click is PASSED

2018-07-10 21:50:59 - [MESSAGE][PASSED] - uiaction.CommonUIActions.click is PASSED

2018-07-10 21:50:59 - [TEST_STEP][PASSED] - uiaction.CommonUIActions.click: uiaction.CommonUIActions.click is PASSED

2018-07-10 21:51:02 - [MESSAGE][PASSED] - uiaction.CommonUIActions.click is PASSED

2018-07-10 21:51:02 - [TEST_STEP][PASSED] - uiaction.CommonUIActions.click: uiaction.CommonUIActions.click is PASSED

2018-07-10 21:51:03 - [MESSAGE][PASSED] - uiaction.CommonUIActions.click is PASSED

2018-07-10 21:51:03 - [TEST_STEP][PASSED] - uiaction.CommonUIActions.enter: uiaction.CommonUIActions.enter is PASSED

2018-07-10 21:51:03 - [MESSAGE][PASSED] - projectSpecific.Reusability.getTestData is PASSED

2018-07-10 21:51:03 - [MESSAGE][PASSED] - uiaction.CommonUIActions.enter is PASSED

2018-07-10 21:51:03 - [TEST_STEP][PASSED] - uiaction.CommonUIActions.enter: uiaction.CommonUIActions.enter is PASSED

2018-07-10 21:51:03 - [MESSAGE][PASSED] - projectSpecific.Reusability.getTestData is PASSED

2018-07-10 21:51:03 - [MESSAGE][PASSED] - uiaction.CommonUIActions.enter is PASSED

2018-07-10 21:51:03 - [TEST_STEP][PASSED] - delay: Delayed 10 second(s)

2018-07-10 21:51:13 - [MESSAGE][PASSED] - Delayed 10 second(s)

2018-07-10 21:51:13 - [TEST_STEP][PASSED] - Statement - driver = com.kms.katalon.core.webui.driver.DriverFactory.getWebDriver(): null

2018-07-10 21:51:13 - [TEST_STEP][PASSED] - Statement - grouplist = driver.findElements(org.openqa.selenium.By.xpath("//ul[@class='unlinked-grouplist']/li")): null

2018-07-10 21:51:13 - [TEST_STEP][PASSED] - delay: Delayed 10 second(s)

2018-07-10 21:51:23 - [MESSAGE][PASSED] - Delayed 10 second(s)

2018-07-10 21:51:23 - [TEST_STEP][PASSED] - Statement - cnt = 0: null

2018-07-10 21:51:23 - [TEST_STEP][PASSED] - Statement - For ([i = 0, i < grouplist.size(), (i++)]): null

2018-07-10 21:51:23 - [TEST_STEP][PASSED] - Statement - println(grouplist.get(i).getText()): null

2018-07-10 21:51:23 - [TEST_STEP][PASSED] - Statement - If (grouplist.get(i).getText().contains("00")): null

2018-07-10 21:51:23 - [TEST_STEP][PASSED] - Statement - If (cnt > 100): null

2018-07-10 21:51:23 - [TEST_STEP][PASSED] - Statement - println(grouplist.get(i).getText()): null

2018-07-10 21:51:23 - [TEST_STEP][PASSED] - Statement - If (grouplist.get(i).getText().contains("00")): null

2018-07-10 21:51:23 - [TEST_STEP][PASSED] - Statement - If (cnt > 100): null

2018-07-10 21:51:23 - [TEST_STEP][PASSED] - Statement - println(grouplist.get(i).getText()): null

2018-07-10 21:51:23 - [TEST_STEP][PASSED] - Statement - If (grouplist.get(i).getText().contains("00")): null

2018-07-10 21:51:23 - [TEST_STEP][PASSED] - Statement - If (cnt > 100): null

2018-07-10 21:51:23 - [TEST_STEP][PASSED] - Statement - println(grouplist.get(i).getText()): null

2018-07-10 21:51:23 - [TEST_STEP][PASSED] - Statement - If (grouplist.get(i).getText().contains("00")): null

2018-07-10 21:51:23 - [TEST_STEP][PASSED] - Statement - If (cnt > 100): null

2018-07-10 21:51:23 - [TEST_STEP][PASSED] - Statement - println(grouplist.get(i).getText()): null

2018-07-10 21:51:23 - [TEST_STEP][PASSED] - Statement - If (grouplist.get(i).getText().contains("00")): null

2018-07-10 21:51:23 - [TEST_STEP][PASSED] - Statement - If (cnt > 100): null

2018-07-10 21:51:23 - [TEST_STEP][PASSED] - Statement - println(grouplist.get(i).getText()): null

2018-07-10 21:51:23 - [TEST_STEP][PASSED] - Statement - If (grouplist.get(i).getText().contains("00")): null

2018-07-10 21:51:23 - [TEST_STEP][PASSED] - Statement - If (cnt > 100): null

2018-07-10 21:51:23 - [TEST_STEP][PASSED] - Statement - println(grouplist.get(i).getText()): null

2018-07-10 21:51:23 - [TEST_STEP][PASSED] - Statement - If (grouplist.get(i).getText().contains("00")): null

2018-07-10 21:51:23 - [TEST_STEP][PASSED] - Statement - If (cnt > 100): null

2018-07-10 21:51:23 - [TEST_STEP][PASSED] - Statement - println(grouplist.get(i).getText()): null

2018-07-10 21:51:23 - [TEST_STEP][PASSED] - Statement - If (grouplist.get(i).getText().contains("00")): null

2018-07-10 21:51:23 - [TEST_STEP][PASSED] - Statement - If (cnt > 100): null

2018-07-10 21:51:23 - [TEST_STEP][PASSED] - Statement - println(grouplist.get(i).getText()): null

2018-07-10 21:51:23 - [TEST_STEP][PASSED] - Statement - If (grouplist.get(i).getText().contains("00")): null

2018-07-10 21:51:23 - [TEST_STEP][PASSED] - Statement - If (cnt > 100): null

2018-07-10 21:51:23 - [TEST_STEP][PASSED] - Statement - println(grouplist.get(i).getText()): null

2018-07-10 21:51:23 - [TEST_STEP][PASSED] - Statement - If (grouplist.get(i).getText().contains("00")): null

2018-07-10 21:51:23 - [TEST_STEP][PASSED] - Statement - If (cnt > 100): null

2018-07-10 21:51:23 - [TEST_STEP][PASSED] - Statement - driver.findElement(org.openqa.selenium.By.xpath("//button[contains(text(),'>')]")).click(): null

2018-07-10 21:51:23 - [TEST_STEP][PASSED] - delay: Delayed 10 second(s)

2018-07-10 21:51:33 - [MESSAGE][PASSED] - Delayed 10 second(s)

2018-07-10 21:51:33 - [TEST_STEP][PASSED] - uiaction.CommonUIActions.click: uiaction.CommonUIActions.click is PASSED

2018-07-10 21:51:33 - [MESSAGE][PASSED] - uiaction.CommonUIActions.click is PASSED

2018-07-10 21:51:33 - [TEST_STEP][PASSED] - delay: Delayed 5 second(s)

2018-07-10 21:51:38 - [MESSAGE][PASSED] - Delayed 5 second(s)

2018-07-10 21:51:38 - [TEST_STEP][PASSED] - uiaction.CommonUIActions.click: uiaction.CommonUIActions.click is PASSED

2018-07-10 21:51:38 - [MESSAGE][PASSED] - uiaction.CommonUIActions.click is PASSED

2018-07-10 21:51:38 - [TEST_STEP][PASSED] - delay: Delayed 5 second(s)

2018-07-10 21:51:43 - [MESSAGE][PASSED] - Delayed 5 second(s)

2018-07-10 21:51:43 - [TEST_STEP][PASSED] - Statement - groupmain = CustomKeywords.projectSpecific.Reusability.getTestData("ReportingGroupManagementPage", "group100"): projectSpecific.Reusability.getTestData is PASSED

2018-07-10 21:51:43 - [MESSAGE][PASSED] - projectSpecific.Reusability.getTestData is PASSED

2018-07-10 21:51:43 - [TEST_STEP][PASSED] - Statement - driver.findElement(org.openqa.selenium.By.xpath("//span[contains(text(),'" + groupmain + "')]/../../../../span[2]")).click(): null

2018-07-10 21:51:43 - [TEST_STEP][PASSED] - Statement - Catch (Exception e): null

2018-07-10 21:51:43 - [TEST_STEP][PASSED] - Statement - e.printStackTrace(): null

2018-07-10 21:51:43 - [TEST_STEP][PASSED] - Statement - println("Exception of element not found"): null

2018-07-10 21:51:43 - [TEST_STEP][PASSED] - Statement - If (TCflag): null

2018-07-10 21:51:43 - [TEST_STEP][PASSED] - Statement - assert TCflag == true: null

2018-07-10 21:51:43 - [TEST_STEP][PASSED] - Start listener action : sampleAfterTestCase: Browser is closed

2018-07-10 21:51:43 - [TEST_STEP][PASSED] - Statement - println(testCaseContext.getTestCaseId()): null

2018-07-10 21:51:43 - [TEST_STEP][PASSED] - Statement - println(testCaseContext.getTestCaseStatus()): null

2018-07-10 21:51:43 - [TEST_STEP][PASSED] - closeBrowser: Browser is closed

2018-07-10 21:51:44 - [MESSAGE][PASSED] - Browser is closed]]></system-out>
         <system-err><![CDATA[2018-07-10 21:50:12 - [TEST_CASE][FAILED] - Test Cases/SummaryReportsTC/HME-Summary Report-15: Test Cases/SummaryReportsTC/HME-Summary Report-15 FAILED because (of) org.codehaus.groovy.runtime.powerassert.PowerAssertionError: assert TCflag==true
       |     |
       false false]]></system-err>
      </testcase>
      <testcase name="Test Cases/SummaryReportsTC/HME-Summary Report-16" classname="Test Cases/SummaryReportsTC/HME-Summary Report-16" status="FAILED">
         <failure type="FAILED" message="org.codehaus.groovy.runtime.powerassert.PowerAssertionError: assert TCflag==true
       |     |
       false false"/>
         <system-out><![CDATA[2018-07-10 21:51:44 - [TEST_CASE][FAILED] - Test Cases/SummaryReportsTC/HME-Summary Report-16: Test Cases/SummaryReportsTC/HME-Summary Report-16 FAILED because (of) org.codehaus.groovy.runtime.powerassert.PowerAssertionError: assert TCflag==true
       |     |
       false false

2018-07-10 21:51:44 - [TEST_STEP][PASSED] - Start listener action : sampleBeforeTestCase: uiaction.CommonUIActions.deleteAllCookies is PASSED

2018-07-10 21:51:44 - [TEST_STEP][PASSED] - openBrowser: Browser is opened with url: ''

2018-07-10 21:51:46 - [MESSAGE][PASSED] - Browser is opened with url: ''

2018-07-10 21:51:46 - [TEST_STEP][PASSED] - maximizeWindow: Current window maximized

2018-07-10 21:51:47 - [MESSAGE][PASSED] - Current window maximized

2018-07-10 21:51:47 - [TEST_STEP][PASSED] - uiaction.CommonUIActions.deleteAllCookies: uiaction.CommonUIActions.deleteAllCookies is PASSED

2018-07-10 21:51:47 - [MESSAGE][PASSED] - Delete all cookies successfully

2018-07-10 21:51:47 - [MESSAGE][PASSED] - uiaction.CommonUIActions.deleteAllCookies is PASSED

2018-07-10 21:51:48 - [TEST_STEP][PASSED] - Statement - TCflag = true: null

2018-07-10 21:51:48 - [TEST_STEP][PASSED] - Statement - Try: null

2018-07-10 21:51:48 - [TEST_STEP][PASSED] - navigateToUrl: Navigate to 'https://engdev.hmedtcloud.com/?pg=Login' successfully

2018-07-10 21:51:56 - [MESSAGE][PASSED] - Navigate to 'https://engdev.hmedtcloud.com/?pg=Login' successfully

2018-07-10 21:51:56 - [TEST_STEP][PASSED] - projectSpecific.Reusability.login: projectSpecific.Reusability.login is PASSED

2018-07-10 21:51:56 - [MESSAGE][PASSED] - projectSpecific.Reusability.getTestData is PASSED

2018-07-10 21:51:56 - [MESSAGE][PASSED] - projectSpecific.Reusability.getTestData is PASSED

2018-07-10 21:51:56 - [MESSAGE][PASSED] - Text 'selvendrank@nousinfo.com' is set on object 'Object Repository/LoginPage/Username'

2018-07-10 21:51:56 - [MESSAGE][PASSED] - Text 'Nous;123' is set on object 'Object Repository/LoginPage/Password'

2018-07-10 21:52:09 - [MESSAGE][PASSED] - Object: 'Object Repository/LoginPage/Login' is clicked on

2018-07-10 21:52:09 - [MESSAGE][PASSED] - projectSpecific.Reusability.login is PASSED

2018-07-10 21:52:09 - [TEST_STEP][PASSED] - delay: Delayed 10 second(s)

2018-07-10 21:52:19 - [MESSAGE][PASSED] - Delayed 10 second(s)

2018-07-10 21:52:19 - [TEST_STEP][PASSED] - Statement - driver = com.kms.katalon.core.webui.driver.DriverFactory.getWebDriver(): null

2018-07-10 21:52:19 - [TEST_STEP][PASSED] - delay: Delayed 10 second(s)

2018-07-10 21:52:29 - [MESSAGE][PASSED] - Delayed 10 second(s)

2018-07-10 21:52:29 - [TEST_STEP][PASSED] - uiaction.CommonUIActions.click: uiaction.CommonUIActions.click is PASSED

2018-07-10 21:52:31 - [MESSAGE][PASSED] - uiaction.CommonUIActions.click is PASSED

2018-07-10 21:52:31 - [TEST_STEP][PASSED] - uiaction.CommonUIActions.click: uiaction.CommonUIActions.click is PASSED

2018-07-10 21:52:42 - [MESSAGE][PASSED] - uiaction.CommonUIActions.click is PASSED

2018-07-10 21:52:42 - [TEST_STEP][PASSED] - delay: Delayed 10 second(s)

2018-07-10 21:52:52 - [MESSAGE][PASSED] - Delayed 10 second(s)

2018-07-10 21:52:52 - [TEST_STEP][PASSED] - uiaction.CommonUIActions.click: uiaction.CommonUIActions.click is PASSED

2018-07-10 21:52:56 - [MESSAGE][PASSED] - uiaction.CommonUIActions.click is PASSED

2018-07-10 21:52:56 - [TEST_STEP][PASSED] - delay: Delayed 5 second(s)

2018-07-10 21:53:01 - [MESSAGE][PASSED] - Delayed 5 second(s)

2018-07-10 21:53:01 - [TEST_STEP][PASSED] - uiaction.CommonUIActions.click: uiaction.CommonUIActions.click is PASSED

2018-07-10 21:53:01 - [MESSAGE][PASSED] - uiaction.CommonUIActions.click is PASSED

2018-07-10 21:53:01 - [TEST_STEP][PASSED] - delay: Delayed 5 second(s)

2018-07-10 21:53:06 - [MESSAGE][PASSED] - Delayed 5 second(s)

2018-07-10 21:53:06 - [TEST_STEP][PASSED] - Statement - grpName = "Grp250_TC16": null

2018-07-10 21:53:06 - [TEST_STEP][PASSED] - uiaction.CommonUIActions.enter: uiaction.CommonUIActions.enter is PASSED

2018-07-10 21:53:07 - [MESSAGE][PASSED] - uiaction.CommonUIActions.enter is PASSED

2018-07-10 21:53:07 - [TEST_STEP][PASSED] - uiaction.CommonUIActions.enter: uiaction.CommonUIActions.enter is PASSED

2018-07-10 21:53:07 - [MESSAGE][PASSED] - projectSpecific.Reusability.getTestData is PASSED

2018-07-10 21:53:07 - [MESSAGE][PASSED] - uiaction.CommonUIActions.enter is PASSED

2018-07-10 21:53:07 - [TEST_STEP][PASSED] - delay: Delayed 5 second(s)

2018-07-10 21:53:12 - [MESSAGE][PASSED] - Delayed 5 second(s)

2018-07-10 21:53:12 - [TEST_STEP][PASSED] - Statement - grouplist = driver.findElements(org.openqa.selenium.By.xpath("//ul[@class='unlinked-grouplist']/li")): null

2018-07-10 21:53:12 - [TEST_STEP][PASSED] - delay: Delayed 10 second(s)

2018-07-10 21:53:22 - [MESSAGE][PASSED] - Delayed 10 second(s)

2018-07-10 21:53:22 - [TEST_STEP][PASSED] - Statement - store_count = 0: null

2018-07-10 21:53:22 - [TEST_STEP][PASSED] - Statement - For ([i = 0, i < grouplist.size(), (i++)]): null

2018-07-10 21:53:22 - [TEST_STEP][PASSED] - Statement - println(grouplist.get(i).getText()): null

2018-07-10 21:53:22 - [TEST_STEP][PASSED] - Statement - If (grouplist.get(i).getText().contains("00")): null

2018-07-10 21:53:22 - [TEST_STEP][PASSED] - Statement - println(grouplist.get(i).getText()): null

2018-07-10 21:53:22 - [TEST_STEP][PASSED] - Statement - If (grouplist.get(i).getText().contains("00")): null

2018-07-10 21:53:22 - [TEST_STEP][PASSED] - Statement - println(grouplist.get(i).getText()): null

2018-07-10 21:53:22 - [TEST_STEP][PASSED] - Statement - If (grouplist.get(i).getText().contains("00")): null

2018-07-10 21:53:22 - [TEST_STEP][PASSED] - Statement - println(grouplist.get(i).getText()): null

2018-07-10 21:53:22 - [TEST_STEP][PASSED] - Statement - If (grouplist.get(i).getText().contains("00")): null

2018-07-10 21:53:22 - [TEST_STEP][PASSED] - Statement - println(grouplist.get(i).getText()): null

2018-07-10 21:53:22 - [TEST_STEP][PASSED] - Statement - If (grouplist.get(i).getText().contains("00")): null

2018-07-10 21:53:22 - [TEST_STEP][PASSED] - Statement - println(grouplist.get(i).getText()): null

2018-07-10 21:53:22 - [TEST_STEP][PASSED] - Statement - If (grouplist.get(i).getText().contains("00")): null

2018-07-10 21:53:22 - [TEST_STEP][PASSED] - Statement - println(grouplist.get(i).getText()): null

2018-07-10 21:53:22 - [TEST_STEP][PASSED] - Statement - If (grouplist.get(i).getText().contains("00")): null

2018-07-10 21:53:22 - [TEST_STEP][PASSED] - Statement - println(grouplist.get(i).getText()): null

2018-07-10 21:53:22 - [TEST_STEP][PASSED] - Statement - If (grouplist.get(i).getText().contains("00")): null

2018-07-10 21:53:22 - [TEST_STEP][PASSED] - Statement - println(grouplist.get(i).getText()): null

2018-07-10 21:53:22 - [TEST_STEP][PASSED] - Statement - If (grouplist.get(i).getText().contains("00")): null

2018-07-10 21:53:22 - [TEST_STEP][PASSED] - Statement - println(grouplist.get(i).getText()): null

2018-07-10 21:53:22 - [TEST_STEP][PASSED] - Statement - If (grouplist.get(i).getText().contains("00")): null

2018-07-10 21:53:22 - [TEST_STEP][PASSED] - Statement - println(grouplist.get(i).getText()): null

2018-07-10 21:53:22 - [TEST_STEP][PASSED] - Statement - If (grouplist.get(i).getText().contains("00")): null

2018-07-10 21:53:22 - [TEST_STEP][PASSED] - Statement - driver.findElement(org.openqa.selenium.By.xpath("(//ul[@class='unlinked-grouplist']/li/label)[" + i + 1 + "]")).click(): null

2018-07-10 21:53:22 - [TEST_STEP][PASSED] - Statement - (store_count++): null

2018-07-10 21:53:22 - [TEST_STEP][PASSED] - Statement - Break: null

2018-07-10 21:53:22 - [TEST_STEP][PASSED] - Statement - driver.findElement(org.openqa.selenium.By.xpath("//button[contains(text(),'>')]")).click(): null

2018-07-10 21:53:22 - [TEST_STEP][PASSED] - delay: Delayed 5 second(s)

2018-07-10 21:53:27 - [MESSAGE][PASSED] - Delayed 5 second(s)

2018-07-10 21:53:27 - [TEST_STEP][PASSED] - uiaction.CommonUIActions.click: uiaction.CommonUIActions.click is PASSED

2018-07-10 21:53:27 - [MESSAGE][PASSED] - uiaction.CommonUIActions.click is PASSED

2018-07-10 21:53:27 - [TEST_STEP][PASSED] - uiaction.CommonUIActions.click: uiaction.CommonUIActions.click is PASSED

2018-07-10 21:53:27 - [MESSAGE][PASSED] - uiaction.CommonUIActions.click is PASSED

2018-07-10 21:53:27 - [TEST_STEP][PASSED] - delay: Delayed 10 second(s)

2018-07-10 21:53:37 - [MESSAGE][PASSED] - Delayed 10 second(s)

2018-07-10 21:53:37 - [TEST_STEP][PASSED] - uiaction.CommonUIActions.back: uiaction.CommonUIActions.back is PASSED

2018-07-10 21:53:37 - [MESSAGE][PASSED] - Navigate back successfully

2018-07-10 21:53:37 - [MESSAGE][PASSED] - uiaction.CommonUIActions.back is PASSED

2018-07-10 21:53:37 - [TEST_STEP][PASSED] - delay: Delayed 5 second(s)

2018-07-10 21:53:42 - [MESSAGE][PASSED] - Delayed 5 second(s)

2018-07-10 21:53:42 - [TEST_STEP][PASSED] - uiaction.CommonUIActions.back: uiaction.CommonUIActions.back is PASSED

2018-07-10 21:53:42 - [MESSAGE][PASSED] - Navigate back successfully

2018-07-10 21:53:42 - [MESSAGE][PASSED] - uiaction.CommonUIActions.back is PASSED

2018-07-10 21:53:42 - [TEST_STEP][PASSED] - delay: Delayed 5 second(s)

2018-07-10 21:53:47 - [MESSAGE][PASSED] - Delayed 5 second(s)

2018-07-10 21:53:47 - [TEST_STEP][PASSED] - uiaction.CommonUIActions.click: uiaction.CommonUIActions.click is PASSED

2018-07-10 21:53:48 - [MESSAGE][PASSED] - uiaction.CommonUIActions.click is PASSED

2018-07-10 21:53:48 - [TEST_STEP][PASSED] - delay: Delayed 15 second(s)

2018-07-10 21:54:03 - [MESSAGE][PASSED] - Delayed 15 second(s)

2018-07-10 21:54:03 - [TEST_STEP][PASSED] - Statement - driver.findElement(org.openqa.selenium.By.xpath("//span[contains(text(),'" + grpName + "')]/../../../../span[1]")).click(): null

2018-07-10 21:54:03 - [TEST_STEP][PASSED] - Statement - Catch (Exception e): null

2018-07-10 21:54:03 - [TEST_STEP][PASSED] - Statement - e.printStackTrace(): null

2018-07-10 21:54:03 - [TEST_STEP][PASSED] - Statement - println("Exception of element not found"): null

2018-07-10 21:54:03 - [TEST_STEP][PASSED] - Statement - If (TCflag): null

2018-07-10 21:54:03 - [TEST_STEP][PASSED] - Statement - assert TCflag == true: null

2018-07-10 21:54:03 - [TEST_STEP][PASSED] - Start listener action : sampleAfterTestCase: Browser is closed

2018-07-10 21:54:03 - [TEST_STEP][PASSED] - Statement - println(testCaseContext.getTestCaseId()): null

2018-07-10 21:54:03 - [TEST_STEP][PASSED] - Statement - println(testCaseContext.getTestCaseStatus()): null

2018-07-10 21:54:03 - [TEST_STEP][PASSED] - closeBrowser: Browser is closed

2018-07-10 21:54:03 - [MESSAGE][PASSED] - Browser is closed]]></system-out>
         <system-err><![CDATA[2018-07-10 21:51:44 - [TEST_CASE][FAILED] - Test Cases/SummaryReportsTC/HME-Summary Report-16: Test Cases/SummaryReportsTC/HME-Summary Report-16 FAILED because (of) org.codehaus.groovy.runtime.powerassert.PowerAssertionError: assert TCflag==true
       |     |
       false false]]></system-err>
      </testcase>
      <system-out><![CDATA[2018-07-10 19:43:45 - [TEST_SUITE][FAILED] - RegressionSuite: Test Cases/TimeZoneTC/HME-Browser-Timezone-02 FAILED because (of) org.codehaus.groovy.runtime.powerassert.PowerAssertionError: assert TCflag==true
       |     |
       false false]]></system-out>
      <system-err><![CDATA[2018-07-10 19:43:45 - [TEST_SUITE][FAILED] - RegressionSuite: Test Cases/TimeZoneTC/HME-Browser-Timezone-02 FAILED because (of) org.codehaus.groovy.runtime.powerassert.PowerAssertionError: assert TCflag==true
       |     |
       false false]]></system-err>
   </testsuite>
</testsuites>
