<?xml version="1.0" encoding="UTF-8"?>
<testsuites name="RegressionSuite" time="4799" tests="15" failures="3" errors="0">
   <testsuite name="RegressionSuite" tests="15" failures="3" errors="0" time="4799" timestamp="2018-07-05 20:05:27" hostname="shalinin - NIBC2129.nousinfo.com" id="Test Suites/RegressionSuite">
      <properties>
         <property name="deviceName" value=""/>
         <property name="devicePlatform" value=""/>
         <property name="logFolder" value="C:\\Users\\shalinin\\Katalon Studio\\HME_DEVScripts\\Reports\\RegressionSuite\\20180705_200517"/>
         <property name="logFiles" value="C:\\Users\\shalinin\\Katalon Studio\\HME_DEVScripts\\Reports\\RegressionSuite\\20180705_200517\\execution0.log, C:\\Users\\shalinin\\Katalon Studio\\HME_DEVScripts\\Reports\\RegressionSuite\\20180705_200517\\execution1.log"/>
         <property name="attachments" value="C:\\Users\\shalinin\\Katalon Studio\\HME_DEVScripts\\Reports\\RegressionSuite\\20180705_200517\\1530801488119.png, C:\\Users\\shalinin\\Katalon Studio\\HME_DEVScripts\\Reports\\RegressionSuite\\20180705_200517\\1530803525489.png, C:\\Users\\shalinin\\Katalon Studio\\HME_DEVScripts\\Reports\\RegressionSuite\\20180705_200517\\1530804376452.png, C:\\Users\\shalinin\\Katalon Studio\\HME_DEVScripts\\Reports\\RegressionSuite\\20180705_200517\\1530804402968.png, C:\\Users\\shalinin\\Katalon Studio\\HME_DEVScripts\\Reports\\RegressionSuite\\20180705_200517\\1530804403325.png, C:\\Users\\shalinin\\Katalon Studio\\HME_DEVScripts\\Reports\\RegressionSuite\\20180705_200517\\1530804429842.png, C:\\Users\\shalinin\\Katalon Studio\\HME_DEVScripts\\Reports\\RegressionSuite\\20180705_200517\\1530804435378.png, C:\\Users\\shalinin\\Katalon Studio\\HME_DEVScripts\\Reports\\RegressionSuite\\20180705_200517\\1530804467084.png, C:\\Users\\shalinin\\Katalon Studio\\HME_DEVScripts\\Reports\\RegressionSuite\\20180705_200517\\1530804467425.png, C:\\Users\\shalinin\\Katalon Studio\\HME_DEVScripts\\Reports\\RegressionSuite\\20180705_200517\\1530804499097.png, C:\\Users\\shalinin\\Katalon Studio\\HME_DEVScripts\\Reports\\RegressionSuite\\20180705_200517\\1530804499427.png, C:\\Users\\shalinin\\Katalon Studio\\HME_DEVScripts\\Reports\\RegressionSuite\\20180705_200517\\1530804531079.png, C:\\Users\\shalinin\\Katalon Studio\\HME_DEVScripts\\Reports\\RegressionSuite\\20180705_200517\\1530804531416.png, C:\\Users\\shalinin\\Katalon Studio\\HME_DEVScripts\\Reports\\RegressionSuite\\20180705_200517\\1530804563097.png, C:\\Users\\shalinin\\Katalon Studio\\HME_DEVScripts\\Reports\\RegressionSuite\\20180705_200517\\1530804563429.png, C:\\Users\\shalinin\\Katalon Studio\\HME_DEVScripts\\Reports\\RegressionSuite\\20180705_200517\\1530804775804.png"/>
         <property name="hostName" value="shalinin - NIBC2129.nousinfo.com"/>
         <property name="os" value="Windows 7 64bit"/>
         <property name="katalonVersion" value="5.3.1.1"/>
         <property name="browser" value="Chrome 67.0.3396.99"/>
         <property name="hostAddress" value="192.168.24.174"/>
         <property name="sessionId" value="a6e4085cbd346c7973d06529e4e8741d"/>
         <property name="seleniumVersion" value="3.7.1"/>
         <property name="proxyInformation" value="ProxyInformation{proxyOption=NO_PROXY, proxyServerType=HTTP, password=, proxyServerAddress=, proxyServerPort=0}"/>
         <property name="platform" value="Windows 7"/>
      </properties>
      <testcase name="Test Cases/TimeZoneTC/HME-Account_Setting-Timezone-04" classname="Test Cases/TimeZoneTC/HME-Account_Setting-Timezone-04" status="FAILED">
         <failure type="FAILED" message="org.codehaus.groovy.runtime.powerassert.PowerAssertionError: assert TCflag==true
       |     |
       false false"/>
         <system-out><![CDATA[2018-07-05 20:05:28 - [TEST_CASE][FAILED] - Test Cases/TimeZoneTC/HME-Account_Setting-Timezone-04: Test Cases/TimeZoneTC/HME-Account_Setting-Timezone-04 FAILED because (of) org.codehaus.groovy.runtime.powerassert.PowerAssertionError: assert TCflag==true
       |     |
       false false

2018-07-05 20:05:29 - [TEST_STEP][PASSED] - Start listener action : sampleBeforeTestCase: uiaction.CommonUIActions.deleteAllCookies is PASSED

2018-07-05 20:05:29 - [TEST_STEP][PASSED] - openBrowser: Browser is opened with url: ''

2018-07-05 20:05:45 - [MESSAGE][PASSED] - Browser is opened with url: ''

2018-07-05 20:05:45 - [TEST_STEP][PASSED] - maximizeWindow: Current window maximized

2018-07-05 20:05:46 - [MESSAGE][PASSED] - Current window maximized

2018-07-05 20:05:46 - [TEST_STEP][PASSED] - uiaction.CommonUIActions.deleteAllCookies: uiaction.CommonUIActions.deleteAllCookies is PASSED

2018-07-05 20:05:46 - [MESSAGE][PASSED] - Delete all cookies successfully

2018-07-05 20:05:46 - [MESSAGE][PASSED] - uiaction.CommonUIActions.deleteAllCookies is PASSED

2018-07-05 20:05:46 - [TEST_STEP][PASSED] - Statement - TCflag = true: null

2018-07-05 20:05:46 - [TEST_STEP][PASSED] - Statement - Try: uiaction.CommonUIActions.click is PASSED

2018-07-05 20:05:46 - [TEST_STEP][PASSED] - navigateToUrl: Navigate to 'https://engdev.hmedtcloud.com/?pg=Login' successfully

2018-07-05 20:05:55 - [MESSAGE][PASSED] - Navigate to 'https://engdev.hmedtcloud.com/?pg=Login' successfully

2018-07-05 20:05:55 - [TEST_STEP][PASSED] - delay: Delayed 10 second(s)

2018-07-05 20:06:05 - [MESSAGE][PASSED] - Delayed 10 second(s)

2018-07-05 20:06:05 - [TEST_STEP][PASSED] - projectSpecific.Reusability.login: projectSpecific.Reusability.login is PASSED

2018-07-05 20:06:08 - [MESSAGE][PASSED] - projectSpecific.Reusability.getTestData is PASSED

2018-07-05 20:06:08 - [MESSAGE][PASSED] - projectSpecific.Reusability.getTestData is PASSED

2018-07-05 20:06:09 - [MESSAGE][PASSED] - Text 'selvendrank@nousinfo.com' is set on object 'Object Repository/LoginPage/Username'

2018-07-05 20:06:09 - [MESSAGE][PASSED] - Text 'Nous;123' is set on object 'Object Repository/LoginPage/Password'

2018-07-05 20:06:31 - [MESSAGE][PASSED] - Object: 'Object Repository/LoginPage/Login' is clicked on

2018-07-05 20:06:31 - [MESSAGE][PASSED] - projectSpecific.Reusability.login is PASSED

2018-07-05 20:06:31 - [TEST_STEP][PASSED] - delay: Delayed 10 second(s)

2018-07-05 20:06:41 - [MESSAGE][PASSED] - Delayed 10 second(s)

2018-07-05 20:06:41 - [TEST_STEP][PASSED] - Statement - welcomeMsg = CustomKeywords.uiaction.CommonUIActions.getText(com.kms.katalon.core.testobject.ObjectRepository.findTestObject(HomePage/welcomeMessage)): uiaction.CommonUIActions.getText is PASSED

2018-07-05 20:06:41 - [MESSAGE][PASSED] - uiaction.CommonUIActions.getText is PASSED

2018-07-05 20:06:41 - [TEST_STEP][PASSED] - Statement - expactedWelcomeMsg = CustomKeywords.projectSpecific.Reusability.getTestData("HomePage", "welcomeMsg"): projectSpecific.Reusability.getTestData is PASSED

2018-07-05 20:06:41 - [MESSAGE][PASSED] - projectSpecific.Reusability.getTestData is PASSED

2018-07-05 20:06:41 - [TEST_STEP][PASSED] - Statement - If (welcomeMsg.contains(expactedWelcomeMsg)): null

2018-07-05 20:06:41 - [TEST_STEP][PASSED] - Statement - out.println("Welcome message is verified"): null

2018-07-05 20:06:41 - [TEST_STEP][PASSED] - Statement - driver = com.kms.katalon.core.webui.driver.DriverFactory.getWebDriver(): null

2018-07-05 20:06:41 - [TEST_STEP][PASSED] - uiaction.CommonUIActions.click: uiaction.CommonUIActions.click is PASSED

2018-07-05 20:07:01 - [MESSAGE][PASSED] - uiaction.CommonUIActions.click is PASSED

2018-07-05 20:07:01 - [TEST_STEP][PASSED] - Statement - driver.findElement(org.openqa.selenium.By.xpath("(//div[@class='ctable']/table//tr/td[3][contains(text(),'00000012')]/../td//span)[1]")).click(): null

2018-07-05 20:07:04 - [TEST_STEP][PASSED] - uiaction.CommonUIActions.click: uiaction.CommonUIActions.click is PASSED

2018-07-05 20:07:04 - [MESSAGE][PASSED] - uiaction.CommonUIActions.click is PASSED

2018-07-05 20:07:04 - [TEST_STEP][PASSED] - uiaction.CommonUIActions.click: uiaction.CommonUIActions.click is PASSED

2018-07-05 20:07:16 - [MESSAGE][PASSED] - uiaction.CommonUIActions.click is PASSED

2018-07-05 20:07:16 - [TEST_STEP][PASSED] - Statement - storeID = CustomKeywords.uiaction.CommonUIActions.getText(com.kms.katalon.core.testobject.ObjectRepository.findTestObject(StorePage/storeID)): uiaction.CommonUIActions.getText is PASSED

2018-07-05 20:07:16 - [MESSAGE][PASSED] - uiaction.CommonUIActions.getText is PASSED

2018-07-05 20:07:16 - [TEST_STEP][PASSED] - Statement - storenumber = storeID.trim(): null

2018-07-05 20:07:16 - [TEST_STEP][PASSED] - Statement - out.println(" the store number is--" + storenumber.trim()): null

2018-07-05 20:07:16 - [TEST_STEP][PASSED] - uiaction.CommonUIActions.click: uiaction.CommonUIActions.click is PASSED

2018-07-05 20:07:20 - [MESSAGE][PASSED] - uiaction.CommonUIActions.click is PASSED

2018-07-05 20:07:20 - [TEST_STEP][PASSED] - delay: Delayed 10 second(s)

2018-07-05 20:07:30 - [MESSAGE][PASSED] - Delayed 10 second(s)

2018-07-05 20:07:30 - [TEST_STEP][PASSED] - Statement - driver.findElement(org.openqa.selenium.By.xpath("//span[contains(text(),'" + storenumber.trim() + "')]")).click(): null

2018-07-05 20:07:30 - [TEST_STEP][PASSED] - click: Object: 'Object Repository/ReportsPage/timeSelection' is clicked on

2018-07-05 20:07:30 - [MESSAGE][PASSED] - Object: 'Object Repository/ReportsPage/timeSelection' is clicked on

2018-07-05 20:07:30 - [TEST_STEP][PASSED] - click: Object: 'Object Repository/ReportsPage/dayTimeOption' is clicked on

2018-07-05 20:07:30 - [MESSAGE][PASSED] - Object: 'Object Repository/ReportsPage/dayTimeOption' is clicked on

2018-07-05 20:07:30 - [TEST_STEP][PASSED] - click: Object: 'Object Repository/ReportsPage/summaryReportHeading' is clicked on

2018-07-05 20:07:30 - [MESSAGE][PASSED] - Object: 'Object Repository/ReportsPage/summaryReportHeading' is clicked on

2018-07-05 20:07:30 - [TEST_STEP][PASSED] - verifyElementText: Actual text and expected text of test object 'Object Repository/ReportsPage/dayTimeOption' are matched.

2018-07-05 20:07:30 - [MESSAGE][PASSED] - projectSpecific.Reusability.getTestData is PASSED

2018-07-05 20:07:31 - [MESSAGE][PASSED] - Actual text and expected text of test object 'Object Repository/ReportsPage/dayTimeOption' are matched.

2018-07-05 20:07:31 - [TEST_STEP][PASSED] - verifyElementText: Actual text and expected text of test object 'Object Repository/ReportsPage/criteriaTimeMeasureForDay' are matched.

2018-07-05 20:07:31 - [MESSAGE][PASSED] - projectSpecific.Reusability.getTestData is PASSED

2018-07-05 20:07:31 - [MESSAGE][PASSED] - Actual text and expected text of test object 'Object Repository/ReportsPage/criteriaTimeMeasureForDay' are matched.

2018-07-05 20:07:31 - [TEST_STEP][PASSED] - delay: Delayed 5 second(s)

2018-07-05 20:07:36 - [MESSAGE][PASSED] - Delayed 5 second(s)

2018-07-05 20:07:36 - [TEST_STEP][PASSED] - click: Object: 'Object Repository/ReportsPage/fromDateSelector' is clicked on

2018-07-05 20:07:36 - [MESSAGE][PASSED] - Object: 'Object Repository/ReportsPage/fromDateSelector' is clicked on

2018-07-05 20:07:36 - [TEST_STEP][PASSED] - delay: Delayed 5 second(s)

2018-07-05 20:07:41 - [MESSAGE][PASSED] - Delayed 5 second(s)

2018-07-05 20:07:41 - [TEST_STEP][PASSED] - Statement - monthText = com.kms.katalon.core.webui.keyword.WebUiBuiltInKeywords.getText(com.kms.katalon.core.testobject.ObjectRepository.findTestObject(ReportsPage/monthText)): Text of object 'Object Repository/ReportsPage/monthText' is: 'July 2018'

2018-07-05 20:07:41 - [MESSAGE][PASSED] - Text of object 'Object Repository/ReportsPage/monthText' is: 'July 2018'

2018-07-05 20:07:41 - [TEST_STEP][PASSED] - Statement - monthTextArray = monthText.split(" "): null

2018-07-05 20:07:41 - [TEST_STEP][PASSED] - Statement - month = monthTextArray[0]: null

2018-07-05 20:07:41 - [TEST_STEP][PASSED] - Statement - monthTextValue = CustomKeywords.projectSpecific.Reusability.getTestData("ReportsPage", "Month"): projectSpecific.Reusability.getTestData is PASSED

2018-07-05 20:07:41 - [MESSAGE][PASSED] - projectSpecific.Reusability.getTestData is PASSED

2018-07-05 20:07:41 - [TEST_STEP][PASSED] - Statement - If (!(monthTextValue.equals(month))): null

2018-07-05 20:07:41 - [TEST_STEP][PASSED] - Statement - While (!(monthTextValue.equals(month))): null

2018-07-05 20:07:41 - [TEST_STEP][PASSED] - click: Object: 'Object Repository/ReportsPage/previousDateSelector' is clicked on

2018-07-05 20:07:41 - [MESSAGE][PASSED] - Object: 'Object Repository/ReportsPage/previousDateSelector' is clicked on

2018-07-05 20:07:41 - [TEST_STEP][PASSED] - Statement - monthText = com.kms.katalon.core.webui.keyword.WebUiBuiltInKeywords.getText(com.kms.katalon.core.testobject.ObjectRepository.findTestObject(ReportsPage/monthText)): Text of object 'Object Repository/ReportsPage/monthText' is: 'June 2018'

2018-07-05 20:07:41 - [MESSAGE][PASSED] - Text of object 'Object Repository/ReportsPage/monthText' is: 'June 2018'

2018-07-05 20:07:41 - [TEST_STEP][PASSED] - Statement - monthTextArray = monthText.split(" "): null

2018-07-05 20:07:41 - [TEST_STEP][PASSED] - Statement - month = monthTextArray[0]: null

2018-07-05 20:07:41 - [TEST_STEP][PASSED] - click: Object: 'Object Repository/ReportsPage/previousDateSelector' is clicked on

2018-07-05 20:07:41 - [MESSAGE][PASSED] - Object: 'Object Repository/ReportsPage/previousDateSelector' is clicked on

2018-07-05 20:07:41 - [TEST_STEP][PASSED] - Statement - monthText = com.kms.katalon.core.webui.keyword.WebUiBuiltInKeywords.getText(com.kms.katalon.core.testobject.ObjectRepository.findTestObject(ReportsPage/monthText)): Text of object 'Object Repository/ReportsPage/monthText' is: 'May 2018'

2018-07-05 20:07:41 - [MESSAGE][PASSED] - Text of object 'Object Repository/ReportsPage/monthText' is: 'May 2018'

2018-07-05 20:07:41 - [TEST_STEP][PASSED] - Statement - monthTextArray = monthText.split(" "): null

2018-07-05 20:07:41 - [TEST_STEP][PASSED] - Statement - month = monthTextArray[0]: null

2018-07-05 20:07:41 - [TEST_STEP][PASSED] - click: Object: 'Object Repository/ReportsPage/previousDateSelector' is clicked on

2018-07-05 20:07:41 - [MESSAGE][PASSED] - Object: 'Object Repository/ReportsPage/previousDateSelector' is clicked on

2018-07-05 20:07:41 - [TEST_STEP][PASSED] - Statement - monthText = com.kms.katalon.core.webui.keyword.WebUiBuiltInKeywords.getText(com.kms.katalon.core.testobject.ObjectRepository.findTestObject(ReportsPage/monthText)): Text of object 'Object Repository/ReportsPage/monthText' is: 'April 2018'

2018-07-05 20:07:41 - [MESSAGE][PASSED] - Text of object 'Object Repository/ReportsPage/monthText' is: 'April 2018'

2018-07-05 20:07:41 - [TEST_STEP][PASSED] - Statement - monthTextArray = monthText.split(" "): null

2018-07-05 20:07:41 - [TEST_STEP][PASSED] - Statement - month = monthTextArray[0]: null

2018-07-05 20:07:41 - [TEST_STEP][PASSED] - click: Object: 'Object Repository/ReportsPage/previousDateSelector' is clicked on

2018-07-05 20:07:41 - [MESSAGE][PASSED] - Object: 'Object Repository/ReportsPage/previousDateSelector' is clicked on

2018-07-05 20:07:41 - [TEST_STEP][PASSED] - Statement - monthText = com.kms.katalon.core.webui.keyword.WebUiBuiltInKeywords.getText(com.kms.katalon.core.testobject.ObjectRepository.findTestObject(ReportsPage/monthText)): Text of object 'Object Repository/ReportsPage/monthText' is: 'March 2018'

2018-07-05 20:07:41 - [MESSAGE][PASSED] - Text of object 'Object Repository/ReportsPage/monthText' is: 'March 2018'

2018-07-05 20:07:41 - [TEST_STEP][PASSED] - Statement - monthTextArray = monthText.split(" "): null

2018-07-05 20:07:41 - [TEST_STEP][PASSED] - Statement - month = monthTextArray[0]: null

2018-07-05 20:07:41 - [TEST_STEP][PASSED] - Statement - data = CustomKeywords.projectSpecific.Reusability.getTestData("ReportsPage", "EndDate"): projectSpecific.Reusability.getTestData is PASSED

2018-07-05 20:07:41 - [MESSAGE][PASSED] - projectSpecific.Reusability.getTestData is PASSED

2018-07-05 20:07:41 - [TEST_STEP][PASSED] - Statement - startDate = "(//td[text()='" + data + "'])[1]": null

2018-07-05 20:07:41 - [TEST_STEP][PASSED] - Statement - println(startDate): null

2018-07-05 20:07:41 - [TEST_STEP][PASSED] - Statement - startdateEle = driver.findElement(org.openqa.selenium.By.xpath(startDate)): null

2018-07-05 20:07:41 - [TEST_STEP][PASSED] - Statement - startdateEle.click(): null

2018-07-05 20:07:41 - [TEST_STEP][PASSED] - delay: Delayed 5 second(s)

2018-07-05 20:07:46 - [MESSAGE][PASSED] - Delayed 5 second(s)

2018-07-05 20:07:46 - [TEST_STEP][PASSED] - click: Object: 'Object Repository/ReportsPage/toDateSelector' is clicked on

2018-07-05 20:07:47 - [MESSAGE][PASSED] - Object: 'Object Repository/ReportsPage/toDateSelector' is clicked on

2018-07-05 20:07:47 - [TEST_STEP][PASSED] - Statement - monthText = com.kms.katalon.core.webui.keyword.WebUiBuiltInKeywords.getText(com.kms.katalon.core.testobject.ObjectRepository.findTestObject(ReportsPage/monthText2)): Text of object 'Object Repository/ReportsPage/monthText2' is: 'July 2018'

2018-07-05 20:07:47 - [MESSAGE][PASSED] - Text of object 'Object Repository/ReportsPage/monthText2' is: 'July 2018'

2018-07-05 20:07:47 - [TEST_STEP][PASSED] - Statement - monthTextArray = monthText.split(" "): null

2018-07-05 20:07:47 - [TEST_STEP][PASSED] - Statement - month = monthTextArray[0]: null

2018-07-05 20:07:47 - [TEST_STEP][PASSED] - Statement - monthTextValue1 = CustomKeywords.projectSpecific.Reusability.getTestData("ReportsPage", "Month"): projectSpecific.Reusability.getTestData is PASSED

2018-07-05 20:07:47 - [MESSAGE][PASSED] - projectSpecific.Reusability.getTestData is PASSED

2018-07-05 20:07:47 - [TEST_STEP][PASSED] - Statement - If (!(monthTextValue1.equals(month))): null

2018-07-05 20:07:47 - [TEST_STEP][PASSED] - Statement - While (!(monthTextValue1.equals(month))): null

2018-07-05 20:07:47 - [TEST_STEP][PASSED] - click: Object: 'Object Repository/ReportsPage/previousDateSelector2' is clicked on

2018-07-05 20:07:47 - [MESSAGE][PASSED] - Object: 'Object Repository/ReportsPage/previousDateSelector2' is clicked on

2018-07-05 20:07:47 - [TEST_STEP][PASSED] - Statement - monthText = com.kms.katalon.core.webui.keyword.WebUiBuiltInKeywords.getText(com.kms.katalon.core.testobject.ObjectRepository.findTestObject(ReportsPage/monthText2)): Text of object 'Object Repository/ReportsPage/monthText2' is: 'June 2018'

2018-07-05 20:07:47 - [MESSAGE][PASSED] - Text of object 'Object Repository/ReportsPage/monthText2' is: 'June 2018'

2018-07-05 20:07:47 - [TEST_STEP][PASSED] - Statement - monthTextArray = monthText.split(" "): null

2018-07-05 20:07:47 - [TEST_STEP][PASSED] - Statement - month = monthTextArray[0]: null

2018-07-05 20:07:47 - [TEST_STEP][PASSED] - click: Object: 'Object Repository/ReportsPage/previousDateSelector2' is clicked on

2018-07-05 20:07:47 - [MESSAGE][PASSED] - Object: 'Object Repository/ReportsPage/previousDateSelector2' is clicked on

2018-07-05 20:07:47 - [TEST_STEP][PASSED] - Statement - monthText = com.kms.katalon.core.webui.keyword.WebUiBuiltInKeywords.getText(com.kms.katalon.core.testobject.ObjectRepository.findTestObject(ReportsPage/monthText2)): Text of object 'Object Repository/ReportsPage/monthText2' is: 'May 2018'

2018-07-05 20:07:47 - [MESSAGE][PASSED] - Text of object 'Object Repository/ReportsPage/monthText2' is: 'May 2018'

2018-07-05 20:07:47 - [TEST_STEP][PASSED] - Statement - monthTextArray = monthText.split(" "): null

2018-07-05 20:07:47 - [TEST_STEP][PASSED] - Statement - month = monthTextArray[0]: null

2018-07-05 20:07:47 - [TEST_STEP][PASSED] - click: Object: 'Object Repository/ReportsPage/previousDateSelector2' is clicked on

2018-07-05 20:07:47 - [MESSAGE][PASSED] - Object: 'Object Repository/ReportsPage/previousDateSelector2' is clicked on

2018-07-05 20:07:47 - [TEST_STEP][PASSED] - Statement - monthText = com.kms.katalon.core.webui.keyword.WebUiBuiltInKeywords.getText(com.kms.katalon.core.testobject.ObjectRepository.findTestObject(ReportsPage/monthText2)): Text of object 'Object Repository/ReportsPage/monthText2' is: 'April 2018'

2018-07-05 20:07:47 - [MESSAGE][PASSED] - Text of object 'Object Repository/ReportsPage/monthText2' is: 'April 2018'

2018-07-05 20:07:47 - [TEST_STEP][PASSED] - Statement - monthTextArray = monthText.split(" "): null

2018-07-05 20:07:47 - [TEST_STEP][PASSED] - Statement - month = monthTextArray[0]: null

2018-07-05 20:07:47 - [TEST_STEP][PASSED] - click: Object: 'Object Repository/ReportsPage/previousDateSelector2' is clicked on

2018-07-05 20:07:47 - [MESSAGE][PASSED] - Object: 'Object Repository/ReportsPage/previousDateSelector2' is clicked on

2018-07-05 20:07:47 - [TEST_STEP][PASSED] - Statement - monthText = com.kms.katalon.core.webui.keyword.WebUiBuiltInKeywords.getText(com.kms.katalon.core.testobject.ObjectRepository.findTestObject(ReportsPage/monthText2)): Text of object 'Object Repository/ReportsPage/monthText2' is: 'March 2018'

2018-07-05 20:07:47 - [MESSAGE][PASSED] - Text of object 'Object Repository/ReportsPage/monthText2' is: 'March 2018'

2018-07-05 20:07:47 - [TEST_STEP][PASSED] - Statement - monthTextArray = monthText.split(" "): null

2018-07-05 20:07:47 - [TEST_STEP][PASSED] - Statement - month = monthTextArray[0]: null

2018-07-05 20:07:47 - [TEST_STEP][PASSED] - Statement - endDate = CustomKeywords.projectSpecific.Reusability.getTestData("ReportsPage", "EndDate"): projectSpecific.Reusability.getTestData is PASSED

2018-07-05 20:07:47 - [MESSAGE][PASSED] - projectSpecific.Reusability.getTestData is PASSED

2018-07-05 20:07:47 - [TEST_STEP][PASSED] - Statement - toDate = "(//td[text()='" + endDate + "'])[2]": null

2018-07-05 20:07:47 - [TEST_STEP][PASSED] - Statement - println(toDate): null

2018-07-05 20:07:47 - [TEST_STEP][PASSED] - Statement - toDateEle = driver.findElement(org.openqa.selenium.By.xpath(toDate)): null

2018-07-05 20:07:47 - [TEST_STEP][PASSED] - Statement - toDateEle.click(): null

2018-07-05 20:07:47 - [TEST_STEP][PASSED] - delay: Delayed 5 second(s)

2018-07-05 20:07:52 - [MESSAGE][PASSED] - Delayed 5 second(s)

2018-07-05 20:07:52 - [TEST_STEP][PASSED] - Statement - dateAttr = com.kms.katalon.core.webui.keyword.WebUiBuiltInKeywords.getAttribute(com.kms.katalon.core.testobject.ObjectRepository.findTestObject(ReportsPage/selectedDate1), "value"): Attribute 'value' of object 'Object Repository/ReportsPage/selectedDate1' is: '03/14/2018'

2018-07-05 20:07:52 - [MESSAGE][PASSED] - Attribute 'value' of object 'Object Repository/ReportsPage/selectedDate1' is: '03/14/2018'

2018-07-05 20:07:52 - [TEST_STEP][PASSED] - Statement - fromDateValue = CustomKeywords.projectSpecific.Reusability.getTestData("ReportsPage", "toDate"): projectSpecific.Reusability.getTestData is PASSED

2018-07-05 20:07:52 - [MESSAGE][PASSED] - projectSpecific.Reusability.getTestData is PASSED

2018-07-05 20:07:52 - [TEST_STEP][PASSED] - Statement - If (!(dateAttr.equals(fromDateValue))): null

2018-07-05 20:07:52 - [TEST_STEP][PASSED] - Statement - dateAttr = com.kms.katalon.core.webui.keyword.WebUiBuiltInKeywords.getAttribute(com.kms.katalon.core.testobject.ObjectRepository.findTestObject(ReportsPage/selectedDate2), "value"): Attribute 'value' of object 'Object Repository/ReportsPage/selectedDate2' is: '03/14/2018'

2018-07-05 20:07:52 - [MESSAGE][PASSED] - Attribute 'value' of object 'Object Repository/ReportsPage/selectedDate2' is: '03/14/2018'

2018-07-05 20:07:52 - [TEST_STEP][PASSED] - Statement - toDateValue = CustomKeywords.projectSpecific.Reusability.getTestData("ReportsPage", "toDate"): projectSpecific.Reusability.getTestData is PASSED

2018-07-05 20:07:52 - [MESSAGE][PASSED] - projectSpecific.Reusability.getTestData is PASSED

2018-07-05 20:07:52 - [TEST_STEP][PASSED] - Statement - If (!(dateAttr.equals(toDateValue))): null

2018-07-05 20:07:52 - [TEST_STEP][PASSED] - click: Object: 'Object Repository/ReportsPage/generateReport' is clicked on

2018-07-05 20:07:52 - [MESSAGE][PASSED] - Object: 'Object Repository/ReportsPage/generateReport' is clicked on

2018-07-05 20:07:52 - [TEST_STEP][PASSED] - delay: Delayed 15 second(s)

2018-07-05 20:08:07 - [MESSAGE][PASSED] - Delayed 15 second(s)

2018-07-05 20:08:07 - [TEST_STEP][PASSED] - Statement - printTime = CustomKeywords.uiaction.CommonUIActions.getText(com.kms.katalon.core.testobject.ObjectRepository.findTestObject(SummarizedReportPage/printTime)): uiaction.CommonUIActions.getText is PASSED

2018-07-05 20:08:08 - [MESSAGE][PASSED] - uiaction.CommonUIActions.getText is PASSED

2018-07-05 20:08:08 - [TEST_STEP][PASSED] - Statement - cal = java.util.Calendar.getInstance(): null

2018-07-05 20:08:08 - [TEST_STEP][PASSED] - Statement - sdf = new java.text.SimpleDateFormat(hh:mm a): null

2018-07-05 20:08:08 - [TEST_STEP][PASSED] - Statement - currentSystemTime = sdf.format(cal.getTime()): null

2018-07-05 20:08:08 - [TEST_STEP][PASSED] - Statement - out.println(currentSystemTime): null

2018-07-05 20:08:08 - [TEST_STEP][PASSED] - Statement - If (currentSystemTime.contains(printTime)): null

2018-07-05 20:08:08 - [TEST_STEP][PASSED] - Statement - Else: Taking screenshot successfully

2018-07-05 20:08:08 - [TEST_STEP][PASSED] - Statement - If (TCflag): null

2018-07-05 20:08:08 - [TEST_STEP][PASSED] - Statement - out.println("Print Time is not displayed the current local time "): null

2018-07-05 20:08:08 - [TEST_STEP][PASSED] - takeScreenshot: Taking screenshot successfully

2018-07-05 20:08:08 - [MESSAGE][PASSED] - Taking screenshot successfully
[[ATTACHMENT|C:\\Users\\shalinin\\Katalon Studio\\HME_DEVScripts\\Reports\\RegressionSuite\\20180705_200517\\1530801488119.png]]

2018-07-05 20:08:08 - [TEST_STEP][PASSED] - uiaction.CommonUIActions.click: uiaction.CommonUIActions.click is PASSED

2018-07-05 20:08:19 - [MESSAGE][PASSED] - uiaction.CommonUIActions.click is PASSED

2018-07-05 20:08:19 - [TEST_STEP][PASSED] - Statement - assert TCflag == true: null

2018-07-05 20:08:19 - [TEST_STEP][PASSED] - Start listener action : sampleAfterTestCase: Browser is closed

2018-07-05 20:08:19 - [TEST_STEP][PASSED] - Statement - println(testCaseContext.getTestCaseId()): null

2018-07-05 20:08:19 - [TEST_STEP][PASSED] - Statement - println(testCaseContext.getTestCaseStatus()): null

2018-07-05 20:08:19 - [TEST_STEP][PASSED] - closeBrowser: Browser is closed

2018-07-05 20:08:19 - [MESSAGE][PASSED] - Browser is closed]]></system-out>
         <system-err><![CDATA[2018-07-05 20:05:28 - [TEST_CASE][FAILED] - Test Cases/TimeZoneTC/HME-Account_Setting-Timezone-04: Test Cases/TimeZoneTC/HME-Account_Setting-Timezone-04 FAILED because (of) org.codehaus.groovy.runtime.powerassert.PowerAssertionError: assert TCflag==true
       |     |
       false false]]></system-err>
      </testcase>
      <testcase name="Test Cases/TimeZoneTC/HME-Account_Setting-Timezone-05" classname="Test Cases/TimeZoneTC/HME-Account_Setting-Timezone-05" status="PASSED">
         <system-out><![CDATA[2018-07-05 20:08:20 - [TEST_CASE][PASSED] - Test Cases/TimeZoneTC/HME-Account_Setting-Timezone-05: Browser is closed

2018-07-05 20:08:20 - [TEST_STEP][PASSED] - Start listener action : sampleBeforeTestCase: uiaction.CommonUIActions.deleteAllCookies is PASSED

2018-07-05 20:08:20 - [TEST_STEP][PASSED] - openBrowser: Browser is opened with url: ''

2018-07-05 20:08:22 - [MESSAGE][PASSED] - Browser is opened with url: ''

2018-07-05 20:08:22 - [TEST_STEP][PASSED] - maximizeWindow: Current window maximized

2018-07-05 20:08:23 - [MESSAGE][PASSED] - Current window maximized

2018-07-05 20:08:23 - [TEST_STEP][PASSED] - uiaction.CommonUIActions.deleteAllCookies: uiaction.CommonUIActions.deleteAllCookies is PASSED

2018-07-05 20:08:24 - [MESSAGE][PASSED] - Delete all cookies successfully

2018-07-05 20:08:24 - [MESSAGE][PASSED] - uiaction.CommonUIActions.deleteAllCookies is PASSED

2018-07-05 20:08:24 - [TEST_STEP][PASSED] - Statement - TCflag = true: null

2018-07-05 20:08:24 - [TEST_STEP][PASSED] - Statement - Try: uiaction.CommonUIActions.click is PASSED

2018-07-05 20:08:24 - [TEST_STEP][PASSED] - navigateToUrl: Navigate to 'https://engdev.hmedtcloud.com/?pg=Login' successfully

2018-07-05 20:08:33 - [MESSAGE][PASSED] - Navigate to 'https://engdev.hmedtcloud.com/?pg=Login' successfully

2018-07-05 20:08:33 - [TEST_STEP][PASSED] - delay: Delayed 10 second(s)

2018-07-05 20:08:43 - [MESSAGE][PASSED] - Delayed 10 second(s)

2018-07-05 20:08:43 - [TEST_STEP][PASSED] - projectSpecific.Reusability.login: projectSpecific.Reusability.login is PASSED

2018-07-05 20:08:43 - [MESSAGE][PASSED] - projectSpecific.Reusability.getTestData is PASSED

2018-07-05 20:08:43 - [MESSAGE][PASSED] - projectSpecific.Reusability.getTestData is PASSED

2018-07-05 20:08:43 - [MESSAGE][PASSED] - Text 'selvendrank@nousinfo.com' is set on object 'Object Repository/LoginPage/Username'

2018-07-05 20:08:43 - [MESSAGE][PASSED] - Text 'Nous;123' is set on object 'Object Repository/LoginPage/Password'

2018-07-05 20:09:03 - [MESSAGE][PASSED] - Object: 'Object Repository/LoginPage/Login' is clicked on

2018-07-05 20:09:03 - [MESSAGE][PASSED] - projectSpecific.Reusability.login is PASSED

2018-07-05 20:09:03 - [TEST_STEP][PASSED] - delay: Delayed 10 second(s)

2018-07-05 20:09:13 - [MESSAGE][PASSED] - Delayed 10 second(s)

2018-07-05 20:09:13 - [TEST_STEP][PASSED] - Statement - welcomeMsg = CustomKeywords.uiaction.CommonUIActions.getText(com.kms.katalon.core.testobject.ObjectRepository.findTestObject(HomePage/welcomeMessage)): uiaction.CommonUIActions.getText is PASSED

2018-07-05 20:09:13 - [MESSAGE][PASSED] - uiaction.CommonUIActions.getText is PASSED

2018-07-05 20:09:13 - [TEST_STEP][PASSED] - Statement - expactedWelcomeMsg = CustomKeywords.projectSpecific.Reusability.getTestData("HomePage", "welcomeMsg"): projectSpecific.Reusability.getTestData is PASSED

2018-07-05 20:09:13 - [MESSAGE][PASSED] - projectSpecific.Reusability.getTestData is PASSED

2018-07-05 20:09:13 - [TEST_STEP][PASSED] - Statement - If (welcomeMsg.contains(expactedWelcomeMsg)): null

2018-07-05 20:09:13 - [TEST_STEP][PASSED] - Statement - out.println("Welcome message is verified"): null

2018-07-05 20:09:13 - [TEST_STEP][PASSED] - Statement - driver = com.kms.katalon.core.webui.driver.DriverFactory.getWebDriver(): null

2018-07-05 20:09:13 - [TEST_STEP][PASSED] - uiaction.CommonUIActions.click: uiaction.CommonUIActions.click is PASSED

2018-07-05 20:09:33 - [MESSAGE][PASSED] - uiaction.CommonUIActions.click is PASSED

2018-07-05 20:09:33 - [TEST_STEP][PASSED] - Statement - driver.findElement(org.openqa.selenium.By.xpath("(//div[@class='ctable']/table//tr/td[3][contains(text(),'00000012')]/../td//span)[1]")).click(): null

2018-07-05 20:09:35 - [TEST_STEP][PASSED] - uiaction.CommonUIActions.click: uiaction.CommonUIActions.click is PASSED

2018-07-05 20:09:35 - [MESSAGE][PASSED] - uiaction.CommonUIActions.click is PASSED

2018-07-05 20:09:35 - [TEST_STEP][PASSED] - uiaction.CommonUIActions.click: uiaction.CommonUIActions.click is PASSED

2018-07-05 20:09:48 - [MESSAGE][PASSED] - uiaction.CommonUIActions.click is PASSED

2018-07-05 20:09:48 - [TEST_STEP][PASSED] - Statement - storeID = CustomKeywords.uiaction.CommonUIActions.getText(com.kms.katalon.core.testobject.ObjectRepository.findTestObject(StorePage/storeID)): uiaction.CommonUIActions.getText is PASSED

2018-07-05 20:09:48 - [MESSAGE][PASSED] - uiaction.CommonUIActions.getText is PASSED

2018-07-05 20:09:48 - [TEST_STEP][PASSED] - Statement - storenumber = storeID.trim(): null

2018-07-05 20:09:48 - [TEST_STEP][PASSED] - Statement - out.println(" the store number is--" + storenumber.trim()): null

2018-07-05 20:09:48 - [TEST_STEP][PASSED] - uiaction.CommonUIActions.click: uiaction.CommonUIActions.click is PASSED

2018-07-05 20:09:52 - [MESSAGE][PASSED] - uiaction.CommonUIActions.click is PASSED

2018-07-05 20:09:52 - [TEST_STEP][PASSED] - delay: Delayed 10 second(s)

2018-07-05 20:10:02 - [MESSAGE][PASSED] - Delayed 10 second(s)

2018-07-05 20:10:02 - [TEST_STEP][PASSED] - Statement - driver.findElement(org.openqa.selenium.By.xpath("//span[contains(text(),'" + storenumber.trim() + "')]")).click(): null

2018-07-05 20:10:02 - [TEST_STEP][PASSED] - delay: Delayed 5 second(s)

2018-07-05 20:10:07 - [MESSAGE][PASSED] - Delayed 5 second(s)

2018-07-05 20:10:07 - [TEST_STEP][PASSED] - click: Object: 'Object Repository/ReportsPage/timeSelection' is clicked on

2018-07-05 20:10:07 - [MESSAGE][PASSED] - Object: 'Object Repository/ReportsPage/timeSelection' is clicked on

2018-07-05 20:10:07 - [TEST_STEP][PASSED] - click: Object: 'Object Repository/ReportsPage/daypartTimeOption' is clicked on

2018-07-05 20:10:07 - [MESSAGE][PASSED] - Object: 'Object Repository/ReportsPage/daypartTimeOption' is clicked on

2018-07-05 20:10:07 - [TEST_STEP][PASSED] - click: Object: 'Object Repository/ReportsPage/summaryReportHeading' is clicked on

2018-07-05 20:10:07 - [MESSAGE][PASSED] - Object: 'Object Repository/ReportsPage/summaryReportHeading' is clicked on

2018-07-05 20:10:07 - [TEST_STEP][PASSED] - verifyElementText: Actual text and expected text of test object 'Object Repository/ReportsPage/daypartTimeOption' are matched.

2018-07-05 20:10:07 - [MESSAGE][PASSED] - projectSpecific.Reusability.getTestData is PASSED

2018-07-05 20:10:07 - [MESSAGE][PASSED] - Actual text and expected text of test object 'Object Repository/ReportsPage/daypartTimeOption' are matched.

2018-07-05 20:10:07 - [TEST_STEP][PASSED] - verifyElementText: Actual text and expected text of test object 'Object Repository/ReportsPage/criteriaTimeMeasureFordaypart' are matched.

2018-07-05 20:10:07 - [MESSAGE][PASSED] - projectSpecific.Reusability.getTestData is PASSED

2018-07-05 20:10:08 - [MESSAGE][PASSED] - Actual text and expected text of test object 'Object Repository/ReportsPage/criteriaTimeMeasureFordaypart' are matched.

2018-07-05 20:10:08 - [TEST_STEP][PASSED] - delay: Delayed 5 second(s)

2018-07-05 20:10:13 - [MESSAGE][PASSED] - Delayed 5 second(s)

2018-07-05 20:10:13 - [TEST_STEP][PASSED] - click: Object: 'Object Repository/ReportsPage/fromDateSelector' is clicked on

2018-07-05 20:10:13 - [MESSAGE][PASSED] - Object: 'Object Repository/ReportsPage/fromDateSelector' is clicked on

2018-07-05 20:10:13 - [TEST_STEP][PASSED] - delay: Delayed 5 second(s)

2018-07-05 20:10:18 - [MESSAGE][PASSED] - Delayed 5 second(s)

2018-07-05 20:10:18 - [TEST_STEP][PASSED] - Statement - monthText = com.kms.katalon.core.webui.keyword.WebUiBuiltInKeywords.getText(com.kms.katalon.core.testobject.ObjectRepository.findTestObject(ReportsPage/monthText)): Text of object 'Object Repository/ReportsPage/monthText' is: 'July 2018'

2018-07-05 20:10:18 - [MESSAGE][PASSED] - Text of object 'Object Repository/ReportsPage/monthText' is: 'July 2018'

2018-07-05 20:10:18 - [TEST_STEP][PASSED] - Statement - monthTextArray = monthText.split(" "): null

2018-07-05 20:10:18 - [TEST_STEP][PASSED] - Statement - month = monthTextArray[0]: null

2018-07-05 20:10:18 - [TEST_STEP][PASSED] - Statement - monthTextValue = CustomKeywords.projectSpecific.Reusability.getTestData("ReportsPage", "Month"): projectSpecific.Reusability.getTestData is PASSED

2018-07-05 20:10:18 - [MESSAGE][PASSED] - projectSpecific.Reusability.getTestData is PASSED

2018-07-05 20:10:18 - [TEST_STEP][PASSED] - Statement - If (!(monthTextValue.equals(month))): null

2018-07-05 20:10:18 - [TEST_STEP][PASSED] - Statement - While (!(monthTextValue.equals(month))): null

2018-07-05 20:10:18 - [TEST_STEP][PASSED] - click: Object: 'Object Repository/ReportsPage/previousDateSelector' is clicked on

2018-07-05 20:10:18 - [MESSAGE][PASSED] - Object: 'Object Repository/ReportsPage/previousDateSelector' is clicked on

2018-07-05 20:10:18 - [TEST_STEP][PASSED] - Statement - monthText = com.kms.katalon.core.webui.keyword.WebUiBuiltInKeywords.getText(com.kms.katalon.core.testobject.ObjectRepository.findTestObject(ReportsPage/monthText)): Text of object 'Object Repository/ReportsPage/monthText' is: 'June 2018'

2018-07-05 20:10:18 - [MESSAGE][PASSED] - Text of object 'Object Repository/ReportsPage/monthText' is: 'June 2018'

2018-07-05 20:10:18 - [TEST_STEP][PASSED] - Statement - monthTextArray = monthText.split(" "): null

2018-07-05 20:10:18 - [TEST_STEP][PASSED] - Statement - month = monthTextArray[0]: null

2018-07-05 20:10:18 - [TEST_STEP][PASSED] - click: Object: 'Object Repository/ReportsPage/previousDateSelector' is clicked on

2018-07-05 20:10:18 - [MESSAGE][PASSED] - Object: 'Object Repository/ReportsPage/previousDateSelector' is clicked on

2018-07-05 20:10:18 - [TEST_STEP][PASSED] - Statement - monthText = com.kms.katalon.core.webui.keyword.WebUiBuiltInKeywords.getText(com.kms.katalon.core.testobject.ObjectRepository.findTestObject(ReportsPage/monthText)): Text of object 'Object Repository/ReportsPage/monthText' is: 'May 2018'

2018-07-05 20:10:18 - [MESSAGE][PASSED] - Text of object 'Object Repository/ReportsPage/monthText' is: 'May 2018'

2018-07-05 20:10:18 - [TEST_STEP][PASSED] - Statement - monthTextArray = monthText.split(" "): null

2018-07-05 20:10:18 - [TEST_STEP][PASSED] - Statement - month = monthTextArray[0]: null

2018-07-05 20:10:18 - [TEST_STEP][PASSED] - click: Object: 'Object Repository/ReportsPage/previousDateSelector' is clicked on

2018-07-05 20:10:18 - [MESSAGE][PASSED] - Object: 'Object Repository/ReportsPage/previousDateSelector' is clicked on

2018-07-05 20:10:18 - [TEST_STEP][PASSED] - Statement - monthText = com.kms.katalon.core.webui.keyword.WebUiBuiltInKeywords.getText(com.kms.katalon.core.testobject.ObjectRepository.findTestObject(ReportsPage/monthText)): Text of object 'Object Repository/ReportsPage/monthText' is: 'April 2018'

2018-07-05 20:10:18 - [MESSAGE][PASSED] - Text of object 'Object Repository/ReportsPage/monthText' is: 'April 2018'

2018-07-05 20:10:18 - [TEST_STEP][PASSED] - Statement - monthTextArray = monthText.split(" "): null

2018-07-05 20:10:18 - [TEST_STEP][PASSED] - Statement - month = monthTextArray[0]: null

2018-07-05 20:10:18 - [TEST_STEP][PASSED] - click: Object: 'Object Repository/ReportsPage/previousDateSelector' is clicked on

2018-07-05 20:10:18 - [MESSAGE][PASSED] - Object: 'Object Repository/ReportsPage/previousDateSelector' is clicked on

2018-07-05 20:10:18 - [TEST_STEP][PASSED] - Statement - monthText = com.kms.katalon.core.webui.keyword.WebUiBuiltInKeywords.getText(com.kms.katalon.core.testobject.ObjectRepository.findTestObject(ReportsPage/monthText)): Text of object 'Object Repository/ReportsPage/monthText' is: 'March 2018'

2018-07-05 20:10:18 - [MESSAGE][PASSED] - Text of object 'Object Repository/ReportsPage/monthText' is: 'March 2018'

2018-07-05 20:10:18 - [TEST_STEP][PASSED] - Statement - monthTextArray = monthText.split(" "): null

2018-07-05 20:10:18 - [TEST_STEP][PASSED] - Statement - month = monthTextArray[0]: null

2018-07-05 20:10:18 - [TEST_STEP][PASSED] - Statement - data = CustomKeywords.projectSpecific.Reusability.getTestData("ReportsPage", "StartDate_March3"): projectSpecific.Reusability.getTestData is PASSED

2018-07-05 20:10:18 - [MESSAGE][PASSED] - projectSpecific.Reusability.getTestData is PASSED

2018-07-05 20:10:18 - [TEST_STEP][PASSED] - Statement - startDate = "(//td[text()='" + data + "'])[1]": null

2018-07-05 20:10:18 - [TEST_STEP][PASSED] - Statement - println(startDate): null

2018-07-05 20:10:18 - [TEST_STEP][PASSED] - Statement - startdateEle = driver.findElement(org.openqa.selenium.By.xpath(startDate)): null

2018-07-05 20:10:18 - [TEST_STEP][PASSED] - Statement - startdateEle.click(): null

2018-07-05 20:10:18 - [TEST_STEP][PASSED] - delay: Delayed 5 second(s)

2018-07-05 20:10:23 - [MESSAGE][PASSED] - Delayed 5 second(s)

2018-07-05 20:10:23 - [TEST_STEP][PASSED] - click: Object: 'Object Repository/ReportsPage/toDateSelector' is clicked on

2018-07-05 20:10:23 - [MESSAGE][PASSED] - Object: 'Object Repository/ReportsPage/toDateSelector' is clicked on

2018-07-05 20:10:23 - [TEST_STEP][PASSED] - Statement - monthText = com.kms.katalon.core.webui.keyword.WebUiBuiltInKeywords.getText(com.kms.katalon.core.testobject.ObjectRepository.findTestObject(ReportsPage/monthText2)): Text of object 'Object Repository/ReportsPage/monthText2' is: 'July 2018'

2018-07-05 20:10:23 - [MESSAGE][PASSED] - Text of object 'Object Repository/ReportsPage/monthText2' is: 'July 2018'

2018-07-05 20:10:23 - [TEST_STEP][PASSED] - Statement - monthTextArray = monthText.split(" "): null

2018-07-05 20:10:23 - [TEST_STEP][PASSED] - Statement - month = monthTextArray[0]: null

2018-07-05 20:10:23 - [TEST_STEP][PASSED] - Statement - monthTextValue1 = CustomKeywords.projectSpecific.Reusability.getTestData("ReportsPage", "Month"): projectSpecific.Reusability.getTestData is PASSED

2018-07-05 20:10:23 - [MESSAGE][PASSED] - projectSpecific.Reusability.getTestData is PASSED

2018-07-05 20:10:23 - [TEST_STEP][PASSED] - Statement - If (!(monthTextValue1.equals(month))): null

2018-07-05 20:10:23 - [TEST_STEP][PASSED] - Statement - While (!(monthTextValue1.equals(month))): null

2018-07-05 20:10:23 - [TEST_STEP][PASSED] - click: Object: 'Object Repository/ReportsPage/previousDateSelector2' is clicked on

2018-07-05 20:10:23 - [MESSAGE][PASSED] - Object: 'Object Repository/ReportsPage/previousDateSelector2' is clicked on

2018-07-05 20:10:23 - [TEST_STEP][PASSED] - Statement - monthText = com.kms.katalon.core.webui.keyword.WebUiBuiltInKeywords.getText(com.kms.katalon.core.testobject.ObjectRepository.findTestObject(ReportsPage/monthText2)): Text of object 'Object Repository/ReportsPage/monthText2' is: 'June 2018'

2018-07-05 20:10:23 - [MESSAGE][PASSED] - Text of object 'Object Repository/ReportsPage/monthText2' is: 'June 2018'

2018-07-05 20:10:23 - [TEST_STEP][PASSED] - Statement - monthTextArray = monthText.split(" "): null

2018-07-05 20:10:23 - [TEST_STEP][PASSED] - Statement - month = monthTextArray[0]: null

2018-07-05 20:10:23 - [TEST_STEP][PASSED] - click: Object: 'Object Repository/ReportsPage/previousDateSelector2' is clicked on

2018-07-05 20:10:23 - [MESSAGE][PASSED] - Object: 'Object Repository/ReportsPage/previousDateSelector2' is clicked on

2018-07-05 20:10:23 - [TEST_STEP][PASSED] - Statement - monthText = com.kms.katalon.core.webui.keyword.WebUiBuiltInKeywords.getText(com.kms.katalon.core.testobject.ObjectRepository.findTestObject(ReportsPage/monthText2)): Text of object 'Object Repository/ReportsPage/monthText2' is: 'May 2018'

2018-07-05 20:10:24 - [MESSAGE][PASSED] - Text of object 'Object Repository/ReportsPage/monthText2' is: 'May 2018'

2018-07-05 20:10:24 - [TEST_STEP][PASSED] - Statement - monthTextArray = monthText.split(" "): null

2018-07-05 20:10:24 - [TEST_STEP][PASSED] - Statement - month = monthTextArray[0]: null

2018-07-05 20:10:24 - [TEST_STEP][PASSED] - click: Object: 'Object Repository/ReportsPage/previousDateSelector2' is clicked on

2018-07-05 20:10:24 - [MESSAGE][PASSED] - Object: 'Object Repository/ReportsPage/previousDateSelector2' is clicked on

2018-07-05 20:10:24 - [TEST_STEP][PASSED] - Statement - monthText = com.kms.katalon.core.webui.keyword.WebUiBuiltInKeywords.getText(com.kms.katalon.core.testobject.ObjectRepository.findTestObject(ReportsPage/monthText2)): Text of object 'Object Repository/ReportsPage/monthText2' is: 'April 2018'

2018-07-05 20:10:24 - [MESSAGE][PASSED] - Text of object 'Object Repository/ReportsPage/monthText2' is: 'April 2018'

2018-07-05 20:10:24 - [TEST_STEP][PASSED] - Statement - monthTextArray = monthText.split(" "): null

2018-07-05 20:10:24 - [TEST_STEP][PASSED] - Statement - month = monthTextArray[0]: null

2018-07-05 20:10:24 - [TEST_STEP][PASSED] - click: Object: 'Object Repository/ReportsPage/previousDateSelector2' is clicked on

2018-07-05 20:10:24 - [MESSAGE][PASSED] - Object: 'Object Repository/ReportsPage/previousDateSelector2' is clicked on

2018-07-05 20:10:24 - [TEST_STEP][PASSED] - Statement - monthText = com.kms.katalon.core.webui.keyword.WebUiBuiltInKeywords.getText(com.kms.katalon.core.testobject.ObjectRepository.findTestObject(ReportsPage/monthText2)): Text of object 'Object Repository/ReportsPage/monthText2' is: 'March 2018'

2018-07-05 20:10:24 - [MESSAGE][PASSED] - Text of object 'Object Repository/ReportsPage/monthText2' is: 'March 2018'

2018-07-05 20:10:24 - [TEST_STEP][PASSED] - Statement - monthTextArray = monthText.split(" "): null

2018-07-05 20:10:24 - [TEST_STEP][PASSED] - Statement - month = monthTextArray[0]: null

2018-07-05 20:10:24 - [TEST_STEP][PASSED] - Statement - endDate = CustomKeywords.projectSpecific.Reusability.getTestData("ReportsPage", "EndDate_March3"): projectSpecific.Reusability.getTestData is PASSED

2018-07-05 20:10:24 - [MESSAGE][PASSED] - projectSpecific.Reusability.getTestData is PASSED

2018-07-05 20:10:24 - [TEST_STEP][PASSED] - Statement - toDate = "(//td[text()='" + endDate + "'])[2]": null

2018-07-05 20:10:24 - [TEST_STEP][PASSED] - Statement - println(toDate): null

2018-07-05 20:10:24 - [TEST_STEP][PASSED] - Statement - toDateEle = driver.findElement(org.openqa.selenium.By.xpath(toDate)): null

2018-07-05 20:10:24 - [TEST_STEP][PASSED] - Statement - toDateEle.click(): null

2018-07-05 20:10:24 - [TEST_STEP][PASSED] - delay: Delayed 5 second(s)

2018-07-05 20:10:29 - [MESSAGE][PASSED] - Delayed 5 second(s)

2018-07-05 20:10:29 - [TEST_STEP][PASSED] - Statement - dateAttr = com.kms.katalon.core.webui.keyword.WebUiBuiltInKeywords.getAttribute(com.kms.katalon.core.testobject.ObjectRepository.findTestObject(ReportsPage/selectedDate1), "value"): Attribute 'value' of object 'Object Repository/ReportsPage/selectedDate1' is: '03/15/2018'

2018-07-05 20:10:29 - [MESSAGE][PASSED] - Attribute 'value' of object 'Object Repository/ReportsPage/selectedDate1' is: '03/15/2018'

2018-07-05 20:10:29 - [TEST_STEP][PASSED] - Statement - fromDateValue = CustomKeywords.projectSpecific.Reusability.getTestData("ReportsPage", "fromDate_March3"): projectSpecific.Reusability.getTestData is PASSED

2018-07-05 20:10:29 - [MESSAGE][PASSED] - projectSpecific.Reusability.getTestData is PASSED

2018-07-05 20:10:29 - [TEST_STEP][PASSED] - Statement - If (!(dateAttr.equals(fromDateValue))): null

2018-07-05 20:10:29 - [TEST_STEP][PASSED] - Statement - dateAttr = com.kms.katalon.core.webui.keyword.WebUiBuiltInKeywords.getAttribute(com.kms.katalon.core.testobject.ObjectRepository.findTestObject(ReportsPage/selectedDate2), "value"): Attribute 'value' of object 'Object Repository/ReportsPage/selectedDate2' is: '03/17/2018'

2018-07-05 20:10:29 - [MESSAGE][PASSED] - Attribute 'value' of object 'Object Repository/ReportsPage/selectedDate2' is: '03/17/2018'

2018-07-05 20:10:29 - [TEST_STEP][PASSED] - Statement - toDateValue = CustomKeywords.projectSpecific.Reusability.getTestData("ReportsPage", "toDate_March3"): projectSpecific.Reusability.getTestData is PASSED

2018-07-05 20:10:29 - [MESSAGE][PASSED] - projectSpecific.Reusability.getTestData is PASSED

2018-07-05 20:10:29 - [TEST_STEP][PASSED] - Statement - If (!(dateAttr.equals(toDateValue))): null

2018-07-05 20:10:29 - [TEST_STEP][PASSED] - click: Object: 'Object Repository/ReportsPage/generateReport' is clicked on

2018-07-05 20:10:29 - [MESSAGE][PASSED] - Object: 'Object Repository/ReportsPage/generateReport' is clicked on

2018-07-05 20:10:29 - [TEST_STEP][PASSED] - delay: Delayed 15 second(s)

2018-07-05 20:10:44 - [MESSAGE][PASSED] - Delayed 15 second(s)

2018-07-05 20:10:44 - [TEST_STEP][PASSED] - Statement - printTime = CustomKeywords.uiaction.CommonUIActions.getText(com.kms.katalon.core.testobject.ObjectRepository.findTestObject(SummarizedReportPage/printTime)): uiaction.CommonUIActions.getText is PASSED

2018-07-05 20:10:44 - [MESSAGE][PASSED] - uiaction.CommonUIActions.getText is PASSED

2018-07-05 20:10:44 - [TEST_STEP][PASSED] - Statement - cal = java.util.Calendar.getInstance(): null

2018-07-05 20:10:44 - [TEST_STEP][PASSED] - Statement - sdf = new java.text.SimpleDateFormat(hh:mm a): null

2018-07-05 20:10:44 - [TEST_STEP][PASSED] - Statement - currentSystemTime = sdf.format(cal.getTime()): null

2018-07-05 20:10:44 - [TEST_STEP][PASSED] - Statement - out.println(currentSystemTime): null

2018-07-05 20:10:44 - [TEST_STEP][PASSED] - Statement - If (currentSystemTime.contains(printTime)): null

2018-07-05 20:10:44 - [TEST_STEP][PASSED] - Statement - out.println("Print Time is displayed the current local time "): null

2018-07-05 20:10:44 - [TEST_STEP][PASSED] - delay: Delayed 5 second(s)

2018-07-05 20:10:49 - [MESSAGE][PASSED] - Delayed 5 second(s)

2018-07-05 20:10:49 - [TEST_STEP][PASSED] - uiaction.CommonUIActions.click: uiaction.CommonUIActions.click is PASSED

2018-07-05 20:11:01 - [MESSAGE][PASSED] - uiaction.CommonUIActions.click is PASSED

2018-07-05 20:11:01 - [TEST_STEP][PASSED] - Statement - assert TCflag == true: null

2018-07-05 20:11:01 - [TEST_STEP][PASSED] - Start listener action : sampleAfterTestCase: Browser is closed

2018-07-05 20:11:01 - [TEST_STEP][PASSED] - Statement - println(testCaseContext.getTestCaseId()): null

2018-07-05 20:11:01 - [TEST_STEP][PASSED] - Statement - println(testCaseContext.getTestCaseStatus()): null

2018-07-05 20:11:01 - [TEST_STEP][PASSED] - closeBrowser: Browser is closed

2018-07-05 20:11:02 - [MESSAGE][PASSED] - Browser is closed]]></system-out>
         <system-err><![CDATA[]]></system-err>
      </testcase>
      <testcase name="Test Cases/TimeZoneTC/HME-Account_Setting-Timezone-06" classname="Test Cases/TimeZoneTC/HME-Account_Setting-Timezone-06" status="PASSED">
         <system-out><![CDATA[2018-07-05 20:11:02 - [TEST_CASE][PASSED] - Test Cases/TimeZoneTC/HME-Account_Setting-Timezone-06: Browser is closed

2018-07-05 20:11:02 - [TEST_STEP][PASSED] - Start listener action : sampleBeforeTestCase: uiaction.CommonUIActions.deleteAllCookies is PASSED

2018-07-05 20:11:02 - [TEST_STEP][PASSED] - openBrowser: Browser is opened with url: ''

2018-07-05 20:11:04 - [MESSAGE][PASSED] - Browser is opened with url: ''

2018-07-05 20:11:04 - [TEST_STEP][PASSED] - maximizeWindow: Current window maximized

2018-07-05 20:11:05 - [MESSAGE][PASSED] - Current window maximized

2018-07-05 20:11:05 - [TEST_STEP][PASSED] - uiaction.CommonUIActions.deleteAllCookies: uiaction.CommonUIActions.deleteAllCookies is PASSED

2018-07-05 20:11:05 - [MESSAGE][PASSED] - Delete all cookies successfully

2018-07-05 20:11:05 - [MESSAGE][PASSED] - uiaction.CommonUIActions.deleteAllCookies is PASSED

2018-07-05 20:11:05 - [TEST_STEP][PASSED] - Statement - TCflag = true: null

2018-07-05 20:11:05 - [TEST_STEP][PASSED] - Statement - Try: uiaction.CommonUIActions.click is PASSED

2018-07-05 20:11:05 - [TEST_STEP][PASSED] - navigateToUrl: Navigate to 'https://engdev.hmedtcloud.com/?pg=Login' successfully

2018-07-05 20:11:14 - [MESSAGE][PASSED] - Navigate to 'https://engdev.hmedtcloud.com/?pg=Login' successfully

2018-07-05 20:11:14 - [TEST_STEP][PASSED] - delay: Delayed 10 second(s)

2018-07-05 20:11:24 - [MESSAGE][PASSED] - Delayed 10 second(s)

2018-07-05 20:11:24 - [TEST_STEP][PASSED] - projectSpecific.Reusability.login: projectSpecific.Reusability.login is PASSED

2018-07-05 20:11:24 - [MESSAGE][PASSED] - projectSpecific.Reusability.getTestData is PASSED

2018-07-05 20:11:24 - [MESSAGE][PASSED] - projectSpecific.Reusability.getTestData is PASSED

2018-07-05 20:11:24 - [MESSAGE][PASSED] - Text 'selvendrank@nousinfo.com' is set on object 'Object Repository/LoginPage/Username'

2018-07-05 20:11:24 - [MESSAGE][PASSED] - Text 'Nous;123' is set on object 'Object Repository/LoginPage/Password'

2018-07-05 20:11:44 - [MESSAGE][PASSED] - Object: 'Object Repository/LoginPage/Login' is clicked on

2018-07-05 20:11:44 - [MESSAGE][PASSED] - projectSpecific.Reusability.login is PASSED

2018-07-05 20:11:44 - [TEST_STEP][PASSED] - delay: Delayed 10 second(s)

2018-07-05 20:11:54 - [MESSAGE][PASSED] - Delayed 10 second(s)

2018-07-05 20:11:54 - [TEST_STEP][PASSED] - Statement - welcomeMsg = CustomKeywords.uiaction.CommonUIActions.getText(com.kms.katalon.core.testobject.ObjectRepository.findTestObject(HomePage/welcomeMessage)): uiaction.CommonUIActions.getText is PASSED

2018-07-05 20:11:54 - [MESSAGE][PASSED] - uiaction.CommonUIActions.getText is PASSED

2018-07-05 20:11:54 - [TEST_STEP][PASSED] - Statement - expactedWelcomeMsg = CustomKeywords.projectSpecific.Reusability.getTestData("HomePage", "welcomeMsg"): projectSpecific.Reusability.getTestData is PASSED

2018-07-05 20:11:54 - [MESSAGE][PASSED] - projectSpecific.Reusability.getTestData is PASSED

2018-07-05 20:11:54 - [TEST_STEP][PASSED] - Statement - If (welcomeMsg.contains(expactedWelcomeMsg)): null

2018-07-05 20:11:54 - [TEST_STEP][PASSED] - Statement - out.println("Welcome message is verified"): null

2018-07-05 20:11:54 - [TEST_STEP][PASSED] - Statement - driver = com.kms.katalon.core.webui.driver.DriverFactory.getWebDriver(): null

2018-07-05 20:11:54 - [TEST_STEP][PASSED] - uiaction.CommonUIActions.click: uiaction.CommonUIActions.click is PASSED

2018-07-05 20:12:16 - [MESSAGE][PASSED] - uiaction.CommonUIActions.click is PASSED

2018-07-05 20:12:16 - [TEST_STEP][PASSED] - Statement - driver.findElement(org.openqa.selenium.By.xpath("(//div[@class='ctable']/table//tr/td[3][contains(text(),'00000012')]/../td//span)[1]")).click(): null

2018-07-05 20:12:19 - [TEST_STEP][PASSED] - uiaction.CommonUIActions.click: uiaction.CommonUIActions.click is PASSED

2018-07-05 20:12:19 - [MESSAGE][PASSED] - uiaction.CommonUIActions.click is PASSED

2018-07-05 20:12:19 - [TEST_STEP][PASSED] - uiaction.CommonUIActions.click: uiaction.CommonUIActions.click is PASSED

2018-07-05 20:12:31 - [MESSAGE][PASSED] - uiaction.CommonUIActions.click is PASSED

2018-07-05 20:12:31 - [TEST_STEP][PASSED] - Statement - storeID = CustomKeywords.uiaction.CommonUIActions.getText(com.kms.katalon.core.testobject.ObjectRepository.findTestObject(StorePage/storeID)): uiaction.CommonUIActions.getText is PASSED

2018-07-05 20:12:31 - [MESSAGE][PASSED] - uiaction.CommonUIActions.getText is PASSED

2018-07-05 20:12:31 - [TEST_STEP][PASSED] - Statement - storenumber = storeID.trim(): null

2018-07-05 20:12:31 - [TEST_STEP][PASSED] - Statement - out.println(" the store number is--" + storenumber.trim()): null

2018-07-05 20:12:31 - [TEST_STEP][PASSED] - uiaction.CommonUIActions.click: uiaction.CommonUIActions.click is PASSED

2018-07-05 20:12:35 - [MESSAGE][PASSED] - uiaction.CommonUIActions.click is PASSED

2018-07-05 20:12:35 - [TEST_STEP][PASSED] - delay: Delayed 15 second(s)

2018-07-05 20:12:50 - [MESSAGE][PASSED] - Delayed 15 second(s)

2018-07-05 20:12:50 - [TEST_STEP][PASSED] - Statement - driver.findElement(org.openqa.selenium.By.xpath("//span[contains(text(),'" + storenumber.trim() + "')]")).click(): null

2018-07-05 20:12:50 - [TEST_STEP][PASSED] - delay: Delayed 5 second(s)

2018-07-05 20:12:55 - [MESSAGE][PASSED] - Delayed 5 second(s)

2018-07-05 20:12:55 - [TEST_STEP][PASSED] - click: Object: 'Object Repository/ReportsPage/timeSelection' is clicked on

2018-07-05 20:12:56 - [MESSAGE][PASSED] - Object: 'Object Repository/ReportsPage/timeSelection' is clicked on

2018-07-05 20:12:56 - [TEST_STEP][PASSED] - click: Object: 'Object Repository/ReportsPage/weekTimeOption' is clicked on

2018-07-05 20:12:56 - [MESSAGE][PASSED] - Object: 'Object Repository/ReportsPage/weekTimeOption' is clicked on

2018-07-05 20:12:56 - [TEST_STEP][PASSED] - click: Object: 'Object Repository/ReportsPage/summaryReportHeading' is clicked on

2018-07-05 20:12:56 - [MESSAGE][PASSED] - Object: 'Object Repository/ReportsPage/summaryReportHeading' is clicked on

2018-07-05 20:12:56 - [TEST_STEP][PASSED] - verifyElementText: Actual text and expected text of test object 'Object Repository/ReportsPage/weekTimeOption' are matched.

2018-07-05 20:12:56 - [MESSAGE][PASSED] - projectSpecific.Reusability.getTestData is PASSED

2018-07-05 20:12:56 - [MESSAGE][PASSED] - Actual text and expected text of test object 'Object Repository/ReportsPage/weekTimeOption' are matched.

2018-07-05 20:12:56 - [TEST_STEP][PASSED] - verifyElementText: Actual text and expected text of test object 'Object Repository/ReportsPage/criteriaTimeMeasure' are matched.

2018-07-05 20:12:56 - [MESSAGE][PASSED] - projectSpecific.Reusability.getTestData is PASSED

2018-07-05 20:12:56 - [MESSAGE][PASSED] - Actual text and expected text of test object 'Object Repository/ReportsPage/criteriaTimeMeasure' are matched.

2018-07-05 20:12:56 - [TEST_STEP][PASSED] - delay: Delayed 5 second(s)

2018-07-05 20:13:01 - [MESSAGE][PASSED] - Delayed 5 second(s)

2018-07-05 20:13:01 - [TEST_STEP][PASSED] - click: Object: 'Object Repository/ReportsPage/fromDateSelector' is clicked on

2018-07-05 20:13:01 - [MESSAGE][PASSED] - Object: 'Object Repository/ReportsPage/fromDateSelector' is clicked on

2018-07-05 20:13:01 - [TEST_STEP][PASSED] - delay: Delayed 5 second(s)

2018-07-05 20:13:06 - [MESSAGE][PASSED] - Delayed 5 second(s)

2018-07-05 20:13:06 - [TEST_STEP][PASSED] - Statement - monthText = com.kms.katalon.core.webui.keyword.WebUiBuiltInKeywords.getText(com.kms.katalon.core.testobject.ObjectRepository.findTestObject(ReportsPage/monthText)): Text of object 'Object Repository/ReportsPage/monthText' is: 'July 2018'

2018-07-05 20:13:06 - [MESSAGE][PASSED] - Text of object 'Object Repository/ReportsPage/monthText' is: 'July 2018'

2018-07-05 20:13:06 - [TEST_STEP][PASSED] - Statement - monthTextArray = monthText.split(" "): null

2018-07-05 20:13:06 - [TEST_STEP][PASSED] - Statement - month = monthTextArray[0]: null

2018-07-05 20:13:06 - [TEST_STEP][PASSED] - Statement - monthTextValue = CustomKeywords.projectSpecific.Reusability.getTestData("ReportsPage", "Month"): projectSpecific.Reusability.getTestData is PASSED

2018-07-05 20:13:06 - [MESSAGE][PASSED] - projectSpecific.Reusability.getTestData is PASSED

2018-07-05 20:13:06 - [TEST_STEP][PASSED] - Statement - If (!(monthTextValue.equals(month))): null

2018-07-05 20:13:06 - [TEST_STEP][PASSED] - Statement - While (!(monthTextValue.equals(month))): null

2018-07-05 20:13:06 - [TEST_STEP][PASSED] - click: Object: 'Object Repository/ReportsPage/previousDateSelector' is clicked on

2018-07-05 20:13:06 - [MESSAGE][PASSED] - Object: 'Object Repository/ReportsPage/previousDateSelector' is clicked on

2018-07-05 20:13:06 - [TEST_STEP][PASSED] - Statement - monthText = com.kms.katalon.core.webui.keyword.WebUiBuiltInKeywords.getText(com.kms.katalon.core.testobject.ObjectRepository.findTestObject(ReportsPage/monthText)): Text of object 'Object Repository/ReportsPage/monthText' is: 'June 2018'

2018-07-05 20:13:06 - [MESSAGE][PASSED] - Text of object 'Object Repository/ReportsPage/monthText' is: 'June 2018'

2018-07-05 20:13:06 - [TEST_STEP][PASSED] - Statement - monthTextArray = monthText.split(" "): null

2018-07-05 20:13:06 - [TEST_STEP][PASSED] - Statement - month = monthTextArray[0]: null

2018-07-05 20:13:06 - [TEST_STEP][PASSED] - click: Object: 'Object Repository/ReportsPage/previousDateSelector' is clicked on

2018-07-05 20:13:06 - [MESSAGE][PASSED] - Object: 'Object Repository/ReportsPage/previousDateSelector' is clicked on

2018-07-05 20:13:06 - [TEST_STEP][PASSED] - Statement - monthText = com.kms.katalon.core.webui.keyword.WebUiBuiltInKeywords.getText(com.kms.katalon.core.testobject.ObjectRepository.findTestObject(ReportsPage/monthText)): Text of object 'Object Repository/ReportsPage/monthText' is: 'May 2018'

2018-07-05 20:13:06 - [MESSAGE][PASSED] - Text of object 'Object Repository/ReportsPage/monthText' is: 'May 2018'

2018-07-05 20:13:06 - [TEST_STEP][PASSED] - Statement - monthTextArray = monthText.split(" "): null

2018-07-05 20:13:06 - [TEST_STEP][PASSED] - Statement - month = monthTextArray[0]: null

2018-07-05 20:13:06 - [TEST_STEP][PASSED] - click: Object: 'Object Repository/ReportsPage/previousDateSelector' is clicked on

2018-07-05 20:13:06 - [MESSAGE][PASSED] - Object: 'Object Repository/ReportsPage/previousDateSelector' is clicked on

2018-07-05 20:13:06 - [TEST_STEP][PASSED] - Statement - monthText = com.kms.katalon.core.webui.keyword.WebUiBuiltInKeywords.getText(com.kms.katalon.core.testobject.ObjectRepository.findTestObject(ReportsPage/monthText)): Text of object 'Object Repository/ReportsPage/monthText' is: 'April 2018'

2018-07-05 20:13:06 - [MESSAGE][PASSED] - Text of object 'Object Repository/ReportsPage/monthText' is: 'April 2018'

2018-07-05 20:13:06 - [TEST_STEP][PASSED] - Statement - monthTextArray = monthText.split(" "): null

2018-07-05 20:13:06 - [TEST_STEP][PASSED] - Statement - month = monthTextArray[0]: null

2018-07-05 20:13:06 - [TEST_STEP][PASSED] - click: Object: 'Object Repository/ReportsPage/previousDateSelector' is clicked on

2018-07-05 20:13:06 - [MESSAGE][PASSED] - Object: 'Object Repository/ReportsPage/previousDateSelector' is clicked on

2018-07-05 20:13:06 - [TEST_STEP][PASSED] - Statement - monthText = com.kms.katalon.core.webui.keyword.WebUiBuiltInKeywords.getText(com.kms.katalon.core.testobject.ObjectRepository.findTestObject(ReportsPage/monthText)): Text of object 'Object Repository/ReportsPage/monthText' is: 'March 2018'

2018-07-05 20:13:06 - [MESSAGE][PASSED] - Text of object 'Object Repository/ReportsPage/monthText' is: 'March 2018'

2018-07-05 20:13:06 - [TEST_STEP][PASSED] - Statement - monthTextArray = monthText.split(" "): null

2018-07-05 20:13:06 - [TEST_STEP][PASSED] - Statement - month = monthTextArray[0]: null

2018-07-05 20:13:06 - [TEST_STEP][PASSED] - Statement - data = CustomKeywords.projectSpecific.Reusability.getTestData("ReportsPage", "StartDate_March2"): projectSpecific.Reusability.getTestData is PASSED

2018-07-05 20:13:06 - [MESSAGE][PASSED] - projectSpecific.Reusability.getTestData is PASSED

2018-07-05 20:13:06 - [TEST_STEP][PASSED] - Statement - startDate = "(//td[text()='" + data + "'])[1]": null

2018-07-05 20:13:06 - [TEST_STEP][PASSED] - Statement - println(startDate): null

2018-07-05 20:13:06 - [TEST_STEP][PASSED] - Statement - startdateEle = driver.findElement(org.openqa.selenium.By.xpath(startDate)): null

2018-07-05 20:13:06 - [TEST_STEP][PASSED] - Statement - startdateEle.click(): null

2018-07-05 20:13:07 - [TEST_STEP][PASSED] - delay: Delayed 5 second(s)

2018-07-05 20:13:12 - [MESSAGE][PASSED] - Delayed 5 second(s)

2018-07-05 20:13:12 - [TEST_STEP][PASSED] - click: Object: 'Object Repository/ReportsPage/toDateSelector' is clicked on

2018-07-05 20:13:12 - [MESSAGE][PASSED] - Object: 'Object Repository/ReportsPage/toDateSelector' is clicked on

2018-07-05 20:13:12 - [TEST_STEP][PASSED] - Statement - monthText = com.kms.katalon.core.webui.keyword.WebUiBuiltInKeywords.getText(com.kms.katalon.core.testobject.ObjectRepository.findTestObject(ReportsPage/monthText2)): Text of object 'Object Repository/ReportsPage/monthText2' is: 'July 2018'

2018-07-05 20:13:12 - [MESSAGE][PASSED] - Text of object 'Object Repository/ReportsPage/monthText2' is: 'July 2018'

2018-07-05 20:13:12 - [TEST_STEP][PASSED] - Statement - monthTextArray = monthText.split(" "): null

2018-07-05 20:13:12 - [TEST_STEP][PASSED] - Statement - month = monthTextArray[0]: null

2018-07-05 20:13:12 - [TEST_STEP][PASSED] - Statement - monthTextValue1 = CustomKeywords.projectSpecific.Reusability.getTestData("ReportsPage", "Month"): projectSpecific.Reusability.getTestData is PASSED

2018-07-05 20:13:12 - [MESSAGE][PASSED] - projectSpecific.Reusability.getTestData is PASSED

2018-07-05 20:13:12 - [TEST_STEP][PASSED] - Statement - If (!(monthTextValue1.equals(month))): null

2018-07-05 20:13:12 - [TEST_STEP][PASSED] - Statement - While (!(monthTextValue1.equals(month))): null

2018-07-05 20:13:12 - [TEST_STEP][PASSED] - click: Object: 'Object Repository/ReportsPage/previousDateSelector2' is clicked on

2018-07-05 20:13:12 - [MESSAGE][PASSED] - Object: 'Object Repository/ReportsPage/previousDateSelector2' is clicked on

2018-07-05 20:13:12 - [TEST_STEP][PASSED] - Statement - monthText = com.kms.katalon.core.webui.keyword.WebUiBuiltInKeywords.getText(com.kms.katalon.core.testobject.ObjectRepository.findTestObject(ReportsPage/monthText2)): Text of object 'Object Repository/ReportsPage/monthText2' is: 'June 2018'

2018-07-05 20:13:12 - [MESSAGE][PASSED] - Text of object 'Object Repository/ReportsPage/monthText2' is: 'June 2018'

2018-07-05 20:13:12 - [TEST_STEP][PASSED] - Statement - monthTextArray = monthText.split(" "): null

2018-07-05 20:13:12 - [TEST_STEP][PASSED] - Statement - month = monthTextArray[0]: null

2018-07-05 20:13:12 - [TEST_STEP][PASSED] - click: Object: 'Object Repository/ReportsPage/previousDateSelector2' is clicked on

2018-07-05 20:13:12 - [MESSAGE][PASSED] - Object: 'Object Repository/ReportsPage/previousDateSelector2' is clicked on

2018-07-05 20:13:12 - [TEST_STEP][PASSED] - Statement - monthText = com.kms.katalon.core.webui.keyword.WebUiBuiltInKeywords.getText(com.kms.katalon.core.testobject.ObjectRepository.findTestObject(ReportsPage/monthText2)): Text of object 'Object Repository/ReportsPage/monthText2' is: 'May 2018'

2018-07-05 20:13:12 - [MESSAGE][PASSED] - Text of object 'Object Repository/ReportsPage/monthText2' is: 'May 2018'

2018-07-05 20:13:12 - [TEST_STEP][PASSED] - Statement - monthTextArray = monthText.split(" "): null

2018-07-05 20:13:12 - [TEST_STEP][PASSED] - Statement - month = monthTextArray[0]: null

2018-07-05 20:13:12 - [TEST_STEP][PASSED] - click: Object: 'Object Repository/ReportsPage/previousDateSelector2' is clicked on

2018-07-05 20:13:12 - [MESSAGE][PASSED] - Object: 'Object Repository/ReportsPage/previousDateSelector2' is clicked on

2018-07-05 20:13:12 - [TEST_STEP][PASSED] - Statement - monthText = com.kms.katalon.core.webui.keyword.WebUiBuiltInKeywords.getText(com.kms.katalon.core.testobject.ObjectRepository.findTestObject(ReportsPage/monthText2)): Text of object 'Object Repository/ReportsPage/monthText2' is: 'April 2018'

2018-07-05 20:13:12 - [MESSAGE][PASSED] - Text of object 'Object Repository/ReportsPage/monthText2' is: 'April 2018'

2018-07-05 20:13:12 - [TEST_STEP][PASSED] - Statement - monthTextArray = monthText.split(" "): null

2018-07-05 20:13:12 - [TEST_STEP][PASSED] - Statement - month = monthTextArray[0]: null

2018-07-05 20:13:12 - [TEST_STEP][PASSED] - click: Object: 'Object Repository/ReportsPage/previousDateSelector2' is clicked on

2018-07-05 20:13:12 - [MESSAGE][PASSED] - Object: 'Object Repository/ReportsPage/previousDateSelector2' is clicked on

2018-07-05 20:13:12 - [TEST_STEP][PASSED] - Statement - monthText = com.kms.katalon.core.webui.keyword.WebUiBuiltInKeywords.getText(com.kms.katalon.core.testobject.ObjectRepository.findTestObject(ReportsPage/monthText2)): Text of object 'Object Repository/ReportsPage/monthText2' is: 'March 2018'

2018-07-05 20:13:12 - [MESSAGE][PASSED] - Text of object 'Object Repository/ReportsPage/monthText2' is: 'March 2018'

2018-07-05 20:13:12 - [TEST_STEP][PASSED] - Statement - monthTextArray = monthText.split(" "): null

2018-07-05 20:13:12 - [TEST_STEP][PASSED] - Statement - month = monthTextArray[0]: null

2018-07-05 20:13:12 - [TEST_STEP][PASSED] - Statement - endDate = CustomKeywords.projectSpecific.Reusability.getTestData("ReportsPage", "EndDate_March2"): projectSpecific.Reusability.getTestData is PASSED

2018-07-05 20:13:12 - [MESSAGE][PASSED] - projectSpecific.Reusability.getTestData is PASSED

2018-07-05 20:13:12 - [TEST_STEP][PASSED] - Statement - toDate = "(//td[text()='" + endDate + "'])[2]": null

2018-07-05 20:13:12 - [TEST_STEP][PASSED] - Statement - println(toDate): null

2018-07-05 20:13:12 - [TEST_STEP][PASSED] - Statement - toDateEle = driver.findElement(org.openqa.selenium.By.xpath(toDate)): null

2018-07-05 20:13:12 - [TEST_STEP][PASSED] - Statement - toDateEle.click(): null

2018-07-05 20:13:12 - [TEST_STEP][PASSED] - delay: Delayed 5 second(s)

2018-07-05 20:13:17 - [MESSAGE][PASSED] - Delayed 5 second(s)

2018-07-05 20:13:17 - [TEST_STEP][PASSED] - Statement - dateAttr = com.kms.katalon.core.webui.keyword.WebUiBuiltInKeywords.getAttribute(com.kms.katalon.core.testobject.ObjectRepository.findTestObject(ReportsPage/selectedDate1), "value"): Attribute 'value' of object 'Object Repository/ReportsPage/selectedDate1' is: '03/13/2018'

2018-07-05 20:13:17 - [MESSAGE][PASSED] - Attribute 'value' of object 'Object Repository/ReportsPage/selectedDate1' is: '03/13/2018'

2018-07-05 20:13:17 - [TEST_STEP][PASSED] - Statement - fromDateValue = CustomKeywords.projectSpecific.Reusability.getTestData("ReportsPage", "fromDate_March2"): projectSpecific.Reusability.getTestData is PASSED

2018-07-05 20:13:17 - [MESSAGE][PASSED] - projectSpecific.Reusability.getTestData is PASSED

2018-07-05 20:13:17 - [TEST_STEP][PASSED] - Statement - If (!(dateAttr.equals(fromDateValue))): null

2018-07-05 20:13:17 - [TEST_STEP][PASSED] - Statement - dateAttr = com.kms.katalon.core.webui.keyword.WebUiBuiltInKeywords.getAttribute(com.kms.katalon.core.testobject.ObjectRepository.findTestObject(ReportsPage/selectedDate2), "value"): Attribute 'value' of object 'Object Repository/ReportsPage/selectedDate2' is: '03/16/2018'

2018-07-05 20:13:17 - [MESSAGE][PASSED] - Attribute 'value' of object 'Object Repository/ReportsPage/selectedDate2' is: '03/16/2018'

2018-07-05 20:13:17 - [TEST_STEP][PASSED] - Statement - toDateValue = CustomKeywords.projectSpecific.Reusability.getTestData("ReportsPage", "toDate_March2"): projectSpecific.Reusability.getTestData is PASSED

2018-07-05 20:13:17 - [MESSAGE][PASSED] - projectSpecific.Reusability.getTestData is PASSED

2018-07-05 20:13:17 - [TEST_STEP][PASSED] - Statement - If (!(dateAttr.equals(toDateValue))): null

2018-07-05 20:13:17 - [TEST_STEP][PASSED] - click: Object: 'Object Repository/ReportsPage/generateReport' is clicked on

2018-07-05 20:13:17 - [MESSAGE][PASSED] - Object: 'Object Repository/ReportsPage/generateReport' is clicked on

2018-07-05 20:13:17 - [TEST_STEP][PASSED] - delay: Delayed 15 second(s)

2018-07-05 20:13:32 - [MESSAGE][PASSED] - Delayed 15 second(s)

2018-07-05 20:13:32 - [TEST_STEP][PASSED] - Statement - printTime = CustomKeywords.uiaction.CommonUIActions.getText(com.kms.katalon.core.testobject.ObjectRepository.findTestObject(SummarizedReportPage/printTime)): uiaction.CommonUIActions.getText is PASSED

2018-07-05 20:13:32 - [MESSAGE][PASSED] - uiaction.CommonUIActions.getText is PASSED

2018-07-05 20:13:32 - [TEST_STEP][PASSED] - Statement - cal = java.util.Calendar.getInstance(): null

2018-07-05 20:13:32 - [TEST_STEP][PASSED] - Statement - sdf = new java.text.SimpleDateFormat(hh:mm a): null

2018-07-05 20:13:32 - [TEST_STEP][PASSED] - Statement - currentSystemTime = sdf.format(cal.getTime()): null

2018-07-05 20:13:32 - [TEST_STEP][PASSED] - Statement - out.println(currentSystemTime): null

2018-07-05 20:13:32 - [TEST_STEP][PASSED] - Statement - If (currentSystemTime.contains(printTime)): null

2018-07-05 20:13:32 - [TEST_STEP][PASSED] - Statement - out.println("Print Time is displayed the current local time "): null

2018-07-05 20:13:32 - [TEST_STEP][PASSED] - delay: Delayed 5 second(s)

2018-07-05 20:13:37 - [MESSAGE][PASSED] - Delayed 5 second(s)

2018-07-05 20:13:37 - [TEST_STEP][PASSED] - uiaction.CommonUIActions.click: uiaction.CommonUIActions.click is PASSED

2018-07-05 20:14:04 - [MESSAGE][PASSED] - uiaction.CommonUIActions.click is PASSED

2018-07-05 20:14:04 - [TEST_STEP][PASSED] - Statement - assert TCflag == true: null

2018-07-05 20:14:04 - [TEST_STEP][PASSED] - Start listener action : sampleAfterTestCase: Browser is closed

2018-07-05 20:14:04 - [TEST_STEP][PASSED] - Statement - println(testCaseContext.getTestCaseId()): null

2018-07-05 20:14:04 - [TEST_STEP][PASSED] - Statement - println(testCaseContext.getTestCaseStatus()): null

2018-07-05 20:14:04 - [TEST_STEP][PASSED] - closeBrowser: Browser is closed

2018-07-05 20:14:04 - [MESSAGE][PASSED] - Browser is closed]]></system-out>
         <system-err><![CDATA[]]></system-err>
      </testcase>
      <testcase name="Test Cases/TimeZoneTC/HME-Browser-Timezone-01" classname="Test Cases/TimeZoneTC/HME-Browser-Timezone-01" status="PASSED">
         <system-out><![CDATA[2018-07-05 20:14:04 - [TEST_CASE][PASSED] - Test Cases/TimeZoneTC/HME-Browser-Timezone-01: Browser is closed

2018-07-05 20:14:04 - [TEST_STEP][PASSED] - Start listener action : sampleBeforeTestCase: uiaction.CommonUIActions.deleteAllCookies is PASSED

2018-07-05 20:14:04 - [TEST_STEP][PASSED] - openBrowser: Browser is opened with url: ''

2018-07-05 20:14:07 - [MESSAGE][PASSED] - Browser is opened with url: ''

2018-07-05 20:14:07 - [TEST_STEP][PASSED] - maximizeWindow: Current window maximized

2018-07-05 20:14:08 - [MESSAGE][PASSED] - Current window maximized

2018-07-05 20:14:08 - [TEST_STEP][PASSED] - uiaction.CommonUIActions.deleteAllCookies: uiaction.CommonUIActions.deleteAllCookies is PASSED

2018-07-05 20:14:08 - [MESSAGE][PASSED] - Delete all cookies successfully

2018-07-05 20:14:08 - [MESSAGE][PASSED] - uiaction.CommonUIActions.deleteAllCookies is PASSED

2018-07-05 20:14:08 - [TEST_STEP][PASSED] - Statement - TCflag = true: null

2018-07-05 20:14:08 - [TEST_STEP][PASSED] - Statement - Try: uiaction.CommonUIActions.click is PASSED

2018-07-05 20:14:08 - [TEST_STEP][PASSED] - navigateToUrl: Navigate to 'https://engdev.hmedtcloud.com/?pg=Login' successfully

2018-07-05 20:14:24 - [MESSAGE][PASSED] - Navigate to 'https://engdev.hmedtcloud.com/?pg=Login' successfully

2018-07-05 20:14:24 - [TEST_STEP][PASSED] - projectSpecific.Reusability.login: projectSpecific.Reusability.login is PASSED

2018-07-05 20:14:24 - [MESSAGE][PASSED] - projectSpecific.Reusability.getTestData is PASSED

2018-07-05 20:14:24 - [MESSAGE][PASSED] - projectSpecific.Reusability.getTestData is PASSED

2018-07-05 20:14:24 - [MESSAGE][PASSED] - Text 'selvendrank@nousinfo.com' is set on object 'Object Repository/LoginPage/Username'

2018-07-05 20:14:24 - [MESSAGE][PASSED] - Text 'Nous;123' is set on object 'Object Repository/LoginPage/Password'

2018-07-05 20:14:43 - [MESSAGE][PASSED] - Object: 'Object Repository/LoginPage/Login' is clicked on

2018-07-05 20:14:43 - [MESSAGE][PASSED] - projectSpecific.Reusability.login is PASSED

2018-07-05 20:14:43 - [TEST_STEP][PASSED] - delay: Delayed 10 second(s)

2018-07-05 20:14:53 - [MESSAGE][PASSED] - Delayed 10 second(s)

2018-07-05 20:14:53 - [TEST_STEP][PASSED] - Statement - welcomeMsg = CustomKeywords.uiaction.CommonUIActions.getText(com.kms.katalon.core.testobject.ObjectRepository.findTestObject(HomePage/welcomeMessage)): uiaction.CommonUIActions.getText is PASSED

2018-07-05 20:14:53 - [MESSAGE][PASSED] - uiaction.CommonUIActions.getText is PASSED

2018-07-05 20:14:53 - [TEST_STEP][PASSED] - Statement - expactedWelcomeMsg = CustomKeywords.projectSpecific.Reusability.getTestData("HomePage", "welcomeMsg"): projectSpecific.Reusability.getTestData is PASSED

2018-07-05 20:14:53 - [MESSAGE][PASSED] - projectSpecific.Reusability.getTestData is PASSED

2018-07-05 20:14:53 - [TEST_STEP][PASSED] - Statement - If (welcomeMsg.contains(expactedWelcomeMsg)): null

2018-07-05 20:14:53 - [TEST_STEP][PASSED] - Statement - out.println("Welcome message is verified"): null

2018-07-05 20:14:53 - [TEST_STEP][PASSED] - Statement - driver = com.kms.katalon.core.webui.driver.DriverFactory.getWebDriver(): null

2018-07-05 20:14:53 - [TEST_STEP][PASSED] - uiaction.CommonUIActions.click: uiaction.CommonUIActions.click is PASSED

2018-07-05 20:15:12 - [MESSAGE][PASSED] - uiaction.CommonUIActions.click is PASSED

2018-07-05 20:15:12 - [TEST_STEP][PASSED] - Statement - driver.findElement(org.openqa.selenium.By.xpath("(//div[@class='ctable']/table//tr/td[3][contains(text(),'00000012')]/../td//span)[1]")).click(): null

2018-07-05 20:15:14 - [TEST_STEP][PASSED] - uiaction.CommonUIActions.click: uiaction.CommonUIActions.click is PASSED

2018-07-05 20:15:14 - [MESSAGE][PASSED] - uiaction.CommonUIActions.click is PASSED

2018-07-05 20:15:14 - [TEST_STEP][PASSED] - uiaction.CommonUIActions.click: uiaction.CommonUIActions.click is PASSED

2018-07-05 20:15:27 - [MESSAGE][PASSED] - uiaction.CommonUIActions.click is PASSED

2018-07-05 20:15:27 - [TEST_STEP][PASSED] - Statement - storenumber = CustomKeywords.uiaction.CommonUIActions.getText(com.kms.katalon.core.testobject.ObjectRepository.findTestObject(StorePage/storeID)): uiaction.CommonUIActions.getText is PASSED

2018-07-05 20:15:27 - [MESSAGE][PASSED] - uiaction.CommonUIActions.getText is PASSED

2018-07-05 20:15:27 - [TEST_STEP][PASSED] - Statement - out.println(" the store number is--" + storenumber.trim()): null

2018-07-05 20:15:27 - [TEST_STEP][PASSED] - uiaction.CommonUIActions.click: uiaction.CommonUIActions.click is PASSED

2018-07-05 20:15:33 - [MESSAGE][PASSED] - uiaction.CommonUIActions.click is PASSED

2018-07-05 20:15:33 - [TEST_STEP][PASSED] - delay: Delayed 10 second(s)

2018-07-05 20:15:43 - [MESSAGE][PASSED] - Delayed 10 second(s)

2018-07-05 20:15:43 - [TEST_STEP][PASSED] - Statement - driver.findElement(org.openqa.selenium.By.xpath("//span[contains(text(),'" + storenumber.trim() + "')]")).click(): null

2018-07-05 20:15:43 - [TEST_STEP][PASSED] - click: Object: 'Object Repository/ReportsPage/timeSelection' is clicked on

2018-07-05 20:15:43 - [MESSAGE][PASSED] - Object: 'Object Repository/ReportsPage/timeSelection' is clicked on

2018-07-05 20:15:43 - [TEST_STEP][PASSED] - click: Object: 'Object Repository/ReportsPage/dayTimeOption' is clicked on

2018-07-05 20:15:43 - [MESSAGE][PASSED] - Object: 'Object Repository/ReportsPage/dayTimeOption' is clicked on

2018-07-05 20:15:43 - [TEST_STEP][PASSED] - click: Object: 'Object Repository/ReportsPage/summaryReportHeading' is clicked on

2018-07-05 20:15:43 - [MESSAGE][PASSED] - Object: 'Object Repository/ReportsPage/summaryReportHeading' is clicked on

2018-07-05 20:15:43 - [TEST_STEP][PASSED] - verifyElementText: Actual text and expected text of test object 'Object Repository/ReportsPage/dayTimeOption' are matched.

2018-07-05 20:15:43 - [MESSAGE][PASSED] - projectSpecific.Reusability.getTestData is PASSED

2018-07-05 20:15:43 - [MESSAGE][PASSED] - Actual text and expected text of test object 'Object Repository/ReportsPage/dayTimeOption' are matched.

2018-07-05 20:15:43 - [TEST_STEP][PASSED] - verifyElementText: Actual text and expected text of test object 'Object Repository/ReportsPage/criteriaTimeMeasureForDay' are matched.

2018-07-05 20:15:43 - [MESSAGE][PASSED] - projectSpecific.Reusability.getTestData is PASSED

2018-07-05 20:15:43 - [MESSAGE][PASSED] - Actual text and expected text of test object 'Object Repository/ReportsPage/criteriaTimeMeasureForDay' are matched.

2018-07-05 20:15:43 - [TEST_STEP][PASSED] - delay: Delayed 5 second(s)

2018-07-05 20:15:48 - [MESSAGE][PASSED] - Delayed 5 second(s)

2018-07-05 20:15:48 - [TEST_STEP][PASSED] - click: Object: 'Object Repository/ReportsPage/fromDateSelector' is clicked on

2018-07-05 20:15:48 - [MESSAGE][PASSED] - Object: 'Object Repository/ReportsPage/fromDateSelector' is clicked on

2018-07-05 20:15:48 - [TEST_STEP][PASSED] - delay: Delayed 5 second(s)

2018-07-05 20:15:53 - [MESSAGE][PASSED] - Delayed 5 second(s)

2018-07-05 20:15:53 - [TEST_STEP][PASSED] - Statement - monthText = com.kms.katalon.core.webui.keyword.WebUiBuiltInKeywords.getText(com.kms.katalon.core.testobject.ObjectRepository.findTestObject(ReportsPage/monthText)): Text of object 'Object Repository/ReportsPage/monthText' is: 'July 2018'

2018-07-05 20:15:53 - [MESSAGE][PASSED] - Text of object 'Object Repository/ReportsPage/monthText' is: 'July 2018'

2018-07-05 20:15:53 - [TEST_STEP][PASSED] - Statement - monthTextArray = monthText.split(" "): null

2018-07-05 20:15:53 - [TEST_STEP][PASSED] - Statement - month = monthTextArray[0]: null

2018-07-05 20:15:53 - [TEST_STEP][PASSED] - Statement - monthTextValue = CustomKeywords.projectSpecific.Reusability.getTestData("ReportsPage", "Month"): projectSpecific.Reusability.getTestData is PASSED

2018-07-05 20:15:53 - [MESSAGE][PASSED] - projectSpecific.Reusability.getTestData is PASSED

2018-07-05 20:15:53 - [TEST_STEP][PASSED] - Statement - If (!(monthTextValue.equals(month))): null

2018-07-05 20:15:53 - [TEST_STEP][PASSED] - Statement - While (!(monthTextValue.equals(month))): null

2018-07-05 20:15:53 - [TEST_STEP][PASSED] - click: Object: 'Object Repository/ReportsPage/previousDateSelector' is clicked on

2018-07-05 20:15:53 - [MESSAGE][PASSED] - Object: 'Object Repository/ReportsPage/previousDateSelector' is clicked on

2018-07-05 20:15:53 - [TEST_STEP][PASSED] - Statement - monthText = com.kms.katalon.core.webui.keyword.WebUiBuiltInKeywords.getText(com.kms.katalon.core.testobject.ObjectRepository.findTestObject(ReportsPage/monthText)): Text of object 'Object Repository/ReportsPage/monthText' is: 'June 2018'

2018-07-05 20:15:54 - [MESSAGE][PASSED] - Text of object 'Object Repository/ReportsPage/monthText' is: 'June 2018'

2018-07-05 20:15:54 - [TEST_STEP][PASSED] - Statement - monthTextArray = monthText.split(" "): null

2018-07-05 20:15:54 - [TEST_STEP][PASSED] - Statement - month = monthTextArray[0]: null

2018-07-05 20:15:54 - [TEST_STEP][PASSED] - click: Object: 'Object Repository/ReportsPage/previousDateSelector' is clicked on

2018-07-05 20:15:54 - [MESSAGE][PASSED] - Object: 'Object Repository/ReportsPage/previousDateSelector' is clicked on

2018-07-05 20:15:54 - [TEST_STEP][PASSED] - Statement - monthText = com.kms.katalon.core.webui.keyword.WebUiBuiltInKeywords.getText(com.kms.katalon.core.testobject.ObjectRepository.findTestObject(ReportsPage/monthText)): Text of object 'Object Repository/ReportsPage/monthText' is: 'May 2018'

2018-07-05 20:15:54 - [MESSAGE][PASSED] - Text of object 'Object Repository/ReportsPage/monthText' is: 'May 2018'

2018-07-05 20:15:54 - [TEST_STEP][PASSED] - Statement - monthTextArray = monthText.split(" "): null

2018-07-05 20:15:54 - [TEST_STEP][PASSED] - Statement - month = monthTextArray[0]: null

2018-07-05 20:15:54 - [TEST_STEP][PASSED] - click: Object: 'Object Repository/ReportsPage/previousDateSelector' is clicked on

2018-07-05 20:15:54 - [MESSAGE][PASSED] - Object: 'Object Repository/ReportsPage/previousDateSelector' is clicked on

2018-07-05 20:15:54 - [TEST_STEP][PASSED] - Statement - monthText = com.kms.katalon.core.webui.keyword.WebUiBuiltInKeywords.getText(com.kms.katalon.core.testobject.ObjectRepository.findTestObject(ReportsPage/monthText)): Text of object 'Object Repository/ReportsPage/monthText' is: 'April 2018'

2018-07-05 20:15:54 - [MESSAGE][PASSED] - Text of object 'Object Repository/ReportsPage/monthText' is: 'April 2018'

2018-07-05 20:15:54 - [TEST_STEP][PASSED] - Statement - monthTextArray = monthText.split(" "): null

2018-07-05 20:15:54 - [TEST_STEP][PASSED] - Statement - month = monthTextArray[0]: null

2018-07-05 20:15:54 - [TEST_STEP][PASSED] - click: Object: 'Object Repository/ReportsPage/previousDateSelector' is clicked on

2018-07-05 20:15:54 - [MESSAGE][PASSED] - Object: 'Object Repository/ReportsPage/previousDateSelector' is clicked on

2018-07-05 20:15:54 - [TEST_STEP][PASSED] - Statement - monthText = com.kms.katalon.core.webui.keyword.WebUiBuiltInKeywords.getText(com.kms.katalon.core.testobject.ObjectRepository.findTestObject(ReportsPage/monthText)): Text of object 'Object Repository/ReportsPage/monthText' is: 'March 2018'

2018-07-05 20:15:54 - [MESSAGE][PASSED] - Text of object 'Object Repository/ReportsPage/monthText' is: 'March 2018'

2018-07-05 20:15:54 - [TEST_STEP][PASSED] - Statement - monthTextArray = monthText.split(" "): null

2018-07-05 20:15:54 - [TEST_STEP][PASSED] - Statement - month = monthTextArray[0]: null

2018-07-05 20:15:54 - [TEST_STEP][PASSED] - Statement - data = CustomKeywords.projectSpecific.Reusability.getTestData("ReportsPage", "StartDate_March"): projectSpecific.Reusability.getTestData is PASSED

2018-07-05 20:15:54 - [MESSAGE][PASSED] - projectSpecific.Reusability.getTestData is PASSED

2018-07-05 20:15:54 - [TEST_STEP][PASSED] - Statement - startDate = "(//td[text()='" + data + "'])[1]": null

2018-07-05 20:15:54 - [TEST_STEP][PASSED] - Statement - println(startDate): null

2018-07-05 20:15:54 - [TEST_STEP][PASSED] - Statement - startdateEle = driver.findElement(org.openqa.selenium.By.xpath(startDate)): null

2018-07-05 20:15:54 - [TEST_STEP][PASSED] - Statement - startdateEle.click(): null

2018-07-05 20:15:54 - [TEST_STEP][PASSED] - delay: Delayed 5 second(s)

2018-07-05 20:15:59 - [MESSAGE][PASSED] - Delayed 5 second(s)

2018-07-05 20:15:59 - [TEST_STEP][PASSED] - click: Object: 'Object Repository/ReportsPage/toDateSelector' is clicked on

2018-07-05 20:15:59 - [MESSAGE][PASSED] - Object: 'Object Repository/ReportsPage/toDateSelector' is clicked on

2018-07-05 20:15:59 - [TEST_STEP][PASSED] - Statement - monthText = com.kms.katalon.core.webui.keyword.WebUiBuiltInKeywords.getText(com.kms.katalon.core.testobject.ObjectRepository.findTestObject(ReportsPage/monthText2)): Text of object 'Object Repository/ReportsPage/monthText2' is: 'July 2018'

2018-07-05 20:15:59 - [MESSAGE][PASSED] - Text of object 'Object Repository/ReportsPage/monthText2' is: 'July 2018'

2018-07-05 20:15:59 - [TEST_STEP][PASSED] - Statement - monthTextArray = monthText.split(" "): null

2018-07-05 20:15:59 - [TEST_STEP][PASSED] - Statement - month = monthTextArray[0]: null

2018-07-05 20:15:59 - [TEST_STEP][PASSED] - Statement - monthTextValue1 = CustomKeywords.projectSpecific.Reusability.getTestData("ReportsPage", "Month"): projectSpecific.Reusability.getTestData is PASSED

2018-07-05 20:15:59 - [MESSAGE][PASSED] - projectSpecific.Reusability.getTestData is PASSED

2018-07-05 20:15:59 - [TEST_STEP][PASSED] - Statement - If (!(monthTextValue1.equals(month))): null

2018-07-05 20:15:59 - [TEST_STEP][PASSED] - Statement - While (!(monthTextValue1.equals(month))): null

2018-07-05 20:15:59 - [TEST_STEP][PASSED] - click: Object: 'Object Repository/ReportsPage/previousDateSelector2' is clicked on

2018-07-05 20:15:59 - [MESSAGE][PASSED] - Object: 'Object Repository/ReportsPage/previousDateSelector2' is clicked on

2018-07-05 20:15:59 - [TEST_STEP][PASSED] - Statement - monthText = com.kms.katalon.core.webui.keyword.WebUiBuiltInKeywords.getText(com.kms.katalon.core.testobject.ObjectRepository.findTestObject(ReportsPage/monthText2)): Text of object 'Object Repository/ReportsPage/monthText2' is: 'June 2018'

2018-07-05 20:15:59 - [MESSAGE][PASSED] - Text of object 'Object Repository/ReportsPage/monthText2' is: 'June 2018'

2018-07-05 20:15:59 - [TEST_STEP][PASSED] - Statement - monthTextArray = monthText.split(" "): null

2018-07-05 20:15:59 - [TEST_STEP][PASSED] - Statement - month = monthTextArray[0]: null

2018-07-05 20:15:59 - [TEST_STEP][PASSED] - click: Object: 'Object Repository/ReportsPage/previousDateSelector2' is clicked on

2018-07-05 20:15:59 - [MESSAGE][PASSED] - Object: 'Object Repository/ReportsPage/previousDateSelector2' is clicked on

2018-07-05 20:15:59 - [TEST_STEP][PASSED] - Statement - monthText = com.kms.katalon.core.webui.keyword.WebUiBuiltInKeywords.getText(com.kms.katalon.core.testobject.ObjectRepository.findTestObject(ReportsPage/monthText2)): Text of object 'Object Repository/ReportsPage/monthText2' is: 'May 2018'

2018-07-05 20:15:59 - [MESSAGE][PASSED] - Text of object 'Object Repository/ReportsPage/monthText2' is: 'May 2018'

2018-07-05 20:15:59 - [TEST_STEP][PASSED] - Statement - monthTextArray = monthText.split(" "): null

2018-07-05 20:15:59 - [TEST_STEP][PASSED] - Statement - month = monthTextArray[0]: null

2018-07-05 20:15:59 - [TEST_STEP][PASSED] - click: Object: 'Object Repository/ReportsPage/previousDateSelector2' is clicked on

2018-07-05 20:15:59 - [MESSAGE][PASSED] - Object: 'Object Repository/ReportsPage/previousDateSelector2' is clicked on

2018-07-05 20:15:59 - [TEST_STEP][PASSED] - Statement - monthText = com.kms.katalon.core.webui.keyword.WebUiBuiltInKeywords.getText(com.kms.katalon.core.testobject.ObjectRepository.findTestObject(ReportsPage/monthText2)): Text of object 'Object Repository/ReportsPage/monthText2' is: 'April 2018'

2018-07-05 20:15:59 - [MESSAGE][PASSED] - Text of object 'Object Repository/ReportsPage/monthText2' is: 'April 2018'

2018-07-05 20:15:59 - [TEST_STEP][PASSED] - Statement - monthTextArray = monthText.split(" "): null

2018-07-05 20:15:59 - [TEST_STEP][PASSED] - Statement - month = monthTextArray[0]: null

2018-07-05 20:15:59 - [TEST_STEP][PASSED] - click: Object: 'Object Repository/ReportsPage/previousDateSelector2' is clicked on

2018-07-05 20:15:59 - [MESSAGE][PASSED] - Object: 'Object Repository/ReportsPage/previousDateSelector2' is clicked on

2018-07-05 20:15:59 - [TEST_STEP][PASSED] - Statement - monthText = com.kms.katalon.core.webui.keyword.WebUiBuiltInKeywords.getText(com.kms.katalon.core.testobject.ObjectRepository.findTestObject(ReportsPage/monthText2)): Text of object 'Object Repository/ReportsPage/monthText2' is: 'March 2018'

2018-07-05 20:15:59 - [MESSAGE][PASSED] - Text of object 'Object Repository/ReportsPage/monthText2' is: 'March 2018'

2018-07-05 20:15:59 - [TEST_STEP][PASSED] - Statement - monthTextArray = monthText.split(" "): null

2018-07-05 20:15:59 - [TEST_STEP][PASSED] - Statement - month = monthTextArray[0]: null

2018-07-05 20:15:59 - [TEST_STEP][PASSED] - Statement - endDate = CustomKeywords.projectSpecific.Reusability.getTestData("ReportsPage", "EndDate_March"): projectSpecific.Reusability.getTestData is PASSED

2018-07-05 20:15:59 - [MESSAGE][PASSED] - projectSpecific.Reusability.getTestData is PASSED

2018-07-05 20:15:59 - [TEST_STEP][PASSED] - Statement - toDate = "(//td[text()='" + endDate + "'])[2]": null

2018-07-05 20:15:59 - [TEST_STEP][PASSED] - Statement - println(toDate): null

2018-07-05 20:15:59 - [TEST_STEP][PASSED] - Statement - toDateEle = driver.findElement(org.openqa.selenium.By.xpath(toDate)): null

2018-07-05 20:15:59 - [TEST_STEP][PASSED] - Statement - toDateEle.click(): null

2018-07-05 20:15:59 - [TEST_STEP][PASSED] - delay: Delayed 5 second(s)

2018-07-05 20:16:04 - [MESSAGE][PASSED] - Delayed 5 second(s)

2018-07-05 20:16:04 - [TEST_STEP][PASSED] - Statement - dateAttr = com.kms.katalon.core.webui.keyword.WebUiBuiltInKeywords.getAttribute(com.kms.katalon.core.testobject.ObjectRepository.findTestObject(ReportsPage/selectedDate1), "value"): Attribute 'value' of object 'Object Repository/ReportsPage/selectedDate1' is: '03/09/2018'

2018-07-05 20:16:04 - [MESSAGE][PASSED] - Attribute 'value' of object 'Object Repository/ReportsPage/selectedDate1' is: '03/09/2018'

2018-07-05 20:16:04 - [TEST_STEP][PASSED] - Statement - fromDateValue = CustomKeywords.projectSpecific.Reusability.getTestData("ReportsPage", "fromDate_March"): projectSpecific.Reusability.getTestData is PASSED

2018-07-05 20:16:04 - [MESSAGE][PASSED] - projectSpecific.Reusability.getTestData is PASSED

2018-07-05 20:16:04 - [TEST_STEP][PASSED] - Statement - If (!(dateAttr.equals(fromDateValue))): null

2018-07-05 20:16:04 - [TEST_STEP][PASSED] - Statement - dateAttr = com.kms.katalon.core.webui.keyword.WebUiBuiltInKeywords.getAttribute(com.kms.katalon.core.testobject.ObjectRepository.findTestObject(ReportsPage/selectedDate2), "value"): Attribute 'value' of object 'Object Repository/ReportsPage/selectedDate2' is: '03/10/2018'

2018-07-05 20:16:04 - [MESSAGE][PASSED] - Attribute 'value' of object 'Object Repository/ReportsPage/selectedDate2' is: '03/10/2018'

2018-07-05 20:16:04 - [TEST_STEP][PASSED] - Statement - toDateValue = CustomKeywords.projectSpecific.Reusability.getTestData("ReportsPage", "toDate_March"): projectSpecific.Reusability.getTestData is PASSED

2018-07-05 20:16:05 - [MESSAGE][PASSED] - projectSpecific.Reusability.getTestData is PASSED

2018-07-05 20:16:05 - [TEST_STEP][PASSED] - Statement - If (!(dateAttr.equals(toDateValue))): null

2018-07-05 20:16:05 - [TEST_STEP][PASSED] - click: Object: 'Object Repository/ReportsPage/generateReport' is clicked on

2018-07-05 20:16:05 - [MESSAGE][PASSED] - Object: 'Object Repository/ReportsPage/generateReport' is clicked on

2018-07-05 20:16:05 - [TEST_STEP][PASSED] - delay: Delayed 15 second(s)

2018-07-05 20:16:20 - [MESSAGE][PASSED] - Delayed 15 second(s)

2018-07-05 20:16:20 - [TEST_STEP][PASSED] - Statement - printTime = CustomKeywords.uiaction.CommonUIActions.getText(com.kms.katalon.core.testobject.ObjectRepository.findTestObject(SummarizedReportPage/printTime)): uiaction.CommonUIActions.getText is PASSED

2018-07-05 20:16:20 - [MESSAGE][PASSED] - uiaction.CommonUIActions.getText is PASSED

2018-07-05 20:16:20 - [TEST_STEP][PASSED] - Statement - cal = java.util.Calendar.getInstance(): null

2018-07-05 20:16:20 - [TEST_STEP][PASSED] - Statement - sdf = new java.text.SimpleDateFormat(hh:mm a): null

2018-07-05 20:16:20 - [TEST_STEP][PASSED] - Statement - currentSystemTime = sdf.format(cal.getTime()): null

2018-07-05 20:16:20 - [TEST_STEP][PASSED] - Statement - out.println(currentSystemTime): null

2018-07-05 20:16:20 - [TEST_STEP][PASSED] - Statement - If (currentSystemTime.contains(printTime)): null

2018-07-05 20:16:20 - [TEST_STEP][PASSED] - Statement - out.println("Print Time is displayed the current local time "): null

2018-07-05 20:16:20 - [TEST_STEP][PASSED] - delay: Delayed 5 second(s)

2018-07-05 20:16:25 - [MESSAGE][PASSED] - Delayed 5 second(s)

2018-07-05 20:16:25 - [TEST_STEP][PASSED] - uiaction.CommonUIActions.click: uiaction.CommonUIActions.click is PASSED

2018-07-05 20:16:37 - [MESSAGE][PASSED] - uiaction.CommonUIActions.click is PASSED

2018-07-05 20:16:37 - [TEST_STEP][PASSED] - Statement - assert TCflag == true: null

2018-07-05 20:16:37 - [TEST_STEP][PASSED] - Start listener action : sampleAfterTestCase: Browser is closed

2018-07-05 20:16:37 - [TEST_STEP][PASSED] - Statement - println(testCaseContext.getTestCaseId()): null

2018-07-05 20:16:37 - [TEST_STEP][PASSED] - Statement - println(testCaseContext.getTestCaseStatus()): null

2018-07-05 20:16:37 - [TEST_STEP][PASSED] - closeBrowser: Browser is closed

2018-07-05 20:16:37 - [MESSAGE][PASSED] - Browser is closed]]></system-out>
         <system-err><![CDATA[]]></system-err>
      </testcase>
      <testcase name="Test Cases/TimeZoneTC/HME-Browser-Timezone-02" classname="Test Cases/TimeZoneTC/HME-Browser-Timezone-02" status="PASSED">
         <system-out><![CDATA[2018-07-05 20:16:37 - [TEST_CASE][PASSED] - Test Cases/TimeZoneTC/HME-Browser-Timezone-02: Browser is closed

2018-07-05 20:16:37 - [TEST_STEP][PASSED] - Start listener action : sampleBeforeTestCase: uiaction.CommonUIActions.deleteAllCookies is PASSED

2018-07-05 20:16:37 - [TEST_STEP][PASSED] - openBrowser: Browser is opened with url: ''

2018-07-05 20:16:40 - [MESSAGE][PASSED] - Browser is opened with url: ''

2018-07-05 20:16:40 - [TEST_STEP][PASSED] - maximizeWindow: Current window maximized

2018-07-05 20:16:41 - [MESSAGE][PASSED] - Current window maximized

2018-07-05 20:16:41 - [TEST_STEP][PASSED] - uiaction.CommonUIActions.deleteAllCookies: uiaction.CommonUIActions.deleteAllCookies is PASSED

2018-07-05 20:16:41 - [MESSAGE][PASSED] - Delete all cookies successfully

2018-07-05 20:16:41 - [MESSAGE][PASSED] - uiaction.CommonUIActions.deleteAllCookies is PASSED

2018-07-05 20:16:41 - [TEST_STEP][PASSED] - Statement - TCflag = true: null

2018-07-05 20:16:41 - [TEST_STEP][PASSED] - Statement - Try: uiaction.CommonUIActions.click is PASSED

2018-07-05 20:16:41 - [TEST_STEP][PASSED] - navigateToUrl: Navigate to 'https://engdev.hmedtcloud.com/?pg=Login' successfully

2018-07-05 20:16:49 - [MESSAGE][PASSED] - Navigate to 'https://engdev.hmedtcloud.com/?pg=Login' successfully

2018-07-05 20:16:49 - [TEST_STEP][PASSED] - projectSpecific.Reusability.login: projectSpecific.Reusability.login is PASSED

2018-07-05 20:16:50 - [MESSAGE][PASSED] - projectSpecific.Reusability.getTestData is PASSED

2018-07-05 20:16:50 - [MESSAGE][PASSED] - projectSpecific.Reusability.getTestData is PASSED

2018-07-05 20:16:50 - [MESSAGE][PASSED] - Text 'selvendrank@nousinfo.com' is set on object 'Object Repository/LoginPage/Username'

2018-07-05 20:16:50 - [MESSAGE][PASSED] - Text 'Nous;123' is set on object 'Object Repository/LoginPage/Password'

2018-07-05 20:17:09 - [MESSAGE][PASSED] - Object: 'Object Repository/LoginPage/Login' is clicked on

2018-07-05 20:17:09 - [MESSAGE][PASSED] - projectSpecific.Reusability.login is PASSED

2018-07-05 20:17:09 - [TEST_STEP][PASSED] - delay: Delayed 10 second(s)

2018-07-05 20:17:19 - [MESSAGE][PASSED] - Delayed 10 second(s)

2018-07-05 20:17:19 - [TEST_STEP][PASSED] - Statement - welcomeMsg = CustomKeywords.uiaction.CommonUIActions.getText(com.kms.katalon.core.testobject.ObjectRepository.findTestObject(HomePage/welcomeMessage)): uiaction.CommonUIActions.getText is PASSED

2018-07-05 20:17:19 - [MESSAGE][PASSED] - uiaction.CommonUIActions.getText is PASSED

2018-07-05 20:17:19 - [TEST_STEP][PASSED] - Statement - expactedWelcomeMsg = CustomKeywords.projectSpecific.Reusability.getTestData("HomePage", "welcomeMsg"): projectSpecific.Reusability.getTestData is PASSED

2018-07-05 20:17:19 - [MESSAGE][PASSED] - projectSpecific.Reusability.getTestData is PASSED

2018-07-05 20:17:19 - [TEST_STEP][PASSED] - Statement - If (welcomeMsg.contains(expactedWelcomeMsg)): null

2018-07-05 20:17:19 - [TEST_STEP][PASSED] - Statement - out.println("Welcome message is verified"): null

2018-07-05 20:17:19 - [TEST_STEP][PASSED] - Statement - driver = com.kms.katalon.core.webui.driver.DriverFactory.getWebDriver(): null

2018-07-05 20:17:19 - [TEST_STEP][PASSED] - uiaction.CommonUIActions.click: uiaction.CommonUIActions.click is PASSED

2018-07-05 20:18:15 - [MESSAGE][PASSED] - uiaction.CommonUIActions.click is PASSED

2018-07-05 20:18:15 - [TEST_STEP][PASSED] - Statement - driver.findElement(org.openqa.selenium.By.xpath("(//div[@class='ctable']/table//tr/td[3][contains(text(),'00000012')]/../td//span)[1]")).click(): null

2018-07-05 20:18:17 - [TEST_STEP][PASSED] - uiaction.CommonUIActions.click: uiaction.CommonUIActions.click is PASSED

2018-07-05 20:18:17 - [MESSAGE][PASSED] - uiaction.CommonUIActions.click is PASSED

2018-07-05 20:18:17 - [TEST_STEP][PASSED] - uiaction.CommonUIActions.click: uiaction.CommonUIActions.click is PASSED

2018-07-05 20:18:30 - [MESSAGE][PASSED] - uiaction.CommonUIActions.click is PASSED

2018-07-05 20:18:30 - [TEST_STEP][PASSED] - Statement - storeID = CustomKeywords.uiaction.CommonUIActions.getText(com.kms.katalon.core.testobject.ObjectRepository.findTestObject(StorePage/storeID)): uiaction.CommonUIActions.getText is PASSED

2018-07-05 20:18:30 - [MESSAGE][PASSED] - uiaction.CommonUIActions.getText is PASSED

2018-07-05 20:18:30 - [TEST_STEP][PASSED] - Statement - storenumber = storeID.trim(): null

2018-07-05 20:18:30 - [TEST_STEP][PASSED] - Statement - out.println(" the store number is--" + storenumber.trim()): null

2018-07-05 20:18:30 - [TEST_STEP][PASSED] - uiaction.CommonUIActions.click: uiaction.CommonUIActions.click is PASSED

2018-07-05 20:18:35 - [MESSAGE][PASSED] - uiaction.CommonUIActions.click is PASSED

2018-07-05 20:18:35 - [TEST_STEP][PASSED] - delay: Delayed 15 second(s)

2018-07-05 20:18:50 - [MESSAGE][PASSED] - Delayed 15 second(s)

2018-07-05 20:18:50 - [TEST_STEP][PASSED] - Statement - driver.findElement(org.openqa.selenium.By.xpath("//span[contains(text(),'" + storenumber.trim() + "')]")).click(): null

2018-07-05 20:18:50 - [TEST_STEP][PASSED] - click: Object: 'Object Repository/ReportsPage/timeSelection' is clicked on

2018-07-05 20:18:50 - [MESSAGE][PASSED] - Object: 'Object Repository/ReportsPage/timeSelection' is clicked on

2018-07-05 20:18:50 - [TEST_STEP][PASSED] - click: Object: 'Object Repository/ReportsPage/daypartTimeOption' is clicked on

2018-07-05 20:18:50 - [MESSAGE][PASSED] - Object: 'Object Repository/ReportsPage/daypartTimeOption' is clicked on

2018-07-05 20:18:50 - [TEST_STEP][PASSED] - click: Object: 'Object Repository/ReportsPage/summaryReportHeading' is clicked on

2018-07-05 20:18:50 - [MESSAGE][PASSED] - Object: 'Object Repository/ReportsPage/summaryReportHeading' is clicked on

2018-07-05 20:18:50 - [TEST_STEP][PASSED] - verifyElementText: Actual text and expected text of test object 'Object Repository/ReportsPage/daypartTimeOption' are matched.

2018-07-05 20:18:50 - [MESSAGE][PASSED] - projectSpecific.Reusability.getTestData is PASSED

2018-07-05 20:18:50 - [MESSAGE][PASSED] - Actual text and expected text of test object 'Object Repository/ReportsPage/daypartTimeOption' are matched.

2018-07-05 20:18:50 - [TEST_STEP][PASSED] - verifyElementText: Actual text and expected text of test object 'Object Repository/ReportsPage/criteriaTimeMeasureFordaypart' are matched.

2018-07-05 20:18:50 - [MESSAGE][PASSED] - projectSpecific.Reusability.getTestData is PASSED

2018-07-05 20:18:50 - [MESSAGE][PASSED] - Actual text and expected text of test object 'Object Repository/ReportsPage/criteriaTimeMeasureFordaypart' are matched.

2018-07-05 20:18:50 - [TEST_STEP][PASSED] - delay: Delayed 5 second(s)

2018-07-05 20:18:55 - [MESSAGE][PASSED] - Delayed 5 second(s)

2018-07-05 20:18:55 - [TEST_STEP][PASSED] - click: Object: 'Object Repository/ReportsPage/fromDateSelector' is clicked on

2018-07-05 20:18:55 - [MESSAGE][PASSED] - Object: 'Object Repository/ReportsPage/fromDateSelector' is clicked on

2018-07-05 20:18:55 - [TEST_STEP][PASSED] - delay: Delayed 5 second(s)

2018-07-05 20:19:00 - [MESSAGE][PASSED] - Delayed 5 second(s)

2018-07-05 20:19:00 - [TEST_STEP][PASSED] - Statement - monthText = com.kms.katalon.core.webui.keyword.WebUiBuiltInKeywords.getText(com.kms.katalon.core.testobject.ObjectRepository.findTestObject(ReportsPage/monthText)): Text of object 'Object Repository/ReportsPage/monthText' is: 'July 2018'

2018-07-05 20:19:00 - [MESSAGE][PASSED] - Text of object 'Object Repository/ReportsPage/monthText' is: 'July 2018'

2018-07-05 20:19:00 - [TEST_STEP][PASSED] - Statement - monthTextArray = monthText.split(" "): null

2018-07-05 20:19:00 - [TEST_STEP][PASSED] - Statement - month = monthTextArray[0]: null

2018-07-05 20:19:00 - [TEST_STEP][PASSED] - Statement - monthTextValue = CustomKeywords.projectSpecific.Reusability.getTestData("ReportsPage", "Month"): projectSpecific.Reusability.getTestData is PASSED

2018-07-05 20:19:00 - [MESSAGE][PASSED] - projectSpecific.Reusability.getTestData is PASSED

2018-07-05 20:19:00 - [TEST_STEP][PASSED] - Statement - If (!(monthTextValue.equals(month))): null

2018-07-05 20:19:00 - [TEST_STEP][PASSED] - Statement - While (!(monthTextValue.equals(month))): null

2018-07-05 20:19:00 - [TEST_STEP][PASSED] - click: Object: 'Object Repository/ReportsPage/previousDateSelector' is clicked on

2018-07-05 20:19:00 - [MESSAGE][PASSED] - Object: 'Object Repository/ReportsPage/previousDateSelector' is clicked on

2018-07-05 20:19:00 - [TEST_STEP][PASSED] - Statement - monthText = com.kms.katalon.core.webui.keyword.WebUiBuiltInKeywords.getText(com.kms.katalon.core.testobject.ObjectRepository.findTestObject(ReportsPage/monthText)): Text of object 'Object Repository/ReportsPage/monthText' is: 'June 2018'

2018-07-05 20:19:00 - [MESSAGE][PASSED] - Text of object 'Object Repository/ReportsPage/monthText' is: 'June 2018'

2018-07-05 20:19:00 - [TEST_STEP][PASSED] - Statement - monthTextArray = monthText.split(" "): null

2018-07-05 20:19:00 - [TEST_STEP][PASSED] - Statement - month = monthTextArray[0]: null

2018-07-05 20:19:00 - [TEST_STEP][PASSED] - click: Object: 'Object Repository/ReportsPage/previousDateSelector' is clicked on

2018-07-05 20:19:00 - [MESSAGE][PASSED] - Object: 'Object Repository/ReportsPage/previousDateSelector' is clicked on

2018-07-05 20:19:00 - [TEST_STEP][PASSED] - Statement - monthText = com.kms.katalon.core.webui.keyword.WebUiBuiltInKeywords.getText(com.kms.katalon.core.testobject.ObjectRepository.findTestObject(ReportsPage/monthText)): Text of object 'Object Repository/ReportsPage/monthText' is: 'May 2018'

2018-07-05 20:19:00 - [MESSAGE][PASSED] - Text of object 'Object Repository/ReportsPage/monthText' is: 'May 2018'

2018-07-05 20:19:00 - [TEST_STEP][PASSED] - Statement - monthTextArray = monthText.split(" "): null

2018-07-05 20:19:00 - [TEST_STEP][PASSED] - Statement - month = monthTextArray[0]: null

2018-07-05 20:19:00 - [TEST_STEP][PASSED] - click: Object: 'Object Repository/ReportsPage/previousDateSelector' is clicked on

2018-07-05 20:19:01 - [MESSAGE][PASSED] - Object: 'Object Repository/ReportsPage/previousDateSelector' is clicked on

2018-07-05 20:19:01 - [TEST_STEP][PASSED] - Statement - monthText = com.kms.katalon.core.webui.keyword.WebUiBuiltInKeywords.getText(com.kms.katalon.core.testobject.ObjectRepository.findTestObject(ReportsPage/monthText)): Text of object 'Object Repository/ReportsPage/monthText' is: 'April 2018'

2018-07-05 20:19:01 - [MESSAGE][PASSED] - Text of object 'Object Repository/ReportsPage/monthText' is: 'April 2018'

2018-07-05 20:19:01 - [TEST_STEP][PASSED] - Statement - monthTextArray = monthText.split(" "): null

2018-07-05 20:19:01 - [TEST_STEP][PASSED] - Statement - month = monthTextArray[0]: null

2018-07-05 20:19:01 - [TEST_STEP][PASSED] - click: Object: 'Object Repository/ReportsPage/previousDateSelector' is clicked on

2018-07-05 20:19:01 - [MESSAGE][PASSED] - Object: 'Object Repository/ReportsPage/previousDateSelector' is clicked on

2018-07-05 20:19:01 - [TEST_STEP][PASSED] - Statement - monthText = com.kms.katalon.core.webui.keyword.WebUiBuiltInKeywords.getText(com.kms.katalon.core.testobject.ObjectRepository.findTestObject(ReportsPage/monthText)): Text of object 'Object Repository/ReportsPage/monthText' is: 'March 2018'

2018-07-05 20:19:01 - [MESSAGE][PASSED] - Text of object 'Object Repository/ReportsPage/monthText' is: 'March 2018'

2018-07-05 20:19:01 - [TEST_STEP][PASSED] - Statement - monthTextArray = monthText.split(" "): null

2018-07-05 20:19:01 - [TEST_STEP][PASSED] - Statement - month = monthTextArray[0]: null

2018-07-05 20:19:01 - [TEST_STEP][PASSED] - Statement - data = CustomKeywords.projectSpecific.Reusability.getTestData("ReportsPage", "StartDate_March1"): projectSpecific.Reusability.getTestData is PASSED

2018-07-05 20:19:01 - [MESSAGE][PASSED] - projectSpecific.Reusability.getTestData is PASSED

2018-07-05 20:19:01 - [TEST_STEP][PASSED] - Statement - startDate = "(//td[text()='" + data + "'])[1]": null

2018-07-05 20:19:01 - [TEST_STEP][PASSED] - Statement - println(startDate): null

2018-07-05 20:19:01 - [TEST_STEP][PASSED] - Statement - startdateEle = driver.findElement(org.openqa.selenium.By.xpath(startDate)): null

2018-07-05 20:19:01 - [TEST_STEP][PASSED] - Statement - startdateEle.click(): null

2018-07-05 20:19:01 - [TEST_STEP][PASSED] - delay: Delayed 5 second(s)

2018-07-05 20:19:06 - [MESSAGE][PASSED] - Delayed 5 second(s)

2018-07-05 20:19:06 - [TEST_STEP][PASSED] - click: Object: 'Object Repository/ReportsPage/toDateSelector' is clicked on

2018-07-05 20:19:06 - [MESSAGE][PASSED] - Object: 'Object Repository/ReportsPage/toDateSelector' is clicked on

2018-07-05 20:19:06 - [TEST_STEP][PASSED] - Statement - monthText = com.kms.katalon.core.webui.keyword.WebUiBuiltInKeywords.getText(com.kms.katalon.core.testobject.ObjectRepository.findTestObject(ReportsPage/monthText2)): Text of object 'Object Repository/ReportsPage/monthText2' is: 'July 2018'

2018-07-05 20:19:06 - [MESSAGE][PASSED] - Text of object 'Object Repository/ReportsPage/monthText2' is: 'July 2018'

2018-07-05 20:19:06 - [TEST_STEP][PASSED] - Statement - monthTextArray = monthText.split(" "): null

2018-07-05 20:19:06 - [TEST_STEP][PASSED] - Statement - month = monthTextArray[0]: null

2018-07-05 20:19:06 - [TEST_STEP][PASSED] - Statement - monthTextValue1 = CustomKeywords.projectSpecific.Reusability.getTestData("ReportsPage", "Month"): projectSpecific.Reusability.getTestData is PASSED

2018-07-05 20:19:06 - [MESSAGE][PASSED] - projectSpecific.Reusability.getTestData is PASSED

2018-07-05 20:19:06 - [TEST_STEP][PASSED] - Statement - If (!(monthTextValue1.equals(month))): null

2018-07-05 20:19:06 - [TEST_STEP][PASSED] - Statement - While (!(monthTextValue1.equals(month))): null

2018-07-05 20:19:06 - [TEST_STEP][PASSED] - click: Object: 'Object Repository/ReportsPage/previousDateSelector2' is clicked on

2018-07-05 20:19:06 - [MESSAGE][PASSED] - Object: 'Object Repository/ReportsPage/previousDateSelector2' is clicked on

2018-07-05 20:19:06 - [TEST_STEP][PASSED] - Statement - monthText = com.kms.katalon.core.webui.keyword.WebUiBuiltInKeywords.getText(com.kms.katalon.core.testobject.ObjectRepository.findTestObject(ReportsPage/monthText2)): Text of object 'Object Repository/ReportsPage/monthText2' is: 'June 2018'

2018-07-05 20:19:06 - [MESSAGE][PASSED] - Text of object 'Object Repository/ReportsPage/monthText2' is: 'June 2018'

2018-07-05 20:19:06 - [TEST_STEP][PASSED] - Statement - monthTextArray = monthText.split(" "): null

2018-07-05 20:19:06 - [TEST_STEP][PASSED] - Statement - month = monthTextArray[0]: null

2018-07-05 20:19:06 - [TEST_STEP][PASSED] - click: Object: 'Object Repository/ReportsPage/previousDateSelector2' is clicked on

2018-07-05 20:19:06 - [MESSAGE][PASSED] - Object: 'Object Repository/ReportsPage/previousDateSelector2' is clicked on

2018-07-05 20:19:06 - [TEST_STEP][PASSED] - Statement - monthText = com.kms.katalon.core.webui.keyword.WebUiBuiltInKeywords.getText(com.kms.katalon.core.testobject.ObjectRepository.findTestObject(ReportsPage/monthText2)): Text of object 'Object Repository/ReportsPage/monthText2' is: 'May 2018'

2018-07-05 20:19:06 - [MESSAGE][PASSED] - Text of object 'Object Repository/ReportsPage/monthText2' is: 'May 2018'

2018-07-05 20:19:06 - [TEST_STEP][PASSED] - Statement - monthTextArray = monthText.split(" "): null

2018-07-05 20:19:06 - [TEST_STEP][PASSED] - Statement - month = monthTextArray[0]: null

2018-07-05 20:19:06 - [TEST_STEP][PASSED] - click: Object: 'Object Repository/ReportsPage/previousDateSelector2' is clicked on

2018-07-05 20:19:06 - [MESSAGE][PASSED] - Object: 'Object Repository/ReportsPage/previousDateSelector2' is clicked on

2018-07-05 20:19:06 - [TEST_STEP][PASSED] - Statement - monthText = com.kms.katalon.core.webui.keyword.WebUiBuiltInKeywords.getText(com.kms.katalon.core.testobject.ObjectRepository.findTestObject(ReportsPage/monthText2)): Text of object 'Object Repository/ReportsPage/monthText2' is: 'April 2018'

2018-07-05 20:19:06 - [MESSAGE][PASSED] - Text of object 'Object Repository/ReportsPage/monthText2' is: 'April 2018'

2018-07-05 20:19:06 - [TEST_STEP][PASSED] - Statement - monthTextArray = monthText.split(" "): null

2018-07-05 20:19:06 - [TEST_STEP][PASSED] - Statement - month = monthTextArray[0]: null

2018-07-05 20:19:06 - [TEST_STEP][PASSED] - click: Object: 'Object Repository/ReportsPage/previousDateSelector2' is clicked on

2018-07-05 20:19:06 - [MESSAGE][PASSED] - Object: 'Object Repository/ReportsPage/previousDateSelector2' is clicked on

2018-07-05 20:19:06 - [TEST_STEP][PASSED] - Statement - monthText = com.kms.katalon.core.webui.keyword.WebUiBuiltInKeywords.getText(com.kms.katalon.core.testobject.ObjectRepository.findTestObject(ReportsPage/monthText2)): Text of object 'Object Repository/ReportsPage/monthText2' is: 'March 2018'

2018-07-05 20:19:06 - [MESSAGE][PASSED] - Text of object 'Object Repository/ReportsPage/monthText2' is: 'March 2018'

2018-07-05 20:19:06 - [TEST_STEP][PASSED] - Statement - monthTextArray = monthText.split(" "): null

2018-07-05 20:19:06 - [TEST_STEP][PASSED] - Statement - month = monthTextArray[0]: null

2018-07-05 20:19:06 - [TEST_STEP][PASSED] - Statement - endDate = CustomKeywords.projectSpecific.Reusability.getTestData("ReportsPage", "EndDate_March1"): projectSpecific.Reusability.getTestData is PASSED

2018-07-05 20:19:06 - [MESSAGE][PASSED] - projectSpecific.Reusability.getTestData is PASSED

2018-07-05 20:19:06 - [TEST_STEP][PASSED] - Statement - toDate = "(//td[text()='" + endDate + "'])[2]": null

2018-07-05 20:19:06 - [TEST_STEP][PASSED] - Statement - println(toDate): null

2018-07-05 20:19:06 - [TEST_STEP][PASSED] - Statement - toDateEle = driver.findElement(org.openqa.selenium.By.xpath(toDate)): null

2018-07-05 20:19:06 - [TEST_STEP][PASSED] - Statement - toDateEle.click(): null

2018-07-05 20:19:06 - [TEST_STEP][PASSED] - delay: Delayed 5 second(s)

2018-07-05 20:19:11 - [MESSAGE][PASSED] - Delayed 5 second(s)

2018-07-05 20:19:11 - [TEST_STEP][PASSED] - Statement - dateAttr = com.kms.katalon.core.webui.keyword.WebUiBuiltInKeywords.getAttribute(com.kms.katalon.core.testobject.ObjectRepository.findTestObject(ReportsPage/selectedDate1), "value"): Attribute 'value' of object 'Object Repository/ReportsPage/selectedDate1' is: '03/12/2018'

2018-07-05 20:19:11 - [MESSAGE][PASSED] - Attribute 'value' of object 'Object Repository/ReportsPage/selectedDate1' is: '03/12/2018'

2018-07-05 20:19:11 - [TEST_STEP][PASSED] - Statement - fromDateValue = CustomKeywords.projectSpecific.Reusability.getTestData("ReportsPage", "fromDate_March1"): projectSpecific.Reusability.getTestData is PASSED

2018-07-05 20:19:11 - [MESSAGE][PASSED] - projectSpecific.Reusability.getTestData is PASSED

2018-07-05 20:19:11 - [TEST_STEP][PASSED] - Statement - If (!(dateAttr.equals(fromDateValue))): null

2018-07-05 20:19:11 - [TEST_STEP][PASSED] - Statement - dateAttr = com.kms.katalon.core.webui.keyword.WebUiBuiltInKeywords.getAttribute(com.kms.katalon.core.testobject.ObjectRepository.findTestObject(ReportsPage/selectedDate2), "value"): Attribute 'value' of object 'Object Repository/ReportsPage/selectedDate2' is: '03/13/2018'

2018-07-05 20:19:11 - [MESSAGE][PASSED] - Attribute 'value' of object 'Object Repository/ReportsPage/selectedDate2' is: '03/13/2018'

2018-07-05 20:19:11 - [TEST_STEP][PASSED] - Statement - toDateValue = CustomKeywords.projectSpecific.Reusability.getTestData("ReportsPage", "toDate_March1"): projectSpecific.Reusability.getTestData is PASSED

2018-07-05 20:19:11 - [MESSAGE][PASSED] - projectSpecific.Reusability.getTestData is PASSED

2018-07-05 20:19:11 - [TEST_STEP][PASSED] - Statement - If (!(dateAttr.equals(toDateValue))): null

2018-07-05 20:19:11 - [TEST_STEP][PASSED] - click: Object: 'Object Repository/ReportsPage/generateReport' is clicked on

2018-07-05 20:19:12 - [MESSAGE][PASSED] - Object: 'Object Repository/ReportsPage/generateReport' is clicked on

2018-07-05 20:19:12 - [TEST_STEP][PASSED] - delay: Delayed 15 second(s)

2018-07-05 20:19:27 - [MESSAGE][PASSED] - Delayed 15 second(s)

2018-07-05 20:19:27 - [TEST_STEP][PASSED] - Statement - printTime = CustomKeywords.uiaction.CommonUIActions.getText(com.kms.katalon.core.testobject.ObjectRepository.findTestObject(SummarizedReportPage/printTime)): uiaction.CommonUIActions.getText is PASSED

2018-07-05 20:19:27 - [MESSAGE][PASSED] - uiaction.CommonUIActions.getText is PASSED

2018-07-05 20:19:27 - [TEST_STEP][PASSED] - Statement - cal = java.util.Calendar.getInstance(): null

2018-07-05 20:19:27 - [TEST_STEP][PASSED] - Statement - sdf = new java.text.SimpleDateFormat(hh:mm a): null

2018-07-05 20:19:27 - [TEST_STEP][PASSED] - Statement - currentSystemTime = sdf.format(cal.getTime()): null

2018-07-05 20:19:27 - [TEST_STEP][PASSED] - Statement - out.println(currentSystemTime): null

2018-07-05 20:19:27 - [TEST_STEP][PASSED] - Statement - If (currentSystemTime.contains(printTime)): null

2018-07-05 20:19:27 - [TEST_STEP][PASSED] - Statement - out.println("Print Time is displayed the current local time "): null

2018-07-05 20:19:27 - [TEST_STEP][PASSED] - delay: Delayed 5 second(s)

2018-07-05 20:19:32 - [MESSAGE][PASSED] - Delayed 5 second(s)

2018-07-05 20:19:32 - [TEST_STEP][PASSED] - uiaction.CommonUIActions.click: uiaction.CommonUIActions.click is PASSED

2018-07-05 20:19:58 - [MESSAGE][PASSED] - uiaction.CommonUIActions.click is PASSED

2018-07-05 20:19:58 - [TEST_STEP][PASSED] - Statement - assert TCflag == true: null

2018-07-05 20:19:58 - [TEST_STEP][PASSED] - Start listener action : sampleAfterTestCase: Browser is closed

2018-07-05 20:19:58 - [TEST_STEP][PASSED] - Statement - println(testCaseContext.getTestCaseId()): null

2018-07-05 20:19:58 - [TEST_STEP][PASSED] - Statement - println(testCaseContext.getTestCaseStatus()): null

2018-07-05 20:19:58 - [TEST_STEP][PASSED] - closeBrowser: Browser is closed

2018-07-05 20:19:59 - [MESSAGE][PASSED] - Browser is closed]]></system-out>
         <system-err><![CDATA[]]></system-err>
      </testcase>
      <testcase name="Test Cases/TimeZoneTC/HME-Browser-Timezone-03" classname="Test Cases/TimeZoneTC/HME-Browser-Timezone-03" status="PASSED">
         <system-out><![CDATA[2018-07-05 20:19:59 - [TEST_CASE][PASSED] - Test Cases/TimeZoneTC/HME-Browser-Timezone-03: Browser is closed

2018-07-05 20:19:59 - [TEST_STEP][PASSED] - Start listener action : sampleBeforeTestCase: uiaction.CommonUIActions.deleteAllCookies is PASSED

2018-07-05 20:19:59 - [TEST_STEP][PASSED] - openBrowser: Browser is opened with url: ''

2018-07-05 20:20:01 - [MESSAGE][PASSED] - Browser is opened with url: ''

2018-07-05 20:20:01 - [TEST_STEP][PASSED] - maximizeWindow: Current window maximized

2018-07-05 20:20:02 - [MESSAGE][PASSED] - Current window maximized

2018-07-05 20:20:02 - [TEST_STEP][PASSED] - uiaction.CommonUIActions.deleteAllCookies: uiaction.CommonUIActions.deleteAllCookies is PASSED

2018-07-05 20:20:02 - [MESSAGE][PASSED] - Delete all cookies successfully

2018-07-05 20:20:02 - [MESSAGE][PASSED] - uiaction.CommonUIActions.deleteAllCookies is PASSED

2018-07-05 20:20:03 - [TEST_STEP][PASSED] - Statement - TCflag = true: null

2018-07-05 20:20:03 - [TEST_STEP][PASSED] - Statement - Try: uiaction.CommonUIActions.click is PASSED

2018-07-05 20:20:03 - [TEST_STEP][PASSED] - navigateToUrl: Navigate to 'https://engdev.hmedtcloud.com/?pg=Login' successfully

2018-07-05 20:20:28 - [MESSAGE][PASSED] - Navigate to 'https://engdev.hmedtcloud.com/?pg=Login' successfully

2018-07-05 20:20:28 - [TEST_STEP][PASSED] - projectSpecific.Reusability.login: projectSpecific.Reusability.login is PASSED

2018-07-05 20:20:28 - [MESSAGE][PASSED] - projectSpecific.Reusability.getTestData is PASSED

2018-07-05 20:20:28 - [MESSAGE][PASSED] - projectSpecific.Reusability.getTestData is PASSED

2018-07-05 20:20:28 - [MESSAGE][PASSED] - Text 'selvendrank@nousinfo.com' is set on object 'Object Repository/LoginPage/Username'

2018-07-05 20:20:28 - [MESSAGE][PASSED] - Text 'Nous;123' is set on object 'Object Repository/LoginPage/Password'

2018-07-05 20:21:08 - [MESSAGE][PASSED] - Object: 'Object Repository/LoginPage/Login' is clicked on

2018-07-05 20:21:08 - [MESSAGE][PASSED] - projectSpecific.Reusability.login is PASSED

2018-07-05 20:21:08 - [TEST_STEP][PASSED] - delay: Delayed 10 second(s)

2018-07-05 20:21:18 - [MESSAGE][PASSED] - Delayed 10 second(s)

2018-07-05 20:21:18 - [TEST_STEP][PASSED] - Statement - welcomeMsg = CustomKeywords.uiaction.CommonUIActions.getText(com.kms.katalon.core.testobject.ObjectRepository.findTestObject(HomePage/welcomeMessage)): uiaction.CommonUIActions.getText is PASSED

2018-07-05 20:21:18 - [MESSAGE][PASSED] - uiaction.CommonUIActions.getText is PASSED

2018-07-05 20:21:18 - [TEST_STEP][PASSED] - Statement - expactedWelcomeMsg = CustomKeywords.projectSpecific.Reusability.getTestData("HomePage", "welcomeMsg"): projectSpecific.Reusability.getTestData is PASSED

2018-07-05 20:21:18 - [MESSAGE][PASSED] - projectSpecific.Reusability.getTestData is PASSED

2018-07-05 20:21:18 - [TEST_STEP][PASSED] - Statement - If (welcomeMsg.contains(expactedWelcomeMsg)): null

2018-07-05 20:21:18 - [TEST_STEP][PASSED] - Statement - out.println("Welcome message is verified"): null

2018-07-05 20:21:18 - [TEST_STEP][PASSED] - Statement - driver = com.kms.katalon.core.webui.driver.DriverFactory.getWebDriver(): null

2018-07-05 20:21:18 - [TEST_STEP][PASSED] - uiaction.CommonUIActions.click: uiaction.CommonUIActions.click is PASSED

2018-07-05 20:21:31 - [MESSAGE][PASSED] - uiaction.CommonUIActions.click is PASSED

2018-07-05 20:21:31 - [TEST_STEP][PASSED] - Statement - driver.findElement(org.openqa.selenium.By.xpath("(//div[@class='ctable']/table//tr/td[3][contains(text(),'00000012')]/../td//span)[1]")).click(): null

2018-07-05 20:21:34 - [TEST_STEP][PASSED] - uiaction.CommonUIActions.click: uiaction.CommonUIActions.click is PASSED

2018-07-05 20:21:34 - [MESSAGE][PASSED] - uiaction.CommonUIActions.click is PASSED

2018-07-05 20:21:34 - [TEST_STEP][PASSED] - uiaction.CommonUIActions.click: uiaction.CommonUIActions.click is PASSED

2018-07-05 20:21:40 - [MESSAGE][PASSED] - uiaction.CommonUIActions.click is PASSED

2018-07-05 20:21:40 - [TEST_STEP][PASSED] - Statement - storeID = CustomKeywords.uiaction.CommonUIActions.getText(com.kms.katalon.core.testobject.ObjectRepository.findTestObject(StorePage/storeID)): uiaction.CommonUIActions.getText is PASSED

2018-07-05 20:21:40 - [MESSAGE][PASSED] - uiaction.CommonUIActions.getText is PASSED

2018-07-05 20:21:40 - [TEST_STEP][PASSED] - Statement - storenumber = storeID.trim(): null

2018-07-05 20:21:40 - [TEST_STEP][PASSED] - Statement - out.println(" the store number is--" + storenumber.trim()): null

2018-07-05 20:21:40 - [TEST_STEP][PASSED] - uiaction.CommonUIActions.click: uiaction.CommonUIActions.click is PASSED

2018-07-05 20:21:44 - [MESSAGE][PASSED] - uiaction.CommonUIActions.click is PASSED

2018-07-05 20:21:44 - [TEST_STEP][PASSED] - delay: Delayed 15 second(s)

2018-07-05 20:21:59 - [MESSAGE][PASSED] - Delayed 15 second(s)

2018-07-05 20:21:59 - [TEST_STEP][PASSED] - Statement - driver.findElement(org.openqa.selenium.By.xpath("//span[contains(text(),'" + storenumber.trim() + "')]")).click(): null

2018-07-05 20:21:59 - [TEST_STEP][PASSED] - click: Object: 'Object Repository/ReportsPage/timeSelection' is clicked on

2018-07-05 20:21:59 - [MESSAGE][PASSED] - Object: 'Object Repository/ReportsPage/timeSelection' is clicked on

2018-07-05 20:21:59 - [TEST_STEP][PASSED] - click: Object: 'Object Repository/ReportsPage/weekTimeOption' is clicked on

2018-07-05 20:21:59 - [MESSAGE][PASSED] - Object: 'Object Repository/ReportsPage/weekTimeOption' is clicked on

2018-07-05 20:21:59 - [TEST_STEP][PASSED] - click: Object: 'Object Repository/ReportsPage/summaryReportHeading' is clicked on

2018-07-05 20:21:59 - [MESSAGE][PASSED] - Object: 'Object Repository/ReportsPage/summaryReportHeading' is clicked on

2018-07-05 20:21:59 - [TEST_STEP][PASSED] - verifyElementText: Actual text and expected text of test object 'Object Repository/ReportsPage/weekTimeOption' are matched.

2018-07-05 20:21:59 - [MESSAGE][PASSED] - projectSpecific.Reusability.getTestData is PASSED

2018-07-05 20:21:59 - [MESSAGE][PASSED] - Actual text and expected text of test object 'Object Repository/ReportsPage/weekTimeOption' are matched.

2018-07-05 20:21:59 - [TEST_STEP][PASSED] - verifyElementText: Actual text and expected text of test object 'Object Repository/ReportsPage/criteriaTimeMeasure' are matched.

2018-07-05 20:21:59 - [MESSAGE][PASSED] - projectSpecific.Reusability.getTestData is PASSED

2018-07-05 20:21:59 - [MESSAGE][PASSED] - Actual text and expected text of test object 'Object Repository/ReportsPage/criteriaTimeMeasure' are matched.

2018-07-05 20:21:59 - [TEST_STEP][PASSED] - delay: Delayed 5 second(s)

2018-07-05 20:22:04 - [MESSAGE][PASSED] - Delayed 5 second(s)

2018-07-05 20:22:04 - [TEST_STEP][PASSED] - click: Object: 'Object Repository/ReportsPage/fromDateSelector' is clicked on

2018-07-05 20:22:05 - [MESSAGE][PASSED] - Object: 'Object Repository/ReportsPage/fromDateSelector' is clicked on

2018-07-05 20:22:05 - [TEST_STEP][PASSED] - delay: Delayed 5 second(s)

2018-07-05 20:22:10 - [MESSAGE][PASSED] - Delayed 5 second(s)

2018-07-05 20:22:10 - [TEST_STEP][PASSED] - Statement - monthText = com.kms.katalon.core.webui.keyword.WebUiBuiltInKeywords.getText(com.kms.katalon.core.testobject.ObjectRepository.findTestObject(ReportsPage/monthText)): Text of object 'Object Repository/ReportsPage/monthText' is: 'July 2018'

2018-07-05 20:22:10 - [MESSAGE][PASSED] - Text of object 'Object Repository/ReportsPage/monthText' is: 'July 2018'

2018-07-05 20:22:10 - [TEST_STEP][PASSED] - Statement - monthTextArray = monthText.split(" "): null

2018-07-05 20:22:10 - [TEST_STEP][PASSED] - Statement - month = monthTextArray[0]: null

2018-07-05 20:22:10 - [TEST_STEP][PASSED] - Statement - monthTextValue = CustomKeywords.projectSpecific.Reusability.getTestData("ReportsPage", "Month"): projectSpecific.Reusability.getTestData is PASSED

2018-07-05 20:22:10 - [MESSAGE][PASSED] - projectSpecific.Reusability.getTestData is PASSED

2018-07-05 20:22:10 - [TEST_STEP][PASSED] - Statement - If (!(monthTextValue.equals(month))): null

2018-07-05 20:22:10 - [TEST_STEP][PASSED] - Statement - While (!(monthTextValue.equals(month))): null

2018-07-05 20:22:10 - [TEST_STEP][PASSED] - click: Object: 'Object Repository/ReportsPage/previousDateSelector' is clicked on

2018-07-05 20:22:10 - [MESSAGE][PASSED] - Object: 'Object Repository/ReportsPage/previousDateSelector' is clicked on

2018-07-05 20:22:10 - [TEST_STEP][PASSED] - Statement - monthText = com.kms.katalon.core.webui.keyword.WebUiBuiltInKeywords.getText(com.kms.katalon.core.testobject.ObjectRepository.findTestObject(ReportsPage/monthText)): Text of object 'Object Repository/ReportsPage/monthText' is: 'June 2018'

2018-07-05 20:22:10 - [MESSAGE][PASSED] - Text of object 'Object Repository/ReportsPage/monthText' is: 'June 2018'

2018-07-05 20:22:10 - [TEST_STEP][PASSED] - Statement - monthTextArray = monthText.split(" "): null

2018-07-05 20:22:10 - [TEST_STEP][PASSED] - Statement - month = monthTextArray[0]: null

2018-07-05 20:22:10 - [TEST_STEP][PASSED] - click: Object: 'Object Repository/ReportsPage/previousDateSelector' is clicked on

2018-07-05 20:22:10 - [MESSAGE][PASSED] - Object: 'Object Repository/ReportsPage/previousDateSelector' is clicked on

2018-07-05 20:22:10 - [TEST_STEP][PASSED] - Statement - monthText = com.kms.katalon.core.webui.keyword.WebUiBuiltInKeywords.getText(com.kms.katalon.core.testobject.ObjectRepository.findTestObject(ReportsPage/monthText)): Text of object 'Object Repository/ReportsPage/monthText' is: 'May 2018'

2018-07-05 20:22:10 - [MESSAGE][PASSED] - Text of object 'Object Repository/ReportsPage/monthText' is: 'May 2018'

2018-07-05 20:22:10 - [TEST_STEP][PASSED] - Statement - monthTextArray = monthText.split(" "): null

2018-07-05 20:22:10 - [TEST_STEP][PASSED] - Statement - month = monthTextArray[0]: null

2018-07-05 20:22:10 - [TEST_STEP][PASSED] - click: Object: 'Object Repository/ReportsPage/previousDateSelector' is clicked on

2018-07-05 20:22:10 - [MESSAGE][PASSED] - Object: 'Object Repository/ReportsPage/previousDateSelector' is clicked on

2018-07-05 20:22:10 - [TEST_STEP][PASSED] - Statement - monthText = com.kms.katalon.core.webui.keyword.WebUiBuiltInKeywords.getText(com.kms.katalon.core.testobject.ObjectRepository.findTestObject(ReportsPage/monthText)): Text of object 'Object Repository/ReportsPage/monthText' is: 'April 2018'

2018-07-05 20:22:10 - [MESSAGE][PASSED] - Text of object 'Object Repository/ReportsPage/monthText' is: 'April 2018'

2018-07-05 20:22:10 - [TEST_STEP][PASSED] - Statement - monthTextArray = monthText.split(" "): null

2018-07-05 20:22:10 - [TEST_STEP][PASSED] - Statement - month = monthTextArray[0]: null

2018-07-05 20:22:10 - [TEST_STEP][PASSED] - click: Object: 'Object Repository/ReportsPage/previousDateSelector' is clicked on

2018-07-05 20:22:10 - [MESSAGE][PASSED] - Object: 'Object Repository/ReportsPage/previousDateSelector' is clicked on

2018-07-05 20:22:10 - [TEST_STEP][PASSED] - Statement - monthText = com.kms.katalon.core.webui.keyword.WebUiBuiltInKeywords.getText(com.kms.katalon.core.testobject.ObjectRepository.findTestObject(ReportsPage/monthText)): Text of object 'Object Repository/ReportsPage/monthText' is: 'March 2018'

2018-07-05 20:22:10 - [MESSAGE][PASSED] - Text of object 'Object Repository/ReportsPage/monthText' is: 'March 2018'

2018-07-05 20:22:10 - [TEST_STEP][PASSED] - Statement - monthTextArray = monthText.split(" "): null

2018-07-05 20:22:10 - [TEST_STEP][PASSED] - Statement - month = monthTextArray[0]: null

2018-07-05 20:22:10 - [TEST_STEP][PASSED] - Statement - data = CustomKeywords.projectSpecific.Reusability.getTestData("ReportsPage", "StartDate_March2"): projectSpecific.Reusability.getTestData is PASSED

2018-07-05 20:22:10 - [MESSAGE][PASSED] - projectSpecific.Reusability.getTestData is PASSED

2018-07-05 20:22:10 - [TEST_STEP][PASSED] - Statement - startDate = "(//td[text()='" + data + "'])[1]": null

2018-07-05 20:22:10 - [TEST_STEP][PASSED] - Statement - println(startDate): null

2018-07-05 20:22:10 - [TEST_STEP][PASSED] - Statement - startdateEle = driver.findElement(org.openqa.selenium.By.xpath(startDate)): null

2018-07-05 20:22:10 - [TEST_STEP][PASSED] - Statement - startdateEle.click(): null

2018-07-05 20:22:10 - [TEST_STEP][PASSED] - delay: Delayed 5 second(s)

2018-07-05 20:22:15 - [MESSAGE][PASSED] - Delayed 5 second(s)

2018-07-05 20:22:15 - [TEST_STEP][PASSED] - click: Object: 'Object Repository/ReportsPage/toDateSelector' is clicked on

2018-07-05 20:22:15 - [MESSAGE][PASSED] - Object: 'Object Repository/ReportsPage/toDateSelector' is clicked on

2018-07-05 20:22:15 - [TEST_STEP][PASSED] - Statement - monthText = com.kms.katalon.core.webui.keyword.WebUiBuiltInKeywords.getText(com.kms.katalon.core.testobject.ObjectRepository.findTestObject(ReportsPage/monthText2)): Text of object 'Object Repository/ReportsPage/monthText2' is: 'July 2018'

2018-07-05 20:22:15 - [MESSAGE][PASSED] - Text of object 'Object Repository/ReportsPage/monthText2' is: 'July 2018'

2018-07-05 20:22:15 - [TEST_STEP][PASSED] - Statement - monthTextArray = monthText.split(" "): null

2018-07-05 20:22:15 - [TEST_STEP][PASSED] - Statement - month = monthTextArray[0]: null

2018-07-05 20:22:15 - [TEST_STEP][PASSED] - Statement - monthTextValue1 = CustomKeywords.projectSpecific.Reusability.getTestData("ReportsPage", "Month"): projectSpecific.Reusability.getTestData is PASSED

2018-07-05 20:22:15 - [MESSAGE][PASSED] - projectSpecific.Reusability.getTestData is PASSED

2018-07-05 20:22:15 - [TEST_STEP][PASSED] - Statement - If (!(monthTextValue1.equals(month))): null

2018-07-05 20:22:15 - [TEST_STEP][PASSED] - Statement - While (!(monthTextValue1.equals(month))): null

2018-07-05 20:22:15 - [TEST_STEP][PASSED] - click: Object: 'Object Repository/ReportsPage/previousDateSelector2' is clicked on

2018-07-05 20:22:15 - [MESSAGE][PASSED] - Object: 'Object Repository/ReportsPage/previousDateSelector2' is clicked on

2018-07-05 20:22:15 - [TEST_STEP][PASSED] - Statement - monthText = com.kms.katalon.core.webui.keyword.WebUiBuiltInKeywords.getText(com.kms.katalon.core.testobject.ObjectRepository.findTestObject(ReportsPage/monthText2)): Text of object 'Object Repository/ReportsPage/monthText2' is: 'June 2018'

2018-07-05 20:22:15 - [MESSAGE][PASSED] - Text of object 'Object Repository/ReportsPage/monthText2' is: 'June 2018'

2018-07-05 20:22:15 - [TEST_STEP][PASSED] - Statement - monthTextArray = monthText.split(" "): null

2018-07-05 20:22:15 - [TEST_STEP][PASSED] - Statement - month = monthTextArray[0]: null

2018-07-05 20:22:15 - [TEST_STEP][PASSED] - click: Object: 'Object Repository/ReportsPage/previousDateSelector2' is clicked on

2018-07-05 20:22:15 - [MESSAGE][PASSED] - Object: 'Object Repository/ReportsPage/previousDateSelector2' is clicked on

2018-07-05 20:22:15 - [TEST_STEP][PASSED] - Statement - monthText = com.kms.katalon.core.webui.keyword.WebUiBuiltInKeywords.getText(com.kms.katalon.core.testobject.ObjectRepository.findTestObject(ReportsPage/monthText2)): Text of object 'Object Repository/ReportsPage/monthText2' is: 'May 2018'

2018-07-05 20:22:15 - [MESSAGE][PASSED] - Text of object 'Object Repository/ReportsPage/monthText2' is: 'May 2018'

2018-07-05 20:22:15 - [TEST_STEP][PASSED] - Statement - monthTextArray = monthText.split(" "): null

2018-07-05 20:22:15 - [TEST_STEP][PASSED] - Statement - month = monthTextArray[0]: null

2018-07-05 20:22:15 - [TEST_STEP][PASSED] - click: Object: 'Object Repository/ReportsPage/previousDateSelector2' is clicked on

2018-07-05 20:22:15 - [MESSAGE][PASSED] - Object: 'Object Repository/ReportsPage/previousDateSelector2' is clicked on

2018-07-05 20:22:15 - [TEST_STEP][PASSED] - Statement - monthText = com.kms.katalon.core.webui.keyword.WebUiBuiltInKeywords.getText(com.kms.katalon.core.testobject.ObjectRepository.findTestObject(ReportsPage/monthText2)): Text of object 'Object Repository/ReportsPage/monthText2' is: 'April 2018'

2018-07-05 20:22:15 - [MESSAGE][PASSED] - Text of object 'Object Repository/ReportsPage/monthText2' is: 'April 2018'

2018-07-05 20:22:15 - [TEST_STEP][PASSED] - Statement - monthTextArray = monthText.split(" "): null

2018-07-05 20:22:15 - [TEST_STEP][PASSED] - Statement - month = monthTextArray[0]: null

2018-07-05 20:22:15 - [TEST_STEP][PASSED] - click: Object: 'Object Repository/ReportsPage/previousDateSelector2' is clicked on

2018-07-05 20:22:15 - [MESSAGE][PASSED] - Object: 'Object Repository/ReportsPage/previousDateSelector2' is clicked on

2018-07-05 20:22:15 - [TEST_STEP][PASSED] - Statement - monthText = com.kms.katalon.core.webui.keyword.WebUiBuiltInKeywords.getText(com.kms.katalon.core.testobject.ObjectRepository.findTestObject(ReportsPage/monthText2)): Text of object 'Object Repository/ReportsPage/monthText2' is: 'March 2018'

2018-07-05 20:22:16 - [MESSAGE][PASSED] - Text of object 'Object Repository/ReportsPage/monthText2' is: 'March 2018'

2018-07-05 20:22:16 - [TEST_STEP][PASSED] - Statement - monthTextArray = monthText.split(" "): null

2018-07-05 20:22:16 - [TEST_STEP][PASSED] - Statement - month = monthTextArray[0]: null

2018-07-05 20:22:16 - [TEST_STEP][PASSED] - Statement - endDate = CustomKeywords.projectSpecific.Reusability.getTestData("ReportsPage", "EndDate_March2"): projectSpecific.Reusability.getTestData is PASSED

2018-07-05 20:22:16 - [MESSAGE][PASSED] - projectSpecific.Reusability.getTestData is PASSED

2018-07-05 20:22:16 - [TEST_STEP][PASSED] - Statement - toDate = "(//td[text()='" + endDate + "'])[2]": null

2018-07-05 20:22:16 - [TEST_STEP][PASSED] - Statement - println(toDate): null

2018-07-05 20:22:16 - [TEST_STEP][PASSED] - Statement - toDateEle = driver.findElement(org.openqa.selenium.By.xpath(toDate)): null

2018-07-05 20:22:16 - [TEST_STEP][PASSED] - Statement - toDateEle.click(): null

2018-07-05 20:22:16 - [TEST_STEP][PASSED] - delay: Delayed 5 second(s)

2018-07-05 20:22:21 - [MESSAGE][PASSED] - Delayed 5 second(s)

2018-07-05 20:22:21 - [TEST_STEP][PASSED] - Statement - dateAttr = com.kms.katalon.core.webui.keyword.WebUiBuiltInKeywords.getAttribute(com.kms.katalon.core.testobject.ObjectRepository.findTestObject(ReportsPage/selectedDate1), "value"): Attribute 'value' of object 'Object Repository/ReportsPage/selectedDate1' is: '03/13/2018'

2018-07-05 20:22:21 - [MESSAGE][PASSED] - Attribute 'value' of object 'Object Repository/ReportsPage/selectedDate1' is: '03/13/2018'

2018-07-05 20:22:21 - [TEST_STEP][PASSED] - Statement - fromDateValue = CustomKeywords.projectSpecific.Reusability.getTestData("ReportsPage", "fromDate_March2"): projectSpecific.Reusability.getTestData is PASSED

2018-07-05 20:22:21 - [MESSAGE][PASSED] - projectSpecific.Reusability.getTestData is PASSED

2018-07-05 20:22:21 - [TEST_STEP][PASSED] - Statement - If (!(dateAttr.equals(fromDateValue))): null

2018-07-05 20:22:21 - [TEST_STEP][PASSED] - Statement - dateAttr = com.kms.katalon.core.webui.keyword.WebUiBuiltInKeywords.getAttribute(com.kms.katalon.core.testobject.ObjectRepository.findTestObject(ReportsPage/selectedDate2), "value"): Attribute 'value' of object 'Object Repository/ReportsPage/selectedDate2' is: '03/16/2018'

2018-07-05 20:22:21 - [MESSAGE][PASSED] - Attribute 'value' of object 'Object Repository/ReportsPage/selectedDate2' is: '03/16/2018'

2018-07-05 20:22:21 - [TEST_STEP][PASSED] - Statement - toDateValue = CustomKeywords.projectSpecific.Reusability.getTestData("ReportsPage", "toDate_March2"): projectSpecific.Reusability.getTestData is PASSED

2018-07-05 20:22:21 - [MESSAGE][PASSED] - projectSpecific.Reusability.getTestData is PASSED

2018-07-05 20:22:21 - [TEST_STEP][PASSED] - Statement - If (!(dateAttr.equals(toDateValue))): null

2018-07-05 20:22:21 - [TEST_STEP][PASSED] - click: Object: 'Object Repository/ReportsPage/generateReport' is clicked on

2018-07-05 20:22:21 - [MESSAGE][PASSED] - Object: 'Object Repository/ReportsPage/generateReport' is clicked on

2018-07-05 20:22:21 - [TEST_STEP][PASSED] - delay: Delayed 15 second(s)

2018-07-05 20:22:36 - [MESSAGE][PASSED] - Delayed 15 second(s)

2018-07-05 20:22:36 - [TEST_STEP][PASSED] - Statement - printTime = CustomKeywords.uiaction.CommonUIActions.getText(com.kms.katalon.core.testobject.ObjectRepository.findTestObject(SummarizedReportPage/printTime)): uiaction.CommonUIActions.getText is PASSED

2018-07-05 20:22:36 - [MESSAGE][PASSED] - uiaction.CommonUIActions.getText is PASSED

2018-07-05 20:22:36 - [TEST_STEP][PASSED] - Statement - cal = java.util.Calendar.getInstance(): null

2018-07-05 20:22:36 - [TEST_STEP][PASSED] - Statement - sdf = new java.text.SimpleDateFormat(hh:mm a): null

2018-07-05 20:22:36 - [TEST_STEP][PASSED] - Statement - currentSystemTime = sdf.format(cal.getTime()): null

2018-07-05 20:22:36 - [TEST_STEP][PASSED] - Statement - out.println(currentSystemTime): null

2018-07-05 20:22:36 - [TEST_STEP][PASSED] - Statement - If (currentSystemTime.contains(printTime)): null

2018-07-05 20:22:36 - [TEST_STEP][PASSED] - Statement - out.println("Print Time is displayed the current local time "): null

2018-07-05 20:22:36 - [TEST_STEP][PASSED] - delay: Delayed 5 second(s)

2018-07-05 20:22:41 - [MESSAGE][PASSED] - Delayed 5 second(s)

2018-07-05 20:22:41 - [TEST_STEP][PASSED] - uiaction.CommonUIActions.click: uiaction.CommonUIActions.click is PASSED

2018-07-05 20:22:47 - [MESSAGE][PASSED] - uiaction.CommonUIActions.click is PASSED

2018-07-05 20:22:47 - [TEST_STEP][PASSED] - Statement - assert TCflag == true: null

2018-07-05 20:22:47 - [TEST_STEP][PASSED] - Start listener action : sampleAfterTestCase: Browser is closed

2018-07-05 20:22:47 - [TEST_STEP][PASSED] - Statement - println(testCaseContext.getTestCaseId()): null

2018-07-05 20:22:47 - [TEST_STEP][PASSED] - Statement - println(testCaseContext.getTestCaseStatus()): null

2018-07-05 20:22:47 - [TEST_STEP][PASSED] - closeBrowser: Browser is closed

2018-07-05 20:22:48 - [MESSAGE][PASSED] - Browser is closed]]></system-out>
         <system-err><![CDATA[]]></system-err>
      </testcase>
      <testcase name="Test Cases/CreateGroupTC/HME-CreateGroup-04" classname="Test Cases/CreateGroupTC/HME-CreateGroup-04" status="PASSED">
         <system-out><![CDATA[2018-07-05 20:22:48 - [TEST_CASE][PASSED] - Test Cases/CreateGroupTC/HME-CreateGroup-04: Browser is closed

2018-07-05 20:22:48 - [TEST_STEP][PASSED] - Start listener action : sampleBeforeTestCase: uiaction.CommonUIActions.deleteAllCookies is PASSED

2018-07-05 20:22:48 - [TEST_STEP][PASSED] - openBrowser: Browser is opened with url: ''

2018-07-05 20:22:50 - [MESSAGE][PASSED] - Browser is opened with url: ''

2018-07-05 20:22:50 - [TEST_STEP][PASSED] - maximizeWindow: Current window maximized

2018-07-05 20:22:51 - [MESSAGE][PASSED] - Current window maximized

2018-07-05 20:22:51 - [TEST_STEP][PASSED] - uiaction.CommonUIActions.deleteAllCookies: uiaction.CommonUIActions.deleteAllCookies is PASSED

2018-07-05 20:22:51 - [MESSAGE][PASSED] - Delete all cookies successfully

2018-07-05 20:22:51 - [MESSAGE][PASSED] - uiaction.CommonUIActions.deleteAllCookies is PASSED

2018-07-05 20:22:51 - [TEST_STEP][PASSED] - Statement - TCflag = true: null

2018-07-05 20:22:51 - [TEST_STEP][PASSED] - Statement - Try: uiaction.CommonUIActions.click is PASSED

2018-07-05 20:22:51 - [TEST_STEP][PASSED] - navigateToUrl: Navigate to 'https://engdev.hmedtcloud.com/?pg=Login' successfully

2018-07-05 20:23:11 - [MESSAGE][PASSED] - Navigate to 'https://engdev.hmedtcloud.com/?pg=Login' successfully

2018-07-05 20:23:11 - [TEST_STEP][PASSED] - projectSpecific.Reusability.login: projectSpecific.Reusability.login is PASSED

2018-07-05 20:23:11 - [MESSAGE][PASSED] - projectSpecific.Reusability.getTestData is PASSED

2018-07-05 20:23:11 - [MESSAGE][PASSED] - projectSpecific.Reusability.getTestData is PASSED

2018-07-05 20:23:11 - [MESSAGE][PASSED] - Text 'selvendrank@nousinfo.com' is set on object 'Object Repository/LoginPage/Username'

2018-07-05 20:23:11 - [MESSAGE][PASSED] - Text 'Nous;123' is set on object 'Object Repository/LoginPage/Password'

2018-07-05 20:24:16 - [MESSAGE][PASSED] - Object: 'Object Repository/LoginPage/Login' is clicked on

2018-07-05 20:24:16 - [MESSAGE][PASSED] - projectSpecific.Reusability.login is PASSED

2018-07-05 20:24:16 - [TEST_STEP][PASSED] - delay: Delayed 10 second(s)

2018-07-05 20:24:26 - [MESSAGE][PASSED] - Delayed 10 second(s)

2018-07-05 20:24:26 - [TEST_STEP][PASSED] - uiaction.CommonUIActions.click: uiaction.CommonUIActions.click is PASSED

2018-07-05 20:25:12 - [MESSAGE][PASSED] - uiaction.CommonUIActions.click is PASSED

2018-07-05 20:25:12 - [TEST_STEP][PASSED] - delay: Delayed 10 second(s)

2018-07-05 20:25:22 - [MESSAGE][PASSED] - Delayed 10 second(s)

2018-07-05 20:25:22 - [TEST_STEP][PASSED] - uiaction.CommonUIActions.click: uiaction.CommonUIActions.click is PASSED

2018-07-05 20:25:26 - [MESSAGE][PASSED] - uiaction.CommonUIActions.click is PASSED

2018-07-05 20:25:26 - [TEST_STEP][PASSED] - uiaction.CommonUIActions.click: uiaction.CommonUIActions.click is PASSED

2018-07-05 20:25:26 - [MESSAGE][PASSED] - uiaction.CommonUIActions.click is PASSED

2018-07-05 20:25:26 - [TEST_STEP][PASSED] - verifyElementPresent: Object 'Object Repository/ReportingGroupManagement/reportingGroupDetails' is present

2018-07-05 20:25:26 - [MESSAGE][PASSED] - Object 'Object Repository/ReportingGroupManagement/reportingGroupDetails' is present

2018-07-05 20:25:26 - [TEST_STEP][PASSED] - Statement - grpName = CustomKeywords.uiaction.CommonUIActions.getText(com.kms.katalon.core.testobject.ObjectRepository.findTestObject(ReportingGroupManagement/groupName)): uiaction.CommonUIActions.getText is PASSED

2018-07-05 20:25:26 - [MESSAGE][PASSED] - uiaction.CommonUIActions.getText is PASSED

2018-07-05 20:25:26 - [TEST_STEP][PASSED] - Statement - println("grpName"): null

2018-07-05 20:25:26 - [TEST_STEP][PASSED] - Statement - If (grpName.contains("*")): null

2018-07-05 20:25:26 - [TEST_STEP][PASSED] - Statement - out.println("Group Name text box is marked with asterisk symbol"): null

2018-07-05 20:25:26 - [TEST_STEP][PASSED] - uiaction.CommonUIActions.enter: uiaction.CommonUIActions.enter is PASSED

2018-07-05 20:25:26 - [MESSAGE][PASSED] - projectSpecific.Reusability.getTestData is PASSED

2018-07-05 20:25:26 - [MESSAGE][PASSED] - uiaction.CommonUIActions.enter is PASSED

2018-07-05 20:25:26 - [TEST_STEP][PASSED] - uiaction.CommonUIActions.enter: uiaction.CommonUIActions.enter is PASSED

2018-07-05 20:25:26 - [MESSAGE][PASSED] - projectSpecific.Reusability.getTestData is PASSED

2018-07-05 20:25:27 - [MESSAGE][PASSED] - uiaction.CommonUIActions.enter is PASSED

2018-07-05 20:25:27 - [TEST_STEP][PASSED] - uiaction.CommonUIActions.click: uiaction.CommonUIActions.click is PASSED

2018-07-05 20:25:27 - [MESSAGE][PASSED] - uiaction.CommonUIActions.click is PASSED

2018-07-05 20:25:27 - [TEST_STEP][PASSED] - delay: Delayed 10 second(s)

2018-07-05 20:25:37 - [MESSAGE][PASSED] - Delayed 10 second(s)

2018-07-05 20:25:37 - [TEST_STEP][PASSED] - uiaction.CommonUIActions.back: uiaction.CommonUIActions.back is PASSED

2018-07-05 20:25:37 - [MESSAGE][PASSED] - Navigate back successfully

2018-07-05 20:25:37 - [MESSAGE][PASSED] - uiaction.CommonUIActions.back is PASSED

2018-07-05 20:25:37 - [TEST_STEP][PASSED] - delay: Delayed 5 second(s)

2018-07-05 20:25:42 - [MESSAGE][PASSED] - Delayed 5 second(s)

2018-07-05 20:25:42 - [TEST_STEP][PASSED] - uiaction.CommonUIActions.enter: uiaction.CommonUIActions.enter is PASSED

2018-07-05 20:25:42 - [MESSAGE][PASSED] - projectSpecific.Reusability.getTestData is PASSED

2018-07-05 20:25:42 - [MESSAGE][PASSED] - uiaction.CommonUIActions.enter is PASSED

2018-07-05 20:25:42 - [TEST_STEP][PASSED] - uiaction.CommonUIActions.enter: uiaction.CommonUIActions.enter is PASSED

2018-07-05 20:25:42 - [MESSAGE][PASSED] - projectSpecific.Reusability.getTestData is PASSED

2018-07-05 20:25:42 - [MESSAGE][PASSED] - uiaction.CommonUIActions.enter is PASSED

2018-07-05 20:25:42 - [TEST_STEP][PASSED] - uiaction.CommonUIActions.click: uiaction.CommonUIActions.click is PASSED

2018-07-05 20:25:42 - [MESSAGE][PASSED] - uiaction.CommonUIActions.click is PASSED

2018-07-05 20:25:42 - [TEST_STEP][PASSED] - delay: Delayed 10 second(s)

2018-07-05 20:25:52 - [MESSAGE][PASSED] - Delayed 10 second(s)

2018-07-05 20:25:52 - [TEST_STEP][PASSED] - uiaction.CommonUIActions.back: uiaction.CommonUIActions.back is PASSED

2018-07-05 20:25:52 - [MESSAGE][PASSED] - Navigate back successfully

2018-07-05 20:25:52 - [MESSAGE][PASSED] - uiaction.CommonUIActions.back is PASSED

2018-07-05 20:25:52 - [TEST_STEP][PASSED] - delay: Delayed 5 second(s)

2018-07-05 20:25:57 - [MESSAGE][PASSED] - Delayed 5 second(s)

2018-07-05 20:25:57 - [TEST_STEP][PASSED] - uiaction.CommonUIActions.back: uiaction.CommonUIActions.back is PASSED

2018-07-05 20:25:57 - [MESSAGE][PASSED] - Navigate back successfully

2018-07-05 20:25:57 - [MESSAGE][PASSED] - uiaction.CommonUIActions.back is PASSED

2018-07-05 20:25:57 - [TEST_STEP][PASSED] - delay: Delayed 5 second(s)

2018-07-05 20:26:02 - [MESSAGE][PASSED] - Delayed 5 second(s)

2018-07-05 20:26:02 - [TEST_STEP][PASSED] - uiaction.CommonUIActions.click: uiaction.CommonUIActions.click is PASSED

2018-07-05 20:26:02 - [MESSAGE][PASSED] - uiaction.CommonUIActions.click is PASSED

2018-07-05 20:26:02 - [TEST_STEP][PASSED] - Statement - StoreList = CustomKeywords.projectSpecific.Reusability.getTestData("ReportingGroupManagementPage", "dummyGroupName2"): projectSpecific.Reusability.getTestData is PASSED

2018-07-05 20:26:02 - [MESSAGE][PASSED] - projectSpecific.Reusability.getTestData is PASSED

2018-07-05 20:26:02 - [TEST_STEP][PASSED] - Statement - listOfStores = new java.util.ArrayList(java.util.Arrays.asList(StoreList)): null

2018-07-05 20:26:02 - [TEST_STEP][PASSED] - Statement - out.println(listOfStores): null

2018-07-05 20:26:02 - [TEST_STEP][PASSED] - delay: Delayed 10 second(s)

2018-07-05 20:26:12 - [MESSAGE][PASSED] - Delayed 10 second(s)

2018-07-05 20:26:12 - [TEST_STEP][PASSED] - Statement - driver = com.kms.katalon.core.webui.driver.DriverFactory.getWebDriver(): null

2018-07-05 20:26:12 - [TEST_STEP][PASSED] - Statement - availableStoreList = driver.findElements(org.openqa.selenium.By.xpath(com.kms.katalon.core.testdata.TestDataFactory.findTestData(OR_file).getValue(2, 10))): Reading excel file with source file 'C:\Users\shalinin\Katalon Studio\HME_DEVScripts\Data Files\HME_OR.xlsx' and sheet name 'Sheet1'

2018-07-05 20:26:13 - [TEST_STEP][PASSED] - Statement - actualList = new java.util.ArrayList(): null

2018-07-05 20:26:13 - [TEST_STEP][PASSED] - Statement - For ([i = 0, i < availableStoreList.size(), (i++)]): null

2018-07-05 20:26:13 - [TEST_STEP][PASSED] - Statement - actualList.add(i, availableStoreList.get(i).getText()): null

2018-07-05 20:26:13 - [TEST_STEP][PASSED] - Statement - actualList.add(i, availableStoreList.get(i).getText()): null

2018-07-05 20:26:13 - [TEST_STEP][PASSED] - Statement - actualList.add(i, availableStoreList.get(i).getText()): null

2018-07-05 20:26:13 - [TEST_STEP][PASSED] - Statement - actualList.add(i, availableStoreList.get(i).getText()): null

2018-07-05 20:26:13 - [TEST_STEP][PASSED] - Statement - actualList.add(i, availableStoreList.get(i).getText()): null

2018-07-05 20:26:13 - [TEST_STEP][PASSED] - Statement - actualList.add(i, availableStoreList.get(i).getText()): null

2018-07-05 20:26:13 - [TEST_STEP][PASSED] - Statement - actualList.add(i, availableStoreList.get(i).getText()): null

2018-07-05 20:26:13 - [TEST_STEP][PASSED] - Statement - actualList.add(i, availableStoreList.get(i).getText()): null

2018-07-05 20:26:13 - [TEST_STEP][PASSED] - Statement - actualList.add(i, availableStoreList.get(i).getText()): null

2018-07-05 20:26:13 - [TEST_STEP][PASSED] - Statement - actualList.add(i, availableStoreList.get(i).getText()): null

2018-07-05 20:26:13 - [TEST_STEP][PASSED] - Statement - actualList.add(i, availableStoreList.get(i).getText()): null

2018-07-05 20:26:13 - [TEST_STEP][PASSED] - Statement - actualList.add(i, availableStoreList.get(i).getText()): null

2018-07-05 20:26:13 - [TEST_STEP][PASSED] - Statement - actualList.add(i, availableStoreList.get(i).getText()): null

2018-07-05 20:26:13 - [TEST_STEP][PASSED] - Statement - actualList.add(i, availableStoreList.get(i).getText()): null

2018-07-05 20:26:13 - [TEST_STEP][PASSED] - Statement - actualList.add(i, availableStoreList.get(i).getText()): null

2018-07-05 20:26:13 - [TEST_STEP][PASSED] - Statement - actualList.add(i, availableStoreList.get(i).getText()): null

2018-07-05 20:26:13 - [TEST_STEP][PASSED] - Statement - actualList.add(i, availableStoreList.get(i).getText()): null

2018-07-05 20:26:13 - [TEST_STEP][PASSED] - Statement - actualList.add(i, availableStoreList.get(i).getText()): null

2018-07-05 20:26:13 - [TEST_STEP][PASSED] - Statement - actualList.add(i, availableStoreList.get(i).getText()): null

2018-07-05 20:26:13 - [TEST_STEP][PASSED] - Statement - actualList.add(i, availableStoreList.get(i).getText()): null

2018-07-05 20:26:13 - [TEST_STEP][PASSED] - Statement - actualList.add(i, availableStoreList.get(i).getText()): null

2018-07-05 20:26:13 - [TEST_STEP][PASSED] - Statement - actualList.add(i, availableStoreList.get(i).getText()): null

2018-07-05 20:26:13 - [TEST_STEP][PASSED] - Statement - actualList.add(i, availableStoreList.get(i).getText()): null

2018-07-05 20:26:13 - [TEST_STEP][PASSED] - Statement - actualList.add(i, availableStoreList.get(i).getText()): null

2018-07-05 20:26:13 - [TEST_STEP][PASSED] - Statement - actualList.add(i, availableStoreList.get(i).getText()): null

2018-07-05 20:26:13 - [TEST_STEP][PASSED] - Statement - actualList.add(i, availableStoreList.get(i).getText()): null

2018-07-05 20:26:13 - [TEST_STEP][PASSED] - Statement - actualList.add(i, availableStoreList.get(i).getText()): null

2018-07-05 20:26:13 - [TEST_STEP][PASSED] - Statement - actualList.add(i, availableStoreList.get(i).getText()): null

2018-07-05 20:26:13 - [TEST_STEP][PASSED] - Statement - actualList.add(i, availableStoreList.get(i).getText()): null

2018-07-05 20:26:13 - [TEST_STEP][PASSED] - Statement - actualList.add(i, availableStoreList.get(i).getText()): null

2018-07-05 20:26:13 - [TEST_STEP][PASSED] - Statement - actualList.add(i, availableStoreList.get(i).getText()): null

2018-07-05 20:26:13 - [TEST_STEP][PASSED] - Statement - actualList.add(i, availableStoreList.get(i).getText()): null

2018-07-05 20:26:13 - [TEST_STEP][PASSED] - Statement - actualList.add(i, availableStoreList.get(i).getText()): null

2018-07-05 20:26:13 - [TEST_STEP][PASSED] - Statement - actualList.add(i, availableStoreList.get(i).getText()): null

2018-07-05 20:26:13 - [TEST_STEP][PASSED] - Statement - actualList.add(i, availableStoreList.get(i).getText()): null

2018-07-05 20:26:13 - [TEST_STEP][PASSED] - Statement - actualList.add(i, availableStoreList.get(i).getText()): null

2018-07-05 20:26:13 - [TEST_STEP][PASSED] - Statement - actualList.add(i, availableStoreList.get(i).getText()): null

2018-07-05 20:26:13 - [TEST_STEP][PASSED] - Statement - actualList.add(i, availableStoreList.get(i).getText()): null

2018-07-05 20:26:13 - [TEST_STEP][PASSED] - Statement - actualList.add(i, availableStoreList.get(i).getText()): null

2018-07-05 20:26:13 - [TEST_STEP][PASSED] - Statement - actualList.add(i, availableStoreList.get(i).getText()): null

2018-07-05 20:26:13 - [TEST_STEP][PASSED] - Statement - actualList.add(i, availableStoreList.get(i).getText()): null

2018-07-05 20:26:13 - [TEST_STEP][PASSED] - Statement - actualList.add(i, availableStoreList.get(i).getText()): null

2018-07-05 20:26:13 - [TEST_STEP][PASSED] - Statement - actualList.add(i, availableStoreList.get(i).getText()): null

2018-07-05 20:26:13 - [TEST_STEP][PASSED] - Statement - actualList.add(i, availableStoreList.get(i).getText()): null

2018-07-05 20:26:14 - [TEST_STEP][PASSED] - Statement - actualList.add(i, availableStoreList.get(i).getText()): null

2018-07-05 20:26:14 - [TEST_STEP][PASSED] - Statement - actualList.add(i, availableStoreList.get(i).getText()): null

2018-07-05 20:26:14 - [TEST_STEP][PASSED] - Statement - actualList.add(i, availableStoreList.get(i).getText()): null

2018-07-05 20:26:14 - [TEST_STEP][PASSED] - Statement - actualList.add(i, availableStoreList.get(i).getText()): null

2018-07-05 20:26:14 - [TEST_STEP][PASSED] - Statement - actualList.add(i, availableStoreList.get(i).getText()): null

2018-07-05 20:26:14 - [TEST_STEP][PASSED] - Statement - actualList.add(i, availableStoreList.get(i).getText()): null

2018-07-05 20:26:14 - [TEST_STEP][PASSED] - Statement - actualList.add(i, availableStoreList.get(i).getText()): null

2018-07-05 20:26:14 - [TEST_STEP][PASSED] - Statement - actualList.add(i, availableStoreList.get(i).getText()): null

2018-07-05 20:26:14 - [TEST_STEP][PASSED] - Statement - actualList.add(i, availableStoreList.get(i).getText()): null

2018-07-05 20:26:14 - [TEST_STEP][PASSED] - Statement - actualList.add(i, availableStoreList.get(i).getText()): null

2018-07-05 20:26:14 - [TEST_STEP][PASSED] - Statement - actualList.add(i, availableStoreList.get(i).getText()): null

2018-07-05 20:26:14 - [TEST_STEP][PASSED] - Statement - actualList.add(i, availableStoreList.get(i).getText()): null

2018-07-05 20:26:14 - [TEST_STEP][PASSED] - Statement - actualList.add(i, availableStoreList.get(i).getText()): null

2018-07-05 20:26:14 - [TEST_STEP][PASSED] - Statement - actualList.add(i, availableStoreList.get(i).getText()): null

2018-07-05 20:26:14 - [TEST_STEP][PASSED] - Statement - actualList.add(i, availableStoreList.get(i).getText()): null

2018-07-05 20:26:14 - [TEST_STEP][PASSED] - Statement - actualList.add(i, availableStoreList.get(i).getText()): null

2018-07-05 20:26:14 - [TEST_STEP][PASSED] - Statement - actualList.add(i, availableStoreList.get(i).getText()): null

2018-07-05 20:26:14 - [TEST_STEP][PASSED] - Statement - actualList.add(i, availableStoreList.get(i).getText()): null

2018-07-05 20:26:14 - [TEST_STEP][PASSED] - Statement - actualList.add(i, availableStoreList.get(i).getText()): null

2018-07-05 20:26:14 - [TEST_STEP][PASSED] - Statement - actualList.add(i, availableStoreList.get(i).getText()): null

2018-07-05 20:26:14 - [TEST_STEP][PASSED] - Statement - actualList.add(i, availableStoreList.get(i).getText()): null

2018-07-05 20:26:14 - [TEST_STEP][PASSED] - Statement - actualList.add(i, availableStoreList.get(i).getText()): null

2018-07-05 20:26:14 - [TEST_STEP][PASSED] - Statement - actualList.add(i, availableStoreList.get(i).getText()): null

2018-07-05 20:26:14 - [TEST_STEP][PASSED] - Statement - actualList.add(i, availableStoreList.get(i).getText()): null

2018-07-05 20:26:14 - [TEST_STEP][PASSED] - Statement - actualList.add(i, availableStoreList.get(i).getText()): null

2018-07-05 20:26:14 - [TEST_STEP][PASSED] - Statement - actualList.add(i, availableStoreList.get(i).getText()): null

2018-07-05 20:26:14 - [TEST_STEP][PASSED] - Statement - actualList.add(i, availableStoreList.get(i).getText()): null

2018-07-05 20:26:14 - [TEST_STEP][PASSED] - Statement - actualList.add(i, availableStoreList.get(i).getText()): null

2018-07-05 20:26:14 - [TEST_STEP][PASSED] - Statement - actualList.add(i, availableStoreList.get(i).getText()): null

2018-07-05 20:26:14 - [TEST_STEP][PASSED] - Statement - actualList.add(i, availableStoreList.get(i).getText()): null

2018-07-05 20:26:14 - [TEST_STEP][PASSED] - Statement - actualList.add(i, availableStoreList.get(i).getText()): null

2018-07-05 20:26:14 - [TEST_STEP][PASSED] - Statement - actualList.add(i, availableStoreList.get(i).getText()): null

2018-07-05 20:26:14 - [TEST_STEP][PASSED] - Statement - actualList.add(i, availableStoreList.get(i).getText()): null

2018-07-05 20:26:14 - [TEST_STEP][PASSED] - Statement - actualList.add(i, availableStoreList.get(i).getText()): null

2018-07-05 20:26:14 - [TEST_STEP][PASSED] - Statement - actualList.add(i, availableStoreList.get(i).getText()): null

2018-07-05 20:26:14 - [TEST_STEP][PASSED] - Statement - actualList.add(i, availableStoreList.get(i).getText()): null

2018-07-05 20:26:14 - [TEST_STEP][PASSED] - Statement - actualList.add(i, availableStoreList.get(i).getText()): null

2018-07-05 20:26:14 - [TEST_STEP][PASSED] - Statement - actualList.add(i, availableStoreList.get(i).getText()): null

2018-07-05 20:26:14 - [TEST_STEP][PASSED] - Statement - actualList.add(i, availableStoreList.get(i).getText()): null

2018-07-05 20:26:14 - [TEST_STEP][PASSED] - Statement - actualList.add(i, availableStoreList.get(i).getText()): null

2018-07-05 20:26:14 - [TEST_STEP][PASSED] - Statement - actualList.add(i, availableStoreList.get(i).getText()): null

2018-07-05 20:26:14 - [TEST_STEP][PASSED] - Statement - actualList.add(i, availableStoreList.get(i).getText()): null

2018-07-05 20:26:14 - [TEST_STEP][PASSED] - Statement - actualList.add(i, availableStoreList.get(i).getText()): null

2018-07-05 20:26:14 - [TEST_STEP][PASSED] - Statement - actualList.add(i, availableStoreList.get(i).getText()): null

2018-07-05 20:26:14 - [TEST_STEP][PASSED] - Statement - actualList.add(i, availableStoreList.get(i).getText()): null

2018-07-05 20:26:14 - [TEST_STEP][PASSED] - Statement - actualList.add(i, availableStoreList.get(i).getText()): null

2018-07-05 20:26:14 - [TEST_STEP][PASSED] - Statement - actualList.add(i, availableStoreList.get(i).getText()): null

2018-07-05 20:26:14 - [TEST_STEP][PASSED] - Statement - actualList.add(i, availableStoreList.get(i).getText()): null

2018-07-05 20:26:14 - [TEST_STEP][PASSED] - Statement - actualList.add(i, availableStoreList.get(i).getText()): null

2018-07-05 20:26:14 - [TEST_STEP][PASSED] - Statement - actualList.add(i, availableStoreList.get(i).getText()): null

2018-07-05 20:26:14 - [TEST_STEP][PASSED] - Statement - actualList.add(i, availableStoreList.get(i).getText()): null

2018-07-05 20:26:14 - [TEST_STEP][PASSED] - Statement - actualList.add(i, availableStoreList.get(i).getText()): null

2018-07-05 20:26:14 - [TEST_STEP][PASSED] - Statement - actualList.add(i, availableStoreList.get(i).getText()): null

2018-07-05 20:26:14 - [TEST_STEP][PASSED] - Statement - actualList.add(i, availableStoreList.get(i).getText()): null

2018-07-05 20:26:14 - [TEST_STEP][PASSED] - Statement - actualList.add(i, availableStoreList.get(i).getText()): null

2018-07-05 20:26:14 - [TEST_STEP][PASSED] - Statement - actualList.add(i, availableStoreList.get(i).getText()): null

2018-07-05 20:26:14 - [TEST_STEP][PASSED] - Statement - actualList.add(i, availableStoreList.get(i).getText()): null

2018-07-05 20:26:14 - [TEST_STEP][PASSED] - Statement - actualList.add(i, availableStoreList.get(i).getText()): null

2018-07-05 20:26:14 - [TEST_STEP][PASSED] - Statement - actualList.add(i, availableStoreList.get(i).getText()): null

2018-07-05 20:26:14 - [TEST_STEP][PASSED] - Statement - actualList.add(i, availableStoreList.get(i).getText()): null

2018-07-05 20:26:14 - [TEST_STEP][PASSED] - Statement - actualList.add(i, availableStoreList.get(i).getText()): null

2018-07-05 20:26:14 - [TEST_STEP][PASSED] - Statement - actualList.add(i, availableStoreList.get(i).getText()): null

2018-07-05 20:26:15 - [TEST_STEP][PASSED] - Statement - actualList.add(i, availableStoreList.get(i).getText()): null

2018-07-05 20:26:15 - [TEST_STEP][PASSED] - Statement - actualList.add(i, availableStoreList.get(i).getText()): null

2018-07-05 20:26:15 - [TEST_STEP][PASSED] - Statement - actualList.add(i, availableStoreList.get(i).getText()): null

2018-07-05 20:26:15 - [TEST_STEP][PASSED] - Statement - actualList.add(i, availableStoreList.get(i).getText()): null

2018-07-05 20:26:15 - [TEST_STEP][PASSED] - Statement - actualList.add(i, availableStoreList.get(i).getText()): null

2018-07-05 20:26:15 - [TEST_STEP][PASSED] - Statement - actualList.add(i, availableStoreList.get(i).getText()): null

2018-07-05 20:26:15 - [TEST_STEP][PASSED] - Statement - actualList.add(i, availableStoreList.get(i).getText()): null

2018-07-05 20:26:15 - [TEST_STEP][PASSED] - Statement - actualList.add(i, availableStoreList.get(i).getText()): null

2018-07-05 20:26:15 - [TEST_STEP][PASSED] - Statement - actualList.add(i, availableStoreList.get(i).getText()): null

2018-07-05 20:26:15 - [TEST_STEP][PASSED] - Statement - actualList.add(i, availableStoreList.get(i).getText()): null

2018-07-05 20:26:15 - [TEST_STEP][PASSED] - Statement - actualList.add(i, availableStoreList.get(i).getText()): null

2018-07-05 20:26:15 - [TEST_STEP][PASSED] - Statement - actualList.add(i, availableStoreList.get(i).getText()): null

2018-07-05 20:26:15 - [TEST_STEP][PASSED] - Statement - actualList.add(i, availableStoreList.get(i).getText()): null

2018-07-05 20:26:15 - [TEST_STEP][PASSED] - Statement - actualList.add(i, availableStoreList.get(i).getText()): null

2018-07-05 20:26:15 - [TEST_STEP][PASSED] - Statement - actualList.add(i, availableStoreList.get(i).getText()): null

2018-07-05 20:26:15 - [TEST_STEP][PASSED] - Statement - actualList.add(i, availableStoreList.get(i).getText()): null

2018-07-05 20:26:15 - [TEST_STEP][PASSED] - Statement - actualList.add(i, availableStoreList.get(i).getText()): null

2018-07-05 20:26:15 - [TEST_STEP][PASSED] - Statement - actualList.add(i, availableStoreList.get(i).getText()): null

2018-07-05 20:26:15 - [TEST_STEP][PASSED] - Statement - actualList.add(i, availableStoreList.get(i).getText()): null

2018-07-05 20:26:15 - [TEST_STEP][PASSED] - Statement - actualList.add(i, availableStoreList.get(i).getText()): null

2018-07-05 20:26:15 - [TEST_STEP][PASSED] - Statement - actualList.add(i, availableStoreList.get(i).getText()): null

2018-07-05 20:26:15 - [TEST_STEP][PASSED] - Statement - actualList.add(i, availableStoreList.get(i).getText()): null

2018-07-05 20:26:15 - [TEST_STEP][PASSED] - Statement - actualList.add(i, availableStoreList.get(i).getText()): null

2018-07-05 20:26:15 - [TEST_STEP][PASSED] - Statement - actualList.add(i, availableStoreList.get(i).getText()): null

2018-07-05 20:26:15 - [TEST_STEP][PASSED] - Statement - actualList.add(i, availableStoreList.get(i).getText()): null

2018-07-05 20:26:15 - [TEST_STEP][PASSED] - Statement - actualList.add(i, availableStoreList.get(i).getText()): null

2018-07-05 20:26:15 - [TEST_STEP][PASSED] - Statement - actualList.add(i, availableStoreList.get(i).getText()): null

2018-07-05 20:26:15 - [TEST_STEP][PASSED] - Statement - actualList.add(i, availableStoreList.get(i).getText()): null

2018-07-05 20:26:15 - [TEST_STEP][PASSED] - Statement - actualList.add(i, availableStoreList.get(i).getText()): null

2018-07-05 20:26:15 - [TEST_STEP][PASSED] - Statement - actualList.add(i, availableStoreList.get(i).getText()): null

2018-07-05 20:26:15 - [TEST_STEP][PASSED] - Statement - actualList.add(i, availableStoreList.get(i).getText()): null

2018-07-05 20:26:15 - [TEST_STEP][PASSED] - Statement - actualList.add(i, availableStoreList.get(i).getText()): null

2018-07-05 20:26:15 - [TEST_STEP][PASSED] - Statement - actualList.add(i, availableStoreList.get(i).getText()): null

2018-07-05 20:26:15 - [TEST_STEP][PASSED] - Statement - actualList.add(i, availableStoreList.get(i).getText()): null

2018-07-05 20:26:15 - [TEST_STEP][PASSED] - Statement - actualList.add(i, availableStoreList.get(i).getText()): null

2018-07-05 20:26:15 - [TEST_STEP][PASSED] - Statement - actualList.add(i, availableStoreList.get(i).getText()): null

2018-07-05 20:26:15 - [TEST_STEP][PASSED] - Statement - actualList.add(i, availableStoreList.get(i).getText()): null

2018-07-05 20:26:15 - [TEST_STEP][PASSED] - Statement - actualList.add(i, availableStoreList.get(i).getText()): null

2018-07-05 20:26:15 - [TEST_STEP][PASSED] - Statement - actualList.add(i, availableStoreList.get(i).getText()): null

2018-07-05 20:26:15 - [TEST_STEP][PASSED] - Statement - actualList.add(i, availableStoreList.get(i).getText()): null

2018-07-05 20:26:15 - [TEST_STEP][PASSED] - Statement - actualList.add(i, availableStoreList.get(i).getText()): null

2018-07-05 20:26:15 - [TEST_STEP][PASSED] - Statement - actualList.add(i, availableStoreList.get(i).getText()): null

2018-07-05 20:26:15 - [TEST_STEP][PASSED] - Statement - actualList.add(i, availableStoreList.get(i).getText()): null

2018-07-05 20:26:15 - [TEST_STEP][PASSED] - Statement - actualList.add(i, availableStoreList.get(i).getText()): null

2018-07-05 20:26:15 - [TEST_STEP][PASSED] - Statement - actualList.add(i, availableStoreList.get(i).getText()): null

2018-07-05 20:26:15 - [TEST_STEP][PASSED] - Statement - actualList.add(i, availableStoreList.get(i).getText()): null

2018-07-05 20:26:15 - [TEST_STEP][PASSED] - Statement - actualList.add(i, availableStoreList.get(i).getText()): null

2018-07-05 20:26:15 - [TEST_STEP][PASSED] - Statement - actualList.add(i, availableStoreList.get(i).getText()): null

2018-07-05 20:26:15 - [TEST_STEP][PASSED] - Statement - actualList.add(i, availableStoreList.get(i).getText()): null

2018-07-05 20:26:15 - [TEST_STEP][PASSED] - Statement - actualList.add(i, availableStoreList.get(i).getText()): null

2018-07-05 20:26:15 - [TEST_STEP][PASSED] - Statement - actualList.add(i, availableStoreList.get(i).getText()): null

2018-07-05 20:26:15 - [TEST_STEP][PASSED] - Statement - actualList.add(i, availableStoreList.get(i).getText()): null

2018-07-05 20:26:15 - [TEST_STEP][PASSED] - Statement - actualList.add(i, availableStoreList.get(i).getText()): null

2018-07-05 20:26:15 - [TEST_STEP][PASSED] - Statement - actualList.add(i, availableStoreList.get(i).getText()): null

2018-07-05 20:26:15 - [TEST_STEP][PASSED] - Statement - actualList.add(i, availableStoreList.get(i).getText()): null

2018-07-05 20:26:15 - [TEST_STEP][PASSED] - Statement - actualList.add(i, availableStoreList.get(i).getText()): null

2018-07-05 20:26:15 - [TEST_STEP][PASSED] - Statement - actualList.add(i, availableStoreList.get(i).getText()): null

2018-07-05 20:26:15 - [TEST_STEP][PASSED] - Statement - actualList.add(i, availableStoreList.get(i).getText()): null

2018-07-05 20:26:15 - [TEST_STEP][PASSED] - Statement - actualList.add(i, availableStoreList.get(i).getText()): null

2018-07-05 20:26:15 - [TEST_STEP][PASSED] - Statement - actualList.add(i, availableStoreList.get(i).getText()): null

2018-07-05 20:26:15 - [TEST_STEP][PASSED] - Statement - actualList.add(i, availableStoreList.get(i).getText()): null

2018-07-05 20:26:15 - [TEST_STEP][PASSED] - Statement - actualList.add(i, availableStoreList.get(i).getText()): null

2018-07-05 20:26:15 - [TEST_STEP][PASSED] - Statement - actualList.add(i, availableStoreList.get(i).getText()): null

2018-07-05 20:26:16 - [TEST_STEP][PASSED] - Statement - actualList.add(i, availableStoreList.get(i).getText()): null

2018-07-05 20:26:16 - [TEST_STEP][PASSED] - Statement - actualList.add(i, availableStoreList.get(i).getText()): null

2018-07-05 20:26:16 - [TEST_STEP][PASSED] - Statement - actualList.add(i, availableStoreList.get(i).getText()): null

2018-07-05 20:26:16 - [TEST_STEP][PASSED] - Statement - actualList.add(i, availableStoreList.get(i).getText()): null

2018-07-05 20:26:16 - [TEST_STEP][PASSED] - Statement - actualList.add(i, availableStoreList.get(i).getText()): null

2018-07-05 20:26:16 - [TEST_STEP][PASSED] - Statement - actualList.add(i, availableStoreList.get(i).getText()): null

2018-07-05 20:26:16 - [TEST_STEP][PASSED] - Statement - actualList.add(i, availableStoreList.get(i).getText()): null

2018-07-05 20:26:16 - [TEST_STEP][PASSED] - Statement - actualList.add(i, availableStoreList.get(i).getText()): null

2018-07-05 20:26:16 - [TEST_STEP][PASSED] - Statement - actualList.add(i, availableStoreList.get(i).getText()): null

2018-07-05 20:26:16 - [TEST_STEP][PASSED] - Statement - actualList.add(i, availableStoreList.get(i).getText()): null

2018-07-05 20:26:16 - [TEST_STEP][PASSED] - Statement - actualList.add(i, availableStoreList.get(i).getText()): null

2018-07-05 20:26:16 - [TEST_STEP][PASSED] - Statement - actualList.add(i, availableStoreList.get(i).getText()): null

2018-07-05 20:26:16 - [TEST_STEP][PASSED] - Statement - actualList.add(i, availableStoreList.get(i).getText()): null

2018-07-05 20:26:16 - [TEST_STEP][PASSED] - Statement - actualList.add(i, availableStoreList.get(i).getText()): null

2018-07-05 20:26:16 - [TEST_STEP][PASSED] - Statement - actualList.add(i, availableStoreList.get(i).getText()): null

2018-07-05 20:26:16 - [TEST_STEP][PASSED] - Statement - actualList.add(i, availableStoreList.get(i).getText()): null

2018-07-05 20:26:16 - [TEST_STEP][PASSED] - Statement - actualList.add(i, availableStoreList.get(i).getText()): null

2018-07-05 20:26:16 - [TEST_STEP][PASSED] - Statement - actualList.add(i, availableStoreList.get(i).getText()): null

2018-07-05 20:26:16 - [TEST_STEP][PASSED] - Statement - actualList.add(i, availableStoreList.get(i).getText()): null

2018-07-05 20:26:16 - [TEST_STEP][PASSED] - Statement - actualList.add(i, availableStoreList.get(i).getText()): null

2018-07-05 20:26:16 - [TEST_STEP][PASSED] - Statement - actualList.add(i, availableStoreList.get(i).getText()): null

2018-07-05 20:26:16 - [TEST_STEP][PASSED] - Statement - actualList.add(i, availableStoreList.get(i).getText()): null

2018-07-05 20:26:16 - [TEST_STEP][PASSED] - Statement - actualList.add(i, availableStoreList.get(i).getText()): null

2018-07-05 20:26:16 - [TEST_STEP][PASSED] - Statement - actualList.add(i, availableStoreList.get(i).getText()): null

2018-07-05 20:26:16 - [TEST_STEP][PASSED] - Statement - actualList.add(i, availableStoreList.get(i).getText()): null

2018-07-05 20:26:16 - [TEST_STEP][PASSED] - Statement - actualList.add(i, availableStoreList.get(i).getText()): null

2018-07-05 20:26:16 - [TEST_STEP][PASSED] - Statement - actualList.add(i, availableStoreList.get(i).getText()): null

2018-07-05 20:26:16 - [TEST_STEP][PASSED] - Statement - actualList.add(i, availableStoreList.get(i).getText()): null

2018-07-05 20:26:16 - [TEST_STEP][PASSED] - Statement - actualList.add(i, availableStoreList.get(i).getText()): null

2018-07-05 20:26:16 - [TEST_STEP][PASSED] - Statement - actualList.add(i, availableStoreList.get(i).getText()): null

2018-07-05 20:26:16 - [TEST_STEP][PASSED] - Statement - actualList.add(i, availableStoreList.get(i).getText()): null

2018-07-05 20:26:16 - [TEST_STEP][PASSED] - Statement - actualList.add(i, availableStoreList.get(i).getText()): null

2018-07-05 20:26:16 - [TEST_STEP][PASSED] - Statement - actualList.add(i, availableStoreList.get(i).getText()): null

2018-07-05 20:26:16 - [TEST_STEP][PASSED] - Statement - actualList.add(i, availableStoreList.get(i).getText()): null

2018-07-05 20:26:16 - [TEST_STEP][PASSED] - Statement - actualList.add(i, availableStoreList.get(i).getText()): null

2018-07-05 20:26:16 - [TEST_STEP][PASSED] - Statement - actualList.add(i, availableStoreList.get(i).getText()): null

2018-07-05 20:26:16 - [TEST_STEP][PASSED] - Statement - actualList.add(i, availableStoreList.get(i).getText()): null

2018-07-05 20:26:16 - [TEST_STEP][PASSED] - Statement - actualList.add(i, availableStoreList.get(i).getText()): null

2018-07-05 20:26:16 - [TEST_STEP][PASSED] - Statement - actualList.add(i, availableStoreList.get(i).getText()): null

2018-07-05 20:26:16 - [TEST_STEP][PASSED] - Statement - actualList.add(i, availableStoreList.get(i).getText()): null

2018-07-05 20:26:16 - [TEST_STEP][PASSED] - Statement - actualList.add(i, availableStoreList.get(i).getText()): null

2018-07-05 20:26:16 - [TEST_STEP][PASSED] - Statement - actualList.add(i, availableStoreList.get(i).getText()): null

2018-07-05 20:26:16 - [TEST_STEP][PASSED] - Statement - actualList.add(i, availableStoreList.get(i).getText()): null

2018-07-05 20:26:16 - [TEST_STEP][PASSED] - Statement - actualList.add(i, availableStoreList.get(i).getText()): null

2018-07-05 20:26:16 - [TEST_STEP][PASSED] - Statement - actualList.add(i, availableStoreList.get(i).getText()): null

2018-07-05 20:26:16 - [TEST_STEP][PASSED] - Statement - actualList.add(i, availableStoreList.get(i).getText()): null

2018-07-05 20:26:16 - [TEST_STEP][PASSED] - Statement - actualList.add(i, availableStoreList.get(i).getText()): null

2018-07-05 20:26:16 - [TEST_STEP][PASSED] - Statement - actualList.add(i, availableStoreList.get(i).getText()): null

2018-07-05 20:26:16 - [TEST_STEP][PASSED] - Statement - actualList.add(i, availableStoreList.get(i).getText()): null

2018-07-05 20:26:16 - [TEST_STEP][PASSED] - Statement - actualList.add(i, availableStoreList.get(i).getText()): null

2018-07-05 20:26:16 - [TEST_STEP][PASSED] - Statement - actualList.add(i, availableStoreList.get(i).getText()): null

2018-07-05 20:26:16 - [TEST_STEP][PASSED] - Statement - actualList.add(i, availableStoreList.get(i).getText()): null

2018-07-05 20:26:16 - [TEST_STEP][PASSED] - Statement - actualList.add(i, availableStoreList.get(i).getText()): null

2018-07-05 20:26:16 - [TEST_STEP][PASSED] - Statement - actualList.add(i, availableStoreList.get(i).getText()): null

2018-07-05 20:26:16 - [TEST_STEP][PASSED] - Statement - actualList.add(i, availableStoreList.get(i).getText()): null

2018-07-05 20:26:16 - [TEST_STEP][PASSED] - Statement - actualList.add(i, availableStoreList.get(i).getText()): null

2018-07-05 20:26:16 - [TEST_STEP][PASSED] - Statement - actualList.add(i, availableStoreList.get(i).getText()): null

2018-07-05 20:26:16 - [TEST_STEP][PASSED] - Statement - actualList.add(i, availableStoreList.get(i).getText()): null

2018-07-05 20:26:16 - [TEST_STEP][PASSED] - Statement - actualList.add(i, availableStoreList.get(i).getText()): null

2018-07-05 20:26:16 - [TEST_STEP][PASSED] - Statement - actualList.add(i, availableStoreList.get(i).getText()): null

2018-07-05 20:26:16 - [TEST_STEP][PASSED] - Statement - actualList.add(i, availableStoreList.get(i).getText()): null

2018-07-05 20:26:17 - [TEST_STEP][PASSED] - Statement - actualList.add(i, availableStoreList.get(i).getText()): null

2018-07-05 20:26:17 - [TEST_STEP][PASSED] - Statement - actualList.add(i, availableStoreList.get(i).getText()): null

2018-07-05 20:26:17 - [TEST_STEP][PASSED] - Statement - actualList.add(i, availableStoreList.get(i).getText()): null

2018-07-05 20:26:17 - [TEST_STEP][PASSED] - Statement - actualList.add(i, availableStoreList.get(i).getText()): null

2018-07-05 20:26:17 - [TEST_STEP][PASSED] - Statement - actualList.add(i, availableStoreList.get(i).getText()): null

2018-07-05 20:26:17 - [TEST_STEP][PASSED] - Statement - actualList.add(i, availableStoreList.get(i).getText()): null

2018-07-05 20:26:17 - [TEST_STEP][PASSED] - Statement - actualList.add(i, availableStoreList.get(i).getText()): null

2018-07-05 20:26:17 - [TEST_STEP][PASSED] - Statement - actualList.add(i, availableStoreList.get(i).getText()): null

2018-07-05 20:26:17 - [TEST_STEP][PASSED] - Statement - actualList.add(i, availableStoreList.get(i).getText()): null

2018-07-05 20:26:17 - [TEST_STEP][PASSED] - Statement - actualList.add(i, availableStoreList.get(i).getText()): null

2018-07-05 20:26:17 - [TEST_STEP][PASSED] - Statement - actualList.add(i, availableStoreList.get(i).getText()): null

2018-07-05 20:26:17 - [TEST_STEP][PASSED] - Statement - actualList.add(i, availableStoreList.get(i).getText()): null

2018-07-05 20:26:17 - [TEST_STEP][PASSED] - Statement - actualList.add(i, availableStoreList.get(i).getText()): null

2018-07-05 20:26:17 - [TEST_STEP][PASSED] - Statement - actualList.add(i, availableStoreList.get(i).getText()): null

2018-07-05 20:26:17 - [TEST_STEP][PASSED] - Statement - actualList.add(i, availableStoreList.get(i).getText()): null

2018-07-05 20:26:17 - [TEST_STEP][PASSED] - Statement - actualList.add(i, availableStoreList.get(i).getText()): null

2018-07-05 20:26:17 - [TEST_STEP][PASSED] - Statement - actualList.add(i, availableStoreList.get(i).getText()): null

2018-07-05 20:26:17 - [TEST_STEP][PASSED] - Statement - actualList.add(i, availableStoreList.get(i).getText()): null

2018-07-05 20:26:17 - [TEST_STEP][PASSED] - Statement - actualList.add(i, availableStoreList.get(i).getText()): null

2018-07-05 20:26:17 - [TEST_STEP][PASSED] - Statement - actualList.add(i, availableStoreList.get(i).getText()): null

2018-07-05 20:26:17 - [TEST_STEP][PASSED] - Statement - actualList.add(i, availableStoreList.get(i).getText()): null

2018-07-05 20:26:17 - [TEST_STEP][PASSED] - Statement - actualList.add(i, availableStoreList.get(i).getText()): null

2018-07-05 20:26:17 - [TEST_STEP][PASSED] - Statement - actualList.add(i, availableStoreList.get(i).getText()): null

2018-07-05 20:26:17 - [TEST_STEP][PASSED] - Statement - actualList.add(i, availableStoreList.get(i).getText()): null

2018-07-05 20:26:17 - [TEST_STEP][PASSED] - Statement - actualList.add(i, availableStoreList.get(i).getText()): null

2018-07-05 20:26:17 - [TEST_STEP][PASSED] - Statement - actualList.add(i, availableStoreList.get(i).getText()): null

2018-07-05 20:26:17 - [TEST_STEP][PASSED] - Statement - actualList.add(i, availableStoreList.get(i).getText()): null

2018-07-05 20:26:17 - [TEST_STEP][PASSED] - Statement - actualList.add(i, availableStoreList.get(i).getText()): null

2018-07-05 20:26:17 - [TEST_STEP][PASSED] - Statement - actualList.add(i, availableStoreList.get(i).getText()): null

2018-07-05 20:26:17 - [TEST_STEP][PASSED] - Statement - out.println(actualList): null

2018-07-05 20:26:17 - [TEST_STEP][PASSED] - Statement - If (actualList.containsAll(listOfStores)): null

2018-07-05 20:26:17 - [TEST_STEP][PASSED] - Statement - println("Actual list contains the required stores or groups"): null

2018-07-05 20:26:17 - [TEST_STEP][PASSED] - uiaction.CommonUIActions.click: uiaction.CommonUIActions.click is PASSED

2018-07-05 20:26:17 - [MESSAGE][PASSED] - uiaction.CommonUIActions.click is PASSED

2018-07-05 20:26:17 - [TEST_STEP][PASSED] - uiaction.CommonUIActions.click: uiaction.CommonUIActions.click is PASSED

2018-07-05 20:26:17 - [MESSAGE][PASSED] - uiaction.CommonUIActions.click is PASSED

2018-07-05 20:26:17 - [TEST_STEP][PASSED] - uiaction.CommonUIActions.back: uiaction.CommonUIActions.back is PASSED

2018-07-05 20:26:17 - [MESSAGE][PASSED] - Navigate back successfully

2018-07-05 20:26:17 - [MESSAGE][PASSED] - uiaction.CommonUIActions.back is PASSED

2018-07-05 20:26:17 - [TEST_STEP][PASSED] - delay: Delayed 5 second(s)

2018-07-05 20:26:22 - [MESSAGE][PASSED] - Delayed 5 second(s)

2018-07-05 20:26:22 - [TEST_STEP][PASSED] - uiaction.CommonUIActions.back: uiaction.CommonUIActions.back is PASSED

2018-07-05 20:26:22 - [MESSAGE][PASSED] - Navigate back successfully

2018-07-05 20:26:22 - [MESSAGE][PASSED] - uiaction.CommonUIActions.back is PASSED

2018-07-05 20:26:22 - [TEST_STEP][PASSED] - delay: Delayed 5 second(s)

2018-07-05 20:26:27 - [MESSAGE][PASSED] - Delayed 5 second(s)

2018-07-05 20:26:27 - [TEST_STEP][PASSED] - uiaction.CommonUIActions.click: uiaction.CommonUIActions.click is PASSED

2018-07-05 20:26:27 - [MESSAGE][PASSED] - uiaction.CommonUIActions.click is PASSED

2018-07-05 20:26:27 - [TEST_STEP][PASSED] - uiaction.CommonUIActions.click: uiaction.CommonUIActions.click is PASSED

2018-07-05 20:26:27 - [MESSAGE][PASSED] - uiaction.CommonUIActions.click is PASSED

2018-07-05 20:26:27 - [TEST_STEP][PASSED] - uiaction.CommonUIActions.click: uiaction.CommonUIActions.click is PASSED

2018-07-05 20:26:28 - [MESSAGE][PASSED] - uiaction.CommonUIActions.click is PASSED

2018-07-05 20:26:28 - [TEST_STEP][PASSED] - uiaction.CommonUIActions.back: uiaction.CommonUIActions.back is PASSED

2018-07-05 20:26:28 - [MESSAGE][PASSED] - Navigate back successfully

2018-07-05 20:26:28 - [MESSAGE][PASSED] - uiaction.CommonUIActions.back is PASSED

2018-07-05 20:26:28 - [TEST_STEP][PASSED] - delay: Delayed 5 second(s)

2018-07-05 20:26:33 - [MESSAGE][PASSED] - Delayed 5 second(s)

2018-07-05 20:26:33 - [TEST_STEP][PASSED] - uiaction.CommonUIActions.back: uiaction.CommonUIActions.back is PASSED

2018-07-05 20:26:33 - [MESSAGE][PASSED] - Navigate back successfully

2018-07-05 20:26:33 - [MESSAGE][PASSED] - uiaction.CommonUIActions.back is PASSED

2018-07-05 20:26:33 - [TEST_STEP][PASSED] - delay: Delayed 5 second(s)

2018-07-05 20:26:38 - [MESSAGE][PASSED] - Delayed 5 second(s)

2018-07-05 20:26:38 - [TEST_STEP][PASSED] - uiaction.CommonUIActions.click: uiaction.CommonUIActions.click is PASSED

2018-07-05 20:26:38 - [MESSAGE][PASSED] - uiaction.CommonUIActions.click is PASSED

2018-07-05 20:26:38 - [TEST_STEP][PASSED] - delay: Delayed 5 second(s)

2018-07-05 20:26:43 - [MESSAGE][PASSED] - Delayed 5 second(s)

2018-07-05 20:26:43 - [TEST_STEP][PASSED] - Statement - secondStoreListBox = driver.findElements(org.openqa.selenium.By.xpath(com.kms.katalon.core.testdata.TestDataFactory.findTestData(OR_file).getValue(2, 11))): Reading excel file with source file 'C:\Users\shalinin\Katalon Studio\HME_DEVScripts\Data Files\HME_OR.xlsx' and sheet name 'Sheet1'

2018-07-05 20:26:43 - [TEST_STEP][PASSED] - Statement - list = new java.util.ArrayList(): null

2018-07-05 20:26:43 - [TEST_STEP][PASSED] - Statement - For ([i = 0, i < secondStoreListBox.size(), (i++)]): null

2018-07-05 20:26:43 - [TEST_STEP][PASSED] - Statement - If (list.size() == 0): null

2018-07-05 20:26:43 - [TEST_STEP][PASSED] - Statement - println("No Groups/Stores is displayed in Groups/Stores in Group list box"): null

2018-07-05 20:26:43 - [TEST_STEP][PASSED] - uiaction.CommonUIActions.enter: uiaction.CommonUIActions.enter is PASSED

2018-07-05 20:26:43 - [MESSAGE][PASSED] - projectSpecific.Reusability.getTestData is PASSED

2018-07-05 20:26:43 - [MESSAGE][PASSED] - uiaction.CommonUIActions.enter is PASSED

2018-07-05 20:26:43 - [TEST_STEP][PASSED] - uiaction.CommonUIActions.enter: uiaction.CommonUIActions.enter is PASSED

2018-07-05 20:26:43 - [MESSAGE][PASSED] - projectSpecific.Reusability.getTestData is PASSED

2018-07-05 20:26:43 - [MESSAGE][PASSED] - uiaction.CommonUIActions.enter is PASSED

2018-07-05 20:26:43 - [TEST_STEP][PASSED] - uiaction.CommonUIActions.verifyMatch: uiaction.CommonUIActions.verifyMatch is PASSED

2018-07-05 20:26:43 - [MESSAGE][PASSED] - projectSpecific.Reusability.getTestData is PASSED

2018-07-05 20:26:43 - [MESSAGE][PASSED] - Attribute 'value' of object 'Object Repository/ReportingGroupManagement/groupNameTxt' is: 'AutomationGroup'

2018-07-05 20:26:43 - [MESSAGE][PASSED] - Actual text 'AutomationGroup' and expected text 'AutomationGroup' are matched 

2018-07-05 20:26:43 - [MESSAGE][PASSED] - uiaction.CommonUIActions.verifyMatch is PASSED

2018-07-05 20:26:43 - [TEST_STEP][PASSED] - uiaction.CommonUIActions.verifyMatch: uiaction.CommonUIActions.verifyMatch is PASSED

2018-07-05 20:26:43 - [MESSAGE][PASSED] - projectSpecific.Reusability.getTestData is PASSED

2018-07-05 20:26:43 - [MESSAGE][PASSED] - Attribute 'value' of object 'Object Repository/ReportingGroupManagement/groupDescTxt' is: 'South west branch Group 11'

2018-07-05 20:26:43 - [MESSAGE][PASSED] - Actual text 'South west branch Group 11' and expected text 'South west branch Group 11' are matched 

2018-07-05 20:26:43 - [MESSAGE][PASSED] - uiaction.CommonUIActions.verifyMatch is PASSED

2018-07-05 20:26:43 - [TEST_STEP][PASSED] - delay: Delayed 5 second(s)

2018-07-05 20:26:48 - [MESSAGE][PASSED] - Delayed 5 second(s)

2018-07-05 20:26:48 - [TEST_STEP][PASSED] - uiaction.CommonUIActions.click: uiaction.CommonUIActions.click is PASSED

2018-07-05 20:26:48 - [MESSAGE][PASSED] - uiaction.CommonUIActions.click is PASSED

2018-07-05 20:26:48 - [TEST_STEP][PASSED] - Statement - availableStoresCheckBoxList = driver.findElements(org.openqa.selenium.By.xpath(com.kms.katalon.core.testdata.TestDataFactory.findTestData(OR_file).getValue(2, 12))): Reading excel file with source file 'C:\Users\shalinin\Katalon Studio\HME_DEVScripts\Data Files\HME_OR.xlsx' and sheet name 'Sheet1'

2018-07-05 20:26:48 - [TEST_STEP][PASSED] - Statement - index = 1: null

2018-07-05 20:26:48 - [TEST_STEP][PASSED] - Statement - flag = true: null

2018-07-05 20:26:48 - [TEST_STEP][PASSED] - Statement - For ([i = 0, i < availableStoresCheckBoxList.size(), (i++)]): null

2018-07-05 20:26:48 - [TEST_STEP][PASSED] - Statement - element = availableStoresCheckBoxList[i]: null

2018-07-05 20:26:48 - [TEST_STEP][PASSED] - Statement - If (!(element.isSelected())): null

2018-07-05 20:26:48 - [TEST_STEP][PASSED] - Statement - element = availableStoresCheckBoxList[i]: null

2018-07-05 20:26:48 - [TEST_STEP][PASSED] - Statement - If (!(element.isSelected())): null

2018-07-05 20:26:48 - [TEST_STEP][PASSED] - Statement - element = availableStoresCheckBoxList[i]: null

2018-07-05 20:26:48 - [TEST_STEP][PASSED] - Statement - If (!(element.isSelected())): null

2018-07-05 20:26:49 - [TEST_STEP][PASSED] - Statement - element = availableStoresCheckBoxList[i]: null

2018-07-05 20:26:49 - [TEST_STEP][PASSED] - Statement - If (!(element.isSelected())): null

2018-07-05 20:26:49 - [TEST_STEP][PASSED] - Statement - element = availableStoresCheckBoxList[i]: null

2018-07-05 20:26:49 - [TEST_STEP][PASSED] - Statement - If (!(element.isSelected())): null

2018-07-05 20:26:49 - [TEST_STEP][PASSED] - Statement - element = availableStoresCheckBoxList[i]: null

2018-07-05 20:26:49 - [TEST_STEP][PASSED] - Statement - If (!(element.isSelected())): null

2018-07-05 20:26:49 - [TEST_STEP][PASSED] - Statement - element = availableStoresCheckBoxList[i]: null

2018-07-05 20:26:49 - [TEST_STEP][PASSED] - Statement - If (!(element.isSelected())): null

2018-07-05 20:26:49 - [TEST_STEP][PASSED] - Statement - element = availableStoresCheckBoxList[i]: null

2018-07-05 20:26:49 - [TEST_STEP][PASSED] - Statement - If (!(element.isSelected())): null

2018-07-05 20:26:49 - [TEST_STEP][PASSED] - Statement - element = availableStoresCheckBoxList[i]: null

2018-07-05 20:26:49 - [TEST_STEP][PASSED] - Statement - If (!(element.isSelected())): null

2018-07-05 20:26:49 - [TEST_STEP][PASSED] - Statement - element = availableStoresCheckBoxList[i]: null

2018-07-05 20:26:49 - [TEST_STEP][PASSED] - Statement - If (!(element.isSelected())): null

2018-07-05 20:26:49 - [TEST_STEP][PASSED] - Statement - element = availableStoresCheckBoxList[i]: null

2018-07-05 20:26:49 - [TEST_STEP][PASSED] - Statement - If (!(element.isSelected())): null

2018-07-05 20:26:49 - [TEST_STEP][PASSED] - Statement - element = availableStoresCheckBoxList[i]: null

2018-07-05 20:26:49 - [TEST_STEP][PASSED] - Statement - If (!(element.isSelected())): null

2018-07-05 20:26:49 - [TEST_STEP][PASSED] - Statement - element = availableStoresCheckBoxList[i]: null

2018-07-05 20:26:49 - [TEST_STEP][PASSED] - Statement - If (!(element.isSelected())): null

2018-07-05 20:26:49 - [TEST_STEP][PASSED] - Statement - element = availableStoresCheckBoxList[i]: null

2018-07-05 20:26:49 - [TEST_STEP][PASSED] - Statement - If (!(element.isSelected())): null

2018-07-05 20:26:49 - [TEST_STEP][PASSED] - Statement - element = availableStoresCheckBoxList[i]: null

2018-07-05 20:26:49 - [TEST_STEP][PASSED] - Statement - If (!(element.isSelected())): null

2018-07-05 20:26:49 - [TEST_STEP][PASSED] - Statement - element = availableStoresCheckBoxList[i]: null

2018-07-05 20:26:49 - [TEST_STEP][PASSED] - Statement - If (!(element.isSelected())): null

2018-07-05 20:26:49 - [TEST_STEP][PASSED] - Statement - element = availableStoresCheckBoxList[i]: null

2018-07-05 20:26:49 - [TEST_STEP][PASSED] - Statement - If (!(element.isSelected())): null

2018-07-05 20:26:49 - [TEST_STEP][PASSED] - Statement - element = availableStoresCheckBoxList[i]: null

2018-07-05 20:26:49 - [TEST_STEP][PASSED] - Statement - If (!(element.isSelected())): null

2018-07-05 20:26:49 - [TEST_STEP][PASSED] - Statement - element = availableStoresCheckBoxList[i]: null

2018-07-05 20:26:49 - [TEST_STEP][PASSED] - Statement - If (!(element.isSelected())): null

2018-07-05 20:26:49 - [TEST_STEP][PASSED] - Statement - element = availableStoresCheckBoxList[i]: null

2018-07-05 20:26:49 - [TEST_STEP][PASSED] - Statement - If (!(element.isSelected())): null

2018-07-05 20:26:49 - [TEST_STEP][PASSED] - Statement - element = availableStoresCheckBoxList[i]: null

2018-07-05 20:26:49 - [TEST_STEP][PASSED] - Statement - If (!(element.isSelected())): null

2018-07-05 20:26:49 - [TEST_STEP][PASSED] - Statement - element = availableStoresCheckBoxList[i]: null

2018-07-05 20:26:49 - [TEST_STEP][PASSED] - Statement - If (!(element.isSelected())): null

2018-07-05 20:26:49 - [TEST_STEP][PASSED] - Statement - element = availableStoresCheckBoxList[i]: null

2018-07-05 20:26:49 - [TEST_STEP][PASSED] - Statement - If (!(element.isSelected())): null

2018-07-05 20:26:49 - [TEST_STEP][PASSED] - Statement - element = availableStoresCheckBoxList[i]: null

2018-07-05 20:26:49 - [TEST_STEP][PASSED] - Statement - If (!(element.isSelected())): null

2018-07-05 20:26:49 - [TEST_STEP][PASSED] - Statement - element = availableStoresCheckBoxList[i]: null

2018-07-05 20:26:49 - [TEST_STEP][PASSED] - Statement - If (!(element.isSelected())): null

2018-07-05 20:26:49 - [TEST_STEP][PASSED] - Statement - element = availableStoresCheckBoxList[i]: null

2018-07-05 20:26:49 - [TEST_STEP][PASSED] - Statement - If (!(element.isSelected())): null

2018-07-05 20:26:49 - [TEST_STEP][PASSED] - Statement - element = availableStoresCheckBoxList[i]: null

2018-07-05 20:26:49 - [TEST_STEP][PASSED] - Statement - If (!(element.isSelected())): null

2018-07-05 20:26:49 - [TEST_STEP][PASSED] - Statement - element = availableStoresCheckBoxList[i]: null

2018-07-05 20:26:49 - [TEST_STEP][PASSED] - Statement - If (!(element.isSelected())): null

2018-07-05 20:26:49 - [TEST_STEP][PASSED] - Statement - element = availableStoresCheckBoxList[i]: null

2018-07-05 20:26:49 - [TEST_STEP][PASSED] - Statement - If (!(element.isSelected())): null

2018-07-05 20:26:49 - [TEST_STEP][PASSED] - Statement - element = availableStoresCheckBoxList[i]: null

2018-07-05 20:26:49 - [TEST_STEP][PASSED] - Statement - If (!(element.isSelected())): null

2018-07-05 20:26:49 - [TEST_STEP][PASSED] - Statement - element = availableStoresCheckBoxList[i]: null

2018-07-05 20:26:49 - [TEST_STEP][PASSED] - Statement - If (!(element.isSelected())): null

2018-07-05 20:26:49 - [TEST_STEP][PASSED] - Statement - element = availableStoresCheckBoxList[i]: null

2018-07-05 20:26:49 - [TEST_STEP][PASSED] - Statement - If (!(element.isSelected())): null

2018-07-05 20:26:49 - [TEST_STEP][PASSED] - Statement - element = availableStoresCheckBoxList[i]: null

2018-07-05 20:26:49 - [TEST_STEP][PASSED] - Statement - If (!(element.isSelected())): null

2018-07-05 20:26:49 - [TEST_STEP][PASSED] - Statement - element = availableStoresCheckBoxList[i]: null

2018-07-05 20:26:49 - [TEST_STEP][PASSED] - Statement - If (!(element.isSelected())): null

2018-07-05 20:26:49 - [TEST_STEP][PASSED] - Statement - element = availableStoresCheckBoxList[i]: null

2018-07-05 20:26:49 - [TEST_STEP][PASSED] - Statement - If (!(element.isSelected())): null

2018-07-05 20:26:49 - [TEST_STEP][PASSED] - Statement - element = availableStoresCheckBoxList[i]: null

2018-07-05 20:26:49 - [TEST_STEP][PASSED] - Statement - If (!(element.isSelected())): null

2018-07-05 20:26:49 - [TEST_STEP][PASSED] - Statement - element = availableStoresCheckBoxList[i]: null

2018-07-05 20:26:49 - [TEST_STEP][PASSED] - Statement - If (!(element.isSelected())): null

2018-07-05 20:26:49 - [TEST_STEP][PASSED] - Statement - element = availableStoresCheckBoxList[i]: null

2018-07-05 20:26:49 - [TEST_STEP][PASSED] - Statement - If (!(element.isSelected())): null

2018-07-05 20:26:49 - [TEST_STEP][PASSED] - Statement - element = availableStoresCheckBoxList[i]: null

2018-07-05 20:26:49 - [TEST_STEP][PASSED] - Statement - If (!(element.isSelected())): null

2018-07-05 20:26:49 - [TEST_STEP][PASSED] - Statement - element = availableStoresCheckBoxList[i]: null

2018-07-05 20:26:49 - [TEST_STEP][PASSED] - Statement - If (!(element.isSelected())): null

2018-07-05 20:26:49 - [TEST_STEP][PASSED] - Statement - element = availableStoresCheckBoxList[i]: null

2018-07-05 20:26:49 - [TEST_STEP][PASSED] - Statement - If (!(element.isSelected())): null

2018-07-05 20:26:49 - [TEST_STEP][PASSED] - Statement - element = availableStoresCheckBoxList[i]: null

2018-07-05 20:26:49 - [TEST_STEP][PASSED] - Statement - If (!(element.isSelected())): null

2018-07-05 20:26:49 - [TEST_STEP][PASSED] - Statement - element = availableStoresCheckBoxList[i]: null

2018-07-05 20:26:49 - [TEST_STEP][PASSED] - Statement - If (!(element.isSelected())): null

2018-07-05 20:26:49 - [TEST_STEP][PASSED] - Statement - element = availableStoresCheckBoxList[i]: null

2018-07-05 20:26:49 - [TEST_STEP][PASSED] - Statement - If (!(element.isSelected())): null

2018-07-05 20:26:49 - [TEST_STEP][PASSED] - Statement - element = availableStoresCheckBoxList[i]: null

2018-07-05 20:26:49 - [TEST_STEP][PASSED] - Statement - If (!(element.isSelected())): null

2018-07-05 20:26:49 - [TEST_STEP][PASSED] - Statement - element = availableStoresCheckBoxList[i]: null

2018-07-05 20:26:49 - [TEST_STEP][PASSED] - Statement - If (!(element.isSelected())): null

2018-07-05 20:26:49 - [TEST_STEP][PASSED] - Statement - element = availableStoresCheckBoxList[i]: null

2018-07-05 20:26:49 - [TEST_STEP][PASSED] - Statement - If (!(element.isSelected())): null

2018-07-05 20:26:49 - [TEST_STEP][PASSED] - Statement - element = availableStoresCheckBoxList[i]: null

2018-07-05 20:26:49 - [TEST_STEP][PASSED] - Statement - If (!(element.isSelected())): null

2018-07-05 20:26:49 - [TEST_STEP][PASSED] - Statement - element = availableStoresCheckBoxList[i]: null

2018-07-05 20:26:49 - [TEST_STEP][PASSED] - Statement - If (!(element.isSelected())): null

2018-07-05 20:26:49 - [TEST_STEP][PASSED] - Statement - element = availableStoresCheckBoxList[i]: null

2018-07-05 20:26:49 - [TEST_STEP][PASSED] - Statement - If (!(element.isSelected())): null

2018-07-05 20:26:49 - [TEST_STEP][PASSED] - Statement - element = availableStoresCheckBoxList[i]: null

2018-07-05 20:26:49 - [TEST_STEP][PASSED] - Statement - If (!(element.isSelected())): null

2018-07-05 20:26:49 - [TEST_STEP][PASSED] - Statement - element = availableStoresCheckBoxList[i]: null

2018-07-05 20:26:49 - [TEST_STEP][PASSED] - Statement - If (!(element.isSelected())): null

2018-07-05 20:26:49 - [TEST_STEP][PASSED] - Statement - element = availableStoresCheckBoxList[i]: null

2018-07-05 20:26:49 - [TEST_STEP][PASSED] - Statement - If (!(element.isSelected())): null

2018-07-05 20:26:49 - [TEST_STEP][PASSED] - Statement - element = availableStoresCheckBoxList[i]: null

2018-07-05 20:26:49 - [TEST_STEP][PASSED] - Statement - If (!(element.isSelected())): null

2018-07-05 20:26:49 - [TEST_STEP][PASSED] - Statement - element = availableStoresCheckBoxList[i]: null

2018-07-05 20:26:49 - [TEST_STEP][PASSED] - Statement - If (!(element.isSelected())): null

2018-07-05 20:26:49 - [TEST_STEP][PASSED] - Statement - element = availableStoresCheckBoxList[i]: null

2018-07-05 20:26:49 - [TEST_STEP][PASSED] - Statement - If (!(element.isSelected())): null

2018-07-05 20:26:49 - [TEST_STEP][PASSED] - Statement - element = availableStoresCheckBoxList[i]: null

2018-07-05 20:26:49 - [TEST_STEP][PASSED] - Statement - If (!(element.isSelected())): null

2018-07-05 20:26:49 - [TEST_STEP][PASSED] - Statement - element = availableStoresCheckBoxList[i]: null

2018-07-05 20:26:49 - [TEST_STEP][PASSED] - Statement - If (!(element.isSelected())): null

2018-07-05 20:26:49 - [TEST_STEP][PASSED] - Statement - element = availableStoresCheckBoxList[i]: null

2018-07-05 20:26:49 - [TEST_STEP][PASSED] - Statement - If (!(element.isSelected())): null

2018-07-05 20:26:49 - [TEST_STEP][PASSED] - Statement - element = availableStoresCheckBoxList[i]: null

2018-07-05 20:26:49 - [TEST_STEP][PASSED] - Statement - If (!(element.isSelected())): null

2018-07-05 20:26:49 - [TEST_STEP][PASSED] - Statement - element = availableStoresCheckBoxList[i]: null

2018-07-05 20:26:49 - [TEST_STEP][PASSED] - Statement - If (!(element.isSelected())): null

2018-07-05 20:26:49 - [TEST_STEP][PASSED] - Statement - element = availableStoresCheckBoxList[i]: null

2018-07-05 20:26:49 - [TEST_STEP][PASSED] - Statement - If (!(element.isSelected())): null

2018-07-05 20:26:49 - [TEST_STEP][PASSED] - Statement - element = availableStoresCheckBoxList[i]: null

2018-07-05 20:26:49 - [TEST_STEP][PASSED] - Statement - If (!(element.isSelected())): null

2018-07-05 20:26:49 - [TEST_STEP][PASSED] - Statement - element = availableStoresCheckBoxList[i]: null

2018-07-05 20:26:49 - [TEST_STEP][PASSED] - Statement - If (!(element.isSelected())): null

2018-07-05 20:26:49 - [TEST_STEP][PASSED] - Statement - element = availableStoresCheckBoxList[i]: null

2018-07-05 20:26:49 - [TEST_STEP][PASSED] - Statement - If (!(element.isSelected())): null

2018-07-05 20:26:49 - [TEST_STEP][PASSED] - Statement - element = availableStoresCheckBoxList[i]: null

2018-07-05 20:26:49 - [TEST_STEP][PASSED] - Statement - If (!(element.isSelected())): null

2018-07-05 20:26:49 - [TEST_STEP][PASSED] - Statement - element = availableStoresCheckBoxList[i]: null

2018-07-05 20:26:49 - [TEST_STEP][PASSED] - Statement - If (!(element.isSelected())): null

2018-07-05 20:26:49 - [TEST_STEP][PASSED] - Statement - element = availableStoresCheckBoxList[i]: null

2018-07-05 20:26:49 - [TEST_STEP][PASSED] - Statement - If (!(element.isSelected())): null

2018-07-05 20:26:49 - [TEST_STEP][PASSED] - Statement - element = availableStoresCheckBoxList[i]: null

2018-07-05 20:26:49 - [TEST_STEP][PASSED] - Statement - If (!(element.isSelected())): null

2018-07-05 20:26:49 - [TEST_STEP][PASSED] - Statement - element = availableStoresCheckBoxList[i]: null

2018-07-05 20:26:49 - [TEST_STEP][PASSED] - Statement - If (!(element.isSelected())): null

2018-07-05 20:26:49 - [TEST_STEP][PASSED] - Statement - element = availableStoresCheckBoxList[i]: null

2018-07-05 20:26:49 - [TEST_STEP][PASSED] - Statement - If (!(element.isSelected())): null

2018-07-05 20:26:49 - [TEST_STEP][PASSED] - Statement - element = availableStoresCheckBoxList[i]: null

2018-07-05 20:26:49 - [TEST_STEP][PASSED] - Statement - If (!(element.isSelected())): null

2018-07-05 20:26:49 - [TEST_STEP][PASSED] - Statement - element = availableStoresCheckBoxList[i]: null

2018-07-05 20:26:49 - [TEST_STEP][PASSED] - Statement - If (!(element.isSelected())): null

2018-07-05 20:26:49 - [TEST_STEP][PASSED] - Statement - element = availableStoresCheckBoxList[i]: null

2018-07-05 20:26:49 - [TEST_STEP][PASSED] - Statement - If (!(element.isSelected())): null

2018-07-05 20:26:49 - [TEST_STEP][PASSED] - Statement - element = availableStoresCheckBoxList[i]: null

2018-07-05 20:26:49 - [TEST_STEP][PASSED] - Statement - If (!(element.isSelected())): null

2018-07-05 20:26:49 - [TEST_STEP][PASSED] - Statement - element = availableStoresCheckBoxList[i]: null

2018-07-05 20:26:49 - [TEST_STEP][PASSED] - Statement - If (!(element.isSelected())): null

2018-07-05 20:26:49 - [TEST_STEP][PASSED] - Statement - element = availableStoresCheckBoxList[i]: null

2018-07-05 20:26:49 - [TEST_STEP][PASSED] - Statement - If (!(element.isSelected())): null

2018-07-05 20:26:49 - [TEST_STEP][PASSED] - Statement - element = availableStoresCheckBoxList[i]: null

2018-07-05 20:26:49 - [TEST_STEP][PASSED] - Statement - If (!(element.isSelected())): null

2018-07-05 20:26:49 - [TEST_STEP][PASSED] - Statement - element = availableStoresCheckBoxList[i]: null

2018-07-05 20:26:49 - [TEST_STEP][PASSED] - Statement - If (!(element.isSelected())): null

2018-07-05 20:26:49 - [TEST_STEP][PASSED] - Statement - element = availableStoresCheckBoxList[i]: null

2018-07-05 20:26:49 - [TEST_STEP][PASSED] - Statement - If (!(element.isSelected())): null

2018-07-05 20:26:49 - [TEST_STEP][PASSED] - Statement - element = availableStoresCheckBoxList[i]: null

2018-07-05 20:26:49 - [TEST_STEP][PASSED] - Statement - If (!(element.isSelected())): null

2018-07-05 20:26:49 - [TEST_STEP][PASSED] - Statement - element = availableStoresCheckBoxList[i]: null

2018-07-05 20:26:49 - [TEST_STEP][PASSED] - Statement - If (!(element.isSelected())): null

2018-07-05 20:26:49 - [TEST_STEP][PASSED] - Statement - element = availableStoresCheckBoxList[i]: null

2018-07-05 20:26:49 - [TEST_STEP][PASSED] - Statement - If (!(element.isSelected())): null

2018-07-05 20:26:49 - [TEST_STEP][PASSED] - Statement - element = availableStoresCheckBoxList[i]: null

2018-07-05 20:26:49 - [TEST_STEP][PASSED] - Statement - If (!(element.isSelected())): null

2018-07-05 20:26:49 - [TEST_STEP][PASSED] - Statement - element = availableStoresCheckBoxList[i]: null

2018-07-05 20:26:49 - [TEST_STEP][PASSED] - Statement - If (!(element.isSelected())): null

2018-07-05 20:26:49 - [TEST_STEP][PASSED] - Statement - element = availableStoresCheckBoxList[i]: null

2018-07-05 20:26:49 - [TEST_STEP][PASSED] - Statement - If (!(element.isSelected())): null

2018-07-05 20:26:49 - [TEST_STEP][PASSED] - Statement - element = availableStoresCheckBoxList[i]: null

2018-07-05 20:26:49 - [TEST_STEP][PASSED] - Statement - If (!(element.isSelected())): null

2018-07-05 20:26:49 - [TEST_STEP][PASSED] - Statement - element = availableStoresCheckBoxList[i]: null

2018-07-05 20:26:49 - [TEST_STEP][PASSED] - Statement - If (!(element.isSelected())): null

2018-07-05 20:26:49 - [TEST_STEP][PASSED] - Statement - element = availableStoresCheckBoxList[i]: null

2018-07-05 20:26:49 - [TEST_STEP][PASSED] - Statement - If (!(element.isSelected())): null

2018-07-05 20:26:49 - [TEST_STEP][PASSED] - Statement - element = availableStoresCheckBoxList[i]: null

2018-07-05 20:26:49 - [TEST_STEP][PASSED] - Statement - If (!(element.isSelected())): null

2018-07-05 20:26:49 - [TEST_STEP][PASSED] - Statement - element = availableStoresCheckBoxList[i]: null

2018-07-05 20:26:49 - [TEST_STEP][PASSED] - Statement - If (!(element.isSelected())): null

2018-07-05 20:26:49 - [TEST_STEP][PASSED] - Statement - element = availableStoresCheckBoxList[i]: null

2018-07-05 20:26:49 - [TEST_STEP][PASSED] - Statement - If (!(element.isSelected())): null

2018-07-05 20:26:49 - [TEST_STEP][PASSED] - Statement - element = availableStoresCheckBoxList[i]: null

2018-07-05 20:26:49 - [TEST_STEP][PASSED] - Statement - If (!(element.isSelected())): null

2018-07-05 20:26:49 - [TEST_STEP][PASSED] - Statement - element = availableStoresCheckBoxList[i]: null

2018-07-05 20:26:49 - [TEST_STEP][PASSED] - Statement - If (!(element.isSelected())): null

2018-07-05 20:26:50 - [TEST_STEP][PASSED] - Statement - element = availableStoresCheckBoxList[i]: null

2018-07-05 20:26:50 - [TEST_STEP][PASSED] - Statement - If (!(element.isSelected())): null

2018-07-05 20:26:50 - [TEST_STEP][PASSED] - Statement - element = availableStoresCheckBoxList[i]: null

2018-07-05 20:26:50 - [TEST_STEP][PASSED] - Statement - If (!(element.isSelected())): null

2018-07-05 20:26:50 - [TEST_STEP][PASSED] - Statement - element = availableStoresCheckBoxList[i]: null

2018-07-05 20:26:50 - [TEST_STEP][PASSED] - Statement - If (!(element.isSelected())): null

2018-07-05 20:26:50 - [TEST_STEP][PASSED] - Statement - element = availableStoresCheckBoxList[i]: null

2018-07-05 20:26:50 - [TEST_STEP][PASSED] - Statement - If (!(element.isSelected())): null

2018-07-05 20:26:50 - [TEST_STEP][PASSED] - Statement - element = availableStoresCheckBoxList[i]: null

2018-07-05 20:26:50 - [TEST_STEP][PASSED] - Statement - If (!(element.isSelected())): null

2018-07-05 20:26:50 - [TEST_STEP][PASSED] - Statement - element = availableStoresCheckBoxList[i]: null

2018-07-05 20:26:50 - [TEST_STEP][PASSED] - Statement - If (!(element.isSelected())): null

2018-07-05 20:26:50 - [TEST_STEP][PASSED] - Statement - element = availableStoresCheckBoxList[i]: null

2018-07-05 20:26:50 - [TEST_STEP][PASSED] - Statement - If (!(element.isSelected())): null

2018-07-05 20:26:50 - [TEST_STEP][PASSED] - Statement - element = availableStoresCheckBoxList[i]: null

2018-07-05 20:26:50 - [TEST_STEP][PASSED] - Statement - If (!(element.isSelected())): null

2018-07-05 20:26:50 - [TEST_STEP][PASSED] - Statement - element = availableStoresCheckBoxList[i]: null

2018-07-05 20:26:50 - [TEST_STEP][PASSED] - Statement - If (!(element.isSelected())): null

2018-07-05 20:26:50 - [TEST_STEP][PASSED] - Statement - element = availableStoresCheckBoxList[i]: null

2018-07-05 20:26:50 - [TEST_STEP][PASSED] - Statement - If (!(element.isSelected())): null

2018-07-05 20:26:50 - [TEST_STEP][PASSED] - Statement - element = availableStoresCheckBoxList[i]: null

2018-07-05 20:26:50 - [TEST_STEP][PASSED] - Statement - If (!(element.isSelected())): null

2018-07-05 20:26:50 - [TEST_STEP][PASSED] - Statement - element = availableStoresCheckBoxList[i]: null

2018-07-05 20:26:50 - [TEST_STEP][PASSED] - Statement - If (!(element.isSelected())): null

2018-07-05 20:26:50 - [TEST_STEP][PASSED] - Statement - element = availableStoresCheckBoxList[i]: null

2018-07-05 20:26:50 - [TEST_STEP][PASSED] - Statement - If (!(element.isSelected())): null

2018-07-05 20:26:50 - [TEST_STEP][PASSED] - Statement - element = availableStoresCheckBoxList[i]: null

2018-07-05 20:26:50 - [TEST_STEP][PASSED] - Statement - If (!(element.isSelected())): null

2018-07-05 20:26:50 - [TEST_STEP][PASSED] - Statement - element = availableStoresCheckBoxList[i]: null

2018-07-05 20:26:50 - [TEST_STEP][PASSED] - Statement - If (!(element.isSelected())): null

2018-07-05 20:26:50 - [TEST_STEP][PASSED] - Statement - element = availableStoresCheckBoxList[i]: null

2018-07-05 20:26:50 - [TEST_STEP][PASSED] - Statement - If (!(element.isSelected())): null

2018-07-05 20:26:50 - [TEST_STEP][PASSED] - Statement - element = availableStoresCheckBoxList[i]: null

2018-07-05 20:26:50 - [TEST_STEP][PASSED] - Statement - If (!(element.isSelected())): null

2018-07-05 20:26:50 - [TEST_STEP][PASSED] - Statement - element = availableStoresCheckBoxList[i]: null

2018-07-05 20:26:50 - [TEST_STEP][PASSED] - Statement - If (!(element.isSelected())): null

2018-07-05 20:26:50 - [TEST_STEP][PASSED] - Statement - element = availableStoresCheckBoxList[i]: null

2018-07-05 20:26:50 - [TEST_STEP][PASSED] - Statement - If (!(element.isSelected())): null

2018-07-05 20:26:50 - [TEST_STEP][PASSED] - Statement - element = availableStoresCheckBoxList[i]: null

2018-07-05 20:26:50 - [TEST_STEP][PASSED] - Statement - If (!(element.isSelected())): null

2018-07-05 20:26:50 - [TEST_STEP][PASSED] - Statement - element = availableStoresCheckBoxList[i]: null

2018-07-05 20:26:50 - [TEST_STEP][PASSED] - Statement - If (!(element.isSelected())): null

2018-07-05 20:26:50 - [TEST_STEP][PASSED] - Statement - element = availableStoresCheckBoxList[i]: null

2018-07-05 20:26:50 - [TEST_STEP][PASSED] - Statement - If (!(element.isSelected())): null

2018-07-05 20:26:50 - [TEST_STEP][PASSED] - Statement - element = availableStoresCheckBoxList[i]: null

2018-07-05 20:26:50 - [TEST_STEP][PASSED] - Statement - If (!(element.isSelected())): null

2018-07-05 20:26:50 - [TEST_STEP][PASSED] - Statement - element = availableStoresCheckBoxList[i]: null

2018-07-05 20:26:50 - [TEST_STEP][PASSED] - Statement - If (!(element.isSelected())): null

2018-07-05 20:26:50 - [TEST_STEP][PASSED] - Statement - element = availableStoresCheckBoxList[i]: null

2018-07-05 20:26:50 - [TEST_STEP][PASSED] - Statement - If (!(element.isSelected())): null

2018-07-05 20:26:50 - [TEST_STEP][PASSED] - Statement - element = availableStoresCheckBoxList[i]: null

2018-07-05 20:26:50 - [TEST_STEP][PASSED] - Statement - If (!(element.isSelected())): null

2018-07-05 20:26:50 - [TEST_STEP][PASSED] - Statement - element = availableStoresCheckBoxList[i]: null

2018-07-05 20:26:50 - [TEST_STEP][PASSED] - Statement - If (!(element.isSelected())): null

2018-07-05 20:26:50 - [TEST_STEP][PASSED] - Statement - element = availableStoresCheckBoxList[i]: null

2018-07-05 20:26:50 - [TEST_STEP][PASSED] - Statement - If (!(element.isSelected())): null

2018-07-05 20:26:50 - [TEST_STEP][PASSED] - Statement - element = availableStoresCheckBoxList[i]: null

2018-07-05 20:26:50 - [TEST_STEP][PASSED] - Statement - If (!(element.isSelected())): null

2018-07-05 20:26:50 - [TEST_STEP][PASSED] - Statement - element = availableStoresCheckBoxList[i]: null

2018-07-05 20:26:50 - [TEST_STEP][PASSED] - Statement - If (!(element.isSelected())): null

2018-07-05 20:26:50 - [TEST_STEP][PASSED] - Statement - element = availableStoresCheckBoxList[i]: null

2018-07-05 20:26:50 - [TEST_STEP][PASSED] - Statement - If (!(element.isSelected())): null

2018-07-05 20:26:50 - [TEST_STEP][PASSED] - Statement - element = availableStoresCheckBoxList[i]: null

2018-07-05 20:26:50 - [TEST_STEP][PASSED] - Statement - If (!(element.isSelected())): null

2018-07-05 20:26:50 - [TEST_STEP][PASSED] - Statement - element = availableStoresCheckBoxList[i]: null

2018-07-05 20:26:50 - [TEST_STEP][PASSED] - Statement - If (!(element.isSelected())): null

2018-07-05 20:26:50 - [TEST_STEP][PASSED] - Statement - element = availableStoresCheckBoxList[i]: null

2018-07-05 20:26:50 - [TEST_STEP][PASSED] - Statement - If (!(element.isSelected())): null

2018-07-05 20:26:50 - [TEST_STEP][PASSED] - Statement - element = availableStoresCheckBoxList[i]: null

2018-07-05 20:26:50 - [TEST_STEP][PASSED] - Statement - If (!(element.isSelected())): null

2018-07-05 20:26:50 - [TEST_STEP][PASSED] - Statement - element = availableStoresCheckBoxList[i]: null

2018-07-05 20:26:50 - [TEST_STEP][PASSED] - Statement - If (!(element.isSelected())): null

2018-07-05 20:26:50 - [TEST_STEP][PASSED] - Statement - element = availableStoresCheckBoxList[i]: null

2018-07-05 20:26:50 - [TEST_STEP][PASSED] - Statement - If (!(element.isSelected())): null

2018-07-05 20:26:50 - [TEST_STEP][PASSED] - Statement - element = availableStoresCheckBoxList[i]: null

2018-07-05 20:26:50 - [TEST_STEP][PASSED] - Statement - If (!(element.isSelected())): null

2018-07-05 20:26:50 - [TEST_STEP][PASSED] - Statement - element = availableStoresCheckBoxList[i]: null

2018-07-05 20:26:50 - [TEST_STEP][PASSED] - Statement - If (!(element.isSelected())): null

2018-07-05 20:26:50 - [TEST_STEP][PASSED] - Statement - element = availableStoresCheckBoxList[i]: null

2018-07-05 20:26:50 - [TEST_STEP][PASSED] - Statement - If (!(element.isSelected())): null

2018-07-05 20:26:50 - [TEST_STEP][PASSED] - Statement - element = availableStoresCheckBoxList[i]: null

2018-07-05 20:26:50 - [TEST_STEP][PASSED] - Statement - If (!(element.isSelected())): null

2018-07-05 20:26:50 - [TEST_STEP][PASSED] - Statement - element = availableStoresCheckBoxList[i]: null

2018-07-05 20:26:50 - [TEST_STEP][PASSED] - Statement - If (!(element.isSelected())): null

2018-07-05 20:26:50 - [TEST_STEP][PASSED] - Statement - element = availableStoresCheckBoxList[i]: null

2018-07-05 20:26:50 - [TEST_STEP][PASSED] - Statement - If (!(element.isSelected())): null

2018-07-05 20:26:50 - [TEST_STEP][PASSED] - Statement - element = availableStoresCheckBoxList[i]: null

2018-07-05 20:26:50 - [TEST_STEP][PASSED] - Statement - If (!(element.isSelected())): null

2018-07-05 20:26:50 - [TEST_STEP][PASSED] - Statement - element = availableStoresCheckBoxList[i]: null

2018-07-05 20:26:50 - [TEST_STEP][PASSED] - Statement - If (!(element.isSelected())): null

2018-07-05 20:26:50 - [TEST_STEP][PASSED] - Statement - element = availableStoresCheckBoxList[i]: null

2018-07-05 20:26:50 - [TEST_STEP][PASSED] - Statement - If (!(element.isSelected())): null

2018-07-05 20:26:50 - [TEST_STEP][PASSED] - Statement - element = availableStoresCheckBoxList[i]: null

2018-07-05 20:26:50 - [TEST_STEP][PASSED] - Statement - If (!(element.isSelected())): null

2018-07-05 20:26:50 - [TEST_STEP][PASSED] - Statement - element = availableStoresCheckBoxList[i]: null

2018-07-05 20:26:50 - [TEST_STEP][PASSED] - Statement - If (!(element.isSelected())): null

2018-07-05 20:26:50 - [TEST_STEP][PASSED] - Statement - element = availableStoresCheckBoxList[i]: null

2018-07-05 20:26:50 - [TEST_STEP][PASSED] - Statement - If (!(element.isSelected())): null

2018-07-05 20:26:50 - [TEST_STEP][PASSED] - Statement - element = availableStoresCheckBoxList[i]: null

2018-07-05 20:26:50 - [TEST_STEP][PASSED] - Statement - If (!(element.isSelected())): null

2018-07-05 20:26:50 - [TEST_STEP][PASSED] - Statement - element = availableStoresCheckBoxList[i]: null

2018-07-05 20:26:50 - [TEST_STEP][PASSED] - Statement - If (!(element.isSelected())): null

2018-07-05 20:26:50 - [TEST_STEP][PASSED] - Statement - element = availableStoresCheckBoxList[i]: null

2018-07-05 20:26:50 - [TEST_STEP][PASSED] - Statement - If (!(element.isSelected())): null

2018-07-05 20:26:50 - [TEST_STEP][PASSED] - Statement - element = availableStoresCheckBoxList[i]: null

2018-07-05 20:26:50 - [TEST_STEP][PASSED] - Statement - If (!(element.isSelected())): null

2018-07-05 20:26:50 - [TEST_STEP][PASSED] - Statement - element = availableStoresCheckBoxList[i]: null

2018-07-05 20:26:50 - [TEST_STEP][PASSED] - Statement - If (!(element.isSelected())): null

2018-07-05 20:26:50 - [TEST_STEP][PASSED] - Statement - element = availableStoresCheckBoxList[i]: null

2018-07-05 20:26:50 - [TEST_STEP][PASSED] - Statement - If (!(element.isSelected())): null

2018-07-05 20:26:50 - [TEST_STEP][PASSED] - Statement - element = availableStoresCheckBoxList[i]: null

2018-07-05 20:26:50 - [TEST_STEP][PASSED] - Statement - If (!(element.isSelected())): null

2018-07-05 20:26:50 - [TEST_STEP][PASSED] - Statement - element = availableStoresCheckBoxList[i]: null

2018-07-05 20:26:50 - [TEST_STEP][PASSED] - Statement - If (!(element.isSelected())): null

2018-07-05 20:26:50 - [TEST_STEP][PASSED] - Statement - element = availableStoresCheckBoxList[i]: null

2018-07-05 20:26:50 - [TEST_STEP][PASSED] - Statement - If (!(element.isSelected())): null

2018-07-05 20:26:50 - [TEST_STEP][PASSED] - Statement - element = availableStoresCheckBoxList[i]: null

2018-07-05 20:26:50 - [TEST_STEP][PASSED] - Statement - If (!(element.isSelected())): null

2018-07-05 20:26:50 - [TEST_STEP][PASSED] - Statement - element = availableStoresCheckBoxList[i]: null

2018-07-05 20:26:50 - [TEST_STEP][PASSED] - Statement - If (!(element.isSelected())): null

2018-07-05 20:26:50 - [TEST_STEP][PASSED] - Statement - element = availableStoresCheckBoxList[i]: null

2018-07-05 20:26:50 - [TEST_STEP][PASSED] - Statement - If (!(element.isSelected())): null

2018-07-05 20:26:50 - [TEST_STEP][PASSED] - Statement - element = availableStoresCheckBoxList[i]: null

2018-07-05 20:26:50 - [TEST_STEP][PASSED] - Statement - If (!(element.isSelected())): null

2018-07-05 20:26:50 - [TEST_STEP][PASSED] - Statement - element = availableStoresCheckBoxList[i]: null

2018-07-05 20:26:50 - [TEST_STEP][PASSED] - Statement - If (!(element.isSelected())): null

2018-07-05 20:26:50 - [TEST_STEP][PASSED] - Statement - element = availableStoresCheckBoxList[i]: null

2018-07-05 20:26:50 - [TEST_STEP][PASSED] - Statement - If (!(element.isSelected())): null

2018-07-05 20:26:50 - [TEST_STEP][PASSED] - Statement - element = availableStoresCheckBoxList[i]: null

2018-07-05 20:26:50 - [TEST_STEP][PASSED] - Statement - If (!(element.isSelected())): null

2018-07-05 20:26:50 - [TEST_STEP][PASSED] - Statement - element = availableStoresCheckBoxList[i]: null

2018-07-05 20:26:50 - [TEST_STEP][PASSED] - Statement - If (!(element.isSelected())): null

2018-07-05 20:26:50 - [TEST_STEP][PASSED] - Statement - element = availableStoresCheckBoxList[i]: null

2018-07-05 20:26:50 - [TEST_STEP][PASSED] - Statement - If (!(element.isSelected())): null

2018-07-05 20:26:50 - [TEST_STEP][PASSED] - Statement - element = availableStoresCheckBoxList[i]: null

2018-07-05 20:26:50 - [TEST_STEP][PASSED] - Statement - If (!(element.isSelected())): null

2018-07-05 20:26:50 - [TEST_STEP][PASSED] - Statement - element = availableStoresCheckBoxList[i]: null

2018-07-05 20:26:50 - [TEST_STEP][PASSED] - Statement - If (!(element.isSelected())): null

2018-07-05 20:26:50 - [TEST_STEP][PASSED] - Statement - element = availableStoresCheckBoxList[i]: null

2018-07-05 20:26:50 - [TEST_STEP][PASSED] - Statement - If (!(element.isSelected())): null

2018-07-05 20:26:50 - [TEST_STEP][PASSED] - Statement - element = availableStoresCheckBoxList[i]: null

2018-07-05 20:26:50 - [TEST_STEP][PASSED] - Statement - If (!(element.isSelected())): null

2018-07-05 20:26:50 - [TEST_STEP][PASSED] - Statement - element = availableStoresCheckBoxList[i]: null

2018-07-05 20:26:50 - [TEST_STEP][PASSED] - Statement - If (!(element.isSelected())): null

2018-07-05 20:26:50 - [TEST_STEP][PASSED] - Statement - element = availableStoresCheckBoxList[i]: null

2018-07-05 20:26:50 - [TEST_STEP][PASSED] - Statement - If (!(element.isSelected())): null

2018-07-05 20:26:50 - [TEST_STEP][PASSED] - Statement - element = availableStoresCheckBoxList[i]: null

2018-07-05 20:26:50 - [TEST_STEP][PASSED] - Statement - If (!(element.isSelected())): null

2018-07-05 20:26:50 - [TEST_STEP][PASSED] - Statement - element = availableStoresCheckBoxList[i]: null

2018-07-05 20:26:50 - [TEST_STEP][PASSED] - Statement - If (!(element.isSelected())): null

2018-07-05 20:26:50 - [TEST_STEP][PASSED] - Statement - element = availableStoresCheckBoxList[i]: null

2018-07-05 20:26:50 - [TEST_STEP][PASSED] - Statement - If (!(element.isSelected())): null

2018-07-05 20:26:50 - [TEST_STEP][PASSED] - Statement - element = availableStoresCheckBoxList[i]: null

2018-07-05 20:26:50 - [TEST_STEP][PASSED] - Statement - If (!(element.isSelected())): null

2018-07-05 20:26:50 - [TEST_STEP][PASSED] - Statement - element = availableStoresCheckBoxList[i]: null

2018-07-05 20:26:50 - [TEST_STEP][PASSED] - Statement - If (!(element.isSelected())): null

2018-07-05 20:26:50 - [TEST_STEP][PASSED] - Statement - element = availableStoresCheckBoxList[i]: null

2018-07-05 20:26:50 - [TEST_STEP][PASSED] - Statement - If (!(element.isSelected())): null

2018-07-05 20:26:50 - [TEST_STEP][PASSED] - Statement - element = availableStoresCheckBoxList[i]: null

2018-07-05 20:26:50 - [TEST_STEP][PASSED] - Statement - If (!(element.isSelected())): null

2018-07-05 20:26:50 - [TEST_STEP][PASSED] - Statement - element = availableStoresCheckBoxList[i]: null

2018-07-05 20:26:50 - [TEST_STEP][PASSED] - Statement - If (!(element.isSelected())): null

2018-07-05 20:26:50 - [TEST_STEP][PASSED] - Statement - element = availableStoresCheckBoxList[i]: null

2018-07-05 20:26:50 - [TEST_STEP][PASSED] - Statement - If (!(element.isSelected())): null

2018-07-05 20:26:50 - [TEST_STEP][PASSED] - Statement - element = availableStoresCheckBoxList[i]: null

2018-07-05 20:26:50 - [TEST_STEP][PASSED] - Statement - If (!(element.isSelected())): null

2018-07-05 20:26:50 - [TEST_STEP][PASSED] - Statement - element = availableStoresCheckBoxList[i]: null

2018-07-05 20:26:50 - [TEST_STEP][PASSED] - Statement - If (!(element.isSelected())): null

2018-07-05 20:26:50 - [TEST_STEP][PASSED] - Statement - element = availableStoresCheckBoxList[i]: null

2018-07-05 20:26:50 - [TEST_STEP][PASSED] - Statement - If (!(element.isSelected())): null

2018-07-05 20:26:50 - [TEST_STEP][PASSED] - Statement - element = availableStoresCheckBoxList[i]: null

2018-07-05 20:26:50 - [TEST_STEP][PASSED] - Statement - If (!(element.isSelected())): null

2018-07-05 20:26:50 - [TEST_STEP][PASSED] - Statement - element = availableStoresCheckBoxList[i]: null

2018-07-05 20:26:50 - [TEST_STEP][PASSED] - Statement - If (!(element.isSelected())): null

2018-07-05 20:26:50 - [TEST_STEP][PASSED] - Statement - element = availableStoresCheckBoxList[i]: null

2018-07-05 20:26:50 - [TEST_STEP][PASSED] - Statement - If (!(element.isSelected())): null

2018-07-05 20:26:50 - [TEST_STEP][PASSED] - Statement - element = availableStoresCheckBoxList[i]: null

2018-07-05 20:26:50 - [TEST_STEP][PASSED] - Statement - If (!(element.isSelected())): null

2018-07-05 20:26:51 - [TEST_STEP][PASSED] - Statement - element = availableStoresCheckBoxList[i]: null

2018-07-05 20:26:51 - [TEST_STEP][PASSED] - Statement - If (!(element.isSelected())): null

2018-07-05 20:26:51 - [TEST_STEP][PASSED] - Statement - element = availableStoresCheckBoxList[i]: null

2018-07-05 20:26:51 - [TEST_STEP][PASSED] - Statement - If (!(element.isSelected())): null

2018-07-05 20:26:51 - [TEST_STEP][PASSED] - Statement - element = availableStoresCheckBoxList[i]: null

2018-07-05 20:26:51 - [TEST_STEP][PASSED] - Statement - If (!(element.isSelected())): null

2018-07-05 20:26:51 - [TEST_STEP][PASSED] - Statement - element = availableStoresCheckBoxList[i]: null

2018-07-05 20:26:51 - [TEST_STEP][PASSED] - Statement - If (!(element.isSelected())): null

2018-07-05 20:26:51 - [TEST_STEP][PASSED] - Statement - element = availableStoresCheckBoxList[i]: null

2018-07-05 20:26:51 - [TEST_STEP][PASSED] - Statement - If (!(element.isSelected())): null

2018-07-05 20:26:51 - [TEST_STEP][PASSED] - Statement - element = availableStoresCheckBoxList[i]: null

2018-07-05 20:26:51 - [TEST_STEP][PASSED] - Statement - If (!(element.isSelected())): null

2018-07-05 20:26:51 - [TEST_STEP][PASSED] - Statement - element = availableStoresCheckBoxList[i]: null

2018-07-05 20:26:51 - [TEST_STEP][PASSED] - Statement - If (!(element.isSelected())): null

2018-07-05 20:26:51 - [TEST_STEP][PASSED] - Statement - element = availableStoresCheckBoxList[i]: null

2018-07-05 20:26:51 - [TEST_STEP][PASSED] - Statement - If (!(element.isSelected())): null

2018-07-05 20:26:51 - [TEST_STEP][PASSED] - Statement - element = availableStoresCheckBoxList[i]: null

2018-07-05 20:26:51 - [TEST_STEP][PASSED] - Statement - If (!(element.isSelected())): null

2018-07-05 20:26:51 - [TEST_STEP][PASSED] - Statement - element = availableStoresCheckBoxList[i]: null

2018-07-05 20:26:51 - [TEST_STEP][PASSED] - Statement - If (!(element.isSelected())): null

2018-07-05 20:26:51 - [TEST_STEP][PASSED] - Statement - element = availableStoresCheckBoxList[i]: null

2018-07-05 20:26:51 - [TEST_STEP][PASSED] - Statement - If (!(element.isSelected())): null

2018-07-05 20:26:51 - [TEST_STEP][PASSED] - Statement - element = availableStoresCheckBoxList[i]: null

2018-07-05 20:26:51 - [TEST_STEP][PASSED] - Statement - If (!(element.isSelected())): null

2018-07-05 20:26:51 - [TEST_STEP][PASSED] - Statement - element = availableStoresCheckBoxList[i]: null

2018-07-05 20:26:51 - [TEST_STEP][PASSED] - Statement - If (!(element.isSelected())): null

2018-07-05 20:26:51 - [TEST_STEP][PASSED] - Statement - element = availableStoresCheckBoxList[i]: null

2018-07-05 20:26:51 - [TEST_STEP][PASSED] - Statement - If (!(element.isSelected())): null

2018-07-05 20:26:51 - [TEST_STEP][PASSED] - Statement - element = availableStoresCheckBoxList[i]: null

2018-07-05 20:26:51 - [TEST_STEP][PASSED] - Statement - If (!(element.isSelected())): null

2018-07-05 20:26:51 - [TEST_STEP][PASSED] - Statement - element = availableStoresCheckBoxList[i]: null

2018-07-05 20:26:51 - [TEST_STEP][PASSED] - Statement - If (!(element.isSelected())): null

2018-07-05 20:26:51 - [TEST_STEP][PASSED] - Statement - element = availableStoresCheckBoxList[i]: null

2018-07-05 20:26:51 - [TEST_STEP][PASSED] - Statement - If (!(element.isSelected())): null

2018-07-05 20:26:51 - [TEST_STEP][PASSED] - Statement - element = availableStoresCheckBoxList[i]: null

2018-07-05 20:26:51 - [TEST_STEP][PASSED] - Statement - If (!(element.isSelected())): null

2018-07-05 20:26:51 - [TEST_STEP][PASSED] - Statement - element = availableStoresCheckBoxList[i]: null

2018-07-05 20:26:51 - [TEST_STEP][PASSED] - Statement - If (!(element.isSelected())): null

2018-07-05 20:26:51 - [TEST_STEP][PASSED] - Statement - element = availableStoresCheckBoxList[i]: null

2018-07-05 20:26:51 - [TEST_STEP][PASSED] - Statement - If (!(element.isSelected())): null

2018-07-05 20:26:51 - [TEST_STEP][PASSED] - Statement - element = availableStoresCheckBoxList[i]: null

2018-07-05 20:26:51 - [TEST_STEP][PASSED] - Statement - If (!(element.isSelected())): null

2018-07-05 20:26:51 - [TEST_STEP][PASSED] - Statement - element = availableStoresCheckBoxList[i]: null

2018-07-05 20:26:51 - [TEST_STEP][PASSED] - Statement - If (!(element.isSelected())): null

2018-07-05 20:26:51 - [TEST_STEP][PASSED] - Statement - element = availableStoresCheckBoxList[i]: null

2018-07-05 20:26:51 - [TEST_STEP][PASSED] - Statement - If (!(element.isSelected())): null

2018-07-05 20:26:51 - [TEST_STEP][PASSED] - Statement - element = availableStoresCheckBoxList[i]: null

2018-07-05 20:26:51 - [TEST_STEP][PASSED] - Statement - If (!(element.isSelected())): null

2018-07-05 20:26:51 - [TEST_STEP][PASSED] - Statement - element = availableStoresCheckBoxList[i]: null

2018-07-05 20:26:51 - [TEST_STEP][PASSED] - Statement - If (!(element.isSelected())): null

2018-07-05 20:26:51 - [TEST_STEP][PASSED] - Statement - element = availableStoresCheckBoxList[i]: null

2018-07-05 20:26:51 - [TEST_STEP][PASSED] - Statement - If (!(element.isSelected())): null

2018-07-05 20:26:51 - [TEST_STEP][PASSED] - Statement - element = availableStoresCheckBoxList[i]: null

2018-07-05 20:26:51 - [TEST_STEP][PASSED] - Statement - If (!(element.isSelected())): null

2018-07-05 20:26:51 - [TEST_STEP][PASSED] - Statement - element = availableStoresCheckBoxList[i]: null

2018-07-05 20:26:51 - [TEST_STEP][PASSED] - Statement - If (!(element.isSelected())): null

2018-07-05 20:26:51 - [TEST_STEP][PASSED] - Statement - element = availableStoresCheckBoxList[i]: null

2018-07-05 20:26:51 - [TEST_STEP][PASSED] - Statement - If (!(element.isSelected())): null

2018-07-05 20:26:51 - [TEST_STEP][PASSED] - Statement - element = availableStoresCheckBoxList[i]: null

2018-07-05 20:26:51 - [TEST_STEP][PASSED] - Statement - If (!(element.isSelected())): null

2018-07-05 20:26:51 - [TEST_STEP][PASSED] - Statement - element = availableStoresCheckBoxList[i]: null

2018-07-05 20:26:51 - [TEST_STEP][PASSED] - Statement - If (!(element.isSelected())): null

2018-07-05 20:26:51 - [TEST_STEP][PASSED] - Statement - element = availableStoresCheckBoxList[i]: null

2018-07-05 20:26:51 - [TEST_STEP][PASSED] - Statement - If (!(element.isSelected())): null

2018-07-05 20:26:51 - [TEST_STEP][PASSED] - Statement - element = availableStoresCheckBoxList[i]: null

2018-07-05 20:26:51 - [TEST_STEP][PASSED] - Statement - If (!(element.isSelected())): null

2018-07-05 20:26:51 - [TEST_STEP][PASSED] - Statement - element = availableStoresCheckBoxList[i]: null

2018-07-05 20:26:51 - [TEST_STEP][PASSED] - Statement - If (!(element.isSelected())): null

2018-07-05 20:26:51 - [TEST_STEP][PASSED] - Statement - element = availableStoresCheckBoxList[i]: null

2018-07-05 20:26:51 - [TEST_STEP][PASSED] - Statement - If (!(element.isSelected())): null

2018-07-05 20:26:51 - [TEST_STEP][PASSED] - Statement - element = availableStoresCheckBoxList[i]: null

2018-07-05 20:26:51 - [TEST_STEP][PASSED] - Statement - If (!(element.isSelected())): null

2018-07-05 20:26:51 - [TEST_STEP][PASSED] - Statement - element = availableStoresCheckBoxList[i]: null

2018-07-05 20:26:51 - [TEST_STEP][PASSED] - Statement - If (!(element.isSelected())): null

2018-07-05 20:26:51 - [TEST_STEP][PASSED] - Statement - element = availableStoresCheckBoxList[i]: null

2018-07-05 20:26:51 - [TEST_STEP][PASSED] - Statement - If (!(element.isSelected())): null

2018-07-05 20:26:51 - [TEST_STEP][PASSED] - Statement - element = availableStoresCheckBoxList[i]: null

2018-07-05 20:26:51 - [TEST_STEP][PASSED] - Statement - If (!(element.isSelected())): null

2018-07-05 20:26:51 - [TEST_STEP][PASSED] - Statement - element = availableStoresCheckBoxList[i]: null

2018-07-05 20:26:51 - [TEST_STEP][PASSED] - Statement - If (!(element.isSelected())): null

2018-07-05 20:26:51 - [TEST_STEP][PASSED] - Statement - element = availableStoresCheckBoxList[i]: null

2018-07-05 20:26:51 - [TEST_STEP][PASSED] - Statement - If (!(element.isSelected())): null

2018-07-05 20:26:51 - [TEST_STEP][PASSED] - Statement - element = availableStoresCheckBoxList[i]: null

2018-07-05 20:26:51 - [TEST_STEP][PASSED] - Statement - If (!(element.isSelected())): null

2018-07-05 20:26:51 - [TEST_STEP][PASSED] - Statement - element = availableStoresCheckBoxList[i]: null

2018-07-05 20:26:51 - [TEST_STEP][PASSED] - Statement - If (!(element.isSelected())): null

2018-07-05 20:26:51 - [TEST_STEP][PASSED] - Statement - element = availableStoresCheckBoxList[i]: null

2018-07-05 20:26:51 - [TEST_STEP][PASSED] - Statement - If (!(element.isSelected())): null

2018-07-05 20:26:51 - [TEST_STEP][PASSED] - Statement - element = availableStoresCheckBoxList[i]: null

2018-07-05 20:26:51 - [TEST_STEP][PASSED] - Statement - If (!(element.isSelected())): null

2018-07-05 20:26:51 - [TEST_STEP][PASSED] - Statement - element = availableStoresCheckBoxList[i]: null

2018-07-05 20:26:51 - [TEST_STEP][PASSED] - Statement - If (!(element.isSelected())): null

2018-07-05 20:26:51 - [TEST_STEP][PASSED] - Statement - element = availableStoresCheckBoxList[i]: null

2018-07-05 20:26:51 - [TEST_STEP][PASSED] - Statement - If (!(element.isSelected())): null

2018-07-05 20:26:51 - [TEST_STEP][PASSED] - Statement - element = availableStoresCheckBoxList[i]: null

2018-07-05 20:26:51 - [TEST_STEP][PASSED] - Statement - If (!(element.isSelected())): null

2018-07-05 20:26:51 - [TEST_STEP][PASSED] - Statement - element = availableStoresCheckBoxList[i]: null

2018-07-05 20:26:51 - [TEST_STEP][PASSED] - Statement - If (!(element.isSelected())): null

2018-07-05 20:26:51 - [TEST_STEP][PASSED] - Statement - element = availableStoresCheckBoxList[i]: null

2018-07-05 20:26:51 - [TEST_STEP][PASSED] - Statement - If (!(element.isSelected())): null

2018-07-05 20:26:51 - [TEST_STEP][PASSED] - Statement - element = availableStoresCheckBoxList[i]: null

2018-07-05 20:26:51 - [TEST_STEP][PASSED] - Statement - If (!(element.isSelected())): null

2018-07-05 20:26:51 - [TEST_STEP][PASSED] - Statement - element = availableStoresCheckBoxList[i]: null

2018-07-05 20:26:51 - [TEST_STEP][PASSED] - Statement - If (!(element.isSelected())): null

2018-07-05 20:26:51 - [TEST_STEP][PASSED] - Statement - element = availableStoresCheckBoxList[i]: null

2018-07-05 20:26:51 - [TEST_STEP][PASSED] - Statement - If (!(element.isSelected())): null

2018-07-05 20:26:51 - [TEST_STEP][PASSED] - Statement - element = availableStoresCheckBoxList[i]: null

2018-07-05 20:26:51 - [TEST_STEP][PASSED] - Statement - If (!(element.isSelected())): null

2018-07-05 20:26:51 - [TEST_STEP][PASSED] - Statement - element = availableStoresCheckBoxList[i]: null

2018-07-05 20:26:51 - [TEST_STEP][PASSED] - Statement - If (!(element.isSelected())): null

2018-07-05 20:26:51 - [TEST_STEP][PASSED] - Statement - element = availableStoresCheckBoxList[i]: null

2018-07-05 20:26:51 - [TEST_STEP][PASSED] - Statement - If (!(element.isSelected())): null

2018-07-05 20:26:51 - [TEST_STEP][PASSED] - Statement - element = availableStoresCheckBoxList[i]: null

2018-07-05 20:26:51 - [TEST_STEP][PASSED] - Statement - If (!(element.isSelected())): null

2018-07-05 20:26:51 - [TEST_STEP][PASSED] - Statement - element = availableStoresCheckBoxList[i]: null

2018-07-05 20:26:51 - [TEST_STEP][PASSED] - Statement - If (!(element.isSelected())): null

2018-07-05 20:26:51 - [TEST_STEP][PASSED] - Statement - element = availableStoresCheckBoxList[i]: null

2018-07-05 20:26:51 - [TEST_STEP][PASSED] - Statement - If (!(element.isSelected())): null

2018-07-05 20:26:51 - [TEST_STEP][PASSED] - Statement - element = availableStoresCheckBoxList[i]: null

2018-07-05 20:26:51 - [TEST_STEP][PASSED] - Statement - If (!(element.isSelected())): null

2018-07-05 20:26:51 - [TEST_STEP][PASSED] - Statement - element = availableStoresCheckBoxList[i]: null

2018-07-05 20:26:51 - [TEST_STEP][PASSED] - Statement - If (!(element.isSelected())): null

2018-07-05 20:26:51 - [TEST_STEP][PASSED] - Statement - element = availableStoresCheckBoxList[i]: null

2018-07-05 20:26:51 - [TEST_STEP][PASSED] - Statement - If (!(element.isSelected())): null

2018-07-05 20:26:51 - [TEST_STEP][PASSED] - Statement - element = availableStoresCheckBoxList[i]: null

2018-07-05 20:26:51 - [TEST_STEP][PASSED] - Statement - If (!(element.isSelected())): null

2018-07-05 20:26:51 - [TEST_STEP][PASSED] - Statement - element = availableStoresCheckBoxList[i]: null

2018-07-05 20:26:51 - [TEST_STEP][PASSED] - Statement - If (!(element.isSelected())): null

2018-07-05 20:26:51 - [TEST_STEP][PASSED] - Statement - element = availableStoresCheckBoxList[i]: null

2018-07-05 20:26:51 - [TEST_STEP][PASSED] - Statement - If (!(element.isSelected())): null

2018-07-05 20:26:51 - [TEST_STEP][PASSED] - Statement - element = availableStoresCheckBoxList[i]: null

2018-07-05 20:26:51 - [TEST_STEP][PASSED] - Statement - If (!(element.isSelected())): null

2018-07-05 20:26:51 - [TEST_STEP][PASSED] - Statement - element = availableStoresCheckBoxList[i]: null

2018-07-05 20:26:51 - [TEST_STEP][PASSED] - Statement - If (!(element.isSelected())): null

2018-07-05 20:26:51 - [TEST_STEP][PASSED] - Statement - element = availableStoresCheckBoxList[i]: null

2018-07-05 20:26:51 - [TEST_STEP][PASSED] - Statement - If (!(element.isSelected())): null

2018-07-05 20:26:51 - [TEST_STEP][PASSED] - Statement - element = availableStoresCheckBoxList[i]: null

2018-07-05 20:26:51 - [TEST_STEP][PASSED] - Statement - If (!(element.isSelected())): null

2018-07-05 20:26:51 - [TEST_STEP][PASSED] - Statement - element = availableStoresCheckBoxList[i]: null

2018-07-05 20:26:51 - [TEST_STEP][PASSED] - Statement - If (!(element.isSelected())): null

2018-07-05 20:26:51 - [TEST_STEP][PASSED] - Statement - element = availableStoresCheckBoxList[i]: null

2018-07-05 20:26:51 - [TEST_STEP][PASSED] - Statement - If (!(element.isSelected())): null

2018-07-05 20:26:51 - [TEST_STEP][PASSED] - Statement - element = availableStoresCheckBoxList[i]: null

2018-07-05 20:26:51 - [TEST_STEP][PASSED] - Statement - If (!(element.isSelected())): null

2018-07-05 20:26:51 - [TEST_STEP][PASSED] - Statement - element = availableStoresCheckBoxList[i]: null

2018-07-05 20:26:51 - [TEST_STEP][PASSED] - Statement - If (!(element.isSelected())): null

2018-07-05 20:26:51 - [TEST_STEP][PASSED] - Statement - element = availableStoresCheckBoxList[i]: null

2018-07-05 20:26:51 - [TEST_STEP][PASSED] - Statement - If (!(element.isSelected())): null

2018-07-05 20:26:51 - [TEST_STEP][PASSED] - Statement - element = availableStoresCheckBoxList[i]: null

2018-07-05 20:26:51 - [TEST_STEP][PASSED] - Statement - If (!(element.isSelected())): null

2018-07-05 20:26:51 - [TEST_STEP][PASSED] - Statement - If (flag): null

2018-07-05 20:26:51 - [TEST_STEP][PASSED] - Statement - out.println("All Available Store checkboxes are checked"): null

2018-07-05 20:26:51 - [TEST_STEP][PASSED] - delay: Delayed 5 second(s)

2018-07-05 20:26:56 - [MESSAGE][PASSED] - Delayed 5 second(s)

2018-07-05 20:26:56 - [TEST_STEP][PASSED] - Statement - StoresCBList = driver.findElements(org.openqa.selenium.By.xpath(com.kms.katalon.core.testdata.TestDataFactory.findTestData(OR_file).getValue(2, 12))): Reading excel file with source file 'C:\Users\shalinin\Katalon Studio\HME_DEVScripts\Data Files\HME_OR.xlsx' and sheet name 'Sheet1'

2018-07-05 20:26:56 - [TEST_STEP][PASSED] - Statement - For (org.openqa.selenium.WebElement checkbox : StoresCBList): null

2018-07-05 20:26:56 - [TEST_STEP][PASSED] - Statement - If (checkbox.isSelected()): null

2018-07-05 20:26:57 - [TEST_STEP][PASSED] - Statement - checkbox.click(): null

2018-07-05 20:26:57 - [TEST_STEP][PASSED] - Statement - If (checkbox.isSelected()): null

2018-07-05 20:26:57 - [TEST_STEP][PASSED] - Statement - checkbox.click(): null

2018-07-05 20:26:57 - [TEST_STEP][PASSED] - Statement - If (checkbox.isSelected()): null

2018-07-05 20:26:57 - [TEST_STEP][PASSED] - Statement - checkbox.click(): null

2018-07-05 20:26:57 - [TEST_STEP][PASSED] - Statement - If (checkbox.isSelected()): null

2018-07-05 20:26:57 - [TEST_STEP][PASSED] - Statement - checkbox.click(): null

2018-07-05 20:26:57 - [TEST_STEP][PASSED] - Statement - If (checkbox.isSelected()): null

2018-07-05 20:26:57 - [TEST_STEP][PASSED] - Statement - checkbox.click(): null

2018-07-05 20:26:57 - [TEST_STEP][PASSED] - Statement - If (checkbox.isSelected()): null

2018-07-05 20:26:57 - [TEST_STEP][PASSED] - Statement - checkbox.click(): null

2018-07-05 20:26:57 - [TEST_STEP][PASSED] - Statement - If (checkbox.isSelected()): null

2018-07-05 20:26:57 - [TEST_STEP][PASSED] - Statement - checkbox.click(): null

2018-07-05 20:26:57 - [TEST_STEP][PASSED] - Statement - If (checkbox.isSelected()): null

2018-07-05 20:26:57 - [TEST_STEP][PASSED] - Statement - checkbox.click(): null

2018-07-05 20:26:57 - [TEST_STEP][PASSED] - Statement - If (checkbox.isSelected()): null

2018-07-05 20:26:57 - [TEST_STEP][PASSED] - Statement - checkbox.click(): null

2018-07-05 20:26:57 - [TEST_STEP][PASSED] - Statement - If (checkbox.isSelected()): null

2018-07-05 20:26:57 - [TEST_STEP][PASSED] - Statement - checkbox.click(): null

2018-07-05 20:26:57 - [TEST_STEP][PASSED] - Statement - If (checkbox.isSelected()): null

2018-07-05 20:26:57 - [TEST_STEP][PASSED] - Statement - checkbox.click(): null

2018-07-05 20:26:57 - [TEST_STEP][PASSED] - Statement - If (checkbox.isSelected()): null

2018-07-05 20:26:57 - [TEST_STEP][PASSED] - Statement - checkbox.click(): null

2018-07-05 20:26:57 - [TEST_STEP][PASSED] - Statement - If (checkbox.isSelected()): null

2018-07-05 20:26:57 - [TEST_STEP][PASSED] - Statement - checkbox.click(): null

2018-07-05 20:26:57 - [TEST_STEP][PASSED] - Statement - If (checkbox.isSelected()): null

2018-07-05 20:26:57 - [TEST_STEP][PASSED] - Statement - checkbox.click(): null

2018-07-05 20:26:57 - [TEST_STEP][PASSED] - Statement - If (checkbox.isSelected()): null

2018-07-05 20:26:57 - [TEST_STEP][PASSED] - Statement - checkbox.click(): null

2018-07-05 20:26:57 - [TEST_STEP][PASSED] - Statement - If (checkbox.isSelected()): null

2018-07-05 20:26:57 - [TEST_STEP][PASSED] - Statement - checkbox.click(): null

2018-07-05 20:26:57 - [TEST_STEP][PASSED] - Statement - If (checkbox.isSelected()): null

2018-07-05 20:26:57 - [TEST_STEP][PASSED] - Statement - checkbox.click(): null

2018-07-05 20:26:58 - [TEST_STEP][PASSED] - Statement - If (checkbox.isSelected()): null

2018-07-05 20:26:58 - [TEST_STEP][PASSED] - Statement - checkbox.click(): null

2018-07-05 20:26:58 - [TEST_STEP][PASSED] - Statement - If (checkbox.isSelected()): null

2018-07-05 20:26:58 - [TEST_STEP][PASSED] - Statement - checkbox.click(): null

2018-07-05 20:26:58 - [TEST_STEP][PASSED] - Statement - If (checkbox.isSelected()): null

2018-07-05 20:26:58 - [TEST_STEP][PASSED] - Statement - checkbox.click(): null

2018-07-05 20:26:58 - [TEST_STEP][PASSED] - Statement - If (checkbox.isSelected()): null

2018-07-05 20:26:58 - [TEST_STEP][PASSED] - Statement - checkbox.click(): null

2018-07-05 20:26:58 - [TEST_STEP][PASSED] - Statement - If (checkbox.isSelected()): null

2018-07-05 20:26:58 - [TEST_STEP][PASSED] - Statement - checkbox.click(): null

2018-07-05 20:26:58 - [TEST_STEP][PASSED] - Statement - If (checkbox.isSelected()): null

2018-07-05 20:26:58 - [TEST_STEP][PASSED] - Statement - checkbox.click(): null

2018-07-05 20:26:58 - [TEST_STEP][PASSED] - Statement - If (checkbox.isSelected()): null

2018-07-05 20:26:58 - [TEST_STEP][PASSED] - Statement - checkbox.click(): null

2018-07-05 20:26:58 - [TEST_STEP][PASSED] - Statement - If (checkbox.isSelected()): null

2018-07-05 20:26:58 - [TEST_STEP][PASSED] - Statement - checkbox.click(): null

2018-07-05 20:26:58 - [TEST_STEP][PASSED] - Statement - If (checkbox.isSelected()): null

2018-07-05 20:26:58 - [TEST_STEP][PASSED] - Statement - checkbox.click(): null

2018-07-05 20:26:58 - [TEST_STEP][PASSED] - Statement - If (checkbox.isSelected()): null

2018-07-05 20:26:58 - [TEST_STEP][PASSED] - Statement - checkbox.click(): null

2018-07-05 20:26:58 - [TEST_STEP][PASSED] - Statement - If (checkbox.isSelected()): null

2018-07-05 20:26:58 - [TEST_STEP][PASSED] - Statement - checkbox.click(): null

2018-07-05 20:26:58 - [TEST_STEP][PASSED] - Statement - If (checkbox.isSelected()): null

2018-07-05 20:26:58 - [TEST_STEP][PASSED] - Statement - checkbox.click(): null

2018-07-05 20:26:58 - [TEST_STEP][PASSED] - Statement - If (checkbox.isSelected()): null

2018-07-05 20:26:58 - [TEST_STEP][PASSED] - Statement - checkbox.click(): null

2018-07-05 20:26:58 - [TEST_STEP][PASSED] - Statement - If (checkbox.isSelected()): null

2018-07-05 20:26:58 - [TEST_STEP][PASSED] - Statement - checkbox.click(): null

2018-07-05 20:26:58 - [TEST_STEP][PASSED] - Statement - If (checkbox.isSelected()): null

2018-07-05 20:26:58 - [TEST_STEP][PASSED] - Statement - checkbox.click(): null

2018-07-05 20:26:58 - [TEST_STEP][PASSED] - Statement - If (checkbox.isSelected()): null

2018-07-05 20:26:58 - [TEST_STEP][PASSED] - Statement - checkbox.click(): null

2018-07-05 20:26:58 - [TEST_STEP][PASSED] - Statement - If (checkbox.isSelected()): null

2018-07-05 20:26:58 - [TEST_STEP][PASSED] - Statement - checkbox.click(): null

2018-07-05 20:26:58 - [TEST_STEP][PASSED] - Statement - If (checkbox.isSelected()): null

2018-07-05 20:26:58 - [TEST_STEP][PASSED] - Statement - checkbox.click(): null

2018-07-05 20:26:58 - [TEST_STEP][PASSED] - Statement - If (checkbox.isSelected()): null

2018-07-05 20:26:59 - [TEST_STEP][PASSED] - Statement - checkbox.click(): null

2018-07-05 20:26:59 - [TEST_STEP][PASSED] - Statement - If (checkbox.isSelected()): null

2018-07-05 20:26:59 - [TEST_STEP][PASSED] - Statement - checkbox.click(): null

2018-07-05 20:26:59 - [TEST_STEP][PASSED] - Statement - If (checkbox.isSelected()): null

2018-07-05 20:26:59 - [TEST_STEP][PASSED] - Statement - checkbox.click(): null

2018-07-05 20:26:59 - [TEST_STEP][PASSED] - Statement - If (checkbox.isSelected()): null

2018-07-05 20:26:59 - [TEST_STEP][PASSED] - Statement - checkbox.click(): null

2018-07-05 20:26:59 - [TEST_STEP][PASSED] - Statement - If (checkbox.isSelected()): null

2018-07-05 20:26:59 - [TEST_STEP][PASSED] - Statement - checkbox.click(): null

2018-07-05 20:26:59 - [TEST_STEP][PASSED] - Statement - If (checkbox.isSelected()): null

2018-07-05 20:26:59 - [TEST_STEP][PASSED] - Statement - checkbox.click(): null

2018-07-05 20:26:59 - [TEST_STEP][PASSED] - Statement - If (checkbox.isSelected()): null

2018-07-05 20:26:59 - [TEST_STEP][PASSED] - Statement - checkbox.click(): null

2018-07-05 20:26:59 - [TEST_STEP][PASSED] - Statement - If (checkbox.isSelected()): null

2018-07-05 20:26:59 - [TEST_STEP][PASSED] - Statement - checkbox.click(): null

2018-07-05 20:26:59 - [TEST_STEP][PASSED] - Statement - If (checkbox.isSelected()): null

2018-07-05 20:26:59 - [TEST_STEP][PASSED] - Statement - checkbox.click(): null

2018-07-05 20:26:59 - [TEST_STEP][PASSED] - Statement - If (checkbox.isSelected()): null

2018-07-05 20:26:59 - [TEST_STEP][PASSED] - Statement - checkbox.click(): null

2018-07-05 20:26:59 - [TEST_STEP][PASSED] - Statement - If (checkbox.isSelected()): null

2018-07-05 20:26:59 - [TEST_STEP][PASSED] - Statement - checkbox.click(): null

2018-07-05 20:26:59 - [TEST_STEP][PASSED] - Statement - If (checkbox.isSelected()): null

2018-07-05 20:26:59 - [TEST_STEP][PASSED] - Statement - checkbox.click(): null

2018-07-05 20:26:59 - [TEST_STEP][PASSED] - Statement - If (checkbox.isSelected()): null

2018-07-05 20:26:59 - [TEST_STEP][PASSED] - Statement - checkbox.click(): null

2018-07-05 20:26:59 - [TEST_STEP][PASSED] - Statement - If (checkbox.isSelected()): null

2018-07-05 20:26:59 - [TEST_STEP][PASSED] - Statement - checkbox.click(): null

2018-07-05 20:26:59 - [TEST_STEP][PASSED] - Statement - If (checkbox.isSelected()): null

2018-07-05 20:26:59 - [TEST_STEP][PASSED] - Statement - checkbox.click(): null

2018-07-05 20:26:59 - [TEST_STEP][PASSED] - Statement - If (checkbox.isSelected()): null

2018-07-05 20:26:59 - [TEST_STEP][PASSED] - Statement - checkbox.click(): null

2018-07-05 20:26:59 - [TEST_STEP][PASSED] - Statement - If (checkbox.isSelected()): null

2018-07-05 20:26:59 - [TEST_STEP][PASSED] - Statement - checkbox.click(): null

2018-07-05 20:26:59 - [TEST_STEP][PASSED] - Statement - If (checkbox.isSelected()): null

2018-07-05 20:26:59 - [TEST_STEP][PASSED] - Statement - checkbox.click(): null

2018-07-05 20:27:00 - [TEST_STEP][PASSED] - Statement - If (checkbox.isSelected()): null

2018-07-05 20:27:00 - [TEST_STEP][PASSED] - Statement - checkbox.click(): null

2018-07-05 20:27:00 - [TEST_STEP][PASSED] - Statement - If (checkbox.isSelected()): null

2018-07-05 20:27:00 - [TEST_STEP][PASSED] - Statement - checkbox.click(): null

2018-07-05 20:27:00 - [TEST_STEP][PASSED] - Statement - If (checkbox.isSelected()): null

2018-07-05 20:27:00 - [TEST_STEP][PASSED] - Statement - checkbox.click(): null

2018-07-05 20:27:00 - [TEST_STEP][PASSED] - Statement - If (checkbox.isSelected()): null

2018-07-05 20:27:00 - [TEST_STEP][PASSED] - Statement - checkbox.click(): null

2018-07-05 20:27:00 - [TEST_STEP][PASSED] - Statement - If (checkbox.isSelected()): null

2018-07-05 20:27:00 - [TEST_STEP][PASSED] - Statement - checkbox.click(): null

2018-07-05 20:27:00 - [TEST_STEP][PASSED] - Statement - If (checkbox.isSelected()): null

2018-07-05 20:27:00 - [TEST_STEP][PASSED] - Statement - checkbox.click(): null

2018-07-05 20:27:00 - [TEST_STEP][PASSED] - Statement - If (checkbox.isSelected()): null

2018-07-05 20:27:00 - [TEST_STEP][PASSED] - Statement - checkbox.click(): null

2018-07-05 20:27:00 - [TEST_STEP][PASSED] - Statement - If (checkbox.isSelected()): null

2018-07-05 20:27:00 - [TEST_STEP][PASSED] - Statement - checkbox.click(): null

2018-07-05 20:27:00 - [TEST_STEP][PASSED] - Statement - If (checkbox.isSelected()): null

2018-07-05 20:27:00 - [TEST_STEP][PASSED] - Statement - checkbox.click(): null

2018-07-05 20:27:00 - [TEST_STEP][PASSED] - Statement - If (checkbox.isSelected()): null

2018-07-05 20:27:00 - [TEST_STEP][PASSED] - Statement - checkbox.click(): null

2018-07-05 20:27:00 - [TEST_STEP][PASSED] - Statement - If (checkbox.isSelected()): null

2018-07-05 20:27:00 - [TEST_STEP][PASSED] - Statement - checkbox.click(): null

2018-07-05 20:27:00 - [TEST_STEP][PASSED] - Statement - If (checkbox.isSelected()): null

2018-07-05 20:27:00 - [TEST_STEP][PASSED] - Statement - checkbox.click(): null

2018-07-05 20:27:00 - [TEST_STEP][PASSED] - Statement - If (checkbox.isSelected()): null

2018-07-05 20:27:00 - [TEST_STEP][PASSED] - Statement - checkbox.click(): null

2018-07-05 20:27:00 - [TEST_STEP][PASSED] - Statement - If (checkbox.isSelected()): null

2018-07-05 20:27:00 - [TEST_STEP][PASSED] - Statement - checkbox.click(): null

2018-07-05 20:27:00 - [TEST_STEP][PASSED] - Statement - If (checkbox.isSelected()): null

2018-07-05 20:27:00 - [TEST_STEP][PASSED] - Statement - checkbox.click(): null

2018-07-05 20:27:00 - [TEST_STEP][PASSED] - Statement - If (checkbox.isSelected()): null

2018-07-05 20:27:00 - [TEST_STEP][PASSED] - Statement - checkbox.click(): null

2018-07-05 20:27:00 - [TEST_STEP][PASSED] - Statement - If (checkbox.isSelected()): null

2018-07-05 20:27:00 - [TEST_STEP][PASSED] - Statement - checkbox.click(): null

2018-07-05 20:27:00 - [TEST_STEP][PASSED] - Statement - If (checkbox.isSelected()): null

2018-07-05 20:27:00 - [TEST_STEP][PASSED] - Statement - checkbox.click(): null

2018-07-05 20:27:00 - [TEST_STEP][PASSED] - Statement - If (checkbox.isSelected()): null

2018-07-05 20:27:00 - [TEST_STEP][PASSED] - Statement - checkbox.click(): null

2018-07-05 20:27:01 - [TEST_STEP][PASSED] - Statement - If (checkbox.isSelected()): null

2018-07-05 20:27:01 - [TEST_STEP][PASSED] - Statement - checkbox.click(): null

2018-07-05 20:27:01 - [TEST_STEP][PASSED] - Statement - If (checkbox.isSelected()): null

2018-07-05 20:27:01 - [TEST_STEP][PASSED] - Statement - checkbox.click(): null

2018-07-05 20:27:01 - [TEST_STEP][PASSED] - Statement - If (checkbox.isSelected()): null

2018-07-05 20:27:01 - [TEST_STEP][PASSED] - Statement - checkbox.click(): null

2018-07-05 20:27:01 - [TEST_STEP][PASSED] - Statement - If (checkbox.isSelected()): null

2018-07-05 20:27:01 - [TEST_STEP][PASSED] - Statement - checkbox.click(): null

2018-07-05 20:27:01 - [TEST_STEP][PASSED] - Statement - If (checkbox.isSelected()): null

2018-07-05 20:27:01 - [TEST_STEP][PASSED] - Statement - checkbox.click(): null

2018-07-05 20:27:01 - [TEST_STEP][PASSED] - Statement - If (checkbox.isSelected()): null

2018-07-05 20:27:01 - [TEST_STEP][PASSED] - Statement - checkbox.click(): null

2018-07-05 20:27:01 - [TEST_STEP][PASSED] - Statement - If (checkbox.isSelected()): null

2018-07-05 20:27:01 - [TEST_STEP][PASSED] - Statement - checkbox.click(): null

2018-07-05 20:27:01 - [TEST_STEP][PASSED] - Statement - If (checkbox.isSelected()): null

2018-07-05 20:27:01 - [TEST_STEP][PASSED] - Statement - checkbox.click(): null

2018-07-05 20:27:01 - [TEST_STEP][PASSED] - Statement - If (checkbox.isSelected()): null

2018-07-05 20:27:01 - [TEST_STEP][PASSED] - Statement - checkbox.click(): null

2018-07-05 20:27:01 - [TEST_STEP][PASSED] - Statement - If (checkbox.isSelected()): null

2018-07-05 20:27:01 - [TEST_STEP][PASSED] - Statement - checkbox.click(): null

2018-07-05 20:27:01 - [TEST_STEP][PASSED] - Statement - If (checkbox.isSelected()): null

2018-07-05 20:27:01 - [TEST_STEP][PASSED] - Statement - checkbox.click(): null

2018-07-05 20:27:01 - [TEST_STEP][PASSED] - Statement - If (checkbox.isSelected()): null

2018-07-05 20:27:01 - [TEST_STEP][PASSED] - Statement - checkbox.click(): null

2018-07-05 20:27:01 - [TEST_STEP][PASSED] - Statement - If (checkbox.isSelected()): null

2018-07-05 20:27:01 - [TEST_STEP][PASSED] - Statement - checkbox.click(): null

2018-07-05 20:27:01 - [TEST_STEP][PASSED] - Statement - If (checkbox.isSelected()): null

2018-07-05 20:27:01 - [TEST_STEP][PASSED] - Statement - checkbox.click(): null

2018-07-05 20:27:01 - [TEST_STEP][PASSED] - Statement - If (checkbox.isSelected()): null

2018-07-05 20:27:01 - [TEST_STEP][PASSED] - Statement - checkbox.click(): null

2018-07-05 20:27:01 - [TEST_STEP][PASSED] - Statement - If (checkbox.isSelected()): null

2018-07-05 20:27:01 - [TEST_STEP][PASSED] - Statement - checkbox.click(): null

2018-07-05 20:27:01 - [TEST_STEP][PASSED] - Statement - If (checkbox.isSelected()): null

2018-07-05 20:27:01 - [TEST_STEP][PASSED] - Statement - checkbox.click(): null

2018-07-05 20:27:01 - [TEST_STEP][PASSED] - Statement - If (checkbox.isSelected()): null

2018-07-05 20:27:01 - [TEST_STEP][PASSED] - Statement - checkbox.click(): null

2018-07-05 20:27:02 - [TEST_STEP][PASSED] - Statement - If (checkbox.isSelected()): null

2018-07-05 20:27:02 - [TEST_STEP][PASSED] - Statement - checkbox.click(): null

2018-07-05 20:27:02 - [TEST_STEP][PASSED] - Statement - If (checkbox.isSelected()): null

2018-07-05 20:27:02 - [TEST_STEP][PASSED] - Statement - checkbox.click(): null

2018-07-05 20:27:02 - [TEST_STEP][PASSED] - Statement - If (checkbox.isSelected()): null

2018-07-05 20:27:02 - [TEST_STEP][PASSED] - Statement - checkbox.click(): null

2018-07-05 20:27:02 - [TEST_STEP][PASSED] - Statement - If (checkbox.isSelected()): null

2018-07-05 20:27:02 - [TEST_STEP][PASSED] - Statement - checkbox.click(): null

2018-07-05 20:27:02 - [TEST_STEP][PASSED] - Statement - If (checkbox.isSelected()): null

2018-07-05 20:27:02 - [TEST_STEP][PASSED] - Statement - checkbox.click(): null

2018-07-05 20:27:02 - [TEST_STEP][PASSED] - Statement - If (checkbox.isSelected()): null

2018-07-05 20:27:02 - [TEST_STEP][PASSED] - Statement - checkbox.click(): null

2018-07-05 20:27:02 - [TEST_STEP][PASSED] - Statement - If (checkbox.isSelected()): null

2018-07-05 20:27:02 - [TEST_STEP][PASSED] - Statement - checkbox.click(): null

2018-07-05 20:27:02 - [TEST_STEP][PASSED] - Statement - If (checkbox.isSelected()): null

2018-07-05 20:27:02 - [TEST_STEP][PASSED] - Statement - checkbox.click(): null

2018-07-05 20:27:02 - [TEST_STEP][PASSED] - Statement - If (checkbox.isSelected()): null

2018-07-05 20:27:02 - [TEST_STEP][PASSED] - Statement - checkbox.click(): null

2018-07-05 20:27:02 - [TEST_STEP][PASSED] - Statement - If (checkbox.isSelected()): null

2018-07-05 20:27:02 - [TEST_STEP][PASSED] - Statement - checkbox.click(): null

2018-07-05 20:27:02 - [TEST_STEP][PASSED] - Statement - If (checkbox.isSelected()): null

2018-07-05 20:27:02 - [TEST_STEP][PASSED] - Statement - checkbox.click(): null

2018-07-05 20:27:02 - [TEST_STEP][PASSED] - Statement - If (checkbox.isSelected()): null

2018-07-05 20:27:02 - [TEST_STEP][PASSED] - Statement - checkbox.click(): null

2018-07-05 20:27:02 - [TEST_STEP][PASSED] - Statement - If (checkbox.isSelected()): null

2018-07-05 20:27:02 - [TEST_STEP][PASSED] - Statement - checkbox.click(): null

2018-07-05 20:27:02 - [TEST_STEP][PASSED] - Statement - If (checkbox.isSelected()): null

2018-07-05 20:27:02 - [TEST_STEP][PASSED] - Statement - checkbox.click(): null

2018-07-05 20:27:02 - [TEST_STEP][PASSED] - Statement - If (checkbox.isSelected()): null

2018-07-05 20:27:02 - [TEST_STEP][PASSED] - Statement - checkbox.click(): null

2018-07-05 20:27:02 - [TEST_STEP][PASSED] - Statement - If (checkbox.isSelected()): null

2018-07-05 20:27:02 - [TEST_STEP][PASSED] - Statement - checkbox.click(): null

2018-07-05 20:27:02 - [TEST_STEP][PASSED] - Statement - If (checkbox.isSelected()): null

2018-07-05 20:27:02 - [TEST_STEP][PASSED] - Statement - checkbox.click(): null

2018-07-05 20:27:02 - [TEST_STEP][PASSED] - Statement - If (checkbox.isSelected()): null

2018-07-05 20:27:02 - [TEST_STEP][PASSED] - Statement - checkbox.click(): null

2018-07-05 20:27:03 - [TEST_STEP][PASSED] - Statement - If (checkbox.isSelected()): null

2018-07-05 20:27:03 - [TEST_STEP][PASSED] - Statement - checkbox.click(): null

2018-07-05 20:27:03 - [TEST_STEP][PASSED] - Statement - If (checkbox.isSelected()): null

2018-07-05 20:27:03 - [TEST_STEP][PASSED] - Statement - checkbox.click(): null

2018-07-05 20:27:03 - [TEST_STEP][PASSED] - Statement - If (checkbox.isSelected()): null

2018-07-05 20:27:03 - [TEST_STEP][PASSED] - Statement - checkbox.click(): null

2018-07-05 20:27:03 - [TEST_STEP][PASSED] - Statement - If (checkbox.isSelected()): null

2018-07-05 20:27:03 - [TEST_STEP][PASSED] - Statement - checkbox.click(): null

2018-07-05 20:27:03 - [TEST_STEP][PASSED] - Statement - If (checkbox.isSelected()): null

2018-07-05 20:27:03 - [TEST_STEP][PASSED] - Statement - checkbox.click(): null

2018-07-05 20:27:03 - [TEST_STEP][PASSED] - Statement - If (checkbox.isSelected()): null

2018-07-05 20:27:03 - [TEST_STEP][PASSED] - Statement - checkbox.click(): null

2018-07-05 20:27:03 - [TEST_STEP][PASSED] - Statement - If (checkbox.isSelected()): null

2018-07-05 20:27:03 - [TEST_STEP][PASSED] - Statement - checkbox.click(): null

2018-07-05 20:27:03 - [TEST_STEP][PASSED] - Statement - If (checkbox.isSelected()): null

2018-07-05 20:27:03 - [TEST_STEP][PASSED] - Statement - checkbox.click(): null

2018-07-05 20:27:03 - [TEST_STEP][PASSED] - Statement - If (checkbox.isSelected()): null

2018-07-05 20:27:03 - [TEST_STEP][PASSED] - Statement - checkbox.click(): null

2018-07-05 20:27:03 - [TEST_STEP][PASSED] - Statement - If (checkbox.isSelected()): null

2018-07-05 20:27:03 - [TEST_STEP][PASSED] - Statement - checkbox.click(): null

2018-07-05 20:27:03 - [TEST_STEP][PASSED] - Statement - If (checkbox.isSelected()): null

2018-07-05 20:27:03 - [TEST_STEP][PASSED] - Statement - checkbox.click(): null

2018-07-05 20:27:03 - [TEST_STEP][PASSED] - Statement - If (checkbox.isSelected()): null

2018-07-05 20:27:03 - [TEST_STEP][PASSED] - Statement - checkbox.click(): null

2018-07-05 20:27:03 - [TEST_STEP][PASSED] - Statement - If (checkbox.isSelected()): null

2018-07-05 20:27:03 - [TEST_STEP][PASSED] - Statement - checkbox.click(): null

2018-07-05 20:27:03 - [TEST_STEP][PASSED] - Statement - If (checkbox.isSelected()): null

2018-07-05 20:27:03 - [TEST_STEP][PASSED] - Statement - checkbox.click(): null

2018-07-05 20:27:03 - [TEST_STEP][PASSED] - Statement - If (checkbox.isSelected()): null

2018-07-05 20:27:03 - [TEST_STEP][PASSED] - Statement - checkbox.click(): null

2018-07-05 20:27:03 - [TEST_STEP][PASSED] - Statement - If (checkbox.isSelected()): null

2018-07-05 20:27:03 - [TEST_STEP][PASSED] - Statement - checkbox.click(): null

2018-07-05 20:27:03 - [TEST_STEP][PASSED] - Statement - If (checkbox.isSelected()): null

2018-07-05 20:27:03 - [TEST_STEP][PASSED] - Statement - checkbox.click(): null

2018-07-05 20:27:04 - [TEST_STEP][PASSED] - Statement - If (checkbox.isSelected()): null

2018-07-05 20:27:04 - [TEST_STEP][PASSED] - Statement - checkbox.click(): null

2018-07-05 20:27:04 - [TEST_STEP][PASSED] - Statement - If (checkbox.isSelected()): null

2018-07-05 20:27:04 - [TEST_STEP][PASSED] - Statement - checkbox.click(): null

2018-07-05 20:27:04 - [TEST_STEP][PASSED] - Statement - If (checkbox.isSelected()): null

2018-07-05 20:27:04 - [TEST_STEP][PASSED] - Statement - checkbox.click(): null

2018-07-05 20:27:04 - [TEST_STEP][PASSED] - Statement - If (checkbox.isSelected()): null

2018-07-05 20:27:04 - [TEST_STEP][PASSED] - Statement - checkbox.click(): null

2018-07-05 20:27:04 - [TEST_STEP][PASSED] - Statement - If (checkbox.isSelected()): null

2018-07-05 20:27:04 - [TEST_STEP][PASSED] - Statement - checkbox.click(): null

2018-07-05 20:27:04 - [TEST_STEP][PASSED] - Statement - If (checkbox.isSelected()): null

2018-07-05 20:27:04 - [TEST_STEP][PASSED] - Statement - checkbox.click(): null

2018-07-05 20:27:04 - [TEST_STEP][PASSED] - Statement - If (checkbox.isSelected()): null

2018-07-05 20:27:04 - [TEST_STEP][PASSED] - Statement - checkbox.click(): null

2018-07-05 20:27:04 - [TEST_STEP][PASSED] - Statement - If (checkbox.isSelected()): null

2018-07-05 20:27:04 - [TEST_STEP][PASSED] - Statement - checkbox.click(): null

2018-07-05 20:27:04 - [TEST_STEP][PASSED] - Statement - If (checkbox.isSelected()): null

2018-07-05 20:27:04 - [TEST_STEP][PASSED] - Statement - checkbox.click(): null

2018-07-05 20:27:04 - [TEST_STEP][PASSED] - Statement - If (checkbox.isSelected()): null

2018-07-05 20:27:04 - [TEST_STEP][PASSED] - Statement - checkbox.click(): null

2018-07-05 20:27:04 - [TEST_STEP][PASSED] - Statement - If (checkbox.isSelected()): null

2018-07-05 20:27:04 - [TEST_STEP][PASSED] - Statement - checkbox.click(): null

2018-07-05 20:27:04 - [TEST_STEP][PASSED] - Statement - If (checkbox.isSelected()): null

2018-07-05 20:27:04 - [TEST_STEP][PASSED] - Statement - checkbox.click(): null

2018-07-05 20:27:04 - [TEST_STEP][PASSED] - Statement - If (checkbox.isSelected()): null

2018-07-05 20:27:04 - [TEST_STEP][PASSED] - Statement - checkbox.click(): null

2018-07-05 20:27:04 - [TEST_STEP][PASSED] - Statement - If (checkbox.isSelected()): null

2018-07-05 20:27:04 - [TEST_STEP][PASSED] - Statement - checkbox.click(): null

2018-07-05 20:27:04 - [TEST_STEP][PASSED] - Statement - If (checkbox.isSelected()): null

2018-07-05 20:27:04 - [TEST_STEP][PASSED] - Statement - checkbox.click(): null

2018-07-05 20:27:04 - [TEST_STEP][PASSED] - Statement - If (checkbox.isSelected()): null

2018-07-05 20:27:04 - [TEST_STEP][PASSED] - Statement - checkbox.click(): null

2018-07-05 20:27:04 - [TEST_STEP][PASSED] - Statement - If (checkbox.isSelected()): null

2018-07-05 20:27:04 - [TEST_STEP][PASSED] - Statement - checkbox.click(): null

2018-07-05 20:27:05 - [TEST_STEP][PASSED] - Statement - If (checkbox.isSelected()): null

2018-07-05 20:27:05 - [TEST_STEP][PASSED] - Statement - checkbox.click(): null

2018-07-05 20:27:05 - [TEST_STEP][PASSED] - Statement - If (checkbox.isSelected()): null

2018-07-05 20:27:05 - [TEST_STEP][PASSED] - Statement - checkbox.click(): null

2018-07-05 20:27:05 - [TEST_STEP][PASSED] - Statement - If (checkbox.isSelected()): null

2018-07-05 20:27:05 - [TEST_STEP][PASSED] - Statement - checkbox.click(): null

2018-07-05 20:27:05 - [TEST_STEP][PASSED] - Statement - If (checkbox.isSelected()): null

2018-07-05 20:27:05 - [TEST_STEP][PASSED] - Statement - checkbox.click(): null

2018-07-05 20:27:05 - [TEST_STEP][PASSED] - Statement - If (checkbox.isSelected()): null

2018-07-05 20:27:05 - [TEST_STEP][PASSED] - Statement - checkbox.click(): null

2018-07-05 20:27:05 - [TEST_STEP][PASSED] - Statement - If (checkbox.isSelected()): null

2018-07-05 20:27:05 - [TEST_STEP][PASSED] - Statement - checkbox.click(): null

2018-07-05 20:27:05 - [TEST_STEP][PASSED] - Statement - If (checkbox.isSelected()): null

2018-07-05 20:27:05 - [TEST_STEP][PASSED] - Statement - checkbox.click(): null

2018-07-05 20:27:05 - [TEST_STEP][PASSED] - Statement - If (checkbox.isSelected()): null

2018-07-05 20:27:05 - [TEST_STEP][PASSED] - Statement - checkbox.click(): null

2018-07-05 20:27:05 - [TEST_STEP][PASSED] - Statement - If (checkbox.isSelected()): null

2018-07-05 20:27:05 - [TEST_STEP][PASSED] - Statement - checkbox.click(): null

2018-07-05 20:27:05 - [TEST_STEP][PASSED] - Statement - If (checkbox.isSelected()): null

2018-07-05 20:27:05 - [TEST_STEP][PASSED] - Statement - checkbox.click(): null

2018-07-05 20:27:05 - [TEST_STEP][PASSED] - Statement - If (checkbox.isSelected()): null

2018-07-05 20:27:05 - [TEST_STEP][PASSED] - Statement - checkbox.click(): null

2018-07-05 20:27:05 - [TEST_STEP][PASSED] - Statement - If (checkbox.isSelected()): null

2018-07-05 20:27:05 - [TEST_STEP][PASSED] - Statement - checkbox.click(): null

2018-07-05 20:27:05 - [TEST_STEP][PASSED] - Statement - If (checkbox.isSelected()): null

2018-07-05 20:27:05 - [TEST_STEP][PASSED] - Statement - checkbox.click(): null

2018-07-05 20:27:05 - [TEST_STEP][PASSED] - Statement - If (checkbox.isSelected()): null

2018-07-05 20:27:05 - [TEST_STEP][PASSED] - Statement - checkbox.click(): null

2018-07-05 20:27:05 - [TEST_STEP][PASSED] - Statement - If (checkbox.isSelected()): null

2018-07-05 20:27:05 - [TEST_STEP][PASSED] - Statement - checkbox.click(): null

2018-07-05 20:27:05 - [TEST_STEP][PASSED] - Statement - If (checkbox.isSelected()): null

2018-07-05 20:27:05 - [TEST_STEP][PASSED] - Statement - checkbox.click(): null

2018-07-05 20:27:05 - [TEST_STEP][PASSED] - Statement - If (checkbox.isSelected()): null

2018-07-05 20:27:05 - [TEST_STEP][PASSED] - Statement - checkbox.click(): null

2018-07-05 20:27:06 - [TEST_STEP][PASSED] - Statement - If (checkbox.isSelected()): null

2018-07-05 20:27:06 - [TEST_STEP][PASSED] - Statement - checkbox.click(): null

2018-07-05 20:27:06 - [TEST_STEP][PASSED] - Statement - If (checkbox.isSelected()): null

2018-07-05 20:27:06 - [TEST_STEP][PASSED] - Statement - checkbox.click(): null

2018-07-05 20:27:06 - [TEST_STEP][PASSED] - Statement - If (checkbox.isSelected()): null

2018-07-05 20:27:06 - [TEST_STEP][PASSED] - Statement - checkbox.click(): null

2018-07-05 20:27:06 - [TEST_STEP][PASSED] - Statement - If (checkbox.isSelected()): null

2018-07-05 20:27:06 - [TEST_STEP][PASSED] - Statement - checkbox.click(): null

2018-07-05 20:27:06 - [TEST_STEP][PASSED] - Statement - If (checkbox.isSelected()): null

2018-07-05 20:27:06 - [TEST_STEP][PASSED] - Statement - checkbox.click(): null

2018-07-05 20:27:06 - [TEST_STEP][PASSED] - Statement - If (checkbox.isSelected()): null

2018-07-05 20:27:06 - [TEST_STEP][PASSED] - Statement - checkbox.click(): null

2018-07-05 20:27:06 - [TEST_STEP][PASSED] - Statement - If (checkbox.isSelected()): null

2018-07-05 20:27:06 - [TEST_STEP][PASSED] - Statement - checkbox.click(): null

2018-07-05 20:27:06 - [TEST_STEP][PASSED] - Statement - If (checkbox.isSelected()): null

2018-07-05 20:27:06 - [TEST_STEP][PASSED] - Statement - checkbox.click(): null

2018-07-05 20:27:06 - [TEST_STEP][PASSED] - Statement - If (checkbox.isSelected()): null

2018-07-05 20:27:06 - [TEST_STEP][PASSED] - Statement - checkbox.click(): null

2018-07-05 20:27:06 - [TEST_STEP][PASSED] - Statement - If (checkbox.isSelected()): null

2018-07-05 20:27:06 - [TEST_STEP][PASSED] - Statement - checkbox.click(): null

2018-07-05 20:27:06 - [TEST_STEP][PASSED] - Statement - If (checkbox.isSelected()): null

2018-07-05 20:27:06 - [TEST_STEP][PASSED] - Statement - checkbox.click(): null

2018-07-05 20:27:06 - [TEST_STEP][PASSED] - Statement - If (checkbox.isSelected()): null

2018-07-05 20:27:06 - [TEST_STEP][PASSED] - Statement - checkbox.click(): null

2018-07-05 20:27:06 - [TEST_STEP][PASSED] - Statement - If (checkbox.isSelected()): null

2018-07-05 20:27:06 - [TEST_STEP][PASSED] - Statement - checkbox.click(): null

2018-07-05 20:27:06 - [TEST_STEP][PASSED] - Statement - If (checkbox.isSelected()): null

2018-07-05 20:27:06 - [TEST_STEP][PASSED] - Statement - checkbox.click(): null

2018-07-05 20:27:06 - [TEST_STEP][PASSED] - Statement - If (checkbox.isSelected()): null

2018-07-05 20:27:06 - [TEST_STEP][PASSED] - Statement - checkbox.click(): null

2018-07-05 20:27:06 - [TEST_STEP][PASSED] - Statement - If (checkbox.isSelected()): null

2018-07-05 20:27:06 - [TEST_STEP][PASSED] - Statement - checkbox.click(): null

2018-07-05 20:27:06 - [TEST_STEP][PASSED] - Statement - If (checkbox.isSelected()): null

2018-07-05 20:27:07 - [TEST_STEP][PASSED] - Statement - checkbox.click(): null

2018-07-05 20:27:07 - [TEST_STEP][PASSED] - Statement - If (checkbox.isSelected()): null

2018-07-05 20:27:07 - [TEST_STEP][PASSED] - Statement - checkbox.click(): null

2018-07-05 20:27:07 - [TEST_STEP][PASSED] - Statement - If (checkbox.isSelected()): null

2018-07-05 20:27:07 - [TEST_STEP][PASSED] - Statement - checkbox.click(): null

2018-07-05 20:27:07 - [TEST_STEP][PASSED] - Statement - If (checkbox.isSelected()): null

2018-07-05 20:27:07 - [TEST_STEP][PASSED] - Statement - checkbox.click(): null

2018-07-05 20:27:07 - [TEST_STEP][PASSED] - Statement - If (checkbox.isSelected()): null

2018-07-05 20:27:07 - [TEST_STEP][PASSED] - Statement - checkbox.click(): null

2018-07-05 20:27:07 - [TEST_STEP][PASSED] - Statement - If (checkbox.isSelected()): null

2018-07-05 20:27:07 - [TEST_STEP][PASSED] - Statement - checkbox.click(): null

2018-07-05 20:27:07 - [TEST_STEP][PASSED] - Statement - If (checkbox.isSelected()): null

2018-07-05 20:27:07 - [TEST_STEP][PASSED] - Statement - checkbox.click(): null

2018-07-05 20:27:07 - [TEST_STEP][PASSED] - Statement - If (checkbox.isSelected()): null

2018-07-05 20:27:07 - [TEST_STEP][PASSED] - Statement - checkbox.click(): null

2018-07-05 20:27:07 - [TEST_STEP][PASSED] - Statement - If (checkbox.isSelected()): null

2018-07-05 20:27:07 - [TEST_STEP][PASSED] - Statement - checkbox.click(): null

2018-07-05 20:27:07 - [TEST_STEP][PASSED] - Statement - If (checkbox.isSelected()): null

2018-07-05 20:27:07 - [TEST_STEP][PASSED] - Statement - checkbox.click(): null

2018-07-05 20:27:07 - [TEST_STEP][PASSED] - Statement - If (checkbox.isSelected()): null

2018-07-05 20:27:07 - [TEST_STEP][PASSED] - Statement - checkbox.click(): null

2018-07-05 20:27:07 - [TEST_STEP][PASSED] - Statement - If (checkbox.isSelected()): null

2018-07-05 20:27:07 - [TEST_STEP][PASSED] - Statement - checkbox.click(): null

2018-07-05 20:27:07 - [TEST_STEP][PASSED] - Statement - If (checkbox.isSelected()): null

2018-07-05 20:27:07 - [TEST_STEP][PASSED] - Statement - checkbox.click(): null

2018-07-05 20:27:07 - [TEST_STEP][PASSED] - Statement - If (checkbox.isSelected()): null

2018-07-05 20:27:07 - [TEST_STEP][PASSED] - Statement - checkbox.click(): null

2018-07-05 20:27:07 - [TEST_STEP][PASSED] - Statement - If (checkbox.isSelected()): null

2018-07-05 20:27:07 - [TEST_STEP][PASSED] - Statement - checkbox.click(): null

2018-07-05 20:27:07 - [TEST_STEP][PASSED] - Statement - If (checkbox.isSelected()): null

2018-07-05 20:27:07 - [TEST_STEP][PASSED] - Statement - checkbox.click(): null

2018-07-05 20:27:07 - [TEST_STEP][PASSED] - Statement - If (checkbox.isSelected()): null

2018-07-05 20:27:07 - [TEST_STEP][PASSED] - Statement - checkbox.click(): null

2018-07-05 20:27:07 - [TEST_STEP][PASSED] - Statement - If (checkbox.isSelected()): null

2018-07-05 20:27:07 - [TEST_STEP][PASSED] - Statement - checkbox.click(): null

2018-07-05 20:27:08 - [TEST_STEP][PASSED] - Statement - If (checkbox.isSelected()): null

2018-07-05 20:27:08 - [TEST_STEP][PASSED] - Statement - checkbox.click(): null

2018-07-05 20:27:08 - [TEST_STEP][PASSED] - Statement - If (checkbox.isSelected()): null

2018-07-05 20:27:08 - [TEST_STEP][PASSED] - Statement - checkbox.click(): null

2018-07-05 20:27:08 - [TEST_STEP][PASSED] - Statement - If (checkbox.isSelected()): null

2018-07-05 20:27:08 - [TEST_STEP][PASSED] - Statement - checkbox.click(): null

2018-07-05 20:27:08 - [TEST_STEP][PASSED] - Statement - If (checkbox.isSelected()): null

2018-07-05 20:27:08 - [TEST_STEP][PASSED] - Statement - checkbox.click(): null

2018-07-05 20:27:08 - [TEST_STEP][PASSED] - Statement - If (checkbox.isSelected()): null

2018-07-05 20:27:08 - [TEST_STEP][PASSED] - Statement - checkbox.click(): null

2018-07-05 20:27:08 - [TEST_STEP][PASSED] - Statement - If (checkbox.isSelected()): null

2018-07-05 20:27:08 - [TEST_STEP][PASSED] - Statement - checkbox.click(): null

2018-07-05 20:27:08 - [TEST_STEP][PASSED] - Statement - If (checkbox.isSelected()): null

2018-07-05 20:27:08 - [TEST_STEP][PASSED] - Statement - checkbox.click(): null

2018-07-05 20:27:08 - [TEST_STEP][PASSED] - Statement - If (checkbox.isSelected()): null

2018-07-05 20:27:08 - [TEST_STEP][PASSED] - Statement - checkbox.click(): null

2018-07-05 20:27:08 - [TEST_STEP][PASSED] - Statement - If (checkbox.isSelected()): null

2018-07-05 20:27:08 - [TEST_STEP][PASSED] - Statement - checkbox.click(): null

2018-07-05 20:27:08 - [TEST_STEP][PASSED] - Statement - If (checkbox.isSelected()): null

2018-07-05 20:27:08 - [TEST_STEP][PASSED] - Statement - checkbox.click(): null

2018-07-05 20:27:08 - [TEST_STEP][PASSED] - Statement - If (checkbox.isSelected()): null

2018-07-05 20:27:08 - [TEST_STEP][PASSED] - Statement - checkbox.click(): null

2018-07-05 20:27:08 - [TEST_STEP][PASSED] - Statement - If (checkbox.isSelected()): null

2018-07-05 20:27:08 - [TEST_STEP][PASSED] - Statement - checkbox.click(): null

2018-07-05 20:27:08 - [TEST_STEP][PASSED] - Statement - If (checkbox.isSelected()): null

2018-07-05 20:27:08 - [TEST_STEP][PASSED] - Statement - checkbox.click(): null

2018-07-05 20:27:08 - [TEST_STEP][PASSED] - Statement - If (checkbox.isSelected()): null

2018-07-05 20:27:08 - [TEST_STEP][PASSED] - Statement - checkbox.click(): null

2018-07-05 20:27:08 - [TEST_STEP][PASSED] - Statement - If (checkbox.isSelected()): null

2018-07-05 20:27:08 - [TEST_STEP][PASSED] - Statement - checkbox.click(): null

2018-07-05 20:27:08 - [TEST_STEP][PASSED] - Statement - If (checkbox.isSelected()): null

2018-07-05 20:27:08 - [TEST_STEP][PASSED] - Statement - checkbox.click(): null

2018-07-05 20:27:08 - [TEST_STEP][PASSED] - Statement - If (checkbox.isSelected()): null

2018-07-05 20:27:08 - [TEST_STEP][PASSED] - Statement - checkbox.click(): null

2018-07-05 20:27:09 - [TEST_STEP][PASSED] - Statement - If (checkbox.isSelected()): null

2018-07-05 20:27:09 - [TEST_STEP][PASSED] - Statement - checkbox.click(): null

2018-07-05 20:27:09 - [TEST_STEP][PASSED] - Statement - If (checkbox.isSelected()): null

2018-07-05 20:27:09 - [TEST_STEP][PASSED] - Statement - checkbox.click(): null

2018-07-05 20:27:09 - [TEST_STEP][PASSED] - Statement - If (checkbox.isSelected()): null

2018-07-05 20:27:09 - [TEST_STEP][PASSED] - Statement - checkbox.click(): null

2018-07-05 20:27:09 - [TEST_STEP][PASSED] - Statement - If (checkbox.isSelected()): null

2018-07-05 20:27:09 - [TEST_STEP][PASSED] - Statement - checkbox.click(): null

2018-07-05 20:27:09 - [TEST_STEP][PASSED] - Statement - If (checkbox.isSelected()): null

2018-07-05 20:27:09 - [TEST_STEP][PASSED] - Statement - checkbox.click(): null

2018-07-05 20:27:09 - [TEST_STEP][PASSED] - Statement - If (checkbox.isSelected()): null

2018-07-05 20:27:09 - [TEST_STEP][PASSED] - Statement - checkbox.click(): null

2018-07-05 20:27:09 - [TEST_STEP][PASSED] - Statement - If (checkbox.isSelected()): null

2018-07-05 20:27:09 - [TEST_STEP][PASSED] - Statement - checkbox.click(): null

2018-07-05 20:27:09 - [TEST_STEP][PASSED] - Statement - If (checkbox.isSelected()): null

2018-07-05 20:27:09 - [TEST_STEP][PASSED] - Statement - checkbox.click(): null

2018-07-05 20:27:09 - [TEST_STEP][PASSED] - Statement - If (checkbox.isSelected()): null

2018-07-05 20:27:09 - [TEST_STEP][PASSED] - Statement - checkbox.click(): null

2018-07-05 20:27:09 - [TEST_STEP][PASSED] - Statement - If (checkbox.isSelected()): null

2018-07-05 20:27:09 - [TEST_STEP][PASSED] - Statement - checkbox.click(): null

2018-07-05 20:27:09 - [TEST_STEP][PASSED] - Statement - If (checkbox.isSelected()): null

2018-07-05 20:27:09 - [TEST_STEP][PASSED] - Statement - checkbox.click(): null

2018-07-05 20:27:09 - [TEST_STEP][PASSED] - Statement - If (checkbox.isSelected()): null

2018-07-05 20:27:09 - [TEST_STEP][PASSED] - Statement - checkbox.click(): null

2018-07-05 20:27:09 - [TEST_STEP][PASSED] - Statement - If (checkbox.isSelected()): null

2018-07-05 20:27:09 - [TEST_STEP][PASSED] - Statement - checkbox.click(): null

2018-07-05 20:27:09 - [TEST_STEP][PASSED] - Statement - If (checkbox.isSelected()): null

2018-07-05 20:27:09 - [TEST_STEP][PASSED] - Statement - checkbox.click(): null

2018-07-05 20:27:09 - [TEST_STEP][PASSED] - Statement - If (checkbox.isSelected()): null

2018-07-05 20:27:09 - [TEST_STEP][PASSED] - Statement - checkbox.click(): null

2018-07-05 20:27:09 - [TEST_STEP][PASSED] - Statement - If (checkbox.isSelected()): null

2018-07-05 20:27:09 - [TEST_STEP][PASSED] - Statement - checkbox.click(): null

2018-07-05 20:27:09 - [TEST_STEP][PASSED] - Statement - If (checkbox.isSelected()): null

2018-07-05 20:27:09 - [TEST_STEP][PASSED] - Statement - checkbox.click(): null

2018-07-05 20:27:10 - [TEST_STEP][PASSED] - Statement - If (checkbox.isSelected()): null

2018-07-05 20:27:10 - [TEST_STEP][PASSED] - Statement - checkbox.click(): null

2018-07-05 20:27:10 - [TEST_STEP][PASSED] - Statement - If (checkbox.isSelected()): null

2018-07-05 20:27:10 - [TEST_STEP][PASSED] - Statement - checkbox.click(): null

2018-07-05 20:27:10 - [TEST_STEP][PASSED] - Statement - If (checkbox.isSelected()): null

2018-07-05 20:27:10 - [TEST_STEP][PASSED] - Statement - checkbox.click(): null

2018-07-05 20:27:10 - [TEST_STEP][PASSED] - Statement - If (checkbox.isSelected()): null

2018-07-05 20:27:10 - [TEST_STEP][PASSED] - Statement - checkbox.click(): null

2018-07-05 20:27:10 - [TEST_STEP][PASSED] - Statement - If (checkbox.isSelected()): null

2018-07-05 20:27:10 - [TEST_STEP][PASSED] - Statement - checkbox.click(): null

2018-07-05 20:27:10 - [TEST_STEP][PASSED] - Statement - If (checkbox.isSelected()): null

2018-07-05 20:27:10 - [TEST_STEP][PASSED] - Statement - checkbox.click(): null

2018-07-05 20:27:10 - [TEST_STEP][PASSED] - Statement - If (checkbox.isSelected()): null

2018-07-05 20:27:10 - [TEST_STEP][PASSED] - Statement - checkbox.click(): null

2018-07-05 20:27:10 - [TEST_STEP][PASSED] - Statement - If (checkbox.isSelected()): null

2018-07-05 20:27:10 - [TEST_STEP][PASSED] - Statement - checkbox.click(): null

2018-07-05 20:27:10 - [TEST_STEP][PASSED] - Statement - If (checkbox.isSelected()): null

2018-07-05 20:27:10 - [TEST_STEP][PASSED] - Statement - checkbox.click(): null

2018-07-05 20:27:10 - [TEST_STEP][PASSED] - Statement - If (checkbox.isSelected()): null

2018-07-05 20:27:10 - [TEST_STEP][PASSED] - Statement - checkbox.click(): null

2018-07-05 20:27:10 - [TEST_STEP][PASSED] - Statement - If (checkbox.isSelected()): null

2018-07-05 20:27:10 - [TEST_STEP][PASSED] - Statement - checkbox.click(): null

2018-07-05 20:27:10 - [TEST_STEP][PASSED] - Statement - If (checkbox.isSelected()): null

2018-07-05 20:27:10 - [TEST_STEP][PASSED] - Statement - checkbox.click(): null

2018-07-05 20:27:10 - [TEST_STEP][PASSED] - Statement - If (checkbox.isSelected()): null

2018-07-05 20:27:10 - [TEST_STEP][PASSED] - Statement - checkbox.click(): null

2018-07-05 20:27:10 - [TEST_STEP][PASSED] - Statement - If (checkbox.isSelected()): null

2018-07-05 20:27:10 - [TEST_STEP][PASSED] - Statement - checkbox.click(): null

2018-07-05 20:27:10 - [TEST_STEP][PASSED] - Statement - If (checkbox.isSelected()): null

2018-07-05 20:27:10 - [TEST_STEP][PASSED] - Statement - checkbox.click(): null

2018-07-05 20:27:10 - [TEST_STEP][PASSED] - Statement - If (checkbox.isSelected()): null

2018-07-05 20:27:10 - [TEST_STEP][PASSED] - Statement - checkbox.click(): null

2018-07-05 20:27:11 - [TEST_STEP][PASSED] - Statement - If (checkbox.isSelected()): null

2018-07-05 20:27:11 - [TEST_STEP][PASSED] - Statement - checkbox.click(): null

2018-07-05 20:27:11 - [TEST_STEP][PASSED] - Statement - If (checkbox.isSelected()): null

2018-07-05 20:27:11 - [TEST_STEP][PASSED] - Statement - checkbox.click(): null

2018-07-05 20:27:11 - [TEST_STEP][PASSED] - Statement - If (checkbox.isSelected()): null

2018-07-05 20:27:11 - [TEST_STEP][PASSED] - Statement - checkbox.click(): null

2018-07-05 20:27:11 - [TEST_STEP][PASSED] - Statement - If (checkbox.isSelected()): null

2018-07-05 20:27:11 - [TEST_STEP][PASSED] - Statement - checkbox.click(): null

2018-07-05 20:27:11 - [TEST_STEP][PASSED] - Statement - If (checkbox.isSelected()): null

2018-07-05 20:27:11 - [TEST_STEP][PASSED] - Statement - checkbox.click(): null

2018-07-05 20:27:11 - [TEST_STEP][PASSED] - Statement - If (checkbox.isSelected()): null

2018-07-05 20:27:11 - [TEST_STEP][PASSED] - Statement - checkbox.click(): null

2018-07-05 20:27:11 - [TEST_STEP][PASSED] - Statement - If (checkbox.isSelected()): null

2018-07-05 20:27:11 - [TEST_STEP][PASSED] - Statement - checkbox.click(): null

2018-07-05 20:27:11 - [TEST_STEP][PASSED] - Statement - If (checkbox.isSelected()): null

2018-07-05 20:27:11 - [TEST_STEP][PASSED] - Statement - checkbox.click(): null

2018-07-05 20:27:11 - [TEST_STEP][PASSED] - Statement - If (checkbox.isSelected()): null

2018-07-05 20:27:11 - [TEST_STEP][PASSED] - Statement - checkbox.click(): null

2018-07-05 20:27:11 - [TEST_STEP][PASSED] - Statement - If (checkbox.isSelected()): null

2018-07-05 20:27:11 - [TEST_STEP][PASSED] - Statement - checkbox.click(): null

2018-07-05 20:27:11 - [TEST_STEP][PASSED] - Statement - If (checkbox.isSelected()): null

2018-07-05 20:27:11 - [TEST_STEP][PASSED] - Statement - checkbox.click(): null

2018-07-05 20:27:11 - [TEST_STEP][PASSED] - Statement - If (checkbox.isSelected()): null

2018-07-05 20:27:11 - [TEST_STEP][PASSED] - Statement - checkbox.click(): null

2018-07-05 20:27:11 - [TEST_STEP][PASSED] - Statement - If (checkbox.isSelected()): null

2018-07-05 20:27:11 - [TEST_STEP][PASSED] - Statement - checkbox.click(): null

2018-07-05 20:27:11 - [TEST_STEP][PASSED] - Statement - If (checkbox.isSelected()): null

2018-07-05 20:27:11 - [TEST_STEP][PASSED] - Statement - checkbox.click(): null

2018-07-05 20:27:11 - [TEST_STEP][PASSED] - Statement - If (checkbox.isSelected()): null

2018-07-05 20:27:11 - [TEST_STEP][PASSED] - Statement - checkbox.click(): null

2018-07-05 20:27:11 - [TEST_STEP][PASSED] - Statement - StoresCBList1 = driver.findElements(org.openqa.selenium.By.xpath(com.kms.katalon.core.testdata.TestDataFactory.findTestData(OR_file).getValue(2, 12))): Reading excel file with source file 'C:\Users\shalinin\Katalon Studio\HME_DEVScripts\Data Files\HME_OR.xlsx' and sheet name 'Sheet1'

2018-07-05 20:27:12 - [TEST_STEP][PASSED] - Statement - storesLabel = driver.findElements(org.openqa.selenium.By.xpath(com.kms.katalon.core.testdata.TestDataFactory.findTestData(OR_file).getValue(2, 10))): Reading excel file with source file 'C:\Users\shalinin\Katalon Studio\HME_DEVScripts\Data Files\HME_OR.xlsx' and sheet name 'Sheet1'

2018-07-05 20:27:12 - [TEST_STEP][PASSED] - Statement - groupStoresList = new java.util.ArrayList(): null

2018-07-05 20:27:12 - [TEST_STEP][PASSED] - Statement - out.println(StoresCBList1.size()): null

2018-07-05 20:27:12 - [TEST_STEP][PASSED] - Statement - size = StoresCBList1.size(): null

2018-07-05 20:27:12 - [TEST_STEP][PASSED] - Statement - For ([i = 0, i < StoresCBList1.size(), (i++)]): null

2018-07-05 20:27:12 - [TEST_STEP][PASSED] - Statement - groupStoresList[i] = storesLabel.get(i).getText(): null

2018-07-05 20:27:12 - [TEST_STEP][PASSED] - Statement - StoresCBList1.get(i).click(): null

2018-07-05 20:27:12 - [TEST_STEP][PASSED] - Statement - groupStoresList[i] = storesLabel.get(i).getText(): null

2018-07-05 20:27:12 - [TEST_STEP][PASSED] - Statement - StoresCBList1.get(i).click(): null

2018-07-05 20:27:12 - [TEST_STEP][PASSED] - Statement - groupStoresList[i] = storesLabel.get(i).getText(): null

2018-07-05 20:27:12 - [TEST_STEP][PASSED] - Statement - StoresCBList1.get(i).click(): null

2018-07-05 20:27:12 - [TEST_STEP][PASSED] - Statement - groupStoresList[i] = storesLabel.get(i).getText(): null

2018-07-05 20:27:12 - [TEST_STEP][PASSED] - Statement - StoresCBList1.get(i).click(): null

2018-07-05 20:27:12 - [TEST_STEP][PASSED] - Statement - groupStoresList[i] = storesLabel.get(i).getText(): null

2018-07-05 20:27:12 - [TEST_STEP][PASSED] - Statement - StoresCBList1.get(i).click(): null

2018-07-05 20:27:12 - [TEST_STEP][PASSED] - Statement - groupStoresList[i] = storesLabel.get(i).getText(): null

2018-07-05 20:27:12 - [TEST_STEP][PASSED] - Statement - StoresCBList1.get(i).click(): null

2018-07-05 20:27:12 - [TEST_STEP][PASSED] - Statement - groupStoresList[i] = storesLabel.get(i).getText(): null

2018-07-05 20:27:12 - [TEST_STEP][PASSED] - Statement - StoresCBList1.get(i).click(): null

2018-07-05 20:27:12 - [TEST_STEP][PASSED] - Statement - groupStoresList[i] = storesLabel.get(i).getText(): null

2018-07-05 20:27:12 - [TEST_STEP][PASSED] - Statement - StoresCBList1.get(i).click(): null

2018-07-05 20:27:12 - [TEST_STEP][PASSED] - Statement - groupStoresList[i] = storesLabel.get(i).getText(): null

2018-07-05 20:27:12 - [TEST_STEP][PASSED] - Statement - StoresCBList1.get(i).click(): null

2018-07-05 20:27:12 - [TEST_STEP][PASSED] - Statement - groupStoresList[i] = storesLabel.get(i).getText(): null

2018-07-05 20:27:12 - [TEST_STEP][PASSED] - Statement - StoresCBList1.get(i).click(): null

2018-07-05 20:27:12 - [TEST_STEP][PASSED] - Statement - groupStoresList[i] = storesLabel.get(i).getText(): null

2018-07-05 20:27:12 - [TEST_STEP][PASSED] - Statement - StoresCBList1.get(i).click(): null

2018-07-05 20:27:12 - [TEST_STEP][PASSED] - Statement - groupStoresList[i] = storesLabel.get(i).getText(): null

2018-07-05 20:27:12 - [TEST_STEP][PASSED] - Statement - StoresCBList1.get(i).click(): null

2018-07-05 20:27:12 - [TEST_STEP][PASSED] - Statement - groupStoresList[i] = storesLabel.get(i).getText(): null

2018-07-05 20:27:12 - [TEST_STEP][PASSED] - Statement - StoresCBList1.get(i).click(): null

2018-07-05 20:27:12 - [TEST_STEP][PASSED] - Statement - groupStoresList[i] = storesLabel.get(i).getText(): null

2018-07-05 20:27:12 - [TEST_STEP][PASSED] - Statement - StoresCBList1.get(i).click(): null

2018-07-05 20:27:12 - [TEST_STEP][PASSED] - Statement - groupStoresList[i] = storesLabel.get(i).getText(): null

2018-07-05 20:27:12 - [TEST_STEP][PASSED] - Statement - StoresCBList1.get(i).click(): null

2018-07-05 20:27:13 - [TEST_STEP][PASSED] - Statement - groupStoresList[i] = storesLabel.get(i).getText(): null

2018-07-05 20:27:13 - [TEST_STEP][PASSED] - Statement - StoresCBList1.get(i).click(): null

2018-07-05 20:27:13 - [TEST_STEP][PASSED] - Statement - groupStoresList[i] = storesLabel.get(i).getText(): null

2018-07-05 20:27:13 - [TEST_STEP][PASSED] - Statement - StoresCBList1.get(i).click(): null

2018-07-05 20:27:13 - [TEST_STEP][PASSED] - Statement - groupStoresList[i] = storesLabel.get(i).getText(): null

2018-07-05 20:27:13 - [TEST_STEP][PASSED] - Statement - StoresCBList1.get(i).click(): null

2018-07-05 20:27:13 - [TEST_STEP][PASSED] - Statement - groupStoresList[i] = storesLabel.get(i).getText(): null

2018-07-05 20:27:13 - [TEST_STEP][PASSED] - Statement - StoresCBList1.get(i).click(): null

2018-07-05 20:27:13 - [TEST_STEP][PASSED] - Statement - groupStoresList[i] = storesLabel.get(i).getText(): null

2018-07-05 20:27:13 - [TEST_STEP][PASSED] - Statement - StoresCBList1.get(i).click(): null

2018-07-05 20:27:13 - [TEST_STEP][PASSED] - Statement - groupStoresList[i] = storesLabel.get(i).getText(): null

2018-07-05 20:27:13 - [TEST_STEP][PASSED] - Statement - StoresCBList1.get(i).click(): null

2018-07-05 20:27:13 - [TEST_STEP][PASSED] - Statement - groupStoresList[i] = storesLabel.get(i).getText(): null

2018-07-05 20:27:13 - [TEST_STEP][PASSED] - Statement - StoresCBList1.get(i).click(): null

2018-07-05 20:27:13 - [TEST_STEP][PASSED] - Statement - groupStoresList[i] = storesLabel.get(i).getText(): null

2018-07-05 20:27:13 - [TEST_STEP][PASSED] - Statement - StoresCBList1.get(i).click(): null

2018-07-05 20:27:13 - [TEST_STEP][PASSED] - Statement - groupStoresList[i] = storesLabel.get(i).getText(): null

2018-07-05 20:27:13 - [TEST_STEP][PASSED] - Statement - StoresCBList1.get(i).click(): null

2018-07-05 20:27:13 - [TEST_STEP][PASSED] - Statement - groupStoresList[i] = storesLabel.get(i).getText(): null

2018-07-05 20:27:13 - [TEST_STEP][PASSED] - Statement - StoresCBList1.get(i).click(): null

2018-07-05 20:27:13 - [TEST_STEP][PASSED] - Statement - groupStoresList[i] = storesLabel.get(i).getText(): null

2018-07-05 20:27:13 - [TEST_STEP][PASSED] - Statement - StoresCBList1.get(i).click(): null

2018-07-05 20:27:13 - [TEST_STEP][PASSED] - Statement - groupStoresList[i] = storesLabel.get(i).getText(): null

2018-07-05 20:27:13 - [TEST_STEP][PASSED] - Statement - StoresCBList1.get(i).click(): null

2018-07-05 20:27:13 - [TEST_STEP][PASSED] - Statement - groupStoresList[i] = storesLabel.get(i).getText(): null

2018-07-05 20:27:13 - [TEST_STEP][PASSED] - Statement - StoresCBList1.get(i).click(): null

2018-07-05 20:27:13 - [TEST_STEP][PASSED] - Statement - groupStoresList[i] = storesLabel.get(i).getText(): null

2018-07-05 20:27:13 - [TEST_STEP][PASSED] - Statement - StoresCBList1.get(i).click(): null

2018-07-05 20:27:13 - [TEST_STEP][PASSED] - Statement - groupStoresList[i] = storesLabel.get(i).getText(): null

2018-07-05 20:27:13 - [TEST_STEP][PASSED] - Statement - StoresCBList1.get(i).click(): null

2018-07-05 20:27:13 - [TEST_STEP][PASSED] - Statement - groupStoresList[i] = storesLabel.get(i).getText(): null

2018-07-05 20:27:14 - [TEST_STEP][PASSED] - Statement - StoresCBList1.get(i).click(): null

2018-07-05 20:27:14 - [TEST_STEP][PASSED] - Statement - groupStoresList[i] = storesLabel.get(i).getText(): null

2018-07-05 20:27:14 - [TEST_STEP][PASSED] - Statement - StoresCBList1.get(i).click(): null

2018-07-05 20:27:14 - [TEST_STEP][PASSED] - Statement - groupStoresList[i] = storesLabel.get(i).getText(): null

2018-07-05 20:27:14 - [TEST_STEP][PASSED] - Statement - StoresCBList1.get(i).click(): null

2018-07-05 20:27:14 - [TEST_STEP][PASSED] - Statement - groupStoresList[i] = storesLabel.get(i).getText(): null

2018-07-05 20:27:14 - [TEST_STEP][PASSED] - Statement - StoresCBList1.get(i).click(): null

2018-07-05 20:27:14 - [TEST_STEP][PASSED] - Statement - groupStoresList[i] = storesLabel.get(i).getText(): null

2018-07-05 20:27:14 - [TEST_STEP][PASSED] - Statement - StoresCBList1.get(i).click(): null

2018-07-05 20:27:14 - [TEST_STEP][PASSED] - Statement - groupStoresList[i] = storesLabel.get(i).getText(): null

2018-07-05 20:27:14 - [TEST_STEP][PASSED] - Statement - StoresCBList1.get(i).click(): null

2018-07-05 20:27:14 - [TEST_STEP][PASSED] - Statement - groupStoresList[i] = storesLabel.get(i).getText(): null

2018-07-05 20:27:14 - [TEST_STEP][PASSED] - Statement - StoresCBList1.get(i).click(): null

2018-07-05 20:27:14 - [TEST_STEP][PASSED] - Statement - groupStoresList[i] = storesLabel.get(i).getText(): null

2018-07-05 20:27:14 - [TEST_STEP][PASSED] - Statement - StoresCBList1.get(i).click(): null

2018-07-05 20:27:14 - [TEST_STEP][PASSED] - Statement - groupStoresList[i] = storesLabel.get(i).getText(): null

2018-07-05 20:27:14 - [TEST_STEP][PASSED] - Statement - StoresCBList1.get(i).click(): null

2018-07-05 20:27:14 - [TEST_STEP][PASSED] - Statement - groupStoresList[i] = storesLabel.get(i).getText(): null

2018-07-05 20:27:14 - [TEST_STEP][PASSED] - Statement - StoresCBList1.get(i).click(): null

2018-07-05 20:27:14 - [TEST_STEP][PASSED] - Statement - groupStoresList[i] = storesLabel.get(i).getText(): null

2018-07-05 20:27:14 - [TEST_STEP][PASSED] - Statement - StoresCBList1.get(i).click(): null

2018-07-05 20:27:14 - [TEST_STEP][PASSED] - Statement - groupStoresList[i] = storesLabel.get(i).getText(): null

2018-07-05 20:27:14 - [TEST_STEP][PASSED] - Statement - StoresCBList1.get(i).click(): null

2018-07-05 20:27:14 - [TEST_STEP][PASSED] - Statement - groupStoresList[i] = storesLabel.get(i).getText(): null

2018-07-05 20:27:14 - [TEST_STEP][PASSED] - Statement - StoresCBList1.get(i).click(): null

2018-07-05 20:27:14 - [TEST_STEP][PASSED] - Statement - groupStoresList[i] = storesLabel.get(i).getText(): null

2018-07-05 20:27:14 - [TEST_STEP][PASSED] - Statement - StoresCBList1.get(i).click(): null

2018-07-05 20:27:14 - [TEST_STEP][PASSED] - Statement - groupStoresList[i] = storesLabel.get(i).getText(): null

2018-07-05 20:27:14 - [TEST_STEP][PASSED] - Statement - StoresCBList1.get(i).click(): null

2018-07-05 20:27:14 - [TEST_STEP][PASSED] - Statement - groupStoresList[i] = storesLabel.get(i).getText(): null

2018-07-05 20:27:14 - [TEST_STEP][PASSED] - Statement - StoresCBList1.get(i).click(): null

2018-07-05 20:27:14 - [TEST_STEP][PASSED] - Statement - groupStoresList[i] = storesLabel.get(i).getText(): null

2018-07-05 20:27:14 - [TEST_STEP][PASSED] - Statement - StoresCBList1.get(i).click(): null

2018-07-05 20:27:14 - [TEST_STEP][PASSED] - Statement - groupStoresList[i] = storesLabel.get(i).getText(): null

2018-07-05 20:27:15 - [TEST_STEP][PASSED] - Statement - StoresCBList1.get(i).click(): null

2018-07-05 20:27:15 - [TEST_STEP][PASSED] - Statement - groupStoresList[i] = storesLabel.get(i).getText(): null

2018-07-05 20:27:15 - [TEST_STEP][PASSED] - Statement - StoresCBList1.get(i).click(): null

2018-07-05 20:27:15 - [TEST_STEP][PASSED] - Statement - groupStoresList[i] = storesLabel.get(i).getText(): null

2018-07-05 20:27:15 - [TEST_STEP][PASSED] - Statement - StoresCBList1.get(i).click(): null

2018-07-05 20:27:15 - [TEST_STEP][PASSED] - Statement - groupStoresList[i] = storesLabel.get(i).getText(): null

2018-07-05 20:27:15 - [TEST_STEP][PASSED] - Statement - StoresCBList1.get(i).click(): null

2018-07-05 20:27:15 - [TEST_STEP][PASSED] - Statement - groupStoresList[i] = storesLabel.get(i).getText(): null

2018-07-05 20:27:15 - [TEST_STEP][PASSED] - Statement - StoresCBList1.get(i).click(): null

2018-07-05 20:27:15 - [TEST_STEP][PASSED] - Statement - groupStoresList[i] = storesLabel.get(i).getText(): null

2018-07-05 20:27:15 - [TEST_STEP][PASSED] - Statement - StoresCBList1.get(i).click(): null

2018-07-05 20:27:15 - [TEST_STEP][PASSED] - Statement - groupStoresList[i] = storesLabel.get(i).getText(): null

2018-07-05 20:27:15 - [TEST_STEP][PASSED] - Statement - StoresCBList1.get(i).click(): null

2018-07-05 20:27:15 - [TEST_STEP][PASSED] - Statement - groupStoresList[i] = storesLabel.get(i).getText(): null

2018-07-05 20:27:15 - [TEST_STEP][PASSED] - Statement - StoresCBList1.get(i).click(): null

2018-07-05 20:27:15 - [TEST_STEP][PASSED] - Statement - groupStoresList[i] = storesLabel.get(i).getText(): null

2018-07-05 20:27:15 - [TEST_STEP][PASSED] - Statement - StoresCBList1.get(i).click(): null

2018-07-05 20:27:15 - [TEST_STEP][PASSED] - Statement - groupStoresList[i] = storesLabel.get(i).getText(): null

2018-07-05 20:27:15 - [TEST_STEP][PASSED] - Statement - StoresCBList1.get(i).click(): null

2018-07-05 20:27:15 - [TEST_STEP][PASSED] - Statement - groupStoresList[i] = storesLabel.get(i).getText(): null

2018-07-05 20:27:15 - [TEST_STEP][PASSED] - Statement - StoresCBList1.get(i).click(): null

2018-07-05 20:27:15 - [TEST_STEP][PASSED] - Statement - groupStoresList[i] = storesLabel.get(i).getText(): null

2018-07-05 20:27:15 - [TEST_STEP][PASSED] - Statement - StoresCBList1.get(i).click(): null

2018-07-05 20:27:15 - [TEST_STEP][PASSED] - Statement - groupStoresList[i] = storesLabel.get(i).getText(): null

2018-07-05 20:27:15 - [TEST_STEP][PASSED] - Statement - StoresCBList1.get(i).click(): null

2018-07-05 20:27:15 - [TEST_STEP][PASSED] - Statement - groupStoresList[i] = storesLabel.get(i).getText(): null

2018-07-05 20:27:15 - [TEST_STEP][PASSED] - Statement - StoresCBList1.get(i).click(): null

2018-07-05 20:27:15 - [TEST_STEP][PASSED] - Statement - groupStoresList[i] = storesLabel.get(i).getText(): null

2018-07-05 20:27:15 - [TEST_STEP][PASSED] - Statement - StoresCBList1.get(i).click(): null

2018-07-05 20:27:15 - [TEST_STEP][PASSED] - Statement - groupStoresList[i] = storesLabel.get(i).getText(): null

2018-07-05 20:27:15 - [TEST_STEP][PASSED] - Statement - StoresCBList1.get(i).click(): null

2018-07-05 20:27:15 - [TEST_STEP][PASSED] - Statement - groupStoresList[i] = storesLabel.get(i).getText(): null

2018-07-05 20:27:15 - [TEST_STEP][PASSED] - Statement - StoresCBList1.get(i).click(): null

2018-07-05 20:27:15 - [TEST_STEP][PASSED] - Statement - groupStoresList[i] = storesLabel.get(i).getText(): null

2018-07-05 20:27:15 - [TEST_STEP][PASSED] - Statement - StoresCBList1.get(i).click(): null

2018-07-05 20:27:15 - [TEST_STEP][PASSED] - Statement - groupStoresList[i] = storesLabel.get(i).getText(): null

2018-07-05 20:27:15 - [TEST_STEP][PASSED] - Statement - StoresCBList1.get(i).click(): null

2018-07-05 20:27:15 - [TEST_STEP][PASSED] - Statement - groupStoresList[i] = storesLabel.get(i).getText(): null

2018-07-05 20:27:15 - [TEST_STEP][PASSED] - Statement - StoresCBList1.get(i).click(): null

2018-07-05 20:27:16 - [TEST_STEP][PASSED] - Statement - groupStoresList[i] = storesLabel.get(i).getText(): null

2018-07-05 20:27:16 - [TEST_STEP][PASSED] - Statement - StoresCBList1.get(i).click(): null

2018-07-05 20:27:16 - [TEST_STEP][PASSED] - Statement - groupStoresList[i] = storesLabel.get(i).getText(): null

2018-07-05 20:27:16 - [TEST_STEP][PASSED] - Statement - StoresCBList1.get(i).click(): null

2018-07-05 20:27:16 - [TEST_STEP][PASSED] - Statement - groupStoresList[i] = storesLabel.get(i).getText(): null

2018-07-05 20:27:16 - [TEST_STEP][PASSED] - Statement - StoresCBList1.get(i).click(): null

2018-07-05 20:27:16 - [TEST_STEP][PASSED] - Statement - groupStoresList[i] = storesLabel.get(i).getText(): null

2018-07-05 20:27:16 - [TEST_STEP][PASSED] - Statement - StoresCBList1.get(i).click(): null

2018-07-05 20:27:16 - [TEST_STEP][PASSED] - Statement - groupStoresList[i] = storesLabel.get(i).getText(): null

2018-07-05 20:27:16 - [TEST_STEP][PASSED] - Statement - StoresCBList1.get(i).click(): null

2018-07-05 20:27:16 - [TEST_STEP][PASSED] - Statement - groupStoresList[i] = storesLabel.get(i).getText(): null

2018-07-05 20:27:16 - [TEST_STEP][PASSED] - Statement - StoresCBList1.get(i).click(): null

2018-07-05 20:27:16 - [TEST_STEP][PASSED] - Statement - groupStoresList[i] = storesLabel.get(i).getText(): null

2018-07-05 20:27:16 - [TEST_STEP][PASSED] - Statement - StoresCBList1.get(i).click(): null

2018-07-05 20:27:16 - [TEST_STEP][PASSED] - Statement - groupStoresList[i] = storesLabel.get(i).getText(): null

2018-07-05 20:27:16 - [TEST_STEP][PASSED] - Statement - StoresCBList1.get(i).click(): null

2018-07-05 20:27:16 - [TEST_STEP][PASSED] - Statement - groupStoresList[i] = storesLabel.get(i).getText(): null

2018-07-05 20:27:16 - [TEST_STEP][PASSED] - Statement - StoresCBList1.get(i).click(): null

2018-07-05 20:27:16 - [TEST_STEP][PASSED] - Statement - groupStoresList[i] = storesLabel.get(i).getText(): null

2018-07-05 20:27:16 - [TEST_STEP][PASSED] - Statement - StoresCBList1.get(i).click(): null

2018-07-05 20:27:16 - [TEST_STEP][PASSED] - Statement - groupStoresList[i] = storesLabel.get(i).getText(): null

2018-07-05 20:27:16 - [TEST_STEP][PASSED] - Statement - StoresCBList1.get(i).click(): null

2018-07-05 20:27:16 - [TEST_STEP][PASSED] - Statement - groupStoresList[i] = storesLabel.get(i).getText(): null

2018-07-05 20:27:16 - [TEST_STEP][PASSED] - Statement - StoresCBList1.get(i).click(): null

2018-07-05 20:27:16 - [TEST_STEP][PASSED] - Statement - groupStoresList[i] = storesLabel.get(i).getText(): null

2018-07-05 20:27:16 - [TEST_STEP][PASSED] - Statement - StoresCBList1.get(i).click(): null

2018-07-05 20:27:16 - [TEST_STEP][PASSED] - Statement - groupStoresList[i] = storesLabel.get(i).getText(): null

2018-07-05 20:27:16 - [TEST_STEP][PASSED] - Statement - StoresCBList1.get(i).click(): null

2018-07-05 20:27:16 - [TEST_STEP][PASSED] - Statement - groupStoresList[i] = storesLabel.get(i).getText(): null

2018-07-05 20:27:16 - [TEST_STEP][PASSED] - Statement - StoresCBList1.get(i).click(): null

2018-07-05 20:27:16 - [TEST_STEP][PASSED] - Statement - groupStoresList[i] = storesLabel.get(i).getText(): null

2018-07-05 20:27:16 - [TEST_STEP][PASSED] - Statement - StoresCBList1.get(i).click(): null

2018-07-05 20:27:16 - [TEST_STEP][PASSED] - Statement - groupStoresList[i] = storesLabel.get(i).getText(): null

2018-07-05 20:27:16 - [TEST_STEP][PASSED] - Statement - StoresCBList1.get(i).click(): null

2018-07-05 20:27:16 - [TEST_STEP][PASSED] - Statement - groupStoresList[i] = storesLabel.get(i).getText(): null

2018-07-05 20:27:16 - [TEST_STEP][PASSED] - Statement - StoresCBList1.get(i).click(): null

2018-07-05 20:27:16 - [TEST_STEP][PASSED] - Statement - groupStoresList[i] = storesLabel.get(i).getText(): null

2018-07-05 20:27:16 - [TEST_STEP][PASSED] - Statement - StoresCBList1.get(i).click(): null

2018-07-05 20:27:16 - [TEST_STEP][PASSED] - Statement - groupStoresList[i] = storesLabel.get(i).getText(): null

2018-07-05 20:27:17 - [TEST_STEP][PASSED] - Statement - StoresCBList1.get(i).click(): null

2018-07-05 20:27:17 - [TEST_STEP][PASSED] - Statement - groupStoresList[i] = storesLabel.get(i).getText(): null

2018-07-05 20:27:17 - [TEST_STEP][PASSED] - Statement - StoresCBList1.get(i).click(): null

2018-07-05 20:27:17 - [TEST_STEP][PASSED] - Statement - groupStoresList[i] = storesLabel.get(i).getText(): null

2018-07-05 20:27:17 - [TEST_STEP][PASSED] - Statement - StoresCBList1.get(i).click(): null

2018-07-05 20:27:17 - [TEST_STEP][PASSED] - Statement - groupStoresList[i] = storesLabel.get(i).getText(): null

2018-07-05 20:27:17 - [TEST_STEP][PASSED] - Statement - StoresCBList1.get(i).click(): null

2018-07-05 20:27:17 - [TEST_STEP][PASSED] - Statement - groupStoresList[i] = storesLabel.get(i).getText(): null

2018-07-05 20:27:17 - [TEST_STEP][PASSED] - Statement - StoresCBList1.get(i).click(): null

2018-07-05 20:27:17 - [TEST_STEP][PASSED] - Statement - groupStoresList[i] = storesLabel.get(i).getText(): null

2018-07-05 20:27:17 - [TEST_STEP][PASSED] - Statement - StoresCBList1.get(i).click(): null

2018-07-05 20:27:17 - [TEST_STEP][PASSED] - Statement - groupStoresList[i] = storesLabel.get(i).getText(): null

2018-07-05 20:27:17 - [TEST_STEP][PASSED] - Statement - StoresCBList1.get(i).click(): null

2018-07-05 20:27:17 - [TEST_STEP][PASSED] - Statement - groupStoresList[i] = storesLabel.get(i).getText(): null

2018-07-05 20:27:17 - [TEST_STEP][PASSED] - Statement - StoresCBList1.get(i).click(): null

2018-07-05 20:27:17 - [TEST_STEP][PASSED] - Statement - groupStoresList[i] = storesLabel.get(i).getText(): null

2018-07-05 20:27:17 - [TEST_STEP][PASSED] - Statement - StoresCBList1.get(i).click(): null

2018-07-05 20:27:17 - [TEST_STEP][PASSED] - Statement - groupStoresList[i] = storesLabel.get(i).getText(): null

2018-07-05 20:27:17 - [TEST_STEP][PASSED] - Statement - StoresCBList1.get(i).click(): null

2018-07-05 20:27:17 - [TEST_STEP][PASSED] - Statement - groupStoresList[i] = storesLabel.get(i).getText(): null

2018-07-05 20:27:17 - [TEST_STEP][PASSED] - Statement - StoresCBList1.get(i).click(): null

2018-07-05 20:27:17 - [TEST_STEP][PASSED] - Statement - groupStoresList[i] = storesLabel.get(i).getText(): null

2018-07-05 20:27:17 - [TEST_STEP][PASSED] - Statement - StoresCBList1.get(i).click(): null

2018-07-05 20:27:17 - [TEST_STEP][PASSED] - Statement - groupStoresList[i] = storesLabel.get(i).getText(): null

2018-07-05 20:27:17 - [TEST_STEP][PASSED] - Statement - StoresCBList1.get(i).click(): null

2018-07-05 20:27:17 - [TEST_STEP][PASSED] - Statement - groupStoresList[i] = storesLabel.get(i).getText(): null

2018-07-05 20:27:17 - [TEST_STEP][PASSED] - Statement - StoresCBList1.get(i).click(): null

2018-07-05 20:27:17 - [TEST_STEP][PASSED] - Statement - groupStoresList[i] = storesLabel.get(i).getText(): null

2018-07-05 20:27:17 - [TEST_STEP][PASSED] - Statement - StoresCBList1.get(i).click(): null

2018-07-05 20:27:17 - [TEST_STEP][PASSED] - Statement - groupStoresList[i] = storesLabel.get(i).getText(): null

2018-07-05 20:27:17 - [TEST_STEP][PASSED] - Statement - StoresCBList1.get(i).click(): null

2018-07-05 20:27:17 - [TEST_STEP][PASSED] - Statement - groupStoresList[i] = storesLabel.get(i).getText(): null

2018-07-05 20:27:17 - [TEST_STEP][PASSED] - Statement - StoresCBList1.get(i).click(): null

2018-07-05 20:27:17 - [TEST_STEP][PASSED] - Statement - groupStoresList[i] = storesLabel.get(i).getText(): null

2018-07-05 20:27:17 - [TEST_STEP][PASSED] - Statement - StoresCBList1.get(i).click(): null

2018-07-05 20:27:17 - [TEST_STEP][PASSED] - Statement - groupStoresList[i] = storesLabel.get(i).getText(): null

2018-07-05 20:27:17 - [TEST_STEP][PASSED] - Statement - StoresCBList1.get(i).click(): null

2018-07-05 20:27:17 - [TEST_STEP][PASSED] - Statement - groupStoresList[i] = storesLabel.get(i).getText(): null

2018-07-05 20:27:17 - [TEST_STEP][PASSED] - Statement - StoresCBList1.get(i).click(): null

2018-07-05 20:27:18 - [TEST_STEP][PASSED] - Statement - groupStoresList[i] = storesLabel.get(i).getText(): null

2018-07-05 20:27:18 - [TEST_STEP][PASSED] - Statement - StoresCBList1.get(i).click(): null

2018-07-05 20:27:18 - [TEST_STEP][PASSED] - Statement - groupStoresList[i] = storesLabel.get(i).getText(): null

2018-07-05 20:27:18 - [TEST_STEP][PASSED] - Statement - StoresCBList1.get(i).click(): null

2018-07-05 20:27:18 - [TEST_STEP][PASSED] - Statement - groupStoresList[i] = storesLabel.get(i).getText(): null

2018-07-05 20:27:18 - [TEST_STEP][PASSED] - Statement - StoresCBList1.get(i).click(): null

2018-07-05 20:27:18 - [TEST_STEP][PASSED] - Statement - groupStoresList[i] = storesLabel.get(i).getText(): null

2018-07-05 20:27:18 - [TEST_STEP][PASSED] - Statement - StoresCBList1.get(i).click(): null

2018-07-05 20:27:18 - [TEST_STEP][PASSED] - Statement - groupStoresList[i] = storesLabel.get(i).getText(): null

2018-07-05 20:27:18 - [TEST_STEP][PASSED] - Statement - StoresCBList1.get(i).click(): null

2018-07-05 20:27:18 - [TEST_STEP][PASSED] - Statement - groupStoresList[i] = storesLabel.get(i).getText(): null

2018-07-05 20:27:18 - [TEST_STEP][PASSED] - Statement - StoresCBList1.get(i).click(): null

2018-07-05 20:27:18 - [TEST_STEP][PASSED] - Statement - groupStoresList[i] = storesLabel.get(i).getText(): null

2018-07-05 20:27:18 - [TEST_STEP][PASSED] - Statement - StoresCBList1.get(i).click(): null

2018-07-05 20:27:18 - [TEST_STEP][PASSED] - Statement - groupStoresList[i] = storesLabel.get(i).getText(): null

2018-07-05 20:27:18 - [TEST_STEP][PASSED] - Statement - StoresCBList1.get(i).click(): null

2018-07-05 20:27:18 - [TEST_STEP][PASSED] - Statement - groupStoresList[i] = storesLabel.get(i).getText(): null

2018-07-05 20:27:18 - [TEST_STEP][PASSED] - Statement - StoresCBList1.get(i).click(): null

2018-07-05 20:27:18 - [TEST_STEP][PASSED] - Statement - groupStoresList[i] = storesLabel.get(i).getText(): null

2018-07-05 20:27:18 - [TEST_STEP][PASSED] - Statement - StoresCBList1.get(i).click(): null

2018-07-05 20:27:18 - [TEST_STEP][PASSED] - Statement - groupStoresList[i] = storesLabel.get(i).getText(): null

2018-07-05 20:27:18 - [TEST_STEP][PASSED] - Statement - StoresCBList1.get(i).click(): null

2018-07-05 20:27:18 - [TEST_STEP][PASSED] - Statement - groupStoresList[i] = storesLabel.get(i).getText(): null

2018-07-05 20:27:18 - [TEST_STEP][PASSED] - Statement - StoresCBList1.get(i).click(): null

2018-07-05 20:27:18 - [TEST_STEP][PASSED] - Statement - groupStoresList[i] = storesLabel.get(i).getText(): null

2018-07-05 20:27:18 - [TEST_STEP][PASSED] - Statement - StoresCBList1.get(i).click(): null

2018-07-05 20:27:18 - [TEST_STEP][PASSED] - Statement - groupStoresList[i] = storesLabel.get(i).getText(): null

2018-07-05 20:27:18 - [TEST_STEP][PASSED] - Statement - StoresCBList1.get(i).click(): null

2018-07-05 20:27:18 - [TEST_STEP][PASSED] - Statement - groupStoresList[i] = storesLabel.get(i).getText(): null

2018-07-05 20:27:18 - [TEST_STEP][PASSED] - Statement - StoresCBList1.get(i).click(): null

2018-07-05 20:27:18 - [TEST_STEP][PASSED] - Statement - groupStoresList[i] = storesLabel.get(i).getText(): null

2018-07-05 20:27:18 - [TEST_STEP][PASSED] - Statement - StoresCBList1.get(i).click(): null

2018-07-05 20:27:18 - [TEST_STEP][PASSED] - Statement - groupStoresList[i] = storesLabel.get(i).getText(): null

2018-07-05 20:27:18 - [TEST_STEP][PASSED] - Statement - StoresCBList1.get(i).click(): null

2018-07-05 20:27:18 - [TEST_STEP][PASSED] - Statement - groupStoresList[i] = storesLabel.get(i).getText(): null

2018-07-05 20:27:18 - [TEST_STEP][PASSED] - Statement - StoresCBList1.get(i).click(): null

2018-07-05 20:27:18 - [TEST_STEP][PASSED] - Statement - groupStoresList[i] = storesLabel.get(i).getText(): null

2018-07-05 20:27:18 - [TEST_STEP][PASSED] - Statement - StoresCBList1.get(i).click(): null

2018-07-05 20:27:18 - [TEST_STEP][PASSED] - Statement - groupStoresList[i] = storesLabel.get(i).getText(): null

2018-07-05 20:27:18 - [TEST_STEP][PASSED] - Statement - StoresCBList1.get(i).click(): null

2018-07-05 20:27:19 - [TEST_STEP][PASSED] - Statement - groupStoresList[i] = storesLabel.get(i).getText(): null

2018-07-05 20:27:19 - [TEST_STEP][PASSED] - Statement - StoresCBList1.get(i).click(): null

2018-07-05 20:27:19 - [TEST_STEP][PASSED] - Statement - groupStoresList[i] = storesLabel.get(i).getText(): null

2018-07-05 20:27:19 - [TEST_STEP][PASSED] - Statement - StoresCBList1.get(i).click(): null

2018-07-05 20:27:19 - [TEST_STEP][PASSED] - Statement - groupStoresList[i] = storesLabel.get(i).getText(): null

2018-07-05 20:27:19 - [TEST_STEP][PASSED] - Statement - StoresCBList1.get(i).click(): null

2018-07-05 20:27:19 - [TEST_STEP][PASSED] - Statement - groupStoresList[i] = storesLabel.get(i).getText(): null

2018-07-05 20:27:19 - [TEST_STEP][PASSED] - Statement - StoresCBList1.get(i).click(): null

2018-07-05 20:27:19 - [TEST_STEP][PASSED] - Statement - groupStoresList[i] = storesLabel.get(i).getText(): null

2018-07-05 20:27:19 - [TEST_STEP][PASSED] - Statement - StoresCBList1.get(i).click(): null

2018-07-05 20:27:19 - [TEST_STEP][PASSED] - Statement - groupStoresList[i] = storesLabel.get(i).getText(): null

2018-07-05 20:27:19 - [TEST_STEP][PASSED] - Statement - StoresCBList1.get(i).click(): null

2018-07-05 20:27:19 - [TEST_STEP][PASSED] - Statement - groupStoresList[i] = storesLabel.get(i).getText(): null

2018-07-05 20:27:19 - [TEST_STEP][PASSED] - Statement - StoresCBList1.get(i).click(): null

2018-07-05 20:27:19 - [TEST_STEP][PASSED] - Statement - groupStoresList[i] = storesLabel.get(i).getText(): null

2018-07-05 20:27:19 - [TEST_STEP][PASSED] - Statement - StoresCBList1.get(i).click(): null

2018-07-05 20:27:19 - [TEST_STEP][PASSED] - Statement - groupStoresList[i] = storesLabel.get(i).getText(): null

2018-07-05 20:27:19 - [TEST_STEP][PASSED] - Statement - StoresCBList1.get(i).click(): null

2018-07-05 20:27:19 - [TEST_STEP][PASSED] - Statement - groupStoresList[i] = storesLabel.get(i).getText(): null

2018-07-05 20:27:19 - [TEST_STEP][PASSED] - Statement - StoresCBList1.get(i).click(): null

2018-07-05 20:27:19 - [TEST_STEP][PASSED] - Statement - groupStoresList[i] = storesLabel.get(i).getText(): null

2018-07-05 20:27:19 - [TEST_STEP][PASSED] - Statement - StoresCBList1.get(i).click(): null

2018-07-05 20:27:19 - [TEST_STEP][PASSED] - Statement - groupStoresList[i] = storesLabel.get(i).getText(): null

2018-07-05 20:27:19 - [TEST_STEP][PASSED] - Statement - StoresCBList1.get(i).click(): null

2018-07-05 20:27:19 - [TEST_STEP][PASSED] - Statement - groupStoresList[i] = storesLabel.get(i).getText(): null

2018-07-05 20:27:19 - [TEST_STEP][PASSED] - Statement - StoresCBList1.get(i).click(): null

2018-07-05 20:27:19 - [TEST_STEP][PASSED] - Statement - groupStoresList[i] = storesLabel.get(i).getText(): null

2018-07-05 20:27:19 - [TEST_STEP][PASSED] - Statement - StoresCBList1.get(i).click(): null

2018-07-05 20:27:19 - [TEST_STEP][PASSED] - Statement - groupStoresList[i] = storesLabel.get(i).getText(): null

2018-07-05 20:27:19 - [TEST_STEP][PASSED] - Statement - StoresCBList1.get(i).click(): null

2018-07-05 20:27:19 - [TEST_STEP][PASSED] - Statement - groupStoresList[i] = storesLabel.get(i).getText(): null

2018-07-05 20:27:19 - [TEST_STEP][PASSED] - Statement - StoresCBList1.get(i).click(): null

2018-07-05 20:27:19 - [TEST_STEP][PASSED] - Statement - groupStoresList[i] = storesLabel.get(i).getText(): null

2018-07-05 20:27:19 - [TEST_STEP][PASSED] - Statement - StoresCBList1.get(i).click(): null

2018-07-05 20:27:19 - [TEST_STEP][PASSED] - Statement - groupStoresList[i] = storesLabel.get(i).getText(): null

2018-07-05 20:27:19 - [TEST_STEP][PASSED] - Statement - StoresCBList1.get(i).click(): null

2018-07-05 20:27:19 - [TEST_STEP][PASSED] - Statement - groupStoresList[i] = storesLabel.get(i).getText(): null

2018-07-05 20:27:19 - [TEST_STEP][PASSED] - Statement - StoresCBList1.get(i).click(): null

2018-07-05 20:27:19 - [TEST_STEP][PASSED] - Statement - groupStoresList[i] = storesLabel.get(i).getText(): null

2018-07-05 20:27:19 - [TEST_STEP][PASSED] - Statement - StoresCBList1.get(i).click(): null

2018-07-05 20:27:20 - [TEST_STEP][PASSED] - Statement - groupStoresList[i] = storesLabel.get(i).getText(): null

2018-07-05 20:27:20 - [TEST_STEP][PASSED] - Statement - StoresCBList1.get(i).click(): null

2018-07-05 20:27:20 - [TEST_STEP][PASSED] - Statement - groupStoresList[i] = storesLabel.get(i).getText(): null

2018-07-05 20:27:20 - [TEST_STEP][PASSED] - Statement - StoresCBList1.get(i).click(): null

2018-07-05 20:27:20 - [TEST_STEP][PASSED] - Statement - groupStoresList[i] = storesLabel.get(i).getText(): null

2018-07-05 20:27:20 - [TEST_STEP][PASSED] - Statement - StoresCBList1.get(i).click(): null

2018-07-05 20:27:20 - [TEST_STEP][PASSED] - Statement - groupStoresList[i] = storesLabel.get(i).getText(): null

2018-07-05 20:27:20 - [TEST_STEP][PASSED] - Statement - StoresCBList1.get(i).click(): null

2018-07-05 20:27:20 - [TEST_STEP][PASSED] - Statement - groupStoresList[i] = storesLabel.get(i).getText(): null

2018-07-05 20:27:20 - [TEST_STEP][PASSED] - Statement - StoresCBList1.get(i).click(): null

2018-07-05 20:27:20 - [TEST_STEP][PASSED] - Statement - groupStoresList[i] = storesLabel.get(i).getText(): null

2018-07-05 20:27:20 - [TEST_STEP][PASSED] - Statement - StoresCBList1.get(i).click(): null

2018-07-05 20:27:20 - [TEST_STEP][PASSED] - Statement - groupStoresList[i] = storesLabel.get(i).getText(): null

2018-07-05 20:27:20 - [TEST_STEP][PASSED] - Statement - StoresCBList1.get(i).click(): null

2018-07-05 20:27:20 - [TEST_STEP][PASSED] - Statement - groupStoresList[i] = storesLabel.get(i).getText(): null

2018-07-05 20:27:20 - [TEST_STEP][PASSED] - Statement - StoresCBList1.get(i).click(): null

2018-07-05 20:27:20 - [TEST_STEP][PASSED] - Statement - groupStoresList[i] = storesLabel.get(i).getText(): null

2018-07-05 20:27:20 - [TEST_STEP][PASSED] - Statement - StoresCBList1.get(i).click(): null

2018-07-05 20:27:20 - [TEST_STEP][PASSED] - Statement - groupStoresList[i] = storesLabel.get(i).getText(): null

2018-07-05 20:27:20 - [TEST_STEP][PASSED] - Statement - StoresCBList1.get(i).click(): null

2018-07-05 20:27:20 - [TEST_STEP][PASSED] - Statement - groupStoresList[i] = storesLabel.get(i).getText(): null

2018-07-05 20:27:20 - [TEST_STEP][PASSED] - Statement - StoresCBList1.get(i).click(): null

2018-07-05 20:27:20 - [TEST_STEP][PASSED] - Statement - groupStoresList[i] = storesLabel.get(i).getText(): null

2018-07-05 20:27:20 - [TEST_STEP][PASSED] - Statement - StoresCBList1.get(i).click(): null

2018-07-05 20:27:20 - [TEST_STEP][PASSED] - Statement - groupStoresList[i] = storesLabel.get(i).getText(): null

2018-07-05 20:27:20 - [TEST_STEP][PASSED] - Statement - StoresCBList1.get(i).click(): null

2018-07-05 20:27:20 - [TEST_STEP][PASSED] - Statement - groupStoresList[i] = storesLabel.get(i).getText(): null

2018-07-05 20:27:20 - [TEST_STEP][PASSED] - Statement - StoresCBList1.get(i).click(): null

2018-07-05 20:27:20 - [TEST_STEP][PASSED] - Statement - groupStoresList[i] = storesLabel.get(i).getText(): null

2018-07-05 20:27:20 - [TEST_STEP][PASSED] - Statement - StoresCBList1.get(i).click(): null

2018-07-05 20:27:20 - [TEST_STEP][PASSED] - Statement - groupStoresList[i] = storesLabel.get(i).getText(): null

2018-07-05 20:27:20 - [TEST_STEP][PASSED] - Statement - StoresCBList1.get(i).click(): null

2018-07-05 20:27:20 - [TEST_STEP][PASSED] - Statement - groupStoresList[i] = storesLabel.get(i).getText(): null

2018-07-05 20:27:20 - [TEST_STEP][PASSED] - Statement - StoresCBList1.get(i).click(): null

2018-07-05 20:27:20 - [TEST_STEP][PASSED] - Statement - groupStoresList[i] = storesLabel.get(i).getText(): null

2018-07-05 20:27:20 - [TEST_STEP][PASSED] - Statement - StoresCBList1.get(i).click(): null

2018-07-05 20:27:20 - [TEST_STEP][PASSED] - Statement - groupStoresList[i] = storesLabel.get(i).getText(): null

2018-07-05 20:27:20 - [TEST_STEP][PASSED] - Statement - StoresCBList1.get(i).click(): null

2018-07-05 20:27:20 - [TEST_STEP][PASSED] - Statement - groupStoresList[i] = storesLabel.get(i).getText(): null

2018-07-05 20:27:21 - [TEST_STEP][PASSED] - Statement - StoresCBList1.get(i).click(): null

2018-07-05 20:27:21 - [TEST_STEP][PASSED] - Statement - groupStoresList[i] = storesLabel.get(i).getText(): null

2018-07-05 20:27:21 - [TEST_STEP][PASSED] - Statement - StoresCBList1.get(i).click(): null

2018-07-05 20:27:21 - [TEST_STEP][PASSED] - Statement - groupStoresList[i] = storesLabel.get(i).getText(): null

2018-07-05 20:27:21 - [TEST_STEP][PASSED] - Statement - StoresCBList1.get(i).click(): null

2018-07-05 20:27:21 - [TEST_STEP][PASSED] - Statement - groupStoresList[i] = storesLabel.get(i).getText(): null

2018-07-05 20:27:21 - [TEST_STEP][PASSED] - Statement - StoresCBList1.get(i).click(): null

2018-07-05 20:27:21 - [TEST_STEP][PASSED] - Statement - groupStoresList[i] = storesLabel.get(i).getText(): null

2018-07-05 20:27:21 - [TEST_STEP][PASSED] - Statement - StoresCBList1.get(i).click(): null

2018-07-05 20:27:21 - [TEST_STEP][PASSED] - Statement - groupStoresList[i] = storesLabel.get(i).getText(): null

2018-07-05 20:27:21 - [TEST_STEP][PASSED] - Statement - StoresCBList1.get(i).click(): null

2018-07-05 20:27:21 - [TEST_STEP][PASSED] - Statement - groupStoresList[i] = storesLabel.get(i).getText(): null

2018-07-05 20:27:21 - [TEST_STEP][PASSED] - Statement - StoresCBList1.get(i).click(): null

2018-07-05 20:27:21 - [TEST_STEP][PASSED] - Statement - groupStoresList[i] = storesLabel.get(i).getText(): null

2018-07-05 20:27:21 - [TEST_STEP][PASSED] - Statement - StoresCBList1.get(i).click(): null

2018-07-05 20:27:21 - [TEST_STEP][PASSED] - Statement - groupStoresList[i] = storesLabel.get(i).getText(): null

2018-07-05 20:27:21 - [TEST_STEP][PASSED] - Statement - StoresCBList1.get(i).click(): null

2018-07-05 20:27:21 - [TEST_STEP][PASSED] - Statement - groupStoresList[i] = storesLabel.get(i).getText(): null

2018-07-05 20:27:21 - [TEST_STEP][PASSED] - Statement - StoresCBList1.get(i).click(): null

2018-07-05 20:27:21 - [TEST_STEP][PASSED] - Statement - groupStoresList[i] = storesLabel.get(i).getText(): null

2018-07-05 20:27:21 - [TEST_STEP][PASSED] - Statement - StoresCBList1.get(i).click(): null

2018-07-05 20:27:21 - [TEST_STEP][PASSED] - Statement - groupStoresList[i] = storesLabel.get(i).getText(): null

2018-07-05 20:27:21 - [TEST_STEP][PASSED] - Statement - StoresCBList1.get(i).click(): null

2018-07-05 20:27:21 - [TEST_STEP][PASSED] - Statement - groupStoresList[i] = storesLabel.get(i).getText(): null

2018-07-05 20:27:21 - [TEST_STEP][PASSED] - Statement - StoresCBList1.get(i).click(): null

2018-07-05 20:27:21 - [TEST_STEP][PASSED] - Statement - groupStoresList[i] = storesLabel.get(i).getText(): null

2018-07-05 20:27:21 - [TEST_STEP][PASSED] - Statement - StoresCBList1.get(i).click(): null

2018-07-05 20:27:21 - [TEST_STEP][PASSED] - Statement - groupStoresList[i] = storesLabel.get(i).getText(): null

2018-07-05 20:27:21 - [TEST_STEP][PASSED] - Statement - StoresCBList1.get(i).click(): null

2018-07-05 20:27:21 - [TEST_STEP][PASSED] - Statement - groupStoresList[i] = storesLabel.get(i).getText(): null

2018-07-05 20:27:21 - [TEST_STEP][PASSED] - Statement - StoresCBList1.get(i).click(): null

2018-07-05 20:27:21 - [TEST_STEP][PASSED] - Statement - groupStoresList[i] = storesLabel.get(i).getText(): null

2018-07-05 20:27:21 - [TEST_STEP][PASSED] - Statement - StoresCBList1.get(i).click(): null

2018-07-05 20:27:21 - [TEST_STEP][PASSED] - Statement - groupStoresList[i] = storesLabel.get(i).getText(): null

2018-07-05 20:27:21 - [TEST_STEP][PASSED] - Statement - StoresCBList1.get(i).click(): null

2018-07-05 20:27:21 - [TEST_STEP][PASSED] - Statement - groupStoresList[i] = storesLabel.get(i).getText(): null

2018-07-05 20:27:21 - [TEST_STEP][PASSED] - Statement - StoresCBList1.get(i).click(): null

2018-07-05 20:27:21 - [TEST_STEP][PASSED] - Statement - groupStoresList[i] = storesLabel.get(i).getText(): null

2018-07-05 20:27:21 - [TEST_STEP][PASSED] - Statement - StoresCBList1.get(i).click(): null

2018-07-05 20:27:21 - [TEST_STEP][PASSED] - Statement - groupStoresList[i] = storesLabel.get(i).getText(): null

2018-07-05 20:27:22 - [TEST_STEP][PASSED] - Statement - StoresCBList1.get(i).click(): null

2018-07-05 20:27:22 - [TEST_STEP][PASSED] - Statement - groupStoresList[i] = storesLabel.get(i).getText(): null

2018-07-05 20:27:22 - [TEST_STEP][PASSED] - Statement - StoresCBList1.get(i).click(): null

2018-07-05 20:27:22 - [TEST_STEP][PASSED] - Statement - groupStoresList[i] = storesLabel.get(i).getText(): null

2018-07-05 20:27:22 - [TEST_STEP][PASSED] - Statement - StoresCBList1.get(i).click(): null

2018-07-05 20:27:22 - [TEST_STEP][PASSED] - Statement - groupStoresList[i] = storesLabel.get(i).getText(): null

2018-07-05 20:27:22 - [TEST_STEP][PASSED] - Statement - StoresCBList1.get(i).click(): null

2018-07-05 20:27:22 - [TEST_STEP][PASSED] - Statement - groupStoresList[i] = storesLabel.get(i).getText(): null

2018-07-05 20:27:22 - [TEST_STEP][PASSED] - Statement - StoresCBList1.get(i).click(): null

2018-07-05 20:27:22 - [TEST_STEP][PASSED] - Statement - groupStoresList[i] = storesLabel.get(i).getText(): null

2018-07-05 20:27:22 - [TEST_STEP][PASSED] - Statement - StoresCBList1.get(i).click(): null

2018-07-05 20:27:22 - [TEST_STEP][PASSED] - Statement - groupStoresList[i] = storesLabel.get(i).getText(): null

2018-07-05 20:27:22 - [TEST_STEP][PASSED] - Statement - StoresCBList1.get(i).click(): null

2018-07-05 20:27:22 - [TEST_STEP][PASSED] - Statement - groupStoresList[i] = storesLabel.get(i).getText(): null

2018-07-05 20:27:22 - [TEST_STEP][PASSED] - Statement - StoresCBList1.get(i).click(): null

2018-07-05 20:27:22 - [TEST_STEP][PASSED] - Statement - groupStoresList[i] = storesLabel.get(i).getText(): null

2018-07-05 20:27:22 - [TEST_STEP][PASSED] - Statement - StoresCBList1.get(i).click(): null

2018-07-05 20:27:22 - [TEST_STEP][PASSED] - Statement - groupStoresList[i] = storesLabel.get(i).getText(): null

2018-07-05 20:27:22 - [TEST_STEP][PASSED] - Statement - StoresCBList1.get(i).click(): null

2018-07-05 20:27:22 - [TEST_STEP][PASSED] - Statement - groupStoresList[i] = storesLabel.get(i).getText(): null

2018-07-05 20:27:22 - [TEST_STEP][PASSED] - Statement - StoresCBList1.get(i).click(): null

2018-07-05 20:27:22 - [TEST_STEP][PASSED] - Statement - groupStoresList[i] = storesLabel.get(i).getText(): null

2018-07-05 20:27:22 - [TEST_STEP][PASSED] - Statement - StoresCBList1.get(i).click(): null

2018-07-05 20:27:22 - [TEST_STEP][PASSED] - Statement - groupStoresList[i] = storesLabel.get(i).getText(): null

2018-07-05 20:27:22 - [TEST_STEP][PASSED] - Statement - StoresCBList1.get(i).click(): null

2018-07-05 20:27:22 - [TEST_STEP][PASSED] - Statement - groupStoresList[i] = storesLabel.get(i).getText(): null

2018-07-05 20:27:22 - [TEST_STEP][PASSED] - Statement - StoresCBList1.get(i).click(): null

2018-07-05 20:27:22 - [TEST_STEP][PASSED] - Statement - groupStoresList[i] = storesLabel.get(i).getText(): null

2018-07-05 20:27:22 - [TEST_STEP][PASSED] - Statement - StoresCBList1.get(i).click(): null

2018-07-05 20:27:22 - [TEST_STEP][PASSED] - Statement - groupStoresList[i] = storesLabel.get(i).getText(): null

2018-07-05 20:27:22 - [TEST_STEP][PASSED] - Statement - StoresCBList1.get(i).click(): null

2018-07-05 20:27:22 - [TEST_STEP][PASSED] - Statement - groupStoresList[i] = storesLabel.get(i).getText(): null

2018-07-05 20:27:22 - [TEST_STEP][PASSED] - Statement - StoresCBList1.get(i).click(): null

2018-07-05 20:27:22 - [TEST_STEP][PASSED] - Statement - groupStoresList[i] = storesLabel.get(i).getText(): null

2018-07-05 20:27:22 - [TEST_STEP][PASSED] - Statement - StoresCBList1.get(i).click(): null

2018-07-05 20:27:22 - [TEST_STEP][PASSED] - Statement - groupStoresList[i] = storesLabel.get(i).getText(): null

2018-07-05 20:27:22 - [TEST_STEP][PASSED] - Statement - StoresCBList1.get(i).click(): null

2018-07-05 20:27:22 - [TEST_STEP][PASSED] - Statement - groupStoresList[i] = storesLabel.get(i).getText(): null

2018-07-05 20:27:22 - [TEST_STEP][PASSED] - Statement - StoresCBList1.get(i).click(): null

2018-07-05 20:27:22 - [TEST_STEP][PASSED] - Statement - groupStoresList[i] = storesLabel.get(i).getText(): null

2018-07-05 20:27:23 - [TEST_STEP][PASSED] - Statement - StoresCBList1.get(i).click(): null

2018-07-05 20:27:23 - [TEST_STEP][PASSED] - Statement - groupStoresList[i] = storesLabel.get(i).getText(): null

2018-07-05 20:27:23 - [TEST_STEP][PASSED] - Statement - StoresCBList1.get(i).click(): null

2018-07-05 20:27:23 - [TEST_STEP][PASSED] - Statement - groupStoresList[i] = storesLabel.get(i).getText(): null

2018-07-05 20:27:23 - [TEST_STEP][PASSED] - Statement - StoresCBList1.get(i).click(): null

2018-07-05 20:27:23 - [TEST_STEP][PASSED] - Statement - groupStoresList[i] = storesLabel.get(i).getText(): null

2018-07-05 20:27:23 - [TEST_STEP][PASSED] - Statement - StoresCBList1.get(i).click(): null

2018-07-05 20:27:23 - [TEST_STEP][PASSED] - Statement - groupStoresList[i] = storesLabel.get(i).getText(): null

2018-07-05 20:27:23 - [TEST_STEP][PASSED] - Statement - StoresCBList1.get(i).click(): null

2018-07-05 20:27:23 - [TEST_STEP][PASSED] - Statement - groupStoresList[i] = storesLabel.get(i).getText(): null

2018-07-05 20:27:23 - [TEST_STEP][PASSED] - Statement - StoresCBList1.get(i).click(): null

2018-07-05 20:27:23 - [TEST_STEP][PASSED] - Statement - groupStoresList[i] = storesLabel.get(i).getText(): null

2018-07-05 20:27:23 - [TEST_STEP][PASSED] - Statement - StoresCBList1.get(i).click(): null

2018-07-05 20:27:23 - [TEST_STEP][PASSED] - Statement - groupStoresList[i] = storesLabel.get(i).getText(): null

2018-07-05 20:27:23 - [TEST_STEP][PASSED] - Statement - StoresCBList1.get(i).click(): null

2018-07-05 20:27:23 - [TEST_STEP][PASSED] - Statement - groupStoresList[i] = storesLabel.get(i).getText(): null

2018-07-05 20:27:23 - [TEST_STEP][PASSED] - Statement - StoresCBList1.get(i).click(): null

2018-07-05 20:27:23 - [TEST_STEP][PASSED] - Statement - groupStoresList[i] = storesLabel.get(i).getText(): null

2018-07-05 20:27:23 - [TEST_STEP][PASSED] - Statement - StoresCBList1.get(i).click(): null

2018-07-05 20:27:23 - [TEST_STEP][PASSED] - Statement - groupStoresList[i] = storesLabel.get(i).getText(): null

2018-07-05 20:27:23 - [TEST_STEP][PASSED] - Statement - StoresCBList1.get(i).click(): null

2018-07-05 20:27:23 - [TEST_STEP][PASSED] - Statement - groupStoresList[i] = storesLabel.get(i).getText(): null

2018-07-05 20:27:23 - [TEST_STEP][PASSED] - Statement - StoresCBList1.get(i).click(): null

2018-07-05 20:27:23 - [TEST_STEP][PASSED] - Statement - groupStoresList[i] = storesLabel.get(i).getText(): null

2018-07-05 20:27:23 - [TEST_STEP][PASSED] - Statement - StoresCBList1.get(i).click(): null

2018-07-05 20:27:23 - [TEST_STEP][PASSED] - Statement - groupStoresList[i] = storesLabel.get(i).getText(): null

2018-07-05 20:27:23 - [TEST_STEP][PASSED] - Statement - StoresCBList1.get(i).click(): null

2018-07-05 20:27:23 - [TEST_STEP][PASSED] - Statement - groupStoresList[i] = storesLabel.get(i).getText(): null

2018-07-05 20:27:23 - [TEST_STEP][PASSED] - Statement - StoresCBList1.get(i).click(): null

2018-07-05 20:27:23 - [TEST_STEP][PASSED] - Statement - groupStoresList[i] = storesLabel.get(i).getText(): null

2018-07-05 20:27:23 - [TEST_STEP][PASSED] - Statement - StoresCBList1.get(i).click(): null

2018-07-05 20:27:23 - [TEST_STEP][PASSED] - Statement - groupStoresList[i] = storesLabel.get(i).getText(): null

2018-07-05 20:27:23 - [TEST_STEP][PASSED] - Statement - StoresCBList1.get(i).click(): null

2018-07-05 20:27:23 - [TEST_STEP][PASSED] - Statement - groupStoresList[i] = storesLabel.get(i).getText(): null

2018-07-05 20:27:23 - [TEST_STEP][PASSED] - Statement - StoresCBList1.get(i).click(): null

2018-07-05 20:27:23 - [TEST_STEP][PASSED] - Statement - groupStoresList[i] = storesLabel.get(i).getText(): null

2018-07-05 20:27:23 - [TEST_STEP][PASSED] - Statement - StoresCBList1.get(i).click(): null

2018-07-05 20:27:23 - [TEST_STEP][PASSED] - Statement - groupStoresList[i] = storesLabel.get(i).getText(): null

2018-07-05 20:27:23 - [TEST_STEP][PASSED] - Statement - StoresCBList1.get(i).click(): null

2018-07-05 20:27:24 - [TEST_STEP][PASSED] - Statement - groupStoresList[i] = storesLabel.get(i).getText(): null

2018-07-05 20:27:24 - [TEST_STEP][PASSED] - Statement - StoresCBList1.get(i).click(): null

2018-07-05 20:27:24 - [TEST_STEP][PASSED] - Statement - groupStoresList[i] = storesLabel.get(i).getText(): null

2018-07-05 20:27:24 - [TEST_STEP][PASSED] - Statement - StoresCBList1.get(i).click(): null

2018-07-05 20:27:24 - [TEST_STEP][PASSED] - Statement - groupStoresList[i] = storesLabel.get(i).getText(): null

2018-07-05 20:27:24 - [TEST_STEP][PASSED] - Statement - StoresCBList1.get(i).click(): null

2018-07-05 20:27:24 - [TEST_STEP][PASSED] - Statement - groupStoresList[i] = storesLabel.get(i).getText(): null

2018-07-05 20:27:24 - [TEST_STEP][PASSED] - Statement - StoresCBList1.get(i).click(): null

2018-07-05 20:27:24 - [TEST_STEP][PASSED] - Statement - groupStoresList[i] = storesLabel.get(i).getText(): null

2018-07-05 20:27:24 - [TEST_STEP][PASSED] - Statement - StoresCBList1.get(i).click(): null

2018-07-05 20:27:24 - [TEST_STEP][PASSED] - Statement - groupStoresList[i] = storesLabel.get(i).getText(): null

2018-07-05 20:27:24 - [TEST_STEP][PASSED] - Statement - StoresCBList1.get(i).click(): null

2018-07-05 20:27:24 - [TEST_STEP][PASSED] - Statement - groupStoresList[i] = storesLabel.get(i).getText(): null

2018-07-05 20:27:24 - [TEST_STEP][PASSED] - Statement - StoresCBList1.get(i).click(): null

2018-07-05 20:27:24 - [TEST_STEP][PASSED] - Statement - groupStoresList[i] = storesLabel.get(i).getText(): null

2018-07-05 20:27:24 - [TEST_STEP][PASSED] - Statement - StoresCBList1.get(i).click(): null

2018-07-05 20:27:24 - [TEST_STEP][PASSED] - Statement - groupStoresList[i] = storesLabel.get(i).getText(): null

2018-07-05 20:27:24 - [TEST_STEP][PASSED] - Statement - StoresCBList1.get(i).click(): null

2018-07-05 20:27:24 - [TEST_STEP][PASSED] - Statement - groupStoresList[i] = storesLabel.get(i).getText(): null

2018-07-05 20:27:24 - [TEST_STEP][PASSED] - Statement - StoresCBList1.get(i).click(): null

2018-07-05 20:27:24 - [TEST_STEP][PASSED] - Statement - groupStoresList[i] = storesLabel.get(i).getText(): null

2018-07-05 20:27:24 - [TEST_STEP][PASSED] - Statement - StoresCBList1.get(i).click(): null

2018-07-05 20:27:24 - [TEST_STEP][PASSED] - Statement - groupStoresList[i] = storesLabel.get(i).getText(): null

2018-07-05 20:27:24 - [TEST_STEP][PASSED] - Statement - StoresCBList1.get(i).click(): null

2018-07-05 20:27:24 - [TEST_STEP][PASSED] - Statement - groupStoresList[i] = storesLabel.get(i).getText(): null

2018-07-05 20:27:24 - [TEST_STEP][PASSED] - Statement - StoresCBList1.get(i).click(): null

2018-07-05 20:27:24 - [TEST_STEP][PASSED] - Statement - groupStoresList[i] = storesLabel.get(i).getText(): null

2018-07-05 20:27:24 - [TEST_STEP][PASSED] - Statement - StoresCBList1.get(i).click(): null

2018-07-05 20:27:24 - [TEST_STEP][PASSED] - Statement - groupStoresList[i] = storesLabel.get(i).getText(): null

2018-07-05 20:27:24 - [TEST_STEP][PASSED] - Statement - StoresCBList1.get(i).click(): null

2018-07-05 20:27:24 - [TEST_STEP][PASSED] - Statement - groupStoresList[i] = storesLabel.get(i).getText(): null

2018-07-05 20:27:24 - [TEST_STEP][PASSED] - Statement - StoresCBList1.get(i).click(): null

2018-07-05 20:27:24 - [TEST_STEP][PASSED] - Statement - groupStoresList[i] = storesLabel.get(i).getText(): null

2018-07-05 20:27:24 - [TEST_STEP][PASSED] - Statement - StoresCBList1.get(i).click(): null

2018-07-05 20:27:24 - [TEST_STEP][PASSED] - Statement - groupStoresList[i] = storesLabel.get(i).getText(): null

2018-07-05 20:27:24 - [TEST_STEP][PASSED] - Statement - StoresCBList1.get(i).click(): null

2018-07-05 20:27:24 - [TEST_STEP][PASSED] - Statement - groupStoresList[i] = storesLabel.get(i).getText(): null

2018-07-05 20:27:24 - [TEST_STEP][PASSED] - Statement - StoresCBList1.get(i).click(): null

2018-07-05 20:27:25 - [TEST_STEP][PASSED] - Statement - groupStoresList[i] = storesLabel.get(i).getText(): null

2018-07-05 20:27:25 - [TEST_STEP][PASSED] - Statement - StoresCBList1.get(i).click(): null

2018-07-05 20:27:25 - [TEST_STEP][PASSED] - Statement - groupStoresList[i] = storesLabel.get(i).getText(): null

2018-07-05 20:27:25 - [TEST_STEP][PASSED] - Statement - StoresCBList1.get(i).click(): null

2018-07-05 20:27:25 - [TEST_STEP][PASSED] - Statement - groupStoresList[i] = storesLabel.get(i).getText(): null

2018-07-05 20:27:25 - [TEST_STEP][PASSED] - Statement - StoresCBList1.get(i).click(): null

2018-07-05 20:27:25 - [TEST_STEP][PASSED] - Statement - groupStoresList[i] = storesLabel.get(i).getText(): null

2018-07-05 20:27:25 - [TEST_STEP][PASSED] - Statement - StoresCBList1.get(i).click(): null

2018-07-05 20:27:25 - [TEST_STEP][PASSED] - Statement - groupStoresList[i] = storesLabel.get(i).getText(): null

2018-07-05 20:27:25 - [TEST_STEP][PASSED] - Statement - StoresCBList1.get(i).click(): null

2018-07-05 20:27:25 - [TEST_STEP][PASSED] - Statement - groupStoresList[i] = storesLabel.get(i).getText(): null

2018-07-05 20:27:25 - [TEST_STEP][PASSED] - Statement - StoresCBList1.get(i).click(): null

2018-07-05 20:27:25 - [TEST_STEP][PASSED] - Statement - groupStoresList[i] = storesLabel.get(i).getText(): null

2018-07-05 20:27:25 - [TEST_STEP][PASSED] - Statement - StoresCBList1.get(i).click(): null

2018-07-05 20:27:25 - [TEST_STEP][PASSED] - Statement - groupStoresList[i] = storesLabel.get(i).getText(): null

2018-07-05 20:27:25 - [TEST_STEP][PASSED] - Statement - StoresCBList1.get(i).click(): null

2018-07-05 20:27:25 - [TEST_STEP][PASSED] - Statement - groupStoresList[i] = storesLabel.get(i).getText(): null

2018-07-05 20:27:25 - [TEST_STEP][PASSED] - Statement - StoresCBList1.get(i).click(): null

2018-07-05 20:27:25 - [TEST_STEP][PASSED] - Statement - groupStoresList[i] = storesLabel.get(i).getText(): null

2018-07-05 20:27:25 - [TEST_STEP][PASSED] - Statement - StoresCBList1.get(i).click(): null

2018-07-05 20:27:25 - [TEST_STEP][PASSED] - Statement - groupStoresList[i] = storesLabel.get(i).getText(): null

2018-07-05 20:27:25 - [TEST_STEP][PASSED] - Statement - StoresCBList1.get(i).click(): null

2018-07-05 20:27:25 - [TEST_STEP][PASSED] - Statement - groupStoresList[i] = storesLabel.get(i).getText(): null

2018-07-05 20:27:25 - [TEST_STEP][PASSED] - Statement - StoresCBList1.get(i).click(): null

2018-07-05 20:27:25 - [TEST_STEP][PASSED] - Statement - groupStoresList[i] = storesLabel.get(i).getText(): null

2018-07-05 20:27:25 - [TEST_STEP][PASSED] - Statement - StoresCBList1.get(i).click(): null

2018-07-05 20:27:25 - [TEST_STEP][PASSED] - Statement - groupStoresList[i] = storesLabel.get(i).getText(): null

2018-07-05 20:27:25 - [TEST_STEP][PASSED] - Statement - StoresCBList1.get(i).click(): null

2018-07-05 20:27:25 - [TEST_STEP][PASSED] - Statement - out.println(groupStoresList): null

2018-07-05 20:27:25 - [TEST_STEP][PASSED] - uiaction.CommonUIActions.click: uiaction.CommonUIActions.click is PASSED

2018-07-05 20:27:25 - [MESSAGE][PASSED] - uiaction.CommonUIActions.click is PASSED

2018-07-05 20:27:25 - [TEST_STEP][PASSED] - delay: Delayed 5 second(s)

2018-07-05 20:27:30 - [MESSAGE][PASSED] - Delayed 5 second(s)

2018-07-05 20:27:30 - [TEST_STEP][PASSED] - Statement - secondStoreListBox1 = driver.findElements(org.openqa.selenium.By.xpath(com.kms.katalon.core.testdata.TestDataFactory.findTestData(OR_file).getValue(2, 11))): Reading excel file with source file 'C:\Users\shalinin\Katalon Studio\HME_DEVScripts\Data Files\HME_OR.xlsx' and sheet name 'Sheet1'

2018-07-05 20:27:30 - [TEST_STEP][PASSED] - Statement - actualList1 = new java.util.ArrayList(): null

2018-07-05 20:27:30 - [TEST_STEP][PASSED] - Statement - For ([i = 0, i < secondStoreListBox1.size(), (i++)]): null

2018-07-05 20:27:30 - [TEST_STEP][PASSED] - Statement - actualList1.add(i, secondStoreListBox1.get(i).getText()): null

2018-07-05 20:27:30 - [TEST_STEP][PASSED] - Statement - actualList1.add(i, secondStoreListBox1.get(i).getText()): null

2018-07-05 20:27:30 - [TEST_STEP][PASSED] - Statement - actualList1.add(i, secondStoreListBox1.get(i).getText()): null

2018-07-05 20:27:30 - [TEST_STEP][PASSED] - Statement - actualList1.add(i, secondStoreListBox1.get(i).getText()): null

2018-07-05 20:27:30 - [TEST_STEP][PASSED] - Statement - actualList1.add(i, secondStoreListBox1.get(i).getText()): null

2018-07-05 20:27:30 - [TEST_STEP][PASSED] - Statement - actualList1.add(i, secondStoreListBox1.get(i).getText()): null

2018-07-05 20:27:30 - [TEST_STEP][PASSED] - Statement - actualList1.add(i, secondStoreListBox1.get(i).getText()): null

2018-07-05 20:27:31 - [TEST_STEP][PASSED] - Statement - actualList1.add(i, secondStoreListBox1.get(i).getText()): null

2018-07-05 20:27:31 - [TEST_STEP][PASSED] - Statement - actualList1.add(i, secondStoreListBox1.get(i).getText()): null

2018-07-05 20:27:31 - [TEST_STEP][PASSED] - Statement - actualList1.add(i, secondStoreListBox1.get(i).getText()): null

2018-07-05 20:27:31 - [TEST_STEP][PASSED] - Statement - actualList1.add(i, secondStoreListBox1.get(i).getText()): null

2018-07-05 20:27:31 - [TEST_STEP][PASSED] - Statement - actualList1.add(i, secondStoreListBox1.get(i).getText()): null

2018-07-05 20:27:31 - [TEST_STEP][PASSED] - Statement - actualList1.add(i, secondStoreListBox1.get(i).getText()): null

2018-07-05 20:27:31 - [TEST_STEP][PASSED] - Statement - actualList1.add(i, secondStoreListBox1.get(i).getText()): null

2018-07-05 20:27:31 - [TEST_STEP][PASSED] - Statement - actualList1.add(i, secondStoreListBox1.get(i).getText()): null

2018-07-05 20:27:31 - [TEST_STEP][PASSED] - Statement - actualList1.add(i, secondStoreListBox1.get(i).getText()): null

2018-07-05 20:27:31 - [TEST_STEP][PASSED] - Statement - actualList1.add(i, secondStoreListBox1.get(i).getText()): null

2018-07-05 20:27:31 - [TEST_STEP][PASSED] - Statement - actualList1.add(i, secondStoreListBox1.get(i).getText()): null

2018-07-05 20:27:31 - [TEST_STEP][PASSED] - Statement - actualList1.add(i, secondStoreListBox1.get(i).getText()): null

2018-07-05 20:27:31 - [TEST_STEP][PASSED] - Statement - actualList1.add(i, secondStoreListBox1.get(i).getText()): null

2018-07-05 20:27:31 - [TEST_STEP][PASSED] - Statement - actualList1.add(i, secondStoreListBox1.get(i).getText()): null

2018-07-05 20:27:31 - [TEST_STEP][PASSED] - Statement - actualList1.add(i, secondStoreListBox1.get(i).getText()): null

2018-07-05 20:27:31 - [TEST_STEP][PASSED] - Statement - actualList1.add(i, secondStoreListBox1.get(i).getText()): null

2018-07-05 20:27:31 - [TEST_STEP][PASSED] - Statement - actualList1.add(i, secondStoreListBox1.get(i).getText()): null

2018-07-05 20:27:31 - [TEST_STEP][PASSED] - Statement - actualList1.add(i, secondStoreListBox1.get(i).getText()): null

2018-07-05 20:27:31 - [TEST_STEP][PASSED] - Statement - actualList1.add(i, secondStoreListBox1.get(i).getText()): null

2018-07-05 20:27:31 - [TEST_STEP][PASSED] - Statement - actualList1.add(i, secondStoreListBox1.get(i).getText()): null

2018-07-05 20:27:31 - [TEST_STEP][PASSED] - Statement - actualList1.add(i, secondStoreListBox1.get(i).getText()): null

2018-07-05 20:27:31 - [TEST_STEP][PASSED] - Statement - actualList1.add(i, secondStoreListBox1.get(i).getText()): null

2018-07-05 20:27:31 - [TEST_STEP][PASSED] - Statement - actualList1.add(i, secondStoreListBox1.get(i).getText()): null

2018-07-05 20:27:31 - [TEST_STEP][PASSED] - Statement - actualList1.add(i, secondStoreListBox1.get(i).getText()): null

2018-07-05 20:27:31 - [TEST_STEP][PASSED] - Statement - actualList1.add(i, secondStoreListBox1.get(i).getText()): null

2018-07-05 20:27:31 - [TEST_STEP][PASSED] - Statement - actualList1.add(i, secondStoreListBox1.get(i).getText()): null

2018-07-05 20:27:31 - [TEST_STEP][PASSED] - Statement - actualList1.add(i, secondStoreListBox1.get(i).getText()): null

2018-07-05 20:27:31 - [TEST_STEP][PASSED] - Statement - actualList1.add(i, secondStoreListBox1.get(i).getText()): null

2018-07-05 20:27:31 - [TEST_STEP][PASSED] - Statement - actualList1.add(i, secondStoreListBox1.get(i).getText()): null

2018-07-05 20:27:31 - [TEST_STEP][PASSED] - Statement - actualList1.add(i, secondStoreListBox1.get(i).getText()): null

2018-07-05 20:27:31 - [TEST_STEP][PASSED] - Statement - actualList1.add(i, secondStoreListBox1.get(i).getText()): null

2018-07-05 20:27:31 - [TEST_STEP][PASSED] - Statement - actualList1.add(i, secondStoreListBox1.get(i).getText()): null

2018-07-05 20:27:31 - [TEST_STEP][PASSED] - Statement - actualList1.add(i, secondStoreListBox1.get(i).getText()): null

2018-07-05 20:27:31 - [TEST_STEP][PASSED] - Statement - actualList1.add(i, secondStoreListBox1.get(i).getText()): null

2018-07-05 20:27:31 - [TEST_STEP][PASSED] - Statement - actualList1.add(i, secondStoreListBox1.get(i).getText()): null

2018-07-05 20:27:31 - [TEST_STEP][PASSED] - Statement - actualList1.add(i, secondStoreListBox1.get(i).getText()): null

2018-07-05 20:27:31 - [TEST_STEP][PASSED] - Statement - actualList1.add(i, secondStoreListBox1.get(i).getText()): null

2018-07-05 20:27:31 - [TEST_STEP][PASSED] - Statement - actualList1.add(i, secondStoreListBox1.get(i).getText()): null

2018-07-05 20:27:31 - [TEST_STEP][PASSED] - Statement - actualList1.add(i, secondStoreListBox1.get(i).getText()): null

2018-07-05 20:27:31 - [TEST_STEP][PASSED] - Statement - actualList1.add(i, secondStoreListBox1.get(i).getText()): null

2018-07-05 20:27:31 - [TEST_STEP][PASSED] - Statement - actualList1.add(i, secondStoreListBox1.get(i).getText()): null

2018-07-05 20:27:31 - [TEST_STEP][PASSED] - Statement - actualList1.add(i, secondStoreListBox1.get(i).getText()): null

2018-07-05 20:27:31 - [TEST_STEP][PASSED] - Statement - actualList1.add(i, secondStoreListBox1.get(i).getText()): null

2018-07-05 20:27:31 - [TEST_STEP][PASSED] - Statement - actualList1.add(i, secondStoreListBox1.get(i).getText()): null

2018-07-05 20:27:31 - [TEST_STEP][PASSED] - Statement - actualList1.add(i, secondStoreListBox1.get(i).getText()): null

2018-07-05 20:27:31 - [TEST_STEP][PASSED] - Statement - actualList1.add(i, secondStoreListBox1.get(i).getText()): null

2018-07-05 20:27:31 - [TEST_STEP][PASSED] - Statement - actualList1.add(i, secondStoreListBox1.get(i).getText()): null

2018-07-05 20:27:31 - [TEST_STEP][PASSED] - Statement - actualList1.add(i, secondStoreListBox1.get(i).getText()): null

2018-07-05 20:27:31 - [TEST_STEP][PASSED] - Statement - actualList1.add(i, secondStoreListBox1.get(i).getText()): null

2018-07-05 20:27:31 - [TEST_STEP][PASSED] - Statement - actualList1.add(i, secondStoreListBox1.get(i).getText()): null

2018-07-05 20:27:31 - [TEST_STEP][PASSED] - Statement - actualList1.add(i, secondStoreListBox1.get(i).getText()): null

2018-07-05 20:27:31 - [TEST_STEP][PASSED] - Statement - actualList1.add(i, secondStoreListBox1.get(i).getText()): null

2018-07-05 20:27:31 - [TEST_STEP][PASSED] - Statement - actualList1.add(i, secondStoreListBox1.get(i).getText()): null

2018-07-05 20:27:32 - [TEST_STEP][PASSED] - Statement - actualList1.add(i, secondStoreListBox1.get(i).getText()): null

2018-07-05 20:27:32 - [TEST_STEP][PASSED] - Statement - actualList1.add(i, secondStoreListBox1.get(i).getText()): null

2018-07-05 20:27:32 - [TEST_STEP][PASSED] - Statement - actualList1.add(i, secondStoreListBox1.get(i).getText()): null

2018-07-05 20:27:32 - [TEST_STEP][PASSED] - Statement - actualList1.add(i, secondStoreListBox1.get(i).getText()): null

2018-07-05 20:27:32 - [TEST_STEP][PASSED] - Statement - actualList1.add(i, secondStoreListBox1.get(i).getText()): null

2018-07-05 20:27:32 - [TEST_STEP][PASSED] - Statement - actualList1.add(i, secondStoreListBox1.get(i).getText()): null

2018-07-05 20:27:32 - [TEST_STEP][PASSED] - Statement - actualList1.add(i, secondStoreListBox1.get(i).getText()): null

2018-07-05 20:27:32 - [TEST_STEP][PASSED] - Statement - actualList1.add(i, secondStoreListBox1.get(i).getText()): null

2018-07-05 20:27:32 - [TEST_STEP][PASSED] - Statement - actualList1.add(i, secondStoreListBox1.get(i).getText()): null

2018-07-05 20:27:32 - [TEST_STEP][PASSED] - Statement - actualList1.add(i, secondStoreListBox1.get(i).getText()): null

2018-07-05 20:27:32 - [TEST_STEP][PASSED] - Statement - actualList1.add(i, secondStoreListBox1.get(i).getText()): null

2018-07-05 20:27:32 - [TEST_STEP][PASSED] - Statement - actualList1.add(i, secondStoreListBox1.get(i).getText()): null

2018-07-05 20:27:32 - [TEST_STEP][PASSED] - Statement - actualList1.add(i, secondStoreListBox1.get(i).getText()): null

2018-07-05 20:27:32 - [TEST_STEP][PASSED] - Statement - actualList1.add(i, secondStoreListBox1.get(i).getText()): null

2018-07-05 20:27:32 - [TEST_STEP][PASSED] - Statement - actualList1.add(i, secondStoreListBox1.get(i).getText()): null

2018-07-05 20:27:32 - [TEST_STEP][PASSED] - Statement - actualList1.add(i, secondStoreListBox1.get(i).getText()): null

2018-07-05 20:27:32 - [TEST_STEP][PASSED] - Statement - actualList1.add(i, secondStoreListBox1.get(i).getText()): null

2018-07-05 20:27:32 - [TEST_STEP][PASSED] - Statement - actualList1.add(i, secondStoreListBox1.get(i).getText()): null

2018-07-05 20:27:32 - [TEST_STEP][PASSED] - Statement - actualList1.add(i, secondStoreListBox1.get(i).getText()): null

2018-07-05 20:27:32 - [TEST_STEP][PASSED] - Statement - actualList1.add(i, secondStoreListBox1.get(i).getText()): null

2018-07-05 20:27:32 - [TEST_STEP][PASSED] - Statement - actualList1.add(i, secondStoreListBox1.get(i).getText()): null

2018-07-05 20:27:32 - [TEST_STEP][PASSED] - Statement - actualList1.add(i, secondStoreListBox1.get(i).getText()): null

2018-07-05 20:27:32 - [TEST_STEP][PASSED] - Statement - actualList1.add(i, secondStoreListBox1.get(i).getText()): null

2018-07-05 20:27:32 - [TEST_STEP][PASSED] - Statement - actualList1.add(i, secondStoreListBox1.get(i).getText()): null

2018-07-05 20:27:32 - [TEST_STEP][PASSED] - Statement - actualList1.add(i, secondStoreListBox1.get(i).getText()): null

2018-07-05 20:27:32 - [TEST_STEP][PASSED] - Statement - actualList1.add(i, secondStoreListBox1.get(i).getText()): null

2018-07-05 20:27:32 - [TEST_STEP][PASSED] - Statement - actualList1.add(i, secondStoreListBox1.get(i).getText()): null

2018-07-05 20:27:32 - [TEST_STEP][PASSED] - Statement - actualList1.add(i, secondStoreListBox1.get(i).getText()): null

2018-07-05 20:27:32 - [TEST_STEP][PASSED] - Statement - actualList1.add(i, secondStoreListBox1.get(i).getText()): null

2018-07-05 20:27:32 - [TEST_STEP][PASSED] - Statement - actualList1.add(i, secondStoreListBox1.get(i).getText()): null

2018-07-05 20:27:32 - [TEST_STEP][PASSED] - Statement - actualList1.add(i, secondStoreListBox1.get(i).getText()): null

2018-07-05 20:27:32 - [TEST_STEP][PASSED] - Statement - actualList1.add(i, secondStoreListBox1.get(i).getText()): null

2018-07-05 20:27:32 - [TEST_STEP][PASSED] - Statement - actualList1.add(i, secondStoreListBox1.get(i).getText()): null

2018-07-05 20:27:32 - [TEST_STEP][PASSED] - Statement - actualList1.add(i, secondStoreListBox1.get(i).getText()): null

2018-07-05 20:27:32 - [TEST_STEP][PASSED] - Statement - actualList1.add(i, secondStoreListBox1.get(i).getText()): null

2018-07-05 20:27:32 - [TEST_STEP][PASSED] - Statement - actualList1.add(i, secondStoreListBox1.get(i).getText()): null

2018-07-05 20:27:32 - [TEST_STEP][PASSED] - Statement - actualList1.add(i, secondStoreListBox1.get(i).getText()): null

2018-07-05 20:27:32 - [TEST_STEP][PASSED] - Statement - actualList1.add(i, secondStoreListBox1.get(i).getText()): null

2018-07-05 20:27:32 - [TEST_STEP][PASSED] - Statement - actualList1.add(i, secondStoreListBox1.get(i).getText()): null

2018-07-05 20:27:32 - [TEST_STEP][PASSED] - Statement - actualList1.add(i, secondStoreListBox1.get(i).getText()): null

2018-07-05 20:27:32 - [TEST_STEP][PASSED] - Statement - actualList1.add(i, secondStoreListBox1.get(i).getText()): null

2018-07-05 20:27:32 - [TEST_STEP][PASSED] - Statement - actualList1.add(i, secondStoreListBox1.get(i).getText()): null

2018-07-05 20:27:32 - [TEST_STEP][PASSED] - Statement - actualList1.add(i, secondStoreListBox1.get(i).getText()): null

2018-07-05 20:27:32 - [TEST_STEP][PASSED] - Statement - actualList1.add(i, secondStoreListBox1.get(i).getText()): null

2018-07-05 20:27:32 - [TEST_STEP][PASSED] - Statement - actualList1.add(i, secondStoreListBox1.get(i).getText()): null

2018-07-05 20:27:32 - [TEST_STEP][PASSED] - Statement - actualList1.add(i, secondStoreListBox1.get(i).getText()): null

2018-07-05 20:27:32 - [TEST_STEP][PASSED] - Statement - actualList1.add(i, secondStoreListBox1.get(i).getText()): null

2018-07-05 20:27:32 - [TEST_STEP][PASSED] - Statement - actualList1.add(i, secondStoreListBox1.get(i).getText()): null

2018-07-05 20:27:32 - [TEST_STEP][PASSED] - Statement - actualList1.add(i, secondStoreListBox1.get(i).getText()): null

2018-07-05 20:27:32 - [TEST_STEP][PASSED] - Statement - actualList1.add(i, secondStoreListBox1.get(i).getText()): null

2018-07-05 20:27:32 - [TEST_STEP][PASSED] - Statement - actualList1.add(i, secondStoreListBox1.get(i).getText()): null

2018-07-05 20:27:32 - [TEST_STEP][PASSED] - Statement - actualList1.add(i, secondStoreListBox1.get(i).getText()): null

2018-07-05 20:27:32 - [TEST_STEP][PASSED] - Statement - actualList1.add(i, secondStoreListBox1.get(i).getText()): null

2018-07-05 20:27:33 - [TEST_STEP][PASSED] - Statement - actualList1.add(i, secondStoreListBox1.get(i).getText()): null

2018-07-05 20:27:33 - [TEST_STEP][PASSED] - Statement - actualList1.add(i, secondStoreListBox1.get(i).getText()): null

2018-07-05 20:27:33 - [TEST_STEP][PASSED] - Statement - actualList1.add(i, secondStoreListBox1.get(i).getText()): null

2018-07-05 20:27:33 - [TEST_STEP][PASSED] - Statement - actualList1.add(i, secondStoreListBox1.get(i).getText()): null

2018-07-05 20:27:33 - [TEST_STEP][PASSED] - Statement - actualList1.add(i, secondStoreListBox1.get(i).getText()): null

2018-07-05 20:27:33 - [TEST_STEP][PASSED] - Statement - actualList1.add(i, secondStoreListBox1.get(i).getText()): null

2018-07-05 20:27:33 - [TEST_STEP][PASSED] - Statement - actualList1.add(i, secondStoreListBox1.get(i).getText()): null

2018-07-05 20:27:33 - [TEST_STEP][PASSED] - Statement - actualList1.add(i, secondStoreListBox1.get(i).getText()): null

2018-07-05 20:27:33 - [TEST_STEP][PASSED] - Statement - actualList1.add(i, secondStoreListBox1.get(i).getText()): null

2018-07-05 20:27:33 - [TEST_STEP][PASSED] - Statement - actualList1.add(i, secondStoreListBox1.get(i).getText()): null

2018-07-05 20:27:33 - [TEST_STEP][PASSED] - Statement - actualList1.add(i, secondStoreListBox1.get(i).getText()): null

2018-07-05 20:27:33 - [TEST_STEP][PASSED] - Statement - actualList1.add(i, secondStoreListBox1.get(i).getText()): null

2018-07-05 20:27:33 - [TEST_STEP][PASSED] - Statement - actualList1.add(i, secondStoreListBox1.get(i).getText()): null

2018-07-05 20:27:33 - [TEST_STEP][PASSED] - Statement - actualList1.add(i, secondStoreListBox1.get(i).getText()): null

2018-07-05 20:27:33 - [TEST_STEP][PASSED] - Statement - actualList1.add(i, secondStoreListBox1.get(i).getText()): null

2018-07-05 20:27:33 - [TEST_STEP][PASSED] - Statement - actualList1.add(i, secondStoreListBox1.get(i).getText()): null

2018-07-05 20:27:33 - [TEST_STEP][PASSED] - Statement - actualList1.add(i, secondStoreListBox1.get(i).getText()): null

2018-07-05 20:27:33 - [TEST_STEP][PASSED] - Statement - actualList1.add(i, secondStoreListBox1.get(i).getText()): null

2018-07-05 20:27:33 - [TEST_STEP][PASSED] - Statement - actualList1.add(i, secondStoreListBox1.get(i).getText()): null

2018-07-05 20:27:33 - [TEST_STEP][PASSED] - Statement - actualList1.add(i, secondStoreListBox1.get(i).getText()): null

2018-07-05 20:27:33 - [TEST_STEP][PASSED] - Statement - actualList1.add(i, secondStoreListBox1.get(i).getText()): null

2018-07-05 20:27:33 - [TEST_STEP][PASSED] - Statement - actualList1.add(i, secondStoreListBox1.get(i).getText()): null

2018-07-05 20:27:33 - [TEST_STEP][PASSED] - Statement - actualList1.add(i, secondStoreListBox1.get(i).getText()): null

2018-07-05 20:27:33 - [TEST_STEP][PASSED] - Statement - actualList1.add(i, secondStoreListBox1.get(i).getText()): null

2018-07-05 20:27:33 - [TEST_STEP][PASSED] - Statement - actualList1.add(i, secondStoreListBox1.get(i).getText()): null

2018-07-05 20:27:33 - [TEST_STEP][PASSED] - Statement - actualList1.add(i, secondStoreListBox1.get(i).getText()): null

2018-07-05 20:27:33 - [TEST_STEP][PASSED] - Statement - actualList1.add(i, secondStoreListBox1.get(i).getText()): null

2018-07-05 20:27:33 - [TEST_STEP][PASSED] - Statement - actualList1.add(i, secondStoreListBox1.get(i).getText()): null

2018-07-05 20:27:33 - [TEST_STEP][PASSED] - Statement - actualList1.add(i, secondStoreListBox1.get(i).getText()): null

2018-07-05 20:27:33 - [TEST_STEP][PASSED] - Statement - actualList1.add(i, secondStoreListBox1.get(i).getText()): null

2018-07-05 20:27:33 - [TEST_STEP][PASSED] - Statement - actualList1.add(i, secondStoreListBox1.get(i).getText()): null

2018-07-05 20:27:33 - [TEST_STEP][PASSED] - Statement - actualList1.add(i, secondStoreListBox1.get(i).getText()): null

2018-07-05 20:27:33 - [TEST_STEP][PASSED] - Statement - actualList1.add(i, secondStoreListBox1.get(i).getText()): null

2018-07-05 20:27:33 - [TEST_STEP][PASSED] - Statement - actualList1.add(i, secondStoreListBox1.get(i).getText()): null

2018-07-05 20:27:33 - [TEST_STEP][PASSED] - Statement - actualList1.add(i, secondStoreListBox1.get(i).getText()): null

2018-07-05 20:27:33 - [TEST_STEP][PASSED] - Statement - actualList1.add(i, secondStoreListBox1.get(i).getText()): null

2018-07-05 20:27:33 - [TEST_STEP][PASSED] - Statement - actualList1.add(i, secondStoreListBox1.get(i).getText()): null

2018-07-05 20:27:33 - [TEST_STEP][PASSED] - Statement - actualList1.add(i, secondStoreListBox1.get(i).getText()): null

2018-07-05 20:27:33 - [TEST_STEP][PASSED] - Statement - actualList1.add(i, secondStoreListBox1.get(i).getText()): null

2018-07-05 20:27:33 - [TEST_STEP][PASSED] - Statement - actualList1.add(i, secondStoreListBox1.get(i).getText()): null

2018-07-05 20:27:33 - [TEST_STEP][PASSED] - Statement - actualList1.add(i, secondStoreListBox1.get(i).getText()): null

2018-07-05 20:27:33 - [TEST_STEP][PASSED] - Statement - actualList1.add(i, secondStoreListBox1.get(i).getText()): null

2018-07-05 20:27:33 - [TEST_STEP][PASSED] - Statement - actualList1.add(i, secondStoreListBox1.get(i).getText()): null

2018-07-05 20:27:33 - [TEST_STEP][PASSED] - Statement - actualList1.add(i, secondStoreListBox1.get(i).getText()): null

2018-07-05 20:27:33 - [TEST_STEP][PASSED] - Statement - actualList1.add(i, secondStoreListBox1.get(i).getText()): null

2018-07-05 20:27:33 - [TEST_STEP][PASSED] - Statement - actualList1.add(i, secondStoreListBox1.get(i).getText()): null

2018-07-05 20:27:33 - [TEST_STEP][PASSED] - Statement - actualList1.add(i, secondStoreListBox1.get(i).getText()): null

2018-07-05 20:27:33 - [TEST_STEP][PASSED] - Statement - actualList1.add(i, secondStoreListBox1.get(i).getText()): null

2018-07-05 20:27:33 - [TEST_STEP][PASSED] - Statement - actualList1.add(i, secondStoreListBox1.get(i).getText()): null

2018-07-05 20:27:33 - [TEST_STEP][PASSED] - Statement - actualList1.add(i, secondStoreListBox1.get(i).getText()): null

2018-07-05 20:27:33 - [TEST_STEP][PASSED] - Statement - actualList1.add(i, secondStoreListBox1.get(i).getText()): null

2018-07-05 20:27:33 - [TEST_STEP][PASSED] - Statement - actualList1.add(i, secondStoreListBox1.get(i).getText()): null

2018-07-05 20:27:33 - [TEST_STEP][PASSED] - Statement - actualList1.add(i, secondStoreListBox1.get(i).getText()): null

2018-07-05 20:27:33 - [TEST_STEP][PASSED] - Statement - actualList1.add(i, secondStoreListBox1.get(i).getText()): null

2018-07-05 20:27:33 - [TEST_STEP][PASSED] - Statement - actualList1.add(i, secondStoreListBox1.get(i).getText()): null

2018-07-05 20:27:34 - [TEST_STEP][PASSED] - Statement - actualList1.add(i, secondStoreListBox1.get(i).getText()): null

2018-07-05 20:27:34 - [TEST_STEP][PASSED] - Statement - actualList1.add(i, secondStoreListBox1.get(i).getText()): null

2018-07-05 20:27:34 - [TEST_STEP][PASSED] - Statement - actualList1.add(i, secondStoreListBox1.get(i).getText()): null

2018-07-05 20:27:34 - [TEST_STEP][PASSED] - Statement - actualList1.add(i, secondStoreListBox1.get(i).getText()): null

2018-07-05 20:27:34 - [TEST_STEP][PASSED] - Statement - actualList1.add(i, secondStoreListBox1.get(i).getText()): null

2018-07-05 20:27:34 - [TEST_STEP][PASSED] - Statement - actualList1.add(i, secondStoreListBox1.get(i).getText()): null

2018-07-05 20:27:34 - [TEST_STEP][PASSED] - Statement - actualList1.add(i, secondStoreListBox1.get(i).getText()): null

2018-07-05 20:27:34 - [TEST_STEP][PASSED] - Statement - actualList1.add(i, secondStoreListBox1.get(i).getText()): null

2018-07-05 20:27:34 - [TEST_STEP][PASSED] - Statement - actualList1.add(i, secondStoreListBox1.get(i).getText()): null

2018-07-05 20:27:34 - [TEST_STEP][PASSED] - Statement - actualList1.add(i, secondStoreListBox1.get(i).getText()): null

2018-07-05 20:27:34 - [TEST_STEP][PASSED] - Statement - actualList1.add(i, secondStoreListBox1.get(i).getText()): null

2018-07-05 20:27:34 - [TEST_STEP][PASSED] - Statement - actualList1.add(i, secondStoreListBox1.get(i).getText()): null

2018-07-05 20:27:34 - [TEST_STEP][PASSED] - Statement - actualList1.add(i, secondStoreListBox1.get(i).getText()): null

2018-07-05 20:27:34 - [TEST_STEP][PASSED] - Statement - actualList1.add(i, secondStoreListBox1.get(i).getText()): null

2018-07-05 20:27:34 - [TEST_STEP][PASSED] - Statement - actualList1.add(i, secondStoreListBox1.get(i).getText()): null

2018-07-05 20:27:34 - [TEST_STEP][PASSED] - Statement - actualList1.add(i, secondStoreListBox1.get(i).getText()): null

2018-07-05 20:27:34 - [TEST_STEP][PASSED] - Statement - actualList1.add(i, secondStoreListBox1.get(i).getText()): null

2018-07-05 20:27:34 - [TEST_STEP][PASSED] - Statement - actualList1.add(i, secondStoreListBox1.get(i).getText()): null

2018-07-05 20:27:34 - [TEST_STEP][PASSED] - Statement - actualList1.add(i, secondStoreListBox1.get(i).getText()): null

2018-07-05 20:27:34 - [TEST_STEP][PASSED] - Statement - actualList1.add(i, secondStoreListBox1.get(i).getText()): null

2018-07-05 20:27:34 - [TEST_STEP][PASSED] - Statement - actualList1.add(i, secondStoreListBox1.get(i).getText()): null

2018-07-05 20:27:34 - [TEST_STEP][PASSED] - Statement - actualList1.add(i, secondStoreListBox1.get(i).getText()): null

2018-07-05 20:27:34 - [TEST_STEP][PASSED] - Statement - actualList1.add(i, secondStoreListBox1.get(i).getText()): null

2018-07-05 20:27:34 - [TEST_STEP][PASSED] - Statement - actualList1.add(i, secondStoreListBox1.get(i).getText()): null

2018-07-05 20:27:34 - [TEST_STEP][PASSED] - Statement - actualList1.add(i, secondStoreListBox1.get(i).getText()): null

2018-07-05 20:27:34 - [TEST_STEP][PASSED] - Statement - actualList1.add(i, secondStoreListBox1.get(i).getText()): null

2018-07-05 20:27:34 - [TEST_STEP][PASSED] - Statement - actualList1.add(i, secondStoreListBox1.get(i).getText()): null

2018-07-05 20:27:34 - [TEST_STEP][PASSED] - Statement - actualList1.add(i, secondStoreListBox1.get(i).getText()): null

2018-07-05 20:27:34 - [TEST_STEP][PASSED] - Statement - actualList1.add(i, secondStoreListBox1.get(i).getText()): null

2018-07-05 20:27:34 - [TEST_STEP][PASSED] - Statement - actualList1.add(i, secondStoreListBox1.get(i).getText()): null

2018-07-05 20:27:34 - [TEST_STEP][PASSED] - Statement - actualList1.add(i, secondStoreListBox1.get(i).getText()): null

2018-07-05 20:27:34 - [TEST_STEP][PASSED] - Statement - actualList1.add(i, secondStoreListBox1.get(i).getText()): null

2018-07-05 20:27:34 - [TEST_STEP][PASSED] - Statement - actualList1.add(i, secondStoreListBox1.get(i).getText()): null

2018-07-05 20:27:34 - [TEST_STEP][PASSED] - Statement - actualList1.add(i, secondStoreListBox1.get(i).getText()): null

2018-07-05 20:27:34 - [TEST_STEP][PASSED] - Statement - actualList1.add(i, secondStoreListBox1.get(i).getText()): null

2018-07-05 20:27:34 - [TEST_STEP][PASSED] - Statement - actualList1.add(i, secondStoreListBox1.get(i).getText()): null

2018-07-05 20:27:34 - [TEST_STEP][PASSED] - Statement - actualList1.add(i, secondStoreListBox1.get(i).getText()): null

2018-07-05 20:27:34 - [TEST_STEP][PASSED] - Statement - actualList1.add(i, secondStoreListBox1.get(i).getText()): null

2018-07-05 20:27:34 - [TEST_STEP][PASSED] - Statement - actualList1.add(i, secondStoreListBox1.get(i).getText()): null

2018-07-05 20:27:34 - [TEST_STEP][PASSED] - Statement - actualList1.add(i, secondStoreListBox1.get(i).getText()): null

2018-07-05 20:27:34 - [TEST_STEP][PASSED] - Statement - actualList1.add(i, secondStoreListBox1.get(i).getText()): null

2018-07-05 20:27:34 - [TEST_STEP][PASSED] - Statement - actualList1.add(i, secondStoreListBox1.get(i).getText()): null

2018-07-05 20:27:34 - [TEST_STEP][PASSED] - Statement - actualList1.add(i, secondStoreListBox1.get(i).getText()): null

2018-07-05 20:27:34 - [TEST_STEP][PASSED] - Statement - actualList1.add(i, secondStoreListBox1.get(i).getText()): null

2018-07-05 20:27:34 - [TEST_STEP][PASSED] - Statement - actualList1.add(i, secondStoreListBox1.get(i).getText()): null

2018-07-05 20:27:34 - [TEST_STEP][PASSED] - Statement - actualList1.add(i, secondStoreListBox1.get(i).getText()): null

2018-07-05 20:27:34 - [TEST_STEP][PASSED] - Statement - actualList1.add(i, secondStoreListBox1.get(i).getText()): null

2018-07-05 20:27:34 - [TEST_STEP][PASSED] - Statement - actualList1.add(i, secondStoreListBox1.get(i).getText()): null

2018-07-05 20:27:34 - [TEST_STEP][PASSED] - Statement - actualList1.add(i, secondStoreListBox1.get(i).getText()): null

2018-07-05 20:27:34 - [TEST_STEP][PASSED] - Statement - actualList1.add(i, secondStoreListBox1.get(i).getText()): null

2018-07-05 20:27:34 - [TEST_STEP][PASSED] - Statement - actualList1.add(i, secondStoreListBox1.get(i).getText()): null

2018-07-05 20:27:34 - [TEST_STEP][PASSED] - Statement - actualList1.add(i, secondStoreListBox1.get(i).getText()): null

2018-07-05 20:27:34 - [TEST_STEP][PASSED] - Statement - actualList1.add(i, secondStoreListBox1.get(i).getText()): null

2018-07-05 20:27:34 - [TEST_STEP][PASSED] - Statement - actualList1.add(i, secondStoreListBox1.get(i).getText()): null

2018-07-05 20:27:34 - [TEST_STEP][PASSED] - Statement - actualList1.add(i, secondStoreListBox1.get(i).getText()): null

2018-07-05 20:27:34 - [TEST_STEP][PASSED] - Statement - actualList1.add(i, secondStoreListBox1.get(i).getText()): null

2018-07-05 20:27:35 - [TEST_STEP][PASSED] - Statement - actualList1.add(i, secondStoreListBox1.get(i).getText()): null

2018-07-05 20:27:35 - [TEST_STEP][PASSED] - Statement - actualList1.add(i, secondStoreListBox1.get(i).getText()): null

2018-07-05 20:27:35 - [TEST_STEP][PASSED] - Statement - actualList1.add(i, secondStoreListBox1.get(i).getText()): null

2018-07-05 20:27:35 - [TEST_STEP][PASSED] - Statement - actualList1.add(i, secondStoreListBox1.get(i).getText()): null

2018-07-05 20:27:35 - [TEST_STEP][PASSED] - Statement - actualList1.add(i, secondStoreListBox1.get(i).getText()): null

2018-07-05 20:27:35 - [TEST_STEP][PASSED] - Statement - actualList1.add(i, secondStoreListBox1.get(i).getText()): null

2018-07-05 20:27:35 - [TEST_STEP][PASSED] - Statement - actualList1.add(i, secondStoreListBox1.get(i).getText()): null

2018-07-05 20:27:35 - [TEST_STEP][PASSED] - Statement - actualList1.add(i, secondStoreListBox1.get(i).getText()): null

2018-07-05 20:27:35 - [TEST_STEP][PASSED] - Statement - actualList1.add(i, secondStoreListBox1.get(i).getText()): null

2018-07-05 20:27:35 - [TEST_STEP][PASSED] - Statement - actualList1.add(i, secondStoreListBox1.get(i).getText()): null

2018-07-05 20:27:35 - [TEST_STEP][PASSED] - Statement - actualList1.add(i, secondStoreListBox1.get(i).getText()): null

2018-07-05 20:27:35 - [TEST_STEP][PASSED] - Statement - actualList1.add(i, secondStoreListBox1.get(i).getText()): null

2018-07-05 20:27:35 - [TEST_STEP][PASSED] - Statement - actualList1.add(i, secondStoreListBox1.get(i).getText()): null

2018-07-05 20:27:35 - [TEST_STEP][PASSED] - Statement - actualList1.add(i, secondStoreListBox1.get(i).getText()): null

2018-07-05 20:27:35 - [TEST_STEP][PASSED] - Statement - actualList1.add(i, secondStoreListBox1.get(i).getText()): null

2018-07-05 20:27:35 - [TEST_STEP][PASSED] - Statement - actualList1.add(i, secondStoreListBox1.get(i).getText()): null

2018-07-05 20:27:35 - [TEST_STEP][PASSED] - Statement - actualList1.add(i, secondStoreListBox1.get(i).getText()): null

2018-07-05 20:27:35 - [TEST_STEP][PASSED] - Statement - actualList1.add(i, secondStoreListBox1.get(i).getText()): null

2018-07-05 20:27:35 - [TEST_STEP][PASSED] - Statement - actualList1.add(i, secondStoreListBox1.get(i).getText()): null

2018-07-05 20:27:35 - [TEST_STEP][PASSED] - Statement - actualList1.add(i, secondStoreListBox1.get(i).getText()): null

2018-07-05 20:27:35 - [TEST_STEP][PASSED] - Statement - actualList1.add(i, secondStoreListBox1.get(i).getText()): null

2018-07-05 20:27:35 - [TEST_STEP][PASSED] - Statement - actualList1.add(i, secondStoreListBox1.get(i).getText()): null

2018-07-05 20:27:35 - [TEST_STEP][PASSED] - Statement - actualList1.add(i, secondStoreListBox1.get(i).getText()): null

2018-07-05 20:27:35 - [TEST_STEP][PASSED] - Statement - actualList1.add(i, secondStoreListBox1.get(i).getText()): null

2018-07-05 20:27:35 - [TEST_STEP][PASSED] - Statement - actualList1.add(i, secondStoreListBox1.get(i).getText()): null

2018-07-05 20:27:35 - [TEST_STEP][PASSED] - Statement - actualList1.add(i, secondStoreListBox1.get(i).getText()): null

2018-07-05 20:27:35 - [TEST_STEP][PASSED] - Statement - actualList1.add(i, secondStoreListBox1.get(i).getText()): null

2018-07-05 20:27:35 - [TEST_STEP][PASSED] - Statement - actualList1.add(i, secondStoreListBox1.get(i).getText()): null

2018-07-05 20:27:35 - [TEST_STEP][PASSED] - Statement - actualList1.add(i, secondStoreListBox1.get(i).getText()): null

2018-07-05 20:27:35 - [TEST_STEP][PASSED] - Statement - actualList1.add(i, secondStoreListBox1.get(i).getText()): null

2018-07-05 20:27:35 - [TEST_STEP][PASSED] - Statement - actualList1.add(i, secondStoreListBox1.get(i).getText()): null

2018-07-05 20:27:35 - [TEST_STEP][PASSED] - Statement - actualList1.add(i, secondStoreListBox1.get(i).getText()): null

2018-07-05 20:27:35 - [TEST_STEP][PASSED] - Statement - actualList1.add(i, secondStoreListBox1.get(i).getText()): null

2018-07-05 20:27:35 - [TEST_STEP][PASSED] - Statement - actualList1.add(i, secondStoreListBox1.get(i).getText()): null

2018-07-05 20:27:35 - [TEST_STEP][PASSED] - Statement - out.println(actualList1): null

2018-07-05 20:27:35 - [TEST_STEP][PASSED] - delay: Delayed 10 second(s)

2018-07-05 20:27:45 - [MESSAGE][PASSED] - Delayed 10 second(s)

2018-07-05 20:27:45 - [TEST_STEP][PASSED] - Statement - If (actualList1.containsAll(groupStoresList)): null

2018-07-05 20:27:45 - [TEST_STEP][PASSED] - Statement - println("Selected stores are displayed in Group/Stores in Group listbox"): null

2018-07-05 20:27:45 - [TEST_STEP][PASSED] - uiaction.CommonUIActions.click: uiaction.CommonUIActions.click is PASSED

2018-07-05 20:27:45 - [MESSAGE][PASSED] - uiaction.CommonUIActions.click is PASSED

2018-07-05 20:27:45 - [TEST_STEP][PASSED] - delay: Delayed 10 second(s)

2018-07-05 20:27:55 - [MESSAGE][PASSED] - Delayed 10 second(s)

2018-07-05 20:27:55 - [TEST_STEP][PASSED] - verifyElementPresent: Object 'Object Repository/ReportingGroupManagement/groupCreatedMsg' is present

2018-07-05 20:27:55 - [MESSAGE][PASSED] - Object 'Object Repository/ReportingGroupManagement/groupCreatedMsg' is present

2018-07-05 20:27:55 - [TEST_STEP][PASSED] - delay: Delayed 10 second(s)

2018-07-05 20:28:05 - [MESSAGE][PASSED] - Delayed 10 second(s)

2018-07-05 20:28:05 - [TEST_STEP][PASSED] - uiaction.CommonUIActions.back: uiaction.CommonUIActions.back is PASSED

2018-07-05 20:28:05 - [MESSAGE][PASSED] - Navigate back successfully

2018-07-05 20:28:05 - [MESSAGE][PASSED] - uiaction.CommonUIActions.back is PASSED

2018-07-05 20:28:05 - [TEST_STEP][PASSED] - delay: Delayed 5 second(s)

2018-07-05 20:28:10 - [MESSAGE][PASSED] - Delayed 5 second(s)

2018-07-05 20:28:10 - [TEST_STEP][PASSED] - uiaction.CommonUIActions.back: uiaction.CommonUIActions.back is PASSED

2018-07-05 20:28:10 - [MESSAGE][PASSED] - Navigate back successfully

2018-07-05 20:28:10 - [MESSAGE][PASSED] - uiaction.CommonUIActions.back is PASSED

2018-07-05 20:28:10 - [TEST_STEP][PASSED] - delay: Delayed 5 second(s)

2018-07-05 20:28:15 - [MESSAGE][PASSED] - Delayed 5 second(s)

2018-07-05 20:28:15 - [TEST_STEP][PASSED] - Statement - groupHierarchyList = driver.findElements(org.openqa.selenium.By.xpath(com.kms.katalon.core.testdata.TestDataFactory.findTestData(OR_file).getValue(2, 13))): Reading excel file with source file 'C:\Users\shalinin\Katalon Studio\HME_DEVScripts\Data Files\HME_OR.xlsx' and sheet name 'Sheet1'

2018-07-05 20:28:15 - [TEST_STEP][PASSED] - Statement - actualgroupList = new java.util.ArrayList(): null

2018-07-05 20:28:15 - [TEST_STEP][PASSED] - Statement - For ([i = 0, i < groupHierarchyList.size(), (i++)]): null

2018-07-05 20:28:15 - [TEST_STEP][PASSED] - Statement - actualgroupList.add(i, groupHierarchyList.get(i).getText()): null

2018-07-05 20:28:16 - [TEST_STEP][PASSED] - Statement - out.println(actualgroupList): null

2018-07-05 20:28:16 - [TEST_STEP][PASSED] - delay: Delayed 5 second(s)

2018-07-05 20:28:21 - [MESSAGE][PASSED] - Delayed 5 second(s)

2018-07-05 20:28:21 - [TEST_STEP][PASSED] - Statement - groupName = CustomKeywords.projectSpecific.Reusability.getTestData("ReportingGroupManagementPage", "GroupName"): projectSpecific.Reusability.getTestData is PASSED

2018-07-05 20:28:21 - [MESSAGE][PASSED] - projectSpecific.Reusability.getTestData is PASSED

2018-07-05 20:28:21 - [TEST_STEP][PASSED] - Statement - If (actualgroupList.contains(groupName)): null

2018-07-05 20:28:21 - [TEST_STEP][PASSED] - Statement - println("Automation Group is available in group hierarchy"): null

2018-07-05 20:28:21 - [TEST_STEP][PASSED] - uiaction.CommonUIActions.click: uiaction.CommonUIActions.click is PASSED

2018-07-05 20:28:21 - [MESSAGE][PASSED] - uiaction.CommonUIActions.click is PASSED

2018-07-05 20:28:21 - [TEST_STEP][PASSED] - Statement - subGroupList = new java.util.ArrayList(): null

2018-07-05 20:28:21 - [TEST_STEP][PASSED] - Statement - For ([i = 1, i <= size, (i++)]): null

2018-07-05 20:28:21 - [TEST_STEP][PASSED] - Statement - groupXpath = "(//span[@title='" + groupName + "']/following-sibling::ul/li/span[3]/span[2])[" + i + "]": null

2018-07-05 20:28:21 - [TEST_STEP][PASSED] - Statement - println(groupXpath): null

2018-07-05 20:28:21 - [TEST_STEP][PASSED] - Statement - childgroup = driver.findElement(org.openqa.selenium.By.xpath(groupXpath)).getText(): null

2018-07-05 20:28:21 - [TEST_STEP][PASSED] - Statement - println(childgroup): null

2018-07-05 20:28:21 - [TEST_STEP][PASSED] - Statement - subGroupList[i - 1] = childgroup: null

2018-07-05 20:28:21 - [TEST_STEP][PASSED] - Statement - groupXpath = "(//span[@title='" + groupName + "']/following-sibling::ul/li/span[3]/span[2])[" + i + "]": null

2018-07-05 20:28:21 - [TEST_STEP][PASSED] - Statement - println(groupXpath): null

2018-07-05 20:28:21 - [TEST_STEP][PASSED] - Statement - childgroup = driver.findElement(org.openqa.selenium.By.xpath(groupXpath)).getText(): null

2018-07-05 20:28:21 - [TEST_STEP][PASSED] - Statement - println(childgroup): null

2018-07-05 20:28:21 - [TEST_STEP][PASSED] - Statement - subGroupList[i - 1] = childgroup: null

2018-07-05 20:28:21 - [TEST_STEP][PASSED] - Statement - groupXpath = "(//span[@title='" + groupName + "']/following-sibling::ul/li/span[3]/span[2])[" + i + "]": null

2018-07-05 20:28:21 - [TEST_STEP][PASSED] - Statement - println(groupXpath): null

2018-07-05 20:28:21 - [TEST_STEP][PASSED] - Statement - childgroup = driver.findElement(org.openqa.selenium.By.xpath(groupXpath)).getText(): null

2018-07-05 20:28:21 - [TEST_STEP][PASSED] - Statement - println(childgroup): null

2018-07-05 20:28:21 - [TEST_STEP][PASSED] - Statement - subGroupList[i - 1] = childgroup: null

2018-07-05 20:28:21 - [TEST_STEP][PASSED] - Statement - groupXpath = "(//span[@title='" + groupName + "']/following-sibling::ul/li/span[3]/span[2])[" + i + "]": null

2018-07-05 20:28:21 - [TEST_STEP][PASSED] - Statement - println(groupXpath): null

2018-07-05 20:28:21 - [TEST_STEP][PASSED] - Statement - childgroup = driver.findElement(org.openqa.selenium.By.xpath(groupXpath)).getText(): null

2018-07-05 20:28:21 - [TEST_STEP][PASSED] - Statement - println(childgroup): null

2018-07-05 20:28:21 - [TEST_STEP][PASSED] - Statement - subGroupList[i - 1] = childgroup: null

2018-07-05 20:28:21 - [TEST_STEP][PASSED] - Statement - groupXpath = "(//span[@title='" + groupName + "']/following-sibling::ul/li/span[3]/span[2])[" + i + "]": null

2018-07-05 20:28:21 - [TEST_STEP][PASSED] - Statement - println(groupXpath): null

2018-07-05 20:28:21 - [TEST_STEP][PASSED] - Statement - childgroup = driver.findElement(org.openqa.selenium.By.xpath(groupXpath)).getText(): null

2018-07-05 20:28:21 - [TEST_STEP][PASSED] - Statement - println(childgroup): null

2018-07-05 20:28:21 - [TEST_STEP][PASSED] - Statement - subGroupList[i - 1] = childgroup: null

2018-07-05 20:28:21 - [TEST_STEP][PASSED] - Statement - groupXpath = "(//span[@title='" + groupName + "']/following-sibling::ul/li/span[3]/span[2])[" + i + "]": null

2018-07-05 20:28:21 - [TEST_STEP][PASSED] - Statement - println(groupXpath): null

2018-07-05 20:28:21 - [TEST_STEP][PASSED] - Statement - childgroup = driver.findElement(org.openqa.selenium.By.xpath(groupXpath)).getText(): null

2018-07-05 20:28:21 - [TEST_STEP][PASSED] - Statement - println(childgroup): null

2018-07-05 20:28:21 - [TEST_STEP][PASSED] - Statement - subGroupList[i - 1] = childgroup: null

2018-07-05 20:28:21 - [TEST_STEP][PASSED] - Statement - groupXpath = "(//span[@title='" + groupName + "']/following-sibling::ul/li/span[3]/span[2])[" + i + "]": null

2018-07-05 20:28:21 - [TEST_STEP][PASSED] - Statement - println(groupXpath): null

2018-07-05 20:28:21 - [TEST_STEP][PASSED] - Statement - childgroup = driver.findElement(org.openqa.selenium.By.xpath(groupXpath)).getText(): null

2018-07-05 20:28:21 - [TEST_STEP][PASSED] - Statement - println(childgroup): null

2018-07-05 20:28:21 - [TEST_STEP][PASSED] - Statement - subGroupList[i - 1] = childgroup: null

2018-07-05 20:28:21 - [TEST_STEP][PASSED] - Statement - groupXpath = "(//span[@title='" + groupName + "']/following-sibling::ul/li/span[3]/span[2])[" + i + "]": null

2018-07-05 20:28:21 - [TEST_STEP][PASSED] - Statement - println(groupXpath): null

2018-07-05 20:28:21 - [TEST_STEP][PASSED] - Statement - childgroup = driver.findElement(org.openqa.selenium.By.xpath(groupXpath)).getText(): null

2018-07-05 20:28:21 - [TEST_STEP][PASSED] - Statement - println(childgroup): null

2018-07-05 20:28:21 - [TEST_STEP][PASSED] - Statement - subGroupList[i - 1] = childgroup: null

2018-07-05 20:28:21 - [TEST_STEP][PASSED] - Statement - groupXpath = "(//span[@title='" + groupName + "']/following-sibling::ul/li/span[3]/span[2])[" + i + "]": null

2018-07-05 20:28:21 - [TEST_STEP][PASSED] - Statement - println(groupXpath): null

2018-07-05 20:28:21 - [TEST_STEP][PASSED] - Statement - childgroup = driver.findElement(org.openqa.selenium.By.xpath(groupXpath)).getText(): null

2018-07-05 20:28:21 - [TEST_STEP][PASSED] - Statement - println(childgroup): null

2018-07-05 20:28:21 - [TEST_STEP][PASSED] - Statement - subGroupList[i - 1] = childgroup: null

2018-07-05 20:28:21 - [TEST_STEP][PASSED] - Statement - groupXpath = "(//span[@title='" + groupName + "']/following-sibling::ul/li/span[3]/span[2])[" + i + "]": null

2018-07-05 20:28:21 - [TEST_STEP][PASSED] - Statement - println(groupXpath): null

2018-07-05 20:28:21 - [TEST_STEP][PASSED] - Statement - childgroup = driver.findElement(org.openqa.selenium.By.xpath(groupXpath)).getText(): null

2018-07-05 20:28:21 - [TEST_STEP][PASSED] - Statement - println(childgroup): null

2018-07-05 20:28:21 - [TEST_STEP][PASSED] - Statement - subGroupList[i - 1] = childgroup: null

2018-07-05 20:28:21 - [TEST_STEP][PASSED] - Statement - groupXpath = "(//span[@title='" + groupName + "']/following-sibling::ul/li/span[3]/span[2])[" + i + "]": null

2018-07-05 20:28:21 - [TEST_STEP][PASSED] - Statement - println(groupXpath): null

2018-07-05 20:28:21 - [TEST_STEP][PASSED] - Statement - childgroup = driver.findElement(org.openqa.selenium.By.xpath(groupXpath)).getText(): null

2018-07-05 20:28:21 - [TEST_STEP][PASSED] - Statement - println(childgroup): null

2018-07-05 20:28:21 - [TEST_STEP][PASSED] - Statement - subGroupList[i - 1] = childgroup: null

2018-07-05 20:28:21 - [TEST_STEP][PASSED] - Statement - groupXpath = "(//span[@title='" + groupName + "']/following-sibling::ul/li/span[3]/span[2])[" + i + "]": null

2018-07-05 20:28:21 - [TEST_STEP][PASSED] - Statement - println(groupXpath): null

2018-07-05 20:28:21 - [TEST_STEP][PASSED] - Statement - childgroup = driver.findElement(org.openqa.selenium.By.xpath(groupXpath)).getText(): null

2018-07-05 20:28:21 - [TEST_STEP][PASSED] - Statement - println(childgroup): null

2018-07-05 20:28:21 - [TEST_STEP][PASSED] - Statement - subGroupList[i - 1] = childgroup: null

2018-07-05 20:28:21 - [TEST_STEP][PASSED] - Statement - groupXpath = "(//span[@title='" + groupName + "']/following-sibling::ul/li/span[3]/span[2])[" + i + "]": null

2018-07-05 20:28:21 - [TEST_STEP][PASSED] - Statement - println(groupXpath): null

2018-07-05 20:28:21 - [TEST_STEP][PASSED] - Statement - childgroup = driver.findElement(org.openqa.selenium.By.xpath(groupXpath)).getText(): null

2018-07-05 20:28:21 - [TEST_STEP][PASSED] - Statement - println(childgroup): null

2018-07-05 20:28:21 - [TEST_STEP][PASSED] - Statement - subGroupList[i - 1] = childgroup: null

2018-07-05 20:28:21 - [TEST_STEP][PASSED] - Statement - groupXpath = "(//span[@title='" + groupName + "']/following-sibling::ul/li/span[3]/span[2])[" + i + "]": null

2018-07-05 20:28:21 - [TEST_STEP][PASSED] - Statement - println(groupXpath): null

2018-07-05 20:28:21 - [TEST_STEP][PASSED] - Statement - childgroup = driver.findElement(org.openqa.selenium.By.xpath(groupXpath)).getText(): null

2018-07-05 20:28:21 - [TEST_STEP][PASSED] - Statement - println(childgroup): null

2018-07-05 20:28:21 - [TEST_STEP][PASSED] - Statement - subGroupList[i - 1] = childgroup: null

2018-07-05 20:28:21 - [TEST_STEP][PASSED] - Statement - groupXpath = "(//span[@title='" + groupName + "']/following-sibling::ul/li/span[3]/span[2])[" + i + "]": null

2018-07-05 20:28:21 - [TEST_STEP][PASSED] - Statement - println(groupXpath): null

2018-07-05 20:28:21 - [TEST_STEP][PASSED] - Statement - childgroup = driver.findElement(org.openqa.selenium.By.xpath(groupXpath)).getText(): null

2018-07-05 20:28:21 - [TEST_STEP][PASSED] - Statement - println(childgroup): null

2018-07-05 20:28:21 - [TEST_STEP][PASSED] - Statement - subGroupList[i - 1] = childgroup: null

2018-07-05 20:28:21 - [TEST_STEP][PASSED] - Statement - groupXpath = "(//span[@title='" + groupName + "']/following-sibling::ul/li/span[3]/span[2])[" + i + "]": null

2018-07-05 20:28:21 - [TEST_STEP][PASSED] - Statement - println(groupXpath): null

2018-07-05 20:28:21 - [TEST_STEP][PASSED] - Statement - childgroup = driver.findElement(org.openqa.selenium.By.xpath(groupXpath)).getText(): null

2018-07-05 20:28:21 - [TEST_STEP][PASSED] - Statement - println(childgroup): null

2018-07-05 20:28:21 - [TEST_STEP][PASSED] - Statement - subGroupList[i - 1] = childgroup: null

2018-07-05 20:28:21 - [TEST_STEP][PASSED] - Statement - groupXpath = "(//span[@title='" + groupName + "']/following-sibling::ul/li/span[3]/span[2])[" + i + "]": null

2018-07-05 20:28:21 - [TEST_STEP][PASSED] - Statement - println(groupXpath): null

2018-07-05 20:28:21 - [TEST_STEP][PASSED] - Statement - childgroup = driver.findElement(org.openqa.selenium.By.xpath(groupXpath)).getText(): null

2018-07-05 20:28:21 - [TEST_STEP][PASSED] - Statement - println(childgroup): null

2018-07-05 20:28:21 - [TEST_STEP][PASSED] - Statement - subGroupList[i - 1] = childgroup: null

2018-07-05 20:28:21 - [TEST_STEP][PASSED] - Statement - groupXpath = "(//span[@title='" + groupName + "']/following-sibling::ul/li/span[3]/span[2])[" + i + "]": null

2018-07-05 20:28:21 - [TEST_STEP][PASSED] - Statement - println(groupXpath): null

2018-07-05 20:28:21 - [TEST_STEP][PASSED] - Statement - childgroup = driver.findElement(org.openqa.selenium.By.xpath(groupXpath)).getText(): null

2018-07-05 20:28:21 - [TEST_STEP][PASSED] - Statement - println(childgroup): null

2018-07-05 20:28:21 - [TEST_STEP][PASSED] - Statement - subGroupList[i - 1] = childgroup: null

2018-07-05 20:28:21 - [TEST_STEP][PASSED] - Statement - groupXpath = "(//span[@title='" + groupName + "']/following-sibling::ul/li/span[3]/span[2])[" + i + "]": null

2018-07-05 20:28:21 - [TEST_STEP][PASSED] - Statement - println(groupXpath): null

2018-07-05 20:28:21 - [TEST_STEP][PASSED] - Statement - childgroup = driver.findElement(org.openqa.selenium.By.xpath(groupXpath)).getText(): null

2018-07-05 20:28:21 - [TEST_STEP][PASSED] - Statement - println(childgroup): null

2018-07-05 20:28:21 - [TEST_STEP][PASSED] - Statement - subGroupList[i - 1] = childgroup: null

2018-07-05 20:28:21 - [TEST_STEP][PASSED] - Statement - groupXpath = "(//span[@title='" + groupName + "']/following-sibling::ul/li/span[3]/span[2])[" + i + "]": null

2018-07-05 20:28:21 - [TEST_STEP][PASSED] - Statement - println(groupXpath): null

2018-07-05 20:28:21 - [TEST_STEP][PASSED] - Statement - childgroup = driver.findElement(org.openqa.selenium.By.xpath(groupXpath)).getText(): null

2018-07-05 20:28:21 - [TEST_STEP][PASSED] - Statement - println(childgroup): null

2018-07-05 20:28:21 - [TEST_STEP][PASSED] - Statement - subGroupList[i - 1] = childgroup: null

2018-07-05 20:28:21 - [TEST_STEP][PASSED] - Statement - groupXpath = "(//span[@title='" + groupName + "']/following-sibling::ul/li/span[3]/span[2])[" + i + "]": null

2018-07-05 20:28:21 - [TEST_STEP][PASSED] - Statement - println(groupXpath): null

2018-07-05 20:28:21 - [TEST_STEP][PASSED] - Statement - childgroup = driver.findElement(org.openqa.selenium.By.xpath(groupXpath)).getText(): null

2018-07-05 20:28:21 - [TEST_STEP][PASSED] - Statement - println(childgroup): null

2018-07-05 20:28:21 - [TEST_STEP][PASSED] - Statement - subGroupList[i - 1] = childgroup: null

2018-07-05 20:28:21 - [TEST_STEP][PASSED] - Statement - groupXpath = "(//span[@title='" + groupName + "']/following-sibling::ul/li/span[3]/span[2])[" + i + "]": null

2018-07-05 20:28:21 - [TEST_STEP][PASSED] - Statement - println(groupXpath): null

2018-07-05 20:28:21 - [TEST_STEP][PASSED] - Statement - childgroup = driver.findElement(org.openqa.selenium.By.xpath(groupXpath)).getText(): null

2018-07-05 20:28:21 - [TEST_STEP][PASSED] - Statement - println(childgroup): null

2018-07-05 20:28:21 - [TEST_STEP][PASSED] - Statement - subGroupList[i - 1] = childgroup: null

2018-07-05 20:28:21 - [TEST_STEP][PASSED] - Statement - groupXpath = "(//span[@title='" + groupName + "']/following-sibling::ul/li/span[3]/span[2])[" + i + "]": null

2018-07-05 20:28:21 - [TEST_STEP][PASSED] - Statement - println(groupXpath): null

2018-07-05 20:28:21 - [TEST_STEP][PASSED] - Statement - childgroup = driver.findElement(org.openqa.selenium.By.xpath(groupXpath)).getText(): null

2018-07-05 20:28:21 - [TEST_STEP][PASSED] - Statement - println(childgroup): null

2018-07-05 20:28:21 - [TEST_STEP][PASSED] - Statement - subGroupList[i - 1] = childgroup: null

2018-07-05 20:28:21 - [TEST_STEP][PASSED] - Statement - groupXpath = "(//span[@title='" + groupName + "']/following-sibling::ul/li/span[3]/span[2])[" + i + "]": null

2018-07-05 20:28:21 - [TEST_STEP][PASSED] - Statement - println(groupXpath): null

2018-07-05 20:28:21 - [TEST_STEP][PASSED] - Statement - childgroup = driver.findElement(org.openqa.selenium.By.xpath(groupXpath)).getText(): null

2018-07-05 20:28:21 - [TEST_STEP][PASSED] - Statement - println(childgroup): null

2018-07-05 20:28:21 - [TEST_STEP][PASSED] - Statement - subGroupList[i - 1] = childgroup: null

2018-07-05 20:28:21 - [TEST_STEP][PASSED] - Statement - groupXpath = "(//span[@title='" + groupName + "']/following-sibling::ul/li/span[3]/span[2])[" + i + "]": null

2018-07-05 20:28:22 - [TEST_STEP][PASSED] - Statement - println(groupXpath): null

2018-07-05 20:28:22 - [TEST_STEP][PASSED] - Statement - childgroup = driver.findElement(org.openqa.selenium.By.xpath(groupXpath)).getText(): null

2018-07-05 20:28:22 - [TEST_STEP][PASSED] - Statement - println(childgroup): null

2018-07-05 20:28:22 - [TEST_STEP][PASSED] - Statement - subGroupList[i - 1] = childgroup: null

2018-07-05 20:28:22 - [TEST_STEP][PASSED] - Statement - groupXpath = "(//span[@title='" + groupName + "']/following-sibling::ul/li/span[3]/span[2])[" + i + "]": null

2018-07-05 20:28:22 - [TEST_STEP][PASSED] - Statement - println(groupXpath): null

2018-07-05 20:28:22 - [TEST_STEP][PASSED] - Statement - childgroup = driver.findElement(org.openqa.selenium.By.xpath(groupXpath)).getText(): null

2018-07-05 20:28:22 - [TEST_STEP][PASSED] - Statement - println(childgroup): null

2018-07-05 20:28:22 - [TEST_STEP][PASSED] - Statement - subGroupList[i - 1] = childgroup: null

2018-07-05 20:28:22 - [TEST_STEP][PASSED] - Statement - groupXpath = "(//span[@title='" + groupName + "']/following-sibling::ul/li/span[3]/span[2])[" + i + "]": null

2018-07-05 20:28:22 - [TEST_STEP][PASSED] - Statement - println(groupXpath): null

2018-07-05 20:28:22 - [TEST_STEP][PASSED] - Statement - childgroup = driver.findElement(org.openqa.selenium.By.xpath(groupXpath)).getText(): null

2018-07-05 20:28:22 - [TEST_STEP][PASSED] - Statement - println(childgroup): null

2018-07-05 20:28:22 - [TEST_STEP][PASSED] - Statement - subGroupList[i - 1] = childgroup: null

2018-07-05 20:28:22 - [TEST_STEP][PASSED] - Statement - groupXpath = "(//span[@title='" + groupName + "']/following-sibling::ul/li/span[3]/span[2])[" + i + "]": null

2018-07-05 20:28:22 - [TEST_STEP][PASSED] - Statement - println(groupXpath): null

2018-07-05 20:28:22 - [TEST_STEP][PASSED] - Statement - childgroup = driver.findElement(org.openqa.selenium.By.xpath(groupXpath)).getText(): null

2018-07-05 20:28:22 - [TEST_STEP][PASSED] - Statement - println(childgroup): null

2018-07-05 20:28:22 - [TEST_STEP][PASSED] - Statement - subGroupList[i - 1] = childgroup: null

2018-07-05 20:28:22 - [TEST_STEP][PASSED] - Statement - groupXpath = "(//span[@title='" + groupName + "']/following-sibling::ul/li/span[3]/span[2])[" + i + "]": null

2018-07-05 20:28:22 - [TEST_STEP][PASSED] - Statement - println(groupXpath): null

2018-07-05 20:28:22 - [TEST_STEP][PASSED] - Statement - childgroup = driver.findElement(org.openqa.selenium.By.xpath(groupXpath)).getText(): null

2018-07-05 20:28:22 - [TEST_STEP][PASSED] - Statement - println(childgroup): null

2018-07-05 20:28:22 - [TEST_STEP][PASSED] - Statement - subGroupList[i - 1] = childgroup: null

2018-07-05 20:28:22 - [TEST_STEP][PASSED] - Statement - groupXpath = "(//span[@title='" + groupName + "']/following-sibling::ul/li/span[3]/span[2])[" + i + "]": null

2018-07-05 20:28:22 - [TEST_STEP][PASSED] - Statement - println(groupXpath): null

2018-07-05 20:28:22 - [TEST_STEP][PASSED] - Statement - childgroup = driver.findElement(org.openqa.selenium.By.xpath(groupXpath)).getText(): null

2018-07-05 20:28:22 - [TEST_STEP][PASSED] - Statement - println(childgroup): null

2018-07-05 20:28:22 - [TEST_STEP][PASSED] - Statement - subGroupList[i - 1] = childgroup: null

2018-07-05 20:28:22 - [TEST_STEP][PASSED] - Statement - groupXpath = "(//span[@title='" + groupName + "']/following-sibling::ul/li/span[3]/span[2])[" + i + "]": null

2018-07-05 20:28:22 - [TEST_STEP][PASSED] - Statement - println(groupXpath): null

2018-07-05 20:28:22 - [TEST_STEP][PASSED] - Statement - childgroup = driver.findElement(org.openqa.selenium.By.xpath(groupXpath)).getText(): null

2018-07-05 20:28:22 - [TEST_STEP][PASSED] - Statement - println(childgroup): null

2018-07-05 20:28:22 - [TEST_STEP][PASSED] - Statement - subGroupList[i - 1] = childgroup: null

2018-07-05 20:28:22 - [TEST_STEP][PASSED] - Statement - groupXpath = "(//span[@title='" + groupName + "']/following-sibling::ul/li/span[3]/span[2])[" + i + "]": null

2018-07-05 20:28:22 - [TEST_STEP][PASSED] - Statement - println(groupXpath): null

2018-07-05 20:28:22 - [TEST_STEP][PASSED] - Statement - childgroup = driver.findElement(org.openqa.selenium.By.xpath(groupXpath)).getText(): null

2018-07-05 20:28:22 - [TEST_STEP][PASSED] - Statement - println(childgroup): null

2018-07-05 20:28:22 - [TEST_STEP][PASSED] - Statement - subGroupList[i - 1] = childgroup: null

2018-07-05 20:28:22 - [TEST_STEP][PASSED] - Statement - groupXpath = "(//span[@title='" + groupName + "']/following-sibling::ul/li/span[3]/span[2])[" + i + "]": null

2018-07-05 20:28:22 - [TEST_STEP][PASSED] - Statement - println(groupXpath): null

2018-07-05 20:28:22 - [TEST_STEP][PASSED] - Statement - childgroup = driver.findElement(org.openqa.selenium.By.xpath(groupXpath)).getText(): null

2018-07-05 20:28:22 - [TEST_STEP][PASSED] - Statement - println(childgroup): null

2018-07-05 20:28:22 - [TEST_STEP][PASSED] - Statement - subGroupList[i - 1] = childgroup: null

2018-07-05 20:28:22 - [TEST_STEP][PASSED] - Statement - groupXpath = "(//span[@title='" + groupName + "']/following-sibling::ul/li/span[3]/span[2])[" + i + "]": null

2018-07-05 20:28:22 - [TEST_STEP][PASSED] - Statement - println(groupXpath): null

2018-07-05 20:28:22 - [TEST_STEP][PASSED] - Statement - childgroup = driver.findElement(org.openqa.selenium.By.xpath(groupXpath)).getText(): null

2018-07-05 20:28:22 - [TEST_STEP][PASSED] - Statement - println(childgroup): null

2018-07-05 20:28:22 - [TEST_STEP][PASSED] - Statement - subGroupList[i - 1] = childgroup: null

2018-07-05 20:28:22 - [TEST_STEP][PASSED] - Statement - groupXpath = "(//span[@title='" + groupName + "']/following-sibling::ul/li/span[3]/span[2])[" + i + "]": null

2018-07-05 20:28:22 - [TEST_STEP][PASSED] - Statement - println(groupXpath): null

2018-07-05 20:28:22 - [TEST_STEP][PASSED] - Statement - childgroup = driver.findElement(org.openqa.selenium.By.xpath(groupXpath)).getText(): null

2018-07-05 20:28:22 - [TEST_STEP][PASSED] - Statement - println(childgroup): null

2018-07-05 20:28:22 - [TEST_STEP][PASSED] - Statement - subGroupList[i - 1] = childgroup: null

2018-07-05 20:28:22 - [TEST_STEP][PASSED] - Statement - groupXpath = "(//span[@title='" + groupName + "']/following-sibling::ul/li/span[3]/span[2])[" + i + "]": null

2018-07-05 20:28:22 - [TEST_STEP][PASSED] - Statement - println(groupXpath): null

2018-07-05 20:28:22 - [TEST_STEP][PASSED] - Statement - childgroup = driver.findElement(org.openqa.selenium.By.xpath(groupXpath)).getText(): null

2018-07-05 20:28:22 - [TEST_STEP][PASSED] - Statement - println(childgroup): null

2018-07-05 20:28:22 - [TEST_STEP][PASSED] - Statement - subGroupList[i - 1] = childgroup: null

2018-07-05 20:28:22 - [TEST_STEP][PASSED] - Statement - groupXpath = "(//span[@title='" + groupName + "']/following-sibling::ul/li/span[3]/span[2])[" + i + "]": null

2018-07-05 20:28:22 - [TEST_STEP][PASSED] - Statement - println(groupXpath): null

2018-07-05 20:28:22 - [TEST_STEP][PASSED] - Statement - childgroup = driver.findElement(org.openqa.selenium.By.xpath(groupXpath)).getText(): null

2018-07-05 20:28:22 - [TEST_STEP][PASSED] - Statement - println(childgroup): null

2018-07-05 20:28:22 - [TEST_STEP][PASSED] - Statement - subGroupList[i - 1] = childgroup: null

2018-07-05 20:28:22 - [TEST_STEP][PASSED] - Statement - groupXpath = "(//span[@title='" + groupName + "']/following-sibling::ul/li/span[3]/span[2])[" + i + "]": null

2018-07-05 20:28:22 - [TEST_STEP][PASSED] - Statement - println(groupXpath): null

2018-07-05 20:28:22 - [TEST_STEP][PASSED] - Statement - childgroup = driver.findElement(org.openqa.selenium.By.xpath(groupXpath)).getText(): null

2018-07-05 20:28:22 - [TEST_STEP][PASSED] - Statement - println(childgroup): null

2018-07-05 20:28:22 - [TEST_STEP][PASSED] - Statement - subGroupList[i - 1] = childgroup: null

2018-07-05 20:28:22 - [TEST_STEP][PASSED] - Statement - groupXpath = "(//span[@title='" + groupName + "']/following-sibling::ul/li/span[3]/span[2])[" + i + "]": null

2018-07-05 20:28:22 - [TEST_STEP][PASSED] - Statement - println(groupXpath): null

2018-07-05 20:28:22 - [TEST_STEP][PASSED] - Statement - childgroup = driver.findElement(org.openqa.selenium.By.xpath(groupXpath)).getText(): null

2018-07-05 20:28:22 - [TEST_STEP][PASSED] - Statement - println(childgroup): null

2018-07-05 20:28:22 - [TEST_STEP][PASSED] - Statement - subGroupList[i - 1] = childgroup: null

2018-07-05 20:28:22 - [TEST_STEP][PASSED] - Statement - groupXpath = "(//span[@title='" + groupName + "']/following-sibling::ul/li/span[3]/span[2])[" + i + "]": null

2018-07-05 20:28:22 - [TEST_STEP][PASSED] - Statement - println(groupXpath): null

2018-07-05 20:28:22 - [TEST_STEP][PASSED] - Statement - childgroup = driver.findElement(org.openqa.selenium.By.xpath(groupXpath)).getText(): null

2018-07-05 20:28:22 - [TEST_STEP][PASSED] - Statement - println(childgroup): null

2018-07-05 20:28:22 - [TEST_STEP][PASSED] - Statement - subGroupList[i - 1] = childgroup: null

2018-07-05 20:28:22 - [TEST_STEP][PASSED] - Statement - groupXpath = "(//span[@title='" + groupName + "']/following-sibling::ul/li/span[3]/span[2])[" + i + "]": null

2018-07-05 20:28:22 - [TEST_STEP][PASSED] - Statement - println(groupXpath): null

2018-07-05 20:28:22 - [TEST_STEP][PASSED] - Statement - childgroup = driver.findElement(org.openqa.selenium.By.xpath(groupXpath)).getText(): null

2018-07-05 20:28:22 - [TEST_STEP][PASSED] - Statement - println(childgroup): null

2018-07-05 20:28:22 - [TEST_STEP][PASSED] - Statement - subGroupList[i - 1] = childgroup: null

2018-07-05 20:28:22 - [TEST_STEP][PASSED] - Statement - groupXpath = "(//span[@title='" + groupName + "']/following-sibling::ul/li/span[3]/span[2])[" + i + "]": null

2018-07-05 20:28:22 - [TEST_STEP][PASSED] - Statement - println(groupXpath): null

2018-07-05 20:28:22 - [TEST_STEP][PASSED] - Statement - childgroup = driver.findElement(org.openqa.selenium.By.xpath(groupXpath)).getText(): null

2018-07-05 20:28:22 - [TEST_STEP][PASSED] - Statement - println(childgroup): null

2018-07-05 20:28:22 - [TEST_STEP][PASSED] - Statement - subGroupList[i - 1] = childgroup: null

2018-07-05 20:28:22 - [TEST_STEP][PASSED] - Statement - groupXpath = "(//span[@title='" + groupName + "']/following-sibling::ul/li/span[3]/span[2])[" + i + "]": null

2018-07-05 20:28:22 - [TEST_STEP][PASSED] - Statement - println(groupXpath): null

2018-07-05 20:28:22 - [TEST_STEP][PASSED] - Statement - childgroup = driver.findElement(org.openqa.selenium.By.xpath(groupXpath)).getText(): null

2018-07-05 20:28:22 - [TEST_STEP][PASSED] - Statement - println(childgroup): null

2018-07-05 20:28:22 - [TEST_STEP][PASSED] - Statement - subGroupList[i - 1] = childgroup: null

2018-07-05 20:28:22 - [TEST_STEP][PASSED] - Statement - groupXpath = "(//span[@title='" + groupName + "']/following-sibling::ul/li/span[3]/span[2])[" + i + "]": null

2018-07-05 20:28:22 - [TEST_STEP][PASSED] - Statement - println(groupXpath): null

2018-07-05 20:28:22 - [TEST_STEP][PASSED] - Statement - childgroup = driver.findElement(org.openqa.selenium.By.xpath(groupXpath)).getText(): null

2018-07-05 20:28:22 - [TEST_STEP][PASSED] - Statement - println(childgroup): null

2018-07-05 20:28:22 - [TEST_STEP][PASSED] - Statement - subGroupList[i - 1] = childgroup: null

2018-07-05 20:28:22 - [TEST_STEP][PASSED] - Statement - groupXpath = "(//span[@title='" + groupName + "']/following-sibling::ul/li/span[3]/span[2])[" + i + "]": null

2018-07-05 20:28:22 - [TEST_STEP][PASSED] - Statement - println(groupXpath): null

2018-07-05 20:28:22 - [TEST_STEP][PASSED] - Statement - childgroup = driver.findElement(org.openqa.selenium.By.xpath(groupXpath)).getText(): null

2018-07-05 20:28:22 - [TEST_STEP][PASSED] - Statement - println(childgroup): null

2018-07-05 20:28:22 - [TEST_STEP][PASSED] - Statement - subGroupList[i - 1] = childgroup: null

2018-07-05 20:28:22 - [TEST_STEP][PASSED] - Statement - groupXpath = "(//span[@title='" + groupName + "']/following-sibling::ul/li/span[3]/span[2])[" + i + "]": null

2018-07-05 20:28:22 - [TEST_STEP][PASSED] - Statement - println(groupXpath): null

2018-07-05 20:28:22 - [TEST_STEP][PASSED] - Statement - childgroup = driver.findElement(org.openqa.selenium.By.xpath(groupXpath)).getText(): null

2018-07-05 20:28:22 - [TEST_STEP][PASSED] - Statement - println(childgroup): null

2018-07-05 20:28:22 - [TEST_STEP][PASSED] - Statement - subGroupList[i - 1] = childgroup: null

2018-07-05 20:28:22 - [TEST_STEP][PASSED] - Statement - groupXpath = "(//span[@title='" + groupName + "']/following-sibling::ul/li/span[3]/span[2])[" + i + "]": null

2018-07-05 20:28:22 - [TEST_STEP][PASSED] - Statement - println(groupXpath): null

2018-07-05 20:28:22 - [TEST_STEP][PASSED] - Statement - childgroup = driver.findElement(org.openqa.selenium.By.xpath(groupXpath)).getText(): null

2018-07-05 20:28:22 - [TEST_STEP][PASSED] - Statement - println(childgroup): null

2018-07-05 20:28:22 - [TEST_STEP][PASSED] - Statement - subGroupList[i - 1] = childgroup: null

2018-07-05 20:28:22 - [TEST_STEP][PASSED] - Statement - groupXpath = "(//span[@title='" + groupName + "']/following-sibling::ul/li/span[3]/span[2])[" + i + "]": null

2018-07-05 20:28:22 - [TEST_STEP][PASSED] - Statement - println(groupXpath): null

2018-07-05 20:28:22 - [TEST_STEP][PASSED] - Statement - childgroup = driver.findElement(org.openqa.selenium.By.xpath(groupXpath)).getText(): null

2018-07-05 20:28:22 - [TEST_STEP][PASSED] - Statement - println(childgroup): null

2018-07-05 20:28:22 - [TEST_STEP][PASSED] - Statement - subGroupList[i - 1] = childgroup: null

2018-07-05 20:28:22 - [TEST_STEP][PASSED] - Statement - groupXpath = "(//span[@title='" + groupName + "']/following-sibling::ul/li/span[3]/span[2])[" + i + "]": null

2018-07-05 20:28:22 - [TEST_STEP][PASSED] - Statement - println(groupXpath): null

2018-07-05 20:28:22 - [TEST_STEP][PASSED] - Statement - childgroup = driver.findElement(org.openqa.selenium.By.xpath(groupXpath)).getText(): null

2018-07-05 20:28:22 - [TEST_STEP][PASSED] - Statement - println(childgroup): null

2018-07-05 20:28:22 - [TEST_STEP][PASSED] - Statement - subGroupList[i - 1] = childgroup: null

2018-07-05 20:28:22 - [TEST_STEP][PASSED] - Statement - groupXpath = "(//span[@title='" + groupName + "']/following-sibling::ul/li/span[3]/span[2])[" + i + "]": null

2018-07-05 20:28:22 - [TEST_STEP][PASSED] - Statement - println(groupXpath): null

2018-07-05 20:28:22 - [TEST_STEP][PASSED] - Statement - childgroup = driver.findElement(org.openqa.selenium.By.xpath(groupXpath)).getText(): null

2018-07-05 20:28:22 - [TEST_STEP][PASSED] - Statement - println(childgroup): null

2018-07-05 20:28:22 - [TEST_STEP][PASSED] - Statement - subGroupList[i - 1] = childgroup: null

2018-07-05 20:28:22 - [TEST_STEP][PASSED] - Statement - groupXpath = "(//span[@title='" + groupName + "']/following-sibling::ul/li/span[3]/span[2])[" + i + "]": null

2018-07-05 20:28:22 - [TEST_STEP][PASSED] - Statement - println(groupXpath): null

2018-07-05 20:28:22 - [TEST_STEP][PASSED] - Statement - childgroup = driver.findElement(org.openqa.selenium.By.xpath(groupXpath)).getText(): null

2018-07-05 20:28:22 - [TEST_STEP][PASSED] - Statement - println(childgroup): null

2018-07-05 20:28:22 - [TEST_STEP][PASSED] - Statement - subGroupList[i - 1] = childgroup: null

2018-07-05 20:28:22 - [TEST_STEP][PASSED] - Statement - groupXpath = "(//span[@title='" + groupName + "']/following-sibling::ul/li/span[3]/span[2])[" + i + "]": null

2018-07-05 20:28:22 - [TEST_STEP][PASSED] - Statement - println(groupXpath): null

2018-07-05 20:28:22 - [TEST_STEP][PASSED] - Statement - childgroup = driver.findElement(org.openqa.selenium.By.xpath(groupXpath)).getText(): null

2018-07-05 20:28:22 - [TEST_STEP][PASSED] - Statement - println(childgroup): null

2018-07-05 20:28:22 - [TEST_STEP][PASSED] - Statement - subGroupList[i - 1] = childgroup: null

2018-07-05 20:28:22 - [TEST_STEP][PASSED] - Statement - groupXpath = "(//span[@title='" + groupName + "']/following-sibling::ul/li/span[3]/span[2])[" + i + "]": null

2018-07-05 20:28:22 - [TEST_STEP][PASSED] - Statement - println(groupXpath): null

2018-07-05 20:28:22 - [TEST_STEP][PASSED] - Statement - childgroup = driver.findElement(org.openqa.selenium.By.xpath(groupXpath)).getText(): null

2018-07-05 20:28:22 - [TEST_STEP][PASSED] - Statement - println(childgroup): null

2018-07-05 20:28:22 - [TEST_STEP][PASSED] - Statement - subGroupList[i - 1] = childgroup: null

2018-07-05 20:28:22 - [TEST_STEP][PASSED] - Statement - groupXpath = "(//span[@title='" + groupName + "']/following-sibling::ul/li/span[3]/span[2])[" + i + "]": null

2018-07-05 20:28:22 - [TEST_STEP][PASSED] - Statement - println(groupXpath): null

2018-07-05 20:28:22 - [TEST_STEP][PASSED] - Statement - childgroup = driver.findElement(org.openqa.selenium.By.xpath(groupXpath)).getText(): null

2018-07-05 20:28:22 - [TEST_STEP][PASSED] - Statement - println(childgroup): null

2018-07-05 20:28:22 - [TEST_STEP][PASSED] - Statement - subGroupList[i - 1] = childgroup: null

2018-07-05 20:28:22 - [TEST_STEP][PASSED] - Statement - groupXpath = "(//span[@title='" + groupName + "']/following-sibling::ul/li/span[3]/span[2])[" + i + "]": null

2018-07-05 20:28:22 - [TEST_STEP][PASSED] - Statement - println(groupXpath): null

2018-07-05 20:28:22 - [TEST_STEP][PASSED] - Statement - childgroup = driver.findElement(org.openqa.selenium.By.xpath(groupXpath)).getText(): null

2018-07-05 20:28:22 - [TEST_STEP][PASSED] - Statement - println(childgroup): null

2018-07-05 20:28:22 - [TEST_STEP][PASSED] - Statement - subGroupList[i - 1] = childgroup: null

2018-07-05 20:28:22 - [TEST_STEP][PASSED] - Statement - groupXpath = "(//span[@title='" + groupName + "']/following-sibling::ul/li/span[3]/span[2])[" + i + "]": null

2018-07-05 20:28:22 - [TEST_STEP][PASSED] - Statement - println(groupXpath): null

2018-07-05 20:28:22 - [TEST_STEP][PASSED] - Statement - childgroup = driver.findElement(org.openqa.selenium.By.xpath(groupXpath)).getText(): null

2018-07-05 20:28:22 - [TEST_STEP][PASSED] - Statement - println(childgroup): null

2018-07-05 20:28:22 - [TEST_STEP][PASSED] - Statement - subGroupList[i - 1] = childgroup: null

2018-07-05 20:28:22 - [TEST_STEP][PASSED] - Statement - groupXpath = "(//span[@title='" + groupName + "']/following-sibling::ul/li/span[3]/span[2])[" + i + "]": null

2018-07-05 20:28:22 - [TEST_STEP][PASSED] - Statement - println(groupXpath): null

2018-07-05 20:28:22 - [TEST_STEP][PASSED] - Statement - childgroup = driver.findElement(org.openqa.selenium.By.xpath(groupXpath)).getText(): null

2018-07-05 20:28:22 - [TEST_STEP][PASSED] - Statement - println(childgroup): null

2018-07-05 20:28:22 - [TEST_STEP][PASSED] - Statement - subGroupList[i - 1] = childgroup: null

2018-07-05 20:28:22 - [TEST_STEP][PASSED] - Statement - groupXpath = "(//span[@title='" + groupName + "']/following-sibling::ul/li/span[3]/span[2])[" + i + "]": null

2018-07-05 20:28:22 - [TEST_STEP][PASSED] - Statement - println(groupXpath): null

2018-07-05 20:28:22 - [TEST_STEP][PASSED] - Statement - childgroup = driver.findElement(org.openqa.selenium.By.xpath(groupXpath)).getText(): null

2018-07-05 20:28:23 - [TEST_STEP][PASSED] - Statement - println(childgroup): null

2018-07-05 20:28:23 - [TEST_STEP][PASSED] - Statement - subGroupList[i - 1] = childgroup: null

2018-07-05 20:28:23 - [TEST_STEP][PASSED] - Statement - groupXpath = "(//span[@title='" + groupName + "']/following-sibling::ul/li/span[3]/span[2])[" + i + "]": null

2018-07-05 20:28:23 - [TEST_STEP][PASSED] - Statement - println(groupXpath): null

2018-07-05 20:28:23 - [TEST_STEP][PASSED] - Statement - childgroup = driver.findElement(org.openqa.selenium.By.xpath(groupXpath)).getText(): null

2018-07-05 20:28:23 - [TEST_STEP][PASSED] - Statement - println(childgroup): null

2018-07-05 20:28:23 - [TEST_STEP][PASSED] - Statement - subGroupList[i - 1] = childgroup: null

2018-07-05 20:28:23 - [TEST_STEP][PASSED] - Statement - groupXpath = "(//span[@title='" + groupName + "']/following-sibling::ul/li/span[3]/span[2])[" + i + "]": null

2018-07-05 20:28:23 - [TEST_STEP][PASSED] - Statement - println(groupXpath): null

2018-07-05 20:28:23 - [TEST_STEP][PASSED] - Statement - childgroup = driver.findElement(org.openqa.selenium.By.xpath(groupXpath)).getText(): null

2018-07-05 20:28:23 - [TEST_STEP][PASSED] - Statement - println(childgroup): null

2018-07-05 20:28:23 - [TEST_STEP][PASSED] - Statement - subGroupList[i - 1] = childgroup: null

2018-07-05 20:28:23 - [TEST_STEP][PASSED] - Statement - groupXpath = "(//span[@title='" + groupName + "']/following-sibling::ul/li/span[3]/span[2])[" + i + "]": null

2018-07-05 20:28:23 - [TEST_STEP][PASSED] - Statement - println(groupXpath): null

2018-07-05 20:28:23 - [TEST_STEP][PASSED] - Statement - childgroup = driver.findElement(org.openqa.selenium.By.xpath(groupXpath)).getText(): null

2018-07-05 20:28:23 - [TEST_STEP][PASSED] - Statement - println(childgroup): null

2018-07-05 20:28:23 - [TEST_STEP][PASSED] - Statement - subGroupList[i - 1] = childgroup: null

2018-07-05 20:28:23 - [TEST_STEP][PASSED] - Statement - groupXpath = "(//span[@title='" + groupName + "']/following-sibling::ul/li/span[3]/span[2])[" + i + "]": null

2018-07-05 20:28:23 - [TEST_STEP][PASSED] - Statement - println(groupXpath): null

2018-07-05 20:28:23 - [TEST_STEP][PASSED] - Statement - childgroup = driver.findElement(org.openqa.selenium.By.xpath(groupXpath)).getText(): null

2018-07-05 20:28:23 - [TEST_STEP][PASSED] - Statement - println(childgroup): null

2018-07-05 20:28:23 - [TEST_STEP][PASSED] - Statement - subGroupList[i - 1] = childgroup: null

2018-07-05 20:28:23 - [TEST_STEP][PASSED] - Statement - groupXpath = "(//span[@title='" + groupName + "']/following-sibling::ul/li/span[3]/span[2])[" + i + "]": null

2018-07-05 20:28:23 - [TEST_STEP][PASSED] - Statement - println(groupXpath): null

2018-07-05 20:28:23 - [TEST_STEP][PASSED] - Statement - childgroup = driver.findElement(org.openqa.selenium.By.xpath(groupXpath)).getText(): null

2018-07-05 20:28:23 - [TEST_STEP][PASSED] - Statement - println(childgroup): null

2018-07-05 20:28:23 - [TEST_STEP][PASSED] - Statement - subGroupList[i - 1] = childgroup: null

2018-07-05 20:28:23 - [TEST_STEP][PASSED] - Statement - groupXpath = "(//span[@title='" + groupName + "']/following-sibling::ul/li/span[3]/span[2])[" + i + "]": null

2018-07-05 20:28:23 - [TEST_STEP][PASSED] - Statement - println(groupXpath): null

2018-07-05 20:28:23 - [TEST_STEP][PASSED] - Statement - childgroup = driver.findElement(org.openqa.selenium.By.xpath(groupXpath)).getText(): null

2018-07-05 20:28:23 - [TEST_STEP][PASSED] - Statement - println(childgroup): null

2018-07-05 20:28:23 - [TEST_STEP][PASSED] - Statement - subGroupList[i - 1] = childgroup: null

2018-07-05 20:28:23 - [TEST_STEP][PASSED] - Statement - groupXpath = "(//span[@title='" + groupName + "']/following-sibling::ul/li/span[3]/span[2])[" + i + "]": null

2018-07-05 20:28:23 - [TEST_STEP][PASSED] - Statement - println(groupXpath): null

2018-07-05 20:28:23 - [TEST_STEP][PASSED] - Statement - childgroup = driver.findElement(org.openqa.selenium.By.xpath(groupXpath)).getText(): null

2018-07-05 20:28:23 - [TEST_STEP][PASSED] - Statement - println(childgroup): null

2018-07-05 20:28:23 - [TEST_STEP][PASSED] - Statement - subGroupList[i - 1] = childgroup: null

2018-07-05 20:28:23 - [TEST_STEP][PASSED] - Statement - groupXpath = "(//span[@title='" + groupName + "']/following-sibling::ul/li/span[3]/span[2])[" + i + "]": null

2018-07-05 20:28:23 - [TEST_STEP][PASSED] - Statement - println(groupXpath): null

2018-07-05 20:28:23 - [TEST_STEP][PASSED] - Statement - childgroup = driver.findElement(org.openqa.selenium.By.xpath(groupXpath)).getText(): null

2018-07-05 20:28:23 - [TEST_STEP][PASSED] - Statement - println(childgroup): null

2018-07-05 20:28:23 - [TEST_STEP][PASSED] - Statement - subGroupList[i - 1] = childgroup: null

2018-07-05 20:28:23 - [TEST_STEP][PASSED] - Statement - groupXpath = "(//span[@title='" + groupName + "']/following-sibling::ul/li/span[3]/span[2])[" + i + "]": null

2018-07-05 20:28:23 - [TEST_STEP][PASSED] - Statement - println(groupXpath): null

2018-07-05 20:28:23 - [TEST_STEP][PASSED] - Statement - childgroup = driver.findElement(org.openqa.selenium.By.xpath(groupXpath)).getText(): null

2018-07-05 20:28:23 - [TEST_STEP][PASSED] - Statement - println(childgroup): null

2018-07-05 20:28:23 - [TEST_STEP][PASSED] - Statement - subGroupList[i - 1] = childgroup: null

2018-07-05 20:28:23 - [TEST_STEP][PASSED] - Statement - groupXpath = "(//span[@title='" + groupName + "']/following-sibling::ul/li/span[3]/span[2])[" + i + "]": null

2018-07-05 20:28:23 - [TEST_STEP][PASSED] - Statement - println(groupXpath): null

2018-07-05 20:28:23 - [TEST_STEP][PASSED] - Statement - childgroup = driver.findElement(org.openqa.selenium.By.xpath(groupXpath)).getText(): null

2018-07-05 20:28:23 - [TEST_STEP][PASSED] - Statement - println(childgroup): null

2018-07-05 20:28:23 - [TEST_STEP][PASSED] - Statement - subGroupList[i - 1] = childgroup: null

2018-07-05 20:28:23 - [TEST_STEP][PASSED] - Statement - groupXpath = "(//span[@title='" + groupName + "']/following-sibling::ul/li/span[3]/span[2])[" + i + "]": null

2018-07-05 20:28:23 - [TEST_STEP][PASSED] - Statement - println(groupXpath): null

2018-07-05 20:28:23 - [TEST_STEP][PASSED] - Statement - childgroup = driver.findElement(org.openqa.selenium.By.xpath(groupXpath)).getText(): null

2018-07-05 20:28:23 - [TEST_STEP][PASSED] - Statement - println(childgroup): null

2018-07-05 20:28:23 - [TEST_STEP][PASSED] - Statement - subGroupList[i - 1] = childgroup: null

2018-07-05 20:28:23 - [TEST_STEP][PASSED] - Statement - groupXpath = "(//span[@title='" + groupName + "']/following-sibling::ul/li/span[3]/span[2])[" + i + "]": null

2018-07-05 20:28:23 - [TEST_STEP][PASSED] - Statement - println(groupXpath): null

2018-07-05 20:28:23 - [TEST_STEP][PASSED] - Statement - childgroup = driver.findElement(org.openqa.selenium.By.xpath(groupXpath)).getText(): null

2018-07-05 20:28:23 - [TEST_STEP][PASSED] - Statement - println(childgroup): null

2018-07-05 20:28:23 - [TEST_STEP][PASSED] - Statement - subGroupList[i - 1] = childgroup: null

2018-07-05 20:28:23 - [TEST_STEP][PASSED] - Statement - groupXpath = "(//span[@title='" + groupName + "']/following-sibling::ul/li/span[3]/span[2])[" + i + "]": null

2018-07-05 20:28:23 - [TEST_STEP][PASSED] - Statement - println(groupXpath): null

2018-07-05 20:28:23 - [TEST_STEP][PASSED] - Statement - childgroup = driver.findElement(org.openqa.selenium.By.xpath(groupXpath)).getText(): null

2018-07-05 20:28:23 - [TEST_STEP][PASSED] - Statement - println(childgroup): null

2018-07-05 20:28:23 - [TEST_STEP][PASSED] - Statement - subGroupList[i - 1] = childgroup: null

2018-07-05 20:28:23 - [TEST_STEP][PASSED] - Statement - groupXpath = "(//span[@title='" + groupName + "']/following-sibling::ul/li/span[3]/span[2])[" + i + "]": null

2018-07-05 20:28:23 - [TEST_STEP][PASSED] - Statement - println(groupXpath): null

2018-07-05 20:28:23 - [TEST_STEP][PASSED] - Statement - childgroup = driver.findElement(org.openqa.selenium.By.xpath(groupXpath)).getText(): null

2018-07-05 20:28:23 - [TEST_STEP][PASSED] - Statement - println(childgroup): null

2018-07-05 20:28:23 - [TEST_STEP][PASSED] - Statement - subGroupList[i - 1] = childgroup: null

2018-07-05 20:28:23 - [TEST_STEP][PASSED] - Statement - groupXpath = "(//span[@title='" + groupName + "']/following-sibling::ul/li/span[3]/span[2])[" + i + "]": null

2018-07-05 20:28:23 - [TEST_STEP][PASSED] - Statement - println(groupXpath): null

2018-07-05 20:28:23 - [TEST_STEP][PASSED] - Statement - childgroup = driver.findElement(org.openqa.selenium.By.xpath(groupXpath)).getText(): null

2018-07-05 20:28:23 - [TEST_STEP][PASSED] - Statement - println(childgroup): null

2018-07-05 20:28:23 - [TEST_STEP][PASSED] - Statement - subGroupList[i - 1] = childgroup: null

2018-07-05 20:28:23 - [TEST_STEP][PASSED] - Statement - groupXpath = "(//span[@title='" + groupName + "']/following-sibling::ul/li/span[3]/span[2])[" + i + "]": null

2018-07-05 20:28:23 - [TEST_STEP][PASSED] - Statement - println(groupXpath): null

2018-07-05 20:28:23 - [TEST_STEP][PASSED] - Statement - childgroup = driver.findElement(org.openqa.selenium.By.xpath(groupXpath)).getText(): null

2018-07-05 20:28:23 - [TEST_STEP][PASSED] - Statement - println(childgroup): null

2018-07-05 20:28:23 - [TEST_STEP][PASSED] - Statement - subGroupList[i - 1] = childgroup: null

2018-07-05 20:28:23 - [TEST_STEP][PASSED] - Statement - groupXpath = "(//span[@title='" + groupName + "']/following-sibling::ul/li/span[3]/span[2])[" + i + "]": null

2018-07-05 20:28:23 - [TEST_STEP][PASSED] - Statement - println(groupXpath): null

2018-07-05 20:28:23 - [TEST_STEP][PASSED] - Statement - childgroup = driver.findElement(org.openqa.selenium.By.xpath(groupXpath)).getText(): null

2018-07-05 20:28:23 - [TEST_STEP][PASSED] - Statement - println(childgroup): null

2018-07-05 20:28:23 - [TEST_STEP][PASSED] - Statement - subGroupList[i - 1] = childgroup: null

2018-07-05 20:28:23 - [TEST_STEP][PASSED] - Statement - groupXpath = "(//span[@title='" + groupName + "']/following-sibling::ul/li/span[3]/span[2])[" + i + "]": null

2018-07-05 20:28:23 - [TEST_STEP][PASSED] - Statement - println(groupXpath): null

2018-07-05 20:28:23 - [TEST_STEP][PASSED] - Statement - childgroup = driver.findElement(org.openqa.selenium.By.xpath(groupXpath)).getText(): null

2018-07-05 20:28:23 - [TEST_STEP][PASSED] - Statement - println(childgroup): null

2018-07-05 20:28:23 - [TEST_STEP][PASSED] - Statement - subGroupList[i - 1] = childgroup: null

2018-07-05 20:28:23 - [TEST_STEP][PASSED] - Statement - groupXpath = "(//span[@title='" + groupName + "']/following-sibling::ul/li/span[3]/span[2])[" + i + "]": null

2018-07-05 20:28:23 - [TEST_STEP][PASSED] - Statement - println(groupXpath): null

2018-07-05 20:28:23 - [TEST_STEP][PASSED] - Statement - childgroup = driver.findElement(org.openqa.selenium.By.xpath(groupXpath)).getText(): null

2018-07-05 20:28:23 - [TEST_STEP][PASSED] - Statement - println(childgroup): null

2018-07-05 20:28:23 - [TEST_STEP][PASSED] - Statement - subGroupList[i - 1] = childgroup: null

2018-07-05 20:28:23 - [TEST_STEP][PASSED] - Statement - groupXpath = "(//span[@title='" + groupName + "']/following-sibling::ul/li/span[3]/span[2])[" + i + "]": null

2018-07-05 20:28:23 - [TEST_STEP][PASSED] - Statement - println(groupXpath): null

2018-07-05 20:28:23 - [TEST_STEP][PASSED] - Statement - childgroup = driver.findElement(org.openqa.selenium.By.xpath(groupXpath)).getText(): null

2018-07-05 20:28:23 - [TEST_STEP][PASSED] - Statement - println(childgroup): null

2018-07-05 20:28:23 - [TEST_STEP][PASSED] - Statement - subGroupList[i - 1] = childgroup: null

2018-07-05 20:28:23 - [TEST_STEP][PASSED] - Statement - groupXpath = "(//span[@title='" + groupName + "']/following-sibling::ul/li/span[3]/span[2])[" + i + "]": null

2018-07-05 20:28:23 - [TEST_STEP][PASSED] - Statement - println(groupXpath): null

2018-07-05 20:28:23 - [TEST_STEP][PASSED] - Statement - childgroup = driver.findElement(org.openqa.selenium.By.xpath(groupXpath)).getText(): null

2018-07-05 20:28:23 - [TEST_STEP][PASSED] - Statement - println(childgroup): null

2018-07-05 20:28:23 - [TEST_STEP][PASSED] - Statement - subGroupList[i - 1] = childgroup: null

2018-07-05 20:28:23 - [TEST_STEP][PASSED] - Statement - groupXpath = "(//span[@title='" + groupName + "']/following-sibling::ul/li/span[3]/span[2])[" + i + "]": null

2018-07-05 20:28:23 - [TEST_STEP][PASSED] - Statement - println(groupXpath): null

2018-07-05 20:28:23 - [TEST_STEP][PASSED] - Statement - childgroup = driver.findElement(org.openqa.selenium.By.xpath(groupXpath)).getText(): null

2018-07-05 20:28:23 - [TEST_STEP][PASSED] - Statement - println(childgroup): null

2018-07-05 20:28:23 - [TEST_STEP][PASSED] - Statement - subGroupList[i - 1] = childgroup: null

2018-07-05 20:28:23 - [TEST_STEP][PASSED] - Statement - groupXpath = "(//span[@title='" + groupName + "']/following-sibling::ul/li/span[3]/span[2])[" + i + "]": null

2018-07-05 20:28:23 - [TEST_STEP][PASSED] - Statement - println(groupXpath): null

2018-07-05 20:28:23 - [TEST_STEP][PASSED] - Statement - childgroup = driver.findElement(org.openqa.selenium.By.xpath(groupXpath)).getText(): null

2018-07-05 20:28:23 - [TEST_STEP][PASSED] - Statement - println(childgroup): null

2018-07-05 20:28:23 - [TEST_STEP][PASSED] - Statement - subGroupList[i - 1] = childgroup: null

2018-07-05 20:28:23 - [TEST_STEP][PASSED] - Statement - groupXpath = "(//span[@title='" + groupName + "']/following-sibling::ul/li/span[3]/span[2])[" + i + "]": null

2018-07-05 20:28:23 - [TEST_STEP][PASSED] - Statement - println(groupXpath): null

2018-07-05 20:28:23 - [TEST_STEP][PASSED] - Statement - childgroup = driver.findElement(org.openqa.selenium.By.xpath(groupXpath)).getText(): null

2018-07-05 20:28:23 - [TEST_STEP][PASSED] - Statement - println(childgroup): null

2018-07-05 20:28:23 - [TEST_STEP][PASSED] - Statement - subGroupList[i - 1] = childgroup: null

2018-07-05 20:28:23 - [TEST_STEP][PASSED] - Statement - groupXpath = "(//span[@title='" + groupName + "']/following-sibling::ul/li/span[3]/span[2])[" + i + "]": null

2018-07-05 20:28:23 - [TEST_STEP][PASSED] - Statement - println(groupXpath): null

2018-07-05 20:28:23 - [TEST_STEP][PASSED] - Statement - childgroup = driver.findElement(org.openqa.selenium.By.xpath(groupXpath)).getText(): null

2018-07-05 20:28:23 - [TEST_STEP][PASSED] - Statement - println(childgroup): null

2018-07-05 20:28:23 - [TEST_STEP][PASSED] - Statement - subGroupList[i - 1] = childgroup: null

2018-07-05 20:28:23 - [TEST_STEP][PASSED] - Statement - groupXpath = "(//span[@title='" + groupName + "']/following-sibling::ul/li/span[3]/span[2])[" + i + "]": null

2018-07-05 20:28:23 - [TEST_STEP][PASSED] - Statement - println(groupXpath): null

2018-07-05 20:28:23 - [TEST_STEP][PASSED] - Statement - childgroup = driver.findElement(org.openqa.selenium.By.xpath(groupXpath)).getText(): null

2018-07-05 20:28:23 - [TEST_STEP][PASSED] - Statement - println(childgroup): null

2018-07-05 20:28:23 - [TEST_STEP][PASSED] - Statement - subGroupList[i - 1] = childgroup: null

2018-07-05 20:28:23 - [TEST_STEP][PASSED] - Statement - groupXpath = "(//span[@title='" + groupName + "']/following-sibling::ul/li/span[3]/span[2])[" + i + "]": null

2018-07-05 20:28:23 - [TEST_STEP][PASSED] - Statement - println(groupXpath): null

2018-07-05 20:28:23 - [TEST_STEP][PASSED] - Statement - childgroup = driver.findElement(org.openqa.selenium.By.xpath(groupXpath)).getText(): null

2018-07-05 20:28:23 - [TEST_STEP][PASSED] - Statement - println(childgroup): null

2018-07-05 20:28:23 - [TEST_STEP][PASSED] - Statement - subGroupList[i - 1] = childgroup: null

2018-07-05 20:28:23 - [TEST_STEP][PASSED] - Statement - groupXpath = "(//span[@title='" + groupName + "']/following-sibling::ul/li/span[3]/span[2])[" + i + "]": null

2018-07-05 20:28:23 - [TEST_STEP][PASSED] - Statement - println(groupXpath): null

2018-07-05 20:28:23 - [TEST_STEP][PASSED] - Statement - childgroup = driver.findElement(org.openqa.selenium.By.xpath(groupXpath)).getText(): null

2018-07-05 20:28:23 - [TEST_STEP][PASSED] - Statement - println(childgroup): null

2018-07-05 20:28:23 - [TEST_STEP][PASSED] - Statement - subGroupList[i - 1] = childgroup: null

2018-07-05 20:28:23 - [TEST_STEP][PASSED] - Statement - groupXpath = "(//span[@title='" + groupName + "']/following-sibling::ul/li/span[3]/span[2])[" + i + "]": null

2018-07-05 20:28:23 - [TEST_STEP][PASSED] - Statement - println(groupXpath): null

2018-07-05 20:28:23 - [TEST_STEP][PASSED] - Statement - childgroup = driver.findElement(org.openqa.selenium.By.xpath(groupXpath)).getText(): null

2018-07-05 20:28:23 - [TEST_STEP][PASSED] - Statement - println(childgroup): null

2018-07-05 20:28:23 - [TEST_STEP][PASSED] - Statement - subGroupList[i - 1] = childgroup: null

2018-07-05 20:28:23 - [TEST_STEP][PASSED] - Statement - groupXpath = "(//span[@title='" + groupName + "']/following-sibling::ul/li/span[3]/span[2])[" + i + "]": null

2018-07-05 20:28:23 - [TEST_STEP][PASSED] - Statement - println(groupXpath): null

2018-07-05 20:28:23 - [TEST_STEP][PASSED] - Statement - childgroup = driver.findElement(org.openqa.selenium.By.xpath(groupXpath)).getText(): null

2018-07-05 20:28:23 - [TEST_STEP][PASSED] - Statement - println(childgroup): null

2018-07-05 20:28:23 - [TEST_STEP][PASSED] - Statement - subGroupList[i - 1] = childgroup: null

2018-07-05 20:28:23 - [TEST_STEP][PASSED] - Statement - groupXpath = "(//span[@title='" + groupName + "']/following-sibling::ul/li/span[3]/span[2])[" + i + "]": null

2018-07-05 20:28:23 - [TEST_STEP][PASSED] - Statement - println(groupXpath): null

2018-07-05 20:28:23 - [TEST_STEP][PASSED] - Statement - childgroup = driver.findElement(org.openqa.selenium.By.xpath(groupXpath)).getText(): null

2018-07-05 20:28:23 - [TEST_STEP][PASSED] - Statement - println(childgroup): null

2018-07-05 20:28:23 - [TEST_STEP][PASSED] - Statement - subGroupList[i - 1] = childgroup: null

2018-07-05 20:28:23 - [TEST_STEP][PASSED] - Statement - groupXpath = "(//span[@title='" + groupName + "']/following-sibling::ul/li/span[3]/span[2])[" + i + "]": null

2018-07-05 20:28:23 - [TEST_STEP][PASSED] - Statement - println(groupXpath): null

2018-07-05 20:28:23 - [TEST_STEP][PASSED] - Statement - childgroup = driver.findElement(org.openqa.selenium.By.xpath(groupXpath)).getText(): null

2018-07-05 20:28:23 - [TEST_STEP][PASSED] - Statement - println(childgroup): null

2018-07-05 20:28:23 - [TEST_STEP][PASSED] - Statement - subGroupList[i - 1] = childgroup: null

2018-07-05 20:28:23 - [TEST_STEP][PASSED] - Statement - groupXpath = "(//span[@title='" + groupName + "']/following-sibling::ul/li/span[3]/span[2])[" + i + "]": null

2018-07-05 20:28:23 - [TEST_STEP][PASSED] - Statement - println(groupXpath): null

2018-07-05 20:28:23 - [TEST_STEP][PASSED] - Statement - childgroup = driver.findElement(org.openqa.selenium.By.xpath(groupXpath)).getText(): null

2018-07-05 20:28:24 - [TEST_STEP][PASSED] - Statement - println(childgroup): null

2018-07-05 20:28:24 - [TEST_STEP][PASSED] - Statement - subGroupList[i - 1] = childgroup: null

2018-07-05 20:28:24 - [TEST_STEP][PASSED] - Statement - groupXpath = "(//span[@title='" + groupName + "']/following-sibling::ul/li/span[3]/span[2])[" + i + "]": null

2018-07-05 20:28:24 - [TEST_STEP][PASSED] - Statement - println(groupXpath): null

2018-07-05 20:28:24 - [TEST_STEP][PASSED] - Statement - childgroup = driver.findElement(org.openqa.selenium.By.xpath(groupXpath)).getText(): null

2018-07-05 20:28:24 - [TEST_STEP][PASSED] - Statement - println(childgroup): null

2018-07-05 20:28:24 - [TEST_STEP][PASSED] - Statement - subGroupList[i - 1] = childgroup: null

2018-07-05 20:28:24 - [TEST_STEP][PASSED] - Statement - groupXpath = "(//span[@title='" + groupName + "']/following-sibling::ul/li/span[3]/span[2])[" + i + "]": null

2018-07-05 20:28:24 - [TEST_STEP][PASSED] - Statement - println(groupXpath): null

2018-07-05 20:28:24 - [TEST_STEP][PASSED] - Statement - childgroup = driver.findElement(org.openqa.selenium.By.xpath(groupXpath)).getText(): null

2018-07-05 20:28:24 - [TEST_STEP][PASSED] - Statement - println(childgroup): null

2018-07-05 20:28:24 - [TEST_STEP][PASSED] - Statement - subGroupList[i - 1] = childgroup: null

2018-07-05 20:28:24 - [TEST_STEP][PASSED] - Statement - groupXpath = "(//span[@title='" + groupName + "']/following-sibling::ul/li/span[3]/span[2])[" + i + "]": null

2018-07-05 20:28:24 - [TEST_STEP][PASSED] - Statement - println(groupXpath): null

2018-07-05 20:28:24 - [TEST_STEP][PASSED] - Statement - childgroup = driver.findElement(org.openqa.selenium.By.xpath(groupXpath)).getText(): null

2018-07-05 20:28:24 - [TEST_STEP][PASSED] - Statement - println(childgroup): null

2018-07-05 20:28:24 - [TEST_STEP][PASSED] - Statement - subGroupList[i - 1] = childgroup: null

2018-07-05 20:28:24 - [TEST_STEP][PASSED] - Statement - groupXpath = "(//span[@title='" + groupName + "']/following-sibling::ul/li/span[3]/span[2])[" + i + "]": null

2018-07-05 20:28:24 - [TEST_STEP][PASSED] - Statement - println(groupXpath): null

2018-07-05 20:28:24 - [TEST_STEP][PASSED] - Statement - childgroup = driver.findElement(org.openqa.selenium.By.xpath(groupXpath)).getText(): null

2018-07-05 20:28:24 - [TEST_STEP][PASSED] - Statement - println(childgroup): null

2018-07-05 20:28:24 - [TEST_STEP][PASSED] - Statement - subGroupList[i - 1] = childgroup: null

2018-07-05 20:28:24 - [TEST_STEP][PASSED] - Statement - groupXpath = "(//span[@title='" + groupName + "']/following-sibling::ul/li/span[3]/span[2])[" + i + "]": null

2018-07-05 20:28:24 - [TEST_STEP][PASSED] - Statement - println(groupXpath): null

2018-07-05 20:28:24 - [TEST_STEP][PASSED] - Statement - childgroup = driver.findElement(org.openqa.selenium.By.xpath(groupXpath)).getText(): null

2018-07-05 20:28:24 - [TEST_STEP][PASSED] - Statement - println(childgroup): null

2018-07-05 20:28:24 - [TEST_STEP][PASSED] - Statement - subGroupList[i - 1] = childgroup: null

2018-07-05 20:28:24 - [TEST_STEP][PASSED] - Statement - groupXpath = "(//span[@title='" + groupName + "']/following-sibling::ul/li/span[3]/span[2])[" + i + "]": null

2018-07-05 20:28:24 - [TEST_STEP][PASSED] - Statement - println(groupXpath): null

2018-07-05 20:28:24 - [TEST_STEP][PASSED] - Statement - childgroup = driver.findElement(org.openqa.selenium.By.xpath(groupXpath)).getText(): null

2018-07-05 20:28:24 - [TEST_STEP][PASSED] - Statement - println(childgroup): null

2018-07-05 20:28:24 - [TEST_STEP][PASSED] - Statement - subGroupList[i - 1] = childgroup: null

2018-07-05 20:28:24 - [TEST_STEP][PASSED] - Statement - groupXpath = "(//span[@title='" + groupName + "']/following-sibling::ul/li/span[3]/span[2])[" + i + "]": null

2018-07-05 20:28:24 - [TEST_STEP][PASSED] - Statement - println(groupXpath): null

2018-07-05 20:28:24 - [TEST_STEP][PASSED] - Statement - childgroup = driver.findElement(org.openqa.selenium.By.xpath(groupXpath)).getText(): null

2018-07-05 20:28:24 - [TEST_STEP][PASSED] - Statement - println(childgroup): null

2018-07-05 20:28:24 - [TEST_STEP][PASSED] - Statement - subGroupList[i - 1] = childgroup: null

2018-07-05 20:28:24 - [TEST_STEP][PASSED] - Statement - groupXpath = "(//span[@title='" + groupName + "']/following-sibling::ul/li/span[3]/span[2])[" + i + "]": null

2018-07-05 20:28:24 - [TEST_STEP][PASSED] - Statement - println(groupXpath): null

2018-07-05 20:28:24 - [TEST_STEP][PASSED] - Statement - childgroup = driver.findElement(org.openqa.selenium.By.xpath(groupXpath)).getText(): null

2018-07-05 20:28:24 - [TEST_STEP][PASSED] - Statement - println(childgroup): null

2018-07-05 20:28:24 - [TEST_STEP][PASSED] - Statement - subGroupList[i - 1] = childgroup: null

2018-07-05 20:28:24 - [TEST_STEP][PASSED] - Statement - groupXpath = "(//span[@title='" + groupName + "']/following-sibling::ul/li/span[3]/span[2])[" + i + "]": null

2018-07-05 20:28:24 - [TEST_STEP][PASSED] - Statement - println(groupXpath): null

2018-07-05 20:28:24 - [TEST_STEP][PASSED] - Statement - childgroup = driver.findElement(org.openqa.selenium.By.xpath(groupXpath)).getText(): null

2018-07-05 20:28:24 - [TEST_STEP][PASSED] - Statement - println(childgroup): null

2018-07-05 20:28:24 - [TEST_STEP][PASSED] - Statement - subGroupList[i - 1] = childgroup: null

2018-07-05 20:28:24 - [TEST_STEP][PASSED] - Statement - groupXpath = "(//span[@title='" + groupName + "']/following-sibling::ul/li/span[3]/span[2])[" + i + "]": null

2018-07-05 20:28:24 - [TEST_STEP][PASSED] - Statement - println(groupXpath): null

2018-07-05 20:28:24 - [TEST_STEP][PASSED] - Statement - childgroup = driver.findElement(org.openqa.selenium.By.xpath(groupXpath)).getText(): null

2018-07-05 20:28:24 - [TEST_STEP][PASSED] - Statement - println(childgroup): null

2018-07-05 20:28:24 - [TEST_STEP][PASSED] - Statement - subGroupList[i - 1] = childgroup: null

2018-07-05 20:28:24 - [TEST_STEP][PASSED] - Statement - groupXpath = "(//span[@title='" + groupName + "']/following-sibling::ul/li/span[3]/span[2])[" + i + "]": null

2018-07-05 20:28:24 - [TEST_STEP][PASSED] - Statement - println(groupXpath): null

2018-07-05 20:28:24 - [TEST_STEP][PASSED] - Statement - childgroup = driver.findElement(org.openqa.selenium.By.xpath(groupXpath)).getText(): null

2018-07-05 20:28:24 - [TEST_STEP][PASSED] - Statement - println(childgroup): null

2018-07-05 20:28:24 - [TEST_STEP][PASSED] - Statement - subGroupList[i - 1] = childgroup: null

2018-07-05 20:28:24 - [TEST_STEP][PASSED] - Statement - groupXpath = "(//span[@title='" + groupName + "']/following-sibling::ul/li/span[3]/span[2])[" + i + "]": null

2018-07-05 20:28:24 - [TEST_STEP][PASSED] - Statement - println(groupXpath): null

2018-07-05 20:28:24 - [TEST_STEP][PASSED] - Statement - childgroup = driver.findElement(org.openqa.selenium.By.xpath(groupXpath)).getText(): null

2018-07-05 20:28:24 - [TEST_STEP][PASSED] - Statement - println(childgroup): null

2018-07-05 20:28:24 - [TEST_STEP][PASSED] - Statement - subGroupList[i - 1] = childgroup: null

2018-07-05 20:28:24 - [TEST_STEP][PASSED] - Statement - groupXpath = "(//span[@title='" + groupName + "']/following-sibling::ul/li/span[3]/span[2])[" + i + "]": null

2018-07-05 20:28:24 - [TEST_STEP][PASSED] - Statement - println(groupXpath): null

2018-07-05 20:28:24 - [TEST_STEP][PASSED] - Statement - childgroup = driver.findElement(org.openqa.selenium.By.xpath(groupXpath)).getText(): null

2018-07-05 20:28:24 - [TEST_STEP][PASSED] - Statement - println(childgroup): null

2018-07-05 20:28:24 - [TEST_STEP][PASSED] - Statement - subGroupList[i - 1] = childgroup: null

2018-07-05 20:28:24 - [TEST_STEP][PASSED] - Statement - groupXpath = "(//span[@title='" + groupName + "']/following-sibling::ul/li/span[3]/span[2])[" + i + "]": null

2018-07-05 20:28:24 - [TEST_STEP][PASSED] - Statement - println(groupXpath): null

2018-07-05 20:28:24 - [TEST_STEP][PASSED] - Statement - childgroup = driver.findElement(org.openqa.selenium.By.xpath(groupXpath)).getText(): null

2018-07-05 20:28:24 - [TEST_STEP][PASSED] - Statement - println(childgroup): null

2018-07-05 20:28:24 - [TEST_STEP][PASSED] - Statement - subGroupList[i - 1] = childgroup: null

2018-07-05 20:28:24 - [TEST_STEP][PASSED] - Statement - groupXpath = "(//span[@title='" + groupName + "']/following-sibling::ul/li/span[3]/span[2])[" + i + "]": null

2018-07-05 20:28:24 - [TEST_STEP][PASSED] - Statement - println(groupXpath): null

2018-07-05 20:28:24 - [TEST_STEP][PASSED] - Statement - childgroup = driver.findElement(org.openqa.selenium.By.xpath(groupXpath)).getText(): null

2018-07-05 20:28:24 - [TEST_STEP][PASSED] - Statement - println(childgroup): null

2018-07-05 20:28:24 - [TEST_STEP][PASSED] - Statement - subGroupList[i - 1] = childgroup: null

2018-07-05 20:28:24 - [TEST_STEP][PASSED] - Statement - groupXpath = "(//span[@title='" + groupName + "']/following-sibling::ul/li/span[3]/span[2])[" + i + "]": null

2018-07-05 20:28:24 - [TEST_STEP][PASSED] - Statement - println(groupXpath): null

2018-07-05 20:28:24 - [TEST_STEP][PASSED] - Statement - childgroup = driver.findElement(org.openqa.selenium.By.xpath(groupXpath)).getText(): null

2018-07-05 20:28:24 - [TEST_STEP][PASSED] - Statement - println(childgroup): null

2018-07-05 20:28:24 - [TEST_STEP][PASSED] - Statement - subGroupList[i - 1] = childgroup: null

2018-07-05 20:28:24 - [TEST_STEP][PASSED] - Statement - groupXpath = "(//span[@title='" + groupName + "']/following-sibling::ul/li/span[3]/span[2])[" + i + "]": null

2018-07-05 20:28:24 - [TEST_STEP][PASSED] - Statement - println(groupXpath): null

2018-07-05 20:28:24 - [TEST_STEP][PASSED] - Statement - childgroup = driver.findElement(org.openqa.selenium.By.xpath(groupXpath)).getText(): null

2018-07-05 20:28:24 - [TEST_STEP][PASSED] - Statement - println(childgroup): null

2018-07-05 20:28:24 - [TEST_STEP][PASSED] - Statement - subGroupList[i - 1] = childgroup: null

2018-07-05 20:28:24 - [TEST_STEP][PASSED] - Statement - groupXpath = "(//span[@title='" + groupName + "']/following-sibling::ul/li/span[3]/span[2])[" + i + "]": null

2018-07-05 20:28:24 - [TEST_STEP][PASSED] - Statement - println(groupXpath): null

2018-07-05 20:28:24 - [TEST_STEP][PASSED] - Statement - childgroup = driver.findElement(org.openqa.selenium.By.xpath(groupXpath)).getText(): null

2018-07-05 20:28:24 - [TEST_STEP][PASSED] - Statement - println(childgroup): null

2018-07-05 20:28:24 - [TEST_STEP][PASSED] - Statement - subGroupList[i - 1] = childgroup: null

2018-07-05 20:28:24 - [TEST_STEP][PASSED] - Statement - groupXpath = "(//span[@title='" + groupName + "']/following-sibling::ul/li/span[3]/span[2])[" + i + "]": null

2018-07-05 20:28:24 - [TEST_STEP][PASSED] - Statement - println(groupXpath): null

2018-07-05 20:28:24 - [TEST_STEP][PASSED] - Statement - childgroup = driver.findElement(org.openqa.selenium.By.xpath(groupXpath)).getText(): null

2018-07-05 20:28:24 - [TEST_STEP][PASSED] - Statement - println(childgroup): null

2018-07-05 20:28:24 - [TEST_STEP][PASSED] - Statement - subGroupList[i - 1] = childgroup: null

2018-07-05 20:28:24 - [TEST_STEP][PASSED] - Statement - groupXpath = "(//span[@title='" + groupName + "']/following-sibling::ul/li/span[3]/span[2])[" + i + "]": null

2018-07-05 20:28:24 - [TEST_STEP][PASSED] - Statement - println(groupXpath): null

2018-07-05 20:28:24 - [TEST_STEP][PASSED] - Statement - childgroup = driver.findElement(org.openqa.selenium.By.xpath(groupXpath)).getText(): null

2018-07-05 20:28:24 - [TEST_STEP][PASSED] - Statement - println(childgroup): null

2018-07-05 20:28:24 - [TEST_STEP][PASSED] - Statement - subGroupList[i - 1] = childgroup: null

2018-07-05 20:28:24 - [TEST_STEP][PASSED] - Statement - groupXpath = "(//span[@title='" + groupName + "']/following-sibling::ul/li/span[3]/span[2])[" + i + "]": null

2018-07-05 20:28:24 - [TEST_STEP][PASSED] - Statement - println(groupXpath): null

2018-07-05 20:28:24 - [TEST_STEP][PASSED] - Statement - childgroup = driver.findElement(org.openqa.selenium.By.xpath(groupXpath)).getText(): null

2018-07-05 20:28:24 - [TEST_STEP][PASSED] - Statement - println(childgroup): null

2018-07-05 20:28:24 - [TEST_STEP][PASSED] - Statement - subGroupList[i - 1] = childgroup: null

2018-07-05 20:28:24 - [TEST_STEP][PASSED] - Statement - groupXpath = "(//span[@title='" + groupName + "']/following-sibling::ul/li/span[3]/span[2])[" + i + "]": null

2018-07-05 20:28:24 - [TEST_STEP][PASSED] - Statement - println(groupXpath): null

2018-07-05 20:28:24 - [TEST_STEP][PASSED] - Statement - childgroup = driver.findElement(org.openqa.selenium.By.xpath(groupXpath)).getText(): null

2018-07-05 20:28:24 - [TEST_STEP][PASSED] - Statement - println(childgroup): null

2018-07-05 20:28:24 - [TEST_STEP][PASSED] - Statement - subGroupList[i - 1] = childgroup: null

2018-07-05 20:28:24 - [TEST_STEP][PASSED] - Statement - groupXpath = "(//span[@title='" + groupName + "']/following-sibling::ul/li/span[3]/span[2])[" + i + "]": null

2018-07-05 20:28:24 - [TEST_STEP][PASSED] - Statement - println(groupXpath): null

2018-07-05 20:28:24 - [TEST_STEP][PASSED] - Statement - childgroup = driver.findElement(org.openqa.selenium.By.xpath(groupXpath)).getText(): null

2018-07-05 20:28:24 - [TEST_STEP][PASSED] - Statement - println(childgroup): null

2018-07-05 20:28:24 - [TEST_STEP][PASSED] - Statement - subGroupList[i - 1] = childgroup: null

2018-07-05 20:28:24 - [TEST_STEP][PASSED] - Statement - groupXpath = "(//span[@title='" + groupName + "']/following-sibling::ul/li/span[3]/span[2])[" + i + "]": null

2018-07-05 20:28:24 - [TEST_STEP][PASSED] - Statement - println(groupXpath): null

2018-07-05 20:28:24 - [TEST_STEP][PASSED] - Statement - childgroup = driver.findElement(org.openqa.selenium.By.xpath(groupXpath)).getText(): null

2018-07-05 20:28:24 - [TEST_STEP][PASSED] - Statement - println(childgroup): null

2018-07-05 20:28:24 - [TEST_STEP][PASSED] - Statement - subGroupList[i - 1] = childgroup: null

2018-07-05 20:28:24 - [TEST_STEP][PASSED] - Statement - groupXpath = "(//span[@title='" + groupName + "']/following-sibling::ul/li/span[3]/span[2])[" + i + "]": null

2018-07-05 20:28:24 - [TEST_STEP][PASSED] - Statement - println(groupXpath): null

2018-07-05 20:28:24 - [TEST_STEP][PASSED] - Statement - childgroup = driver.findElement(org.openqa.selenium.By.xpath(groupXpath)).getText(): null

2018-07-05 20:28:24 - [TEST_STEP][PASSED] - Statement - println(childgroup): null

2018-07-05 20:28:24 - [TEST_STEP][PASSED] - Statement - subGroupList[i - 1] = childgroup: null

2018-07-05 20:28:24 - [TEST_STEP][PASSED] - Statement - groupXpath = "(//span[@title='" + groupName + "']/following-sibling::ul/li/span[3]/span[2])[" + i + "]": null

2018-07-05 20:28:24 - [TEST_STEP][PASSED] - Statement - println(groupXpath): null

2018-07-05 20:28:24 - [TEST_STEP][PASSED] - Statement - childgroup = driver.findElement(org.openqa.selenium.By.xpath(groupXpath)).getText(): null

2018-07-05 20:28:24 - [TEST_STEP][PASSED] - Statement - println(childgroup): null

2018-07-05 20:28:24 - [TEST_STEP][PASSED] - Statement - subGroupList[i - 1] = childgroup: null

2018-07-05 20:28:24 - [TEST_STEP][PASSED] - Statement - groupXpath = "(//span[@title='" + groupName + "']/following-sibling::ul/li/span[3]/span[2])[" + i + "]": null

2018-07-05 20:28:24 - [TEST_STEP][PASSED] - Statement - println(groupXpath): null

2018-07-05 20:28:24 - [TEST_STEP][PASSED] - Statement - childgroup = driver.findElement(org.openqa.selenium.By.xpath(groupXpath)).getText(): null

2018-07-05 20:28:24 - [TEST_STEP][PASSED] - Statement - println(childgroup): null

2018-07-05 20:28:24 - [TEST_STEP][PASSED] - Statement - subGroupList[i - 1] = childgroup: null

2018-07-05 20:28:24 - [TEST_STEP][PASSED] - Statement - groupXpath = "(//span[@title='" + groupName + "']/following-sibling::ul/li/span[3]/span[2])[" + i + "]": null

2018-07-05 20:28:24 - [TEST_STEP][PASSED] - Statement - println(groupXpath): null

2018-07-05 20:28:24 - [TEST_STEP][PASSED] - Statement - childgroup = driver.findElement(org.openqa.selenium.By.xpath(groupXpath)).getText(): null

2018-07-05 20:28:24 - [TEST_STEP][PASSED] - Statement - println(childgroup): null

2018-07-05 20:28:24 - [TEST_STEP][PASSED] - Statement - subGroupList[i - 1] = childgroup: null

2018-07-05 20:28:24 - [TEST_STEP][PASSED] - Statement - groupXpath = "(//span[@title='" + groupName + "']/following-sibling::ul/li/span[3]/span[2])[" + i + "]": null

2018-07-05 20:28:24 - [TEST_STEP][PASSED] - Statement - println(groupXpath): null

2018-07-05 20:28:24 - [TEST_STEP][PASSED] - Statement - childgroup = driver.findElement(org.openqa.selenium.By.xpath(groupXpath)).getText(): null

2018-07-05 20:28:24 - [TEST_STEP][PASSED] - Statement - println(childgroup): null

2018-07-05 20:28:24 - [TEST_STEP][PASSED] - Statement - subGroupList[i - 1] = childgroup: null

2018-07-05 20:28:24 - [TEST_STEP][PASSED] - Statement - groupXpath = "(//span[@title='" + groupName + "']/following-sibling::ul/li/span[3]/span[2])[" + i + "]": null

2018-07-05 20:28:24 - [TEST_STEP][PASSED] - Statement - println(groupXpath): null

2018-07-05 20:28:24 - [TEST_STEP][PASSED] - Statement - childgroup = driver.findElement(org.openqa.selenium.By.xpath(groupXpath)).getText(): null

2018-07-05 20:28:24 - [TEST_STEP][PASSED] - Statement - println(childgroup): null

2018-07-05 20:28:24 - [TEST_STEP][PASSED] - Statement - subGroupList[i - 1] = childgroup: null

2018-07-05 20:28:24 - [TEST_STEP][PASSED] - Statement - groupXpath = "(//span[@title='" + groupName + "']/following-sibling::ul/li/span[3]/span[2])[" + i + "]": null

2018-07-05 20:28:24 - [TEST_STEP][PASSED] - Statement - println(groupXpath): null

2018-07-05 20:28:24 - [TEST_STEP][PASSED] - Statement - childgroup = driver.findElement(org.openqa.selenium.By.xpath(groupXpath)).getText(): null

2018-07-05 20:28:24 - [TEST_STEP][PASSED] - Statement - println(childgroup): null

2018-07-05 20:28:24 - [TEST_STEP][PASSED] - Statement - subGroupList[i - 1] = childgroup: null

2018-07-05 20:28:24 - [TEST_STEP][PASSED] - Statement - groupXpath = "(//span[@title='" + groupName + "']/following-sibling::ul/li/span[3]/span[2])[" + i + "]": null

2018-07-05 20:28:24 - [TEST_STEP][PASSED] - Statement - println(groupXpath): null

2018-07-05 20:28:24 - [TEST_STEP][PASSED] - Statement - childgroup = driver.findElement(org.openqa.selenium.By.xpath(groupXpath)).getText(): null

2018-07-05 20:28:24 - [TEST_STEP][PASSED] - Statement - println(childgroup): null

2018-07-05 20:28:24 - [TEST_STEP][PASSED] - Statement - subGroupList[i - 1] = childgroup: null

2018-07-05 20:28:24 - [TEST_STEP][PASSED] - Statement - groupXpath = "(//span[@title='" + groupName + "']/following-sibling::ul/li/span[3]/span[2])[" + i + "]": null

2018-07-05 20:28:24 - [TEST_STEP][PASSED] - Statement - println(groupXpath): null

2018-07-05 20:28:24 - [TEST_STEP][PASSED] - Statement - childgroup = driver.findElement(org.openqa.selenium.By.xpath(groupXpath)).getText(): null

2018-07-05 20:28:24 - [TEST_STEP][PASSED] - Statement - println(childgroup): null

2018-07-05 20:28:24 - [TEST_STEP][PASSED] - Statement - subGroupList[i - 1] = childgroup: null

2018-07-05 20:28:24 - [TEST_STEP][PASSED] - Statement - groupXpath = "(//span[@title='" + groupName + "']/following-sibling::ul/li/span[3]/span[2])[" + i + "]": null

2018-07-05 20:28:24 - [TEST_STEP][PASSED] - Statement - println(groupXpath): null

2018-07-05 20:28:24 - [TEST_STEP][PASSED] - Statement - childgroup = driver.findElement(org.openqa.selenium.By.xpath(groupXpath)).getText(): null

2018-07-05 20:28:24 - [TEST_STEP][PASSED] - Statement - println(childgroup): null

2018-07-05 20:28:24 - [TEST_STEP][PASSED] - Statement - subGroupList[i - 1] = childgroup: null

2018-07-05 20:28:24 - [TEST_STEP][PASSED] - Statement - groupXpath = "(//span[@title='" + groupName + "']/following-sibling::ul/li/span[3]/span[2])[" + i + "]": null

2018-07-05 20:28:24 - [TEST_STEP][PASSED] - Statement - println(groupXpath): null

2018-07-05 20:28:24 - [TEST_STEP][PASSED] - Statement - childgroup = driver.findElement(org.openqa.selenium.By.xpath(groupXpath)).getText(): null

2018-07-05 20:28:25 - [TEST_STEP][PASSED] - Statement - println(childgroup): null

2018-07-05 20:28:25 - [TEST_STEP][PASSED] - Statement - subGroupList[i - 1] = childgroup: null

2018-07-05 20:28:25 - [TEST_STEP][PASSED] - Statement - groupXpath = "(//span[@title='" + groupName + "']/following-sibling::ul/li/span[3]/span[2])[" + i + "]": null

2018-07-05 20:28:25 - [TEST_STEP][PASSED] - Statement - println(groupXpath): null

2018-07-05 20:28:25 - [TEST_STEP][PASSED] - Statement - childgroup = driver.findElement(org.openqa.selenium.By.xpath(groupXpath)).getText(): null

2018-07-05 20:28:25 - [TEST_STEP][PASSED] - Statement - println(childgroup): null

2018-07-05 20:28:25 - [TEST_STEP][PASSED] - Statement - subGroupList[i - 1] = childgroup: null

2018-07-05 20:28:25 - [TEST_STEP][PASSED] - Statement - groupXpath = "(//span[@title='" + groupName + "']/following-sibling::ul/li/span[3]/span[2])[" + i + "]": null

2018-07-05 20:28:25 - [TEST_STEP][PASSED] - Statement - println(groupXpath): null

2018-07-05 20:28:25 - [TEST_STEP][PASSED] - Statement - childgroup = driver.findElement(org.openqa.selenium.By.xpath(groupXpath)).getText(): null

2018-07-05 20:28:25 - [TEST_STEP][PASSED] - Statement - println(childgroup): null

2018-07-05 20:28:25 - [TEST_STEP][PASSED] - Statement - subGroupList[i - 1] = childgroup: null

2018-07-05 20:28:25 - [TEST_STEP][PASSED] - Statement - groupXpath = "(//span[@title='" + groupName + "']/following-sibling::ul/li/span[3]/span[2])[" + i + "]": null

2018-07-05 20:28:25 - [TEST_STEP][PASSED] - Statement - println(groupXpath): null

2018-07-05 20:28:25 - [TEST_STEP][PASSED] - Statement - childgroup = driver.findElement(org.openqa.selenium.By.xpath(groupXpath)).getText(): null

2018-07-05 20:28:25 - [TEST_STEP][PASSED] - Statement - println(childgroup): null

2018-07-05 20:28:25 - [TEST_STEP][PASSED] - Statement - subGroupList[i - 1] = childgroup: null

2018-07-05 20:28:25 - [TEST_STEP][PASSED] - Statement - groupXpath = "(//span[@title='" + groupName + "']/following-sibling::ul/li/span[3]/span[2])[" + i + "]": null

2018-07-05 20:28:25 - [TEST_STEP][PASSED] - Statement - println(groupXpath): null

2018-07-05 20:28:25 - [TEST_STEP][PASSED] - Statement - childgroup = driver.findElement(org.openqa.selenium.By.xpath(groupXpath)).getText(): null

2018-07-05 20:28:25 - [TEST_STEP][PASSED] - Statement - println(childgroup): null

2018-07-05 20:28:25 - [TEST_STEP][PASSED] - Statement - subGroupList[i - 1] = childgroup: null

2018-07-05 20:28:25 - [TEST_STEP][PASSED] - Statement - groupXpath = "(//span[@title='" + groupName + "']/following-sibling::ul/li/span[3]/span[2])[" + i + "]": null

2018-07-05 20:28:25 - [TEST_STEP][PASSED] - Statement - println(groupXpath): null

2018-07-05 20:28:25 - [TEST_STEP][PASSED] - Statement - childgroup = driver.findElement(org.openqa.selenium.By.xpath(groupXpath)).getText(): null

2018-07-05 20:28:25 - [TEST_STEP][PASSED] - Statement - println(childgroup): null

2018-07-05 20:28:25 - [TEST_STEP][PASSED] - Statement - subGroupList[i - 1] = childgroup: null

2018-07-05 20:28:25 - [TEST_STEP][PASSED] - Statement - groupXpath = "(//span[@title='" + groupName + "']/following-sibling::ul/li/span[3]/span[2])[" + i + "]": null

2018-07-05 20:28:25 - [TEST_STEP][PASSED] - Statement - println(groupXpath): null

2018-07-05 20:28:25 - [TEST_STEP][PASSED] - Statement - childgroup = driver.findElement(org.openqa.selenium.By.xpath(groupXpath)).getText(): null

2018-07-05 20:28:25 - [TEST_STEP][PASSED] - Statement - println(childgroup): null

2018-07-05 20:28:25 - [TEST_STEP][PASSED] - Statement - subGroupList[i - 1] = childgroup: null

2018-07-05 20:28:25 - [TEST_STEP][PASSED] - Statement - groupXpath = "(//span[@title='" + groupName + "']/following-sibling::ul/li/span[3]/span[2])[" + i + "]": null

2018-07-05 20:28:25 - [TEST_STEP][PASSED] - Statement - println(groupXpath): null

2018-07-05 20:28:25 - [TEST_STEP][PASSED] - Statement - childgroup = driver.findElement(org.openqa.selenium.By.xpath(groupXpath)).getText(): null

2018-07-05 20:28:25 - [TEST_STEP][PASSED] - Statement - println(childgroup): null

2018-07-05 20:28:25 - [TEST_STEP][PASSED] - Statement - subGroupList[i - 1] = childgroup: null

2018-07-05 20:28:25 - [TEST_STEP][PASSED] - Statement - groupXpath = "(//span[@title='" + groupName + "']/following-sibling::ul/li/span[3]/span[2])[" + i + "]": null

2018-07-05 20:28:25 - [TEST_STEP][PASSED] - Statement - println(groupXpath): null

2018-07-05 20:28:25 - [TEST_STEP][PASSED] - Statement - childgroup = driver.findElement(org.openqa.selenium.By.xpath(groupXpath)).getText(): null

2018-07-05 20:28:25 - [TEST_STEP][PASSED] - Statement - println(childgroup): null

2018-07-05 20:28:25 - [TEST_STEP][PASSED] - Statement - subGroupList[i - 1] = childgroup: null

2018-07-05 20:28:25 - [TEST_STEP][PASSED] - Statement - groupXpath = "(//span[@title='" + groupName + "']/following-sibling::ul/li/span[3]/span[2])[" + i + "]": null

2018-07-05 20:28:25 - [TEST_STEP][PASSED] - Statement - println(groupXpath): null

2018-07-05 20:28:25 - [TEST_STEP][PASSED] - Statement - childgroup = driver.findElement(org.openqa.selenium.By.xpath(groupXpath)).getText(): null

2018-07-05 20:28:25 - [TEST_STEP][PASSED] - Statement - println(childgroup): null

2018-07-05 20:28:25 - [TEST_STEP][PASSED] - Statement - subGroupList[i - 1] = childgroup: null

2018-07-05 20:28:25 - [TEST_STEP][PASSED] - Statement - groupXpath = "(//span[@title='" + groupName + "']/following-sibling::ul/li/span[3]/span[2])[" + i + "]": null

2018-07-05 20:28:25 - [TEST_STEP][PASSED] - Statement - println(groupXpath): null

2018-07-05 20:28:25 - [TEST_STEP][PASSED] - Statement - childgroup = driver.findElement(org.openqa.selenium.By.xpath(groupXpath)).getText(): null

2018-07-05 20:28:25 - [TEST_STEP][PASSED] - Statement - println(childgroup): null

2018-07-05 20:28:25 - [TEST_STEP][PASSED] - Statement - subGroupList[i - 1] = childgroup: null

2018-07-05 20:28:25 - [TEST_STEP][PASSED] - Statement - groupXpath = "(//span[@title='" + groupName + "']/following-sibling::ul/li/span[3]/span[2])[" + i + "]": null

2018-07-05 20:28:25 - [TEST_STEP][PASSED] - Statement - println(groupXpath): null

2018-07-05 20:28:25 - [TEST_STEP][PASSED] - Statement - childgroup = driver.findElement(org.openqa.selenium.By.xpath(groupXpath)).getText(): null

2018-07-05 20:28:25 - [TEST_STEP][PASSED] - Statement - println(childgroup): null

2018-07-05 20:28:25 - [TEST_STEP][PASSED] - Statement - subGroupList[i - 1] = childgroup: null

2018-07-05 20:28:25 - [TEST_STEP][PASSED] - Statement - groupXpath = "(//span[@title='" + groupName + "']/following-sibling::ul/li/span[3]/span[2])[" + i + "]": null

2018-07-05 20:28:25 - [TEST_STEP][PASSED] - Statement - println(groupXpath): null

2018-07-05 20:28:25 - [TEST_STEP][PASSED] - Statement - childgroup = driver.findElement(org.openqa.selenium.By.xpath(groupXpath)).getText(): null

2018-07-05 20:28:25 - [TEST_STEP][PASSED] - Statement - println(childgroup): null

2018-07-05 20:28:25 - [TEST_STEP][PASSED] - Statement - subGroupList[i - 1] = childgroup: null

2018-07-05 20:28:25 - [TEST_STEP][PASSED] - Statement - groupXpath = "(//span[@title='" + groupName + "']/following-sibling::ul/li/span[3]/span[2])[" + i + "]": null

2018-07-05 20:28:25 - [TEST_STEP][PASSED] - Statement - println(groupXpath): null

2018-07-05 20:28:25 - [TEST_STEP][PASSED] - Statement - childgroup = driver.findElement(org.openqa.selenium.By.xpath(groupXpath)).getText(): null

2018-07-05 20:28:25 - [TEST_STEP][PASSED] - Statement - println(childgroup): null

2018-07-05 20:28:25 - [TEST_STEP][PASSED] - Statement - subGroupList[i - 1] = childgroup: null

2018-07-05 20:28:25 - [TEST_STEP][PASSED] - Statement - groupXpath = "(//span[@title='" + groupName + "']/following-sibling::ul/li/span[3]/span[2])[" + i + "]": null

2018-07-05 20:28:25 - [TEST_STEP][PASSED] - Statement - println(groupXpath): null

2018-07-05 20:28:25 - [TEST_STEP][PASSED] - Statement - childgroup = driver.findElement(org.openqa.selenium.By.xpath(groupXpath)).getText(): null

2018-07-05 20:28:25 - [TEST_STEP][PASSED] - Statement - println(childgroup): null

2018-07-05 20:28:25 - [TEST_STEP][PASSED] - Statement - subGroupList[i - 1] = childgroup: null

2018-07-05 20:28:25 - [TEST_STEP][PASSED] - Statement - groupXpath = "(//span[@title='" + groupName + "']/following-sibling::ul/li/span[3]/span[2])[" + i + "]": null

2018-07-05 20:28:25 - [TEST_STEP][PASSED] - Statement - println(groupXpath): null

2018-07-05 20:28:25 - [TEST_STEP][PASSED] - Statement - childgroup = driver.findElement(org.openqa.selenium.By.xpath(groupXpath)).getText(): null

2018-07-05 20:28:25 - [TEST_STEP][PASSED] - Statement - println(childgroup): null

2018-07-05 20:28:25 - [TEST_STEP][PASSED] - Statement - subGroupList[i - 1] = childgroup: null

2018-07-05 20:28:25 - [TEST_STEP][PASSED] - Statement - groupXpath = "(//span[@title='" + groupName + "']/following-sibling::ul/li/span[3]/span[2])[" + i + "]": null

2018-07-05 20:28:25 - [TEST_STEP][PASSED] - Statement - println(groupXpath): null

2018-07-05 20:28:25 - [TEST_STEP][PASSED] - Statement - childgroup = driver.findElement(org.openqa.selenium.By.xpath(groupXpath)).getText(): null

2018-07-05 20:28:25 - [TEST_STEP][PASSED] - Statement - println(childgroup): null

2018-07-05 20:28:25 - [TEST_STEP][PASSED] - Statement - subGroupList[i - 1] = childgroup: null

2018-07-05 20:28:25 - [TEST_STEP][PASSED] - Statement - groupXpath = "(//span[@title='" + groupName + "']/following-sibling::ul/li/span[3]/span[2])[" + i + "]": null

2018-07-05 20:28:25 - [TEST_STEP][PASSED] - Statement - println(groupXpath): null

2018-07-05 20:28:25 - [TEST_STEP][PASSED] - Statement - childgroup = driver.findElement(org.openqa.selenium.By.xpath(groupXpath)).getText(): null

2018-07-05 20:28:25 - [TEST_STEP][PASSED] - Statement - println(childgroup): null

2018-07-05 20:28:25 - [TEST_STEP][PASSED] - Statement - subGroupList[i - 1] = childgroup: null

2018-07-05 20:28:25 - [TEST_STEP][PASSED] - Statement - groupXpath = "(//span[@title='" + groupName + "']/following-sibling::ul/li/span[3]/span[2])[" + i + "]": null

2018-07-05 20:28:25 - [TEST_STEP][PASSED] - Statement - println(groupXpath): null

2018-07-05 20:28:25 - [TEST_STEP][PASSED] - Statement - childgroup = driver.findElement(org.openqa.selenium.By.xpath(groupXpath)).getText(): null

2018-07-05 20:28:25 - [TEST_STEP][PASSED] - Statement - println(childgroup): null

2018-07-05 20:28:25 - [TEST_STEP][PASSED] - Statement - subGroupList[i - 1] = childgroup: null

2018-07-05 20:28:25 - [TEST_STEP][PASSED] - Statement - groupXpath = "(//span[@title='" + groupName + "']/following-sibling::ul/li/span[3]/span[2])[" + i + "]": null

2018-07-05 20:28:25 - [TEST_STEP][PASSED] - Statement - println(groupXpath): null

2018-07-05 20:28:25 - [TEST_STEP][PASSED] - Statement - childgroup = driver.findElement(org.openqa.selenium.By.xpath(groupXpath)).getText(): null

2018-07-05 20:28:25 - [TEST_STEP][PASSED] - Statement - println(childgroup): null

2018-07-05 20:28:25 - [TEST_STEP][PASSED] - Statement - subGroupList[i - 1] = childgroup: null

2018-07-05 20:28:25 - [TEST_STEP][PASSED] - Statement - groupXpath = "(//span[@title='" + groupName + "']/following-sibling::ul/li/span[3]/span[2])[" + i + "]": null

2018-07-05 20:28:25 - [TEST_STEP][PASSED] - Statement - println(groupXpath): null

2018-07-05 20:28:25 - [TEST_STEP][PASSED] - Statement - childgroup = driver.findElement(org.openqa.selenium.By.xpath(groupXpath)).getText(): null

2018-07-05 20:28:25 - [TEST_STEP][PASSED] - Statement - println(childgroup): null

2018-07-05 20:28:25 - [TEST_STEP][PASSED] - Statement - subGroupList[i - 1] = childgroup: null

2018-07-05 20:28:25 - [TEST_STEP][PASSED] - Statement - groupXpath = "(//span[@title='" + groupName + "']/following-sibling::ul/li/span[3]/span[2])[" + i + "]": null

2018-07-05 20:28:25 - [TEST_STEP][PASSED] - Statement - println(groupXpath): null

2018-07-05 20:28:25 - [TEST_STEP][PASSED] - Statement - childgroup = driver.findElement(org.openqa.selenium.By.xpath(groupXpath)).getText(): null

2018-07-05 20:28:25 - [TEST_STEP][PASSED] - Statement - println(childgroup): null

2018-07-05 20:28:25 - [TEST_STEP][PASSED] - Statement - subGroupList[i - 1] = childgroup: null

2018-07-05 20:28:25 - [TEST_STEP][PASSED] - Statement - groupXpath = "(//span[@title='" + groupName + "']/following-sibling::ul/li/span[3]/span[2])[" + i + "]": null

2018-07-05 20:28:25 - [TEST_STEP][PASSED] - Statement - println(groupXpath): null

2018-07-05 20:28:25 - [TEST_STEP][PASSED] - Statement - childgroup = driver.findElement(org.openqa.selenium.By.xpath(groupXpath)).getText(): null

2018-07-05 20:28:25 - [TEST_STEP][PASSED] - Statement - println(childgroup): null

2018-07-05 20:28:25 - [TEST_STEP][PASSED] - Statement - subGroupList[i - 1] = childgroup: null

2018-07-05 20:28:25 - [TEST_STEP][PASSED] - Statement - groupXpath = "(//span[@title='" + groupName + "']/following-sibling::ul/li/span[3]/span[2])[" + i + "]": null

2018-07-05 20:28:25 - [TEST_STEP][PASSED] - Statement - println(groupXpath): null

2018-07-05 20:28:25 - [TEST_STEP][PASSED] - Statement - childgroup = driver.findElement(org.openqa.selenium.By.xpath(groupXpath)).getText(): null

2018-07-05 20:28:25 - [TEST_STEP][PASSED] - Statement - println(childgroup): null

2018-07-05 20:28:25 - [TEST_STEP][PASSED] - Statement - subGroupList[i - 1] = childgroup: null

2018-07-05 20:28:25 - [TEST_STEP][PASSED] - Statement - groupXpath = "(//span[@title='" + groupName + "']/following-sibling::ul/li/span[3]/span[2])[" + i + "]": null

2018-07-05 20:28:25 - [TEST_STEP][PASSED] - Statement - println(groupXpath): null

2018-07-05 20:28:25 - [TEST_STEP][PASSED] - Statement - childgroup = driver.findElement(org.openqa.selenium.By.xpath(groupXpath)).getText(): null

2018-07-05 20:28:25 - [TEST_STEP][PASSED] - Statement - println(childgroup): null

2018-07-05 20:28:25 - [TEST_STEP][PASSED] - Statement - subGroupList[i - 1] = childgroup: null

2018-07-05 20:28:25 - [TEST_STEP][PASSED] - Statement - groupXpath = "(//span[@title='" + groupName + "']/following-sibling::ul/li/span[3]/span[2])[" + i + "]": null

2018-07-05 20:28:25 - [TEST_STEP][PASSED] - Statement - println(groupXpath): null

2018-07-05 20:28:25 - [TEST_STEP][PASSED] - Statement - childgroup = driver.findElement(org.openqa.selenium.By.xpath(groupXpath)).getText(): null

2018-07-05 20:28:25 - [TEST_STEP][PASSED] - Statement - println(childgroup): null

2018-07-05 20:28:25 - [TEST_STEP][PASSED] - Statement - subGroupList[i - 1] = childgroup: null

2018-07-05 20:28:25 - [TEST_STEP][PASSED] - Statement - groupXpath = "(//span[@title='" + groupName + "']/following-sibling::ul/li/span[3]/span[2])[" + i + "]": null

2018-07-05 20:28:25 - [TEST_STEP][PASSED] - Statement - println(groupXpath): null

2018-07-05 20:28:25 - [TEST_STEP][PASSED] - Statement - childgroup = driver.findElement(org.openqa.selenium.By.xpath(groupXpath)).getText(): null

2018-07-05 20:28:25 - [TEST_STEP][PASSED] - Statement - println(childgroup): null

2018-07-05 20:28:25 - [TEST_STEP][PASSED] - Statement - subGroupList[i - 1] = childgroup: null

2018-07-05 20:28:25 - [TEST_STEP][PASSED] - Statement - groupXpath = "(//span[@title='" + groupName + "']/following-sibling::ul/li/span[3]/span[2])[" + i + "]": null

2018-07-05 20:28:25 - [TEST_STEP][PASSED] - Statement - println(groupXpath): null

2018-07-05 20:28:25 - [TEST_STEP][PASSED] - Statement - childgroup = driver.findElement(org.openqa.selenium.By.xpath(groupXpath)).getText(): null

2018-07-05 20:28:25 - [TEST_STEP][PASSED] - Statement - println(childgroup): null

2018-07-05 20:28:25 - [TEST_STEP][PASSED] - Statement - subGroupList[i - 1] = childgroup: null

2018-07-05 20:28:25 - [TEST_STEP][PASSED] - Statement - groupXpath = "(//span[@title='" + groupName + "']/following-sibling::ul/li/span[3]/span[2])[" + i + "]": null

2018-07-05 20:28:25 - [TEST_STEP][PASSED] - Statement - println(groupXpath): null

2018-07-05 20:28:25 - [TEST_STEP][PASSED] - Statement - childgroup = driver.findElement(org.openqa.selenium.By.xpath(groupXpath)).getText(): null

2018-07-05 20:28:25 - [TEST_STEP][PASSED] - Statement - println(childgroup): null

2018-07-05 20:28:25 - [TEST_STEP][PASSED] - Statement - subGroupList[i - 1] = childgroup: null

2018-07-05 20:28:25 - [TEST_STEP][PASSED] - Statement - groupXpath = "(//span[@title='" + groupName + "']/following-sibling::ul/li/span[3]/span[2])[" + i + "]": null

2018-07-05 20:28:25 - [TEST_STEP][PASSED] - Statement - println(groupXpath): null

2018-07-05 20:28:25 - [TEST_STEP][PASSED] - Statement - childgroup = driver.findElement(org.openqa.selenium.By.xpath(groupXpath)).getText(): null

2018-07-05 20:28:25 - [TEST_STEP][PASSED] - Statement - println(childgroup): null

2018-07-05 20:28:25 - [TEST_STEP][PASSED] - Statement - subGroupList[i - 1] = childgroup: null

2018-07-05 20:28:25 - [TEST_STEP][PASSED] - Statement - groupXpath = "(//span[@title='" + groupName + "']/following-sibling::ul/li/span[3]/span[2])[" + i + "]": null

2018-07-05 20:28:25 - [TEST_STEP][PASSED] - Statement - println(groupXpath): null

2018-07-05 20:28:25 - [TEST_STEP][PASSED] - Statement - childgroup = driver.findElement(org.openqa.selenium.By.xpath(groupXpath)).getText(): null

2018-07-05 20:28:25 - [TEST_STEP][PASSED] - Statement - println(childgroup): null

2018-07-05 20:28:25 - [TEST_STEP][PASSED] - Statement - subGroupList[i - 1] = childgroup: null

2018-07-05 20:28:25 - [TEST_STEP][PASSED] - Statement - groupXpath = "(//span[@title='" + groupName + "']/following-sibling::ul/li/span[3]/span[2])[" + i + "]": null

2018-07-05 20:28:25 - [TEST_STEP][PASSED] - Statement - println(groupXpath): null

2018-07-05 20:28:25 - [TEST_STEP][PASSED] - Statement - childgroup = driver.findElement(org.openqa.selenium.By.xpath(groupXpath)).getText(): null

2018-07-05 20:28:25 - [TEST_STEP][PASSED] - Statement - println(childgroup): null

2018-07-05 20:28:25 - [TEST_STEP][PASSED] - Statement - subGroupList[i - 1] = childgroup: null

2018-07-05 20:28:25 - [TEST_STEP][PASSED] - Statement - groupXpath = "(//span[@title='" + groupName + "']/following-sibling::ul/li/span[3]/span[2])[" + i + "]": null

2018-07-05 20:28:25 - [TEST_STEP][PASSED] - Statement - println(groupXpath): null

2018-07-05 20:28:25 - [TEST_STEP][PASSED] - Statement - childgroup = driver.findElement(org.openqa.selenium.By.xpath(groupXpath)).getText(): null

2018-07-05 20:28:25 - [TEST_STEP][PASSED] - Statement - println(childgroup): null

2018-07-05 20:28:25 - [TEST_STEP][PASSED] - Statement - subGroupList[i - 1] = childgroup: null

2018-07-05 20:28:25 - [TEST_STEP][PASSED] - Statement - groupXpath = "(//span[@title='" + groupName + "']/following-sibling::ul/li/span[3]/span[2])[" + i + "]": null

2018-07-05 20:28:25 - [TEST_STEP][PASSED] - Statement - println(groupXpath): null

2018-07-05 20:28:25 - [TEST_STEP][PASSED] - Statement - childgroup = driver.findElement(org.openqa.selenium.By.xpath(groupXpath)).getText(): null

2018-07-05 20:28:26 - [TEST_STEP][PASSED] - Statement - println(childgroup): null

2018-07-05 20:28:26 - [TEST_STEP][PASSED] - Statement - subGroupList[i - 1] = childgroup: null

2018-07-05 20:28:26 - [TEST_STEP][PASSED] - Statement - groupXpath = "(//span[@title='" + groupName + "']/following-sibling::ul/li/span[3]/span[2])[" + i + "]": null

2018-07-05 20:28:26 - [TEST_STEP][PASSED] - Statement - println(groupXpath): null

2018-07-05 20:28:26 - [TEST_STEP][PASSED] - Statement - childgroup = driver.findElement(org.openqa.selenium.By.xpath(groupXpath)).getText(): null

2018-07-05 20:28:26 - [TEST_STEP][PASSED] - Statement - println(childgroup): null

2018-07-05 20:28:26 - [TEST_STEP][PASSED] - Statement - subGroupList[i - 1] = childgroup: null

2018-07-05 20:28:26 - [TEST_STEP][PASSED] - Statement - groupXpath = "(//span[@title='" + groupName + "']/following-sibling::ul/li/span[3]/span[2])[" + i + "]": null

2018-07-05 20:28:26 - [TEST_STEP][PASSED] - Statement - println(groupXpath): null

2018-07-05 20:28:26 - [TEST_STEP][PASSED] - Statement - childgroup = driver.findElement(org.openqa.selenium.By.xpath(groupXpath)).getText(): null

2018-07-05 20:28:26 - [TEST_STEP][PASSED] - Statement - println(childgroup): null

2018-07-05 20:28:26 - [TEST_STEP][PASSED] - Statement - subGroupList[i - 1] = childgroup: null

2018-07-05 20:28:26 - [TEST_STEP][PASSED] - Statement - groupXpath = "(//span[@title='" + groupName + "']/following-sibling::ul/li/span[3]/span[2])[" + i + "]": null

2018-07-05 20:28:26 - [TEST_STEP][PASSED] - Statement - println(groupXpath): null

2018-07-05 20:28:26 - [TEST_STEP][PASSED] - Statement - childgroup = driver.findElement(org.openqa.selenium.By.xpath(groupXpath)).getText(): null

2018-07-05 20:28:26 - [TEST_STEP][PASSED] - Statement - println(childgroup): null

2018-07-05 20:28:26 - [TEST_STEP][PASSED] - Statement - subGroupList[i - 1] = childgroup: null

2018-07-05 20:28:26 - [TEST_STEP][PASSED] - Statement - groupXpath = "(//span[@title='" + groupName + "']/following-sibling::ul/li/span[3]/span[2])[" + i + "]": null

2018-07-05 20:28:26 - [TEST_STEP][PASSED] - Statement - println(groupXpath): null

2018-07-05 20:28:26 - [TEST_STEP][PASSED] - Statement - childgroup = driver.findElement(org.openqa.selenium.By.xpath(groupXpath)).getText(): null

2018-07-05 20:28:26 - [TEST_STEP][PASSED] - Statement - println(childgroup): null

2018-07-05 20:28:26 - [TEST_STEP][PASSED] - Statement - subGroupList[i - 1] = childgroup: null

2018-07-05 20:28:26 - [TEST_STEP][PASSED] - Statement - groupXpath = "(//span[@title='" + groupName + "']/following-sibling::ul/li/span[3]/span[2])[" + i + "]": null

2018-07-05 20:28:26 - [TEST_STEP][PASSED] - Statement - println(groupXpath): null

2018-07-05 20:28:26 - [TEST_STEP][PASSED] - Statement - childgroup = driver.findElement(org.openqa.selenium.By.xpath(groupXpath)).getText(): null

2018-07-05 20:28:26 - [TEST_STEP][PASSED] - Statement - println(childgroup): null

2018-07-05 20:28:26 - [TEST_STEP][PASSED] - Statement - subGroupList[i - 1] = childgroup: null

2018-07-05 20:28:26 - [TEST_STEP][PASSED] - Statement - groupXpath = "(//span[@title='" + groupName + "']/following-sibling::ul/li/span[3]/span[2])[" + i + "]": null

2018-07-05 20:28:26 - [TEST_STEP][PASSED] - Statement - println(groupXpath): null

2018-07-05 20:28:26 - [TEST_STEP][PASSED] - Statement - childgroup = driver.findElement(org.openqa.selenium.By.xpath(groupXpath)).getText(): null

2018-07-05 20:28:26 - [TEST_STEP][PASSED] - Statement - println(childgroup): null

2018-07-05 20:28:26 - [TEST_STEP][PASSED] - Statement - subGroupList[i - 1] = childgroup: null

2018-07-05 20:28:26 - [TEST_STEP][PASSED] - Statement - groupXpath = "(//span[@title='" + groupName + "']/following-sibling::ul/li/span[3]/span[2])[" + i + "]": null

2018-07-05 20:28:26 - [TEST_STEP][PASSED] - Statement - println(groupXpath): null

2018-07-05 20:28:26 - [TEST_STEP][PASSED] - Statement - childgroup = driver.findElement(org.openqa.selenium.By.xpath(groupXpath)).getText(): null

2018-07-05 20:28:26 - [TEST_STEP][PASSED] - Statement - println(childgroup): null

2018-07-05 20:28:26 - [TEST_STEP][PASSED] - Statement - subGroupList[i - 1] = childgroup: null

2018-07-05 20:28:26 - [TEST_STEP][PASSED] - Statement - groupXpath = "(//span[@title='" + groupName + "']/following-sibling::ul/li/span[3]/span[2])[" + i + "]": null

2018-07-05 20:28:26 - [TEST_STEP][PASSED] - Statement - println(groupXpath): null

2018-07-05 20:28:26 - [TEST_STEP][PASSED] - Statement - childgroup = driver.findElement(org.openqa.selenium.By.xpath(groupXpath)).getText(): null

2018-07-05 20:28:26 - [TEST_STEP][PASSED] - Statement - println(childgroup): null

2018-07-05 20:28:26 - [TEST_STEP][PASSED] - Statement - subGroupList[i - 1] = childgroup: null

2018-07-05 20:28:26 - [TEST_STEP][PASSED] - Statement - groupXpath = "(//span[@title='" + groupName + "']/following-sibling::ul/li/span[3]/span[2])[" + i + "]": null

2018-07-05 20:28:26 - [TEST_STEP][PASSED] - Statement - println(groupXpath): null

2018-07-05 20:28:26 - [TEST_STEP][PASSED] - Statement - childgroup = driver.findElement(org.openqa.selenium.By.xpath(groupXpath)).getText(): null

2018-07-05 20:28:26 - [TEST_STEP][PASSED] - Statement - println(childgroup): null

2018-07-05 20:28:26 - [TEST_STEP][PASSED] - Statement - subGroupList[i - 1] = childgroup: null

2018-07-05 20:28:26 - [TEST_STEP][PASSED] - Statement - groupXpath = "(//span[@title='" + groupName + "']/following-sibling::ul/li/span[3]/span[2])[" + i + "]": null

2018-07-05 20:28:26 - [TEST_STEP][PASSED] - Statement - println(groupXpath): null

2018-07-05 20:28:26 - [TEST_STEP][PASSED] - Statement - childgroup = driver.findElement(org.openqa.selenium.By.xpath(groupXpath)).getText(): null

2018-07-05 20:28:26 - [TEST_STEP][PASSED] - Statement - println(childgroup): null

2018-07-05 20:28:26 - [TEST_STEP][PASSED] - Statement - subGroupList[i - 1] = childgroup: null

2018-07-05 20:28:26 - [TEST_STEP][PASSED] - Statement - groupXpath = "(//span[@title='" + groupName + "']/following-sibling::ul/li/span[3]/span[2])[" + i + "]": null

2018-07-05 20:28:26 - [TEST_STEP][PASSED] - Statement - println(groupXpath): null

2018-07-05 20:28:26 - [TEST_STEP][PASSED] - Statement - childgroup = driver.findElement(org.openqa.selenium.By.xpath(groupXpath)).getText(): null

2018-07-05 20:28:26 - [TEST_STEP][PASSED] - Statement - println(childgroup): null

2018-07-05 20:28:26 - [TEST_STEP][PASSED] - Statement - subGroupList[i - 1] = childgroup: null

2018-07-05 20:28:26 - [TEST_STEP][PASSED] - Statement - groupXpath = "(//span[@title='" + groupName + "']/following-sibling::ul/li/span[3]/span[2])[" + i + "]": null

2018-07-05 20:28:26 - [TEST_STEP][PASSED] - Statement - println(groupXpath): null

2018-07-05 20:28:26 - [TEST_STEP][PASSED] - Statement - childgroup = driver.findElement(org.openqa.selenium.By.xpath(groupXpath)).getText(): null

2018-07-05 20:28:26 - [TEST_STEP][PASSED] - Statement - println(childgroup): null

2018-07-05 20:28:26 - [TEST_STEP][PASSED] - Statement - subGroupList[i - 1] = childgroup: null

2018-07-05 20:28:26 - [TEST_STEP][PASSED] - Statement - groupXpath = "(//span[@title='" + groupName + "']/following-sibling::ul/li/span[3]/span[2])[" + i + "]": null

2018-07-05 20:28:26 - [TEST_STEP][PASSED] - Statement - println(groupXpath): null

2018-07-05 20:28:26 - [TEST_STEP][PASSED] - Statement - childgroup = driver.findElement(org.openqa.selenium.By.xpath(groupXpath)).getText(): null

2018-07-05 20:28:26 - [TEST_STEP][PASSED] - Statement - println(childgroup): null

2018-07-05 20:28:26 - [TEST_STEP][PASSED] - Statement - subGroupList[i - 1] = childgroup: null

2018-07-05 20:28:26 - [TEST_STEP][PASSED] - Statement - groupXpath = "(//span[@title='" + groupName + "']/following-sibling::ul/li/span[3]/span[2])[" + i + "]": null

2018-07-05 20:28:26 - [TEST_STEP][PASSED] - Statement - println(groupXpath): null

2018-07-05 20:28:26 - [TEST_STEP][PASSED] - Statement - childgroup = driver.findElement(org.openqa.selenium.By.xpath(groupXpath)).getText(): null

2018-07-05 20:28:26 - [TEST_STEP][PASSED] - Statement - println(childgroup): null

2018-07-05 20:28:26 - [TEST_STEP][PASSED] - Statement - subGroupList[i - 1] = childgroup: null

2018-07-05 20:28:26 - [TEST_STEP][PASSED] - Statement - groupXpath = "(//span[@title='" + groupName + "']/following-sibling::ul/li/span[3]/span[2])[" + i + "]": null

2018-07-05 20:28:26 - [TEST_STEP][PASSED] - Statement - println(groupXpath): null

2018-07-05 20:28:26 - [TEST_STEP][PASSED] - Statement - childgroup = driver.findElement(org.openqa.selenium.By.xpath(groupXpath)).getText(): null

2018-07-05 20:28:26 - [TEST_STEP][PASSED] - Statement - println(childgroup): null

2018-07-05 20:28:26 - [TEST_STEP][PASSED] - Statement - subGroupList[i - 1] = childgroup: null

2018-07-05 20:28:26 - [TEST_STEP][PASSED] - Statement - groupXpath = "(//span[@title='" + groupName + "']/following-sibling::ul/li/span[3]/span[2])[" + i + "]": null

2018-07-05 20:28:26 - [TEST_STEP][PASSED] - Statement - println(groupXpath): null

2018-07-05 20:28:26 - [TEST_STEP][PASSED] - Statement - childgroup = driver.findElement(org.openqa.selenium.By.xpath(groupXpath)).getText(): null

2018-07-05 20:28:26 - [TEST_STEP][PASSED] - Statement - println(childgroup): null

2018-07-05 20:28:26 - [TEST_STEP][PASSED] - Statement - subGroupList[i - 1] = childgroup: null

2018-07-05 20:28:26 - [TEST_STEP][PASSED] - Statement - groupXpath = "(//span[@title='" + groupName + "']/following-sibling::ul/li/span[3]/span[2])[" + i + "]": null

2018-07-05 20:28:26 - [TEST_STEP][PASSED] - Statement - println(groupXpath): null

2018-07-05 20:28:26 - [TEST_STEP][PASSED] - Statement - childgroup = driver.findElement(org.openqa.selenium.By.xpath(groupXpath)).getText(): null

2018-07-05 20:28:26 - [TEST_STEP][PASSED] - Statement - println(childgroup): null

2018-07-05 20:28:26 - [TEST_STEP][PASSED] - Statement - subGroupList[i - 1] = childgroup: null

2018-07-05 20:28:26 - [TEST_STEP][PASSED] - Statement - groupXpath = "(//span[@title='" + groupName + "']/following-sibling::ul/li/span[3]/span[2])[" + i + "]": null

2018-07-05 20:28:26 - [TEST_STEP][PASSED] - Statement - println(groupXpath): null

2018-07-05 20:28:26 - [TEST_STEP][PASSED] - Statement - childgroup = driver.findElement(org.openqa.selenium.By.xpath(groupXpath)).getText(): null

2018-07-05 20:28:26 - [TEST_STEP][PASSED] - Statement - println(childgroup): null

2018-07-05 20:28:26 - [TEST_STEP][PASSED] - Statement - subGroupList[i - 1] = childgroup: null

2018-07-05 20:28:26 - [TEST_STEP][PASSED] - Statement - groupXpath = "(//span[@title='" + groupName + "']/following-sibling::ul/li/span[3]/span[2])[" + i + "]": null

2018-07-05 20:28:26 - [TEST_STEP][PASSED] - Statement - println(groupXpath): null

2018-07-05 20:28:26 - [TEST_STEP][PASSED] - Statement - childgroup = driver.findElement(org.openqa.selenium.By.xpath(groupXpath)).getText(): null

2018-07-05 20:28:26 - [TEST_STEP][PASSED] - Statement - println(childgroup): null

2018-07-05 20:28:26 - [TEST_STEP][PASSED] - Statement - subGroupList[i - 1] = childgroup: null

2018-07-05 20:28:26 - [TEST_STEP][PASSED] - Statement - groupXpath = "(//span[@title='" + groupName + "']/following-sibling::ul/li/span[3]/span[2])[" + i + "]": null

2018-07-05 20:28:26 - [TEST_STEP][PASSED] - Statement - println(groupXpath): null

2018-07-05 20:28:26 - [TEST_STEP][PASSED] - Statement - childgroup = driver.findElement(org.openqa.selenium.By.xpath(groupXpath)).getText(): null

2018-07-05 20:28:26 - [TEST_STEP][PASSED] - Statement - println(childgroup): null

2018-07-05 20:28:26 - [TEST_STEP][PASSED] - Statement - subGroupList[i - 1] = childgroup: null

2018-07-05 20:28:26 - [TEST_STEP][PASSED] - Statement - groupXpath = "(//span[@title='" + groupName + "']/following-sibling::ul/li/span[3]/span[2])[" + i + "]": null

2018-07-05 20:28:26 - [TEST_STEP][PASSED] - Statement - println(groupXpath): null

2018-07-05 20:28:26 - [TEST_STEP][PASSED] - Statement - childgroup = driver.findElement(org.openqa.selenium.By.xpath(groupXpath)).getText(): null

2018-07-05 20:28:26 - [TEST_STEP][PASSED] - Statement - println(childgroup): null

2018-07-05 20:28:26 - [TEST_STEP][PASSED] - Statement - subGroupList[i - 1] = childgroup: null

2018-07-05 20:28:26 - [TEST_STEP][PASSED] - Statement - groupXpath = "(//span[@title='" + groupName + "']/following-sibling::ul/li/span[3]/span[2])[" + i + "]": null

2018-07-05 20:28:26 - [TEST_STEP][PASSED] - Statement - println(groupXpath): null

2018-07-05 20:28:26 - [TEST_STEP][PASSED] - Statement - childgroup = driver.findElement(org.openqa.selenium.By.xpath(groupXpath)).getText(): null

2018-07-05 20:28:26 - [TEST_STEP][PASSED] - Statement - println(childgroup): null

2018-07-05 20:28:26 - [TEST_STEP][PASSED] - Statement - subGroupList[i - 1] = childgroup: null

2018-07-05 20:28:26 - [TEST_STEP][PASSED] - Statement - groupXpath = "(//span[@title='" + groupName + "']/following-sibling::ul/li/span[3]/span[2])[" + i + "]": null

2018-07-05 20:28:26 - [TEST_STEP][PASSED] - Statement - println(groupXpath): null

2018-07-05 20:28:26 - [TEST_STEP][PASSED] - Statement - childgroup = driver.findElement(org.openqa.selenium.By.xpath(groupXpath)).getText(): null

2018-07-05 20:28:26 - [TEST_STEP][PASSED] - Statement - println(childgroup): null

2018-07-05 20:28:26 - [TEST_STEP][PASSED] - Statement - subGroupList[i - 1] = childgroup: null

2018-07-05 20:28:26 - [TEST_STEP][PASSED] - Statement - groupXpath = "(//span[@title='" + groupName + "']/following-sibling::ul/li/span[3]/span[2])[" + i + "]": null

2018-07-05 20:28:26 - [TEST_STEP][PASSED] - Statement - println(groupXpath): null

2018-07-05 20:28:26 - [TEST_STEP][PASSED] - Statement - childgroup = driver.findElement(org.openqa.selenium.By.xpath(groupXpath)).getText(): null

2018-07-05 20:28:26 - [TEST_STEP][PASSED] - Statement - println(childgroup): null

2018-07-05 20:28:26 - [TEST_STEP][PASSED] - Statement - subGroupList[i - 1] = childgroup: null

2018-07-05 20:28:26 - [TEST_STEP][PASSED] - Statement - groupXpath = "(//span[@title='" + groupName + "']/following-sibling::ul/li/span[3]/span[2])[" + i + "]": null

2018-07-05 20:28:26 - [TEST_STEP][PASSED] - Statement - println(groupXpath): null

2018-07-05 20:28:26 - [TEST_STEP][PASSED] - Statement - childgroup = driver.findElement(org.openqa.selenium.By.xpath(groupXpath)).getText(): null

2018-07-05 20:28:26 - [TEST_STEP][PASSED] - Statement - println(childgroup): null

2018-07-05 20:28:26 - [TEST_STEP][PASSED] - Statement - subGroupList[i - 1] = childgroup: null

2018-07-05 20:28:26 - [TEST_STEP][PASSED] - Statement - groupXpath = "(//span[@title='" + groupName + "']/following-sibling::ul/li/span[3]/span[2])[" + i + "]": null

2018-07-05 20:28:26 - [TEST_STEP][PASSED] - Statement - println(groupXpath): null

2018-07-05 20:28:26 - [TEST_STEP][PASSED] - Statement - childgroup = driver.findElement(org.openqa.selenium.By.xpath(groupXpath)).getText(): null

2018-07-05 20:28:26 - [TEST_STEP][PASSED] - Statement - println(childgroup): null

2018-07-05 20:28:26 - [TEST_STEP][PASSED] - Statement - subGroupList[i - 1] = childgroup: null

2018-07-05 20:28:26 - [TEST_STEP][PASSED] - Statement - groupXpath = "(//span[@title='" + groupName + "']/following-sibling::ul/li/span[3]/span[2])[" + i + "]": null

2018-07-05 20:28:26 - [TEST_STEP][PASSED] - Statement - println(groupXpath): null

2018-07-05 20:28:26 - [TEST_STEP][PASSED] - Statement - childgroup = driver.findElement(org.openqa.selenium.By.xpath(groupXpath)).getText(): null

2018-07-05 20:28:26 - [TEST_STEP][PASSED] - Statement - println(childgroup): null

2018-07-05 20:28:26 - [TEST_STEP][PASSED] - Statement - subGroupList[i - 1] = childgroup: null

2018-07-05 20:28:26 - [TEST_STEP][PASSED] - Statement - groupXpath = "(//span[@title='" + groupName + "']/following-sibling::ul/li/span[3]/span[2])[" + i + "]": null

2018-07-05 20:28:26 - [TEST_STEP][PASSED] - Statement - println(groupXpath): null

2018-07-05 20:28:26 - [TEST_STEP][PASSED] - Statement - childgroup = driver.findElement(org.openqa.selenium.By.xpath(groupXpath)).getText(): null

2018-07-05 20:28:26 - [TEST_STEP][PASSED] - Statement - println(childgroup): null

2018-07-05 20:28:26 - [TEST_STEP][PASSED] - Statement - subGroupList[i - 1] = childgroup: null

2018-07-05 20:28:26 - [TEST_STEP][PASSED] - Statement - groupXpath = "(//span[@title='" + groupName + "']/following-sibling::ul/li/span[3]/span[2])[" + i + "]": null

2018-07-05 20:28:26 - [TEST_STEP][PASSED] - Statement - println(groupXpath): null

2018-07-05 20:28:26 - [TEST_STEP][PASSED] - Statement - childgroup = driver.findElement(org.openqa.selenium.By.xpath(groupXpath)).getText(): null

2018-07-05 20:28:26 - [TEST_STEP][PASSED] - Statement - println(childgroup): null

2018-07-05 20:28:26 - [TEST_STEP][PASSED] - Statement - subGroupList[i - 1] = childgroup: null

2018-07-05 20:28:26 - [TEST_STEP][PASSED] - Statement - groupXpath = "(//span[@title='" + groupName + "']/following-sibling::ul/li/span[3]/span[2])[" + i + "]": null

2018-07-05 20:28:26 - [TEST_STEP][PASSED] - Statement - println(groupXpath): null

2018-07-05 20:28:26 - [TEST_STEP][PASSED] - Statement - childgroup = driver.findElement(org.openqa.selenium.By.xpath(groupXpath)).getText(): null

2018-07-05 20:28:26 - [TEST_STEP][PASSED] - Statement - println(childgroup): null

2018-07-05 20:28:26 - [TEST_STEP][PASSED] - Statement - subGroupList[i - 1] = childgroup: null

2018-07-05 20:28:26 - [TEST_STEP][PASSED] - Statement - groupXpath = "(//span[@title='" + groupName + "']/following-sibling::ul/li/span[3]/span[2])[" + i + "]": null

2018-07-05 20:28:26 - [TEST_STEP][PASSED] - Statement - println(groupXpath): null

2018-07-05 20:28:26 - [TEST_STEP][PASSED] - Statement - childgroup = driver.findElement(org.openqa.selenium.By.xpath(groupXpath)).getText(): null

2018-07-05 20:28:26 - [TEST_STEP][PASSED] - Statement - println(childgroup): null

2018-07-05 20:28:26 - [TEST_STEP][PASSED] - Statement - subGroupList[i - 1] = childgroup: null

2018-07-05 20:28:26 - [TEST_STEP][PASSED] - Statement - groupXpath = "(//span[@title='" + groupName + "']/following-sibling::ul/li/span[3]/span[2])[" + i + "]": null

2018-07-05 20:28:26 - [TEST_STEP][PASSED] - Statement - println(groupXpath): null

2018-07-05 20:28:26 - [TEST_STEP][PASSED] - Statement - childgroup = driver.findElement(org.openqa.selenium.By.xpath(groupXpath)).getText(): null

2018-07-05 20:28:26 - [TEST_STEP][PASSED] - Statement - println(childgroup): null

2018-07-05 20:28:26 - [TEST_STEP][PASSED] - Statement - subGroupList[i - 1] = childgroup: null

2018-07-05 20:28:26 - [TEST_STEP][PASSED] - Statement - groupXpath = "(//span[@title='" + groupName + "']/following-sibling::ul/li/span[3]/span[2])[" + i + "]": null

2018-07-05 20:28:26 - [TEST_STEP][PASSED] - Statement - println(groupXpath): null

2018-07-05 20:28:26 - [TEST_STEP][PASSED] - Statement - childgroup = driver.findElement(org.openqa.selenium.By.xpath(groupXpath)).getText(): null

2018-07-05 20:28:27 - [TEST_STEP][PASSED] - Statement - println(childgroup): null

2018-07-05 20:28:27 - [TEST_STEP][PASSED] - Statement - subGroupList[i - 1] = childgroup: null

2018-07-05 20:28:27 - [TEST_STEP][PASSED] - Statement - groupXpath = "(//span[@title='" + groupName + "']/following-sibling::ul/li/span[3]/span[2])[" + i + "]": null

2018-07-05 20:28:27 - [TEST_STEP][PASSED] - Statement - println(groupXpath): null

2018-07-05 20:28:27 - [TEST_STEP][PASSED] - Statement - childgroup = driver.findElement(org.openqa.selenium.By.xpath(groupXpath)).getText(): null

2018-07-05 20:28:27 - [TEST_STEP][PASSED] - Statement - println(childgroup): null

2018-07-05 20:28:27 - [TEST_STEP][PASSED] - Statement - subGroupList[i - 1] = childgroup: null

2018-07-05 20:28:27 - [TEST_STEP][PASSED] - Statement - groupXpath = "(//span[@title='" + groupName + "']/following-sibling::ul/li/span[3]/span[2])[" + i + "]": null

2018-07-05 20:28:27 - [TEST_STEP][PASSED] - Statement - println(groupXpath): null

2018-07-05 20:28:27 - [TEST_STEP][PASSED] - Statement - childgroup = driver.findElement(org.openqa.selenium.By.xpath(groupXpath)).getText(): null

2018-07-05 20:28:27 - [TEST_STEP][PASSED] - Statement - println(childgroup): null

2018-07-05 20:28:27 - [TEST_STEP][PASSED] - Statement - subGroupList[i - 1] = childgroup: null

2018-07-05 20:28:27 - [TEST_STEP][PASSED] - Statement - groupXpath = "(//span[@title='" + groupName + "']/following-sibling::ul/li/span[3]/span[2])[" + i + "]": null

2018-07-05 20:28:27 - [TEST_STEP][PASSED] - Statement - println(groupXpath): null

2018-07-05 20:28:27 - [TEST_STEP][PASSED] - Statement - childgroup = driver.findElement(org.openqa.selenium.By.xpath(groupXpath)).getText(): null

2018-07-05 20:28:27 - [TEST_STEP][PASSED] - Statement - println(childgroup): null

2018-07-05 20:28:27 - [TEST_STEP][PASSED] - Statement - subGroupList[i - 1] = childgroup: null

2018-07-05 20:28:27 - [TEST_STEP][PASSED] - Statement - groupXpath = "(//span[@title='" + groupName + "']/following-sibling::ul/li/span[3]/span[2])[" + i + "]": null

2018-07-05 20:28:27 - [TEST_STEP][PASSED] - Statement - println(groupXpath): null

2018-07-05 20:28:27 - [TEST_STEP][PASSED] - Statement - childgroup = driver.findElement(org.openqa.selenium.By.xpath(groupXpath)).getText(): null

2018-07-05 20:28:27 - [TEST_STEP][PASSED] - Statement - println(childgroup): null

2018-07-05 20:28:27 - [TEST_STEP][PASSED] - Statement - subGroupList[i - 1] = childgroup: null

2018-07-05 20:28:27 - [TEST_STEP][PASSED] - Statement - groupXpath = "(//span[@title='" + groupName + "']/following-sibling::ul/li/span[3]/span[2])[" + i + "]": null

2018-07-05 20:28:27 - [TEST_STEP][PASSED] - Statement - println(groupXpath): null

2018-07-05 20:28:27 - [TEST_STEP][PASSED] - Statement - childgroup = driver.findElement(org.openqa.selenium.By.xpath(groupXpath)).getText(): null

2018-07-05 20:28:27 - [TEST_STEP][PASSED] - Statement - println(childgroup): null

2018-07-05 20:28:27 - [TEST_STEP][PASSED] - Statement - subGroupList[i - 1] = childgroup: null

2018-07-05 20:28:27 - [TEST_STEP][PASSED] - Statement - groupXpath = "(//span[@title='" + groupName + "']/following-sibling::ul/li/span[3]/span[2])[" + i + "]": null

2018-07-05 20:28:27 - [TEST_STEP][PASSED] - Statement - println(groupXpath): null

2018-07-05 20:28:27 - [TEST_STEP][PASSED] - Statement - childgroup = driver.findElement(org.openqa.selenium.By.xpath(groupXpath)).getText(): null

2018-07-05 20:28:27 - [TEST_STEP][PASSED] - Statement - println(childgroup): null

2018-07-05 20:28:27 - [TEST_STEP][PASSED] - Statement - subGroupList[i - 1] = childgroup: null

2018-07-05 20:28:27 - [TEST_STEP][PASSED] - Statement - groupXpath = "(//span[@title='" + groupName + "']/following-sibling::ul/li/span[3]/span[2])[" + i + "]": null

2018-07-05 20:28:27 - [TEST_STEP][PASSED] - Statement - println(groupXpath): null

2018-07-05 20:28:27 - [TEST_STEP][PASSED] - Statement - childgroup = driver.findElement(org.openqa.selenium.By.xpath(groupXpath)).getText(): null

2018-07-05 20:28:27 - [TEST_STEP][PASSED] - Statement - println(childgroup): null

2018-07-05 20:28:27 - [TEST_STEP][PASSED] - Statement - subGroupList[i - 1] = childgroup: null

2018-07-05 20:28:27 - [TEST_STEP][PASSED] - Statement - groupXpath = "(//span[@title='" + groupName + "']/following-sibling::ul/li/span[3]/span[2])[" + i + "]": null

2018-07-05 20:28:27 - [TEST_STEP][PASSED] - Statement - println(groupXpath): null

2018-07-05 20:28:27 - [TEST_STEP][PASSED] - Statement - childgroup = driver.findElement(org.openqa.selenium.By.xpath(groupXpath)).getText(): null

2018-07-05 20:28:27 - [TEST_STEP][PASSED] - Statement - println(childgroup): null

2018-07-05 20:28:27 - [TEST_STEP][PASSED] - Statement - subGroupList[i - 1] = childgroup: null

2018-07-05 20:28:27 - [TEST_STEP][PASSED] - Statement - groupXpath = "(//span[@title='" + groupName + "']/following-sibling::ul/li/span[3]/span[2])[" + i + "]": null

2018-07-05 20:28:27 - [TEST_STEP][PASSED] - Statement - println(groupXpath): null

2018-07-05 20:28:27 - [TEST_STEP][PASSED] - Statement - childgroup = driver.findElement(org.openqa.selenium.By.xpath(groupXpath)).getText(): null

2018-07-05 20:28:27 - [TEST_STEP][PASSED] - Statement - println(childgroup): null

2018-07-05 20:28:27 - [TEST_STEP][PASSED] - Statement - subGroupList[i - 1] = childgroup: null

2018-07-05 20:28:27 - [TEST_STEP][PASSED] - Statement - groupXpath = "(//span[@title='" + groupName + "']/following-sibling::ul/li/span[3]/span[2])[" + i + "]": null

2018-07-05 20:28:27 - [TEST_STEP][PASSED] - Statement - println(groupXpath): null

2018-07-05 20:28:27 - [TEST_STEP][PASSED] - Statement - childgroup = driver.findElement(org.openqa.selenium.By.xpath(groupXpath)).getText(): null

2018-07-05 20:28:27 - [TEST_STEP][PASSED] - Statement - println(childgroup): null

2018-07-05 20:28:27 - [TEST_STEP][PASSED] - Statement - subGroupList[i - 1] = childgroup: null

2018-07-05 20:28:27 - [TEST_STEP][PASSED] - Statement - groupXpath = "(//span[@title='" + groupName + "']/following-sibling::ul/li/span[3]/span[2])[" + i + "]": null

2018-07-05 20:28:27 - [TEST_STEP][PASSED] - Statement - println(groupXpath): null

2018-07-05 20:28:27 - [TEST_STEP][PASSED] - Statement - childgroup = driver.findElement(org.openqa.selenium.By.xpath(groupXpath)).getText(): null

2018-07-05 20:28:27 - [TEST_STEP][PASSED] - Statement - println(childgroup): null

2018-07-05 20:28:27 - [TEST_STEP][PASSED] - Statement - subGroupList[i - 1] = childgroup: null

2018-07-05 20:28:27 - [TEST_STEP][PASSED] - Statement - groupXpath = "(//span[@title='" + groupName + "']/following-sibling::ul/li/span[3]/span[2])[" + i + "]": null

2018-07-05 20:28:27 - [TEST_STEP][PASSED] - Statement - println(groupXpath): null

2018-07-05 20:28:27 - [TEST_STEP][PASSED] - Statement - childgroup = driver.findElement(org.openqa.selenium.By.xpath(groupXpath)).getText(): null

2018-07-05 20:28:27 - [TEST_STEP][PASSED] - Statement - println(childgroup): null

2018-07-05 20:28:27 - [TEST_STEP][PASSED] - Statement - subGroupList[i - 1] = childgroup: null

2018-07-05 20:28:27 - [TEST_STEP][PASSED] - Statement - groupXpath = "(//span[@title='" + groupName + "']/following-sibling::ul/li/span[3]/span[2])[" + i + "]": null

2018-07-05 20:28:27 - [TEST_STEP][PASSED] - Statement - println(groupXpath): null

2018-07-05 20:28:27 - [TEST_STEP][PASSED] - Statement - childgroup = driver.findElement(org.openqa.selenium.By.xpath(groupXpath)).getText(): null

2018-07-05 20:28:27 - [TEST_STEP][PASSED] - Statement - println(childgroup): null

2018-07-05 20:28:27 - [TEST_STEP][PASSED] - Statement - subGroupList[i - 1] = childgroup: null

2018-07-05 20:28:27 - [TEST_STEP][PASSED] - Statement - groupXpath = "(//span[@title='" + groupName + "']/following-sibling::ul/li/span[3]/span[2])[" + i + "]": null

2018-07-05 20:28:27 - [TEST_STEP][PASSED] - Statement - println(groupXpath): null

2018-07-05 20:28:27 - [TEST_STEP][PASSED] - Statement - childgroup = driver.findElement(org.openqa.selenium.By.xpath(groupXpath)).getText(): null

2018-07-05 20:28:27 - [TEST_STEP][PASSED] - Statement - println(childgroup): null

2018-07-05 20:28:27 - [TEST_STEP][PASSED] - Statement - subGroupList[i - 1] = childgroup: null

2018-07-05 20:28:27 - [TEST_STEP][PASSED] - Statement - groupXpath = "(//span[@title='" + groupName + "']/following-sibling::ul/li/span[3]/span[2])[" + i + "]": null

2018-07-05 20:28:27 - [TEST_STEP][PASSED] - Statement - println(groupXpath): null

2018-07-05 20:28:27 - [TEST_STEP][PASSED] - Statement - childgroup = driver.findElement(org.openqa.selenium.By.xpath(groupXpath)).getText(): null

2018-07-05 20:28:27 - [TEST_STEP][PASSED] - Statement - println(childgroup): null

2018-07-05 20:28:27 - [TEST_STEP][PASSED] - Statement - subGroupList[i - 1] = childgroup: null

2018-07-05 20:28:27 - [TEST_STEP][PASSED] - Statement - groupXpath = "(//span[@title='" + groupName + "']/following-sibling::ul/li/span[3]/span[2])[" + i + "]": null

2018-07-05 20:28:27 - [TEST_STEP][PASSED] - Statement - println(groupXpath): null

2018-07-05 20:28:27 - [TEST_STEP][PASSED] - Statement - childgroup = driver.findElement(org.openqa.selenium.By.xpath(groupXpath)).getText(): null

2018-07-05 20:28:27 - [TEST_STEP][PASSED] - Statement - println(childgroup): null

2018-07-05 20:28:27 - [TEST_STEP][PASSED] - Statement - subGroupList[i - 1] = childgroup: null

2018-07-05 20:28:27 - [TEST_STEP][PASSED] - Statement - groupXpath = "(//span[@title='" + groupName + "']/following-sibling::ul/li/span[3]/span[2])[" + i + "]": null

2018-07-05 20:28:27 - [TEST_STEP][PASSED] - Statement - println(groupXpath): null

2018-07-05 20:28:27 - [TEST_STEP][PASSED] - Statement - childgroup = driver.findElement(org.openqa.selenium.By.xpath(groupXpath)).getText(): null

2018-07-05 20:28:27 - [TEST_STEP][PASSED] - Statement - println(childgroup): null

2018-07-05 20:28:27 - [TEST_STEP][PASSED] - Statement - subGroupList[i - 1] = childgroup: null

2018-07-05 20:28:27 - [TEST_STEP][PASSED] - Statement - groupXpath = "(//span[@title='" + groupName + "']/following-sibling::ul/li/span[3]/span[2])[" + i + "]": null

2018-07-05 20:28:27 - [TEST_STEP][PASSED] - Statement - println(groupXpath): null

2018-07-05 20:28:27 - [TEST_STEP][PASSED] - Statement - childgroup = driver.findElement(org.openqa.selenium.By.xpath(groupXpath)).getText(): null

2018-07-05 20:28:27 - [TEST_STEP][PASSED] - Statement - println(childgroup): null

2018-07-05 20:28:27 - [TEST_STEP][PASSED] - Statement - subGroupList[i - 1] = childgroup: null

2018-07-05 20:28:27 - [TEST_STEP][PASSED] - Statement - groupXpath = "(//span[@title='" + groupName + "']/following-sibling::ul/li/span[3]/span[2])[" + i + "]": null

2018-07-05 20:28:27 - [TEST_STEP][PASSED] - Statement - println(groupXpath): null

2018-07-05 20:28:27 - [TEST_STEP][PASSED] - Statement - childgroup = driver.findElement(org.openqa.selenium.By.xpath(groupXpath)).getText(): null

2018-07-05 20:28:27 - [TEST_STEP][PASSED] - Statement - println(childgroup): null

2018-07-05 20:28:27 - [TEST_STEP][PASSED] - Statement - subGroupList[i - 1] = childgroup: null

2018-07-05 20:28:27 - [TEST_STEP][PASSED] - Statement - groupXpath = "(//span[@title='" + groupName + "']/following-sibling::ul/li/span[3]/span[2])[" + i + "]": null

2018-07-05 20:28:27 - [TEST_STEP][PASSED] - Statement - println(groupXpath): null

2018-07-05 20:28:27 - [TEST_STEP][PASSED] - Statement - childgroup = driver.findElement(org.openqa.selenium.By.xpath(groupXpath)).getText(): null

2018-07-05 20:28:27 - [TEST_STEP][PASSED] - Statement - println(childgroup): null

2018-07-05 20:28:27 - [TEST_STEP][PASSED] - Statement - subGroupList[i - 1] = childgroup: null

2018-07-05 20:28:27 - [TEST_STEP][PASSED] - Statement - groupXpath = "(//span[@title='" + groupName + "']/following-sibling::ul/li/span[3]/span[2])[" + i + "]": null

2018-07-05 20:28:27 - [TEST_STEP][PASSED] - Statement - println(groupXpath): null

2018-07-05 20:28:27 - [TEST_STEP][PASSED] - Statement - childgroup = driver.findElement(org.openqa.selenium.By.xpath(groupXpath)).getText(): null

2018-07-05 20:28:27 - [TEST_STEP][PASSED] - Statement - println(childgroup): null

2018-07-05 20:28:27 - [TEST_STEP][PASSED] - Statement - subGroupList[i - 1] = childgroup: null

2018-07-05 20:28:27 - [TEST_STEP][PASSED] - Statement - groupXpath = "(//span[@title='" + groupName + "']/following-sibling::ul/li/span[3]/span[2])[" + i + "]": null

2018-07-05 20:28:27 - [TEST_STEP][PASSED] - Statement - println(groupXpath): null

2018-07-05 20:28:27 - [TEST_STEP][PASSED] - Statement - childgroup = driver.findElement(org.openqa.selenium.By.xpath(groupXpath)).getText(): null

2018-07-05 20:28:27 - [TEST_STEP][PASSED] - Statement - println(childgroup): null

2018-07-05 20:28:27 - [TEST_STEP][PASSED] - Statement - subGroupList[i - 1] = childgroup: null

2018-07-05 20:28:27 - [TEST_STEP][PASSED] - Statement - groupXpath = "(//span[@title='" + groupName + "']/following-sibling::ul/li/span[3]/span[2])[" + i + "]": null

2018-07-05 20:28:27 - [TEST_STEP][PASSED] - Statement - println(groupXpath): null

2018-07-05 20:28:27 - [TEST_STEP][PASSED] - Statement - childgroup = driver.findElement(org.openqa.selenium.By.xpath(groupXpath)).getText(): null

2018-07-05 20:28:27 - [TEST_STEP][PASSED] - Statement - println(childgroup): null

2018-07-05 20:28:27 - [TEST_STEP][PASSED] - Statement - subGroupList[i - 1] = childgroup: null

2018-07-05 20:28:27 - [TEST_STEP][PASSED] - Statement - groupXpath = "(//span[@title='" + groupName + "']/following-sibling::ul/li/span[3]/span[2])[" + i + "]": null

2018-07-05 20:28:27 - [TEST_STEP][PASSED] - Statement - println(groupXpath): null

2018-07-05 20:28:27 - [TEST_STEP][PASSED] - Statement - childgroup = driver.findElement(org.openqa.selenium.By.xpath(groupXpath)).getText(): null

2018-07-05 20:28:27 - [TEST_STEP][PASSED] - Statement - println(childgroup): null

2018-07-05 20:28:27 - [TEST_STEP][PASSED] - Statement - subGroupList[i - 1] = childgroup: null

2018-07-05 20:28:27 - [TEST_STEP][PASSED] - Statement - groupXpath = "(//span[@title='" + groupName + "']/following-sibling::ul/li/span[3]/span[2])[" + i + "]": null

2018-07-05 20:28:27 - [TEST_STEP][PASSED] - Statement - println(groupXpath): null

2018-07-05 20:28:27 - [TEST_STEP][PASSED] - Statement - childgroup = driver.findElement(org.openqa.selenium.By.xpath(groupXpath)).getText(): null

2018-07-05 20:28:27 - [TEST_STEP][PASSED] - Statement - println(childgroup): null

2018-07-05 20:28:27 - [TEST_STEP][PASSED] - Statement - subGroupList[i - 1] = childgroup: null

2018-07-05 20:28:27 - [TEST_STEP][PASSED] - Statement - groupXpath = "(//span[@title='" + groupName + "']/following-sibling::ul/li/span[3]/span[2])[" + i + "]": null

2018-07-05 20:28:27 - [TEST_STEP][PASSED] - Statement - println(groupXpath): null

2018-07-05 20:28:27 - [TEST_STEP][PASSED] - Statement - childgroup = driver.findElement(org.openqa.selenium.By.xpath(groupXpath)).getText(): null

2018-07-05 20:28:27 - [TEST_STEP][PASSED] - Statement - println(childgroup): null

2018-07-05 20:28:27 - [TEST_STEP][PASSED] - Statement - subGroupList[i - 1] = childgroup: null

2018-07-05 20:28:27 - [TEST_STEP][PASSED] - Statement - groupXpath = "(//span[@title='" + groupName + "']/following-sibling::ul/li/span[3]/span[2])[" + i + "]": null

2018-07-05 20:28:27 - [TEST_STEP][PASSED] - Statement - println(groupXpath): null

2018-07-05 20:28:27 - [TEST_STEP][PASSED] - Statement - childgroup = driver.findElement(org.openqa.selenium.By.xpath(groupXpath)).getText(): null

2018-07-05 20:28:27 - [TEST_STEP][PASSED] - Statement - println(childgroup): null

2018-07-05 20:28:27 - [TEST_STEP][PASSED] - Statement - subGroupList[i - 1] = childgroup: null

2018-07-05 20:28:27 - [TEST_STEP][PASSED] - Statement - groupXpath = "(//span[@title='" + groupName + "']/following-sibling::ul/li/span[3]/span[2])[" + i + "]": null

2018-07-05 20:28:27 - [TEST_STEP][PASSED] - Statement - println(groupXpath): null

2018-07-05 20:28:27 - [TEST_STEP][PASSED] - Statement - childgroup = driver.findElement(org.openqa.selenium.By.xpath(groupXpath)).getText(): null

2018-07-05 20:28:27 - [TEST_STEP][PASSED] - Statement - println(childgroup): null

2018-07-05 20:28:27 - [TEST_STEP][PASSED] - Statement - subGroupList[i - 1] = childgroup: null

2018-07-05 20:28:27 - [TEST_STEP][PASSED] - Statement - groupXpath = "(//span[@title='" + groupName + "']/following-sibling::ul/li/span[3]/span[2])[" + i + "]": null

2018-07-05 20:28:27 - [TEST_STEP][PASSED] - Statement - println(groupXpath): null

2018-07-05 20:28:27 - [TEST_STEP][PASSED] - Statement - childgroup = driver.findElement(org.openqa.selenium.By.xpath(groupXpath)).getText(): null

2018-07-05 20:28:27 - [TEST_STEP][PASSED] - Statement - println(childgroup): null

2018-07-05 20:28:27 - [TEST_STEP][PASSED] - Statement - subGroupList[i - 1] = childgroup: null

2018-07-05 20:28:27 - [TEST_STEP][PASSED] - Statement - groupXpath = "(//span[@title='" + groupName + "']/following-sibling::ul/li/span[3]/span[2])[" + i + "]": null

2018-07-05 20:28:27 - [TEST_STEP][PASSED] - Statement - println(groupXpath): null

2018-07-05 20:28:27 - [TEST_STEP][PASSED] - Statement - childgroup = driver.findElement(org.openqa.selenium.By.xpath(groupXpath)).getText(): null

2018-07-05 20:28:27 - [TEST_STEP][PASSED] - Statement - println(childgroup): null

2018-07-05 20:28:27 - [TEST_STEP][PASSED] - Statement - subGroupList[i - 1] = childgroup: null

2018-07-05 20:28:27 - [TEST_STEP][PASSED] - Statement - groupXpath = "(//span[@title='" + groupName + "']/following-sibling::ul/li/span[3]/span[2])[" + i + "]": null

2018-07-05 20:28:27 - [TEST_STEP][PASSED] - Statement - println(groupXpath): null

2018-07-05 20:28:27 - [TEST_STEP][PASSED] - Statement - childgroup = driver.findElement(org.openqa.selenium.By.xpath(groupXpath)).getText(): null

2018-07-05 20:28:27 - [TEST_STEP][PASSED] - Statement - println(childgroup): null

2018-07-05 20:28:27 - [TEST_STEP][PASSED] - Statement - subGroupList[i - 1] = childgroup: null

2018-07-05 20:28:27 - [TEST_STEP][PASSED] - Statement - groupXpath = "(//span[@title='" + groupName + "']/following-sibling::ul/li/span[3]/span[2])[" + i + "]": null

2018-07-05 20:28:27 - [TEST_STEP][PASSED] - Statement - println(groupXpath): null

2018-07-05 20:28:27 - [TEST_STEP][PASSED] - Statement - childgroup = driver.findElement(org.openqa.selenium.By.xpath(groupXpath)).getText(): null

2018-07-05 20:28:27 - [TEST_STEP][PASSED] - Statement - println(childgroup): null

2018-07-05 20:28:27 - [TEST_STEP][PASSED] - Statement - subGroupList[i - 1] = childgroup: null

2018-07-05 20:28:27 - [TEST_STEP][PASSED] - Statement - groupXpath = "(//span[@title='" + groupName + "']/following-sibling::ul/li/span[3]/span[2])[" + i + "]": null

2018-07-05 20:28:27 - [TEST_STEP][PASSED] - Statement - println(groupXpath): null

2018-07-05 20:28:27 - [TEST_STEP][PASSED] - Statement - childgroup = driver.findElement(org.openqa.selenium.By.xpath(groupXpath)).getText(): null

2018-07-05 20:28:28 - [TEST_STEP][PASSED] - Statement - println(childgroup): null

2018-07-05 20:28:28 - [TEST_STEP][PASSED] - Statement - subGroupList[i - 1] = childgroup: null

2018-07-05 20:28:28 - [TEST_STEP][PASSED] - Statement - groupXpath = "(//span[@title='" + groupName + "']/following-sibling::ul/li/span[3]/span[2])[" + i + "]": null

2018-07-05 20:28:28 - [TEST_STEP][PASSED] - Statement - println(groupXpath): null

2018-07-05 20:28:28 - [TEST_STEP][PASSED] - Statement - childgroup = driver.findElement(org.openqa.selenium.By.xpath(groupXpath)).getText(): null

2018-07-05 20:28:28 - [TEST_STEP][PASSED] - Statement - println(childgroup): null

2018-07-05 20:28:28 - [TEST_STEP][PASSED] - Statement - subGroupList[i - 1] = childgroup: null

2018-07-05 20:28:28 - [TEST_STEP][PASSED] - Statement - groupXpath = "(//span[@title='" + groupName + "']/following-sibling::ul/li/span[3]/span[2])[" + i + "]": null

2018-07-05 20:28:28 - [TEST_STEP][PASSED] - Statement - println(groupXpath): null

2018-07-05 20:28:28 - [TEST_STEP][PASSED] - Statement - childgroup = driver.findElement(org.openqa.selenium.By.xpath(groupXpath)).getText(): null

2018-07-05 20:28:28 - [TEST_STEP][PASSED] - Statement - println(childgroup): null

2018-07-05 20:28:28 - [TEST_STEP][PASSED] - Statement - subGroupList[i - 1] = childgroup: null

2018-07-05 20:28:28 - [TEST_STEP][PASSED] - Statement - groupXpath = "(//span[@title='" + groupName + "']/following-sibling::ul/li/span[3]/span[2])[" + i + "]": null

2018-07-05 20:28:28 - [TEST_STEP][PASSED] - Statement - println(groupXpath): null

2018-07-05 20:28:28 - [TEST_STEP][PASSED] - Statement - childgroup = driver.findElement(org.openqa.selenium.By.xpath(groupXpath)).getText(): null

2018-07-05 20:28:28 - [TEST_STEP][PASSED] - Statement - println(childgroup): null

2018-07-05 20:28:28 - [TEST_STEP][PASSED] - Statement - subGroupList[i - 1] = childgroup: null

2018-07-05 20:28:28 - [TEST_STEP][PASSED] - Statement - groupXpath = "(//span[@title='" + groupName + "']/following-sibling::ul/li/span[3]/span[2])[" + i + "]": null

2018-07-05 20:28:28 - [TEST_STEP][PASSED] - Statement - println(groupXpath): null

2018-07-05 20:28:28 - [TEST_STEP][PASSED] - Statement - childgroup = driver.findElement(org.openqa.selenium.By.xpath(groupXpath)).getText(): null

2018-07-05 20:28:28 - [TEST_STEP][PASSED] - Statement - println(childgroup): null

2018-07-05 20:28:28 - [TEST_STEP][PASSED] - Statement - subGroupList[i - 1] = childgroup: null

2018-07-05 20:28:28 - [TEST_STEP][PASSED] - Statement - groupXpath = "(//span[@title='" + groupName + "']/following-sibling::ul/li/span[3]/span[2])[" + i + "]": null

2018-07-05 20:28:28 - [TEST_STEP][PASSED] - Statement - println(groupXpath): null

2018-07-05 20:28:28 - [TEST_STEP][PASSED] - Statement - childgroup = driver.findElement(org.openqa.selenium.By.xpath(groupXpath)).getText(): null

2018-07-05 20:28:28 - [TEST_STEP][PASSED] - Statement - println(childgroup): null

2018-07-05 20:28:28 - [TEST_STEP][PASSED] - Statement - subGroupList[i - 1] = childgroup: null

2018-07-05 20:28:28 - [TEST_STEP][PASSED] - Statement - groupXpath = "(//span[@title='" + groupName + "']/following-sibling::ul/li/span[3]/span[2])[" + i + "]": null

2018-07-05 20:28:28 - [TEST_STEP][PASSED] - Statement - println(groupXpath): null

2018-07-05 20:28:28 - [TEST_STEP][PASSED] - Statement - childgroup = driver.findElement(org.openqa.selenium.By.xpath(groupXpath)).getText(): null

2018-07-05 20:28:28 - [TEST_STEP][PASSED] - Statement - println(childgroup): null

2018-07-05 20:28:28 - [TEST_STEP][PASSED] - Statement - subGroupList[i - 1] = childgroup: null

2018-07-05 20:28:28 - [TEST_STEP][PASSED] - Statement - groupXpath = "(//span[@title='" + groupName + "']/following-sibling::ul/li/span[3]/span[2])[" + i + "]": null

2018-07-05 20:28:28 - [TEST_STEP][PASSED] - Statement - println(groupXpath): null

2018-07-05 20:28:28 - [TEST_STEP][PASSED] - Statement - childgroup = driver.findElement(org.openqa.selenium.By.xpath(groupXpath)).getText(): null

2018-07-05 20:28:28 - [TEST_STEP][PASSED] - Statement - println(childgroup): null

2018-07-05 20:28:28 - [TEST_STEP][PASSED] - Statement - subGroupList[i - 1] = childgroup: null

2018-07-05 20:28:28 - [TEST_STEP][PASSED] - Statement - groupXpath = "(//span[@title='" + groupName + "']/following-sibling::ul/li/span[3]/span[2])[" + i + "]": null

2018-07-05 20:28:28 - [TEST_STEP][PASSED] - Statement - println(groupXpath): null

2018-07-05 20:28:28 - [TEST_STEP][PASSED] - Statement - childgroup = driver.findElement(org.openqa.selenium.By.xpath(groupXpath)).getText(): null

2018-07-05 20:28:28 - [TEST_STEP][PASSED] - Statement - println(childgroup): null

2018-07-05 20:28:28 - [TEST_STEP][PASSED] - Statement - subGroupList[i - 1] = childgroup: null

2018-07-05 20:28:28 - [TEST_STEP][PASSED] - Statement - groupXpath = "(//span[@title='" + groupName + "']/following-sibling::ul/li/span[3]/span[2])[" + i + "]": null

2018-07-05 20:28:28 - [TEST_STEP][PASSED] - Statement - println(groupXpath): null

2018-07-05 20:28:28 - [TEST_STEP][PASSED] - Statement - childgroup = driver.findElement(org.openqa.selenium.By.xpath(groupXpath)).getText(): null

2018-07-05 20:28:28 - [TEST_STEP][PASSED] - Statement - println(childgroup): null

2018-07-05 20:28:28 - [TEST_STEP][PASSED] - Statement - subGroupList[i - 1] = childgroup: null

2018-07-05 20:28:28 - [TEST_STEP][PASSED] - Statement - groupXpath = "(//span[@title='" + groupName + "']/following-sibling::ul/li/span[3]/span[2])[" + i + "]": null

2018-07-05 20:28:28 - [TEST_STEP][PASSED] - Statement - println(groupXpath): null

2018-07-05 20:28:28 - [TEST_STEP][PASSED] - Statement - childgroup = driver.findElement(org.openqa.selenium.By.xpath(groupXpath)).getText(): null

2018-07-05 20:28:28 - [TEST_STEP][PASSED] - Statement - println(childgroup): null

2018-07-05 20:28:28 - [TEST_STEP][PASSED] - Statement - subGroupList[i - 1] = childgroup: null

2018-07-05 20:28:28 - [TEST_STEP][PASSED] - Statement - groupXpath = "(//span[@title='" + groupName + "']/following-sibling::ul/li/span[3]/span[2])[" + i + "]": null

2018-07-05 20:28:28 - [TEST_STEP][PASSED] - Statement - println(groupXpath): null

2018-07-05 20:28:28 - [TEST_STEP][PASSED] - Statement - childgroup = driver.findElement(org.openqa.selenium.By.xpath(groupXpath)).getText(): null

2018-07-05 20:28:28 - [TEST_STEP][PASSED] - Statement - println(childgroup): null

2018-07-05 20:28:28 - [TEST_STEP][PASSED] - Statement - subGroupList[i - 1] = childgroup: null

2018-07-05 20:28:28 - [TEST_STEP][PASSED] - Statement - groupXpath = "(//span[@title='" + groupName + "']/following-sibling::ul/li/span[3]/span[2])[" + i + "]": null

2018-07-05 20:28:28 - [TEST_STEP][PASSED] - Statement - println(groupXpath): null

2018-07-05 20:28:28 - [TEST_STEP][PASSED] - Statement - childgroup = driver.findElement(org.openqa.selenium.By.xpath(groupXpath)).getText(): null

2018-07-05 20:28:28 - [TEST_STEP][PASSED] - Statement - println(childgroup): null

2018-07-05 20:28:28 - [TEST_STEP][PASSED] - Statement - subGroupList[i - 1] = childgroup: null

2018-07-05 20:28:28 - [TEST_STEP][PASSED] - Statement - groupXpath = "(//span[@title='" + groupName + "']/following-sibling::ul/li/span[3]/span[2])[" + i + "]": null

2018-07-05 20:28:28 - [TEST_STEP][PASSED] - Statement - println(groupXpath): null

2018-07-05 20:28:28 - [TEST_STEP][PASSED] - Statement - childgroup = driver.findElement(org.openqa.selenium.By.xpath(groupXpath)).getText(): null

2018-07-05 20:28:28 - [TEST_STEP][PASSED] - Statement - println(childgroup): null

2018-07-05 20:28:28 - [TEST_STEP][PASSED] - Statement - subGroupList[i - 1] = childgroup: null

2018-07-05 20:28:28 - [TEST_STEP][PASSED] - Statement - groupXpath = "(//span[@title='" + groupName + "']/following-sibling::ul/li/span[3]/span[2])[" + i + "]": null

2018-07-05 20:28:28 - [TEST_STEP][PASSED] - Statement - println(groupXpath): null

2018-07-05 20:28:28 - [TEST_STEP][PASSED] - Statement - childgroup = driver.findElement(org.openqa.selenium.By.xpath(groupXpath)).getText(): null

2018-07-05 20:28:28 - [TEST_STEP][PASSED] - Statement - println(childgroup): null

2018-07-05 20:28:28 - [TEST_STEP][PASSED] - Statement - subGroupList[i - 1] = childgroup: null

2018-07-05 20:28:28 - [TEST_STEP][PASSED] - Statement - groupXpath = "(//span[@title='" + groupName + "']/following-sibling::ul/li/span[3]/span[2])[" + i + "]": null

2018-07-05 20:28:28 - [TEST_STEP][PASSED] - Statement - println(groupXpath): null

2018-07-05 20:28:28 - [TEST_STEP][PASSED] - Statement - childgroup = driver.findElement(org.openqa.selenium.By.xpath(groupXpath)).getText(): null

2018-07-05 20:28:28 - [TEST_STEP][PASSED] - Statement - println(childgroup): null

2018-07-05 20:28:28 - [TEST_STEP][PASSED] - Statement - subGroupList[i - 1] = childgroup: null

2018-07-05 20:28:28 - [TEST_STEP][PASSED] - Statement - groupXpath = "(//span[@title='" + groupName + "']/following-sibling::ul/li/span[3]/span[2])[" + i + "]": null

2018-07-05 20:28:28 - [TEST_STEP][PASSED] - Statement - println(groupXpath): null

2018-07-05 20:28:28 - [TEST_STEP][PASSED] - Statement - childgroup = driver.findElement(org.openqa.selenium.By.xpath(groupXpath)).getText(): null

2018-07-05 20:28:28 - [TEST_STEP][PASSED] - Statement - println(childgroup): null

2018-07-05 20:28:28 - [TEST_STEP][PASSED] - Statement - subGroupList[i - 1] = childgroup: null

2018-07-05 20:28:28 - [TEST_STEP][PASSED] - Statement - groupXpath = "(//span[@title='" + groupName + "']/following-sibling::ul/li/span[3]/span[2])[" + i + "]": null

2018-07-05 20:28:28 - [TEST_STEP][PASSED] - Statement - println(groupXpath): null

2018-07-05 20:28:28 - [TEST_STEP][PASSED] - Statement - childgroup = driver.findElement(org.openqa.selenium.By.xpath(groupXpath)).getText(): null

2018-07-05 20:28:28 - [TEST_STEP][PASSED] - Statement - println(childgroup): null

2018-07-05 20:28:28 - [TEST_STEP][PASSED] - Statement - subGroupList[i - 1] = childgroup: null

2018-07-05 20:28:28 - [TEST_STEP][PASSED] - Statement - groupXpath = "(//span[@title='" + groupName + "']/following-sibling::ul/li/span[3]/span[2])[" + i + "]": null

2018-07-05 20:28:28 - [TEST_STEP][PASSED] - Statement - println(groupXpath): null

2018-07-05 20:28:28 - [TEST_STEP][PASSED] - Statement - childgroup = driver.findElement(org.openqa.selenium.By.xpath(groupXpath)).getText(): null

2018-07-05 20:28:28 - [TEST_STEP][PASSED] - Statement - println(childgroup): null

2018-07-05 20:28:28 - [TEST_STEP][PASSED] - Statement - subGroupList[i - 1] = childgroup: null

2018-07-05 20:28:28 - [TEST_STEP][PASSED] - Statement - groupXpath = "(//span[@title='" + groupName + "']/following-sibling::ul/li/span[3]/span[2])[" + i + "]": null

2018-07-05 20:28:28 - [TEST_STEP][PASSED] - Statement - println(groupXpath): null

2018-07-05 20:28:28 - [TEST_STEP][PASSED] - Statement - childgroup = driver.findElement(org.openqa.selenium.By.xpath(groupXpath)).getText(): null

2018-07-05 20:28:28 - [TEST_STEP][PASSED] - Statement - println(childgroup): null

2018-07-05 20:28:28 - [TEST_STEP][PASSED] - Statement - subGroupList[i - 1] = childgroup: null

2018-07-05 20:28:28 - [TEST_STEP][PASSED] - Statement - groupXpath = "(//span[@title='" + groupName + "']/following-sibling::ul/li/span[3]/span[2])[" + i + "]": null

2018-07-05 20:28:28 - [TEST_STEP][PASSED] - Statement - println(groupXpath): null

2018-07-05 20:28:28 - [TEST_STEP][PASSED] - Statement - childgroup = driver.findElement(org.openqa.selenium.By.xpath(groupXpath)).getText(): null

2018-07-05 20:28:28 - [TEST_STEP][PASSED] - Statement - println(childgroup): null

2018-07-05 20:28:28 - [TEST_STEP][PASSED] - Statement - subGroupList[i - 1] = childgroup: null

2018-07-05 20:28:28 - [TEST_STEP][PASSED] - Statement - groupXpath = "(//span[@title='" + groupName + "']/following-sibling::ul/li/span[3]/span[2])[" + i + "]": null

2018-07-05 20:28:28 - [TEST_STEP][PASSED] - Statement - println(groupXpath): null

2018-07-05 20:28:28 - [TEST_STEP][PASSED] - Statement - childgroup = driver.findElement(org.openqa.selenium.By.xpath(groupXpath)).getText(): null

2018-07-05 20:28:28 - [TEST_STEP][PASSED] - Statement - println(childgroup): null

2018-07-05 20:28:28 - [TEST_STEP][PASSED] - Statement - subGroupList[i - 1] = childgroup: null

2018-07-05 20:28:28 - [TEST_STEP][PASSED] - Statement - groupXpath = "(//span[@title='" + groupName + "']/following-sibling::ul/li/span[3]/span[2])[" + i + "]": null

2018-07-05 20:28:28 - [TEST_STEP][PASSED] - Statement - println(groupXpath): null

2018-07-05 20:28:28 - [TEST_STEP][PASSED] - Statement - childgroup = driver.findElement(org.openqa.selenium.By.xpath(groupXpath)).getText(): null

2018-07-05 20:28:28 - [TEST_STEP][PASSED] - Statement - println(childgroup): null

2018-07-05 20:28:28 - [TEST_STEP][PASSED] - Statement - subGroupList[i - 1] = childgroup: null

2018-07-05 20:28:28 - [TEST_STEP][PASSED] - Statement - groupXpath = "(//span[@title='" + groupName + "']/following-sibling::ul/li/span[3]/span[2])[" + i + "]": null

2018-07-05 20:28:28 - [TEST_STEP][PASSED] - Statement - println(groupXpath): null

2018-07-05 20:28:28 - [TEST_STEP][PASSED] - Statement - childgroup = driver.findElement(org.openqa.selenium.By.xpath(groupXpath)).getText(): null

2018-07-05 20:28:28 - [TEST_STEP][PASSED] - Statement - println(childgroup): null

2018-07-05 20:28:28 - [TEST_STEP][PASSED] - Statement - subGroupList[i - 1] = childgroup: null

2018-07-05 20:28:28 - [TEST_STEP][PASSED] - Statement - groupXpath = "(//span[@title='" + groupName + "']/following-sibling::ul/li/span[3]/span[2])[" + i + "]": null

2018-07-05 20:28:28 - [TEST_STEP][PASSED] - Statement - println(groupXpath): null

2018-07-05 20:28:28 - [TEST_STEP][PASSED] - Statement - childgroup = driver.findElement(org.openqa.selenium.By.xpath(groupXpath)).getText(): null

2018-07-05 20:28:28 - [TEST_STEP][PASSED] - Statement - println(childgroup): null

2018-07-05 20:28:28 - [TEST_STEP][PASSED] - Statement - subGroupList[i - 1] = childgroup: null

2018-07-05 20:28:28 - [TEST_STEP][PASSED] - Statement - groupXpath = "(//span[@title='" + groupName + "']/following-sibling::ul/li/span[3]/span[2])[" + i + "]": null

2018-07-05 20:28:28 - [TEST_STEP][PASSED] - Statement - println(groupXpath): null

2018-07-05 20:28:28 - [TEST_STEP][PASSED] - Statement - childgroup = driver.findElement(org.openqa.selenium.By.xpath(groupXpath)).getText(): null

2018-07-05 20:28:28 - [TEST_STEP][PASSED] - Statement - println(childgroup): null

2018-07-05 20:28:28 - [TEST_STEP][PASSED] - Statement - subGroupList[i - 1] = childgroup: null

2018-07-05 20:28:28 - [TEST_STEP][PASSED] - Statement - groupXpath = "(//span[@title='" + groupName + "']/following-sibling::ul/li/span[3]/span[2])[" + i + "]": null

2018-07-05 20:28:28 - [TEST_STEP][PASSED] - Statement - println(groupXpath): null

2018-07-05 20:28:28 - [TEST_STEP][PASSED] - Statement - childgroup = driver.findElement(org.openqa.selenium.By.xpath(groupXpath)).getText(): null

2018-07-05 20:28:28 - [TEST_STEP][PASSED] - Statement - println(childgroup): null

2018-07-05 20:28:28 - [TEST_STEP][PASSED] - Statement - subGroupList[i - 1] = childgroup: null

2018-07-05 20:28:28 - [TEST_STEP][PASSED] - Statement - groupXpath = "(//span[@title='" + groupName + "']/following-sibling::ul/li/span[3]/span[2])[" + i + "]": null

2018-07-05 20:28:28 - [TEST_STEP][PASSED] - Statement - println(groupXpath): null

2018-07-05 20:28:28 - [TEST_STEP][PASSED] - Statement - childgroup = driver.findElement(org.openqa.selenium.By.xpath(groupXpath)).getText(): null

2018-07-05 20:28:28 - [TEST_STEP][PASSED] - Statement - println(childgroup): null

2018-07-05 20:28:28 - [TEST_STEP][PASSED] - Statement - subGroupList[i - 1] = childgroup: null

2018-07-05 20:28:28 - [TEST_STEP][PASSED] - Statement - groupXpath = "(//span[@title='" + groupName + "']/following-sibling::ul/li/span[3]/span[2])[" + i + "]": null

2018-07-05 20:28:28 - [TEST_STEP][PASSED] - Statement - println(groupXpath): null

2018-07-05 20:28:28 - [TEST_STEP][PASSED] - Statement - childgroup = driver.findElement(org.openqa.selenium.By.xpath(groupXpath)).getText(): null

2018-07-05 20:28:28 - [TEST_STEP][PASSED] - Statement - println(childgroup): null

2018-07-05 20:28:28 - [TEST_STEP][PASSED] - Statement - subGroupList[i - 1] = childgroup: null

2018-07-05 20:28:28 - [TEST_STEP][PASSED] - Statement - groupXpath = "(//span[@title='" + groupName + "']/following-sibling::ul/li/span[3]/span[2])[" + i + "]": null

2018-07-05 20:28:28 - [TEST_STEP][PASSED] - Statement - println(groupXpath): null

2018-07-05 20:28:28 - [TEST_STEP][PASSED] - Statement - childgroup = driver.findElement(org.openqa.selenium.By.xpath(groupXpath)).getText(): null

2018-07-05 20:28:28 - [TEST_STEP][PASSED] - Statement - println(childgroup): null

2018-07-05 20:28:28 - [TEST_STEP][PASSED] - Statement - subGroupList[i - 1] = childgroup: null

2018-07-05 20:28:28 - [TEST_STEP][PASSED] - Statement - groupXpath = "(//span[@title='" + groupName + "']/following-sibling::ul/li/span[3]/span[2])[" + i + "]": null

2018-07-05 20:28:28 - [TEST_STEP][PASSED] - Statement - println(groupXpath): null

2018-07-05 20:28:28 - [TEST_STEP][PASSED] - Statement - childgroup = driver.findElement(org.openqa.selenium.By.xpath(groupXpath)).getText(): null

2018-07-05 20:28:28 - [TEST_STEP][PASSED] - Statement - println(childgroup): null

2018-07-05 20:28:28 - [TEST_STEP][PASSED] - Statement - subGroupList[i - 1] = childgroup: null

2018-07-05 20:28:28 - [TEST_STEP][PASSED] - Statement - groupXpath = "(//span[@title='" + groupName + "']/following-sibling::ul/li/span[3]/span[2])[" + i + "]": null

2018-07-05 20:28:28 - [TEST_STEP][PASSED] - Statement - println(groupXpath): null

2018-07-05 20:28:28 - [TEST_STEP][PASSED] - Statement - childgroup = driver.findElement(org.openqa.selenium.By.xpath(groupXpath)).getText(): null

2018-07-05 20:28:29 - [TEST_STEP][PASSED] - Statement - println(childgroup): null

2018-07-05 20:28:29 - [TEST_STEP][PASSED] - Statement - subGroupList[i - 1] = childgroup: null

2018-07-05 20:28:29 - [TEST_STEP][PASSED] - Statement - groupXpath = "(//span[@title='" + groupName + "']/following-sibling::ul/li/span[3]/span[2])[" + i + "]": null

2018-07-05 20:28:29 - [TEST_STEP][PASSED] - Statement - println(groupXpath): null

2018-07-05 20:28:29 - [TEST_STEP][PASSED] - Statement - childgroup = driver.findElement(org.openqa.selenium.By.xpath(groupXpath)).getText(): null

2018-07-05 20:28:29 - [TEST_STEP][PASSED] - Statement - println(childgroup): null

2018-07-05 20:28:29 - [TEST_STEP][PASSED] - Statement - subGroupList[i - 1] = childgroup: null

2018-07-05 20:28:29 - [TEST_STEP][PASSED] - Statement - groupXpath = "(//span[@title='" + groupName + "']/following-sibling::ul/li/span[3]/span[2])[" + i + "]": null

2018-07-05 20:28:29 - [TEST_STEP][PASSED] - Statement - println(groupXpath): null

2018-07-05 20:28:29 - [TEST_STEP][PASSED] - Statement - childgroup = driver.findElement(org.openqa.selenium.By.xpath(groupXpath)).getText(): null

2018-07-05 20:28:29 - [TEST_STEP][PASSED] - Statement - println(childgroup): null

2018-07-05 20:28:29 - [TEST_STEP][PASSED] - Statement - subGroupList[i - 1] = childgroup: null

2018-07-05 20:28:29 - [TEST_STEP][PASSED] - Statement - println(subGroupList): null

2018-07-05 20:28:29 - [TEST_STEP][PASSED] - Statement - If (subGroupList.containsAll(groupStoresList)): null

2018-07-05 20:28:29 - [TEST_STEP][PASSED] - Statement - println("Parent group have all the associated stores and groups"): null

2018-07-05 20:28:29 - [TEST_STEP][PASSED] - uiaction.CommonUIActions.click: uiaction.CommonUIActions.click is PASSED

2018-07-05 20:28:29 - [MESSAGE][PASSED] - uiaction.CommonUIActions.click is PASSED

2018-07-05 20:28:29 - [TEST_STEP][PASSED] - uiaction.CommonUIActions.click: uiaction.CommonUIActions.click is PASSED

2018-07-05 20:28:46 - [MESSAGE][PASSED] - uiaction.CommonUIActions.click is PASSED

2018-07-05 20:28:46 - [TEST_STEP][PASSED] - Statement - storesList = driver.findElements(org.openqa.selenium.By.xpath(com.kms.katalon.core.testdata.TestDataFactory.findTestData(OR_file).getValue(2, 16))): Reading excel file with source file 'C:\Users\shalinin\Katalon Studio\HME_DEVScripts\Data Files\HME_OR.xlsx' and sheet name 'Sheet1'

2018-07-05 20:28:46 - [TEST_STEP][PASSED] - Statement - For ([i = 1, i <= storesList.size(), (i++)]): null

2018-07-05 20:28:46 - [TEST_STEP][PASSED] - Statement - reportgroup = "(//div[@class='ctable']/table/tbody/tr[@class='tdata clear'])[" + i + "]/td[7]": null

2018-07-05 20:28:46 - [TEST_STEP][PASSED] - Statement - reportgroupTxt = driver.findElement(org.openqa.selenium.By.xpath(reportgroup)).getText(): null

2018-07-05 20:28:46 - [TEST_STEP][PASSED] - Statement - If (reportgroupTxt == "AutomationGroup"): null

2018-07-05 20:28:46 - [TEST_STEP][PASSED] - Statement - println("Report group has right group name"): null

2018-07-05 20:28:46 - [TEST_STEP][PASSED] - Statement - reportgroup = "(//div[@class='ctable']/table/tbody/tr[@class='tdata clear'])[" + i + "]/td[7]": null

2018-07-05 20:28:46 - [TEST_STEP][PASSED] - Statement - reportgroupTxt = driver.findElement(org.openqa.selenium.By.xpath(reportgroup)).getText(): null

2018-07-05 20:28:46 - [TEST_STEP][PASSED] - Statement - If (reportgroupTxt == "AutomationGroup"): null

2018-07-05 20:28:46 - [TEST_STEP][PASSED] - Statement - println("Report group has right group name"): null

2018-07-05 20:28:46 - [TEST_STEP][PASSED] - Statement - reportgroup = "(//div[@class='ctable']/table/tbody/tr[@class='tdata clear'])[" + i + "]/td[7]": null

2018-07-05 20:28:46 - [TEST_STEP][PASSED] - Statement - reportgroupTxt = driver.findElement(org.openqa.selenium.By.xpath(reportgroup)).getText(): null

2018-07-05 20:28:46 - [TEST_STEP][PASSED] - Statement - If (reportgroupTxt == "AutomationGroup"): null

2018-07-05 20:28:46 - [TEST_STEP][PASSED] - Statement - println("Report group has right group name"): null

2018-07-05 20:28:46 - [TEST_STEP][PASSED] - Statement - reportgroup = "(//div[@class='ctable']/table/tbody/tr[@class='tdata clear'])[" + i + "]/td[7]": null

2018-07-05 20:28:46 - [TEST_STEP][PASSED] - Statement - reportgroupTxt = driver.findElement(org.openqa.selenium.By.xpath(reportgroup)).getText(): null

2018-07-05 20:28:46 - [TEST_STEP][PASSED] - Statement - If (reportgroupTxt == "AutomationGroup"): null

2018-07-05 20:28:46 - [TEST_STEP][PASSED] - Statement - println("Report group has right group name"): null

2018-07-05 20:28:46 - [TEST_STEP][PASSED] - Statement - reportgroup = "(//div[@class='ctable']/table/tbody/tr[@class='tdata clear'])[" + i + "]/td[7]": null

2018-07-05 20:28:46 - [TEST_STEP][PASSED] - Statement - reportgroupTxt = driver.findElement(org.openqa.selenium.By.xpath(reportgroup)).getText(): null

2018-07-05 20:28:46 - [TEST_STEP][PASSED] - Statement - If (reportgroupTxt == "AutomationGroup"): null

2018-07-05 20:28:46 - [TEST_STEP][PASSED] - Statement - println("Report group has right group name"): null

2018-07-05 20:28:46 - [TEST_STEP][PASSED] - Statement - reportgroup = "(//div[@class='ctable']/table/tbody/tr[@class='tdata clear'])[" + i + "]/td[7]": null

2018-07-05 20:28:46 - [TEST_STEP][PASSED] - Statement - reportgroupTxt = driver.findElement(org.openqa.selenium.By.xpath(reportgroup)).getText(): null

2018-07-05 20:28:46 - [TEST_STEP][PASSED] - Statement - If (reportgroupTxt == "AutomationGroup"): null

2018-07-05 20:28:46 - [TEST_STEP][PASSED] - Statement - Else: null

2018-07-05 20:28:46 - [TEST_STEP][PASSED] - Statement - If (!(TCflag)): null

2018-07-05 20:28:46 - [TEST_STEP][PASSED] - Statement - reportgroup = "(//div[@class='ctable']/table/tbody/tr[@class='tdata clear'])[" + i + "]/td[7]": null

2018-07-05 20:28:46 - [TEST_STEP][PASSED] - Statement - reportgroupTxt = driver.findElement(org.openqa.selenium.By.xpath(reportgroup)).getText(): null

2018-07-05 20:28:46 - [TEST_STEP][PASSED] - Statement - If (reportgroupTxt == "AutomationGroup"): null

2018-07-05 20:28:46 - [TEST_STEP][PASSED] - Statement - println("Report group has right group name"): null

2018-07-05 20:28:46 - [TEST_STEP][PASSED] - Statement - reportgroup = "(//div[@class='ctable']/table/tbody/tr[@class='tdata clear'])[" + i + "]/td[7]": null

2018-07-05 20:28:46 - [TEST_STEP][PASSED] - Statement - reportgroupTxt = driver.findElement(org.openqa.selenium.By.xpath(reportgroup)).getText(): null

2018-07-05 20:28:46 - [TEST_STEP][PASSED] - Statement - If (reportgroupTxt == "AutomationGroup"): null

2018-07-05 20:28:46 - [TEST_STEP][PASSED] - Statement - println("Report group has right group name"): null

2018-07-05 20:28:46 - [TEST_STEP][PASSED] - Statement - reportgroup = "(//div[@class='ctable']/table/tbody/tr[@class='tdata clear'])[" + i + "]/td[7]": null

2018-07-05 20:28:46 - [TEST_STEP][PASSED] - Statement - reportgroupTxt = driver.findElement(org.openqa.selenium.By.xpath(reportgroup)).getText(): null

2018-07-05 20:28:46 - [TEST_STEP][PASSED] - Statement - If (reportgroupTxt == "AutomationGroup"): null

2018-07-05 20:28:46 - [TEST_STEP][PASSED] - Statement - println("Report group has right group name"): null

2018-07-05 20:28:46 - [TEST_STEP][PASSED] - Statement - reportgroup = "(//div[@class='ctable']/table/tbody/tr[@class='tdata clear'])[" + i + "]/td[7]": null

2018-07-05 20:28:46 - [TEST_STEP][PASSED] - Statement - reportgroupTxt = driver.findElement(org.openqa.selenium.By.xpath(reportgroup)).getText(): null

2018-07-05 20:28:46 - [TEST_STEP][PASSED] - Statement - If (reportgroupTxt == "AutomationGroup"): null

2018-07-05 20:28:46 - [TEST_STEP][PASSED] - Statement - println("Report group has right group name"): null

2018-07-05 20:28:46 - [TEST_STEP][PASSED] - Statement - reportgroup = "(//div[@class='ctable']/table/tbody/tr[@class='tdata clear'])[" + i + "]/td[7]": null

2018-07-05 20:28:46 - [TEST_STEP][PASSED] - Statement - reportgroupTxt = driver.findElement(org.openqa.selenium.By.xpath(reportgroup)).getText(): null

2018-07-05 20:28:46 - [TEST_STEP][PASSED] - Statement - If (reportgroupTxt == "AutomationGroup"): null

2018-07-05 20:28:46 - [TEST_STEP][PASSED] - Statement - println("Report group has right group name"): null

2018-07-05 20:28:46 - [TEST_STEP][PASSED] - Statement - reportgroup = "(//div[@class='ctable']/table/tbody/tr[@class='tdata clear'])[" + i + "]/td[7]": null

2018-07-05 20:28:46 - [TEST_STEP][PASSED] - Statement - reportgroupTxt = driver.findElement(org.openqa.selenium.By.xpath(reportgroup)).getText(): null

2018-07-05 20:28:46 - [TEST_STEP][PASSED] - Statement - If (reportgroupTxt == "AutomationGroup"): null

2018-07-05 20:28:46 - [TEST_STEP][PASSED] - Statement - println("Report group has right group name"): null

2018-07-05 20:28:46 - [TEST_STEP][PASSED] - Statement - reportgroup = "(//div[@class='ctable']/table/tbody/tr[@class='tdata clear'])[" + i + "]/td[7]": null

2018-07-05 20:28:46 - [TEST_STEP][PASSED] - Statement - reportgroupTxt = driver.findElement(org.openqa.selenium.By.xpath(reportgroup)).getText(): null

2018-07-05 20:28:46 - [TEST_STEP][PASSED] - Statement - If (reportgroupTxt == "AutomationGroup"): null

2018-07-05 20:28:46 - [TEST_STEP][PASSED] - Statement - println("Report group has right group name"): null

2018-07-05 20:28:46 - [TEST_STEP][PASSED] - Statement - reportgroup = "(//div[@class='ctable']/table/tbody/tr[@class='tdata clear'])[" + i + "]/td[7]": null

2018-07-05 20:28:46 - [TEST_STEP][PASSED] - Statement - reportgroupTxt = driver.findElement(org.openqa.selenium.By.xpath(reportgroup)).getText(): null

2018-07-05 20:28:46 - [TEST_STEP][PASSED] - Statement - If (reportgroupTxt == "AutomationGroup"): null

2018-07-05 20:28:46 - [TEST_STEP][PASSED] - Statement - println("Report group has right group name"): null

2018-07-05 20:28:46 - [TEST_STEP][PASSED] - Statement - reportgroup = "(//div[@class='ctable']/table/tbody/tr[@class='tdata clear'])[" + i + "]/td[7]": null

2018-07-05 20:28:46 - [TEST_STEP][PASSED] - Statement - reportgroupTxt = driver.findElement(org.openqa.selenium.By.xpath(reportgroup)).getText(): null

2018-07-05 20:28:46 - [TEST_STEP][PASSED] - Statement - If (reportgroupTxt == "AutomationGroup"): null

2018-07-05 20:28:46 - [TEST_STEP][PASSED] - Statement - println("Report group has right group name"): null

2018-07-05 20:28:46 - [TEST_STEP][PASSED] - Statement - reportgroup = "(//div[@class='ctable']/table/tbody/tr[@class='tdata clear'])[" + i + "]/td[7]": null

2018-07-05 20:28:46 - [TEST_STEP][PASSED] - Statement - reportgroupTxt = driver.findElement(org.openqa.selenium.By.xpath(reportgroup)).getText(): null

2018-07-05 20:28:46 - [TEST_STEP][PASSED] - Statement - If (reportgroupTxt == "AutomationGroup"): null

2018-07-05 20:28:46 - [TEST_STEP][PASSED] - Statement - println("Report group has right group name"): null

2018-07-05 20:28:46 - [TEST_STEP][PASSED] - Statement - reportgroup = "(//div[@class='ctable']/table/tbody/tr[@class='tdata clear'])[" + i + "]/td[7]": null

2018-07-05 20:28:46 - [TEST_STEP][PASSED] - Statement - reportgroupTxt = driver.findElement(org.openqa.selenium.By.xpath(reportgroup)).getText(): null

2018-07-05 20:28:46 - [TEST_STEP][PASSED] - Statement - If (reportgroupTxt == "AutomationGroup"): null

2018-07-05 20:28:46 - [TEST_STEP][PASSED] - Statement - println("Report group has right group name"): null

2018-07-05 20:28:46 - [TEST_STEP][PASSED] - Statement - reportgroup = "(//div[@class='ctable']/table/tbody/tr[@class='tdata clear'])[" + i + "]/td[7]": null

2018-07-05 20:28:46 - [TEST_STEP][PASSED] - Statement - reportgroupTxt = driver.findElement(org.openqa.selenium.By.xpath(reportgroup)).getText(): null

2018-07-05 20:28:46 - [TEST_STEP][PASSED] - Statement - If (reportgroupTxt == "AutomationGroup"): null

2018-07-05 20:28:46 - [TEST_STEP][PASSED] - Statement - println("Report group has right group name"): null

2018-07-05 20:28:46 - [TEST_STEP][PASSED] - Statement - reportgroup = "(//div[@class='ctable']/table/tbody/tr[@class='tdata clear'])[" + i + "]/td[7]": null

2018-07-05 20:28:46 - [TEST_STEP][PASSED] - Statement - reportgroupTxt = driver.findElement(org.openqa.selenium.By.xpath(reportgroup)).getText(): null

2018-07-05 20:28:46 - [TEST_STEP][PASSED] - Statement - If (reportgroupTxt == "AutomationGroup"): null

2018-07-05 20:28:46 - [TEST_STEP][PASSED] - Statement - println("Report group has right group name"): null

2018-07-05 20:28:46 - [TEST_STEP][PASSED] - Statement - reportgroup = "(//div[@class='ctable']/table/tbody/tr[@class='tdata clear'])[" + i + "]/td[7]": null

2018-07-05 20:28:46 - [TEST_STEP][PASSED] - Statement - reportgroupTxt = driver.findElement(org.openqa.selenium.By.xpath(reportgroup)).getText(): null

2018-07-05 20:28:47 - [TEST_STEP][PASSED] - Statement - If (reportgroupTxt == "AutomationGroup"): null

2018-07-05 20:28:47 - [TEST_STEP][PASSED] - Statement - println("Report group has right group name"): null

2018-07-05 20:28:47 - [TEST_STEP][PASSED] - Statement - reportgroup = "(//div[@class='ctable']/table/tbody/tr[@class='tdata clear'])[" + i + "]/td[7]": null

2018-07-05 20:28:47 - [TEST_STEP][PASSED] - Statement - reportgroupTxt = driver.findElement(org.openqa.selenium.By.xpath(reportgroup)).getText(): null

2018-07-05 20:28:47 - [TEST_STEP][PASSED] - Statement - If (reportgroupTxt == "AutomationGroup"): null

2018-07-05 20:28:47 - [TEST_STEP][PASSED] - Statement - println("Report group has right group name"): null

2018-07-05 20:28:47 - [TEST_STEP][PASSED] - Statement - reportgroup = "(//div[@class='ctable']/table/tbody/tr[@class='tdata clear'])[" + i + "]/td[7]": null

2018-07-05 20:28:47 - [TEST_STEP][PASSED] - Statement - reportgroupTxt = driver.findElement(org.openqa.selenium.By.xpath(reportgroup)).getText(): null

2018-07-05 20:28:47 - [TEST_STEP][PASSED] - Statement - If (reportgroupTxt == "AutomationGroup"): null

2018-07-05 20:28:47 - [TEST_STEP][PASSED] - Statement - println("Report group has right group name"): null

2018-07-05 20:28:47 - [TEST_STEP][PASSED] - Statement - reportgroup = "(//div[@class='ctable']/table/tbody/tr[@class='tdata clear'])[" + i + "]/td[7]": null

2018-07-05 20:28:47 - [TEST_STEP][PASSED] - Statement - reportgroupTxt = driver.findElement(org.openqa.selenium.By.xpath(reportgroup)).getText(): null

2018-07-05 20:28:47 - [TEST_STEP][PASSED] - Statement - If (reportgroupTxt == "AutomationGroup"): null

2018-07-05 20:28:47 - [TEST_STEP][PASSED] - Statement - println("Report group has right group name"): null

2018-07-05 20:28:47 - [TEST_STEP][PASSED] - Statement - reportgroup = "(//div[@class='ctable']/table/tbody/tr[@class='tdata clear'])[" + i + "]/td[7]": null

2018-07-05 20:28:47 - [TEST_STEP][PASSED] - Statement - reportgroupTxt = driver.findElement(org.openqa.selenium.By.xpath(reportgroup)).getText(): null

2018-07-05 20:28:47 - [TEST_STEP][PASSED] - Statement - If (reportgroupTxt == "AutomationGroup"): null

2018-07-05 20:28:47 - [TEST_STEP][PASSED] - Statement - println("Report group has right group name"): null

2018-07-05 20:28:47 - [TEST_STEP][PASSED] - Statement - reportgroup = "(//div[@class='ctable']/table/tbody/tr[@class='tdata clear'])[" + i + "]/td[7]": null

2018-07-05 20:28:47 - [TEST_STEP][PASSED] - Statement - reportgroupTxt = driver.findElement(org.openqa.selenium.By.xpath(reportgroup)).getText(): null

2018-07-05 20:28:47 - [TEST_STEP][PASSED] - Statement - If (reportgroupTxt == "AutomationGroup"): null

2018-07-05 20:28:47 - [TEST_STEP][PASSED] - Statement - println("Report group has right group name"): null

2018-07-05 20:28:47 - [TEST_STEP][PASSED] - Statement - reportgroup = "(//div[@class='ctable']/table/tbody/tr[@class='tdata clear'])[" + i + "]/td[7]": null

2018-07-05 20:28:47 - [TEST_STEP][PASSED] - Statement - reportgroupTxt = driver.findElement(org.openqa.selenium.By.xpath(reportgroup)).getText(): null

2018-07-05 20:28:47 - [TEST_STEP][PASSED] - Statement - If (reportgroupTxt == "AutomationGroup"): null

2018-07-05 20:28:47 - [TEST_STEP][PASSED] - Statement - println("Report group has right group name"): null

2018-07-05 20:28:47 - [TEST_STEP][PASSED] - Statement - reportgroup = "(//div[@class='ctable']/table/tbody/tr[@class='tdata clear'])[" + i + "]/td[7]": null

2018-07-05 20:28:47 - [TEST_STEP][PASSED] - Statement - reportgroupTxt = driver.findElement(org.openqa.selenium.By.xpath(reportgroup)).getText(): null

2018-07-05 20:28:47 - [TEST_STEP][PASSED] - Statement - If (reportgroupTxt == "AutomationGroup"): null

2018-07-05 20:28:47 - [TEST_STEP][PASSED] - Statement - println("Report group has right group name"): null

2018-07-05 20:28:47 - [TEST_STEP][PASSED] - Statement - reportgroup = "(//div[@class='ctable']/table/tbody/tr[@class='tdata clear'])[" + i + "]/td[7]": null

2018-07-05 20:28:47 - [TEST_STEP][PASSED] - Statement - reportgroupTxt = driver.findElement(org.openqa.selenium.By.xpath(reportgroup)).getText(): null

2018-07-05 20:28:47 - [TEST_STEP][PASSED] - Statement - If (reportgroupTxt == "AutomationGroup"): null

2018-07-05 20:28:47 - [TEST_STEP][PASSED] - Statement - println("Report group has right group name"): null

2018-07-05 20:28:47 - [TEST_STEP][PASSED] - Statement - reportgroup = "(//div[@class='ctable']/table/tbody/tr[@class='tdata clear'])[" + i + "]/td[7]": null

2018-07-05 20:28:47 - [TEST_STEP][PASSED] - Statement - reportgroupTxt = driver.findElement(org.openqa.selenium.By.xpath(reportgroup)).getText(): null

2018-07-05 20:28:47 - [TEST_STEP][PASSED] - Statement - If (reportgroupTxt == "AutomationGroup"): null

2018-07-05 20:28:47 - [TEST_STEP][PASSED] - Statement - println("Report group has right group name"): null

2018-07-05 20:28:47 - [TEST_STEP][PASSED] - Statement - reportgroup = "(//div[@class='ctable']/table/tbody/tr[@class='tdata clear'])[" + i + "]/td[7]": null

2018-07-05 20:28:47 - [TEST_STEP][PASSED] - Statement - reportgroupTxt = driver.findElement(org.openqa.selenium.By.xpath(reportgroup)).getText(): null

2018-07-05 20:28:47 - [TEST_STEP][PASSED] - Statement - If (reportgroupTxt == "AutomationGroup"): null

2018-07-05 20:28:47 - [TEST_STEP][PASSED] - Statement - println("Report group has right group name"): null

2018-07-05 20:28:47 - [TEST_STEP][PASSED] - Statement - reportgroup = "(//div[@class='ctable']/table/tbody/tr[@class='tdata clear'])[" + i + "]/td[7]": null

2018-07-05 20:28:47 - [TEST_STEP][PASSED] - Statement - reportgroupTxt = driver.findElement(org.openqa.selenium.By.xpath(reportgroup)).getText(): null

2018-07-05 20:28:47 - [TEST_STEP][PASSED] - Statement - If (reportgroupTxt == "AutomationGroup"): null

2018-07-05 20:28:47 - [TEST_STEP][PASSED] - Statement - println("Report group has right group name"): null

2018-07-05 20:28:47 - [TEST_STEP][PASSED] - Statement - reportgroup = "(//div[@class='ctable']/table/tbody/tr[@class='tdata clear'])[" + i + "]/td[7]": null

2018-07-05 20:28:47 - [TEST_STEP][PASSED] - Statement - reportgroupTxt = driver.findElement(org.openqa.selenium.By.xpath(reportgroup)).getText(): null

2018-07-05 20:28:47 - [TEST_STEP][PASSED] - Statement - If (reportgroupTxt == "AutomationGroup"): null

2018-07-05 20:28:47 - [TEST_STEP][PASSED] - Statement - println("Report group has right group name"): null

2018-07-05 20:28:47 - [TEST_STEP][PASSED] - Statement - reportgroup = "(//div[@class='ctable']/table/tbody/tr[@class='tdata clear'])[" + i + "]/td[7]": null

2018-07-05 20:28:47 - [TEST_STEP][PASSED] - Statement - reportgroupTxt = driver.findElement(org.openqa.selenium.By.xpath(reportgroup)).getText(): null

2018-07-05 20:28:47 - [TEST_STEP][PASSED] - Statement - If (reportgroupTxt == "AutomationGroup"): null

2018-07-05 20:28:47 - [TEST_STEP][PASSED] - Statement - println("Report group has right group name"): null

2018-07-05 20:28:47 - [TEST_STEP][PASSED] - Statement - reportgroup = "(//div[@class='ctable']/table/tbody/tr[@class='tdata clear'])[" + i + "]/td[7]": null

2018-07-05 20:28:47 - [TEST_STEP][PASSED] - Statement - reportgroupTxt = driver.findElement(org.openqa.selenium.By.xpath(reportgroup)).getText(): null

2018-07-05 20:28:47 - [TEST_STEP][PASSED] - Statement - If (reportgroupTxt == "AutomationGroup"): null

2018-07-05 20:28:47 - [TEST_STEP][PASSED] - Statement - println("Report group has right group name"): null

2018-07-05 20:28:47 - [TEST_STEP][PASSED] - Statement - reportgroup = "(//div[@class='ctable']/table/tbody/tr[@class='tdata clear'])[" + i + "]/td[7]": null

2018-07-05 20:28:47 - [TEST_STEP][PASSED] - Statement - reportgroupTxt = driver.findElement(org.openqa.selenium.By.xpath(reportgroup)).getText(): null

2018-07-05 20:28:47 - [TEST_STEP][PASSED] - Statement - If (reportgroupTxt == "AutomationGroup"): null

2018-07-05 20:28:47 - [TEST_STEP][PASSED] - Statement - println("Report group has right group name"): null

2018-07-05 20:28:47 - [TEST_STEP][PASSED] - Statement - reportgroup = "(//div[@class='ctable']/table/tbody/tr[@class='tdata clear'])[" + i + "]/td[7]": null

2018-07-05 20:28:47 - [TEST_STEP][PASSED] - Statement - reportgroupTxt = driver.findElement(org.openqa.selenium.By.xpath(reportgroup)).getText(): null

2018-07-05 20:28:47 - [TEST_STEP][PASSED] - Statement - If (reportgroupTxt == "AutomationGroup"): null

2018-07-05 20:28:47 - [TEST_STEP][PASSED] - Statement - println("Report group has right group name"): null

2018-07-05 20:28:47 - [TEST_STEP][PASSED] - Statement - reportgroup = "(//div[@class='ctable']/table/tbody/tr[@class='tdata clear'])[" + i + "]/td[7]": null

2018-07-05 20:28:47 - [TEST_STEP][PASSED] - Statement - reportgroupTxt = driver.findElement(org.openqa.selenium.By.xpath(reportgroup)).getText(): null

2018-07-05 20:28:47 - [TEST_STEP][PASSED] - Statement - If (reportgroupTxt == "AutomationGroup"): null

2018-07-05 20:28:47 - [TEST_STEP][PASSED] - Statement - println("Report group has right group name"): null

2018-07-05 20:28:47 - [TEST_STEP][PASSED] - Statement - reportgroup = "(//div[@class='ctable']/table/tbody/tr[@class='tdata clear'])[" + i + "]/td[7]": null

2018-07-05 20:28:47 - [TEST_STEP][PASSED] - Statement - reportgroupTxt = driver.findElement(org.openqa.selenium.By.xpath(reportgroup)).getText(): null

2018-07-05 20:28:47 - [TEST_STEP][PASSED] - Statement - If (reportgroupTxt == "AutomationGroup"): null

2018-07-05 20:28:47 - [TEST_STEP][PASSED] - Statement - println("Report group has right group name"): null

2018-07-05 20:28:47 - [TEST_STEP][PASSED] - Statement - reportgroup = "(//div[@class='ctable']/table/tbody/tr[@class='tdata clear'])[" + i + "]/td[7]": null

2018-07-05 20:28:47 - [TEST_STEP][PASSED] - Statement - reportgroupTxt = driver.findElement(org.openqa.selenium.By.xpath(reportgroup)).getText(): null

2018-07-05 20:28:47 - [TEST_STEP][PASSED] - Statement - If (reportgroupTxt == "AutomationGroup"): null

2018-07-05 20:28:47 - [TEST_STEP][PASSED] - Statement - println("Report group has right group name"): null

2018-07-05 20:28:47 - [TEST_STEP][PASSED] - Statement - reportgroup = "(//div[@class='ctable']/table/tbody/tr[@class='tdata clear'])[" + i + "]/td[7]": null

2018-07-05 20:28:47 - [TEST_STEP][PASSED] - Statement - reportgroupTxt = driver.findElement(org.openqa.selenium.By.xpath(reportgroup)).getText(): null

2018-07-05 20:28:47 - [TEST_STEP][PASSED] - Statement - If (reportgroupTxt == "AutomationGroup"): null

2018-07-05 20:28:47 - [TEST_STEP][PASSED] - Statement - println("Report group has right group name"): null

2018-07-05 20:28:47 - [TEST_STEP][PASSED] - Statement - reportgroup = "(//div[@class='ctable']/table/tbody/tr[@class='tdata clear'])[" + i + "]/td[7]": null

2018-07-05 20:28:47 - [TEST_STEP][PASSED] - Statement - reportgroupTxt = driver.findElement(org.openqa.selenium.By.xpath(reportgroup)).getText(): null

2018-07-05 20:28:47 - [TEST_STEP][PASSED] - Statement - If (reportgroupTxt == "AutomationGroup"): null

2018-07-05 20:28:47 - [TEST_STEP][PASSED] - Statement - println("Report group has right group name"): null

2018-07-05 20:28:47 - [TEST_STEP][PASSED] - Statement - reportgroup = "(//div[@class='ctable']/table/tbody/tr[@class='tdata clear'])[" + i + "]/td[7]": null

2018-07-05 20:28:47 - [TEST_STEP][PASSED] - Statement - reportgroupTxt = driver.findElement(org.openqa.selenium.By.xpath(reportgroup)).getText(): null

2018-07-05 20:28:47 - [TEST_STEP][PASSED] - Statement - If (reportgroupTxt == "AutomationGroup"): null

2018-07-05 20:28:47 - [TEST_STEP][PASSED] - Statement - println("Report group has right group name"): null

2018-07-05 20:28:47 - [TEST_STEP][PASSED] - Statement - reportgroup = "(//div[@class='ctable']/table/tbody/tr[@class='tdata clear'])[" + i + "]/td[7]": null

2018-07-05 20:28:47 - [TEST_STEP][PASSED] - Statement - reportgroupTxt = driver.findElement(org.openqa.selenium.By.xpath(reportgroup)).getText(): null

2018-07-05 20:28:47 - [TEST_STEP][PASSED] - Statement - If (reportgroupTxt == "AutomationGroup"): null

2018-07-05 20:28:47 - [TEST_STEP][PASSED] - Statement - println("Report group has right group name"): null

2018-07-05 20:28:47 - [TEST_STEP][PASSED] - Statement - reportgroup = "(//div[@class='ctable']/table/tbody/tr[@class='tdata clear'])[" + i + "]/td[7]": null

2018-07-05 20:28:47 - [TEST_STEP][PASSED] - Statement - reportgroupTxt = driver.findElement(org.openqa.selenium.By.xpath(reportgroup)).getText(): null

2018-07-05 20:28:47 - [TEST_STEP][PASSED] - Statement - If (reportgroupTxt == "AutomationGroup"): null

2018-07-05 20:28:47 - [TEST_STEP][PASSED] - Statement - println("Report group has right group name"): null

2018-07-05 20:28:47 - [TEST_STEP][PASSED] - Statement - reportgroup = "(//div[@class='ctable']/table/tbody/tr[@class='tdata clear'])[" + i + "]/td[7]": null

2018-07-05 20:28:47 - [TEST_STEP][PASSED] - Statement - reportgroupTxt = driver.findElement(org.openqa.selenium.By.xpath(reportgroup)).getText(): null

2018-07-05 20:28:47 - [TEST_STEP][PASSED] - Statement - If (reportgroupTxt == "AutomationGroup"): null

2018-07-05 20:28:47 - [TEST_STEP][PASSED] - Statement - println("Report group has right group name"): null

2018-07-05 20:28:47 - [TEST_STEP][PASSED] - Statement - reportgroup = "(//div[@class='ctable']/table/tbody/tr[@class='tdata clear'])[" + i + "]/td[7]": null

2018-07-05 20:28:47 - [TEST_STEP][PASSED] - Statement - reportgroupTxt = driver.findElement(org.openqa.selenium.By.xpath(reportgroup)).getText(): null

2018-07-05 20:28:47 - [TEST_STEP][PASSED] - Statement - If (reportgroupTxt == "AutomationGroup"): null

2018-07-05 20:28:47 - [TEST_STEP][PASSED] - Statement - println("Report group has right group name"): null

2018-07-05 20:28:47 - [TEST_STEP][PASSED] - Statement - reportgroup = "(//div[@class='ctable']/table/tbody/tr[@class='tdata clear'])[" + i + "]/td[7]": null

2018-07-05 20:28:47 - [TEST_STEP][PASSED] - Statement - reportgroupTxt = driver.findElement(org.openqa.selenium.By.xpath(reportgroup)).getText(): null

2018-07-05 20:28:47 - [TEST_STEP][PASSED] - Statement - If (reportgroupTxt == "AutomationGroup"): null

2018-07-05 20:28:47 - [TEST_STEP][PASSED] - Statement - println("Report group has right group name"): null

2018-07-05 20:28:47 - [TEST_STEP][PASSED] - Statement - reportgroup = "(//div[@class='ctable']/table/tbody/tr[@class='tdata clear'])[" + i + "]/td[7]": null

2018-07-05 20:28:47 - [TEST_STEP][PASSED] - Statement - reportgroupTxt = driver.findElement(org.openqa.selenium.By.xpath(reportgroup)).getText(): null

2018-07-05 20:28:47 - [TEST_STEP][PASSED] - Statement - If (reportgroupTxt == "AutomationGroup"): null

2018-07-05 20:28:47 - [TEST_STEP][PASSED] - Statement - println("Report group has right group name"): null

2018-07-05 20:28:47 - [TEST_STEP][PASSED] - Statement - reportgroup = "(//div[@class='ctable']/table/tbody/tr[@class='tdata clear'])[" + i + "]/td[7]": null

2018-07-05 20:28:47 - [TEST_STEP][PASSED] - Statement - reportgroupTxt = driver.findElement(org.openqa.selenium.By.xpath(reportgroup)).getText(): null

2018-07-05 20:28:47 - [TEST_STEP][PASSED] - Statement - If (reportgroupTxt == "AutomationGroup"): null

2018-07-05 20:28:47 - [TEST_STEP][PASSED] - Statement - println("Report group has right group name"): null

2018-07-05 20:28:47 - [TEST_STEP][PASSED] - Statement - reportgroup = "(//div[@class='ctable']/table/tbody/tr[@class='tdata clear'])[" + i + "]/td[7]": null

2018-07-05 20:28:47 - [TEST_STEP][PASSED] - Statement - reportgroupTxt = driver.findElement(org.openqa.selenium.By.xpath(reportgroup)).getText(): null

2018-07-05 20:28:47 - [TEST_STEP][PASSED] - Statement - If (reportgroupTxt == "AutomationGroup"): null

2018-07-05 20:28:47 - [TEST_STEP][PASSED] - Statement - println("Report group has right group name"): null

2018-07-05 20:28:47 - [TEST_STEP][PASSED] - Statement - reportgroup = "(//div[@class='ctable']/table/tbody/tr[@class='tdata clear'])[" + i + "]/td[7]": null

2018-07-05 20:28:47 - [TEST_STEP][PASSED] - Statement - reportgroupTxt = driver.findElement(org.openqa.selenium.By.xpath(reportgroup)).getText(): null

2018-07-05 20:28:47 - [TEST_STEP][PASSED] - Statement - If (reportgroupTxt == "AutomationGroup"): null

2018-07-05 20:28:47 - [TEST_STEP][PASSED] - Statement - println("Report group has right group name"): null

2018-07-05 20:28:47 - [TEST_STEP][PASSED] - Statement - reportgroup = "(//div[@class='ctable']/table/tbody/tr[@class='tdata clear'])[" + i + "]/td[7]": null

2018-07-05 20:28:47 - [TEST_STEP][PASSED] - Statement - reportgroupTxt = driver.findElement(org.openqa.selenium.By.xpath(reportgroup)).getText(): null

2018-07-05 20:28:47 - [TEST_STEP][PASSED] - Statement - If (reportgroupTxt == "AutomationGroup"): null

2018-07-05 20:28:47 - [TEST_STEP][PASSED] - Statement - println("Report group has right group name"): null

2018-07-05 20:28:47 - [TEST_STEP][PASSED] - Statement - reportgroup = "(//div[@class='ctable']/table/tbody/tr[@class='tdata clear'])[" + i + "]/td[7]": null

2018-07-05 20:28:47 - [TEST_STEP][PASSED] - Statement - reportgroupTxt = driver.findElement(org.openqa.selenium.By.xpath(reportgroup)).getText(): null

2018-07-05 20:28:47 - [TEST_STEP][PASSED] - Statement - If (reportgroupTxt == "AutomationGroup"): null

2018-07-05 20:28:47 - [TEST_STEP][PASSED] - Statement - println("Report group has right group name"): null

2018-07-05 20:28:47 - [TEST_STEP][PASSED] - Statement - reportgroup = "(//div[@class='ctable']/table/tbody/tr[@class='tdata clear'])[" + i + "]/td[7]": null

2018-07-05 20:28:47 - [TEST_STEP][PASSED] - Statement - reportgroupTxt = driver.findElement(org.openqa.selenium.By.xpath(reportgroup)).getText(): null

2018-07-05 20:28:48 - [TEST_STEP][PASSED] - Statement - If (reportgroupTxt == "AutomationGroup"): null

2018-07-05 20:28:48 - [TEST_STEP][PASSED] - Statement - println("Report group has right group name"): null

2018-07-05 20:28:48 - [TEST_STEP][PASSED] - Statement - reportgroup = "(//div[@class='ctable']/table/tbody/tr[@class='tdata clear'])[" + i + "]/td[7]": null

2018-07-05 20:28:48 - [TEST_STEP][PASSED] - Statement - reportgroupTxt = driver.findElement(org.openqa.selenium.By.xpath(reportgroup)).getText(): null

2018-07-05 20:28:48 - [TEST_STEP][PASSED] - Statement - If (reportgroupTxt == "AutomationGroup"): null

2018-07-05 20:28:48 - [TEST_STEP][PASSED] - Statement - println("Report group has right group name"): null

2018-07-05 20:28:48 - [TEST_STEP][PASSED] - Statement - reportgroup = "(//div[@class='ctable']/table/tbody/tr[@class='tdata clear'])[" + i + "]/td[7]": null

2018-07-05 20:28:48 - [TEST_STEP][PASSED] - Statement - reportgroupTxt = driver.findElement(org.openqa.selenium.By.xpath(reportgroup)).getText(): null

2018-07-05 20:28:48 - [TEST_STEP][PASSED] - Statement - If (reportgroupTxt == "AutomationGroup"): null

2018-07-05 20:28:48 - [TEST_STEP][PASSED] - Statement - println("Report group has right group name"): null

2018-07-05 20:28:48 - [TEST_STEP][PASSED] - Statement - reportgroup = "(//div[@class='ctable']/table/tbody/tr[@class='tdata clear'])[" + i + "]/td[7]": null

2018-07-05 20:28:48 - [TEST_STEP][PASSED] - Statement - reportgroupTxt = driver.findElement(org.openqa.selenium.By.xpath(reportgroup)).getText(): null

2018-07-05 20:28:48 - [TEST_STEP][PASSED] - Statement - If (reportgroupTxt == "AutomationGroup"): null

2018-07-05 20:28:48 - [TEST_STEP][PASSED] - Statement - println("Report group has right group name"): null

2018-07-05 20:28:48 - [TEST_STEP][PASSED] - Statement - reportgroup = "(//div[@class='ctable']/table/tbody/tr[@class='tdata clear'])[" + i + "]/td[7]": null

2018-07-05 20:28:48 - [TEST_STEP][PASSED] - Statement - reportgroupTxt = driver.findElement(org.openqa.selenium.By.xpath(reportgroup)).getText(): null

2018-07-05 20:28:48 - [TEST_STEP][PASSED] - Statement - If (reportgroupTxt == "AutomationGroup"): null

2018-07-05 20:28:48 - [TEST_STEP][PASSED] - Statement - println("Report group has right group name"): null

2018-07-05 20:28:48 - [TEST_STEP][PASSED] - Statement - reportgroup = "(//div[@class='ctable']/table/tbody/tr[@class='tdata clear'])[" + i + "]/td[7]": null

2018-07-05 20:28:48 - [TEST_STEP][PASSED] - Statement - reportgroupTxt = driver.findElement(org.openqa.selenium.By.xpath(reportgroup)).getText(): null

2018-07-05 20:28:48 - [TEST_STEP][PASSED] - Statement - If (reportgroupTxt == "AutomationGroup"): null

2018-07-05 20:28:48 - [TEST_STEP][PASSED] - Statement - println("Report group has right group name"): null

2018-07-05 20:28:48 - [TEST_STEP][PASSED] - Statement - reportgroup = "(//div[@class='ctable']/table/tbody/tr[@class='tdata clear'])[" + i + "]/td[7]": null

2018-07-05 20:28:48 - [TEST_STEP][PASSED] - Statement - reportgroupTxt = driver.findElement(org.openqa.selenium.By.xpath(reportgroup)).getText(): null

2018-07-05 20:28:48 - [TEST_STEP][PASSED] - Statement - If (reportgroupTxt == "AutomationGroup"): null

2018-07-05 20:28:48 - [TEST_STEP][PASSED] - Statement - println("Report group has right group name"): null

2018-07-05 20:28:48 - [TEST_STEP][PASSED] - Statement - reportgroup = "(//div[@class='ctable']/table/tbody/tr[@class='tdata clear'])[" + i + "]/td[7]": null

2018-07-05 20:28:48 - [TEST_STEP][PASSED] - Statement - reportgroupTxt = driver.findElement(org.openqa.selenium.By.xpath(reportgroup)).getText(): null

2018-07-05 20:28:48 - [TEST_STEP][PASSED] - Statement - If (reportgroupTxt == "AutomationGroup"): null

2018-07-05 20:28:48 - [TEST_STEP][PASSED] - Statement - println("Report group has right group name"): null

2018-07-05 20:28:48 - [TEST_STEP][PASSED] - Statement - reportgroup = "(//div[@class='ctable']/table/tbody/tr[@class='tdata clear'])[" + i + "]/td[7]": null

2018-07-05 20:28:48 - [TEST_STEP][PASSED] - Statement - reportgroupTxt = driver.findElement(org.openqa.selenium.By.xpath(reportgroup)).getText(): null

2018-07-05 20:28:48 - [TEST_STEP][PASSED] - Statement - If (reportgroupTxt == "AutomationGroup"): null

2018-07-05 20:28:48 - [TEST_STEP][PASSED] - Statement - println("Report group has right group name"): null

2018-07-05 20:28:48 - [TEST_STEP][PASSED] - Statement - reportgroup = "(//div[@class='ctable']/table/tbody/tr[@class='tdata clear'])[" + i + "]/td[7]": null

2018-07-05 20:28:48 - [TEST_STEP][PASSED] - Statement - reportgroupTxt = driver.findElement(org.openqa.selenium.By.xpath(reportgroup)).getText(): null

2018-07-05 20:28:48 - [TEST_STEP][PASSED] - Statement - If (reportgroupTxt == "AutomationGroup"): null

2018-07-05 20:28:48 - [TEST_STEP][PASSED] - Statement - println("Report group has right group name"): null

2018-07-05 20:28:48 - [TEST_STEP][PASSED] - Statement - reportgroup = "(//div[@class='ctable']/table/tbody/tr[@class='tdata clear'])[" + i + "]/td[7]": null

2018-07-05 20:28:48 - [TEST_STEP][PASSED] - Statement - reportgroupTxt = driver.findElement(org.openqa.selenium.By.xpath(reportgroup)).getText(): null

2018-07-05 20:28:48 - [TEST_STEP][PASSED] - Statement - If (reportgroupTxt == "AutomationGroup"): null

2018-07-05 20:28:48 - [TEST_STEP][PASSED] - Statement - println("Report group has right group name"): null

2018-07-05 20:28:48 - [TEST_STEP][PASSED] - Statement - reportgroup = "(//div[@class='ctable']/table/tbody/tr[@class='tdata clear'])[" + i + "]/td[7]": null

2018-07-05 20:28:48 - [TEST_STEP][PASSED] - Statement - reportgroupTxt = driver.findElement(org.openqa.selenium.By.xpath(reportgroup)).getText(): null

2018-07-05 20:28:48 - [TEST_STEP][PASSED] - Statement - If (reportgroupTxt == "AutomationGroup"): null

2018-07-05 20:28:48 - [TEST_STEP][PASSED] - Statement - println("Report group has right group name"): null

2018-07-05 20:28:48 - [TEST_STEP][PASSED] - Statement - reportgroup = "(//div[@class='ctable']/table/tbody/tr[@class='tdata clear'])[" + i + "]/td[7]": null

2018-07-05 20:28:48 - [TEST_STEP][PASSED] - Statement - reportgroupTxt = driver.findElement(org.openqa.selenium.By.xpath(reportgroup)).getText(): null

2018-07-05 20:28:48 - [TEST_STEP][PASSED] - Statement - If (reportgroupTxt == "AutomationGroup"): null

2018-07-05 20:28:48 - [TEST_STEP][PASSED] - Statement - println("Report group has right group name"): null

2018-07-05 20:28:48 - [TEST_STEP][PASSED] - Statement - reportgroup = "(//div[@class='ctable']/table/tbody/tr[@class='tdata clear'])[" + i + "]/td[7]": null

2018-07-05 20:28:48 - [TEST_STEP][PASSED] - Statement - reportgroupTxt = driver.findElement(org.openqa.selenium.By.xpath(reportgroup)).getText(): null

2018-07-05 20:28:48 - [TEST_STEP][PASSED] - Statement - If (reportgroupTxt == "AutomationGroup"): null

2018-07-05 20:28:48 - [TEST_STEP][PASSED] - Statement - println("Report group has right group name"): null

2018-07-05 20:28:48 - [TEST_STEP][PASSED] - Statement - reportgroup = "(//div[@class='ctable']/table/tbody/tr[@class='tdata clear'])[" + i + "]/td[7]": null

2018-07-05 20:28:48 - [TEST_STEP][PASSED] - Statement - reportgroupTxt = driver.findElement(org.openqa.selenium.By.xpath(reportgroup)).getText(): null

2018-07-05 20:28:48 - [TEST_STEP][PASSED] - Statement - If (reportgroupTxt == "AutomationGroup"): null

2018-07-05 20:28:48 - [TEST_STEP][PASSED] - Statement - println("Report group has right group name"): null

2018-07-05 20:28:48 - [TEST_STEP][PASSED] - Statement - reportgroup = "(//div[@class='ctable']/table/tbody/tr[@class='tdata clear'])[" + i + "]/td[7]": null

2018-07-05 20:28:48 - [TEST_STEP][PASSED] - Statement - reportgroupTxt = driver.findElement(org.openqa.selenium.By.xpath(reportgroup)).getText(): null

2018-07-05 20:28:48 - [TEST_STEP][PASSED] - Statement - If (reportgroupTxt == "AutomationGroup"): null

2018-07-05 20:28:48 - [TEST_STEP][PASSED] - Statement - println("Report group has right group name"): null

2018-07-05 20:28:48 - [TEST_STEP][PASSED] - Statement - reportgroup = "(//div[@class='ctable']/table/tbody/tr[@class='tdata clear'])[" + i + "]/td[7]": null

2018-07-05 20:28:48 - [TEST_STEP][PASSED] - Statement - reportgroupTxt = driver.findElement(org.openqa.selenium.By.xpath(reportgroup)).getText(): null

2018-07-05 20:28:48 - [TEST_STEP][PASSED] - Statement - If (reportgroupTxt == "AutomationGroup"): null

2018-07-05 20:28:48 - [TEST_STEP][PASSED] - Statement - println("Report group has right group name"): null

2018-07-05 20:28:48 - [TEST_STEP][PASSED] - Statement - reportgroup = "(//div[@class='ctable']/table/tbody/tr[@class='tdata clear'])[" + i + "]/td[7]": null

2018-07-05 20:28:48 - [TEST_STEP][PASSED] - Statement - reportgroupTxt = driver.findElement(org.openqa.selenium.By.xpath(reportgroup)).getText(): null

2018-07-05 20:28:48 - [TEST_STEP][PASSED] - Statement - If (reportgroupTxt == "AutomationGroup"): null

2018-07-05 20:28:48 - [TEST_STEP][PASSED] - Statement - println("Report group has right group name"): null

2018-07-05 20:28:48 - [TEST_STEP][PASSED] - Statement - reportgroup = "(//div[@class='ctable']/table/tbody/tr[@class='tdata clear'])[" + i + "]/td[7]": null

2018-07-05 20:28:48 - [TEST_STEP][PASSED] - Statement - reportgroupTxt = driver.findElement(org.openqa.selenium.By.xpath(reportgroup)).getText(): null

2018-07-05 20:28:48 - [TEST_STEP][PASSED] - Statement - If (reportgroupTxt == "AutomationGroup"): null

2018-07-05 20:28:48 - [TEST_STEP][PASSED] - Statement - println("Report group has right group name"): null

2018-07-05 20:28:48 - [TEST_STEP][PASSED] - Statement - reportgroup = "(//div[@class='ctable']/table/tbody/tr[@class='tdata clear'])[" + i + "]/td[7]": null

2018-07-05 20:28:48 - [TEST_STEP][PASSED] - Statement - reportgroupTxt = driver.findElement(org.openqa.selenium.By.xpath(reportgroup)).getText(): null

2018-07-05 20:28:48 - [TEST_STEP][PASSED] - Statement - If (reportgroupTxt == "AutomationGroup"): null

2018-07-05 20:28:48 - [TEST_STEP][PASSED] - Statement - println("Report group has right group name"): null

2018-07-05 20:28:48 - [TEST_STEP][PASSED] - Statement - reportgroup = "(//div[@class='ctable']/table/tbody/tr[@class='tdata clear'])[" + i + "]/td[7]": null

2018-07-05 20:28:48 - [TEST_STEP][PASSED] - Statement - reportgroupTxt = driver.findElement(org.openqa.selenium.By.xpath(reportgroup)).getText(): null

2018-07-05 20:28:48 - [TEST_STEP][PASSED] - Statement - If (reportgroupTxt == "AutomationGroup"): null

2018-07-05 20:28:48 - [TEST_STEP][PASSED] - Statement - println("Report group has right group name"): null

2018-07-05 20:28:48 - [TEST_STEP][PASSED] - Statement - reportgroup = "(//div[@class='ctable']/table/tbody/tr[@class='tdata clear'])[" + i + "]/td[7]": null

2018-07-05 20:28:48 - [TEST_STEP][PASSED] - Statement - reportgroupTxt = driver.findElement(org.openqa.selenium.By.xpath(reportgroup)).getText(): null

2018-07-05 20:28:48 - [TEST_STEP][PASSED] - Statement - If (reportgroupTxt == "AutomationGroup"): null

2018-07-05 20:28:48 - [TEST_STEP][PASSED] - Statement - println("Report group has right group name"): null

2018-07-05 20:28:48 - [TEST_STEP][PASSED] - Statement - reportgroup = "(//div[@class='ctable']/table/tbody/tr[@class='tdata clear'])[" + i + "]/td[7]": null

2018-07-05 20:28:48 - [TEST_STEP][PASSED] - Statement - reportgroupTxt = driver.findElement(org.openqa.selenium.By.xpath(reportgroup)).getText(): null

2018-07-05 20:28:48 - [TEST_STEP][PASSED] - Statement - If (reportgroupTxt == "AutomationGroup"): null

2018-07-05 20:28:48 - [TEST_STEP][PASSED] - Statement - println("Report group has right group name"): null

2018-07-05 20:28:48 - [TEST_STEP][PASSED] - Statement - reportgroup = "(//div[@class='ctable']/table/tbody/tr[@class='tdata clear'])[" + i + "]/td[7]": null

2018-07-05 20:28:48 - [TEST_STEP][PASSED] - Statement - reportgroupTxt = driver.findElement(org.openqa.selenium.By.xpath(reportgroup)).getText(): null

2018-07-05 20:28:48 - [TEST_STEP][PASSED] - Statement - If (reportgroupTxt == "AutomationGroup"): null

2018-07-05 20:28:48 - [TEST_STEP][PASSED] - Statement - println("Report group has right group name"): null

2018-07-05 20:28:48 - [TEST_STEP][PASSED] - Statement - reportgroup = "(//div[@class='ctable']/table/tbody/tr[@class='tdata clear'])[" + i + "]/td[7]": null

2018-07-05 20:28:48 - [TEST_STEP][PASSED] - Statement - reportgroupTxt = driver.findElement(org.openqa.selenium.By.xpath(reportgroup)).getText(): null

2018-07-05 20:28:48 - [TEST_STEP][PASSED] - Statement - If (reportgroupTxt == "AutomationGroup"): null

2018-07-05 20:28:48 - [TEST_STEP][PASSED] - Statement - println("Report group has right group name"): null

2018-07-05 20:28:48 - [TEST_STEP][PASSED] - Statement - reportgroup = "(//div[@class='ctable']/table/tbody/tr[@class='tdata clear'])[" + i + "]/td[7]": null

2018-07-05 20:28:48 - [TEST_STEP][PASSED] - Statement - reportgroupTxt = driver.findElement(org.openqa.selenium.By.xpath(reportgroup)).getText(): null

2018-07-05 20:28:48 - [TEST_STEP][PASSED] - Statement - If (reportgroupTxt == "AutomationGroup"): null

2018-07-05 20:28:48 - [TEST_STEP][PASSED] - Statement - println("Report group has right group name"): null

2018-07-05 20:28:48 - [TEST_STEP][PASSED] - Statement - reportgroup = "(//div[@class='ctable']/table/tbody/tr[@class='tdata clear'])[" + i + "]/td[7]": null

2018-07-05 20:28:48 - [TEST_STEP][PASSED] - Statement - reportgroupTxt = driver.findElement(org.openqa.selenium.By.xpath(reportgroup)).getText(): null

2018-07-05 20:28:48 - [TEST_STEP][PASSED] - Statement - If (reportgroupTxt == "AutomationGroup"): null

2018-07-05 20:28:48 - [TEST_STEP][PASSED] - Statement - println("Report group has right group name"): null

2018-07-05 20:28:48 - [TEST_STEP][PASSED] - Statement - reportgroup = "(//div[@class='ctable']/table/tbody/tr[@class='tdata clear'])[" + i + "]/td[7]": null

2018-07-05 20:28:48 - [TEST_STEP][PASSED] - Statement - reportgroupTxt = driver.findElement(org.openqa.selenium.By.xpath(reportgroup)).getText(): null

2018-07-05 20:28:48 - [TEST_STEP][PASSED] - Statement - If (reportgroupTxt == "AutomationGroup"): null

2018-07-05 20:28:48 - [TEST_STEP][PASSED] - Statement - println("Report group has right group name"): null

2018-07-05 20:28:48 - [TEST_STEP][PASSED] - Statement - reportgroup = "(//div[@class='ctable']/table/tbody/tr[@class='tdata clear'])[" + i + "]/td[7]": null

2018-07-05 20:28:48 - [TEST_STEP][PASSED] - Statement - reportgroupTxt = driver.findElement(org.openqa.selenium.By.xpath(reportgroup)).getText(): null

2018-07-05 20:28:48 - [TEST_STEP][PASSED] - Statement - If (reportgroupTxt == "AutomationGroup"): null

2018-07-05 20:28:48 - [TEST_STEP][PASSED] - Statement - println("Report group has right group name"): null

2018-07-05 20:28:48 - [TEST_STEP][PASSED] - Statement - reportgroup = "(//div[@class='ctable']/table/tbody/tr[@class='tdata clear'])[" + i + "]/td[7]": null

2018-07-05 20:28:48 - [TEST_STEP][PASSED] - Statement - reportgroupTxt = driver.findElement(org.openqa.selenium.By.xpath(reportgroup)).getText(): null

2018-07-05 20:28:48 - [TEST_STEP][PASSED] - Statement - If (reportgroupTxt == "AutomationGroup"): null

2018-07-05 20:28:48 - [TEST_STEP][PASSED] - Statement - println("Report group has right group name"): null

2018-07-05 20:28:48 - [TEST_STEP][PASSED] - Statement - reportgroup = "(//div[@class='ctable']/table/tbody/tr[@class='tdata clear'])[" + i + "]/td[7]": null

2018-07-05 20:28:48 - [TEST_STEP][PASSED] - Statement - reportgroupTxt = driver.findElement(org.openqa.selenium.By.xpath(reportgroup)).getText(): null

2018-07-05 20:28:48 - [TEST_STEP][PASSED] - Statement - If (reportgroupTxt == "AutomationGroup"): null

2018-07-05 20:28:48 - [TEST_STEP][PASSED] - Statement - println("Report group has right group name"): null

2018-07-05 20:28:48 - [TEST_STEP][PASSED] - Statement - reportgroup = "(//div[@class='ctable']/table/tbody/tr[@class='tdata clear'])[" + i + "]/td[7]": null

2018-07-05 20:28:48 - [TEST_STEP][PASSED] - Statement - reportgroupTxt = driver.findElement(org.openqa.selenium.By.xpath(reportgroup)).getText(): null

2018-07-05 20:28:48 - [TEST_STEP][PASSED] - Statement - If (reportgroupTxt == "AutomationGroup"): null

2018-07-05 20:28:48 - [TEST_STEP][PASSED] - Statement - println("Report group has right group name"): null

2018-07-05 20:28:48 - [TEST_STEP][PASSED] - Statement - reportgroup = "(//div[@class='ctable']/table/tbody/tr[@class='tdata clear'])[" + i + "]/td[7]": null

2018-07-05 20:28:48 - [TEST_STEP][PASSED] - Statement - reportgroupTxt = driver.findElement(org.openqa.selenium.By.xpath(reportgroup)).getText(): null

2018-07-05 20:28:48 - [TEST_STEP][PASSED] - Statement - If (reportgroupTxt == "AutomationGroup"): null

2018-07-05 20:28:48 - [TEST_STEP][PASSED] - Statement - println("Report group has right group name"): null

2018-07-05 20:28:48 - [TEST_STEP][PASSED] - Statement - reportgroup = "(//div[@class='ctable']/table/tbody/tr[@class='tdata clear'])[" + i + "]/td[7]": null

2018-07-05 20:28:48 - [TEST_STEP][PASSED] - Statement - reportgroupTxt = driver.findElement(org.openqa.selenium.By.xpath(reportgroup)).getText(): null

2018-07-05 20:28:49 - [TEST_STEP][PASSED] - Statement - If (reportgroupTxt == "AutomationGroup"): null

2018-07-05 20:28:49 - [TEST_STEP][PASSED] - Statement - println("Report group has right group name"): null

2018-07-05 20:28:49 - [TEST_STEP][PASSED] - Statement - reportgroup = "(//div[@class='ctable']/table/tbody/tr[@class='tdata clear'])[" + i + "]/td[7]": null

2018-07-05 20:28:49 - [TEST_STEP][PASSED] - Statement - reportgroupTxt = driver.findElement(org.openqa.selenium.By.xpath(reportgroup)).getText(): null

2018-07-05 20:28:49 - [TEST_STEP][PASSED] - Statement - If (reportgroupTxt == "AutomationGroup"): null

2018-07-05 20:28:49 - [TEST_STEP][PASSED] - Statement - println("Report group has right group name"): null

2018-07-05 20:28:49 - [TEST_STEP][PASSED] - Statement - reportgroup = "(//div[@class='ctable']/table/tbody/tr[@class='tdata clear'])[" + i + "]/td[7]": null

2018-07-05 20:28:49 - [TEST_STEP][PASSED] - Statement - reportgroupTxt = driver.findElement(org.openqa.selenium.By.xpath(reportgroup)).getText(): null

2018-07-05 20:28:49 - [TEST_STEP][PASSED] - Statement - If (reportgroupTxt == "AutomationGroup"): null

2018-07-05 20:28:49 - [TEST_STEP][PASSED] - Statement - println("Report group has right group name"): null

2018-07-05 20:28:49 - [TEST_STEP][PASSED] - Statement - reportgroup = "(//div[@class='ctable']/table/tbody/tr[@class='tdata clear'])[" + i + "]/td[7]": null

2018-07-05 20:28:49 - [TEST_STEP][PASSED] - Statement - reportgroupTxt = driver.findElement(org.openqa.selenium.By.xpath(reportgroup)).getText(): null

2018-07-05 20:28:49 - [TEST_STEP][PASSED] - Statement - If (reportgroupTxt == "AutomationGroup"): null

2018-07-05 20:28:49 - [TEST_STEP][PASSED] - Statement - println("Report group has right group name"): null

2018-07-05 20:28:49 - [TEST_STEP][PASSED] - Statement - reportgroup = "(//div[@class='ctable']/table/tbody/tr[@class='tdata clear'])[" + i + "]/td[7]": null

2018-07-05 20:28:49 - [TEST_STEP][PASSED] - Statement - reportgroupTxt = driver.findElement(org.openqa.selenium.By.xpath(reportgroup)).getText(): null

2018-07-05 20:28:49 - [TEST_STEP][PASSED] - Statement - If (reportgroupTxt == "AutomationGroup"): null

2018-07-05 20:28:49 - [TEST_STEP][PASSED] - Statement - println("Report group has right group name"): null

2018-07-05 20:28:49 - [TEST_STEP][PASSED] - Statement - reportgroup = "(//div[@class='ctable']/table/tbody/tr[@class='tdata clear'])[" + i + "]/td[7]": null

2018-07-05 20:28:49 - [TEST_STEP][PASSED] - Statement - reportgroupTxt = driver.findElement(org.openqa.selenium.By.xpath(reportgroup)).getText(): null

2018-07-05 20:28:49 - [TEST_STEP][PASSED] - Statement - If (reportgroupTxt == "AutomationGroup"): null

2018-07-05 20:28:49 - [TEST_STEP][PASSED] - Statement - println("Report group has right group name"): null

2018-07-05 20:28:49 - [TEST_STEP][PASSED] - Statement - reportgroup = "(//div[@class='ctable']/table/tbody/tr[@class='tdata clear'])[" + i + "]/td[7]": null

2018-07-05 20:28:49 - [TEST_STEP][PASSED] - Statement - reportgroupTxt = driver.findElement(org.openqa.selenium.By.xpath(reportgroup)).getText(): null

2018-07-05 20:28:49 - [TEST_STEP][PASSED] - Statement - If (reportgroupTxt == "AutomationGroup"): null

2018-07-05 20:28:49 - [TEST_STEP][PASSED] - Statement - println("Report group has right group name"): null

2018-07-05 20:28:49 - [TEST_STEP][PASSED] - Statement - reportgroup = "(//div[@class='ctable']/table/tbody/tr[@class='tdata clear'])[" + i + "]/td[7]": null

2018-07-05 20:28:49 - [TEST_STEP][PASSED] - Statement - reportgroupTxt = driver.findElement(org.openqa.selenium.By.xpath(reportgroup)).getText(): null

2018-07-05 20:28:49 - [TEST_STEP][PASSED] - Statement - If (reportgroupTxt == "AutomationGroup"): null

2018-07-05 20:28:49 - [TEST_STEP][PASSED] - Statement - println("Report group has right group name"): null

2018-07-05 20:28:49 - [TEST_STEP][PASSED] - Statement - reportgroup = "(//div[@class='ctable']/table/tbody/tr[@class='tdata clear'])[" + i + "]/td[7]": null

2018-07-05 20:28:49 - [TEST_STEP][PASSED] - Statement - reportgroupTxt = driver.findElement(org.openqa.selenium.By.xpath(reportgroup)).getText(): null

2018-07-05 20:28:49 - [TEST_STEP][PASSED] - Statement - If (reportgroupTxt == "AutomationGroup"): null

2018-07-05 20:28:49 - [TEST_STEP][PASSED] - Statement - println("Report group has right group name"): null

2018-07-05 20:28:49 - [TEST_STEP][PASSED] - Statement - reportgroup = "(//div[@class='ctable']/table/tbody/tr[@class='tdata clear'])[" + i + "]/td[7]": null

2018-07-05 20:28:49 - [TEST_STEP][PASSED] - Statement - reportgroupTxt = driver.findElement(org.openqa.selenium.By.xpath(reportgroup)).getText(): null

2018-07-05 20:28:49 - [TEST_STEP][PASSED] - Statement - If (reportgroupTxt == "AutomationGroup"): null

2018-07-05 20:28:49 - [TEST_STEP][PASSED] - Statement - println("Report group has right group name"): null

2018-07-05 20:28:49 - [TEST_STEP][PASSED] - Statement - reportgroup = "(//div[@class='ctable']/table/tbody/tr[@class='tdata clear'])[" + i + "]/td[7]": null

2018-07-05 20:28:49 - [TEST_STEP][PASSED] - Statement - reportgroupTxt = driver.findElement(org.openqa.selenium.By.xpath(reportgroup)).getText(): null

2018-07-05 20:28:49 - [TEST_STEP][PASSED] - Statement - If (reportgroupTxt == "AutomationGroup"): null

2018-07-05 20:28:49 - [TEST_STEP][PASSED] - Statement - println("Report group has right group name"): null

2018-07-05 20:28:49 - [TEST_STEP][PASSED] - Statement - reportgroup = "(//div[@class='ctable']/table/tbody/tr[@class='tdata clear'])[" + i + "]/td[7]": null

2018-07-05 20:28:49 - [TEST_STEP][PASSED] - Statement - reportgroupTxt = driver.findElement(org.openqa.selenium.By.xpath(reportgroup)).getText(): null

2018-07-05 20:28:49 - [TEST_STEP][PASSED] - Statement - If (reportgroupTxt == "AutomationGroup"): null

2018-07-05 20:28:49 - [TEST_STEP][PASSED] - Statement - println("Report group has right group name"): null

2018-07-05 20:28:49 - [TEST_STEP][PASSED] - Statement - reportgroup = "(//div[@class='ctable']/table/tbody/tr[@class='tdata clear'])[" + i + "]/td[7]": null

2018-07-05 20:28:49 - [TEST_STEP][PASSED] - Statement - reportgroupTxt = driver.findElement(org.openqa.selenium.By.xpath(reportgroup)).getText(): null

2018-07-05 20:28:49 - [TEST_STEP][PASSED] - Statement - If (reportgroupTxt == "AutomationGroup"): null

2018-07-05 20:28:49 - [TEST_STEP][PASSED] - Statement - println("Report group has right group name"): null

2018-07-05 20:28:49 - [TEST_STEP][PASSED] - Statement - reportgroup = "(//div[@class='ctable']/table/tbody/tr[@class='tdata clear'])[" + i + "]/td[7]": null

2018-07-05 20:28:49 - [TEST_STEP][PASSED] - Statement - reportgroupTxt = driver.findElement(org.openqa.selenium.By.xpath(reportgroup)).getText(): null

2018-07-05 20:28:49 - [TEST_STEP][PASSED] - Statement - If (reportgroupTxt == "AutomationGroup"): null

2018-07-05 20:28:49 - [TEST_STEP][PASSED] - Statement - println("Report group has right group name"): null

2018-07-05 20:28:49 - [TEST_STEP][PASSED] - Statement - reportgroup = "(//div[@class='ctable']/table/tbody/tr[@class='tdata clear'])[" + i + "]/td[7]": null

2018-07-05 20:28:49 - [TEST_STEP][PASSED] - Statement - reportgroupTxt = driver.findElement(org.openqa.selenium.By.xpath(reportgroup)).getText(): null

2018-07-05 20:28:49 - [TEST_STEP][PASSED] - Statement - If (reportgroupTxt == "AutomationGroup"): null

2018-07-05 20:28:49 - [TEST_STEP][PASSED] - Statement - println("Report group has right group name"): null

2018-07-05 20:28:49 - [TEST_STEP][PASSED] - Statement - reportgroup = "(//div[@class='ctable']/table/tbody/tr[@class='tdata clear'])[" + i + "]/td[7]": null

2018-07-05 20:28:49 - [TEST_STEP][PASSED] - Statement - reportgroupTxt = driver.findElement(org.openqa.selenium.By.xpath(reportgroup)).getText(): null

2018-07-05 20:28:49 - [TEST_STEP][PASSED] - Statement - If (reportgroupTxt == "AutomationGroup"): null

2018-07-05 20:28:49 - [TEST_STEP][PASSED] - Statement - println("Report group has right group name"): null

2018-07-05 20:28:49 - [TEST_STEP][PASSED] - Statement - reportgroup = "(//div[@class='ctable']/table/tbody/tr[@class='tdata clear'])[" + i + "]/td[7]": null

2018-07-05 20:28:49 - [TEST_STEP][PASSED] - Statement - reportgroupTxt = driver.findElement(org.openqa.selenium.By.xpath(reportgroup)).getText(): null

2018-07-05 20:28:49 - [TEST_STEP][PASSED] - Statement - If (reportgroupTxt == "AutomationGroup"): null

2018-07-05 20:28:49 - [TEST_STEP][PASSED] - Statement - println("Report group has right group name"): null

2018-07-05 20:28:49 - [TEST_STEP][PASSED] - Statement - reportgroup = "(//div[@class='ctable']/table/tbody/tr[@class='tdata clear'])[" + i + "]/td[7]": null

2018-07-05 20:28:49 - [TEST_STEP][PASSED] - Statement - reportgroupTxt = driver.findElement(org.openqa.selenium.By.xpath(reportgroup)).getText(): null

2018-07-05 20:28:49 - [TEST_STEP][PASSED] - Statement - If (reportgroupTxt == "AutomationGroup"): null

2018-07-05 20:28:49 - [TEST_STEP][PASSED] - Statement - println("Report group has right group name"): null

2018-07-05 20:28:49 - [TEST_STEP][PASSED] - Statement - reportgroup = "(//div[@class='ctable']/table/tbody/tr[@class='tdata clear'])[" + i + "]/td[7]": null

2018-07-05 20:28:49 - [TEST_STEP][PASSED] - Statement - reportgroupTxt = driver.findElement(org.openqa.selenium.By.xpath(reportgroup)).getText(): null

2018-07-05 20:28:49 - [TEST_STEP][PASSED] - Statement - If (reportgroupTxt == "AutomationGroup"): null

2018-07-05 20:28:49 - [TEST_STEP][PASSED] - Statement - println("Report group has right group name"): null

2018-07-05 20:28:49 - [TEST_STEP][PASSED] - Statement - reportgroup = "(//div[@class='ctable']/table/tbody/tr[@class='tdata clear'])[" + i + "]/td[7]": null

2018-07-05 20:28:49 - [TEST_STEP][PASSED] - Statement - reportgroupTxt = driver.findElement(org.openqa.selenium.By.xpath(reportgroup)).getText(): null

2018-07-05 20:28:49 - [TEST_STEP][PASSED] - Statement - If (reportgroupTxt == "AutomationGroup"): null

2018-07-05 20:28:49 - [TEST_STEP][PASSED] - Statement - println("Report group has right group name"): null

2018-07-05 20:28:49 - [TEST_STEP][PASSED] - Statement - reportgroup = "(//div[@class='ctable']/table/tbody/tr[@class='tdata clear'])[" + i + "]/td[7]": null

2018-07-05 20:28:49 - [TEST_STEP][PASSED] - Statement - reportgroupTxt = driver.findElement(org.openqa.selenium.By.xpath(reportgroup)).getText(): null

2018-07-05 20:28:49 - [TEST_STEP][PASSED] - Statement - If (reportgroupTxt == "AutomationGroup"): null

2018-07-05 20:28:49 - [TEST_STEP][PASSED] - Statement - println("Report group has right group name"): null

2018-07-05 20:28:49 - [TEST_STEP][PASSED] - Statement - reportgroup = "(//div[@class='ctable']/table/tbody/tr[@class='tdata clear'])[" + i + "]/td[7]": null

2018-07-05 20:28:49 - [TEST_STEP][PASSED] - Statement - reportgroupTxt = driver.findElement(org.openqa.selenium.By.xpath(reportgroup)).getText(): null

2018-07-05 20:28:49 - [TEST_STEP][PASSED] - Statement - If (reportgroupTxt == "AutomationGroup"): null

2018-07-05 20:28:49 - [TEST_STEP][PASSED] - Statement - println("Report group has right group name"): null

2018-07-05 20:28:49 - [TEST_STEP][PASSED] - Statement - reportgroup = "(//div[@class='ctable']/table/tbody/tr[@class='tdata clear'])[" + i + "]/td[7]": null

2018-07-05 20:28:49 - [TEST_STEP][PASSED] - Statement - reportgroupTxt = driver.findElement(org.openqa.selenium.By.xpath(reportgroup)).getText(): null

2018-07-05 20:28:49 - [TEST_STEP][PASSED] - Statement - If (reportgroupTxt == "AutomationGroup"): null

2018-07-05 20:28:49 - [TEST_STEP][PASSED] - Statement - println("Report group has right group name"): null

2018-07-05 20:28:49 - [TEST_STEP][PASSED] - Statement - reportgroup = "(//div[@class='ctable']/table/tbody/tr[@class='tdata clear'])[" + i + "]/td[7]": null

2018-07-05 20:28:49 - [TEST_STEP][PASSED] - Statement - reportgroupTxt = driver.findElement(org.openqa.selenium.By.xpath(reportgroup)).getText(): null

2018-07-05 20:28:49 - [TEST_STEP][PASSED] - Statement - If (reportgroupTxt == "AutomationGroup"): null

2018-07-05 20:28:49 - [TEST_STEP][PASSED] - Statement - println("Report group has right group name"): null

2018-07-05 20:28:49 - [TEST_STEP][PASSED] - Statement - reportgroup = "(//div[@class='ctable']/table/tbody/tr[@class='tdata clear'])[" + i + "]/td[7]": null

2018-07-05 20:28:49 - [TEST_STEP][PASSED] - Statement - reportgroupTxt = driver.findElement(org.openqa.selenium.By.xpath(reportgroup)).getText(): null

2018-07-05 20:28:49 - [TEST_STEP][PASSED] - Statement - If (reportgroupTxt == "AutomationGroup"): null

2018-07-05 20:28:49 - [TEST_STEP][PASSED] - Statement - println("Report group has right group name"): null

2018-07-05 20:28:49 - [TEST_STEP][PASSED] - Statement - reportgroup = "(//div[@class='ctable']/table/tbody/tr[@class='tdata clear'])[" + i + "]/td[7]": null

2018-07-05 20:28:49 - [TEST_STEP][PASSED] - Statement - reportgroupTxt = driver.findElement(org.openqa.selenium.By.xpath(reportgroup)).getText(): null

2018-07-05 20:28:49 - [TEST_STEP][PASSED] - Statement - If (reportgroupTxt == "AutomationGroup"): null

2018-07-05 20:28:49 - [TEST_STEP][PASSED] - Statement - println("Report group has right group name"): null

2018-07-05 20:28:49 - [TEST_STEP][PASSED] - Statement - reportgroup = "(//div[@class='ctable']/table/tbody/tr[@class='tdata clear'])[" + i + "]/td[7]": null

2018-07-05 20:28:49 - [TEST_STEP][PASSED] - Statement - reportgroupTxt = driver.findElement(org.openqa.selenium.By.xpath(reportgroup)).getText(): null

2018-07-05 20:28:49 - [TEST_STEP][PASSED] - Statement - If (reportgroupTxt == "AutomationGroup"): null

2018-07-05 20:28:49 - [TEST_STEP][PASSED] - Statement - println("Report group has right group name"): null

2018-07-05 20:28:49 - [TEST_STEP][PASSED] - Statement - reportgroup = "(//div[@class='ctable']/table/tbody/tr[@class='tdata clear'])[" + i + "]/td[7]": null

2018-07-05 20:28:49 - [TEST_STEP][PASSED] - Statement - reportgroupTxt = driver.findElement(org.openqa.selenium.By.xpath(reportgroup)).getText(): null

2018-07-05 20:28:49 - [TEST_STEP][PASSED] - Statement - If (reportgroupTxt == "AutomationGroup"): null

2018-07-05 20:28:49 - [TEST_STEP][PASSED] - Statement - println("Report group has right group name"): null

2018-07-05 20:28:49 - [TEST_STEP][PASSED] - Statement - reportgroup = "(//div[@class='ctable']/table/tbody/tr[@class='tdata clear'])[" + i + "]/td[7]": null

2018-07-05 20:28:49 - [TEST_STEP][PASSED] - Statement - reportgroupTxt = driver.findElement(org.openqa.selenium.By.xpath(reportgroup)).getText(): null

2018-07-05 20:28:49 - [TEST_STEP][PASSED] - Statement - If (reportgroupTxt == "AutomationGroup"): null

2018-07-05 20:28:49 - [TEST_STEP][PASSED] - Statement - println("Report group has right group name"): null

2018-07-05 20:28:49 - [TEST_STEP][PASSED] - Statement - reportgroup = "(//div[@class='ctable']/table/tbody/tr[@class='tdata clear'])[" + i + "]/td[7]": null

2018-07-05 20:28:49 - [TEST_STEP][PASSED] - Statement - reportgroupTxt = driver.findElement(org.openqa.selenium.By.xpath(reportgroup)).getText(): null

2018-07-05 20:28:49 - [TEST_STEP][PASSED] - Statement - If (reportgroupTxt == "AutomationGroup"): null

2018-07-05 20:28:49 - [TEST_STEP][PASSED] - Statement - println("Report group has right group name"): null

2018-07-05 20:28:49 - [TEST_STEP][PASSED] - Statement - reportgroup = "(//div[@class='ctable']/table/tbody/tr[@class='tdata clear'])[" + i + "]/td[7]": null

2018-07-05 20:28:49 - [TEST_STEP][PASSED] - Statement - reportgroupTxt = driver.findElement(org.openqa.selenium.By.xpath(reportgroup)).getText(): null

2018-07-05 20:28:49 - [TEST_STEP][PASSED] - Statement - If (reportgroupTxt == "AutomationGroup"): null

2018-07-05 20:28:49 - [TEST_STEP][PASSED] - Statement - println("Report group has right group name"): null

2018-07-05 20:28:49 - [TEST_STEP][PASSED] - Statement - reportgroup = "(//div[@class='ctable']/table/tbody/tr[@class='tdata clear'])[" + i + "]/td[7]": null

2018-07-05 20:28:49 - [TEST_STEP][PASSED] - Statement - reportgroupTxt = driver.findElement(org.openqa.selenium.By.xpath(reportgroup)).getText(): null

2018-07-05 20:28:49 - [TEST_STEP][PASSED] - Statement - If (reportgroupTxt == "AutomationGroup"): null

2018-07-05 20:28:49 - [TEST_STEP][PASSED] - Statement - println("Report group has right group name"): null

2018-07-05 20:28:49 - [TEST_STEP][PASSED] - Statement - reportgroup = "(//div[@class='ctable']/table/tbody/tr[@class='tdata clear'])[" + i + "]/td[7]": null

2018-07-05 20:28:49 - [TEST_STEP][PASSED] - Statement - reportgroupTxt = driver.findElement(org.openqa.selenium.By.xpath(reportgroup)).getText(): null

2018-07-05 20:28:49 - [TEST_STEP][PASSED] - Statement - If (reportgroupTxt == "AutomationGroup"): null

2018-07-05 20:28:49 - [TEST_STEP][PASSED] - Statement - println("Report group has right group name"): null

2018-07-05 20:28:49 - [TEST_STEP][PASSED] - Statement - reportgroup = "(//div[@class='ctable']/table/tbody/tr[@class='tdata clear'])[" + i + "]/td[7]": null

2018-07-05 20:28:49 - [TEST_STEP][PASSED] - Statement - reportgroupTxt = driver.findElement(org.openqa.selenium.By.xpath(reportgroup)).getText(): null

2018-07-05 20:28:50 - [TEST_STEP][PASSED] - Statement - If (reportgroupTxt == "AutomationGroup"): null

2018-07-05 20:28:50 - [TEST_STEP][PASSED] - Statement - println("Report group has right group name"): null

2018-07-05 20:28:50 - [TEST_STEP][PASSED] - Statement - reportgroup = "(//div[@class='ctable']/table/tbody/tr[@class='tdata clear'])[" + i + "]/td[7]": null

2018-07-05 20:28:50 - [TEST_STEP][PASSED] - Statement - reportgroupTxt = driver.findElement(org.openqa.selenium.By.xpath(reportgroup)).getText(): null

2018-07-05 20:28:50 - [TEST_STEP][PASSED] - Statement - If (reportgroupTxt == "AutomationGroup"): null

2018-07-05 20:28:50 - [TEST_STEP][PASSED] - Statement - println("Report group has right group name"): null

2018-07-05 20:28:50 - [TEST_STEP][PASSED] - Statement - reportgroup = "(//div[@class='ctable']/table/tbody/tr[@class='tdata clear'])[" + i + "]/td[7]": null

2018-07-05 20:28:50 - [TEST_STEP][PASSED] - Statement - reportgroupTxt = driver.findElement(org.openqa.selenium.By.xpath(reportgroup)).getText(): null

2018-07-05 20:28:50 - [TEST_STEP][PASSED] - Statement - If (reportgroupTxt == "AutomationGroup"): null

2018-07-05 20:28:50 - [TEST_STEP][PASSED] - Statement - println("Report group has right group name"): null

2018-07-05 20:28:50 - [TEST_STEP][PASSED] - Statement - reportgroup = "(//div[@class='ctable']/table/tbody/tr[@class='tdata clear'])[" + i + "]/td[7]": null

2018-07-05 20:28:50 - [TEST_STEP][PASSED] - Statement - reportgroupTxt = driver.findElement(org.openqa.selenium.By.xpath(reportgroup)).getText(): null

2018-07-05 20:28:50 - [TEST_STEP][PASSED] - Statement - If (reportgroupTxt == "AutomationGroup"): null

2018-07-05 20:28:50 - [TEST_STEP][PASSED] - Statement - println("Report group has right group name"): null

2018-07-05 20:28:50 - [TEST_STEP][PASSED] - Statement - reportgroup = "(//div[@class='ctable']/table/tbody/tr[@class='tdata clear'])[" + i + "]/td[7]": null

2018-07-05 20:28:50 - [TEST_STEP][PASSED] - Statement - reportgroupTxt = driver.findElement(org.openqa.selenium.By.xpath(reportgroup)).getText(): null

2018-07-05 20:28:50 - [TEST_STEP][PASSED] - Statement - If (reportgroupTxt == "AutomationGroup"): null

2018-07-05 20:28:50 - [TEST_STEP][PASSED] - Statement - println("Report group has right group name"): null

2018-07-05 20:28:50 - [TEST_STEP][PASSED] - Statement - reportgroup = "(//div[@class='ctable']/table/tbody/tr[@class='tdata clear'])[" + i + "]/td[7]": null

2018-07-05 20:28:50 - [TEST_STEP][PASSED] - Statement - reportgroupTxt = driver.findElement(org.openqa.selenium.By.xpath(reportgroup)).getText(): null

2018-07-05 20:28:50 - [TEST_STEP][PASSED] - Statement - If (reportgroupTxt == "AutomationGroup"): null

2018-07-05 20:28:50 - [TEST_STEP][PASSED] - Statement - println("Report group has right group name"): null

2018-07-05 20:28:50 - [TEST_STEP][PASSED] - Statement - reportgroup = "(//div[@class='ctable']/table/tbody/tr[@class='tdata clear'])[" + i + "]/td[7]": null

2018-07-05 20:28:50 - [TEST_STEP][PASSED] - Statement - reportgroupTxt = driver.findElement(org.openqa.selenium.By.xpath(reportgroup)).getText(): null

2018-07-05 20:28:50 - [TEST_STEP][PASSED] - Statement - If (reportgroupTxt == "AutomationGroup"): null

2018-07-05 20:28:50 - [TEST_STEP][PASSED] - Statement - println("Report group has right group name"): null

2018-07-05 20:28:50 - [TEST_STEP][PASSED] - Statement - reportgroup = "(//div[@class='ctable']/table/tbody/tr[@class='tdata clear'])[" + i + "]/td[7]": null

2018-07-05 20:28:50 - [TEST_STEP][PASSED] - Statement - reportgroupTxt = driver.findElement(org.openqa.selenium.By.xpath(reportgroup)).getText(): null

2018-07-05 20:28:50 - [TEST_STEP][PASSED] - Statement - If (reportgroupTxt == "AutomationGroup"): null

2018-07-05 20:28:50 - [TEST_STEP][PASSED] - Statement - println("Report group has right group name"): null

2018-07-05 20:28:50 - [TEST_STEP][PASSED] - Statement - reportgroup = "(//div[@class='ctable']/table/tbody/tr[@class='tdata clear'])[" + i + "]/td[7]": null

2018-07-05 20:28:50 - [TEST_STEP][PASSED] - Statement - reportgroupTxt = driver.findElement(org.openqa.selenium.By.xpath(reportgroup)).getText(): null

2018-07-05 20:28:50 - [TEST_STEP][PASSED] - Statement - If (reportgroupTxt == "AutomationGroup"): null

2018-07-05 20:28:50 - [TEST_STEP][PASSED] - Statement - println("Report group has right group name"): null

2018-07-05 20:28:50 - [TEST_STEP][PASSED] - Statement - reportgroup = "(//div[@class='ctable']/table/tbody/tr[@class='tdata clear'])[" + i + "]/td[7]": null

2018-07-05 20:28:50 - [TEST_STEP][PASSED] - Statement - reportgroupTxt = driver.findElement(org.openqa.selenium.By.xpath(reportgroup)).getText(): null

2018-07-05 20:28:50 - [TEST_STEP][PASSED] - Statement - If (reportgroupTxt == "AutomationGroup"): null

2018-07-05 20:28:50 - [TEST_STEP][PASSED] - Statement - println("Report group has right group name"): null

2018-07-05 20:28:50 - [TEST_STEP][PASSED] - Statement - reportgroup = "(//div[@class='ctable']/table/tbody/tr[@class='tdata clear'])[" + i + "]/td[7]": null

2018-07-05 20:28:50 - [TEST_STEP][PASSED] - Statement - reportgroupTxt = driver.findElement(org.openqa.selenium.By.xpath(reportgroup)).getText(): null

2018-07-05 20:28:50 - [TEST_STEP][PASSED] - Statement - If (reportgroupTxt == "AutomationGroup"): null

2018-07-05 20:28:50 - [TEST_STEP][PASSED] - Statement - println("Report group has right group name"): null

2018-07-05 20:28:50 - [TEST_STEP][PASSED] - Statement - reportgroup = "(//div[@class='ctable']/table/tbody/tr[@class='tdata clear'])[" + i + "]/td[7]": null

2018-07-05 20:28:50 - [TEST_STEP][PASSED] - Statement - reportgroupTxt = driver.findElement(org.openqa.selenium.By.xpath(reportgroup)).getText(): null

2018-07-05 20:28:50 - [TEST_STEP][PASSED] - Statement - If (reportgroupTxt == "AutomationGroup"): null

2018-07-05 20:28:50 - [TEST_STEP][PASSED] - Statement - println("Report group has right group name"): null

2018-07-05 20:28:50 - [TEST_STEP][PASSED] - Statement - reportgroup = "(//div[@class='ctable']/table/tbody/tr[@class='tdata clear'])[" + i + "]/td[7]": null

2018-07-05 20:28:50 - [TEST_STEP][PASSED] - Statement - reportgroupTxt = driver.findElement(org.openqa.selenium.By.xpath(reportgroup)).getText(): null

2018-07-05 20:28:50 - [TEST_STEP][PASSED] - Statement - If (reportgroupTxt == "AutomationGroup"): null

2018-07-05 20:28:50 - [TEST_STEP][PASSED] - Statement - println("Report group has right group name"): null

2018-07-05 20:28:50 - [TEST_STEP][PASSED] - Statement - reportgroup = "(//div[@class='ctable']/table/tbody/tr[@class='tdata clear'])[" + i + "]/td[7]": null

2018-07-05 20:28:50 - [TEST_STEP][PASSED] - Statement - reportgroupTxt = driver.findElement(org.openqa.selenium.By.xpath(reportgroup)).getText(): null

2018-07-05 20:28:50 - [TEST_STEP][PASSED] - Statement - If (reportgroupTxt == "AutomationGroup"): null

2018-07-05 20:28:50 - [TEST_STEP][PASSED] - Statement - println("Report group has right group name"): null

2018-07-05 20:28:50 - [TEST_STEP][PASSED] - Statement - reportgroup = "(//div[@class='ctable']/table/tbody/tr[@class='tdata clear'])[" + i + "]/td[7]": null

2018-07-05 20:28:50 - [TEST_STEP][PASSED] - Statement - reportgroupTxt = driver.findElement(org.openqa.selenium.By.xpath(reportgroup)).getText(): null

2018-07-05 20:28:50 - [TEST_STEP][PASSED] - Statement - If (reportgroupTxt == "AutomationGroup"): null

2018-07-05 20:28:50 - [TEST_STEP][PASSED] - Statement - println("Report group has right group name"): null

2018-07-05 20:28:50 - [TEST_STEP][PASSED] - Statement - reportgroup = "(//div[@class='ctable']/table/tbody/tr[@class='tdata clear'])[" + i + "]/td[7]": null

2018-07-05 20:28:50 - [TEST_STEP][PASSED] - Statement - reportgroupTxt = driver.findElement(org.openqa.selenium.By.xpath(reportgroup)).getText(): null

2018-07-05 20:28:50 - [TEST_STEP][PASSED] - Statement - If (reportgroupTxt == "AutomationGroup"): null

2018-07-05 20:28:50 - [TEST_STEP][PASSED] - Statement - println("Report group has right group name"): null

2018-07-05 20:28:50 - [TEST_STEP][PASSED] - Statement - reportgroup = "(//div[@class='ctable']/table/tbody/tr[@class='tdata clear'])[" + i + "]/td[7]": null

2018-07-05 20:28:50 - [TEST_STEP][PASSED] - Statement - reportgroupTxt = driver.findElement(org.openqa.selenium.By.xpath(reportgroup)).getText(): null

2018-07-05 20:28:50 - [TEST_STEP][PASSED] - Statement - If (reportgroupTxt == "AutomationGroup"): null

2018-07-05 20:28:50 - [TEST_STEP][PASSED] - Statement - println("Report group has right group name"): null

2018-07-05 20:28:50 - [TEST_STEP][PASSED] - Statement - reportgroup = "(//div[@class='ctable']/table/tbody/tr[@class='tdata clear'])[" + i + "]/td[7]": null

2018-07-05 20:28:50 - [TEST_STEP][PASSED] - Statement - reportgroupTxt = driver.findElement(org.openqa.selenium.By.xpath(reportgroup)).getText(): null

2018-07-05 20:28:50 - [TEST_STEP][PASSED] - Statement - If (reportgroupTxt == "AutomationGroup"): null

2018-07-05 20:28:50 - [TEST_STEP][PASSED] - Statement - println("Report group has right group name"): null

2018-07-05 20:28:50 - [TEST_STEP][PASSED] - Statement - reportgroup = "(//div[@class='ctable']/table/tbody/tr[@class='tdata clear'])[" + i + "]/td[7]": null

2018-07-05 20:28:50 - [TEST_STEP][PASSED] - Statement - reportgroupTxt = driver.findElement(org.openqa.selenium.By.xpath(reportgroup)).getText(): null

2018-07-05 20:28:50 - [TEST_STEP][PASSED] - Statement - If (reportgroupTxt == "AutomationGroup"): null

2018-07-05 20:28:50 - [TEST_STEP][PASSED] - Statement - println("Report group has right group name"): null

2018-07-05 20:28:50 - [TEST_STEP][PASSED] - Statement - reportgroup = "(//div[@class='ctable']/table/tbody/tr[@class='tdata clear'])[" + i + "]/td[7]": null

2018-07-05 20:28:50 - [TEST_STEP][PASSED] - Statement - reportgroupTxt = driver.findElement(org.openqa.selenium.By.xpath(reportgroup)).getText(): null

2018-07-05 20:28:50 - [TEST_STEP][PASSED] - Statement - If (reportgroupTxt == "AutomationGroup"): null

2018-07-05 20:28:50 - [TEST_STEP][PASSED] - Statement - println("Report group has right group name"): null

2018-07-05 20:28:50 - [TEST_STEP][PASSED] - Statement - reportgroup = "(//div[@class='ctable']/table/tbody/tr[@class='tdata clear'])[" + i + "]/td[7]": null

2018-07-05 20:28:50 - [TEST_STEP][PASSED] - Statement - reportgroupTxt = driver.findElement(org.openqa.selenium.By.xpath(reportgroup)).getText(): null

2018-07-05 20:28:50 - [TEST_STEP][PASSED] - Statement - If (reportgroupTxt == "AutomationGroup"): null

2018-07-05 20:28:50 - [TEST_STEP][PASSED] - Statement - println("Report group has right group name"): null

2018-07-05 20:28:50 - [TEST_STEP][PASSED] - Statement - reportgroup = "(//div[@class='ctable']/table/tbody/tr[@class='tdata clear'])[" + i + "]/td[7]": null

2018-07-05 20:28:50 - [TEST_STEP][PASSED] - Statement - reportgroupTxt = driver.findElement(org.openqa.selenium.By.xpath(reportgroup)).getText(): null

2018-07-05 20:28:50 - [TEST_STEP][PASSED] - Statement - If (reportgroupTxt == "AutomationGroup"): null

2018-07-05 20:28:50 - [TEST_STEP][PASSED] - Statement - println("Report group has right group name"): null

2018-07-05 20:28:50 - [TEST_STEP][PASSED] - Statement - reportgroup = "(//div[@class='ctable']/table/tbody/tr[@class='tdata clear'])[" + i + "]/td[7]": null

2018-07-05 20:28:50 - [TEST_STEP][PASSED] - Statement - reportgroupTxt = driver.findElement(org.openqa.selenium.By.xpath(reportgroup)).getText(): null

2018-07-05 20:28:50 - [TEST_STEP][PASSED] - Statement - If (reportgroupTxt == "AutomationGroup"): null

2018-07-05 20:28:50 - [TEST_STEP][PASSED] - Statement - println("Report group has right group name"): null

2018-07-05 20:28:50 - [TEST_STEP][PASSED] - Statement - reportgroup = "(//div[@class='ctable']/table/tbody/tr[@class='tdata clear'])[" + i + "]/td[7]": null

2018-07-05 20:28:50 - [TEST_STEP][PASSED] - Statement - reportgroupTxt = driver.findElement(org.openqa.selenium.By.xpath(reportgroup)).getText(): null

2018-07-05 20:28:50 - [TEST_STEP][PASSED] - Statement - If (reportgroupTxt == "AutomationGroup"): null

2018-07-05 20:28:50 - [TEST_STEP][PASSED] - Statement - println("Report group has right group name"): null

2018-07-05 20:28:50 - [TEST_STEP][PASSED] - Statement - reportgroup = "(//div[@class='ctable']/table/tbody/tr[@class='tdata clear'])[" + i + "]/td[7]": null

2018-07-05 20:28:50 - [TEST_STEP][PASSED] - Statement - reportgroupTxt = driver.findElement(org.openqa.selenium.By.xpath(reportgroup)).getText(): null

2018-07-05 20:28:50 - [TEST_STEP][PASSED] - Statement - If (reportgroupTxt == "AutomationGroup"): null

2018-07-05 20:28:50 - [TEST_STEP][PASSED] - Statement - println("Report group has right group name"): null

2018-07-05 20:28:50 - [TEST_STEP][PASSED] - Statement - reportgroup = "(//div[@class='ctable']/table/tbody/tr[@class='tdata clear'])[" + i + "]/td[7]": null

2018-07-05 20:28:50 - [TEST_STEP][PASSED] - Statement - reportgroupTxt = driver.findElement(org.openqa.selenium.By.xpath(reportgroup)).getText(): null

2018-07-05 20:28:50 - [TEST_STEP][PASSED] - Statement - If (reportgroupTxt == "AutomationGroup"): null

2018-07-05 20:28:50 - [TEST_STEP][PASSED] - Statement - println("Report group has right group name"): null

2018-07-05 20:28:50 - [TEST_STEP][PASSED] - Statement - reportgroup = "(//div[@class='ctable']/table/tbody/tr[@class='tdata clear'])[" + i + "]/td[7]": null

2018-07-05 20:28:50 - [TEST_STEP][PASSED] - Statement - reportgroupTxt = driver.findElement(org.openqa.selenium.By.xpath(reportgroup)).getText(): null

2018-07-05 20:28:50 - [TEST_STEP][PASSED] - Statement - If (reportgroupTxt == "AutomationGroup"): null

2018-07-05 20:28:50 - [TEST_STEP][PASSED] - Statement - println("Report group has right group name"): null

2018-07-05 20:28:50 - [TEST_STEP][PASSED] - Statement - reportgroup = "(//div[@class='ctable']/table/tbody/tr[@class='tdata clear'])[" + i + "]/td[7]": null

2018-07-05 20:28:50 - [TEST_STEP][PASSED] - Statement - reportgroupTxt = driver.findElement(org.openqa.selenium.By.xpath(reportgroup)).getText(): null

2018-07-05 20:28:50 - [TEST_STEP][PASSED] - Statement - If (reportgroupTxt == "AutomationGroup"): null

2018-07-05 20:28:50 - [TEST_STEP][PASSED] - Statement - println("Report group has right group name"): null

2018-07-05 20:28:50 - [TEST_STEP][PASSED] - Statement - reportgroup = "(//div[@class='ctable']/table/tbody/tr[@class='tdata clear'])[" + i + "]/td[7]": null

2018-07-05 20:28:50 - [TEST_STEP][PASSED] - Statement - reportgroupTxt = driver.findElement(org.openqa.selenium.By.xpath(reportgroup)).getText(): null

2018-07-05 20:28:50 - [TEST_STEP][PASSED] - Statement - If (reportgroupTxt == "AutomationGroup"): null

2018-07-05 20:28:50 - [TEST_STEP][PASSED] - Statement - println("Report group has right group name"): null

2018-07-05 20:28:50 - [TEST_STEP][PASSED] - Statement - reportgroup = "(//div[@class='ctable']/table/tbody/tr[@class='tdata clear'])[" + i + "]/td[7]": null

2018-07-05 20:28:50 - [TEST_STEP][PASSED] - Statement - reportgroupTxt = driver.findElement(org.openqa.selenium.By.xpath(reportgroup)).getText(): null

2018-07-05 20:28:50 - [TEST_STEP][PASSED] - Statement - If (reportgroupTxt == "AutomationGroup"): null

2018-07-05 20:28:50 - [TEST_STEP][PASSED] - Statement - println("Report group has right group name"): null

2018-07-05 20:28:50 - [TEST_STEP][PASSED] - Statement - reportgroup = "(//div[@class='ctable']/table/tbody/tr[@class='tdata clear'])[" + i + "]/td[7]": null

2018-07-05 20:28:50 - [TEST_STEP][PASSED] - Statement - reportgroupTxt = driver.findElement(org.openqa.selenium.By.xpath(reportgroup)).getText(): null

2018-07-05 20:28:50 - [TEST_STEP][PASSED] - Statement - If (reportgroupTxt == "AutomationGroup"): null

2018-07-05 20:28:50 - [TEST_STEP][PASSED] - Statement - println("Report group has right group name"): null

2018-07-05 20:28:50 - [TEST_STEP][PASSED] - Statement - reportgroup = "(//div[@class='ctable']/table/tbody/tr[@class='tdata clear'])[" + i + "]/td[7]": null

2018-07-05 20:28:50 - [TEST_STEP][PASSED] - Statement - reportgroupTxt = driver.findElement(org.openqa.selenium.By.xpath(reportgroup)).getText(): null

2018-07-05 20:28:50 - [TEST_STEP][PASSED] - Statement - If (reportgroupTxt == "AutomationGroup"): null

2018-07-05 20:28:50 - [TEST_STEP][PASSED] - Statement - println("Report group has right group name"): null

2018-07-05 20:28:50 - [TEST_STEP][PASSED] - Statement - reportgroup = "(//div[@class='ctable']/table/tbody/tr[@class='tdata clear'])[" + i + "]/td[7]": null

2018-07-05 20:28:50 - [TEST_STEP][PASSED] - Statement - reportgroupTxt = driver.findElement(org.openqa.selenium.By.xpath(reportgroup)).getText(): null

2018-07-05 20:28:50 - [TEST_STEP][PASSED] - Statement - If (reportgroupTxt == "AutomationGroup"): null

2018-07-05 20:28:50 - [TEST_STEP][PASSED] - Statement - println("Report group has right group name"): null

2018-07-05 20:28:50 - [TEST_STEP][PASSED] - Statement - reportgroup = "(//div[@class='ctable']/table/tbody/tr[@class='tdata clear'])[" + i + "]/td[7]": null

2018-07-05 20:28:50 - [TEST_STEP][PASSED] - Statement - reportgroupTxt = driver.findElement(org.openqa.selenium.By.xpath(reportgroup)).getText(): null

2018-07-05 20:28:51 - [TEST_STEP][PASSED] - Statement - If (reportgroupTxt == "AutomationGroup"): null

2018-07-05 20:28:51 - [TEST_STEP][PASSED] - Statement - println("Report group has right group name"): null

2018-07-05 20:28:51 - [TEST_STEP][PASSED] - Statement - reportgroup = "(//div[@class='ctable']/table/tbody/tr[@class='tdata clear'])[" + i + "]/td[7]": null

2018-07-05 20:28:51 - [TEST_STEP][PASSED] - Statement - reportgroupTxt = driver.findElement(org.openqa.selenium.By.xpath(reportgroup)).getText(): null

2018-07-05 20:28:51 - [TEST_STEP][PASSED] - Statement - If (reportgroupTxt == "AutomationGroup"): null

2018-07-05 20:28:51 - [TEST_STEP][PASSED] - Statement - println("Report group has right group name"): null

2018-07-05 20:28:51 - [TEST_STEP][PASSED] - Statement - reportgroup = "(//div[@class='ctable']/table/tbody/tr[@class='tdata clear'])[" + i + "]/td[7]": null

2018-07-05 20:28:51 - [TEST_STEP][PASSED] - Statement - reportgroupTxt = driver.findElement(org.openqa.selenium.By.xpath(reportgroup)).getText(): null

2018-07-05 20:28:51 - [TEST_STEP][PASSED] - Statement - If (reportgroupTxt == "AutomationGroup"): null

2018-07-05 20:28:51 - [TEST_STEP][PASSED] - Statement - println("Report group has right group name"): null

2018-07-05 20:28:51 - [TEST_STEP][PASSED] - Statement - reportgroup = "(//div[@class='ctable']/table/tbody/tr[@class='tdata clear'])[" + i + "]/td[7]": null

2018-07-05 20:28:51 - [TEST_STEP][PASSED] - Statement - reportgroupTxt = driver.findElement(org.openqa.selenium.By.xpath(reportgroup)).getText(): null

2018-07-05 20:28:51 - [TEST_STEP][PASSED] - Statement - If (reportgroupTxt == "AutomationGroup"): null

2018-07-05 20:28:51 - [TEST_STEP][PASSED] - Statement - println("Report group has right group name"): null

2018-07-05 20:28:51 - [TEST_STEP][PASSED] - Statement - reportgroup = "(//div[@class='ctable']/table/tbody/tr[@class='tdata clear'])[" + i + "]/td[7]": null

2018-07-05 20:28:51 - [TEST_STEP][PASSED] - Statement - reportgroupTxt = driver.findElement(org.openqa.selenium.By.xpath(reportgroup)).getText(): null

2018-07-05 20:28:51 - [TEST_STEP][PASSED] - Statement - If (reportgroupTxt == "AutomationGroup"): null

2018-07-05 20:28:51 - [TEST_STEP][PASSED] - Statement - println("Report group has right group name"): null

2018-07-05 20:28:51 - [TEST_STEP][PASSED] - Statement - reportgroup = "(//div[@class='ctable']/table/tbody/tr[@class='tdata clear'])[" + i + "]/td[7]": null

2018-07-05 20:28:51 - [TEST_STEP][PASSED] - Statement - reportgroupTxt = driver.findElement(org.openqa.selenium.By.xpath(reportgroup)).getText(): null

2018-07-05 20:28:51 - [TEST_STEP][PASSED] - Statement - If (reportgroupTxt == "AutomationGroup"): null

2018-07-05 20:28:51 - [TEST_STEP][PASSED] - Statement - println("Report group has right group name"): null

2018-07-05 20:28:51 - [TEST_STEP][PASSED] - Statement - reportgroup = "(//div[@class='ctable']/table/tbody/tr[@class='tdata clear'])[" + i + "]/td[7]": null

2018-07-05 20:28:51 - [TEST_STEP][PASSED] - Statement - reportgroupTxt = driver.findElement(org.openqa.selenium.By.xpath(reportgroup)).getText(): null

2018-07-05 20:28:51 - [TEST_STEP][PASSED] - Statement - If (reportgroupTxt == "AutomationGroup"): null

2018-07-05 20:28:51 - [TEST_STEP][PASSED] - Statement - println("Report group has right group name"): null

2018-07-05 20:28:51 - [TEST_STEP][PASSED] - Statement - reportgroup = "(//div[@class='ctable']/table/tbody/tr[@class='tdata clear'])[" + i + "]/td[7]": null

2018-07-05 20:28:51 - [TEST_STEP][PASSED] - Statement - reportgroupTxt = driver.findElement(org.openqa.selenium.By.xpath(reportgroup)).getText(): null

2018-07-05 20:28:51 - [TEST_STEP][PASSED] - Statement - If (reportgroupTxt == "AutomationGroup"): null

2018-07-05 20:28:51 - [TEST_STEP][PASSED] - Statement - println("Report group has right group name"): null

2018-07-05 20:28:51 - [TEST_STEP][PASSED] - Statement - reportgroup = "(//div[@class='ctable']/table/tbody/tr[@class='tdata clear'])[" + i + "]/td[7]": null

2018-07-05 20:28:51 - [TEST_STEP][PASSED] - Statement - reportgroupTxt = driver.findElement(org.openqa.selenium.By.xpath(reportgroup)).getText(): null

2018-07-05 20:28:51 - [TEST_STEP][PASSED] - Statement - If (reportgroupTxt == "AutomationGroup"): null

2018-07-05 20:28:51 - [TEST_STEP][PASSED] - Statement - println("Report group has right group name"): null

2018-07-05 20:28:51 - [TEST_STEP][PASSED] - Statement - reportgroup = "(//div[@class='ctable']/table/tbody/tr[@class='tdata clear'])[" + i + "]/td[7]": null

2018-07-05 20:28:51 - [TEST_STEP][PASSED] - Statement - reportgroupTxt = driver.findElement(org.openqa.selenium.By.xpath(reportgroup)).getText(): null

2018-07-05 20:28:51 - [TEST_STEP][PASSED] - Statement - If (reportgroupTxt == "AutomationGroup"): null

2018-07-05 20:28:51 - [TEST_STEP][PASSED] - Statement - println("Report group has right group name"): null

2018-07-05 20:28:51 - [TEST_STEP][PASSED] - Statement - reportgroup = "(//div[@class='ctable']/table/tbody/tr[@class='tdata clear'])[" + i + "]/td[7]": null

2018-07-05 20:28:51 - [TEST_STEP][PASSED] - Statement - reportgroupTxt = driver.findElement(org.openqa.selenium.By.xpath(reportgroup)).getText(): null

2018-07-05 20:28:51 - [TEST_STEP][PASSED] - Statement - If (reportgroupTxt == "AutomationGroup"): null

2018-07-05 20:28:51 - [TEST_STEP][PASSED] - Statement - println("Report group has right group name"): null

2018-07-05 20:28:51 - [TEST_STEP][PASSED] - Statement - reportgroup = "(//div[@class='ctable']/table/tbody/tr[@class='tdata clear'])[" + i + "]/td[7]": null

2018-07-05 20:28:51 - [TEST_STEP][PASSED] - Statement - reportgroupTxt = driver.findElement(org.openqa.selenium.By.xpath(reportgroup)).getText(): null

2018-07-05 20:28:51 - [TEST_STEP][PASSED] - Statement - If (reportgroupTxt == "AutomationGroup"): null

2018-07-05 20:28:51 - [TEST_STEP][PASSED] - Statement - println("Report group has right group name"): null

2018-07-05 20:28:51 - [TEST_STEP][PASSED] - Statement - reportgroup = "(//div[@class='ctable']/table/tbody/tr[@class='tdata clear'])[" + i + "]/td[7]": null

2018-07-05 20:28:51 - [TEST_STEP][PASSED] - Statement - reportgroupTxt = driver.findElement(org.openqa.selenium.By.xpath(reportgroup)).getText(): null

2018-07-05 20:28:51 - [TEST_STEP][PASSED] - Statement - If (reportgroupTxt == "AutomationGroup"): null

2018-07-05 20:28:51 - [TEST_STEP][PASSED] - Statement - println("Report group has right group name"): null

2018-07-05 20:28:51 - [TEST_STEP][PASSED] - Statement - reportgroup = "(//div[@class='ctable']/table/tbody/tr[@class='tdata clear'])[" + i + "]/td[7]": null

2018-07-05 20:28:51 - [TEST_STEP][PASSED] - Statement - reportgroupTxt = driver.findElement(org.openqa.selenium.By.xpath(reportgroup)).getText(): null

2018-07-05 20:28:51 - [TEST_STEP][PASSED] - Statement - If (reportgroupTxt == "AutomationGroup"): null

2018-07-05 20:28:51 - [TEST_STEP][PASSED] - Statement - println("Report group has right group name"): null

2018-07-05 20:28:51 - [TEST_STEP][PASSED] - Statement - reportgroup = "(//div[@class='ctable']/table/tbody/tr[@class='tdata clear'])[" + i + "]/td[7]": null

2018-07-05 20:28:51 - [TEST_STEP][PASSED] - Statement - reportgroupTxt = driver.findElement(org.openqa.selenium.By.xpath(reportgroup)).getText(): null

2018-07-05 20:28:51 - [TEST_STEP][PASSED] - Statement - If (reportgroupTxt == "AutomationGroup"): null

2018-07-05 20:28:51 - [TEST_STEP][PASSED] - Statement - println("Report group has right group name"): null

2018-07-05 20:28:51 - [TEST_STEP][PASSED] - Statement - reportgroup = "(//div[@class='ctable']/table/tbody/tr[@class='tdata clear'])[" + i + "]/td[7]": null

2018-07-05 20:28:51 - [TEST_STEP][PASSED] - Statement - reportgroupTxt = driver.findElement(org.openqa.selenium.By.xpath(reportgroup)).getText(): null

2018-07-05 20:28:51 - [TEST_STEP][PASSED] - Statement - If (reportgroupTxt == "AutomationGroup"): null

2018-07-05 20:28:51 - [TEST_STEP][PASSED] - Statement - println("Report group has right group name"): null

2018-07-05 20:28:51 - [TEST_STEP][PASSED] - Statement - reportgroup = "(//div[@class='ctable']/table/tbody/tr[@class='tdata clear'])[" + i + "]/td[7]": null

2018-07-05 20:28:51 - [TEST_STEP][PASSED] - Statement - reportgroupTxt = driver.findElement(org.openqa.selenium.By.xpath(reportgroup)).getText(): null

2018-07-05 20:28:51 - [TEST_STEP][PASSED] - Statement - If (reportgroupTxt == "AutomationGroup"): null

2018-07-05 20:28:51 - [TEST_STEP][PASSED] - Statement - println("Report group has right group name"): null

2018-07-05 20:28:51 - [TEST_STEP][PASSED] - Statement - reportgroup = "(//div[@class='ctable']/table/tbody/tr[@class='tdata clear'])[" + i + "]/td[7]": null

2018-07-05 20:28:51 - [TEST_STEP][PASSED] - Statement - reportgroupTxt = driver.findElement(org.openqa.selenium.By.xpath(reportgroup)).getText(): null

2018-07-05 20:28:51 - [TEST_STEP][PASSED] - Statement - If (reportgroupTxt == "AutomationGroup"): null

2018-07-05 20:28:51 - [TEST_STEP][PASSED] - Statement - println("Report group has right group name"): null

2018-07-05 20:28:51 - [TEST_STEP][PASSED] - Statement - reportgroup = "(//div[@class='ctable']/table/tbody/tr[@class='tdata clear'])[" + i + "]/td[7]": null

2018-07-05 20:28:51 - [TEST_STEP][PASSED] - Statement - reportgroupTxt = driver.findElement(org.openqa.selenium.By.xpath(reportgroup)).getText(): null

2018-07-05 20:28:51 - [TEST_STEP][PASSED] - Statement - If (reportgroupTxt == "AutomationGroup"): null

2018-07-05 20:28:51 - [TEST_STEP][PASSED] - Statement - println("Report group has right group name"): null

2018-07-05 20:28:51 - [TEST_STEP][PASSED] - Statement - reportgroup = "(//div[@class='ctable']/table/tbody/tr[@class='tdata clear'])[" + i + "]/td[7]": null

2018-07-05 20:28:51 - [TEST_STEP][PASSED] - Statement - reportgroupTxt = driver.findElement(org.openqa.selenium.By.xpath(reportgroup)).getText(): null

2018-07-05 20:28:51 - [TEST_STEP][PASSED] - Statement - If (reportgroupTxt == "AutomationGroup"): null

2018-07-05 20:28:51 - [TEST_STEP][PASSED] - Statement - println("Report group has right group name"): null

2018-07-05 20:28:51 - [TEST_STEP][PASSED] - Statement - reportgroup = "(//div[@class='ctable']/table/tbody/tr[@class='tdata clear'])[" + i + "]/td[7]": null

2018-07-05 20:28:51 - [TEST_STEP][PASSED] - Statement - reportgroupTxt = driver.findElement(org.openqa.selenium.By.xpath(reportgroup)).getText(): null

2018-07-05 20:28:51 - [TEST_STEP][PASSED] - Statement - If (reportgroupTxt == "AutomationGroup"): null

2018-07-05 20:28:51 - [TEST_STEP][PASSED] - Statement - println("Report group has right group name"): null

2018-07-05 20:28:51 - [TEST_STEP][PASSED] - Statement - reportgroup = "(//div[@class='ctable']/table/tbody/tr[@class='tdata clear'])[" + i + "]/td[7]": null

2018-07-05 20:28:51 - [TEST_STEP][PASSED] - Statement - reportgroupTxt = driver.findElement(org.openqa.selenium.By.xpath(reportgroup)).getText(): null

2018-07-05 20:28:51 - [TEST_STEP][PASSED] - Statement - If (reportgroupTxt == "AutomationGroup"): null

2018-07-05 20:28:51 - [TEST_STEP][PASSED] - Statement - println("Report group has right group name"): null

2018-07-05 20:28:51 - [TEST_STEP][PASSED] - Statement - reportgroup = "(//div[@class='ctable']/table/tbody/tr[@class='tdata clear'])[" + i + "]/td[7]": null

2018-07-05 20:28:51 - [TEST_STEP][PASSED] - Statement - reportgroupTxt = driver.findElement(org.openqa.selenium.By.xpath(reportgroup)).getText(): null

2018-07-05 20:28:51 - [TEST_STEP][PASSED] - Statement - If (reportgroupTxt == "AutomationGroup"): null

2018-07-05 20:28:51 - [TEST_STEP][PASSED] - Statement - println("Report group has right group name"): null

2018-07-05 20:28:51 - [TEST_STEP][PASSED] - Statement - reportgroup = "(//div[@class='ctable']/table/tbody/tr[@class='tdata clear'])[" + i + "]/td[7]": null

2018-07-05 20:28:51 - [TEST_STEP][PASSED] - Statement - reportgroupTxt = driver.findElement(org.openqa.selenium.By.xpath(reportgroup)).getText(): null

2018-07-05 20:28:51 - [TEST_STEP][PASSED] - Statement - If (reportgroupTxt == "AutomationGroup"): null

2018-07-05 20:28:51 - [TEST_STEP][PASSED] - Statement - println("Report group has right group name"): null

2018-07-05 20:28:51 - [TEST_STEP][PASSED] - Statement - reportgroup = "(//div[@class='ctable']/table/tbody/tr[@class='tdata clear'])[" + i + "]/td[7]": null

2018-07-05 20:28:51 - [TEST_STEP][PASSED] - Statement - reportgroupTxt = driver.findElement(org.openqa.selenium.By.xpath(reportgroup)).getText(): null

2018-07-05 20:28:51 - [TEST_STEP][PASSED] - Statement - If (reportgroupTxt == "AutomationGroup"): null

2018-07-05 20:28:51 - [TEST_STEP][PASSED] - Statement - println("Report group has right group name"): null

2018-07-05 20:28:51 - [TEST_STEP][PASSED] - Statement - reportgroup = "(//div[@class='ctable']/table/tbody/tr[@class='tdata clear'])[" + i + "]/td[7]": null

2018-07-05 20:28:51 - [TEST_STEP][PASSED] - Statement - reportgroupTxt = driver.findElement(org.openqa.selenium.By.xpath(reportgroup)).getText(): null

2018-07-05 20:28:51 - [TEST_STEP][PASSED] - Statement - If (reportgroupTxt == "AutomationGroup"): null

2018-07-05 20:28:51 - [TEST_STEP][PASSED] - Statement - println("Report group has right group name"): null

2018-07-05 20:28:51 - [TEST_STEP][PASSED] - Statement - reportgroup = "(//div[@class='ctable']/table/tbody/tr[@class='tdata clear'])[" + i + "]/td[7]": null

2018-07-05 20:28:51 - [TEST_STEP][PASSED] - Statement - reportgroupTxt = driver.findElement(org.openqa.selenium.By.xpath(reportgroup)).getText(): null

2018-07-05 20:28:51 - [TEST_STEP][PASSED] - Statement - If (reportgroupTxt == "AutomationGroup"): null

2018-07-05 20:28:51 - [TEST_STEP][PASSED] - Statement - println("Report group has right group name"): null

2018-07-05 20:28:51 - [TEST_STEP][PASSED] - Statement - reportgroup = "(//div[@class='ctable']/table/tbody/tr[@class='tdata clear'])[" + i + "]/td[7]": null

2018-07-05 20:28:51 - [TEST_STEP][PASSED] - Statement - reportgroupTxt = driver.findElement(org.openqa.selenium.By.xpath(reportgroup)).getText(): null

2018-07-05 20:28:51 - [TEST_STEP][PASSED] - Statement - If (reportgroupTxt == "AutomationGroup"): null

2018-07-05 20:28:51 - [TEST_STEP][PASSED] - Statement - println("Report group has right group name"): null

2018-07-05 20:28:51 - [TEST_STEP][PASSED] - Statement - reportgroup = "(//div[@class='ctable']/table/tbody/tr[@class='tdata clear'])[" + i + "]/td[7]": null

2018-07-05 20:28:51 - [TEST_STEP][PASSED] - Statement - reportgroupTxt = driver.findElement(org.openqa.selenium.By.xpath(reportgroup)).getText(): null

2018-07-05 20:28:51 - [TEST_STEP][PASSED] - Statement - If (reportgroupTxt == "AutomationGroup"): null

2018-07-05 20:28:51 - [TEST_STEP][PASSED] - Statement - println("Report group has right group name"): null

2018-07-05 20:28:51 - [TEST_STEP][PASSED] - Statement - reportgroup = "(//div[@class='ctable']/table/tbody/tr[@class='tdata clear'])[" + i + "]/td[7]": null

2018-07-05 20:28:51 - [TEST_STEP][PASSED] - Statement - reportgroupTxt = driver.findElement(org.openqa.selenium.By.xpath(reportgroup)).getText(): null

2018-07-05 20:28:51 - [TEST_STEP][PASSED] - Statement - If (reportgroupTxt == "AutomationGroup"): null

2018-07-05 20:28:51 - [TEST_STEP][PASSED] - Statement - println("Report group has right group name"): null

2018-07-05 20:28:51 - [TEST_STEP][PASSED] - Statement - reportgroup = "(//div[@class='ctable']/table/tbody/tr[@class='tdata clear'])[" + i + "]/td[7]": null

2018-07-05 20:28:51 - [TEST_STEP][PASSED] - Statement - reportgroupTxt = driver.findElement(org.openqa.selenium.By.xpath(reportgroup)).getText(): null

2018-07-05 20:28:51 - [TEST_STEP][PASSED] - Statement - If (reportgroupTxt == "AutomationGroup"): null

2018-07-05 20:28:51 - [TEST_STEP][PASSED] - Statement - println("Report group has right group name"): null

2018-07-05 20:28:51 - [TEST_STEP][PASSED] - Statement - reportgroup = "(//div[@class='ctable']/table/tbody/tr[@class='tdata clear'])[" + i + "]/td[7]": null

2018-07-05 20:28:51 - [TEST_STEP][PASSED] - Statement - reportgroupTxt = driver.findElement(org.openqa.selenium.By.xpath(reportgroup)).getText(): null

2018-07-05 20:28:51 - [TEST_STEP][PASSED] - Statement - If (reportgroupTxt == "AutomationGroup"): null

2018-07-05 20:28:51 - [TEST_STEP][PASSED] - Statement - println("Report group has right group name"): null

2018-07-05 20:28:51 - [TEST_STEP][PASSED] - Statement - reportgroup = "(//div[@class='ctable']/table/tbody/tr[@class='tdata clear'])[" + i + "]/td[7]": null

2018-07-05 20:28:51 - [TEST_STEP][PASSED] - Statement - reportgroupTxt = driver.findElement(org.openqa.selenium.By.xpath(reportgroup)).getText(): null

2018-07-05 20:28:51 - [TEST_STEP][PASSED] - Statement - If (reportgroupTxt == "AutomationGroup"): null

2018-07-05 20:28:51 - [TEST_STEP][PASSED] - Statement - println("Report group has right group name"): null

2018-07-05 20:28:51 - [TEST_STEP][PASSED] - Statement - reportgroup = "(//div[@class='ctable']/table/tbody/tr[@class='tdata clear'])[" + i + "]/td[7]": null

2018-07-05 20:28:51 - [TEST_STEP][PASSED] - Statement - reportgroupTxt = driver.findElement(org.openqa.selenium.By.xpath(reportgroup)).getText(): null

2018-07-05 20:28:52 - [TEST_STEP][PASSED] - Statement - If (reportgroupTxt == "AutomationGroup"): null

2018-07-05 20:28:52 - [TEST_STEP][PASSED] - Statement - println("Report group has right group name"): null

2018-07-05 20:28:52 - [TEST_STEP][PASSED] - Statement - reportgroup = "(//div[@class='ctable']/table/tbody/tr[@class='tdata clear'])[" + i + "]/td[7]": null

2018-07-05 20:28:52 - [TEST_STEP][PASSED] - Statement - reportgroupTxt = driver.findElement(org.openqa.selenium.By.xpath(reportgroup)).getText(): null

2018-07-05 20:28:52 - [TEST_STEP][PASSED] - Statement - If (reportgroupTxt == "AutomationGroup"): null

2018-07-05 20:28:52 - [TEST_STEP][PASSED] - Statement - println("Report group has right group name"): null

2018-07-05 20:28:52 - [TEST_STEP][PASSED] - Statement - reportgroup = "(//div[@class='ctable']/table/tbody/tr[@class='tdata clear'])[" + i + "]/td[7]": null

2018-07-05 20:28:52 - [TEST_STEP][PASSED] - Statement - reportgroupTxt = driver.findElement(org.openqa.selenium.By.xpath(reportgroup)).getText(): null

2018-07-05 20:28:52 - [TEST_STEP][PASSED] - Statement - If (reportgroupTxt == "AutomationGroup"): null

2018-07-05 20:28:52 - [TEST_STEP][PASSED] - Statement - println("Report group has right group name"): null

2018-07-05 20:28:52 - [TEST_STEP][PASSED] - Statement - reportgroup = "(//div[@class='ctable']/table/tbody/tr[@class='tdata clear'])[" + i + "]/td[7]": null

2018-07-05 20:28:52 - [TEST_STEP][PASSED] - Statement - reportgroupTxt = driver.findElement(org.openqa.selenium.By.xpath(reportgroup)).getText(): null

2018-07-05 20:28:52 - [TEST_STEP][PASSED] - Statement - If (reportgroupTxt == "AutomationGroup"): null

2018-07-05 20:28:52 - [TEST_STEP][PASSED] - Statement - println("Report group has right group name"): null

2018-07-05 20:28:52 - [TEST_STEP][PASSED] - Statement - reportgroup = "(//div[@class='ctable']/table/tbody/tr[@class='tdata clear'])[" + i + "]/td[7]": null

2018-07-05 20:28:52 - [TEST_STEP][PASSED] - Statement - reportgroupTxt = driver.findElement(org.openqa.selenium.By.xpath(reportgroup)).getText(): null

2018-07-05 20:28:52 - [TEST_STEP][PASSED] - Statement - If (reportgroupTxt == "AutomationGroup"): null

2018-07-05 20:28:52 - [TEST_STEP][PASSED] - Statement - println("Report group has right group name"): null

2018-07-05 20:28:52 - [TEST_STEP][PASSED] - Statement - reportgroup = "(//div[@class='ctable']/table/tbody/tr[@class='tdata clear'])[" + i + "]/td[7]": null

2018-07-05 20:28:52 - [TEST_STEP][PASSED] - Statement - reportgroupTxt = driver.findElement(org.openqa.selenium.By.xpath(reportgroup)).getText(): null

2018-07-05 20:28:52 - [TEST_STEP][PASSED] - Statement - If (reportgroupTxt == "AutomationGroup"): null

2018-07-05 20:28:52 - [TEST_STEP][PASSED] - Statement - println("Report group has right group name"): null

2018-07-05 20:28:52 - [TEST_STEP][PASSED] - Statement - reportgroup = "(//div[@class='ctable']/table/tbody/tr[@class='tdata clear'])[" + i + "]/td[7]": null

2018-07-05 20:28:52 - [TEST_STEP][PASSED] - Statement - reportgroupTxt = driver.findElement(org.openqa.selenium.By.xpath(reportgroup)).getText(): null

2018-07-05 20:28:52 - [TEST_STEP][PASSED] - Statement - If (reportgroupTxt == "AutomationGroup"): null

2018-07-05 20:28:52 - [TEST_STEP][PASSED] - Statement - println("Report group has right group name"): null

2018-07-05 20:28:52 - [TEST_STEP][PASSED] - Statement - reportgroup = "(//div[@class='ctable']/table/tbody/tr[@class='tdata clear'])[" + i + "]/td[7]": null

2018-07-05 20:28:52 - [TEST_STEP][PASSED] - Statement - reportgroupTxt = driver.findElement(org.openqa.selenium.By.xpath(reportgroup)).getText(): null

2018-07-05 20:28:52 - [TEST_STEP][PASSED] - Statement - If (reportgroupTxt == "AutomationGroup"): null

2018-07-05 20:28:52 - [TEST_STEP][PASSED] - Statement - println("Report group has right group name"): null

2018-07-05 20:28:52 - [TEST_STEP][PASSED] - Statement - reportgroup = "(//div[@class='ctable']/table/tbody/tr[@class='tdata clear'])[" + i + "]/td[7]": null

2018-07-05 20:28:52 - [TEST_STEP][PASSED] - Statement - reportgroupTxt = driver.findElement(org.openqa.selenium.By.xpath(reportgroup)).getText(): null

2018-07-05 20:28:52 - [TEST_STEP][PASSED] - Statement - If (reportgroupTxt == "AutomationGroup"): null

2018-07-05 20:28:52 - [TEST_STEP][PASSED] - Statement - println("Report group has right group name"): null

2018-07-05 20:28:52 - [TEST_STEP][PASSED] - Statement - reportgroup = "(//div[@class='ctable']/table/tbody/tr[@class='tdata clear'])[" + i + "]/td[7]": null

2018-07-05 20:28:52 - [TEST_STEP][PASSED] - Statement - reportgroupTxt = driver.findElement(org.openqa.selenium.By.xpath(reportgroup)).getText(): null

2018-07-05 20:28:52 - [TEST_STEP][PASSED] - Statement - If (reportgroupTxt == "AutomationGroup"): null

2018-07-05 20:28:52 - [TEST_STEP][PASSED] - Statement - println("Report group has right group name"): null

2018-07-05 20:28:52 - [TEST_STEP][PASSED] - Statement - reportgroup = "(//div[@class='ctable']/table/tbody/tr[@class='tdata clear'])[" + i + "]/td[7]": null

2018-07-05 20:28:52 - [TEST_STEP][PASSED] - Statement - reportgroupTxt = driver.findElement(org.openqa.selenium.By.xpath(reportgroup)).getText(): null

2018-07-05 20:28:52 - [TEST_STEP][PASSED] - Statement - If (reportgroupTxt == "AutomationGroup"): null

2018-07-05 20:28:52 - [TEST_STEP][PASSED] - Statement - println("Report group has right group name"): null

2018-07-05 20:28:52 - [TEST_STEP][PASSED] - Statement - reportgroup = "(//div[@class='ctable']/table/tbody/tr[@class='tdata clear'])[" + i + "]/td[7]": null

2018-07-05 20:28:52 - [TEST_STEP][PASSED] - Statement - reportgroupTxt = driver.findElement(org.openqa.selenium.By.xpath(reportgroup)).getText(): null

2018-07-05 20:28:52 - [TEST_STEP][PASSED] - Statement - If (reportgroupTxt == "AutomationGroup"): null

2018-07-05 20:28:52 - [TEST_STEP][PASSED] - Statement - println("Report group has right group name"): null

2018-07-05 20:28:52 - [TEST_STEP][PASSED] - Statement - reportgroup = "(//div[@class='ctable']/table/tbody/tr[@class='tdata clear'])[" + i + "]/td[7]": null

2018-07-05 20:28:52 - [TEST_STEP][PASSED] - Statement - reportgroupTxt = driver.findElement(org.openqa.selenium.By.xpath(reportgroup)).getText(): null

2018-07-05 20:28:52 - [TEST_STEP][PASSED] - Statement - If (reportgroupTxt == "AutomationGroup"): null

2018-07-05 20:28:52 - [TEST_STEP][PASSED] - Statement - println("Report group has right group name"): null

2018-07-05 20:28:52 - [TEST_STEP][PASSED] - Statement - reportgroup = "(//div[@class='ctable']/table/tbody/tr[@class='tdata clear'])[" + i + "]/td[7]": null

2018-07-05 20:28:52 - [TEST_STEP][PASSED] - Statement - reportgroupTxt = driver.findElement(org.openqa.selenium.By.xpath(reportgroup)).getText(): null

2018-07-05 20:28:52 - [TEST_STEP][PASSED] - Statement - If (reportgroupTxt == "AutomationGroup"): null

2018-07-05 20:28:52 - [TEST_STEP][PASSED] - Statement - println("Report group has right group name"): null

2018-07-05 20:28:52 - [TEST_STEP][PASSED] - Statement - reportgroup = "(//div[@class='ctable']/table/tbody/tr[@class='tdata clear'])[" + i + "]/td[7]": null

2018-07-05 20:28:52 - [TEST_STEP][PASSED] - Statement - reportgroupTxt = driver.findElement(org.openqa.selenium.By.xpath(reportgroup)).getText(): null

2018-07-05 20:28:52 - [TEST_STEP][PASSED] - Statement - If (reportgroupTxt == "AutomationGroup"): null

2018-07-05 20:28:52 - [TEST_STEP][PASSED] - Statement - println("Report group has right group name"): null

2018-07-05 20:28:52 - [TEST_STEP][PASSED] - Statement - reportgroup = "(//div[@class='ctable']/table/tbody/tr[@class='tdata clear'])[" + i + "]/td[7]": null

2018-07-05 20:28:52 - [TEST_STEP][PASSED] - Statement - reportgroupTxt = driver.findElement(org.openqa.selenium.By.xpath(reportgroup)).getText(): null

2018-07-05 20:28:52 - [TEST_STEP][PASSED] - Statement - If (reportgroupTxt == "AutomationGroup"): null

2018-07-05 20:28:52 - [TEST_STEP][PASSED] - Statement - println("Report group has right group name"): null

2018-07-05 20:28:52 - [TEST_STEP][PASSED] - Statement - reportgroup = "(//div[@class='ctable']/table/tbody/tr[@class='tdata clear'])[" + i + "]/td[7]": null

2018-07-05 20:28:52 - [TEST_STEP][PASSED] - Statement - reportgroupTxt = driver.findElement(org.openqa.selenium.By.xpath(reportgroup)).getText(): null

2018-07-05 20:28:52 - [TEST_STEP][PASSED] - Statement - If (reportgroupTxt == "AutomationGroup"): null

2018-07-05 20:28:52 - [TEST_STEP][PASSED] - Statement - println("Report group has right group name"): null

2018-07-05 20:28:52 - [TEST_STEP][PASSED] - Statement - reportgroup = "(//div[@class='ctable']/table/tbody/tr[@class='tdata clear'])[" + i + "]/td[7]": null

2018-07-05 20:28:52 - [TEST_STEP][PASSED] - Statement - reportgroupTxt = driver.findElement(org.openqa.selenium.By.xpath(reportgroup)).getText(): null

2018-07-05 20:28:52 - [TEST_STEP][PASSED] - Statement - If (reportgroupTxt == "AutomationGroup"): null

2018-07-05 20:28:52 - [TEST_STEP][PASSED] - Statement - println("Report group has right group name"): null

2018-07-05 20:28:52 - [TEST_STEP][PASSED] - Statement - reportgroup = "(//div[@class='ctable']/table/tbody/tr[@class='tdata clear'])[" + i + "]/td[7]": null

2018-07-05 20:28:52 - [TEST_STEP][PASSED] - Statement - reportgroupTxt = driver.findElement(org.openqa.selenium.By.xpath(reportgroup)).getText(): null

2018-07-05 20:28:52 - [TEST_STEP][PASSED] - Statement - If (reportgroupTxt == "AutomationGroup"): null

2018-07-05 20:28:52 - [TEST_STEP][PASSED] - Statement - println("Report group has right group name"): null

2018-07-05 20:28:52 - [TEST_STEP][PASSED] - Statement - reportgroup = "(//div[@class='ctable']/table/tbody/tr[@class='tdata clear'])[" + i + "]/td[7]": null

2018-07-05 20:28:52 - [TEST_STEP][PASSED] - Statement - reportgroupTxt = driver.findElement(org.openqa.selenium.By.xpath(reportgroup)).getText(): null

2018-07-05 20:28:52 - [TEST_STEP][PASSED] - Statement - If (reportgroupTxt == "AutomationGroup"): null

2018-07-05 20:28:52 - [TEST_STEP][PASSED] - Statement - println("Report group has right group name"): null

2018-07-05 20:28:52 - [TEST_STEP][PASSED] - Statement - reportgroup = "(//div[@class='ctable']/table/tbody/tr[@class='tdata clear'])[" + i + "]/td[7]": null

2018-07-05 20:28:52 - [TEST_STEP][PASSED] - Statement - reportgroupTxt = driver.findElement(org.openqa.selenium.By.xpath(reportgroup)).getText(): null

2018-07-05 20:28:52 - [TEST_STEP][PASSED] - Statement - If (reportgroupTxt == "AutomationGroup"): null

2018-07-05 20:28:52 - [TEST_STEP][PASSED] - Statement - println("Report group has right group name"): null

2018-07-05 20:28:52 - [TEST_STEP][PASSED] - Statement - reportgroup = "(//div[@class='ctable']/table/tbody/tr[@class='tdata clear'])[" + i + "]/td[7]": null

2018-07-05 20:28:52 - [TEST_STEP][PASSED] - Statement - reportgroupTxt = driver.findElement(org.openqa.selenium.By.xpath(reportgroup)).getText(): null

2018-07-05 20:28:52 - [TEST_STEP][PASSED] - Statement - If (reportgroupTxt == "AutomationGroup"): null

2018-07-05 20:28:52 - [TEST_STEP][PASSED] - Statement - println("Report group has right group name"): null

2018-07-05 20:28:52 - [TEST_STEP][PASSED] - Statement - reportgroup = "(//div[@class='ctable']/table/tbody/tr[@class='tdata clear'])[" + i + "]/td[7]": null

2018-07-05 20:28:52 - [TEST_STEP][PASSED] - Statement - reportgroupTxt = driver.findElement(org.openqa.selenium.By.xpath(reportgroup)).getText(): null

2018-07-05 20:28:52 - [TEST_STEP][PASSED] - Statement - If (reportgroupTxt == "AutomationGroup"): null

2018-07-05 20:28:52 - [TEST_STEP][PASSED] - Statement - println("Report group has right group name"): null

2018-07-05 20:28:52 - [TEST_STEP][PASSED] - Statement - reportgroup = "(//div[@class='ctable']/table/tbody/tr[@class='tdata clear'])[" + i + "]/td[7]": null

2018-07-05 20:28:52 - [TEST_STEP][PASSED] - Statement - reportgroupTxt = driver.findElement(org.openqa.selenium.By.xpath(reportgroup)).getText(): null

2018-07-05 20:28:52 - [TEST_STEP][PASSED] - Statement - If (reportgroupTxt == "AutomationGroup"): null

2018-07-05 20:28:52 - [TEST_STEP][PASSED] - Statement - println("Report group has right group name"): null

2018-07-05 20:28:52 - [TEST_STEP][PASSED] - Statement - reportgroup = "(//div[@class='ctable']/table/tbody/tr[@class='tdata clear'])[" + i + "]/td[7]": null

2018-07-05 20:28:52 - [TEST_STEP][PASSED] - Statement - reportgroupTxt = driver.findElement(org.openqa.selenium.By.xpath(reportgroup)).getText(): null

2018-07-05 20:28:52 - [TEST_STEP][PASSED] - Statement - If (reportgroupTxt == "AutomationGroup"): null

2018-07-05 20:28:52 - [TEST_STEP][PASSED] - Statement - println("Report group has right group name"): null

2018-07-05 20:28:52 - [TEST_STEP][PASSED] - Statement - reportgroup = "(//div[@class='ctable']/table/tbody/tr[@class='tdata clear'])[" + i + "]/td[7]": null

2018-07-05 20:28:52 - [TEST_STEP][PASSED] - Statement - reportgroupTxt = driver.findElement(org.openqa.selenium.By.xpath(reportgroup)).getText(): null

2018-07-05 20:28:52 - [TEST_STEP][PASSED] - Statement - If (reportgroupTxt == "AutomationGroup"): null

2018-07-05 20:28:52 - [TEST_STEP][PASSED] - Statement - println("Report group has right group name"): null

2018-07-05 20:28:52 - [TEST_STEP][PASSED] - Statement - reportgroup = "(//div[@class='ctable']/table/tbody/tr[@class='tdata clear'])[" + i + "]/td[7]": null

2018-07-05 20:28:52 - [TEST_STEP][PASSED] - Statement - reportgroupTxt = driver.findElement(org.openqa.selenium.By.xpath(reportgroup)).getText(): null

2018-07-05 20:28:52 - [TEST_STEP][PASSED] - Statement - If (reportgroupTxt == "AutomationGroup"): null

2018-07-05 20:28:52 - [TEST_STEP][PASSED] - Statement - println("Report group has right group name"): null

2018-07-05 20:28:52 - [TEST_STEP][PASSED] - Statement - reportgroup = "(//div[@class='ctable']/table/tbody/tr[@class='tdata clear'])[" + i + "]/td[7]": null

2018-07-05 20:28:52 - [TEST_STEP][PASSED] - Statement - reportgroupTxt = driver.findElement(org.openqa.selenium.By.xpath(reportgroup)).getText(): null

2018-07-05 20:28:52 - [TEST_STEP][PASSED] - Statement - If (reportgroupTxt == "AutomationGroup"): null

2018-07-05 20:28:52 - [TEST_STEP][PASSED] - Statement - println("Report group has right group name"): null

2018-07-05 20:28:52 - [TEST_STEP][PASSED] - Statement - reportgroup = "(//div[@class='ctable']/table/tbody/tr[@class='tdata clear'])[" + i + "]/td[7]": null

2018-07-05 20:28:52 - [TEST_STEP][PASSED] - Statement - reportgroupTxt = driver.findElement(org.openqa.selenium.By.xpath(reportgroup)).getText(): null

2018-07-05 20:28:52 - [TEST_STEP][PASSED] - Statement - If (reportgroupTxt == "AutomationGroup"): null

2018-07-05 20:28:52 - [TEST_STEP][PASSED] - Statement - println("Report group has right group name"): null

2018-07-05 20:28:52 - [TEST_STEP][PASSED] - Statement - reportgroup = "(//div[@class='ctable']/table/tbody/tr[@class='tdata clear'])[" + i + "]/td[7]": null

2018-07-05 20:28:52 - [TEST_STEP][PASSED] - Statement - reportgroupTxt = driver.findElement(org.openqa.selenium.By.xpath(reportgroup)).getText(): null

2018-07-05 20:28:52 - [TEST_STEP][PASSED] - Statement - If (reportgroupTxt == "AutomationGroup"): null

2018-07-05 20:28:52 - [TEST_STEP][PASSED] - Statement - println("Report group has right group name"): null

2018-07-05 20:28:52 - [TEST_STEP][PASSED] - Statement - reportgroup = "(//div[@class='ctable']/table/tbody/tr[@class='tdata clear'])[" + i + "]/td[7]": null

2018-07-05 20:28:52 - [TEST_STEP][PASSED] - Statement - reportgroupTxt = driver.findElement(org.openqa.selenium.By.xpath(reportgroup)).getText(): null

2018-07-05 20:28:52 - [TEST_STEP][PASSED] - Statement - If (reportgroupTxt == "AutomationGroup"): null

2018-07-05 20:28:52 - [TEST_STEP][PASSED] - Statement - println("Report group has right group name"): null

2018-07-05 20:28:52 - [TEST_STEP][PASSED] - Statement - reportgroup = "(//div[@class='ctable']/table/tbody/tr[@class='tdata clear'])[" + i + "]/td[7]": null

2018-07-05 20:28:52 - [TEST_STEP][PASSED] - Statement - reportgroupTxt = driver.findElement(org.openqa.selenium.By.xpath(reportgroup)).getText(): null

2018-07-05 20:28:52 - [TEST_STEP][PASSED] - Statement - If (reportgroupTxt == "AutomationGroup"): null

2018-07-05 20:28:52 - [TEST_STEP][PASSED] - Statement - println("Report group has right group name"): null

2018-07-05 20:28:52 - [TEST_STEP][PASSED] - Statement - reportgroup = "(//div[@class='ctable']/table/tbody/tr[@class='tdata clear'])[" + i + "]/td[7]": null

2018-07-05 20:28:52 - [TEST_STEP][PASSED] - Statement - reportgroupTxt = driver.findElement(org.openqa.selenium.By.xpath(reportgroup)).getText(): null

2018-07-05 20:28:53 - [TEST_STEP][PASSED] - Statement - If (reportgroupTxt == "AutomationGroup"): null

2018-07-05 20:28:53 - [TEST_STEP][PASSED] - Statement - println("Report group has right group name"): null

2018-07-05 20:28:53 - [TEST_STEP][PASSED] - Statement - reportgroup = "(//div[@class='ctable']/table/tbody/tr[@class='tdata clear'])[" + i + "]/td[7]": null

2018-07-05 20:28:53 - [TEST_STEP][PASSED] - Statement - reportgroupTxt = driver.findElement(org.openqa.selenium.By.xpath(reportgroup)).getText(): null

2018-07-05 20:28:53 - [TEST_STEP][PASSED] - Statement - If (reportgroupTxt == "AutomationGroup"): null

2018-07-05 20:28:53 - [TEST_STEP][PASSED] - Statement - println("Report group has right group name"): null

2018-07-05 20:28:53 - [TEST_STEP][PASSED] - Statement - reportgroup = "(//div[@class='ctable']/table/tbody/tr[@class='tdata clear'])[" + i + "]/td[7]": null

2018-07-05 20:28:53 - [TEST_STEP][PASSED] - Statement - reportgroupTxt = driver.findElement(org.openqa.selenium.By.xpath(reportgroup)).getText(): null

2018-07-05 20:28:53 - [TEST_STEP][PASSED] - Statement - If (reportgroupTxt == "AutomationGroup"): null

2018-07-05 20:28:53 - [TEST_STEP][PASSED] - Statement - println("Report group has right group name"): null

2018-07-05 20:28:53 - [TEST_STEP][PASSED] - Statement - reportgroup = "(//div[@class='ctable']/table/tbody/tr[@class='tdata clear'])[" + i + "]/td[7]": null

2018-07-05 20:28:53 - [TEST_STEP][PASSED] - Statement - reportgroupTxt = driver.findElement(org.openqa.selenium.By.xpath(reportgroup)).getText(): null

2018-07-05 20:28:53 - [TEST_STEP][PASSED] - Statement - If (reportgroupTxt == "AutomationGroup"): null

2018-07-05 20:28:53 - [TEST_STEP][PASSED] - Statement - println("Report group has right group name"): null

2018-07-05 20:28:53 - [TEST_STEP][PASSED] - Statement - reportgroup = "(//div[@class='ctable']/table/tbody/tr[@class='tdata clear'])[" + i + "]/td[7]": null

2018-07-05 20:28:53 - [TEST_STEP][PASSED] - Statement - reportgroupTxt = driver.findElement(org.openqa.selenium.By.xpath(reportgroup)).getText(): null

2018-07-05 20:28:53 - [TEST_STEP][PASSED] - Statement - If (reportgroupTxt == "AutomationGroup"): null

2018-07-05 20:28:53 - [TEST_STEP][PASSED] - Statement - println("Report group has right group name"): null

2018-07-05 20:28:53 - [TEST_STEP][PASSED] - Statement - reportgroup = "(//div[@class='ctable']/table/tbody/tr[@class='tdata clear'])[" + i + "]/td[7]": null

2018-07-05 20:28:53 - [TEST_STEP][PASSED] - Statement - reportgroupTxt = driver.findElement(org.openqa.selenium.By.xpath(reportgroup)).getText(): null

2018-07-05 20:28:53 - [TEST_STEP][PASSED] - Statement - If (reportgroupTxt == "AutomationGroup"): null

2018-07-05 20:28:53 - [TEST_STEP][PASSED] - Statement - println("Report group has right group name"): null

2018-07-05 20:28:53 - [TEST_STEP][PASSED] - Statement - reportgroup = "(//div[@class='ctable']/table/tbody/tr[@class='tdata clear'])[" + i + "]/td[7]": null

2018-07-05 20:28:53 - [TEST_STEP][PASSED] - Statement - reportgroupTxt = driver.findElement(org.openqa.selenium.By.xpath(reportgroup)).getText(): null

2018-07-05 20:28:53 - [TEST_STEP][PASSED] - Statement - If (reportgroupTxt == "AutomationGroup"): null

2018-07-05 20:28:53 - [TEST_STEP][PASSED] - Statement - println("Report group has right group name"): null

2018-07-05 20:28:53 - [TEST_STEP][PASSED] - Statement - reportgroup = "(//div[@class='ctable']/table/tbody/tr[@class='tdata clear'])[" + i + "]/td[7]": null

2018-07-05 20:28:53 - [TEST_STEP][PASSED] - Statement - reportgroupTxt = driver.findElement(org.openqa.selenium.By.xpath(reportgroup)).getText(): null

2018-07-05 20:28:53 - [TEST_STEP][PASSED] - Statement - If (reportgroupTxt == "AutomationGroup"): null

2018-07-05 20:28:53 - [TEST_STEP][PASSED] - Statement - println("Report group has right group name"): null

2018-07-05 20:28:53 - [TEST_STEP][PASSED] - Statement - reportgroup = "(//div[@class='ctable']/table/tbody/tr[@class='tdata clear'])[" + i + "]/td[7]": null

2018-07-05 20:28:53 - [TEST_STEP][PASSED] - Statement - reportgroupTxt = driver.findElement(org.openqa.selenium.By.xpath(reportgroup)).getText(): null

2018-07-05 20:28:53 - [TEST_STEP][PASSED] - Statement - If (reportgroupTxt == "AutomationGroup"): null

2018-07-05 20:28:53 - [TEST_STEP][PASSED] - Statement - println("Report group has right group name"): null

2018-07-05 20:28:53 - [TEST_STEP][PASSED] - Statement - reportgroup = "(//div[@class='ctable']/table/tbody/tr[@class='tdata clear'])[" + i + "]/td[7]": null

2018-07-05 20:28:53 - [TEST_STEP][PASSED] - Statement - reportgroupTxt = driver.findElement(org.openqa.selenium.By.xpath(reportgroup)).getText(): null

2018-07-05 20:28:53 - [TEST_STEP][PASSED] - Statement - If (reportgroupTxt == "AutomationGroup"): null

2018-07-05 20:28:53 - [TEST_STEP][PASSED] - Statement - println("Report group has right group name"): null

2018-07-05 20:28:53 - [TEST_STEP][PASSED] - Statement - reportgroup = "(//div[@class='ctable']/table/tbody/tr[@class='tdata clear'])[" + i + "]/td[7]": null

2018-07-05 20:28:53 - [TEST_STEP][PASSED] - Statement - reportgroupTxt = driver.findElement(org.openqa.selenium.By.xpath(reportgroup)).getText(): null

2018-07-05 20:28:53 - [TEST_STEP][PASSED] - Statement - If (reportgroupTxt == "AutomationGroup"): null

2018-07-05 20:28:53 - [TEST_STEP][PASSED] - Statement - println("Report group has right group name"): null

2018-07-05 20:28:53 - [TEST_STEP][PASSED] - Statement - reportgroup = "(//div[@class='ctable']/table/tbody/tr[@class='tdata clear'])[" + i + "]/td[7]": null

2018-07-05 20:28:53 - [TEST_STEP][PASSED] - Statement - reportgroupTxt = driver.findElement(org.openqa.selenium.By.xpath(reportgroup)).getText(): null

2018-07-05 20:28:53 - [TEST_STEP][PASSED] - Statement - If (reportgroupTxt == "AutomationGroup"): null

2018-07-05 20:28:53 - [TEST_STEP][PASSED] - Statement - println("Report group has right group name"): null

2018-07-05 20:28:53 - [TEST_STEP][PASSED] - Statement - reportgroup = "(//div[@class='ctable']/table/tbody/tr[@class='tdata clear'])[" + i + "]/td[7]": null

2018-07-05 20:28:53 - [TEST_STEP][PASSED] - Statement - reportgroupTxt = driver.findElement(org.openqa.selenium.By.xpath(reportgroup)).getText(): null

2018-07-05 20:28:53 - [TEST_STEP][PASSED] - Statement - If (reportgroupTxt == "AutomationGroup"): null

2018-07-05 20:28:53 - [TEST_STEP][PASSED] - Statement - println("Report group has right group name"): null

2018-07-05 20:28:53 - [TEST_STEP][PASSED] - Statement - reportgroup = "(//div[@class='ctable']/table/tbody/tr[@class='tdata clear'])[" + i + "]/td[7]": null

2018-07-05 20:28:53 - [TEST_STEP][PASSED] - Statement - reportgroupTxt = driver.findElement(org.openqa.selenium.By.xpath(reportgroup)).getText(): null

2018-07-05 20:28:53 - [TEST_STEP][PASSED] - Statement - If (reportgroupTxt == "AutomationGroup"): null

2018-07-05 20:28:53 - [TEST_STEP][PASSED] - Statement - println("Report group has right group name"): null

2018-07-05 20:28:53 - [TEST_STEP][PASSED] - Statement - reportgroup = "(//div[@class='ctable']/table/tbody/tr[@class='tdata clear'])[" + i + "]/td[7]": null

2018-07-05 20:28:53 - [TEST_STEP][PASSED] - Statement - reportgroupTxt = driver.findElement(org.openqa.selenium.By.xpath(reportgroup)).getText(): null

2018-07-05 20:28:53 - [TEST_STEP][PASSED] - Statement - If (reportgroupTxt == "AutomationGroup"): null

2018-07-05 20:28:53 - [TEST_STEP][PASSED] - Statement - println("Report group has right group name"): null

2018-07-05 20:28:53 - [TEST_STEP][PASSED] - Statement - reportgroup = "(//div[@class='ctable']/table/tbody/tr[@class='tdata clear'])[" + i + "]/td[7]": null

2018-07-05 20:28:53 - [TEST_STEP][PASSED] - Statement - reportgroupTxt = driver.findElement(org.openqa.selenium.By.xpath(reportgroup)).getText(): null

2018-07-05 20:28:53 - [TEST_STEP][PASSED] - Statement - If (reportgroupTxt == "AutomationGroup"): null

2018-07-05 20:28:53 - [TEST_STEP][PASSED] - Statement - println("Report group has right group name"): null

2018-07-05 20:28:53 - [TEST_STEP][PASSED] - Statement - reportgroup = "(//div[@class='ctable']/table/tbody/tr[@class='tdata clear'])[" + i + "]/td[7]": null

2018-07-05 20:28:53 - [TEST_STEP][PASSED] - Statement - reportgroupTxt = driver.findElement(org.openqa.selenium.By.xpath(reportgroup)).getText(): null

2018-07-05 20:28:53 - [TEST_STEP][PASSED] - Statement - If (reportgroupTxt == "AutomationGroup"): null

2018-07-05 20:28:53 - [TEST_STEP][PASSED] - Statement - println("Report group has right group name"): null

2018-07-05 20:28:53 - [TEST_STEP][PASSED] - Statement - reportgroup = "(//div[@class='ctable']/table/tbody/tr[@class='tdata clear'])[" + i + "]/td[7]": null

2018-07-05 20:28:53 - [TEST_STEP][PASSED] - Statement - reportgroupTxt = driver.findElement(org.openqa.selenium.By.xpath(reportgroup)).getText(): null

2018-07-05 20:28:53 - [TEST_STEP][PASSED] - Statement - If (reportgroupTxt == "AutomationGroup"): null

2018-07-05 20:28:53 - [TEST_STEP][PASSED] - Statement - println("Report group has right group name"): null

2018-07-05 20:28:53 - [TEST_STEP][PASSED] - Statement - reportgroup = "(//div[@class='ctable']/table/tbody/tr[@class='tdata clear'])[" + i + "]/td[7]": null

2018-07-05 20:28:53 - [TEST_STEP][PASSED] - Statement - reportgroupTxt = driver.findElement(org.openqa.selenium.By.xpath(reportgroup)).getText(): null

2018-07-05 20:28:53 - [TEST_STEP][PASSED] - Statement - If (reportgroupTxt == "AutomationGroup"): null

2018-07-05 20:28:53 - [TEST_STEP][PASSED] - Statement - println("Report group has right group name"): null

2018-07-05 20:28:53 - [TEST_STEP][PASSED] - Statement - reportgroup = "(//div[@class='ctable']/table/tbody/tr[@class='tdata clear'])[" + i + "]/td[7]": null

2018-07-05 20:28:53 - [TEST_STEP][PASSED] - Statement - reportgroupTxt = driver.findElement(org.openqa.selenium.By.xpath(reportgroup)).getText(): null

2018-07-05 20:28:53 - [TEST_STEP][PASSED] - Statement - If (reportgroupTxt == "AutomationGroup"): null

2018-07-05 20:28:53 - [TEST_STEP][PASSED] - Statement - println("Report group has right group name"): null

2018-07-05 20:28:53 - [TEST_STEP][PASSED] - Statement - reportgroup = "(//div[@class='ctable']/table/tbody/tr[@class='tdata clear'])[" + i + "]/td[7]": null

2018-07-05 20:28:53 - [TEST_STEP][PASSED] - Statement - reportgroupTxt = driver.findElement(org.openqa.selenium.By.xpath(reportgroup)).getText(): null

2018-07-05 20:28:53 - [TEST_STEP][PASSED] - Statement - If (reportgroupTxt == "AutomationGroup"): null

2018-07-05 20:28:53 - [TEST_STEP][PASSED] - Statement - println("Report group has right group name"): null

2018-07-05 20:28:53 - [TEST_STEP][PASSED] - Statement - reportgroup = "(//div[@class='ctable']/table/tbody/tr[@class='tdata clear'])[" + i + "]/td[7]": null

2018-07-05 20:28:53 - [TEST_STEP][PASSED] - Statement - reportgroupTxt = driver.findElement(org.openqa.selenium.By.xpath(reportgroup)).getText(): null

2018-07-05 20:28:53 - [TEST_STEP][PASSED] - Statement - If (reportgroupTxt == "AutomationGroup"): null

2018-07-05 20:28:53 - [TEST_STEP][PASSED] - Statement - println("Report group has right group name"): null

2018-07-05 20:28:53 - [TEST_STEP][PASSED] - Statement - reportgroup = "(//div[@class='ctable']/table/tbody/tr[@class='tdata clear'])[" + i + "]/td[7]": null

2018-07-05 20:28:53 - [TEST_STEP][PASSED] - Statement - reportgroupTxt = driver.findElement(org.openqa.selenium.By.xpath(reportgroup)).getText(): null

2018-07-05 20:28:53 - [TEST_STEP][PASSED] - Statement - If (reportgroupTxt == "AutomationGroup"): null

2018-07-05 20:28:53 - [TEST_STEP][PASSED] - Statement - println("Report group has right group name"): null

2018-07-05 20:28:53 - [TEST_STEP][PASSED] - Statement - reportgroup = "(//div[@class='ctable']/table/tbody/tr[@class='tdata clear'])[" + i + "]/td[7]": null

2018-07-05 20:28:53 - [TEST_STEP][PASSED] - Statement - reportgroupTxt = driver.findElement(org.openqa.selenium.By.xpath(reportgroup)).getText(): null

2018-07-05 20:28:53 - [TEST_STEP][PASSED] - Statement - If (reportgroupTxt == "AutomationGroup"): null

2018-07-05 20:28:53 - [TEST_STEP][PASSED] - Statement - println("Report group has right group name"): null

2018-07-05 20:28:53 - [TEST_STEP][PASSED] - Statement - reportgroup = "(//div[@class='ctable']/table/tbody/tr[@class='tdata clear'])[" + i + "]/td[7]": null

2018-07-05 20:28:53 - [TEST_STEP][PASSED] - Statement - reportgroupTxt = driver.findElement(org.openqa.selenium.By.xpath(reportgroup)).getText(): null

2018-07-05 20:28:53 - [TEST_STEP][PASSED] - Statement - If (reportgroupTxt == "AutomationGroup"): null

2018-07-05 20:28:53 - [TEST_STEP][PASSED] - Statement - println("Report group has right group name"): null

2018-07-05 20:28:53 - [TEST_STEP][PASSED] - Statement - reportgroup = "(//div[@class='ctable']/table/tbody/tr[@class='tdata clear'])[" + i + "]/td[7]": null

2018-07-05 20:28:53 - [TEST_STEP][PASSED] - Statement - reportgroupTxt = driver.findElement(org.openqa.selenium.By.xpath(reportgroup)).getText(): null

2018-07-05 20:28:53 - [TEST_STEP][PASSED] - Statement - If (reportgroupTxt == "AutomationGroup"): null

2018-07-05 20:28:53 - [TEST_STEP][PASSED] - Statement - println("Report group has right group name"): null

2018-07-05 20:28:53 - [TEST_STEP][PASSED] - Statement - reportgroup = "(//div[@class='ctable']/table/tbody/tr[@class='tdata clear'])[" + i + "]/td[7]": null

2018-07-05 20:28:53 - [TEST_STEP][PASSED] - Statement - reportgroupTxt = driver.findElement(org.openqa.selenium.By.xpath(reportgroup)).getText(): null

2018-07-05 20:28:53 - [TEST_STEP][PASSED] - Statement - If (reportgroupTxt == "AutomationGroup"): null

2018-07-05 20:28:53 - [TEST_STEP][PASSED] - Statement - println("Report group has right group name"): null

2018-07-05 20:28:53 - [TEST_STEP][PASSED] - Statement - reportgroup = "(//div[@class='ctable']/table/tbody/tr[@class='tdata clear'])[" + i + "]/td[7]": null

2018-07-05 20:28:53 - [TEST_STEP][PASSED] - Statement - reportgroupTxt = driver.findElement(org.openqa.selenium.By.xpath(reportgroup)).getText(): null

2018-07-05 20:28:53 - [TEST_STEP][PASSED] - Statement - If (reportgroupTxt == "AutomationGroup"): null

2018-07-05 20:28:53 - [TEST_STEP][PASSED] - Statement - println("Report group has right group name"): null

2018-07-05 20:28:53 - [TEST_STEP][PASSED] - Statement - reportgroup = "(//div[@class='ctable']/table/tbody/tr[@class='tdata clear'])[" + i + "]/td[7]": null

2018-07-05 20:28:53 - [TEST_STEP][PASSED] - Statement - reportgroupTxt = driver.findElement(org.openqa.selenium.By.xpath(reportgroup)).getText(): null

2018-07-05 20:28:53 - [TEST_STEP][PASSED] - Statement - If (reportgroupTxt == "AutomationGroup"): null

2018-07-05 20:28:53 - [TEST_STEP][PASSED] - Statement - println("Report group has right group name"): null

2018-07-05 20:28:53 - [TEST_STEP][PASSED] - Statement - reportgroup = "(//div[@class='ctable']/table/tbody/tr[@class='tdata clear'])[" + i + "]/td[7]": null

2018-07-05 20:28:53 - [TEST_STEP][PASSED] - Statement - reportgroupTxt = driver.findElement(org.openqa.selenium.By.xpath(reportgroup)).getText(): null

2018-07-05 20:28:53 - [TEST_STEP][PASSED] - Statement - If (reportgroupTxt == "AutomationGroup"): null

2018-07-05 20:28:53 - [TEST_STEP][PASSED] - Statement - println("Report group has right group name"): null

2018-07-05 20:28:53 - [TEST_STEP][PASSED] - Statement - reportgroup = "(//div[@class='ctable']/table/tbody/tr[@class='tdata clear'])[" + i + "]/td[7]": null

2018-07-05 20:28:53 - [TEST_STEP][PASSED] - Statement - reportgroupTxt = driver.findElement(org.openqa.selenium.By.xpath(reportgroup)).getText(): null

2018-07-05 20:28:53 - [TEST_STEP][PASSED] - Statement - If (reportgroupTxt == "AutomationGroup"): null

2018-07-05 20:28:53 - [TEST_STEP][PASSED] - Statement - println("Report group has right group name"): null

2018-07-05 20:28:53 - [TEST_STEP][PASSED] - Statement - reportgroup = "(//div[@class='ctable']/table/tbody/tr[@class='tdata clear'])[" + i + "]/td[7]": null

2018-07-05 20:28:53 - [TEST_STEP][PASSED] - Statement - reportgroupTxt = driver.findElement(org.openqa.selenium.By.xpath(reportgroup)).getText(): null

2018-07-05 20:28:53 - [TEST_STEP][PASSED] - Statement - If (reportgroupTxt == "AutomationGroup"): null

2018-07-05 20:28:53 - [TEST_STEP][PASSED] - Statement - println("Report group has right group name"): null

2018-07-05 20:28:53 - [TEST_STEP][PASSED] - Statement - reportgroup = "(//div[@class='ctable']/table/tbody/tr[@class='tdata clear'])[" + i + "]/td[7]": null

2018-07-05 20:28:53 - [TEST_STEP][PASSED] - Statement - reportgroupTxt = driver.findElement(org.openqa.selenium.By.xpath(reportgroup)).getText(): null

2018-07-05 20:28:54 - [TEST_STEP][PASSED] - Statement - If (reportgroupTxt == "AutomationGroup"): null

2018-07-05 20:28:54 - [TEST_STEP][PASSED] - Statement - println("Report group has right group name"): null

2018-07-05 20:28:54 - [TEST_STEP][PASSED] - Statement - reportgroup = "(//div[@class='ctable']/table/tbody/tr[@class='tdata clear'])[" + i + "]/td[7]": null

2018-07-05 20:28:54 - [TEST_STEP][PASSED] - Statement - reportgroupTxt = driver.findElement(org.openqa.selenium.By.xpath(reportgroup)).getText(): null

2018-07-05 20:28:54 - [TEST_STEP][PASSED] - Statement - If (reportgroupTxt == "AutomationGroup"): null

2018-07-05 20:28:54 - [TEST_STEP][PASSED] - Statement - println("Report group has right group name"): null

2018-07-05 20:28:54 - [TEST_STEP][PASSED] - Statement - reportgroup = "(//div[@class='ctable']/table/tbody/tr[@class='tdata clear'])[" + i + "]/td[7]": null

2018-07-05 20:28:54 - [TEST_STEP][PASSED] - Statement - reportgroupTxt = driver.findElement(org.openqa.selenium.By.xpath(reportgroup)).getText(): null

2018-07-05 20:28:54 - [TEST_STEP][PASSED] - Statement - If (reportgroupTxt == "AutomationGroup"): null

2018-07-05 20:28:54 - [TEST_STEP][PASSED] - Statement - println("Report group has right group name"): null

2018-07-05 20:28:54 - [TEST_STEP][PASSED] - Statement - reportgroup = "(//div[@class='ctable']/table/tbody/tr[@class='tdata clear'])[" + i + "]/td[7]": null

2018-07-05 20:28:54 - [TEST_STEP][PASSED] - Statement - reportgroupTxt = driver.findElement(org.openqa.selenium.By.xpath(reportgroup)).getText(): null

2018-07-05 20:28:54 - [TEST_STEP][PASSED] - Statement - If (reportgroupTxt == "AutomationGroup"): null

2018-07-05 20:28:54 - [TEST_STEP][PASSED] - Statement - println("Report group has right group name"): null

2018-07-05 20:28:54 - [TEST_STEP][PASSED] - Statement - reportgroup = "(//div[@class='ctable']/table/tbody/tr[@class='tdata clear'])[" + i + "]/td[7]": null

2018-07-05 20:28:54 - [TEST_STEP][PASSED] - Statement - reportgroupTxt = driver.findElement(org.openqa.selenium.By.xpath(reportgroup)).getText(): null

2018-07-05 20:28:54 - [TEST_STEP][PASSED] - Statement - If (reportgroupTxt == "AutomationGroup"): null

2018-07-05 20:28:54 - [TEST_STEP][PASSED] - Statement - println("Report group has right group name"): null

2018-07-05 20:28:54 - [TEST_STEP][PASSED] - Statement - reportgroup = "(//div[@class='ctable']/table/tbody/tr[@class='tdata clear'])[" + i + "]/td[7]": null

2018-07-05 20:28:54 - [TEST_STEP][PASSED] - Statement - reportgroupTxt = driver.findElement(org.openqa.selenium.By.xpath(reportgroup)).getText(): null

2018-07-05 20:28:54 - [TEST_STEP][PASSED] - Statement - If (reportgroupTxt == "AutomationGroup"): null

2018-07-05 20:28:54 - [TEST_STEP][PASSED] - Statement - println("Report group has right group name"): null

2018-07-05 20:28:54 - [TEST_STEP][PASSED] - uiaction.CommonUIActions.click: uiaction.CommonUIActions.click is PASSED

2018-07-05 20:28:54 - [MESSAGE][PASSED] - uiaction.CommonUIActions.click is PASSED

2018-07-05 20:28:54 - [TEST_STEP][PASSED] - uiaction.CommonUIActions.click: uiaction.CommonUIActions.click is PASSED

2018-07-05 20:28:56 - [MESSAGE][PASSED] - uiaction.CommonUIActions.click is PASSED

2018-07-05 20:28:56 - [TEST_STEP][PASSED] - delay: Delayed 10 second(s)

2018-07-05 20:29:06 - [MESSAGE][PASSED] - Delayed 10 second(s)

2018-07-05 20:29:06 - [TEST_STEP][PASSED] - uiaction.CommonUIActions.click: uiaction.CommonUIActions.click is PASSED

2018-07-05 20:29:06 - [MESSAGE][PASSED] - uiaction.CommonUIActions.click is PASSED

2018-07-05 20:29:06 - [TEST_STEP][PASSED] - uiaction.CommonUIActions.click: uiaction.CommonUIActions.click is PASSED

2018-07-05 20:29:06 - [MESSAGE][PASSED] - uiaction.CommonUIActions.click is PASSED

2018-07-05 20:29:06 - [TEST_STEP][PASSED] - uiaction.CommonUIActions.click: uiaction.CommonUIActions.click is PASSED

2018-07-05 20:29:06 - [MESSAGE][PASSED] - uiaction.CommonUIActions.click is PASSED

2018-07-05 20:29:06 - [TEST_STEP][PASSED] - delay: Delayed 10 second(s)

2018-07-05 20:29:16 - [MESSAGE][PASSED] - Delayed 10 second(s)

2018-07-05 20:29:16 - [TEST_STEP][PASSED] - uiaction.CommonUIActions.back: uiaction.CommonUIActions.back is PASSED

2018-07-05 20:29:16 - [MESSAGE][PASSED] - Navigate back successfully

2018-07-05 20:29:16 - [MESSAGE][PASSED] - uiaction.CommonUIActions.back is PASSED

2018-07-05 20:29:16 - [TEST_STEP][PASSED] - delay: Delayed 5 second(s)

2018-07-05 20:29:21 - [MESSAGE][PASSED] - Delayed 5 second(s)

2018-07-05 20:29:21 - [TEST_STEP][PASSED] - uiaction.CommonUIActions.back: uiaction.CommonUIActions.back is PASSED

2018-07-05 20:29:21 - [MESSAGE][PASSED] - Navigate back successfully

2018-07-05 20:29:21 - [MESSAGE][PASSED] - uiaction.CommonUIActions.back is PASSED

2018-07-05 20:29:21 - [TEST_STEP][PASSED] - delay: Delayed 5 second(s)

2018-07-05 20:29:26 - [MESSAGE][PASSED] - Delayed 5 second(s)

2018-07-05 20:29:26 - [TEST_STEP][PASSED] - uiaction.CommonUIActions.click: uiaction.CommonUIActions.click is PASSED

2018-07-05 20:29:26 - [MESSAGE][PASSED] - uiaction.CommonUIActions.click is PASSED

2018-07-05 20:29:26 - [TEST_STEP][PASSED] - uiaction.CommonUIActions.click: uiaction.CommonUIActions.click is PASSED

2018-07-05 20:29:27 - [MESSAGE][PASSED] - uiaction.CommonUIActions.click is PASSED

2018-07-05 20:29:27 - [TEST_STEP][PASSED] - uiaction.CommonUIActions.click: uiaction.CommonUIActions.click is PASSED

2018-07-05 20:29:27 - [MESSAGE][PASSED] - uiaction.CommonUIActions.click is PASSED

2018-07-05 20:29:27 - [TEST_STEP][PASSED] - uiaction.CommonUIActions.click: uiaction.CommonUIActions.click is PASSED

2018-07-05 20:29:30 - [MESSAGE][PASSED] - uiaction.CommonUIActions.click is PASSED

2018-07-05 20:29:30 - [TEST_STEP][PASSED] - Statement - assert TCflag == true: null

2018-07-05 20:29:30 - [TEST_STEP][PASSED] - Start listener action : sampleAfterTestCase: Browser is closed

2018-07-05 20:29:30 - [TEST_STEP][PASSED] - Statement - println(testCaseContext.getTestCaseId()): null

2018-07-05 20:29:30 - [TEST_STEP][PASSED] - Statement - println(testCaseContext.getTestCaseStatus()): null

2018-07-05 20:29:30 - [TEST_STEP][PASSED] - closeBrowser: Browser is closed

2018-07-05 20:29:30 - [MESSAGE][PASSED] - Browser is closed]]></system-out>
         <system-err><![CDATA[]]></system-err>
      </testcase>
      <testcase name="Test Cases/CreateGroupTC/HME-CreateGroup-06" classname="Test Cases/CreateGroupTC/HME-CreateGroup-06" status="PASSED">
         <system-out><![CDATA[2018-07-05 20:29:30 - [TEST_CASE][PASSED] - Test Cases/CreateGroupTC/HME-CreateGroup-06: Browser is closed

2018-07-05 20:29:31 - [TEST_STEP][PASSED] - Start listener action : sampleBeforeTestCase: uiaction.CommonUIActions.deleteAllCookies is PASSED

2018-07-05 20:29:31 - [TEST_STEP][PASSED] - openBrowser: Browser is opened with url: ''

2018-07-05 20:29:33 - [MESSAGE][PASSED] - Browser is opened with url: ''

2018-07-05 20:29:33 - [TEST_STEP][PASSED] - maximizeWindow: Current window maximized

2018-07-05 20:29:34 - [MESSAGE][PASSED] - Current window maximized

2018-07-05 20:29:34 - [TEST_STEP][PASSED] - uiaction.CommonUIActions.deleteAllCookies: uiaction.CommonUIActions.deleteAllCookies is PASSED

2018-07-05 20:29:34 - [MESSAGE][PASSED] - Delete all cookies successfully

2018-07-05 20:29:34 - [MESSAGE][PASSED] - uiaction.CommonUIActions.deleteAllCookies is PASSED

2018-07-05 20:29:34 - [TEST_STEP][PASSED] - Statement - TCflag = true: null

2018-07-05 20:29:34 - [TEST_STEP][PASSED] - Statement - Try: uiaction.CommonUIActions.click is PASSED

2018-07-05 20:29:34 - [TEST_STEP][PASSED] - navigateToUrl: Navigate to 'https://engdev.hmedtcloud.com/?pg=Login' successfully

2018-07-05 20:29:43 - [MESSAGE][PASSED] - Navigate to 'https://engdev.hmedtcloud.com/?pg=Login' successfully

2018-07-05 20:29:43 - [TEST_STEP][PASSED] - projectSpecific.Reusability.login: projectSpecific.Reusability.login is PASSED

2018-07-05 20:29:43 - [MESSAGE][PASSED] - projectSpecific.Reusability.getTestData is PASSED

2018-07-05 20:29:43 - [MESSAGE][PASSED] - projectSpecific.Reusability.getTestData is PASSED

2018-07-05 20:29:43 - [MESSAGE][PASSED] - Text 'selvendrank@nousinfo.com' is set on object 'Object Repository/LoginPage/Username'

2018-07-05 20:29:43 - [MESSAGE][PASSED] - Text 'Nous;123' is set on object 'Object Repository/LoginPage/Password'

2018-07-05 20:29:56 - [MESSAGE][PASSED] - Object: 'Object Repository/LoginPage/Login' is clicked on

2018-07-05 20:29:56 - [MESSAGE][PASSED] - projectSpecific.Reusability.login is PASSED

2018-07-05 20:29:56 - [TEST_STEP][PASSED] - delay: Delayed 10 second(s)

2018-07-05 20:30:06 - [MESSAGE][PASSED] - Delayed 10 second(s)

2018-07-05 20:30:06 - [TEST_STEP][PASSED] - uiaction.CommonUIActions.click: uiaction.CommonUIActions.click is PASSED

2018-07-05 20:30:18 - [MESSAGE][PASSED] - uiaction.CommonUIActions.click is PASSED

2018-07-05 20:30:18 - [TEST_STEP][PASSED] - delay: Delayed 10 second(s)

2018-07-05 20:30:28 - [MESSAGE][PASSED] - Delayed 10 second(s)

2018-07-05 20:30:28 - [TEST_STEP][PASSED] - uiaction.CommonUIActions.click: uiaction.CommonUIActions.click is PASSED

2018-07-05 20:30:32 - [MESSAGE][PASSED] - uiaction.CommonUIActions.click is PASSED

2018-07-05 20:30:32 - [TEST_STEP][PASSED] - uiaction.CommonUIActions.click: uiaction.CommonUIActions.click is PASSED

2018-07-05 20:30:32 - [MESSAGE][PASSED] - uiaction.CommonUIActions.click is PASSED

2018-07-05 20:30:32 - [TEST_STEP][PASSED] - verifyElementPresent: Object 'Object Repository/ReportingGroupManagement/reportingGroupDetails' is present

2018-07-05 20:30:32 - [MESSAGE][PASSED] - Object 'Object Repository/ReportingGroupManagement/reportingGroupDetails' is present

2018-07-05 20:30:32 - [TEST_STEP][PASSED] - uiaction.CommonUIActions.enter: uiaction.CommonUIActions.enter is PASSED

2018-07-05 20:30:32 - [MESSAGE][PASSED] - projectSpecific.Reusability.getTestData is PASSED

2018-07-05 20:30:32 - [MESSAGE][PASSED] - uiaction.CommonUIActions.enter is PASSED

2018-07-05 20:30:32 - [TEST_STEP][PASSED] - uiaction.CommonUIActions.enter: uiaction.CommonUIActions.enter is PASSED

2018-07-05 20:30:32 - [MESSAGE][PASSED] - projectSpecific.Reusability.getTestData is PASSED

2018-07-05 20:30:32 - [MESSAGE][PASSED] - uiaction.CommonUIActions.enter is PASSED

2018-07-05 20:30:32 - [TEST_STEP][PASSED] - uiaction.CommonUIActions.click: uiaction.CommonUIActions.click is PASSED

2018-07-05 20:30:32 - [MESSAGE][PASSED] - uiaction.CommonUIActions.click is PASSED

2018-07-05 20:30:32 - [TEST_STEP][PASSED] - delay: Delayed 10 second(s)

2018-07-05 20:30:42 - [MESSAGE][PASSED] - Delayed 10 second(s)

2018-07-05 20:30:42 - [TEST_STEP][PASSED] - uiaction.CommonUIActions.back: uiaction.CommonUIActions.back is PASSED

2018-07-05 20:30:42 - [MESSAGE][PASSED] - Navigate back successfully

2018-07-05 20:30:42 - [MESSAGE][PASSED] - uiaction.CommonUIActions.back is PASSED

2018-07-05 20:30:42 - [TEST_STEP][PASSED] - delay: Delayed 5 second(s)

2018-07-05 20:30:47 - [MESSAGE][PASSED] - Delayed 5 second(s)

2018-07-05 20:30:47 - [TEST_STEP][PASSED] - uiaction.CommonUIActions.enter: uiaction.CommonUIActions.enter is PASSED

2018-07-05 20:30:47 - [MESSAGE][PASSED] - projectSpecific.Reusability.getTestData is PASSED

2018-07-05 20:30:47 - [MESSAGE][PASSED] - uiaction.CommonUIActions.enter is PASSED

2018-07-05 20:30:47 - [TEST_STEP][PASSED] - uiaction.CommonUIActions.enter: uiaction.CommonUIActions.enter is PASSED

2018-07-05 20:30:47 - [MESSAGE][PASSED] - projectSpecific.Reusability.getTestData is PASSED

2018-07-05 20:30:48 - [MESSAGE][PASSED] - uiaction.CommonUIActions.enter is PASSED

2018-07-05 20:30:48 - [TEST_STEP][PASSED] - uiaction.CommonUIActions.click: uiaction.CommonUIActions.click is PASSED

2018-07-05 20:30:48 - [MESSAGE][PASSED] - uiaction.CommonUIActions.click is PASSED

2018-07-05 20:30:48 - [TEST_STEP][PASSED] - delay: Delayed 5 second(s)

2018-07-05 20:30:53 - [MESSAGE][PASSED] - Delayed 5 second(s)

2018-07-05 20:30:53 - [TEST_STEP][PASSED] - uiaction.CommonUIActions.back: uiaction.CommonUIActions.back is PASSED

2018-07-05 20:30:53 - [MESSAGE][PASSED] - Navigate back successfully

2018-07-05 20:30:53 - [MESSAGE][PASSED] - uiaction.CommonUIActions.back is PASSED

2018-07-05 20:30:53 - [TEST_STEP][PASSED] - delay: Delayed 5 second(s)

2018-07-05 20:30:58 - [MESSAGE][PASSED] - Delayed 5 second(s)

2018-07-05 20:30:58 - [TEST_STEP][PASSED] - uiaction.CommonUIActions.back: uiaction.CommonUIActions.back is PASSED

2018-07-05 20:30:58 - [MESSAGE][PASSED] - Navigate back successfully

2018-07-05 20:30:58 - [MESSAGE][PASSED] - uiaction.CommonUIActions.back is PASSED

2018-07-05 20:30:58 - [TEST_STEP][PASSED] - delay: Delayed 5 second(s)

2018-07-05 20:31:03 - [MESSAGE][PASSED] - Delayed 5 second(s)

2018-07-05 20:31:03 - [TEST_STEP][PASSED] - uiaction.CommonUIActions.click: uiaction.CommonUIActions.click is PASSED

2018-07-05 20:31:03 - [MESSAGE][PASSED] - uiaction.CommonUIActions.click is PASSED

2018-07-05 20:31:03 - [TEST_STEP][PASSED] - Statement - StoreList = CustomKeywords.projectSpecific.Reusability.getTestData("ReportingGroupManagementPage", "dummyGroupName2"): projectSpecific.Reusability.getTestData is PASSED

2018-07-05 20:31:03 - [MESSAGE][PASSED] - projectSpecific.Reusability.getTestData is PASSED

2018-07-05 20:31:03 - [TEST_STEP][PASSED] - Statement - listOfStores = new java.util.ArrayList(java.util.Arrays.asList(StoreList)): null

2018-07-05 20:31:03 - [TEST_STEP][PASSED] - Statement - out.println(listOfStores): null

2018-07-05 20:31:03 - [TEST_STEP][PASSED] - delay: Delayed 10 second(s)

2018-07-05 20:31:13 - [MESSAGE][PASSED] - Delayed 10 second(s)

2018-07-05 20:31:13 - [TEST_STEP][PASSED] - Statement - driver = com.kms.katalon.core.webui.driver.DriverFactory.getWebDriver(): null

2018-07-05 20:31:13 - [TEST_STEP][PASSED] - Statement - availableStoreList = driver.findElements(org.openqa.selenium.By.xpath(com.kms.katalon.core.testdata.TestDataFactory.findTestData(OR_file).getValue(2, 10))): Reading excel file with source file 'C:\Users\shalinin\Katalon Studio\HME_DEVScripts\Data Files\HME_OR.xlsx' and sheet name 'Sheet1'

2018-07-05 20:31:13 - [TEST_STEP][PASSED] - Statement - actualList = new java.util.ArrayList(): null

2018-07-05 20:31:13 - [TEST_STEP][PASSED] - Statement - For ([i = 0, i < availableStoreList.size(), (i++)]): null

2018-07-05 20:31:13 - [TEST_STEP][PASSED] - Statement - actualList.add(i, availableStoreList.get(i).getText()): null

2018-07-05 20:31:13 - [TEST_STEP][PASSED] - Statement - actualList.add(i, availableStoreList.get(i).getText()): null

2018-07-05 20:31:13 - [TEST_STEP][PASSED] - Statement - actualList.add(i, availableStoreList.get(i).getText()): null

2018-07-05 20:31:13 - [TEST_STEP][PASSED] - Statement - actualList.add(i, availableStoreList.get(i).getText()): null

2018-07-05 20:31:13 - [TEST_STEP][PASSED] - Statement - actualList.add(i, availableStoreList.get(i).getText()): null

2018-07-05 20:31:13 - [TEST_STEP][PASSED] - Statement - actualList.add(i, availableStoreList.get(i).getText()): null

2018-07-05 20:31:13 - [TEST_STEP][PASSED] - Statement - actualList.add(i, availableStoreList.get(i).getText()): null

2018-07-05 20:31:13 - [TEST_STEP][PASSED] - Statement - actualList.add(i, availableStoreList.get(i).getText()): null

2018-07-05 20:31:13 - [TEST_STEP][PASSED] - Statement - actualList.add(i, availableStoreList.get(i).getText()): null

2018-07-05 20:31:13 - [TEST_STEP][PASSED] - Statement - actualList.add(i, availableStoreList.get(i).getText()): null

2018-07-05 20:31:13 - [TEST_STEP][PASSED] - Statement - actualList.add(i, availableStoreList.get(i).getText()): null

2018-07-05 20:31:13 - [TEST_STEP][PASSED] - Statement - actualList.add(i, availableStoreList.get(i).getText()): null

2018-07-05 20:31:13 - [TEST_STEP][PASSED] - Statement - actualList.add(i, availableStoreList.get(i).getText()): null

2018-07-05 20:31:13 - [TEST_STEP][PASSED] - Statement - actualList.add(i, availableStoreList.get(i).getText()): null

2018-07-05 20:31:13 - [TEST_STEP][PASSED] - Statement - actualList.add(i, availableStoreList.get(i).getText()): null

2018-07-05 20:31:13 - [TEST_STEP][PASSED] - Statement - actualList.add(i, availableStoreList.get(i).getText()): null

2018-07-05 20:31:13 - [TEST_STEP][PASSED] - Statement - actualList.add(i, availableStoreList.get(i).getText()): null

2018-07-05 20:31:13 - [TEST_STEP][PASSED] - Statement - actualList.add(i, availableStoreList.get(i).getText()): null

2018-07-05 20:31:13 - [TEST_STEP][PASSED] - Statement - actualList.add(i, availableStoreList.get(i).getText()): null

2018-07-05 20:31:13 - [TEST_STEP][PASSED] - Statement - actualList.add(i, availableStoreList.get(i).getText()): null

2018-07-05 20:31:13 - [TEST_STEP][PASSED] - Statement - actualList.add(i, availableStoreList.get(i).getText()): null

2018-07-05 20:31:13 - [TEST_STEP][PASSED] - Statement - actualList.add(i, availableStoreList.get(i).getText()): null

2018-07-05 20:31:13 - [TEST_STEP][PASSED] - Statement - actualList.add(i, availableStoreList.get(i).getText()): null

2018-07-05 20:31:13 - [TEST_STEP][PASSED] - Statement - actualList.add(i, availableStoreList.get(i).getText()): null

2018-07-05 20:31:13 - [TEST_STEP][PASSED] - Statement - actualList.add(i, availableStoreList.get(i).getText()): null

2018-07-05 20:31:14 - [TEST_STEP][PASSED] - Statement - actualList.add(i, availableStoreList.get(i).getText()): null

2018-07-05 20:31:14 - [TEST_STEP][PASSED] - Statement - actualList.add(i, availableStoreList.get(i).getText()): null

2018-07-05 20:31:14 - [TEST_STEP][PASSED] - Statement - actualList.add(i, availableStoreList.get(i).getText()): null

2018-07-05 20:31:14 - [TEST_STEP][PASSED] - Statement - actualList.add(i, availableStoreList.get(i).getText()): null

2018-07-05 20:31:14 - [TEST_STEP][PASSED] - Statement - actualList.add(i, availableStoreList.get(i).getText()): null

2018-07-05 20:31:14 - [TEST_STEP][PASSED] - Statement - actualList.add(i, availableStoreList.get(i).getText()): null

2018-07-05 20:31:14 - [TEST_STEP][PASSED] - Statement - actualList.add(i, availableStoreList.get(i).getText()): null

2018-07-05 20:31:14 - [TEST_STEP][PASSED] - Statement - actualList.add(i, availableStoreList.get(i).getText()): null

2018-07-05 20:31:14 - [TEST_STEP][PASSED] - Statement - actualList.add(i, availableStoreList.get(i).getText()): null

2018-07-05 20:31:14 - [TEST_STEP][PASSED] - Statement - actualList.add(i, availableStoreList.get(i).getText()): null

2018-07-05 20:31:14 - [TEST_STEP][PASSED] - Statement - actualList.add(i, availableStoreList.get(i).getText()): null

2018-07-05 20:31:14 - [TEST_STEP][PASSED] - Statement - actualList.add(i, availableStoreList.get(i).getText()): null

2018-07-05 20:31:14 - [TEST_STEP][PASSED] - Statement - actualList.add(i, availableStoreList.get(i).getText()): null

2018-07-05 20:31:14 - [TEST_STEP][PASSED] - Statement - actualList.add(i, availableStoreList.get(i).getText()): null

2018-07-05 20:31:14 - [TEST_STEP][PASSED] - Statement - actualList.add(i, availableStoreList.get(i).getText()): null

2018-07-05 20:31:14 - [TEST_STEP][PASSED] - Statement - actualList.add(i, availableStoreList.get(i).getText()): null

2018-07-05 20:31:14 - [TEST_STEP][PASSED] - Statement - actualList.add(i, availableStoreList.get(i).getText()): null

2018-07-05 20:31:14 - [TEST_STEP][PASSED] - Statement - actualList.add(i, availableStoreList.get(i).getText()): null

2018-07-05 20:31:14 - [TEST_STEP][PASSED] - Statement - actualList.add(i, availableStoreList.get(i).getText()): null

2018-07-05 20:31:14 - [TEST_STEP][PASSED] - Statement - actualList.add(i, availableStoreList.get(i).getText()): null

2018-07-05 20:31:14 - [TEST_STEP][PASSED] - Statement - actualList.add(i, availableStoreList.get(i).getText()): null

2018-07-05 20:31:14 - [TEST_STEP][PASSED] - Statement - actualList.add(i, availableStoreList.get(i).getText()): null

2018-07-05 20:31:14 - [TEST_STEP][PASSED] - Statement - actualList.add(i, availableStoreList.get(i).getText()): null

2018-07-05 20:31:14 - [TEST_STEP][PASSED] - Statement - actualList.add(i, availableStoreList.get(i).getText()): null

2018-07-05 20:31:14 - [TEST_STEP][PASSED] - Statement - actualList.add(i, availableStoreList.get(i).getText()): null

2018-07-05 20:31:14 - [TEST_STEP][PASSED] - Statement - actualList.add(i, availableStoreList.get(i).getText()): null

2018-07-05 20:31:14 - [TEST_STEP][PASSED] - Statement - actualList.add(i, availableStoreList.get(i).getText()): null

2018-07-05 20:31:14 - [TEST_STEP][PASSED] - Statement - actualList.add(i, availableStoreList.get(i).getText()): null

2018-07-05 20:31:14 - [TEST_STEP][PASSED] - Statement - actualList.add(i, availableStoreList.get(i).getText()): null

2018-07-05 20:31:14 - [TEST_STEP][PASSED] - Statement - actualList.add(i, availableStoreList.get(i).getText()): null

2018-07-05 20:31:14 - [TEST_STEP][PASSED] - Statement - actualList.add(i, availableStoreList.get(i).getText()): null

2018-07-05 20:31:14 - [TEST_STEP][PASSED] - Statement - actualList.add(i, availableStoreList.get(i).getText()): null

2018-07-05 20:31:14 - [TEST_STEP][PASSED] - Statement - actualList.add(i, availableStoreList.get(i).getText()): null

2018-07-05 20:31:14 - [TEST_STEP][PASSED] - Statement - actualList.add(i, availableStoreList.get(i).getText()): null

2018-07-05 20:31:14 - [TEST_STEP][PASSED] - Statement - actualList.add(i, availableStoreList.get(i).getText()): null

2018-07-05 20:31:14 - [TEST_STEP][PASSED] - Statement - actualList.add(i, availableStoreList.get(i).getText()): null

2018-07-05 20:31:14 - [TEST_STEP][PASSED] - Statement - actualList.add(i, availableStoreList.get(i).getText()): null

2018-07-05 20:31:14 - [TEST_STEP][PASSED] - Statement - actualList.add(i, availableStoreList.get(i).getText()): null

2018-07-05 20:31:14 - [TEST_STEP][PASSED] - Statement - actualList.add(i, availableStoreList.get(i).getText()): null

2018-07-05 20:31:14 - [TEST_STEP][PASSED] - Statement - actualList.add(i, availableStoreList.get(i).getText()): null

2018-07-05 20:31:14 - [TEST_STEP][PASSED] - Statement - actualList.add(i, availableStoreList.get(i).getText()): null

2018-07-05 20:31:14 - [TEST_STEP][PASSED] - Statement - actualList.add(i, availableStoreList.get(i).getText()): null

2018-07-05 20:31:14 - [TEST_STEP][PASSED] - Statement - actualList.add(i, availableStoreList.get(i).getText()): null

2018-07-05 20:31:14 - [TEST_STEP][PASSED] - Statement - actualList.add(i, availableStoreList.get(i).getText()): null

2018-07-05 20:31:14 - [TEST_STEP][PASSED] - Statement - actualList.add(i, availableStoreList.get(i).getText()): null

2018-07-05 20:31:14 - [TEST_STEP][PASSED] - Statement - actualList.add(i, availableStoreList.get(i).getText()): null

2018-07-05 20:31:14 - [TEST_STEP][PASSED] - Statement - actualList.add(i, availableStoreList.get(i).getText()): null

2018-07-05 20:31:14 - [TEST_STEP][PASSED] - Statement - actualList.add(i, availableStoreList.get(i).getText()): null

2018-07-05 20:31:14 - [TEST_STEP][PASSED] - Statement - actualList.add(i, availableStoreList.get(i).getText()): null

2018-07-05 20:31:14 - [TEST_STEP][PASSED] - Statement - actualList.add(i, availableStoreList.get(i).getText()): null

2018-07-05 20:31:14 - [TEST_STEP][PASSED] - Statement - actualList.add(i, availableStoreList.get(i).getText()): null

2018-07-05 20:31:14 - [TEST_STEP][PASSED] - Statement - actualList.add(i, availableStoreList.get(i).getText()): null

2018-07-05 20:31:14 - [TEST_STEP][PASSED] - Statement - actualList.add(i, availableStoreList.get(i).getText()): null

2018-07-05 20:31:14 - [TEST_STEP][PASSED] - Statement - actualList.add(i, availableStoreList.get(i).getText()): null

2018-07-05 20:31:14 - [TEST_STEP][PASSED] - Statement - actualList.add(i, availableStoreList.get(i).getText()): null

2018-07-05 20:31:14 - [TEST_STEP][PASSED] - Statement - actualList.add(i, availableStoreList.get(i).getText()): null

2018-07-05 20:31:14 - [TEST_STEP][PASSED] - Statement - actualList.add(i, availableStoreList.get(i).getText()): null

2018-07-05 20:31:14 - [TEST_STEP][PASSED] - Statement - actualList.add(i, availableStoreList.get(i).getText()): null

2018-07-05 20:31:14 - [TEST_STEP][PASSED] - Statement - actualList.add(i, availableStoreList.get(i).getText()): null

2018-07-05 20:31:14 - [TEST_STEP][PASSED] - Statement - actualList.add(i, availableStoreList.get(i).getText()): null

2018-07-05 20:31:14 - [TEST_STEP][PASSED] - Statement - actualList.add(i, availableStoreList.get(i).getText()): null

2018-07-05 20:31:14 - [TEST_STEP][PASSED] - Statement - actualList.add(i, availableStoreList.get(i).getText()): null

2018-07-05 20:31:14 - [TEST_STEP][PASSED] - Statement - actualList.add(i, availableStoreList.get(i).getText()): null

2018-07-05 20:31:14 - [TEST_STEP][PASSED] - Statement - actualList.add(i, availableStoreList.get(i).getText()): null

2018-07-05 20:31:15 - [TEST_STEP][PASSED] - Statement - actualList.add(i, availableStoreList.get(i).getText()): null

2018-07-05 20:31:15 - [TEST_STEP][PASSED] - Statement - actualList.add(i, availableStoreList.get(i).getText()): null

2018-07-05 20:31:15 - [TEST_STEP][PASSED] - Statement - actualList.add(i, availableStoreList.get(i).getText()): null

2018-07-05 20:31:15 - [TEST_STEP][PASSED] - Statement - actualList.add(i, availableStoreList.get(i).getText()): null

2018-07-05 20:31:15 - [TEST_STEP][PASSED] - Statement - actualList.add(i, availableStoreList.get(i).getText()): null

2018-07-05 20:31:15 - [TEST_STEP][PASSED] - Statement - actualList.add(i, availableStoreList.get(i).getText()): null

2018-07-05 20:31:15 - [TEST_STEP][PASSED] - Statement - actualList.add(i, availableStoreList.get(i).getText()): null

2018-07-05 20:31:15 - [TEST_STEP][PASSED] - Statement - actualList.add(i, availableStoreList.get(i).getText()): null

2018-07-05 20:31:15 - [TEST_STEP][PASSED] - Statement - actualList.add(i, availableStoreList.get(i).getText()): null

2018-07-05 20:31:15 - [TEST_STEP][PASSED] - Statement - actualList.add(i, availableStoreList.get(i).getText()): null

2018-07-05 20:31:15 - [TEST_STEP][PASSED] - Statement - actualList.add(i, availableStoreList.get(i).getText()): null

2018-07-05 20:31:15 - [TEST_STEP][PASSED] - Statement - actualList.add(i, availableStoreList.get(i).getText()): null

2018-07-05 20:31:15 - [TEST_STEP][PASSED] - Statement - actualList.add(i, availableStoreList.get(i).getText()): null

2018-07-05 20:31:15 - [TEST_STEP][PASSED] - Statement - actualList.add(i, availableStoreList.get(i).getText()): null

2018-07-05 20:31:15 - [TEST_STEP][PASSED] - Statement - actualList.add(i, availableStoreList.get(i).getText()): null

2018-07-05 20:31:15 - [TEST_STEP][PASSED] - Statement - actualList.add(i, availableStoreList.get(i).getText()): null

2018-07-05 20:31:15 - [TEST_STEP][PASSED] - Statement - actualList.add(i, availableStoreList.get(i).getText()): null

2018-07-05 20:31:15 - [TEST_STEP][PASSED] - Statement - actualList.add(i, availableStoreList.get(i).getText()): null

2018-07-05 20:31:15 - [TEST_STEP][PASSED] - Statement - actualList.add(i, availableStoreList.get(i).getText()): null

2018-07-05 20:31:15 - [TEST_STEP][PASSED] - Statement - actualList.add(i, availableStoreList.get(i).getText()): null

2018-07-05 20:31:15 - [TEST_STEP][PASSED] - Statement - actualList.add(i, availableStoreList.get(i).getText()): null

2018-07-05 20:31:15 - [TEST_STEP][PASSED] - Statement - actualList.add(i, availableStoreList.get(i).getText()): null

2018-07-05 20:31:15 - [TEST_STEP][PASSED] - Statement - actualList.add(i, availableStoreList.get(i).getText()): null

2018-07-05 20:31:15 - [TEST_STEP][PASSED] - Statement - actualList.add(i, availableStoreList.get(i).getText()): null

2018-07-05 20:31:15 - [TEST_STEP][PASSED] - Statement - actualList.add(i, availableStoreList.get(i).getText()): null

2018-07-05 20:31:15 - [TEST_STEP][PASSED] - Statement - actualList.add(i, availableStoreList.get(i).getText()): null

2018-07-05 20:31:15 - [TEST_STEP][PASSED] - Statement - actualList.add(i, availableStoreList.get(i).getText()): null

2018-07-05 20:31:15 - [TEST_STEP][PASSED] - Statement - actualList.add(i, availableStoreList.get(i).getText()): null

2018-07-05 20:31:15 - [TEST_STEP][PASSED] - Statement - actualList.add(i, availableStoreList.get(i).getText()): null

2018-07-05 20:31:15 - [TEST_STEP][PASSED] - Statement - actualList.add(i, availableStoreList.get(i).getText()): null

2018-07-05 20:31:15 - [TEST_STEP][PASSED] - Statement - actualList.add(i, availableStoreList.get(i).getText()): null

2018-07-05 20:31:15 - [TEST_STEP][PASSED] - Statement - actualList.add(i, availableStoreList.get(i).getText()): null

2018-07-05 20:31:15 - [TEST_STEP][PASSED] - Statement - actualList.add(i, availableStoreList.get(i).getText()): null

2018-07-05 20:31:15 - [TEST_STEP][PASSED] - Statement - actualList.add(i, availableStoreList.get(i).getText()): null

2018-07-05 20:31:15 - [TEST_STEP][PASSED] - Statement - actualList.add(i, availableStoreList.get(i).getText()): null

2018-07-05 20:31:15 - [TEST_STEP][PASSED] - Statement - actualList.add(i, availableStoreList.get(i).getText()): null

2018-07-05 20:31:15 - [TEST_STEP][PASSED] - Statement - actualList.add(i, availableStoreList.get(i).getText()): null

2018-07-05 20:31:15 - [TEST_STEP][PASSED] - Statement - actualList.add(i, availableStoreList.get(i).getText()): null

2018-07-05 20:31:15 - [TEST_STEP][PASSED] - Statement - actualList.add(i, availableStoreList.get(i).getText()): null

2018-07-05 20:31:15 - [TEST_STEP][PASSED] - Statement - actualList.add(i, availableStoreList.get(i).getText()): null

2018-07-05 20:31:15 - [TEST_STEP][PASSED] - Statement - actualList.add(i, availableStoreList.get(i).getText()): null

2018-07-05 20:31:15 - [TEST_STEP][PASSED] - Statement - actualList.add(i, availableStoreList.get(i).getText()): null

2018-07-05 20:31:15 - [TEST_STEP][PASSED] - Statement - actualList.add(i, availableStoreList.get(i).getText()): null

2018-07-05 20:31:15 - [TEST_STEP][PASSED] - Statement - actualList.add(i, availableStoreList.get(i).getText()): null

2018-07-05 20:31:15 - [TEST_STEP][PASSED] - Statement - actualList.add(i, availableStoreList.get(i).getText()): null

2018-07-05 20:31:15 - [TEST_STEP][PASSED] - Statement - actualList.add(i, availableStoreList.get(i).getText()): null

2018-07-05 20:31:15 - [TEST_STEP][PASSED] - Statement - actualList.add(i, availableStoreList.get(i).getText()): null

2018-07-05 20:31:15 - [TEST_STEP][PASSED] - Statement - actualList.add(i, availableStoreList.get(i).getText()): null

2018-07-05 20:31:15 - [TEST_STEP][PASSED] - Statement - actualList.add(i, availableStoreList.get(i).getText()): null

2018-07-05 20:31:15 - [TEST_STEP][PASSED] - Statement - actualList.add(i, availableStoreList.get(i).getText()): null

2018-07-05 20:31:15 - [TEST_STEP][PASSED] - Statement - actualList.add(i, availableStoreList.get(i).getText()): null

2018-07-05 20:31:15 - [TEST_STEP][PASSED] - Statement - actualList.add(i, availableStoreList.get(i).getText()): null

2018-07-05 20:31:15 - [TEST_STEP][PASSED] - Statement - actualList.add(i, availableStoreList.get(i).getText()): null

2018-07-05 20:31:15 - [TEST_STEP][PASSED] - Statement - actualList.add(i, availableStoreList.get(i).getText()): null

2018-07-05 20:31:15 - [TEST_STEP][PASSED] - Statement - actualList.add(i, availableStoreList.get(i).getText()): null

2018-07-05 20:31:15 - [TEST_STEP][PASSED] - Statement - actualList.add(i, availableStoreList.get(i).getText()): null

2018-07-05 20:31:15 - [TEST_STEP][PASSED] - Statement - actualList.add(i, availableStoreList.get(i).getText()): null

2018-07-05 20:31:15 - [TEST_STEP][PASSED] - Statement - actualList.add(i, availableStoreList.get(i).getText()): null

2018-07-05 20:31:15 - [TEST_STEP][PASSED] - Statement - actualList.add(i, availableStoreList.get(i).getText()): null

2018-07-05 20:31:15 - [TEST_STEP][PASSED] - Statement - actualList.add(i, availableStoreList.get(i).getText()): null

2018-07-05 20:31:15 - [TEST_STEP][PASSED] - Statement - actualList.add(i, availableStoreList.get(i).getText()): null

2018-07-05 20:31:15 - [TEST_STEP][PASSED] - Statement - actualList.add(i, availableStoreList.get(i).getText()): null

2018-07-05 20:31:15 - [TEST_STEP][PASSED] - Statement - actualList.add(i, availableStoreList.get(i).getText()): null

2018-07-05 20:31:15 - [TEST_STEP][PASSED] - Statement - actualList.add(i, availableStoreList.get(i).getText()): null

2018-07-05 20:31:16 - [TEST_STEP][PASSED] - Statement - actualList.add(i, availableStoreList.get(i).getText()): null

2018-07-05 20:31:16 - [TEST_STEP][PASSED] - Statement - actualList.add(i, availableStoreList.get(i).getText()): null

2018-07-05 20:31:16 - [TEST_STEP][PASSED] - Statement - actualList.add(i, availableStoreList.get(i).getText()): null

2018-07-05 20:31:16 - [TEST_STEP][PASSED] - Statement - actualList.add(i, availableStoreList.get(i).getText()): null

2018-07-05 20:31:16 - [TEST_STEP][PASSED] - Statement - actualList.add(i, availableStoreList.get(i).getText()): null

2018-07-05 20:31:16 - [TEST_STEP][PASSED] - Statement - actualList.add(i, availableStoreList.get(i).getText()): null

2018-07-05 20:31:16 - [TEST_STEP][PASSED] - Statement - actualList.add(i, availableStoreList.get(i).getText()): null

2018-07-05 20:31:16 - [TEST_STEP][PASSED] - Statement - actualList.add(i, availableStoreList.get(i).getText()): null

2018-07-05 20:31:16 - [TEST_STEP][PASSED] - Statement - actualList.add(i, availableStoreList.get(i).getText()): null

2018-07-05 20:31:16 - [TEST_STEP][PASSED] - Statement - actualList.add(i, availableStoreList.get(i).getText()): null

2018-07-05 20:31:16 - [TEST_STEP][PASSED] - Statement - actualList.add(i, availableStoreList.get(i).getText()): null

2018-07-05 20:31:16 - [TEST_STEP][PASSED] - Statement - actualList.add(i, availableStoreList.get(i).getText()): null

2018-07-05 20:31:16 - [TEST_STEP][PASSED] - Statement - actualList.add(i, availableStoreList.get(i).getText()): null

2018-07-05 20:31:16 - [TEST_STEP][PASSED] - Statement - actualList.add(i, availableStoreList.get(i).getText()): null

2018-07-05 20:31:16 - [TEST_STEP][PASSED] - Statement - actualList.add(i, availableStoreList.get(i).getText()): null

2018-07-05 20:31:16 - [TEST_STEP][PASSED] - Statement - actualList.add(i, availableStoreList.get(i).getText()): null

2018-07-05 20:31:16 - [TEST_STEP][PASSED] - Statement - actualList.add(i, availableStoreList.get(i).getText()): null

2018-07-05 20:31:16 - [TEST_STEP][PASSED] - Statement - actualList.add(i, availableStoreList.get(i).getText()): null

2018-07-05 20:31:16 - [TEST_STEP][PASSED] - Statement - actualList.add(i, availableStoreList.get(i).getText()): null

2018-07-05 20:31:16 - [TEST_STEP][PASSED] - Statement - actualList.add(i, availableStoreList.get(i).getText()): null

2018-07-05 20:31:16 - [TEST_STEP][PASSED] - Statement - actualList.add(i, availableStoreList.get(i).getText()): null

2018-07-05 20:31:16 - [TEST_STEP][PASSED] - Statement - actualList.add(i, availableStoreList.get(i).getText()): null

2018-07-05 20:31:16 - [TEST_STEP][PASSED] - Statement - actualList.add(i, availableStoreList.get(i).getText()): null

2018-07-05 20:31:16 - [TEST_STEP][PASSED] - Statement - actualList.add(i, availableStoreList.get(i).getText()): null

2018-07-05 20:31:16 - [TEST_STEP][PASSED] - Statement - actualList.add(i, availableStoreList.get(i).getText()): null

2018-07-05 20:31:16 - [TEST_STEP][PASSED] - Statement - actualList.add(i, availableStoreList.get(i).getText()): null

2018-07-05 20:31:16 - [TEST_STEP][PASSED] - Statement - actualList.add(i, availableStoreList.get(i).getText()): null

2018-07-05 20:31:16 - [TEST_STEP][PASSED] - Statement - actualList.add(i, availableStoreList.get(i).getText()): null

2018-07-05 20:31:16 - [TEST_STEP][PASSED] - Statement - actualList.add(i, availableStoreList.get(i).getText()): null

2018-07-05 20:31:16 - [TEST_STEP][PASSED] - Statement - actualList.add(i, availableStoreList.get(i).getText()): null

2018-07-05 20:31:16 - [TEST_STEP][PASSED] - Statement - actualList.add(i, availableStoreList.get(i).getText()): null

2018-07-05 20:31:16 - [TEST_STEP][PASSED] - Statement - actualList.add(i, availableStoreList.get(i).getText()): null

2018-07-05 20:31:16 - [TEST_STEP][PASSED] - Statement - actualList.add(i, availableStoreList.get(i).getText()): null

2018-07-05 20:31:16 - [TEST_STEP][PASSED] - Statement - actualList.add(i, availableStoreList.get(i).getText()): null

2018-07-05 20:31:16 - [TEST_STEP][PASSED] - Statement - actualList.add(i, availableStoreList.get(i).getText()): null

2018-07-05 20:31:16 - [TEST_STEP][PASSED] - Statement - actualList.add(i, availableStoreList.get(i).getText()): null

2018-07-05 20:31:16 - [TEST_STEP][PASSED] - Statement - actualList.add(i, availableStoreList.get(i).getText()): null

2018-07-05 20:31:16 - [TEST_STEP][PASSED] - Statement - actualList.add(i, availableStoreList.get(i).getText()): null

2018-07-05 20:31:16 - [TEST_STEP][PASSED] - Statement - actualList.add(i, availableStoreList.get(i).getText()): null

2018-07-05 20:31:16 - [TEST_STEP][PASSED] - Statement - actualList.add(i, availableStoreList.get(i).getText()): null

2018-07-05 20:31:16 - [TEST_STEP][PASSED] - Statement - actualList.add(i, availableStoreList.get(i).getText()): null

2018-07-05 20:31:16 - [TEST_STEP][PASSED] - Statement - actualList.add(i, availableStoreList.get(i).getText()): null

2018-07-05 20:31:16 - [TEST_STEP][PASSED] - Statement - actualList.add(i, availableStoreList.get(i).getText()): null

2018-07-05 20:31:16 - [TEST_STEP][PASSED] - Statement - actualList.add(i, availableStoreList.get(i).getText()): null

2018-07-05 20:31:16 - [TEST_STEP][PASSED] - Statement - actualList.add(i, availableStoreList.get(i).getText()): null

2018-07-05 20:31:16 - [TEST_STEP][PASSED] - Statement - actualList.add(i, availableStoreList.get(i).getText()): null

2018-07-05 20:31:16 - [TEST_STEP][PASSED] - Statement - actualList.add(i, availableStoreList.get(i).getText()): null

2018-07-05 20:31:16 - [TEST_STEP][PASSED] - Statement - actualList.add(i, availableStoreList.get(i).getText()): null

2018-07-05 20:31:16 - [TEST_STEP][PASSED] - Statement - actualList.add(i, availableStoreList.get(i).getText()): null

2018-07-05 20:31:16 - [TEST_STEP][PASSED] - Statement - actualList.add(i, availableStoreList.get(i).getText()): null

2018-07-05 20:31:16 - [TEST_STEP][PASSED] - Statement - actualList.add(i, availableStoreList.get(i).getText()): null

2018-07-05 20:31:16 - [TEST_STEP][PASSED] - Statement - actualList.add(i, availableStoreList.get(i).getText()): null

2018-07-05 20:31:16 - [TEST_STEP][PASSED] - Statement - actualList.add(i, availableStoreList.get(i).getText()): null

2018-07-05 20:31:16 - [TEST_STEP][PASSED] - Statement - actualList.add(i, availableStoreList.get(i).getText()): null

2018-07-05 20:31:16 - [TEST_STEP][PASSED] - Statement - actualList.add(i, availableStoreList.get(i).getText()): null

2018-07-05 20:31:16 - [TEST_STEP][PASSED] - Statement - actualList.add(i, availableStoreList.get(i).getText()): null

2018-07-05 20:31:16 - [TEST_STEP][PASSED] - Statement - actualList.add(i, availableStoreList.get(i).getText()): null

2018-07-05 20:31:16 - [TEST_STEP][PASSED] - Statement - actualList.add(i, availableStoreList.get(i).getText()): null

2018-07-05 20:31:16 - [TEST_STEP][PASSED] - Statement - actualList.add(i, availableStoreList.get(i).getText()): null

2018-07-05 20:31:16 - [TEST_STEP][PASSED] - Statement - actualList.add(i, availableStoreList.get(i).getText()): null

2018-07-05 20:31:16 - [TEST_STEP][PASSED] - Statement - actualList.add(i, availableStoreList.get(i).getText()): null

2018-07-05 20:31:16 - [TEST_STEP][PASSED] - Statement - actualList.add(i, availableStoreList.get(i).getText()): null

2018-07-05 20:31:16 - [TEST_STEP][PASSED] - Statement - actualList.add(i, availableStoreList.get(i).getText()): null

2018-07-05 20:31:17 - [TEST_STEP][PASSED] - Statement - actualList.add(i, availableStoreList.get(i).getText()): null

2018-07-05 20:31:17 - [TEST_STEP][PASSED] - Statement - actualList.add(i, availableStoreList.get(i).getText()): null

2018-07-05 20:31:17 - [TEST_STEP][PASSED] - Statement - actualList.add(i, availableStoreList.get(i).getText()): null

2018-07-05 20:31:17 - [TEST_STEP][PASSED] - Statement - actualList.add(i, availableStoreList.get(i).getText()): null

2018-07-05 20:31:17 - [TEST_STEP][PASSED] - Statement - actualList.add(i, availableStoreList.get(i).getText()): null

2018-07-05 20:31:17 - [TEST_STEP][PASSED] - Statement - actualList.add(i, availableStoreList.get(i).getText()): null

2018-07-05 20:31:17 - [TEST_STEP][PASSED] - Statement - actualList.add(i, availableStoreList.get(i).getText()): null

2018-07-05 20:31:17 - [TEST_STEP][PASSED] - Statement - actualList.add(i, availableStoreList.get(i).getText()): null

2018-07-05 20:31:17 - [TEST_STEP][PASSED] - Statement - actualList.add(i, availableStoreList.get(i).getText()): null

2018-07-05 20:31:17 - [TEST_STEP][PASSED] - Statement - actualList.add(i, availableStoreList.get(i).getText()): null

2018-07-05 20:31:17 - [TEST_STEP][PASSED] - Statement - actualList.add(i, availableStoreList.get(i).getText()): null

2018-07-05 20:31:17 - [TEST_STEP][PASSED] - Statement - actualList.add(i, availableStoreList.get(i).getText()): null

2018-07-05 20:31:17 - [TEST_STEP][PASSED] - Statement - actualList.add(i, availableStoreList.get(i).getText()): null

2018-07-05 20:31:17 - [TEST_STEP][PASSED] - Statement - actualList.add(i, availableStoreList.get(i).getText()): null

2018-07-05 20:31:17 - [TEST_STEP][PASSED] - Statement - actualList.add(i, availableStoreList.get(i).getText()): null

2018-07-05 20:31:17 - [TEST_STEP][PASSED] - Statement - actualList.add(i, availableStoreList.get(i).getText()): null

2018-07-05 20:31:17 - [TEST_STEP][PASSED] - Statement - actualList.add(i, availableStoreList.get(i).getText()): null

2018-07-05 20:31:17 - [TEST_STEP][PASSED] - Statement - actualList.add(i, availableStoreList.get(i).getText()): null

2018-07-05 20:31:17 - [TEST_STEP][PASSED] - Statement - actualList.add(i, availableStoreList.get(i).getText()): null

2018-07-05 20:31:17 - [TEST_STEP][PASSED] - Statement - actualList.add(i, availableStoreList.get(i).getText()): null

2018-07-05 20:31:17 - [TEST_STEP][PASSED] - Statement - actualList.add(i, availableStoreList.get(i).getText()): null

2018-07-05 20:31:17 - [TEST_STEP][PASSED] - Statement - actualList.add(i, availableStoreList.get(i).getText()): null

2018-07-05 20:31:17 - [TEST_STEP][PASSED] - Statement - actualList.add(i, availableStoreList.get(i).getText()): null

2018-07-05 20:31:17 - [TEST_STEP][PASSED] - Statement - actualList.add(i, availableStoreList.get(i).getText()): null

2018-07-05 20:31:17 - [TEST_STEP][PASSED] - Statement - actualList.add(i, availableStoreList.get(i).getText()): null

2018-07-05 20:31:17 - [TEST_STEP][PASSED] - Statement - actualList.add(i, availableStoreList.get(i).getText()): null

2018-07-05 20:31:17 - [TEST_STEP][PASSED] - Statement - actualList.add(i, availableStoreList.get(i).getText()): null

2018-07-05 20:31:17 - [TEST_STEP][PASSED] - Statement - actualList.add(i, availableStoreList.get(i).getText()): null

2018-07-05 20:31:17 - [TEST_STEP][PASSED] - Statement - actualList.add(i, availableStoreList.get(i).getText()): null

2018-07-05 20:31:17 - [TEST_STEP][PASSED] - Statement - actualList.add(i, availableStoreList.get(i).getText()): null

2018-07-05 20:31:17 - [TEST_STEP][PASSED] - Statement - actualList.add(i, availableStoreList.get(i).getText()): null

2018-07-05 20:31:17 - [TEST_STEP][PASSED] - Statement - actualList.add(i, availableStoreList.get(i).getText()): null

2018-07-05 20:31:17 - [TEST_STEP][PASSED] - Statement - actualList.add(i, availableStoreList.get(i).getText()): null

2018-07-05 20:31:17 - [TEST_STEP][PASSED] - Statement - actualList.add(i, availableStoreList.get(i).getText()): null

2018-07-05 20:31:17 - [TEST_STEP][PASSED] - Statement - actualList.add(i, availableStoreList.get(i).getText()): null

2018-07-05 20:31:17 - [TEST_STEP][PASSED] - Statement - actualList.add(i, availableStoreList.get(i).getText()): null

2018-07-05 20:31:17 - [TEST_STEP][PASSED] - Statement - actualList.add(i, availableStoreList.get(i).getText()): null

2018-07-05 20:31:17 - [TEST_STEP][PASSED] - Statement - actualList.add(i, availableStoreList.get(i).getText()): null

2018-07-05 20:31:17 - [TEST_STEP][PASSED] - Statement - actualList.add(i, availableStoreList.get(i).getText()): null

2018-07-05 20:31:17 - [TEST_STEP][PASSED] - Statement - actualList.add(i, availableStoreList.get(i).getText()): null

2018-07-05 20:31:17 - [TEST_STEP][PASSED] - Statement - actualList.add(i, availableStoreList.get(i).getText()): null

2018-07-05 20:31:17 - [TEST_STEP][PASSED] - Statement - actualList.add(i, availableStoreList.get(i).getText()): null

2018-07-05 20:31:17 - [TEST_STEP][PASSED] - Statement - actualList.add(i, availableStoreList.get(i).getText()): null

2018-07-05 20:31:17 - [TEST_STEP][PASSED] - Statement - out.println(actualList): null

2018-07-05 20:31:17 - [TEST_STEP][PASSED] - Statement - If (actualList.containsAll(listOfStores)): null

2018-07-05 20:31:17 - [TEST_STEP][PASSED] - Statement - println("Groups & Stores are displayed in Available Groups/Stores listbox"): null

2018-07-05 20:31:17 - [TEST_STEP][PASSED] - uiaction.CommonUIActions.click: uiaction.CommonUIActions.click is PASSED

2018-07-05 20:31:17 - [MESSAGE][PASSED] - uiaction.CommonUIActions.click is PASSED

2018-07-05 20:31:17 - [TEST_STEP][PASSED] - uiaction.CommonUIActions.click: uiaction.CommonUIActions.click is PASSED

2018-07-05 20:31:17 - [MESSAGE][PASSED] - uiaction.CommonUIActions.click is PASSED

2018-07-05 20:31:17 - [TEST_STEP][PASSED] - uiaction.CommonUIActions.back: uiaction.CommonUIActions.back is PASSED

2018-07-05 20:31:17 - [MESSAGE][PASSED] - Navigate back successfully

2018-07-05 20:31:17 - [MESSAGE][PASSED] - uiaction.CommonUIActions.back is PASSED

2018-07-05 20:31:17 - [TEST_STEP][PASSED] - delay: Delayed 5 second(s)

2018-07-05 20:31:22 - [MESSAGE][PASSED] - Delayed 5 second(s)

2018-07-05 20:31:22 - [TEST_STEP][PASSED] - uiaction.CommonUIActions.back: uiaction.CommonUIActions.back is PASSED

2018-07-05 20:31:22 - [MESSAGE][PASSED] - Navigate back successfully

2018-07-05 20:31:22 - [MESSAGE][PASSED] - uiaction.CommonUIActions.back is PASSED

2018-07-05 20:31:22 - [TEST_STEP][PASSED] - delay: Delayed 5 second(s)

2018-07-05 20:31:27 - [MESSAGE][PASSED] - Delayed 5 second(s)

2018-07-05 20:31:27 - [TEST_STEP][PASSED] - uiaction.CommonUIActions.click: uiaction.CommonUIActions.click is PASSED

2018-07-05 20:31:28 - [MESSAGE][PASSED] - uiaction.CommonUIActions.click is PASSED

2018-07-05 20:31:28 - [TEST_STEP][PASSED] - uiaction.CommonUIActions.click: uiaction.CommonUIActions.click is PASSED

2018-07-05 20:31:28 - [MESSAGE][PASSED] - uiaction.CommonUIActions.click is PASSED

2018-07-05 20:31:28 - [TEST_STEP][PASSED] - uiaction.CommonUIActions.click: uiaction.CommonUIActions.click is PASSED

2018-07-05 20:31:28 - [MESSAGE][PASSED] - uiaction.CommonUIActions.click is PASSED

2018-07-05 20:31:28 - [TEST_STEP][PASSED] - uiaction.CommonUIActions.back: uiaction.CommonUIActions.back is PASSED

2018-07-05 20:31:28 - [MESSAGE][PASSED] - Navigate back successfully

2018-07-05 20:31:28 - [MESSAGE][PASSED] - uiaction.CommonUIActions.back is PASSED

2018-07-05 20:31:28 - [TEST_STEP][PASSED] - delay: Delayed 5 second(s)

2018-07-05 20:31:33 - [MESSAGE][PASSED] - Delayed 5 second(s)

2018-07-05 20:31:33 - [TEST_STEP][PASSED] - uiaction.CommonUIActions.back: uiaction.CommonUIActions.back is PASSED

2018-07-05 20:31:33 - [MESSAGE][PASSED] - Navigate back successfully

2018-07-05 20:31:33 - [MESSAGE][PASSED] - uiaction.CommonUIActions.back is PASSED

2018-07-05 20:31:33 - [TEST_STEP][PASSED] - delay: Delayed 5 second(s)

2018-07-05 20:31:38 - [MESSAGE][PASSED] - Delayed 5 second(s)

2018-07-05 20:31:38 - [TEST_STEP][PASSED] - uiaction.CommonUIActions.click: uiaction.CommonUIActions.click is PASSED

2018-07-05 20:31:38 - [MESSAGE][PASSED] - uiaction.CommonUIActions.click is PASSED

2018-07-05 20:31:38 - [TEST_STEP][PASSED] - delay: Delayed 5 second(s)

2018-07-05 20:31:43 - [MESSAGE][PASSED] - Delayed 5 second(s)

2018-07-05 20:31:43 - [TEST_STEP][PASSED] - Statement - secondStoreListBox = driver.findElements(org.openqa.selenium.By.xpath(com.kms.katalon.core.testdata.TestDataFactory.findTestData(OR_file).getValue(2, 11))): Reading excel file with source file 'C:\Users\shalinin\Katalon Studio\HME_DEVScripts\Data Files\HME_OR.xlsx' and sheet name 'Sheet1'

2018-07-05 20:31:43 - [TEST_STEP][PASSED] - Statement - list = new java.util.ArrayList(): null

2018-07-05 20:31:43 - [TEST_STEP][PASSED] - Statement - For ([i = 0, i < secondStoreListBox.size(), (i++)]): null

2018-07-05 20:31:43 - [TEST_STEP][PASSED] - Statement - If (list.size() == 0): null

2018-07-05 20:31:43 - [TEST_STEP][PASSED] - Statement - println("No Groups/Stores is displayed in Groups/Stores in Group list box"): null

2018-07-05 20:31:43 - [TEST_STEP][PASSED] - uiaction.CommonUIActions.enter: uiaction.CommonUIActions.enter is PASSED

2018-07-05 20:31:43 - [MESSAGE][PASSED] - projectSpecific.Reusability.getTestData is PASSED

2018-07-05 20:31:43 - [MESSAGE][PASSED] - uiaction.CommonUIActions.enter is PASSED

2018-07-05 20:31:43 - [TEST_STEP][PASSED] - uiaction.CommonUIActions.enter: uiaction.CommonUIActions.enter is PASSED

2018-07-05 20:31:43 - [MESSAGE][PASSED] - projectSpecific.Reusability.getTestData is PASSED

2018-07-05 20:31:43 - [MESSAGE][PASSED] - uiaction.CommonUIActions.enter is PASSED

2018-07-05 20:31:43 - [TEST_STEP][PASSED] - uiaction.CommonUIActions.verifyMatch: uiaction.CommonUIActions.verifyMatch is PASSED

2018-07-05 20:31:43 - [MESSAGE][PASSED] - projectSpecific.Reusability.getTestData is PASSED

2018-07-05 20:31:43 - [MESSAGE][PASSED] - Attribute 'value' of object 'Object Repository/ReportingGroupManagement/groupNameTxt' is: 'AutomationGroup1'

2018-07-05 20:31:43 - [MESSAGE][PASSED] - Actual text 'AutomationGroup1' and expected text 'AutomationGroup1' are matched 

2018-07-05 20:31:43 - [MESSAGE][PASSED] - uiaction.CommonUIActions.verifyMatch is PASSED

2018-07-05 20:31:43 - [TEST_STEP][PASSED] - uiaction.CommonUIActions.verifyMatch: uiaction.CommonUIActions.verifyMatch is PASSED

2018-07-05 20:31:43 - [MESSAGE][PASSED] - projectSpecific.Reusability.getTestData is PASSED

2018-07-05 20:31:43 - [MESSAGE][PASSED] - Attribute 'value' of object 'Object Repository/ReportingGroupManagement/groupDescTxt' is: 'South west branch Group 1'

2018-07-05 20:31:43 - [MESSAGE][PASSED] - Actual text 'South west branch Group 1' and expected text 'South west branch Group 1' are matched 

2018-07-05 20:31:43 - [MESSAGE][PASSED] - uiaction.CommonUIActions.verifyMatch is PASSED

2018-07-05 20:31:43 - [TEST_STEP][PASSED] - delay: Delayed 5 second(s)

2018-07-05 20:31:48 - [MESSAGE][PASSED] - Delayed 5 second(s)

2018-07-05 20:31:48 - [TEST_STEP][PASSED] - Statement - StoresCBList = driver.findElements(org.openqa.selenium.By.xpath(com.kms.katalon.core.testdata.TestDataFactory.findTestData(OR_file).getValue(2, 12))): Reading excel file with source file 'C:\Users\shalinin\Katalon Studio\HME_DEVScripts\Data Files\HME_OR.xlsx' and sheet name 'Sheet1'

2018-07-05 20:31:49 - [TEST_STEP][PASSED] - Statement - storesLabel = driver.findElements(org.openqa.selenium.By.xpath(com.kms.katalon.core.testdata.TestDataFactory.findTestData(OR_file).getValue(2, 10))): Reading excel file with source file 'C:\Users\shalinin\Katalon Studio\HME_DEVScripts\Data Files\HME_OR.xlsx' and sheet name 'Sheet1'

2018-07-05 20:31:49 - [TEST_STEP][PASSED] - Statement - groupStoresList = new java.util.ArrayList(): null

2018-07-05 20:31:49 - [TEST_STEP][PASSED] - Statement - out.println(StoresCBList.size()): null

2018-07-05 20:31:49 - [TEST_STEP][PASSED] - Statement - size = StoresCBList.size(): null

2018-07-05 20:31:49 - [TEST_STEP][PASSED] - delay: Delayed 5 second(s)

2018-07-05 20:31:54 - [MESSAGE][PASSED] - Delayed 5 second(s)

2018-07-05 20:31:54 - [TEST_STEP][PASSED] - Statement - For ([i = 0, i < size, (i++)]): null

2018-07-05 20:31:54 - [TEST_STEP][PASSED] - Statement - groupStoresList[i] = storesLabel.get(i).getText(): null

2018-07-05 20:31:54 - [TEST_STEP][PASSED] - Statement - StoresCBList.get(i).click(): null

2018-07-05 20:31:54 - [TEST_STEP][PASSED] - Statement - groupStoresList[i] = storesLabel.get(i).getText(): null

2018-07-05 20:31:54 - [TEST_STEP][PASSED] - Statement - StoresCBList.get(i).click(): null

2018-07-05 20:31:54 - [TEST_STEP][PASSED] - Statement - groupStoresList[i] = storesLabel.get(i).getText(): null

2018-07-05 20:31:54 - [TEST_STEP][PASSED] - Statement - StoresCBList.get(i).click(): null

2018-07-05 20:31:54 - [TEST_STEP][PASSED] - Statement - groupStoresList[i] = storesLabel.get(i).getText(): null

2018-07-05 20:31:54 - [TEST_STEP][PASSED] - Statement - StoresCBList.get(i).click(): null

2018-07-05 20:31:54 - [TEST_STEP][PASSED] - Statement - groupStoresList[i] = storesLabel.get(i).getText(): null

2018-07-05 20:31:54 - [TEST_STEP][PASSED] - Statement - StoresCBList.get(i).click(): null

2018-07-05 20:31:54 - [TEST_STEP][PASSED] - Statement - groupStoresList[i] = storesLabel.get(i).getText(): null

2018-07-05 20:31:54 - [TEST_STEP][PASSED] - Statement - StoresCBList.get(i).click(): null

2018-07-05 20:31:54 - [TEST_STEP][PASSED] - Statement - groupStoresList[i] = storesLabel.get(i).getText(): null

2018-07-05 20:31:54 - [TEST_STEP][PASSED] - Statement - StoresCBList.get(i).click(): null

2018-07-05 20:31:54 - [TEST_STEP][PASSED] - Statement - groupStoresList[i] = storesLabel.get(i).getText(): null

2018-07-05 20:31:54 - [TEST_STEP][PASSED] - Statement - StoresCBList.get(i).click(): null

2018-07-05 20:31:54 - [TEST_STEP][PASSED] - Statement - groupStoresList[i] = storesLabel.get(i).getText(): null

2018-07-05 20:31:54 - [TEST_STEP][PASSED] - Statement - StoresCBList.get(i).click(): null

2018-07-05 20:31:54 - [TEST_STEP][PASSED] - Statement - groupStoresList[i] = storesLabel.get(i).getText(): null

2018-07-05 20:31:54 - [TEST_STEP][PASSED] - Statement - StoresCBList.get(i).click(): null

2018-07-05 20:31:54 - [TEST_STEP][PASSED] - Statement - groupStoresList[i] = storesLabel.get(i).getText(): null

2018-07-05 20:31:54 - [TEST_STEP][PASSED] - Statement - StoresCBList.get(i).click(): null

2018-07-05 20:31:54 - [TEST_STEP][PASSED] - Statement - groupStoresList[i] = storesLabel.get(i).getText(): null

2018-07-05 20:31:54 - [TEST_STEP][PASSED] - Statement - StoresCBList.get(i).click(): null

2018-07-05 20:31:54 - [TEST_STEP][PASSED] - Statement - groupStoresList[i] = storesLabel.get(i).getText(): null

2018-07-05 20:31:54 - [TEST_STEP][PASSED] - Statement - StoresCBList.get(i).click(): null

2018-07-05 20:31:55 - [TEST_STEP][PASSED] - Statement - groupStoresList[i] = storesLabel.get(i).getText(): null

2018-07-05 20:31:55 - [TEST_STEP][PASSED] - Statement - StoresCBList.get(i).click(): null

2018-07-05 20:31:55 - [TEST_STEP][PASSED] - Statement - groupStoresList[i] = storesLabel.get(i).getText(): null

2018-07-05 20:31:55 - [TEST_STEP][PASSED] - Statement - StoresCBList.get(i).click(): null

2018-07-05 20:31:55 - [TEST_STEP][PASSED] - Statement - groupStoresList[i] = storesLabel.get(i).getText(): null

2018-07-05 20:31:55 - [TEST_STEP][PASSED] - Statement - StoresCBList.get(i).click(): null

2018-07-05 20:31:55 - [TEST_STEP][PASSED] - Statement - groupStoresList[i] = storesLabel.get(i).getText(): null

2018-07-05 20:31:55 - [TEST_STEP][PASSED] - Statement - StoresCBList.get(i).click(): null

2018-07-05 20:31:55 - [TEST_STEP][PASSED] - Statement - groupStoresList[i] = storesLabel.get(i).getText(): null

2018-07-05 20:31:55 - [TEST_STEP][PASSED] - Statement - StoresCBList.get(i).click(): null

2018-07-05 20:31:55 - [TEST_STEP][PASSED] - Statement - groupStoresList[i] = storesLabel.get(i).getText(): null

2018-07-05 20:31:55 - [TEST_STEP][PASSED] - Statement - StoresCBList.get(i).click(): null

2018-07-05 20:31:55 - [TEST_STEP][PASSED] - Statement - groupStoresList[i] = storesLabel.get(i).getText(): null

2018-07-05 20:31:55 - [TEST_STEP][PASSED] - Statement - StoresCBList.get(i).click(): null

2018-07-05 20:31:55 - [TEST_STEP][PASSED] - Statement - groupStoresList[i] = storesLabel.get(i).getText(): null

2018-07-05 20:31:55 - [TEST_STEP][PASSED] - Statement - StoresCBList.get(i).click(): null

2018-07-05 20:31:55 - [TEST_STEP][PASSED] - Statement - groupStoresList[i] = storesLabel.get(i).getText(): null

2018-07-05 20:31:55 - [TEST_STEP][PASSED] - Statement - StoresCBList.get(i).click(): null

2018-07-05 20:31:55 - [TEST_STEP][PASSED] - Statement - groupStoresList[i] = storesLabel.get(i).getText(): null

2018-07-05 20:31:55 - [TEST_STEP][PASSED] - Statement - StoresCBList.get(i).click(): null

2018-07-05 20:31:55 - [TEST_STEP][PASSED] - Statement - groupStoresList[i] = storesLabel.get(i).getText(): null

2018-07-05 20:31:55 - [TEST_STEP][PASSED] - Statement - StoresCBList.get(i).click(): null

2018-07-05 20:31:55 - [TEST_STEP][PASSED] - Statement - groupStoresList[i] = storesLabel.get(i).getText(): null

2018-07-05 20:31:55 - [TEST_STEP][PASSED] - Statement - StoresCBList.get(i).click(): null

2018-07-05 20:31:55 - [TEST_STEP][PASSED] - Statement - groupStoresList[i] = storesLabel.get(i).getText(): null

2018-07-05 20:31:55 - [TEST_STEP][PASSED] - Statement - StoresCBList.get(i).click(): null

2018-07-05 20:31:55 - [TEST_STEP][PASSED] - Statement - groupStoresList[i] = storesLabel.get(i).getText(): null

2018-07-05 20:31:55 - [TEST_STEP][PASSED] - Statement - StoresCBList.get(i).click(): null

2018-07-05 20:31:55 - [TEST_STEP][PASSED] - Statement - groupStoresList[i] = storesLabel.get(i).getText(): null

2018-07-05 20:31:55 - [TEST_STEP][PASSED] - Statement - StoresCBList.get(i).click(): null

2018-07-05 20:31:56 - [TEST_STEP][PASSED] - Statement - groupStoresList[i] = storesLabel.get(i).getText(): null

2018-07-05 20:31:56 - [TEST_STEP][PASSED] - Statement - StoresCBList.get(i).click(): null

2018-07-05 20:31:56 - [TEST_STEP][PASSED] - Statement - groupStoresList[i] = storesLabel.get(i).getText(): null

2018-07-05 20:31:56 - [TEST_STEP][PASSED] - Statement - StoresCBList.get(i).click(): null

2018-07-05 20:31:56 - [TEST_STEP][PASSED] - Statement - groupStoresList[i] = storesLabel.get(i).getText(): null

2018-07-05 20:31:56 - [TEST_STEP][PASSED] - Statement - StoresCBList.get(i).click(): null

2018-07-05 20:31:56 - [TEST_STEP][PASSED] - Statement - groupStoresList[i] = storesLabel.get(i).getText(): null

2018-07-05 20:31:56 - [TEST_STEP][PASSED] - Statement - StoresCBList.get(i).click(): null

2018-07-05 20:31:56 - [TEST_STEP][PASSED] - Statement - groupStoresList[i] = storesLabel.get(i).getText(): null

2018-07-05 20:31:56 - [TEST_STEP][PASSED] - Statement - StoresCBList.get(i).click(): null

2018-07-05 20:31:56 - [TEST_STEP][PASSED] - Statement - groupStoresList[i] = storesLabel.get(i).getText(): null

2018-07-05 20:31:56 - [TEST_STEP][PASSED] - Statement - StoresCBList.get(i).click(): null

2018-07-05 20:31:56 - [TEST_STEP][PASSED] - Statement - groupStoresList[i] = storesLabel.get(i).getText(): null

2018-07-05 20:31:56 - [TEST_STEP][PASSED] - Statement - StoresCBList.get(i).click(): null

2018-07-05 20:31:56 - [TEST_STEP][PASSED] - Statement - groupStoresList[i] = storesLabel.get(i).getText(): null

2018-07-05 20:31:56 - [TEST_STEP][PASSED] - Statement - StoresCBList.get(i).click(): null

2018-07-05 20:31:56 - [TEST_STEP][PASSED] - Statement - groupStoresList[i] = storesLabel.get(i).getText(): null

2018-07-05 20:31:56 - [TEST_STEP][PASSED] - Statement - StoresCBList.get(i).click(): null

2018-07-05 20:31:56 - [TEST_STEP][PASSED] - Statement - groupStoresList[i] = storesLabel.get(i).getText(): null

2018-07-05 20:31:56 - [TEST_STEP][PASSED] - Statement - StoresCBList.get(i).click(): null

2018-07-05 20:31:56 - [TEST_STEP][PASSED] - Statement - groupStoresList[i] = storesLabel.get(i).getText(): null

2018-07-05 20:31:56 - [TEST_STEP][PASSED] - Statement - StoresCBList.get(i).click(): null

2018-07-05 20:31:56 - [TEST_STEP][PASSED] - Statement - groupStoresList[i] = storesLabel.get(i).getText(): null

2018-07-05 20:31:56 - [TEST_STEP][PASSED] - Statement - StoresCBList.get(i).click(): null

2018-07-05 20:31:56 - [TEST_STEP][PASSED] - Statement - groupStoresList[i] = storesLabel.get(i).getText(): null

2018-07-05 20:31:56 - [TEST_STEP][PASSED] - Statement - StoresCBList.get(i).click(): null

2018-07-05 20:31:56 - [TEST_STEP][PASSED] - Statement - groupStoresList[i] = storesLabel.get(i).getText(): null

2018-07-05 20:31:56 - [TEST_STEP][PASSED] - Statement - StoresCBList.get(i).click(): null

2018-07-05 20:31:56 - [TEST_STEP][PASSED] - Statement - groupStoresList[i] = storesLabel.get(i).getText(): null

2018-07-05 20:31:56 - [TEST_STEP][PASSED] - Statement - StoresCBList.get(i).click(): null

2018-07-05 20:31:57 - [TEST_STEP][PASSED] - Statement - groupStoresList[i] = storesLabel.get(i).getText(): null

2018-07-05 20:31:57 - [TEST_STEP][PASSED] - Statement - StoresCBList.get(i).click(): null

2018-07-05 20:31:57 - [TEST_STEP][PASSED] - Statement - groupStoresList[i] = storesLabel.get(i).getText(): null

2018-07-05 20:31:57 - [TEST_STEP][PASSED] - Statement - StoresCBList.get(i).click(): null

2018-07-05 20:31:57 - [TEST_STEP][PASSED] - Statement - groupStoresList[i] = storesLabel.get(i).getText(): null

2018-07-05 20:31:57 - [TEST_STEP][PASSED] - Statement - StoresCBList.get(i).click(): null

2018-07-05 20:31:57 - [TEST_STEP][PASSED] - Statement - groupStoresList[i] = storesLabel.get(i).getText(): null

2018-07-05 20:31:57 - [TEST_STEP][PASSED] - Statement - StoresCBList.get(i).click(): null

2018-07-05 20:31:57 - [TEST_STEP][PASSED] - Statement - groupStoresList[i] = storesLabel.get(i).getText(): null

2018-07-05 20:31:57 - [TEST_STEP][PASSED] - Statement - StoresCBList.get(i).click(): null

2018-07-05 20:31:57 - [TEST_STEP][PASSED] - Statement - groupStoresList[i] = storesLabel.get(i).getText(): null

2018-07-05 20:31:57 - [TEST_STEP][PASSED] - Statement - StoresCBList.get(i).click(): null

2018-07-05 20:31:57 - [TEST_STEP][PASSED] - Statement - groupStoresList[i] = storesLabel.get(i).getText(): null

2018-07-05 20:31:57 - [TEST_STEP][PASSED] - Statement - StoresCBList.get(i).click(): null

2018-07-05 20:31:57 - [TEST_STEP][PASSED] - Statement - groupStoresList[i] = storesLabel.get(i).getText(): null

2018-07-05 20:31:57 - [TEST_STEP][PASSED] - Statement - StoresCBList.get(i).click(): null

2018-07-05 20:31:57 - [TEST_STEP][PASSED] - Statement - groupStoresList[i] = storesLabel.get(i).getText(): null

2018-07-05 20:31:57 - [TEST_STEP][PASSED] - Statement - StoresCBList.get(i).click(): null

2018-07-05 20:31:57 - [TEST_STEP][PASSED] - Statement - groupStoresList[i] = storesLabel.get(i).getText(): null

2018-07-05 20:31:57 - [TEST_STEP][PASSED] - Statement - StoresCBList.get(i).click(): null

2018-07-05 20:31:57 - [TEST_STEP][PASSED] - Statement - groupStoresList[i] = storesLabel.get(i).getText(): null

2018-07-05 20:31:57 - [TEST_STEP][PASSED] - Statement - StoresCBList.get(i).click(): null

2018-07-05 20:31:57 - [TEST_STEP][PASSED] - Statement - groupStoresList[i] = storesLabel.get(i).getText(): null

2018-07-05 20:31:57 - [TEST_STEP][PASSED] - Statement - StoresCBList.get(i).click(): null

2018-07-05 20:31:57 - [TEST_STEP][PASSED] - Statement - groupStoresList[i] = storesLabel.get(i).getText(): null

2018-07-05 20:31:57 - [TEST_STEP][PASSED] - Statement - StoresCBList.get(i).click(): null

2018-07-05 20:31:57 - [TEST_STEP][PASSED] - Statement - groupStoresList[i] = storesLabel.get(i).getText(): null

2018-07-05 20:31:57 - [TEST_STEP][PASSED] - Statement - StoresCBList.get(i).click(): null

2018-07-05 20:31:57 - [TEST_STEP][PASSED] - Statement - groupStoresList[i] = storesLabel.get(i).getText(): null

2018-07-05 20:31:58 - [TEST_STEP][PASSED] - Statement - StoresCBList.get(i).click(): null

2018-07-05 20:31:58 - [TEST_STEP][PASSED] - Statement - groupStoresList[i] = storesLabel.get(i).getText(): null

2018-07-05 20:31:58 - [TEST_STEP][PASSED] - Statement - StoresCBList.get(i).click(): null

2018-07-05 20:31:58 - [TEST_STEP][PASSED] - Statement - groupStoresList[i] = storesLabel.get(i).getText(): null

2018-07-05 20:31:58 - [TEST_STEP][PASSED] - Statement - StoresCBList.get(i).click(): null

2018-07-05 20:31:58 - [TEST_STEP][PASSED] - Statement - groupStoresList[i] = storesLabel.get(i).getText(): null

2018-07-05 20:31:58 - [TEST_STEP][PASSED] - Statement - StoresCBList.get(i).click(): null

2018-07-05 20:31:58 - [TEST_STEP][PASSED] - Statement - groupStoresList[i] = storesLabel.get(i).getText(): null

2018-07-05 20:31:58 - [TEST_STEP][PASSED] - Statement - StoresCBList.get(i).click(): null

2018-07-05 20:31:58 - [TEST_STEP][PASSED] - Statement - groupStoresList[i] = storesLabel.get(i).getText(): null

2018-07-05 20:31:58 - [TEST_STEP][PASSED] - Statement - StoresCBList.get(i).click(): null

2018-07-05 20:31:58 - [TEST_STEP][PASSED] - Statement - groupStoresList[i] = storesLabel.get(i).getText(): null

2018-07-05 20:31:58 - [TEST_STEP][PASSED] - Statement - StoresCBList.get(i).click(): null

2018-07-05 20:31:58 - [TEST_STEP][PASSED] - Statement - groupStoresList[i] = storesLabel.get(i).getText(): null

2018-07-05 20:31:58 - [TEST_STEP][PASSED] - Statement - StoresCBList.get(i).click(): null

2018-07-05 20:31:58 - [TEST_STEP][PASSED] - Statement - groupStoresList[i] = storesLabel.get(i).getText(): null

2018-07-05 20:31:58 - [TEST_STEP][PASSED] - Statement - StoresCBList.get(i).click(): null

2018-07-05 20:31:58 - [TEST_STEP][PASSED] - Statement - groupStoresList[i] = storesLabel.get(i).getText(): null

2018-07-05 20:31:58 - [TEST_STEP][PASSED] - Statement - StoresCBList.get(i).click(): null

2018-07-05 20:31:58 - [TEST_STEP][PASSED] - Statement - groupStoresList[i] = storesLabel.get(i).getText(): null

2018-07-05 20:31:58 - [TEST_STEP][PASSED] - Statement - StoresCBList.get(i).click(): null

2018-07-05 20:31:58 - [TEST_STEP][PASSED] - Statement - groupStoresList[i] = storesLabel.get(i).getText(): null

2018-07-05 20:31:58 - [TEST_STEP][PASSED] - Statement - StoresCBList.get(i).click(): null

2018-07-05 20:31:58 - [TEST_STEP][PASSED] - Statement - groupStoresList[i] = storesLabel.get(i).getText(): null

2018-07-05 20:31:58 - [TEST_STEP][PASSED] - Statement - StoresCBList.get(i).click(): null

2018-07-05 20:31:58 - [TEST_STEP][PASSED] - Statement - groupStoresList[i] = storesLabel.get(i).getText(): null

2018-07-05 20:31:58 - [TEST_STEP][PASSED] - Statement - StoresCBList.get(i).click(): null

2018-07-05 20:31:58 - [TEST_STEP][PASSED] - Statement - groupStoresList[i] = storesLabel.get(i).getText(): null

2018-07-05 20:31:58 - [TEST_STEP][PASSED] - Statement - StoresCBList.get(i).click(): null

2018-07-05 20:31:58 - [TEST_STEP][PASSED] - Statement - groupStoresList[i] = storesLabel.get(i).getText(): null

2018-07-05 20:31:59 - [TEST_STEP][PASSED] - Statement - StoresCBList.get(i).click(): null

2018-07-05 20:31:59 - [TEST_STEP][PASSED] - Statement - groupStoresList[i] = storesLabel.get(i).getText(): null

2018-07-05 20:31:59 - [TEST_STEP][PASSED] - Statement - StoresCBList.get(i).click(): null

2018-07-05 20:31:59 - [TEST_STEP][PASSED] - Statement - groupStoresList[i] = storesLabel.get(i).getText(): null

2018-07-05 20:31:59 - [TEST_STEP][PASSED] - Statement - StoresCBList.get(i).click(): null

2018-07-05 20:31:59 - [TEST_STEP][PASSED] - Statement - groupStoresList[i] = storesLabel.get(i).getText(): null

2018-07-05 20:31:59 - [TEST_STEP][PASSED] - Statement - StoresCBList.get(i).click(): null

2018-07-05 20:31:59 - [TEST_STEP][PASSED] - Statement - groupStoresList[i] = storesLabel.get(i).getText(): null

2018-07-05 20:31:59 - [TEST_STEP][PASSED] - Statement - StoresCBList.get(i).click(): null

2018-07-05 20:31:59 - [TEST_STEP][PASSED] - Statement - groupStoresList[i] = storesLabel.get(i).getText(): null

2018-07-05 20:31:59 - [TEST_STEP][PASSED] - Statement - StoresCBList.get(i).click(): null

2018-07-05 20:31:59 - [TEST_STEP][PASSED] - Statement - groupStoresList[i] = storesLabel.get(i).getText(): null

2018-07-05 20:31:59 - [TEST_STEP][PASSED] - Statement - StoresCBList.get(i).click(): null

2018-07-05 20:31:59 - [TEST_STEP][PASSED] - Statement - groupStoresList[i] = storesLabel.get(i).getText(): null

2018-07-05 20:31:59 - [TEST_STEP][PASSED] - Statement - StoresCBList.get(i).click(): null

2018-07-05 20:31:59 - [TEST_STEP][PASSED] - Statement - groupStoresList[i] = storesLabel.get(i).getText(): null

2018-07-05 20:31:59 - [TEST_STEP][PASSED] - Statement - StoresCBList.get(i).click(): null

2018-07-05 20:31:59 - [TEST_STEP][PASSED] - Statement - groupStoresList[i] = storesLabel.get(i).getText(): null

2018-07-05 20:31:59 - [TEST_STEP][PASSED] - Statement - StoresCBList.get(i).click(): null

2018-07-05 20:31:59 - [TEST_STEP][PASSED] - Statement - groupStoresList[i] = storesLabel.get(i).getText(): null

2018-07-05 20:31:59 - [TEST_STEP][PASSED] - Statement - StoresCBList.get(i).click(): null

2018-07-05 20:31:59 - [TEST_STEP][PASSED] - Statement - groupStoresList[i] = storesLabel.get(i).getText(): null

2018-07-05 20:31:59 - [TEST_STEP][PASSED] - Statement - StoresCBList.get(i).click(): null

2018-07-05 20:31:59 - [TEST_STEP][PASSED] - Statement - groupStoresList[i] = storesLabel.get(i).getText(): null

2018-07-05 20:31:59 - [TEST_STEP][PASSED] - Statement - StoresCBList.get(i).click(): null

2018-07-05 20:31:59 - [TEST_STEP][PASSED] - Statement - groupStoresList[i] = storesLabel.get(i).getText(): null

2018-07-05 20:31:59 - [TEST_STEP][PASSED] - Statement - StoresCBList.get(i).click(): null

2018-07-05 20:31:59 - [TEST_STEP][PASSED] - Statement - groupStoresList[i] = storesLabel.get(i).getText(): null

2018-07-05 20:31:59 - [TEST_STEP][PASSED] - Statement - StoresCBList.get(i).click(): null

2018-07-05 20:32:00 - [TEST_STEP][PASSED] - Statement - groupStoresList[i] = storesLabel.get(i).getText(): null

2018-07-05 20:32:00 - [TEST_STEP][PASSED] - Statement - StoresCBList.get(i).click(): null

2018-07-05 20:32:00 - [TEST_STEP][PASSED] - Statement - groupStoresList[i] = storesLabel.get(i).getText(): null

2018-07-05 20:32:00 - [TEST_STEP][PASSED] - Statement - StoresCBList.get(i).click(): null

2018-07-05 20:32:00 - [TEST_STEP][PASSED] - Statement - groupStoresList[i] = storesLabel.get(i).getText(): null

2018-07-05 20:32:00 - [TEST_STEP][PASSED] - Statement - StoresCBList.get(i).click(): null

2018-07-05 20:32:00 - [TEST_STEP][PASSED] - Statement - groupStoresList[i] = storesLabel.get(i).getText(): null

2018-07-05 20:32:00 - [TEST_STEP][PASSED] - Statement - StoresCBList.get(i).click(): null

2018-07-05 20:32:00 - [TEST_STEP][PASSED] - Statement - groupStoresList[i] = storesLabel.get(i).getText(): null

2018-07-05 20:32:00 - [TEST_STEP][PASSED] - Statement - StoresCBList.get(i).click(): null

2018-07-05 20:32:00 - [TEST_STEP][PASSED] - Statement - groupStoresList[i] = storesLabel.get(i).getText(): null

2018-07-05 20:32:00 - [TEST_STEP][PASSED] - Statement - StoresCBList.get(i).click(): null

2018-07-05 20:32:00 - [TEST_STEP][PASSED] - Statement - groupStoresList[i] = storesLabel.get(i).getText(): null

2018-07-05 20:32:00 - [TEST_STEP][PASSED] - Statement - StoresCBList.get(i).click(): null

2018-07-05 20:32:00 - [TEST_STEP][PASSED] - Statement - groupStoresList[i] = storesLabel.get(i).getText(): null

2018-07-05 20:32:00 - [TEST_STEP][PASSED] - Statement - StoresCBList.get(i).click(): null

2018-07-05 20:32:00 - [TEST_STEP][PASSED] - Statement - groupStoresList[i] = storesLabel.get(i).getText(): null

2018-07-05 20:32:00 - [TEST_STEP][PASSED] - Statement - StoresCBList.get(i).click(): null

2018-07-05 20:32:00 - [TEST_STEP][PASSED] - Statement - groupStoresList[i] = storesLabel.get(i).getText(): null

2018-07-05 20:32:00 - [TEST_STEP][PASSED] - Statement - StoresCBList.get(i).click(): null

2018-07-05 20:32:00 - [TEST_STEP][PASSED] - Statement - groupStoresList[i] = storesLabel.get(i).getText(): null

2018-07-05 20:32:00 - [TEST_STEP][PASSED] - Statement - StoresCBList.get(i).click(): null

2018-07-05 20:32:00 - [TEST_STEP][PASSED] - Statement - groupStoresList[i] = storesLabel.get(i).getText(): null

2018-07-05 20:32:00 - [TEST_STEP][PASSED] - Statement - StoresCBList.get(i).click(): null

2018-07-05 20:32:00 - [TEST_STEP][PASSED] - Statement - groupStoresList[i] = storesLabel.get(i).getText(): null

2018-07-05 20:32:00 - [TEST_STEP][PASSED] - Statement - StoresCBList.get(i).click(): null

2018-07-05 20:32:00 - [TEST_STEP][PASSED] - Statement - groupStoresList[i] = storesLabel.get(i).getText(): null

2018-07-05 20:32:00 - [TEST_STEP][PASSED] - Statement - StoresCBList.get(i).click(): null

2018-07-05 20:32:00 - [TEST_STEP][PASSED] - Statement - groupStoresList[i] = storesLabel.get(i).getText(): null

2018-07-05 20:32:01 - [TEST_STEP][PASSED] - Statement - StoresCBList.get(i).click(): null

2018-07-05 20:32:01 - [TEST_STEP][PASSED] - Statement - groupStoresList[i] = storesLabel.get(i).getText(): null

2018-07-05 20:32:01 - [TEST_STEP][PASSED] - Statement - StoresCBList.get(i).click(): null

2018-07-05 20:32:01 - [TEST_STEP][PASSED] - Statement - groupStoresList[i] = storesLabel.get(i).getText(): null

2018-07-05 20:32:01 - [TEST_STEP][PASSED] - Statement - StoresCBList.get(i).click(): null

2018-07-05 20:32:01 - [TEST_STEP][PASSED] - Statement - groupStoresList[i] = storesLabel.get(i).getText(): null

2018-07-05 20:32:01 - [TEST_STEP][PASSED] - Statement - StoresCBList.get(i).click(): null

2018-07-05 20:32:01 - [TEST_STEP][PASSED] - Statement - groupStoresList[i] = storesLabel.get(i).getText(): null

2018-07-05 20:32:01 - [TEST_STEP][PASSED] - Statement - StoresCBList.get(i).click(): null

2018-07-05 20:32:01 - [TEST_STEP][PASSED] - Statement - groupStoresList[i] = storesLabel.get(i).getText(): null

2018-07-05 20:32:01 - [TEST_STEP][PASSED] - Statement - StoresCBList.get(i).click(): null

2018-07-05 20:32:01 - [TEST_STEP][PASSED] - Statement - groupStoresList[i] = storesLabel.get(i).getText(): null

2018-07-05 20:32:01 - [TEST_STEP][PASSED] - Statement - StoresCBList.get(i).click(): null

2018-07-05 20:32:01 - [TEST_STEP][PASSED] - Statement - groupStoresList[i] = storesLabel.get(i).getText(): null

2018-07-05 20:32:01 - [TEST_STEP][PASSED] - Statement - StoresCBList.get(i).click(): null

2018-07-05 20:32:01 - [TEST_STEP][PASSED] - Statement - groupStoresList[i] = storesLabel.get(i).getText(): null

2018-07-05 20:32:01 - [TEST_STEP][PASSED] - Statement - StoresCBList.get(i).click(): null

2018-07-05 20:32:01 - [TEST_STEP][PASSED] - Statement - groupStoresList[i] = storesLabel.get(i).getText(): null

2018-07-05 20:32:01 - [TEST_STEP][PASSED] - Statement - StoresCBList.get(i).click(): null

2018-07-05 20:32:01 - [TEST_STEP][PASSED] - Statement - groupStoresList[i] = storesLabel.get(i).getText(): null

2018-07-05 20:32:01 - [TEST_STEP][PASSED] - Statement - StoresCBList.get(i).click(): null

2018-07-05 20:32:01 - [TEST_STEP][PASSED] - Statement - groupStoresList[i] = storesLabel.get(i).getText(): null

2018-07-05 20:32:01 - [TEST_STEP][PASSED] - Statement - StoresCBList.get(i).click(): null

2018-07-05 20:32:01 - [TEST_STEP][PASSED] - Statement - groupStoresList[i] = storesLabel.get(i).getText(): null

2018-07-05 20:32:01 - [TEST_STEP][PASSED] - Statement - StoresCBList.get(i).click(): null

2018-07-05 20:32:01 - [TEST_STEP][PASSED] - Statement - groupStoresList[i] = storesLabel.get(i).getText(): null

2018-07-05 20:32:01 - [TEST_STEP][PASSED] - Statement - StoresCBList.get(i).click(): null

2018-07-05 20:32:01 - [TEST_STEP][PASSED] - Statement - groupStoresList[i] = storesLabel.get(i).getText(): null

2018-07-05 20:32:01 - [TEST_STEP][PASSED] - Statement - StoresCBList.get(i).click(): null

2018-07-05 20:32:01 - [TEST_STEP][PASSED] - Statement - groupStoresList[i] = storesLabel.get(i).getText(): null

2018-07-05 20:32:02 - [TEST_STEP][PASSED] - Statement - StoresCBList.get(i).click(): null

2018-07-05 20:32:02 - [TEST_STEP][PASSED] - Statement - groupStoresList[i] = storesLabel.get(i).getText(): null

2018-07-05 20:32:02 - [TEST_STEP][PASSED] - Statement - StoresCBList.get(i).click(): null

2018-07-05 20:32:02 - [TEST_STEP][PASSED] - Statement - groupStoresList[i] = storesLabel.get(i).getText(): null

2018-07-05 20:32:02 - [TEST_STEP][PASSED] - Statement - StoresCBList.get(i).click(): null

2018-07-05 20:32:02 - [TEST_STEP][PASSED] - Statement - groupStoresList[i] = storesLabel.get(i).getText(): null

2018-07-05 20:32:02 - [TEST_STEP][PASSED] - Statement - StoresCBList.get(i).click(): null

2018-07-05 20:32:02 - [TEST_STEP][PASSED] - Statement - groupStoresList[i] = storesLabel.get(i).getText(): null

2018-07-05 20:32:02 - [TEST_STEP][PASSED] - Statement - StoresCBList.get(i).click(): null

2018-07-05 20:32:02 - [TEST_STEP][PASSED] - Statement - groupStoresList[i] = storesLabel.get(i).getText(): null

2018-07-05 20:32:02 - [TEST_STEP][PASSED] - Statement - StoresCBList.get(i).click(): null

2018-07-05 20:32:02 - [TEST_STEP][PASSED] - Statement - groupStoresList[i] = storesLabel.get(i).getText(): null

2018-07-05 20:32:02 - [TEST_STEP][PASSED] - Statement - StoresCBList.get(i).click(): null

2018-07-05 20:32:02 - [TEST_STEP][PASSED] - Statement - groupStoresList[i] = storesLabel.get(i).getText(): null

2018-07-05 20:32:02 - [TEST_STEP][PASSED] - Statement - StoresCBList.get(i).click(): null

2018-07-05 20:32:02 - [TEST_STEP][PASSED] - Statement - groupStoresList[i] = storesLabel.get(i).getText(): null

2018-07-05 20:32:02 - [TEST_STEP][PASSED] - Statement - StoresCBList.get(i).click(): null

2018-07-05 20:32:02 - [TEST_STEP][PASSED] - Statement - groupStoresList[i] = storesLabel.get(i).getText(): null

2018-07-05 20:32:02 - [TEST_STEP][PASSED] - Statement - StoresCBList.get(i).click(): null

2018-07-05 20:32:02 - [TEST_STEP][PASSED] - Statement - groupStoresList[i] = storesLabel.get(i).getText(): null

2018-07-05 20:32:02 - [TEST_STEP][PASSED] - Statement - StoresCBList.get(i).click(): null

2018-07-05 20:32:02 - [TEST_STEP][PASSED] - Statement - groupStoresList[i] = storesLabel.get(i).getText(): null

2018-07-05 20:32:02 - [TEST_STEP][PASSED] - Statement - StoresCBList.get(i).click(): null

2018-07-05 20:32:02 - [TEST_STEP][PASSED] - Statement - groupStoresList[i] = storesLabel.get(i).getText(): null

2018-07-05 20:32:02 - [TEST_STEP][PASSED] - Statement - StoresCBList.get(i).click(): null

2018-07-05 20:32:02 - [TEST_STEP][PASSED] - Statement - groupStoresList[i] = storesLabel.get(i).getText(): null

2018-07-05 20:32:02 - [TEST_STEP][PASSED] - Statement - StoresCBList.get(i).click(): null

2018-07-05 20:32:02 - [TEST_STEP][PASSED] - Statement - groupStoresList[i] = storesLabel.get(i).getText(): null

2018-07-05 20:32:02 - [TEST_STEP][PASSED] - Statement - StoresCBList.get(i).click(): null

2018-07-05 20:32:02 - [TEST_STEP][PASSED] - Statement - groupStoresList[i] = storesLabel.get(i).getText(): null

2018-07-05 20:32:03 - [TEST_STEP][PASSED] - Statement - StoresCBList.get(i).click(): null

2018-07-05 20:32:03 - [TEST_STEP][PASSED] - Statement - groupStoresList[i] = storesLabel.get(i).getText(): null

2018-07-05 20:32:03 - [TEST_STEP][PASSED] - Statement - StoresCBList.get(i).click(): null

2018-07-05 20:32:03 - [TEST_STEP][PASSED] - Statement - groupStoresList[i] = storesLabel.get(i).getText(): null

2018-07-05 20:32:03 - [TEST_STEP][PASSED] - Statement - StoresCBList.get(i).click(): null

2018-07-05 20:32:03 - [TEST_STEP][PASSED] - Statement - groupStoresList[i] = storesLabel.get(i).getText(): null

2018-07-05 20:32:03 - [TEST_STEP][PASSED] - Statement - StoresCBList.get(i).click(): null

2018-07-05 20:32:03 - [TEST_STEP][PASSED] - Statement - groupStoresList[i] = storesLabel.get(i).getText(): null

2018-07-05 20:32:03 - [TEST_STEP][PASSED] - Statement - StoresCBList.get(i).click(): null

2018-07-05 20:32:03 - [TEST_STEP][PASSED] - Statement - groupStoresList[i] = storesLabel.get(i).getText(): null

2018-07-05 20:32:03 - [TEST_STEP][PASSED] - Statement - StoresCBList.get(i).click(): null

2018-07-05 20:32:03 - [TEST_STEP][PASSED] - Statement - groupStoresList[i] = storesLabel.get(i).getText(): null

2018-07-05 20:32:03 - [TEST_STEP][PASSED] - Statement - StoresCBList.get(i).click(): null

2018-07-05 20:32:03 - [TEST_STEP][PASSED] - Statement - groupStoresList[i] = storesLabel.get(i).getText(): null

2018-07-05 20:32:03 - [TEST_STEP][PASSED] - Statement - StoresCBList.get(i).click(): null

2018-07-05 20:32:03 - [TEST_STEP][PASSED] - Statement - groupStoresList[i] = storesLabel.get(i).getText(): null

2018-07-05 20:32:03 - [TEST_STEP][PASSED] - Statement - StoresCBList.get(i).click(): null

2018-07-05 20:32:03 - [TEST_STEP][PASSED] - Statement - groupStoresList[i] = storesLabel.get(i).getText(): null

2018-07-05 20:32:03 - [TEST_STEP][PASSED] - Statement - StoresCBList.get(i).click(): null

2018-07-05 20:32:03 - [TEST_STEP][PASSED] - Statement - groupStoresList[i] = storesLabel.get(i).getText(): null

2018-07-05 20:32:03 - [TEST_STEP][PASSED] - Statement - StoresCBList.get(i).click(): null

2018-07-05 20:32:03 - [TEST_STEP][PASSED] - Statement - groupStoresList[i] = storesLabel.get(i).getText(): null

2018-07-05 20:32:03 - [TEST_STEP][PASSED] - Statement - StoresCBList.get(i).click(): null

2018-07-05 20:32:03 - [TEST_STEP][PASSED] - Statement - groupStoresList[i] = storesLabel.get(i).getText(): null

2018-07-05 20:32:03 - [TEST_STEP][PASSED] - Statement - StoresCBList.get(i).click(): null

2018-07-05 20:32:03 - [TEST_STEP][PASSED] - Statement - groupStoresList[i] = storesLabel.get(i).getText(): null

2018-07-05 20:32:03 - [TEST_STEP][PASSED] - Statement - StoresCBList.get(i).click(): null

2018-07-05 20:32:03 - [TEST_STEP][PASSED] - Statement - groupStoresList[i] = storesLabel.get(i).getText(): null

2018-07-05 20:32:03 - [TEST_STEP][PASSED] - Statement - StoresCBList.get(i).click(): null

2018-07-05 20:32:04 - [TEST_STEP][PASSED] - Statement - groupStoresList[i] = storesLabel.get(i).getText(): null

2018-07-05 20:32:04 - [TEST_STEP][PASSED] - Statement - StoresCBList.get(i).click(): null

2018-07-05 20:32:04 - [TEST_STEP][PASSED] - Statement - groupStoresList[i] = storesLabel.get(i).getText(): null

2018-07-05 20:32:04 - [TEST_STEP][PASSED] - Statement - StoresCBList.get(i).click(): null

2018-07-05 20:32:04 - [TEST_STEP][PASSED] - Statement - groupStoresList[i] = storesLabel.get(i).getText(): null

2018-07-05 20:32:04 - [TEST_STEP][PASSED] - Statement - StoresCBList.get(i).click(): null

2018-07-05 20:32:04 - [TEST_STEP][PASSED] - Statement - groupStoresList[i] = storesLabel.get(i).getText(): null

2018-07-05 20:32:04 - [TEST_STEP][PASSED] - Statement - StoresCBList.get(i).click(): null

2018-07-05 20:32:04 - [TEST_STEP][PASSED] - Statement - groupStoresList[i] = storesLabel.get(i).getText(): null

2018-07-05 20:32:04 - [TEST_STEP][PASSED] - Statement - StoresCBList.get(i).click(): null

2018-07-05 20:32:04 - [TEST_STEP][PASSED] - Statement - groupStoresList[i] = storesLabel.get(i).getText(): null

2018-07-05 20:32:04 - [TEST_STEP][PASSED] - Statement - StoresCBList.get(i).click(): null

2018-07-05 20:32:04 - [TEST_STEP][PASSED] - Statement - groupStoresList[i] = storesLabel.get(i).getText(): null

2018-07-05 20:32:04 - [TEST_STEP][PASSED] - Statement - StoresCBList.get(i).click(): null

2018-07-05 20:32:04 - [TEST_STEP][PASSED] - Statement - groupStoresList[i] = storesLabel.get(i).getText(): null

2018-07-05 20:32:04 - [TEST_STEP][PASSED] - Statement - StoresCBList.get(i).click(): null

2018-07-05 20:32:04 - [TEST_STEP][PASSED] - Statement - groupStoresList[i] = storesLabel.get(i).getText(): null

2018-07-05 20:32:04 - [TEST_STEP][PASSED] - Statement - StoresCBList.get(i).click(): null

2018-07-05 20:32:04 - [TEST_STEP][PASSED] - Statement - groupStoresList[i] = storesLabel.get(i).getText(): null

2018-07-05 20:32:04 - [TEST_STEP][PASSED] - Statement - StoresCBList.get(i).click(): null

2018-07-05 20:32:04 - [TEST_STEP][PASSED] - Statement - groupStoresList[i] = storesLabel.get(i).getText(): null

2018-07-05 20:32:04 - [TEST_STEP][PASSED] - Statement - StoresCBList.get(i).click(): null

2018-07-05 20:32:04 - [TEST_STEP][PASSED] - Statement - groupStoresList[i] = storesLabel.get(i).getText(): null

2018-07-05 20:32:04 - [TEST_STEP][PASSED] - Statement - StoresCBList.get(i).click(): null

2018-07-05 20:32:04 - [TEST_STEP][PASSED] - Statement - groupStoresList[i] = storesLabel.get(i).getText(): null

2018-07-05 20:32:04 - [TEST_STEP][PASSED] - Statement - StoresCBList.get(i).click(): null

2018-07-05 20:32:04 - [TEST_STEP][PASSED] - Statement - groupStoresList[i] = storesLabel.get(i).getText(): null

2018-07-05 20:32:04 - [TEST_STEP][PASSED] - Statement - StoresCBList.get(i).click(): null

2018-07-05 20:32:04 - [TEST_STEP][PASSED] - Statement - groupStoresList[i] = storesLabel.get(i).getText(): null

2018-07-05 20:32:04 - [TEST_STEP][PASSED] - Statement - StoresCBList.get(i).click(): null

2018-07-05 20:32:05 - [TEST_STEP][PASSED] - Statement - groupStoresList[i] = storesLabel.get(i).getText(): null

2018-07-05 20:32:05 - [TEST_STEP][PASSED] - Statement - StoresCBList.get(i).click(): null

2018-07-05 20:32:05 - [TEST_STEP][PASSED] - Statement - groupStoresList[i] = storesLabel.get(i).getText(): null

2018-07-05 20:32:05 - [TEST_STEP][PASSED] - Statement - StoresCBList.get(i).click(): null

2018-07-05 20:32:05 - [TEST_STEP][PASSED] - Statement - groupStoresList[i] = storesLabel.get(i).getText(): null

2018-07-05 20:32:05 - [TEST_STEP][PASSED] - Statement - StoresCBList.get(i).click(): null

2018-07-05 20:32:05 - [TEST_STEP][PASSED] - Statement - groupStoresList[i] = storesLabel.get(i).getText(): null

2018-07-05 20:32:05 - [TEST_STEP][PASSED] - Statement - StoresCBList.get(i).click(): null

2018-07-05 20:32:05 - [TEST_STEP][PASSED] - Statement - groupStoresList[i] = storesLabel.get(i).getText(): null

2018-07-05 20:32:05 - [TEST_STEP][PASSED] - Statement - StoresCBList.get(i).click(): null

2018-07-05 20:32:05 - [TEST_STEP][PASSED] - Statement - groupStoresList[i] = storesLabel.get(i).getText(): null

2018-07-05 20:32:05 - [TEST_STEP][PASSED] - Statement - StoresCBList.get(i).click(): null

2018-07-05 20:32:05 - [TEST_STEP][PASSED] - Statement - groupStoresList[i] = storesLabel.get(i).getText(): null

2018-07-05 20:32:05 - [TEST_STEP][PASSED] - Statement - StoresCBList.get(i).click(): null

2018-07-05 20:32:05 - [TEST_STEP][PASSED] - Statement - groupStoresList[i] = storesLabel.get(i).getText(): null

2018-07-05 20:32:05 - [TEST_STEP][PASSED] - Statement - StoresCBList.get(i).click(): null

2018-07-05 20:32:05 - [TEST_STEP][PASSED] - Statement - groupStoresList[i] = storesLabel.get(i).getText(): null

2018-07-05 20:32:05 - [TEST_STEP][PASSED] - Statement - StoresCBList.get(i).click(): null

2018-07-05 20:32:05 - [TEST_STEP][PASSED] - Statement - groupStoresList[i] = storesLabel.get(i).getText(): null

2018-07-05 20:32:05 - [TEST_STEP][PASSED] - Statement - StoresCBList.get(i).click(): null

2018-07-05 20:32:05 - [TEST_STEP][PASSED] - Statement - groupStoresList[i] = storesLabel.get(i).getText(): null

2018-07-05 20:32:05 - [TEST_STEP][PASSED] - Statement - StoresCBList.get(i).click(): null

2018-07-05 20:32:05 - [TEST_STEP][PASSED] - Statement - groupStoresList[i] = storesLabel.get(i).getText(): null

2018-07-05 20:32:05 - [TEST_STEP][PASSED] - Statement - StoresCBList.get(i).click(): null

2018-07-05 20:32:05 - [TEST_STEP][PASSED] - Statement - groupStoresList[i] = storesLabel.get(i).getText(): null

2018-07-05 20:32:05 - [TEST_STEP][PASSED] - Statement - StoresCBList.get(i).click(): null

2018-07-05 20:32:05 - [TEST_STEP][PASSED] - Statement - groupStoresList[i] = storesLabel.get(i).getText(): null

2018-07-05 20:32:05 - [TEST_STEP][PASSED] - Statement - StoresCBList.get(i).click(): null

2018-07-05 20:32:05 - [TEST_STEP][PASSED] - Statement - groupStoresList[i] = storesLabel.get(i).getText(): null

2018-07-05 20:32:05 - [TEST_STEP][PASSED] - Statement - StoresCBList.get(i).click(): null

2018-07-05 20:32:06 - [TEST_STEP][PASSED] - Statement - groupStoresList[i] = storesLabel.get(i).getText(): null

2018-07-05 20:32:06 - [TEST_STEP][PASSED] - Statement - StoresCBList.get(i).click(): null

2018-07-05 20:32:06 - [TEST_STEP][PASSED] - Statement - groupStoresList[i] = storesLabel.get(i).getText(): null

2018-07-05 20:32:06 - [TEST_STEP][PASSED] - Statement - StoresCBList.get(i).click(): null

2018-07-05 20:32:06 - [TEST_STEP][PASSED] - Statement - groupStoresList[i] = storesLabel.get(i).getText(): null

2018-07-05 20:32:06 - [TEST_STEP][PASSED] - Statement - StoresCBList.get(i).click(): null

2018-07-05 20:32:06 - [TEST_STEP][PASSED] - Statement - groupStoresList[i] = storesLabel.get(i).getText(): null

2018-07-05 20:32:06 - [TEST_STEP][PASSED] - Statement - StoresCBList.get(i).click(): null

2018-07-05 20:32:06 - [TEST_STEP][PASSED] - Statement - groupStoresList[i] = storesLabel.get(i).getText(): null

2018-07-05 20:32:06 - [TEST_STEP][PASSED] - Statement - StoresCBList.get(i).click(): null

2018-07-05 20:32:06 - [TEST_STEP][PASSED] - Statement - groupStoresList[i] = storesLabel.get(i).getText(): null

2018-07-05 20:32:06 - [TEST_STEP][PASSED] - Statement - StoresCBList.get(i).click(): null

2018-07-05 20:32:06 - [TEST_STEP][PASSED] - Statement - groupStoresList[i] = storesLabel.get(i).getText(): null

2018-07-05 20:32:06 - [TEST_STEP][PASSED] - Statement - StoresCBList.get(i).click(): null

2018-07-05 20:32:06 - [TEST_STEP][PASSED] - Statement - groupStoresList[i] = storesLabel.get(i).getText(): null

2018-07-05 20:32:06 - [TEST_STEP][PASSED] - Statement - StoresCBList.get(i).click(): null

2018-07-05 20:32:06 - [TEST_STEP][PASSED] - Statement - groupStoresList[i] = storesLabel.get(i).getText(): null

2018-07-05 20:32:06 - [TEST_STEP][PASSED] - Statement - StoresCBList.get(i).click(): null

2018-07-05 20:32:06 - [TEST_STEP][PASSED] - Statement - groupStoresList[i] = storesLabel.get(i).getText(): null

2018-07-05 20:32:06 - [TEST_STEP][PASSED] - Statement - StoresCBList.get(i).click(): null

2018-07-05 20:32:06 - [TEST_STEP][PASSED] - Statement - groupStoresList[i] = storesLabel.get(i).getText(): null

2018-07-05 20:32:06 - [TEST_STEP][PASSED] - Statement - StoresCBList.get(i).click(): null

2018-07-05 20:32:06 - [TEST_STEP][PASSED] - Statement - groupStoresList[i] = storesLabel.get(i).getText(): null

2018-07-05 20:32:06 - [TEST_STEP][PASSED] - Statement - StoresCBList.get(i).click(): null

2018-07-05 20:32:06 - [TEST_STEP][PASSED] - Statement - groupStoresList[i] = storesLabel.get(i).getText(): null

2018-07-05 20:32:06 - [TEST_STEP][PASSED] - Statement - StoresCBList.get(i).click(): null

2018-07-05 20:32:06 - [TEST_STEP][PASSED] - Statement - groupStoresList[i] = storesLabel.get(i).getText(): null

2018-07-05 20:32:06 - [TEST_STEP][PASSED] - Statement - StoresCBList.get(i).click(): null

2018-07-05 20:32:06 - [TEST_STEP][PASSED] - Statement - groupStoresList[i] = storesLabel.get(i).getText(): null

2018-07-05 20:32:06 - [TEST_STEP][PASSED] - Statement - StoresCBList.get(i).click(): null

2018-07-05 20:32:07 - [TEST_STEP][PASSED] - Statement - groupStoresList[i] = storesLabel.get(i).getText(): null

2018-07-05 20:32:07 - [TEST_STEP][PASSED] - Statement - StoresCBList.get(i).click(): null

2018-07-05 20:32:07 - [TEST_STEP][PASSED] - Statement - groupStoresList[i] = storesLabel.get(i).getText(): null

2018-07-05 20:32:07 - [TEST_STEP][PASSED] - Statement - StoresCBList.get(i).click(): null

2018-07-05 20:32:07 - [TEST_STEP][PASSED] - Statement - groupStoresList[i] = storesLabel.get(i).getText(): null

2018-07-05 20:32:07 - [TEST_STEP][PASSED] - Statement - StoresCBList.get(i).click(): null

2018-07-05 20:32:07 - [TEST_STEP][PASSED] - Statement - groupStoresList[i] = storesLabel.get(i).getText(): null

2018-07-05 20:32:07 - [TEST_STEP][PASSED] - Statement - StoresCBList.get(i).click(): null

2018-07-05 20:32:07 - [TEST_STEP][PASSED] - Statement - groupStoresList[i] = storesLabel.get(i).getText(): null

2018-07-05 20:32:07 - [TEST_STEP][PASSED] - Statement - StoresCBList.get(i).click(): null

2018-07-05 20:32:07 - [TEST_STEP][PASSED] - Statement - groupStoresList[i] = storesLabel.get(i).getText(): null

2018-07-05 20:32:07 - [TEST_STEP][PASSED] - Statement - StoresCBList.get(i).click(): null

2018-07-05 20:32:07 - [TEST_STEP][PASSED] - Statement - groupStoresList[i] = storesLabel.get(i).getText(): null

2018-07-05 20:32:07 - [TEST_STEP][PASSED] - Statement - StoresCBList.get(i).click(): null

2018-07-05 20:32:07 - [TEST_STEP][PASSED] - Statement - groupStoresList[i] = storesLabel.get(i).getText(): null

2018-07-05 20:32:07 - [TEST_STEP][PASSED] - Statement - StoresCBList.get(i).click(): null

2018-07-05 20:32:07 - [TEST_STEP][PASSED] - Statement - groupStoresList[i] = storesLabel.get(i).getText(): null

2018-07-05 20:32:07 - [TEST_STEP][PASSED] - Statement - StoresCBList.get(i).click(): null

2018-07-05 20:32:07 - [TEST_STEP][PASSED] - Statement - groupStoresList[i] = storesLabel.get(i).getText(): null

2018-07-05 20:32:07 - [TEST_STEP][PASSED] - Statement - StoresCBList.get(i).click(): null

2018-07-05 20:32:07 - [TEST_STEP][PASSED] - Statement - groupStoresList[i] = storesLabel.get(i).getText(): null

2018-07-05 20:32:07 - [TEST_STEP][PASSED] - Statement - StoresCBList.get(i).click(): null

2018-07-05 20:32:07 - [TEST_STEP][PASSED] - Statement - groupStoresList[i] = storesLabel.get(i).getText(): null

2018-07-05 20:32:07 - [TEST_STEP][PASSED] - Statement - StoresCBList.get(i).click(): null

2018-07-05 20:32:07 - [TEST_STEP][PASSED] - Statement - groupStoresList[i] = storesLabel.get(i).getText(): null

2018-07-05 20:32:07 - [TEST_STEP][PASSED] - Statement - StoresCBList.get(i).click(): null

2018-07-05 20:32:07 - [TEST_STEP][PASSED] - Statement - groupStoresList[i] = storesLabel.get(i).getText(): null

2018-07-05 20:32:07 - [TEST_STEP][PASSED] - Statement - StoresCBList.get(i).click(): null

2018-07-05 20:32:07 - [TEST_STEP][PASSED] - Statement - groupStoresList[i] = storesLabel.get(i).getText(): null

2018-07-05 20:32:07 - [TEST_STEP][PASSED] - Statement - StoresCBList.get(i).click(): null

2018-07-05 20:32:08 - [TEST_STEP][PASSED] - Statement - groupStoresList[i] = storesLabel.get(i).getText(): null

2018-07-05 20:32:08 - [TEST_STEP][PASSED] - Statement - StoresCBList.get(i).click(): null

2018-07-05 20:32:08 - [TEST_STEP][PASSED] - Statement - groupStoresList[i] = storesLabel.get(i).getText(): null

2018-07-05 20:32:08 - [TEST_STEP][PASSED] - Statement - StoresCBList.get(i).click(): null

2018-07-05 20:32:08 - [TEST_STEP][PASSED] - Statement - groupStoresList[i] = storesLabel.get(i).getText(): null

2018-07-05 20:32:08 - [TEST_STEP][PASSED] - Statement - StoresCBList.get(i).click(): null

2018-07-05 20:32:08 - [TEST_STEP][PASSED] - Statement - groupStoresList[i] = storesLabel.get(i).getText(): null

2018-07-05 20:32:08 - [TEST_STEP][PASSED] - Statement - StoresCBList.get(i).click(): null

2018-07-05 20:32:08 - [TEST_STEP][PASSED] - Statement - groupStoresList[i] = storesLabel.get(i).getText(): null

2018-07-05 20:32:08 - [TEST_STEP][PASSED] - Statement - StoresCBList.get(i).click(): null

2018-07-05 20:32:08 - [TEST_STEP][PASSED] - Statement - groupStoresList[i] = storesLabel.get(i).getText(): null

2018-07-05 20:32:08 - [TEST_STEP][PASSED] - Statement - StoresCBList.get(i).click(): null

2018-07-05 20:32:08 - [TEST_STEP][PASSED] - Statement - groupStoresList[i] = storesLabel.get(i).getText(): null

2018-07-05 20:32:08 - [TEST_STEP][PASSED] - Statement - StoresCBList.get(i).click(): null

2018-07-05 20:32:08 - [TEST_STEP][PASSED] - Statement - groupStoresList[i] = storesLabel.get(i).getText(): null

2018-07-05 20:32:08 - [TEST_STEP][PASSED] - Statement - StoresCBList.get(i).click(): null

2018-07-05 20:32:08 - [TEST_STEP][PASSED] - Statement - groupStoresList[i] = storesLabel.get(i).getText(): null

2018-07-05 20:32:08 - [TEST_STEP][PASSED] - Statement - StoresCBList.get(i).click(): null

2018-07-05 20:32:08 - [TEST_STEP][PASSED] - Statement - groupStoresList[i] = storesLabel.get(i).getText(): null

2018-07-05 20:32:08 - [TEST_STEP][PASSED] - Statement - StoresCBList.get(i).click(): null

2018-07-05 20:32:08 - [TEST_STEP][PASSED] - Statement - groupStoresList[i] = storesLabel.get(i).getText(): null

2018-07-05 20:32:08 - [TEST_STEP][PASSED] - Statement - StoresCBList.get(i).click(): null

2018-07-05 20:32:08 - [TEST_STEP][PASSED] - Statement - groupStoresList[i] = storesLabel.get(i).getText(): null

2018-07-05 20:32:08 - [TEST_STEP][PASSED] - Statement - StoresCBList.get(i).click(): null

2018-07-05 20:32:08 - [TEST_STEP][PASSED] - Statement - groupStoresList[i] = storesLabel.get(i).getText(): null

2018-07-05 20:32:08 - [TEST_STEP][PASSED] - Statement - StoresCBList.get(i).click(): null

2018-07-05 20:32:08 - [TEST_STEP][PASSED] - Statement - groupStoresList[i] = storesLabel.get(i).getText(): null

2018-07-05 20:32:08 - [TEST_STEP][PASSED] - Statement - StoresCBList.get(i).click(): null

2018-07-05 20:32:08 - [TEST_STEP][PASSED] - Statement - groupStoresList[i] = storesLabel.get(i).getText(): null

2018-07-05 20:32:08 - [TEST_STEP][PASSED] - Statement - StoresCBList.get(i).click(): null

2018-07-05 20:32:09 - [TEST_STEP][PASSED] - Statement - groupStoresList[i] = storesLabel.get(i).getText(): null

2018-07-05 20:32:09 - [TEST_STEP][PASSED] - Statement - StoresCBList.get(i).click(): null

2018-07-05 20:32:09 - [TEST_STEP][PASSED] - Statement - groupStoresList[i] = storesLabel.get(i).getText(): null

2018-07-05 20:32:09 - [TEST_STEP][PASSED] - Statement - StoresCBList.get(i).click(): null

2018-07-05 20:32:09 - [TEST_STEP][PASSED] - Statement - groupStoresList[i] = storesLabel.get(i).getText(): null

2018-07-05 20:32:09 - [TEST_STEP][PASSED] - Statement - StoresCBList.get(i).click(): null

2018-07-05 20:32:09 - [TEST_STEP][PASSED] - Statement - groupStoresList[i] = storesLabel.get(i).getText(): null

2018-07-05 20:32:09 - [TEST_STEP][PASSED] - Statement - StoresCBList.get(i).click(): null

2018-07-05 20:32:09 - [TEST_STEP][PASSED] - Statement - groupStoresList[i] = storesLabel.get(i).getText(): null

2018-07-05 20:32:09 - [TEST_STEP][PASSED] - Statement - StoresCBList.get(i).click(): null

2018-07-05 20:32:09 - [TEST_STEP][PASSED] - Statement - groupStoresList[i] = storesLabel.get(i).getText(): null

2018-07-05 20:32:09 - [TEST_STEP][PASSED] - Statement - StoresCBList.get(i).click(): null

2018-07-05 20:32:09 - [TEST_STEP][PASSED] - Statement - groupStoresList[i] = storesLabel.get(i).getText(): null

2018-07-05 20:32:09 - [TEST_STEP][PASSED] - Statement - StoresCBList.get(i).click(): null

2018-07-05 20:32:09 - [TEST_STEP][PASSED] - Statement - groupStoresList[i] = storesLabel.get(i).getText(): null

2018-07-05 20:32:09 - [TEST_STEP][PASSED] - Statement - StoresCBList.get(i).click(): null

2018-07-05 20:32:09 - [TEST_STEP][PASSED] - Statement - groupStoresList[i] = storesLabel.get(i).getText(): null

2018-07-05 20:32:09 - [TEST_STEP][PASSED] - Statement - StoresCBList.get(i).click(): null

2018-07-05 20:32:09 - [TEST_STEP][PASSED] - Statement - groupStoresList[i] = storesLabel.get(i).getText(): null

2018-07-05 20:32:09 - [TEST_STEP][PASSED] - Statement - StoresCBList.get(i).click(): null

2018-07-05 20:32:09 - [TEST_STEP][PASSED] - Statement - groupStoresList[i] = storesLabel.get(i).getText(): null

2018-07-05 20:32:09 - [TEST_STEP][PASSED] - Statement - StoresCBList.get(i).click(): null

2018-07-05 20:32:09 - [TEST_STEP][PASSED] - Statement - groupStoresList[i] = storesLabel.get(i).getText(): null

2018-07-05 20:32:09 - [TEST_STEP][PASSED] - Statement - StoresCBList.get(i).click(): null

2018-07-05 20:32:09 - [TEST_STEP][PASSED] - Statement - groupStoresList[i] = storesLabel.get(i).getText(): null

2018-07-05 20:32:09 - [TEST_STEP][PASSED] - Statement - StoresCBList.get(i).click(): null

2018-07-05 20:32:09 - [TEST_STEP][PASSED] - Statement - groupStoresList[i] = storesLabel.get(i).getText(): null

2018-07-05 20:32:09 - [TEST_STEP][PASSED] - Statement - StoresCBList.get(i).click(): null

2018-07-05 20:32:09 - [TEST_STEP][PASSED] - Statement - groupStoresList[i] = storesLabel.get(i).getText(): null

2018-07-05 20:32:09 - [TEST_STEP][PASSED] - Statement - StoresCBList.get(i).click(): null

2018-07-05 20:32:10 - [TEST_STEP][PASSED] - Statement - groupStoresList[i] = storesLabel.get(i).getText(): null

2018-07-05 20:32:10 - [TEST_STEP][PASSED] - Statement - StoresCBList.get(i).click(): null

2018-07-05 20:32:10 - [TEST_STEP][PASSED] - Statement - groupStoresList[i] = storesLabel.get(i).getText(): null

2018-07-05 20:32:10 - [TEST_STEP][PASSED] - Statement - StoresCBList.get(i).click(): null

2018-07-05 20:32:10 - [TEST_STEP][PASSED] - Statement - groupStoresList[i] = storesLabel.get(i).getText(): null

2018-07-05 20:32:10 - [TEST_STEP][PASSED] - Statement - StoresCBList.get(i).click(): null

2018-07-05 20:32:10 - [TEST_STEP][PASSED] - Statement - groupStoresList[i] = storesLabel.get(i).getText(): null

2018-07-05 20:32:10 - [TEST_STEP][PASSED] - Statement - StoresCBList.get(i).click(): null

2018-07-05 20:32:10 - [TEST_STEP][PASSED] - Statement - groupStoresList[i] = storesLabel.get(i).getText(): null

2018-07-05 20:32:10 - [TEST_STEP][PASSED] - Statement - StoresCBList.get(i).click(): null

2018-07-05 20:32:10 - [TEST_STEP][PASSED] - Statement - groupStoresList[i] = storesLabel.get(i).getText(): null

2018-07-05 20:32:10 - [TEST_STEP][PASSED] - Statement - StoresCBList.get(i).click(): null

2018-07-05 20:32:10 - [TEST_STEP][PASSED] - Statement - groupStoresList[i] = storesLabel.get(i).getText(): null

2018-07-05 20:32:10 - [TEST_STEP][PASSED] - Statement - StoresCBList.get(i).click(): null

2018-07-05 20:32:10 - [TEST_STEP][PASSED] - Statement - groupStoresList[i] = storesLabel.get(i).getText(): null

2018-07-05 20:32:10 - [TEST_STEP][PASSED] - Statement - StoresCBList.get(i).click(): null

2018-07-05 20:32:10 - [TEST_STEP][PASSED] - Statement - groupStoresList[i] = storesLabel.get(i).getText(): null

2018-07-05 20:32:10 - [TEST_STEP][PASSED] - Statement - StoresCBList.get(i).click(): null

2018-07-05 20:32:10 - [TEST_STEP][PASSED] - Statement - groupStoresList[i] = storesLabel.get(i).getText(): null

2018-07-05 20:32:10 - [TEST_STEP][PASSED] - Statement - StoresCBList.get(i).click(): null

2018-07-05 20:32:10 - [TEST_STEP][PASSED] - Statement - groupStoresList[i] = storesLabel.get(i).getText(): null

2018-07-05 20:32:10 - [TEST_STEP][PASSED] - Statement - StoresCBList.get(i).click(): null

2018-07-05 20:32:10 - [TEST_STEP][PASSED] - Statement - groupStoresList[i] = storesLabel.get(i).getText(): null

2018-07-05 20:32:10 - [TEST_STEP][PASSED] - Statement - StoresCBList.get(i).click(): null

2018-07-05 20:32:10 - [TEST_STEP][PASSED] - Statement - groupStoresList[i] = storesLabel.get(i).getText(): null

2018-07-05 20:32:10 - [TEST_STEP][PASSED] - Statement - StoresCBList.get(i).click(): null

2018-07-05 20:32:10 - [TEST_STEP][PASSED] - Statement - groupStoresList[i] = storesLabel.get(i).getText(): null

2018-07-05 20:32:10 - [TEST_STEP][PASSED] - Statement - StoresCBList.get(i).click(): null

2018-07-05 20:32:10 - [TEST_STEP][PASSED] - Statement - groupStoresList[i] = storesLabel.get(i).getText(): null

2018-07-05 20:32:10 - [TEST_STEP][PASSED] - Statement - StoresCBList.get(i).click(): null

2018-07-05 20:32:11 - [TEST_STEP][PASSED] - Statement - groupStoresList[i] = storesLabel.get(i).getText(): null

2018-07-05 20:32:11 - [TEST_STEP][PASSED] - Statement - StoresCBList.get(i).click(): null

2018-07-05 20:32:11 - [TEST_STEP][PASSED] - Statement - groupStoresList[i] = storesLabel.get(i).getText(): null

2018-07-05 20:32:11 - [TEST_STEP][PASSED] - Statement - StoresCBList.get(i).click(): null

2018-07-05 20:32:11 - [TEST_STEP][PASSED] - Statement - groupStoresList[i] = storesLabel.get(i).getText(): null

2018-07-05 20:32:11 - [TEST_STEP][PASSED] - Statement - StoresCBList.get(i).click(): null

2018-07-05 20:32:11 - [TEST_STEP][PASSED] - Statement - groupStoresList[i] = storesLabel.get(i).getText(): null

2018-07-05 20:32:11 - [TEST_STEP][PASSED] - Statement - StoresCBList.get(i).click(): null

2018-07-05 20:32:11 - [TEST_STEP][PASSED] - Statement - groupStoresList[i] = storesLabel.get(i).getText(): null

2018-07-05 20:32:11 - [TEST_STEP][PASSED] - Statement - StoresCBList.get(i).click(): null

2018-07-05 20:32:11 - [TEST_STEP][PASSED] - Statement - groupStoresList[i] = storesLabel.get(i).getText(): null

2018-07-05 20:32:11 - [TEST_STEP][PASSED] - Statement - StoresCBList.get(i).click(): null

2018-07-05 20:32:11 - [TEST_STEP][PASSED] - Statement - groupStoresList[i] = storesLabel.get(i).getText(): null

2018-07-05 20:32:11 - [TEST_STEP][PASSED] - Statement - StoresCBList.get(i).click(): null

2018-07-05 20:32:11 - [TEST_STEP][PASSED] - Statement - out.println(groupStoresList): null

2018-07-05 20:32:11 - [TEST_STEP][PASSED] - delay: Delayed 10 second(s)

2018-07-05 20:32:21 - [MESSAGE][PASSED] - Delayed 10 second(s)

2018-07-05 20:32:21 - [TEST_STEP][PASSED] - uiaction.CommonUIActions.click: uiaction.CommonUIActions.click is PASSED

2018-07-05 20:32:21 - [MESSAGE][PASSED] - uiaction.CommonUIActions.click is PASSED

2018-07-05 20:32:21 - [TEST_STEP][PASSED] - delay: Delayed 10 second(s)

2018-07-05 20:32:31 - [MESSAGE][PASSED] - Delayed 10 second(s)

2018-07-05 20:32:31 - [TEST_STEP][PASSED] - Statement - secondStoreListBox1 = driver.findElements(org.openqa.selenium.By.xpath(com.kms.katalon.core.testdata.TestDataFactory.findTestData(OR_file).getValue(2, 11))): Reading excel file with source file 'C:\Users\shalinin\Katalon Studio\HME_DEVScripts\Data Files\HME_OR.xlsx' and sheet name 'Sheet1'

2018-07-05 20:32:31 - [TEST_STEP][PASSED] - Statement - actualList1 = new java.util.ArrayList(): null

2018-07-05 20:32:31 - [TEST_STEP][PASSED] - Statement - For ([i = 0, i < secondStoreListBox1.size(), (i++)]): null

2018-07-05 20:32:31 - [TEST_STEP][PASSED] - Statement - actualList1.add(i, secondStoreListBox1.get(i).getText()): null

2018-07-05 20:32:31 - [TEST_STEP][PASSED] - Statement - actualList1.add(i, secondStoreListBox1.get(i).getText()): null

2018-07-05 20:32:31 - [TEST_STEP][PASSED] - Statement - actualList1.add(i, secondStoreListBox1.get(i).getText()): null

2018-07-05 20:32:31 - [TEST_STEP][PASSED] - Statement - actualList1.add(i, secondStoreListBox1.get(i).getText()): null

2018-07-05 20:32:31 - [TEST_STEP][PASSED] - Statement - actualList1.add(i, secondStoreListBox1.get(i).getText()): null

2018-07-05 20:32:31 - [TEST_STEP][PASSED] - Statement - actualList1.add(i, secondStoreListBox1.get(i).getText()): null

2018-07-05 20:32:31 - [TEST_STEP][PASSED] - Statement - actualList1.add(i, secondStoreListBox1.get(i).getText()): null

2018-07-05 20:32:31 - [TEST_STEP][PASSED] - Statement - actualList1.add(i, secondStoreListBox1.get(i).getText()): null

2018-07-05 20:32:31 - [TEST_STEP][PASSED] - Statement - actualList1.add(i, secondStoreListBox1.get(i).getText()): null

2018-07-05 20:32:32 - [TEST_STEP][PASSED] - Statement - actualList1.add(i, secondStoreListBox1.get(i).getText()): null

2018-07-05 20:32:32 - [TEST_STEP][PASSED] - Statement - actualList1.add(i, secondStoreListBox1.get(i).getText()): null

2018-07-05 20:32:32 - [TEST_STEP][PASSED] - Statement - actualList1.add(i, secondStoreListBox1.get(i).getText()): null

2018-07-05 20:32:32 - [TEST_STEP][PASSED] - Statement - actualList1.add(i, secondStoreListBox1.get(i).getText()): null

2018-07-05 20:32:32 - [TEST_STEP][PASSED] - Statement - actualList1.add(i, secondStoreListBox1.get(i).getText()): null

2018-07-05 20:32:32 - [TEST_STEP][PASSED] - Statement - actualList1.add(i, secondStoreListBox1.get(i).getText()): null

2018-07-05 20:32:32 - [TEST_STEP][PASSED] - Statement - actualList1.add(i, secondStoreListBox1.get(i).getText()): null

2018-07-05 20:32:32 - [TEST_STEP][PASSED] - Statement - actualList1.add(i, secondStoreListBox1.get(i).getText()): null

2018-07-05 20:32:32 - [TEST_STEP][PASSED] - Statement - actualList1.add(i, secondStoreListBox1.get(i).getText()): null

2018-07-05 20:32:32 - [TEST_STEP][PASSED] - Statement - actualList1.add(i, secondStoreListBox1.get(i).getText()): null

2018-07-05 20:32:32 - [TEST_STEP][PASSED] - Statement - actualList1.add(i, secondStoreListBox1.get(i).getText()): null

2018-07-05 20:32:32 - [TEST_STEP][PASSED] - Statement - actualList1.add(i, secondStoreListBox1.get(i).getText()): null

2018-07-05 20:32:32 - [TEST_STEP][PASSED] - Statement - actualList1.add(i, secondStoreListBox1.get(i).getText()): null

2018-07-05 20:32:32 - [TEST_STEP][PASSED] - Statement - actualList1.add(i, secondStoreListBox1.get(i).getText()): null

2018-07-05 20:32:32 - [TEST_STEP][PASSED] - Statement - actualList1.add(i, secondStoreListBox1.get(i).getText()): null

2018-07-05 20:32:32 - [TEST_STEP][PASSED] - Statement - actualList1.add(i, secondStoreListBox1.get(i).getText()): null

2018-07-05 20:32:32 - [TEST_STEP][PASSED] - Statement - actualList1.add(i, secondStoreListBox1.get(i).getText()): null

2018-07-05 20:32:32 - [TEST_STEP][PASSED] - Statement - actualList1.add(i, secondStoreListBox1.get(i).getText()): null

2018-07-05 20:32:32 - [TEST_STEP][PASSED] - Statement - actualList1.add(i, secondStoreListBox1.get(i).getText()): null

2018-07-05 20:32:32 - [TEST_STEP][PASSED] - Statement - actualList1.add(i, secondStoreListBox1.get(i).getText()): null

2018-07-05 20:32:32 - [TEST_STEP][PASSED] - Statement - actualList1.add(i, secondStoreListBox1.get(i).getText()): null

2018-07-05 20:32:32 - [TEST_STEP][PASSED] - Statement - actualList1.add(i, secondStoreListBox1.get(i).getText()): null

2018-07-05 20:32:32 - [TEST_STEP][PASSED] - Statement - actualList1.add(i, secondStoreListBox1.get(i).getText()): null

2018-07-05 20:32:32 - [TEST_STEP][PASSED] - Statement - actualList1.add(i, secondStoreListBox1.get(i).getText()): null

2018-07-05 20:32:32 - [TEST_STEP][PASSED] - Statement - actualList1.add(i, secondStoreListBox1.get(i).getText()): null

2018-07-05 20:32:32 - [TEST_STEP][PASSED] - Statement - actualList1.add(i, secondStoreListBox1.get(i).getText()): null

2018-07-05 20:32:32 - [TEST_STEP][PASSED] - Statement - actualList1.add(i, secondStoreListBox1.get(i).getText()): null

2018-07-05 20:32:32 - [TEST_STEP][PASSED] - Statement - actualList1.add(i, secondStoreListBox1.get(i).getText()): null

2018-07-05 20:32:32 - [TEST_STEP][PASSED] - Statement - actualList1.add(i, secondStoreListBox1.get(i).getText()): null

2018-07-05 20:32:32 - [TEST_STEP][PASSED] - Statement - actualList1.add(i, secondStoreListBox1.get(i).getText()): null

2018-07-05 20:32:32 - [TEST_STEP][PASSED] - Statement - actualList1.add(i, secondStoreListBox1.get(i).getText()): null

2018-07-05 20:32:32 - [TEST_STEP][PASSED] - Statement - actualList1.add(i, secondStoreListBox1.get(i).getText()): null

2018-07-05 20:32:32 - [TEST_STEP][PASSED] - Statement - actualList1.add(i, secondStoreListBox1.get(i).getText()): null

2018-07-05 20:32:32 - [TEST_STEP][PASSED] - Statement - actualList1.add(i, secondStoreListBox1.get(i).getText()): null

2018-07-05 20:32:32 - [TEST_STEP][PASSED] - Statement - actualList1.add(i, secondStoreListBox1.get(i).getText()): null

2018-07-05 20:32:32 - [TEST_STEP][PASSED] - Statement - actualList1.add(i, secondStoreListBox1.get(i).getText()): null

2018-07-05 20:32:32 - [TEST_STEP][PASSED] - Statement - actualList1.add(i, secondStoreListBox1.get(i).getText()): null

2018-07-05 20:32:32 - [TEST_STEP][PASSED] - Statement - actualList1.add(i, secondStoreListBox1.get(i).getText()): null

2018-07-05 20:32:32 - [TEST_STEP][PASSED] - Statement - actualList1.add(i, secondStoreListBox1.get(i).getText()): null

2018-07-05 20:32:32 - [TEST_STEP][PASSED] - Statement - actualList1.add(i, secondStoreListBox1.get(i).getText()): null

2018-07-05 20:32:32 - [TEST_STEP][PASSED] - Statement - actualList1.add(i, secondStoreListBox1.get(i).getText()): null

2018-07-05 20:32:32 - [TEST_STEP][PASSED] - Statement - actualList1.add(i, secondStoreListBox1.get(i).getText()): null

2018-07-05 20:32:32 - [TEST_STEP][PASSED] - Statement - actualList1.add(i, secondStoreListBox1.get(i).getText()): null

2018-07-05 20:32:32 - [TEST_STEP][PASSED] - Statement - actualList1.add(i, secondStoreListBox1.get(i).getText()): null

2018-07-05 20:32:32 - [TEST_STEP][PASSED] - Statement - actualList1.add(i, secondStoreListBox1.get(i).getText()): null

2018-07-05 20:32:32 - [TEST_STEP][PASSED] - Statement - actualList1.add(i, secondStoreListBox1.get(i).getText()): null

2018-07-05 20:32:32 - [TEST_STEP][PASSED] - Statement - actualList1.add(i, secondStoreListBox1.get(i).getText()): null

2018-07-05 20:32:32 - [TEST_STEP][PASSED] - Statement - actualList1.add(i, secondStoreListBox1.get(i).getText()): null

2018-07-05 20:32:32 - [TEST_STEP][PASSED] - Statement - actualList1.add(i, secondStoreListBox1.get(i).getText()): null

2018-07-05 20:32:32 - [TEST_STEP][PASSED] - Statement - actualList1.add(i, secondStoreListBox1.get(i).getText()): null

2018-07-05 20:32:32 - [TEST_STEP][PASSED] - Statement - actualList1.add(i, secondStoreListBox1.get(i).getText()): null

2018-07-05 20:32:32 - [TEST_STEP][PASSED] - Statement - actualList1.add(i, secondStoreListBox1.get(i).getText()): null

2018-07-05 20:32:32 - [TEST_STEP][PASSED] - Statement - actualList1.add(i, secondStoreListBox1.get(i).getText()): null

2018-07-05 20:32:32 - [TEST_STEP][PASSED] - Statement - actualList1.add(i, secondStoreListBox1.get(i).getText()): null

2018-07-05 20:32:32 - [TEST_STEP][PASSED] - Statement - actualList1.add(i, secondStoreListBox1.get(i).getText()): null

2018-07-05 20:32:33 - [TEST_STEP][PASSED] - Statement - actualList1.add(i, secondStoreListBox1.get(i).getText()): null

2018-07-05 20:32:33 - [TEST_STEP][PASSED] - Statement - actualList1.add(i, secondStoreListBox1.get(i).getText()): null

2018-07-05 20:32:33 - [TEST_STEP][PASSED] - Statement - actualList1.add(i, secondStoreListBox1.get(i).getText()): null

2018-07-05 20:32:33 - [TEST_STEP][PASSED] - Statement - actualList1.add(i, secondStoreListBox1.get(i).getText()): null

2018-07-05 20:32:33 - [TEST_STEP][PASSED] - Statement - actualList1.add(i, secondStoreListBox1.get(i).getText()): null

2018-07-05 20:32:33 - [TEST_STEP][PASSED] - Statement - actualList1.add(i, secondStoreListBox1.get(i).getText()): null

2018-07-05 20:32:33 - [TEST_STEP][PASSED] - Statement - actualList1.add(i, secondStoreListBox1.get(i).getText()): null

2018-07-05 20:32:33 - [TEST_STEP][PASSED] - Statement - actualList1.add(i, secondStoreListBox1.get(i).getText()): null

2018-07-05 20:32:33 - [TEST_STEP][PASSED] - Statement - actualList1.add(i, secondStoreListBox1.get(i).getText()): null

2018-07-05 20:32:33 - [TEST_STEP][PASSED] - Statement - actualList1.add(i, secondStoreListBox1.get(i).getText()): null

2018-07-05 20:32:33 - [TEST_STEP][PASSED] - Statement - actualList1.add(i, secondStoreListBox1.get(i).getText()): null

2018-07-05 20:32:33 - [TEST_STEP][PASSED] - Statement - actualList1.add(i, secondStoreListBox1.get(i).getText()): null

2018-07-05 20:32:33 - [TEST_STEP][PASSED] - Statement - actualList1.add(i, secondStoreListBox1.get(i).getText()): null

2018-07-05 20:32:33 - [TEST_STEP][PASSED] - Statement - actualList1.add(i, secondStoreListBox1.get(i).getText()): null

2018-07-05 20:32:33 - [TEST_STEP][PASSED] - Statement - actualList1.add(i, secondStoreListBox1.get(i).getText()): null

2018-07-05 20:32:33 - [TEST_STEP][PASSED] - Statement - actualList1.add(i, secondStoreListBox1.get(i).getText()): null

2018-07-05 20:32:33 - [TEST_STEP][PASSED] - Statement - actualList1.add(i, secondStoreListBox1.get(i).getText()): null

2018-07-05 20:32:33 - [TEST_STEP][PASSED] - Statement - actualList1.add(i, secondStoreListBox1.get(i).getText()): null

2018-07-05 20:32:33 - [TEST_STEP][PASSED] - Statement - actualList1.add(i, secondStoreListBox1.get(i).getText()): null

2018-07-05 20:32:33 - [TEST_STEP][PASSED] - Statement - actualList1.add(i, secondStoreListBox1.get(i).getText()): null

2018-07-05 20:32:33 - [TEST_STEP][PASSED] - Statement - actualList1.add(i, secondStoreListBox1.get(i).getText()): null

2018-07-05 20:32:33 - [TEST_STEP][PASSED] - Statement - actualList1.add(i, secondStoreListBox1.get(i).getText()): null

2018-07-05 20:32:33 - [TEST_STEP][PASSED] - Statement - actualList1.add(i, secondStoreListBox1.get(i).getText()): null

2018-07-05 20:32:33 - [TEST_STEP][PASSED] - Statement - actualList1.add(i, secondStoreListBox1.get(i).getText()): null

2018-07-05 20:32:33 - [TEST_STEP][PASSED] - Statement - actualList1.add(i, secondStoreListBox1.get(i).getText()): null

2018-07-05 20:32:33 - [TEST_STEP][PASSED] - Statement - actualList1.add(i, secondStoreListBox1.get(i).getText()): null

2018-07-05 20:32:33 - [TEST_STEP][PASSED] - Statement - actualList1.add(i, secondStoreListBox1.get(i).getText()): null

2018-07-05 20:32:33 - [TEST_STEP][PASSED] - Statement - actualList1.add(i, secondStoreListBox1.get(i).getText()): null

2018-07-05 20:32:33 - [TEST_STEP][PASSED] - Statement - actualList1.add(i, secondStoreListBox1.get(i).getText()): null

2018-07-05 20:32:33 - [TEST_STEP][PASSED] - Statement - actualList1.add(i, secondStoreListBox1.get(i).getText()): null

2018-07-05 20:32:33 - [TEST_STEP][PASSED] - Statement - actualList1.add(i, secondStoreListBox1.get(i).getText()): null

2018-07-05 20:32:33 - [TEST_STEP][PASSED] - Statement - actualList1.add(i, secondStoreListBox1.get(i).getText()): null

2018-07-05 20:32:33 - [TEST_STEP][PASSED] - Statement - actualList1.add(i, secondStoreListBox1.get(i).getText()): null

2018-07-05 20:32:33 - [TEST_STEP][PASSED] - Statement - actualList1.add(i, secondStoreListBox1.get(i).getText()): null

2018-07-05 20:32:33 - [TEST_STEP][PASSED] - Statement - actualList1.add(i, secondStoreListBox1.get(i).getText()): null

2018-07-05 20:32:33 - [TEST_STEP][PASSED] - Statement - actualList1.add(i, secondStoreListBox1.get(i).getText()): null

2018-07-05 20:32:33 - [TEST_STEP][PASSED] - Statement - actualList1.add(i, secondStoreListBox1.get(i).getText()): null

2018-07-05 20:32:33 - [TEST_STEP][PASSED] - Statement - actualList1.add(i, secondStoreListBox1.get(i).getText()): null

2018-07-05 20:32:33 - [TEST_STEP][PASSED] - Statement - actualList1.add(i, secondStoreListBox1.get(i).getText()): null

2018-07-05 20:32:33 - [TEST_STEP][PASSED] - Statement - actualList1.add(i, secondStoreListBox1.get(i).getText()): null

2018-07-05 20:32:33 - [TEST_STEP][PASSED] - Statement - actualList1.add(i, secondStoreListBox1.get(i).getText()): null

2018-07-05 20:32:33 - [TEST_STEP][PASSED] - Statement - actualList1.add(i, secondStoreListBox1.get(i).getText()): null

2018-07-05 20:32:33 - [TEST_STEP][PASSED] - Statement - actualList1.add(i, secondStoreListBox1.get(i).getText()): null

2018-07-05 20:32:33 - [TEST_STEP][PASSED] - Statement - actualList1.add(i, secondStoreListBox1.get(i).getText()): null

2018-07-05 20:32:33 - [TEST_STEP][PASSED] - Statement - actualList1.add(i, secondStoreListBox1.get(i).getText()): null

2018-07-05 20:32:33 - [TEST_STEP][PASSED] - Statement - actualList1.add(i, secondStoreListBox1.get(i).getText()): null

2018-07-05 20:32:33 - [TEST_STEP][PASSED] - Statement - actualList1.add(i, secondStoreListBox1.get(i).getText()): null

2018-07-05 20:32:33 - [TEST_STEP][PASSED] - Statement - actualList1.add(i, secondStoreListBox1.get(i).getText()): null

2018-07-05 20:32:33 - [TEST_STEP][PASSED] - Statement - actualList1.add(i, secondStoreListBox1.get(i).getText()): null

2018-07-05 20:32:33 - [TEST_STEP][PASSED] - Statement - actualList1.add(i, secondStoreListBox1.get(i).getText()): null

2018-07-05 20:32:33 - [TEST_STEP][PASSED] - Statement - actualList1.add(i, secondStoreListBox1.get(i).getText()): null

2018-07-05 20:32:33 - [TEST_STEP][PASSED] - Statement - actualList1.add(i, secondStoreListBox1.get(i).getText()): null

2018-07-05 20:32:33 - [TEST_STEP][PASSED] - Statement - actualList1.add(i, secondStoreListBox1.get(i).getText()): null

2018-07-05 20:32:33 - [TEST_STEP][PASSED] - Statement - actualList1.add(i, secondStoreListBox1.get(i).getText()): null

2018-07-05 20:32:33 - [TEST_STEP][PASSED] - Statement - actualList1.add(i, secondStoreListBox1.get(i).getText()): null

2018-07-05 20:32:33 - [TEST_STEP][PASSED] - Statement - actualList1.add(i, secondStoreListBox1.get(i).getText()): null

2018-07-05 20:32:33 - [TEST_STEP][PASSED] - Statement - actualList1.add(i, secondStoreListBox1.get(i).getText()): null

2018-07-05 20:32:33 - [TEST_STEP][PASSED] - Statement - actualList1.add(i, secondStoreListBox1.get(i).getText()): null

2018-07-05 20:32:33 - [TEST_STEP][PASSED] - Statement - actualList1.add(i, secondStoreListBox1.get(i).getText()): null

2018-07-05 20:32:33 - [TEST_STEP][PASSED] - Statement - actualList1.add(i, secondStoreListBox1.get(i).getText()): null

2018-07-05 20:32:33 - [TEST_STEP][PASSED] - Statement - actualList1.add(i, secondStoreListBox1.get(i).getText()): null

2018-07-05 20:32:34 - [TEST_STEP][PASSED] - Statement - actualList1.add(i, secondStoreListBox1.get(i).getText()): null

2018-07-05 20:32:34 - [TEST_STEP][PASSED] - Statement - actualList1.add(i, secondStoreListBox1.get(i).getText()): null

2018-07-05 20:32:34 - [TEST_STEP][PASSED] - Statement - actualList1.add(i, secondStoreListBox1.get(i).getText()): null

2018-07-05 20:32:34 - [TEST_STEP][PASSED] - Statement - actualList1.add(i, secondStoreListBox1.get(i).getText()): null

2018-07-05 20:32:34 - [TEST_STEP][PASSED] - Statement - actualList1.add(i, secondStoreListBox1.get(i).getText()): null

2018-07-05 20:32:34 - [TEST_STEP][PASSED] - Statement - actualList1.add(i, secondStoreListBox1.get(i).getText()): null

2018-07-05 20:32:34 - [TEST_STEP][PASSED] - Statement - actualList1.add(i, secondStoreListBox1.get(i).getText()): null

2018-07-05 20:32:34 - [TEST_STEP][PASSED] - Statement - actualList1.add(i, secondStoreListBox1.get(i).getText()): null

2018-07-05 20:32:34 - [TEST_STEP][PASSED] - Statement - actualList1.add(i, secondStoreListBox1.get(i).getText()): null

2018-07-05 20:32:34 - [TEST_STEP][PASSED] - Statement - actualList1.add(i, secondStoreListBox1.get(i).getText()): null

2018-07-05 20:32:34 - [TEST_STEP][PASSED] - Statement - actualList1.add(i, secondStoreListBox1.get(i).getText()): null

2018-07-05 20:32:34 - [TEST_STEP][PASSED] - Statement - actualList1.add(i, secondStoreListBox1.get(i).getText()): null

2018-07-05 20:32:34 - [TEST_STEP][PASSED] - Statement - actualList1.add(i, secondStoreListBox1.get(i).getText()): null

2018-07-05 20:32:34 - [TEST_STEP][PASSED] - Statement - actualList1.add(i, secondStoreListBox1.get(i).getText()): null

2018-07-05 20:32:34 - [TEST_STEP][PASSED] - Statement - actualList1.add(i, secondStoreListBox1.get(i).getText()): null

2018-07-05 20:32:34 - [TEST_STEP][PASSED] - Statement - actualList1.add(i, secondStoreListBox1.get(i).getText()): null

2018-07-05 20:32:34 - [TEST_STEP][PASSED] - Statement - actualList1.add(i, secondStoreListBox1.get(i).getText()): null

2018-07-05 20:32:34 - [TEST_STEP][PASSED] - Statement - actualList1.add(i, secondStoreListBox1.get(i).getText()): null

2018-07-05 20:32:34 - [TEST_STEP][PASSED] - Statement - actualList1.add(i, secondStoreListBox1.get(i).getText()): null

2018-07-05 20:32:34 - [TEST_STEP][PASSED] - Statement - actualList1.add(i, secondStoreListBox1.get(i).getText()): null

2018-07-05 20:32:34 - [TEST_STEP][PASSED] - Statement - actualList1.add(i, secondStoreListBox1.get(i).getText()): null

2018-07-05 20:32:34 - [TEST_STEP][PASSED] - Statement - actualList1.add(i, secondStoreListBox1.get(i).getText()): null

2018-07-05 20:32:34 - [TEST_STEP][PASSED] - Statement - actualList1.add(i, secondStoreListBox1.get(i).getText()): null

2018-07-05 20:32:34 - [TEST_STEP][PASSED] - Statement - actualList1.add(i, secondStoreListBox1.get(i).getText()): null

2018-07-05 20:32:34 - [TEST_STEP][PASSED] - Statement - actualList1.add(i, secondStoreListBox1.get(i).getText()): null

2018-07-05 20:32:34 - [TEST_STEP][PASSED] - Statement - actualList1.add(i, secondStoreListBox1.get(i).getText()): null

2018-07-05 20:32:34 - [TEST_STEP][PASSED] - Statement - actualList1.add(i, secondStoreListBox1.get(i).getText()): null

2018-07-05 20:32:34 - [TEST_STEP][PASSED] - Statement - actualList1.add(i, secondStoreListBox1.get(i).getText()): null

2018-07-05 20:32:34 - [TEST_STEP][PASSED] - Statement - actualList1.add(i, secondStoreListBox1.get(i).getText()): null

2018-07-05 20:32:34 - [TEST_STEP][PASSED] - Statement - actualList1.add(i, secondStoreListBox1.get(i).getText()): null

2018-07-05 20:32:34 - [TEST_STEP][PASSED] - Statement - actualList1.add(i, secondStoreListBox1.get(i).getText()): null

2018-07-05 20:32:34 - [TEST_STEP][PASSED] - Statement - actualList1.add(i, secondStoreListBox1.get(i).getText()): null

2018-07-05 20:32:34 - [TEST_STEP][PASSED] - Statement - actualList1.add(i, secondStoreListBox1.get(i).getText()): null

2018-07-05 20:32:34 - [TEST_STEP][PASSED] - Statement - actualList1.add(i, secondStoreListBox1.get(i).getText()): null

2018-07-05 20:32:34 - [TEST_STEP][PASSED] - Statement - actualList1.add(i, secondStoreListBox1.get(i).getText()): null

2018-07-05 20:32:34 - [TEST_STEP][PASSED] - Statement - actualList1.add(i, secondStoreListBox1.get(i).getText()): null

2018-07-05 20:32:34 - [TEST_STEP][PASSED] - Statement - actualList1.add(i, secondStoreListBox1.get(i).getText()): null

2018-07-05 20:32:34 - [TEST_STEP][PASSED] - Statement - actualList1.add(i, secondStoreListBox1.get(i).getText()): null

2018-07-05 20:32:34 - [TEST_STEP][PASSED] - Statement - actualList1.add(i, secondStoreListBox1.get(i).getText()): null

2018-07-05 20:32:34 - [TEST_STEP][PASSED] - Statement - actualList1.add(i, secondStoreListBox1.get(i).getText()): null

2018-07-05 20:32:34 - [TEST_STEP][PASSED] - Statement - actualList1.add(i, secondStoreListBox1.get(i).getText()): null

2018-07-05 20:32:34 - [TEST_STEP][PASSED] - Statement - actualList1.add(i, secondStoreListBox1.get(i).getText()): null

2018-07-05 20:32:34 - [TEST_STEP][PASSED] - Statement - actualList1.add(i, secondStoreListBox1.get(i).getText()): null

2018-07-05 20:32:34 - [TEST_STEP][PASSED] - Statement - actualList1.add(i, secondStoreListBox1.get(i).getText()): null

2018-07-05 20:32:34 - [TEST_STEP][PASSED] - Statement - actualList1.add(i, secondStoreListBox1.get(i).getText()): null

2018-07-05 20:32:34 - [TEST_STEP][PASSED] - Statement - actualList1.add(i, secondStoreListBox1.get(i).getText()): null

2018-07-05 20:32:34 - [TEST_STEP][PASSED] - Statement - actualList1.add(i, secondStoreListBox1.get(i).getText()): null

2018-07-05 20:32:34 - [TEST_STEP][PASSED] - Statement - actualList1.add(i, secondStoreListBox1.get(i).getText()): null

2018-07-05 20:32:34 - [TEST_STEP][PASSED] - Statement - actualList1.add(i, secondStoreListBox1.get(i).getText()): null

2018-07-05 20:32:34 - [TEST_STEP][PASSED] - Statement - actualList1.add(i, secondStoreListBox1.get(i).getText()): null

2018-07-05 20:32:34 - [TEST_STEP][PASSED] - Statement - actualList1.add(i, secondStoreListBox1.get(i).getText()): null

2018-07-05 20:32:34 - [TEST_STEP][PASSED] - Statement - actualList1.add(i, secondStoreListBox1.get(i).getText()): null

2018-07-05 20:32:34 - [TEST_STEP][PASSED] - Statement - actualList1.add(i, secondStoreListBox1.get(i).getText()): null

2018-07-05 20:32:34 - [TEST_STEP][PASSED] - Statement - actualList1.add(i, secondStoreListBox1.get(i).getText()): null

2018-07-05 20:32:34 - [TEST_STEP][PASSED] - Statement - actualList1.add(i, secondStoreListBox1.get(i).getText()): null

2018-07-05 20:32:34 - [TEST_STEP][PASSED] - Statement - actualList1.add(i, secondStoreListBox1.get(i).getText()): null

2018-07-05 20:32:34 - [TEST_STEP][PASSED] - Statement - actualList1.add(i, secondStoreListBox1.get(i).getText()): null

2018-07-05 20:32:34 - [TEST_STEP][PASSED] - Statement - actualList1.add(i, secondStoreListBox1.get(i).getText()): null

2018-07-05 20:32:34 - [TEST_STEP][PASSED] - Statement - actualList1.add(i, secondStoreListBox1.get(i).getText()): null

2018-07-05 20:32:34 - [TEST_STEP][PASSED] - Statement - actualList1.add(i, secondStoreListBox1.get(i).getText()): null

2018-07-05 20:32:34 - [TEST_STEP][PASSED] - Statement - actualList1.add(i, secondStoreListBox1.get(i).getText()): null

2018-07-05 20:32:34 - [TEST_STEP][PASSED] - Statement - actualList1.add(i, secondStoreListBox1.get(i).getText()): null

2018-07-05 20:32:34 - [TEST_STEP][PASSED] - Statement - actualList1.add(i, secondStoreListBox1.get(i).getText()): null

2018-07-05 20:32:35 - [TEST_STEP][PASSED] - Statement - actualList1.add(i, secondStoreListBox1.get(i).getText()): null

2018-07-05 20:32:35 - [TEST_STEP][PASSED] - Statement - actualList1.add(i, secondStoreListBox1.get(i).getText()): null

2018-07-05 20:32:35 - [TEST_STEP][PASSED] - Statement - actualList1.add(i, secondStoreListBox1.get(i).getText()): null

2018-07-05 20:32:35 - [TEST_STEP][PASSED] - Statement - actualList1.add(i, secondStoreListBox1.get(i).getText()): null

2018-07-05 20:32:35 - [TEST_STEP][PASSED] - Statement - actualList1.add(i, secondStoreListBox1.get(i).getText()): null

2018-07-05 20:32:35 - [TEST_STEP][PASSED] - Statement - actualList1.add(i, secondStoreListBox1.get(i).getText()): null

2018-07-05 20:32:35 - [TEST_STEP][PASSED] - Statement - actualList1.add(i, secondStoreListBox1.get(i).getText()): null

2018-07-05 20:32:35 - [TEST_STEP][PASSED] - Statement - actualList1.add(i, secondStoreListBox1.get(i).getText()): null

2018-07-05 20:32:35 - [TEST_STEP][PASSED] - Statement - actualList1.add(i, secondStoreListBox1.get(i).getText()): null

2018-07-05 20:32:35 - [TEST_STEP][PASSED] - Statement - actualList1.add(i, secondStoreListBox1.get(i).getText()): null

2018-07-05 20:32:35 - [TEST_STEP][PASSED] - Statement - actualList1.add(i, secondStoreListBox1.get(i).getText()): null

2018-07-05 20:32:35 - [TEST_STEP][PASSED] - Statement - actualList1.add(i, secondStoreListBox1.get(i).getText()): null

2018-07-05 20:32:35 - [TEST_STEP][PASSED] - Statement - actualList1.add(i, secondStoreListBox1.get(i).getText()): null

2018-07-05 20:32:35 - [TEST_STEP][PASSED] - Statement - actualList1.add(i, secondStoreListBox1.get(i).getText()): null

2018-07-05 20:32:35 - [TEST_STEP][PASSED] - Statement - actualList1.add(i, secondStoreListBox1.get(i).getText()): null

2018-07-05 20:32:35 - [TEST_STEP][PASSED] - Statement - actualList1.add(i, secondStoreListBox1.get(i).getText()): null

2018-07-05 20:32:35 - [TEST_STEP][PASSED] - Statement - actualList1.add(i, secondStoreListBox1.get(i).getText()): null

2018-07-05 20:32:35 - [TEST_STEP][PASSED] - Statement - actualList1.add(i, secondStoreListBox1.get(i).getText()): null

2018-07-05 20:32:35 - [TEST_STEP][PASSED] - Statement - actualList1.add(i, secondStoreListBox1.get(i).getText()): null

2018-07-05 20:32:35 - [TEST_STEP][PASSED] - Statement - actualList1.add(i, secondStoreListBox1.get(i).getText()): null

2018-07-05 20:32:35 - [TEST_STEP][PASSED] - Statement - actualList1.add(i, secondStoreListBox1.get(i).getText()): null

2018-07-05 20:32:35 - [TEST_STEP][PASSED] - Statement - actualList1.add(i, secondStoreListBox1.get(i).getText()): null

2018-07-05 20:32:35 - [TEST_STEP][PASSED] - Statement - actualList1.add(i, secondStoreListBox1.get(i).getText()): null

2018-07-05 20:32:35 - [TEST_STEP][PASSED] - Statement - actualList1.add(i, secondStoreListBox1.get(i).getText()): null

2018-07-05 20:32:35 - [TEST_STEP][PASSED] - Statement - actualList1.add(i, secondStoreListBox1.get(i).getText()): null

2018-07-05 20:32:35 - [TEST_STEP][PASSED] - Statement - actualList1.add(i, secondStoreListBox1.get(i).getText()): null

2018-07-05 20:32:35 - [TEST_STEP][PASSED] - Statement - actualList1.add(i, secondStoreListBox1.get(i).getText()): null

2018-07-05 20:32:35 - [TEST_STEP][PASSED] - Statement - actualList1.add(i, secondStoreListBox1.get(i).getText()): null

2018-07-05 20:32:35 - [TEST_STEP][PASSED] - Statement - actualList1.add(i, secondStoreListBox1.get(i).getText()): null

2018-07-05 20:32:35 - [TEST_STEP][PASSED] - Statement - actualList1.add(i, secondStoreListBox1.get(i).getText()): null

2018-07-05 20:32:35 - [TEST_STEP][PASSED] - Statement - actualList1.add(i, secondStoreListBox1.get(i).getText()): null

2018-07-05 20:32:35 - [TEST_STEP][PASSED] - Statement - actualList1.add(i, secondStoreListBox1.get(i).getText()): null

2018-07-05 20:32:35 - [TEST_STEP][PASSED] - Statement - actualList1.add(i, secondStoreListBox1.get(i).getText()): null

2018-07-05 20:32:35 - [TEST_STEP][PASSED] - Statement - actualList1.add(i, secondStoreListBox1.get(i).getText()): null

2018-07-05 20:32:35 - [TEST_STEP][PASSED] - Statement - actualList1.add(i, secondStoreListBox1.get(i).getText()): null

2018-07-05 20:32:35 - [TEST_STEP][PASSED] - Statement - actualList1.add(i, secondStoreListBox1.get(i).getText()): null

2018-07-05 20:32:35 - [TEST_STEP][PASSED] - Statement - actualList1.add(i, secondStoreListBox1.get(i).getText()): null

2018-07-05 20:32:35 - [TEST_STEP][PASSED] - Statement - actualList1.add(i, secondStoreListBox1.get(i).getText()): null

2018-07-05 20:32:35 - [TEST_STEP][PASSED] - Statement - actualList1.add(i, secondStoreListBox1.get(i).getText()): null

2018-07-05 20:32:35 - [TEST_STEP][PASSED] - Statement - actualList1.add(i, secondStoreListBox1.get(i).getText()): null

2018-07-05 20:32:35 - [TEST_STEP][PASSED] - Statement - actualList1.add(i, secondStoreListBox1.get(i).getText()): null

2018-07-05 20:32:35 - [TEST_STEP][PASSED] - Statement - actualList1.add(i, secondStoreListBox1.get(i).getText()): null

2018-07-05 20:32:35 - [TEST_STEP][PASSED] - Statement - actualList1.add(i, secondStoreListBox1.get(i).getText()): null

2018-07-05 20:32:35 - [TEST_STEP][PASSED] - Statement - actualList1.add(i, secondStoreListBox1.get(i).getText()): null

2018-07-05 20:32:35 - [TEST_STEP][PASSED] - Statement - actualList1.add(i, secondStoreListBox1.get(i).getText()): null

2018-07-05 20:32:35 - [TEST_STEP][PASSED] - Statement - actualList1.add(i, secondStoreListBox1.get(i).getText()): null

2018-07-05 20:32:35 - [TEST_STEP][PASSED] - Statement - actualList1.add(i, secondStoreListBox1.get(i).getText()): null

2018-07-05 20:32:35 - [TEST_STEP][PASSED] - Statement - actualList1.add(i, secondStoreListBox1.get(i).getText()): null

2018-07-05 20:32:35 - [TEST_STEP][PASSED] - Statement - actualList1.add(i, secondStoreListBox1.get(i).getText()): null

2018-07-05 20:32:35 - [TEST_STEP][PASSED] - Statement - actualList1.add(i, secondStoreListBox1.get(i).getText()): null

2018-07-05 20:32:35 - [TEST_STEP][PASSED] - Statement - actualList1.add(i, secondStoreListBox1.get(i).getText()): null

2018-07-05 20:32:35 - [TEST_STEP][PASSED] - Statement - actualList1.add(i, secondStoreListBox1.get(i).getText()): null

2018-07-05 20:32:35 - [TEST_STEP][PASSED] - Statement - actualList1.add(i, secondStoreListBox1.get(i).getText()): null

2018-07-05 20:32:35 - [TEST_STEP][PASSED] - Statement - actualList1.add(i, secondStoreListBox1.get(i).getText()): null

2018-07-05 20:32:35 - [TEST_STEP][PASSED] - Statement - actualList1.add(i, secondStoreListBox1.get(i).getText()): null

2018-07-05 20:32:35 - [TEST_STEP][PASSED] - Statement - actualList1.add(i, secondStoreListBox1.get(i).getText()): null

2018-07-05 20:32:35 - [TEST_STEP][PASSED] - Statement - actualList1.add(i, secondStoreListBox1.get(i).getText()): null

2018-07-05 20:32:35 - [TEST_STEP][PASSED] - Statement - actualList1.add(i, secondStoreListBox1.get(i).getText()): null

2018-07-05 20:32:35 - [TEST_STEP][PASSED] - Statement - actualList1.add(i, secondStoreListBox1.get(i).getText()): null

2018-07-05 20:32:35 - [TEST_STEP][PASSED] - Statement - actualList1.add(i, secondStoreListBox1.get(i).getText()): null

2018-07-05 20:32:35 - [TEST_STEP][PASSED] - Statement - actualList1.add(i, secondStoreListBox1.get(i).getText()): null

2018-07-05 20:32:35 - [TEST_STEP][PASSED] - Statement - actualList1.add(i, secondStoreListBox1.get(i).getText()): null

2018-07-05 20:32:35 - [TEST_STEP][PASSED] - Statement - actualList1.add(i, secondStoreListBox1.get(i).getText()): null

2018-07-05 20:32:36 - [TEST_STEP][PASSED] - Statement - actualList1.add(i, secondStoreListBox1.get(i).getText()): null

2018-07-05 20:32:36 - [TEST_STEP][PASSED] - Statement - actualList1.add(i, secondStoreListBox1.get(i).getText()): null

2018-07-05 20:32:36 - [TEST_STEP][PASSED] - Statement - actualList1.add(i, secondStoreListBox1.get(i).getText()): null

2018-07-05 20:32:36 - [TEST_STEP][PASSED] - Statement - actualList1.add(i, secondStoreListBox1.get(i).getText()): null

2018-07-05 20:32:36 - [TEST_STEP][PASSED] - Statement - actualList1.add(i, secondStoreListBox1.get(i).getText()): null

2018-07-05 20:32:36 - [TEST_STEP][PASSED] - Statement - actualList1.add(i, secondStoreListBox1.get(i).getText()): null

2018-07-05 20:32:36 - [TEST_STEP][PASSED] - Statement - actualList1.add(i, secondStoreListBox1.get(i).getText()): null

2018-07-05 20:32:36 - [TEST_STEP][PASSED] - Statement - out.println(actualList1): null

2018-07-05 20:32:36 - [TEST_STEP][PASSED] - delay: Delayed 10 second(s)

2018-07-05 20:32:46 - [MESSAGE][PASSED] - Delayed 10 second(s)

2018-07-05 20:32:46 - [TEST_STEP][PASSED] - Statement - If (actualList1.containsAll(groupStoresList)): null

2018-07-05 20:32:46 - [TEST_STEP][PASSED] - Statement - println("Selected stores are displayed in Group/Stores in Group listbox"): null

2018-07-05 20:32:46 - [TEST_STEP][PASSED] - uiaction.CommonUIActions.click: uiaction.CommonUIActions.click is PASSED

2018-07-05 20:32:46 - [MESSAGE][PASSED] - uiaction.CommonUIActions.click is PASSED

2018-07-05 20:32:46 - [TEST_STEP][PASSED] - delay: Delayed 10 second(s)

2018-07-05 20:32:56 - [MESSAGE][PASSED] - Delayed 10 second(s)

2018-07-05 20:32:56 - [TEST_STEP][PASSED] - uiaction.CommonUIActions.back: uiaction.CommonUIActions.back is PASSED

2018-07-05 20:32:56 - [MESSAGE][PASSED] - Navigate back successfully

2018-07-05 20:32:56 - [MESSAGE][PASSED] - uiaction.CommonUIActions.back is PASSED

2018-07-05 20:32:56 - [TEST_STEP][PASSED] - delay: Delayed 5 second(s)

2018-07-05 20:33:01 - [MESSAGE][PASSED] - Delayed 5 second(s)

2018-07-05 20:33:01 - [TEST_STEP][PASSED] - uiaction.CommonUIActions.back: uiaction.CommonUIActions.back is PASSED

2018-07-05 20:33:01 - [MESSAGE][PASSED] - Navigate back successfully

2018-07-05 20:33:01 - [MESSAGE][PASSED] - uiaction.CommonUIActions.back is PASSED

2018-07-05 20:33:01 - [TEST_STEP][PASSED] - delay: Delayed 5 second(s)

2018-07-05 20:33:06 - [MESSAGE][PASSED] - Delayed 5 second(s)

2018-07-05 20:33:06 - [TEST_STEP][PASSED] - uiaction.CommonUIActions.click: uiaction.CommonUIActions.click is PASSED

2018-07-05 20:33:06 - [MESSAGE][PASSED] - uiaction.CommonUIActions.click is PASSED

2018-07-05 20:33:06 - [TEST_STEP][PASSED] - uiaction.CommonUIActions.click: uiaction.CommonUIActions.click is PASSED

2018-07-05 20:33:06 - [MESSAGE][PASSED] - uiaction.CommonUIActions.click is PASSED

2018-07-05 20:33:06 - [TEST_STEP][PASSED] - uiaction.CommonUIActions.click: uiaction.CommonUIActions.click is PASSED

2018-07-05 20:33:20 - [MESSAGE][PASSED] - uiaction.CommonUIActions.click is PASSED

2018-07-05 20:33:20 - [TEST_STEP][PASSED] - Statement - storesList = driver.findElements(org.openqa.selenium.By.xpath(com.kms.katalon.core.testdata.TestDataFactory.findTestData(OR_file).getValue(2, 16))): Reading excel file with source file 'C:\Users\shalinin\Katalon Studio\HME_DEVScripts\Data Files\HME_OR.xlsx' and sheet name 'Sheet1'

2018-07-05 20:33:21 - [TEST_STEP][PASSED] - Statement - For ([i = 1, i < storesList.size(), (i++)]): null

2018-07-05 20:33:21 - [TEST_STEP][PASSED] - Statement - reportgroup = "(//div[@class='ctable']/table/tbody/tr[@class='tdata clear'])[" + i + "]/td[7]": null

2018-07-05 20:33:21 - [TEST_STEP][PASSED] - Statement - reportgroupTxt = driver.findElement(org.openqa.selenium.By.xpath(reportgroup)).getText(): null

2018-07-05 20:33:21 - [TEST_STEP][PASSED] - Statement - If (reportgroupTxt == "AutomationGroup1"): null

2018-07-05 20:33:21 - [TEST_STEP][PASSED] - Statement - println("Report group has right group name"): null

2018-07-05 20:33:21 - [TEST_STEP][PASSED] - Statement - reportgroup = "(//div[@class='ctable']/table/tbody/tr[@class='tdata clear'])[" + i + "]/td[7]": null

2018-07-05 20:33:21 - [TEST_STEP][PASSED] - Statement - reportgroupTxt = driver.findElement(org.openqa.selenium.By.xpath(reportgroup)).getText(): null

2018-07-05 20:33:21 - [TEST_STEP][PASSED] - Statement - If (reportgroupTxt == "AutomationGroup1"): null

2018-07-05 20:33:21 - [TEST_STEP][PASSED] - Statement - println("Report group has right group name"): null

2018-07-05 20:33:21 - [TEST_STEP][PASSED] - Statement - reportgroup = "(//div[@class='ctable']/table/tbody/tr[@class='tdata clear'])[" + i + "]/td[7]": null

2018-07-05 20:33:21 - [TEST_STEP][PASSED] - Statement - reportgroupTxt = driver.findElement(org.openqa.selenium.By.xpath(reportgroup)).getText(): null

2018-07-05 20:33:21 - [TEST_STEP][PASSED] - Statement - If (reportgroupTxt == "AutomationGroup1"): null

2018-07-05 20:33:21 - [TEST_STEP][PASSED] - Statement - println("Report group has right group name"): null

2018-07-05 20:33:21 - [TEST_STEP][PASSED] - Statement - reportgroup = "(//div[@class='ctable']/table/tbody/tr[@class='tdata clear'])[" + i + "]/td[7]": null

2018-07-05 20:33:21 - [TEST_STEP][PASSED] - Statement - reportgroupTxt = driver.findElement(org.openqa.selenium.By.xpath(reportgroup)).getText(): null

2018-07-05 20:33:21 - [TEST_STEP][PASSED] - Statement - If (reportgroupTxt == "AutomationGroup1"): null

2018-07-05 20:33:21 - [TEST_STEP][PASSED] - Statement - println("Report group has right group name"): null

2018-07-05 20:33:21 - [TEST_STEP][PASSED] - Statement - reportgroup = "(//div[@class='ctable']/table/tbody/tr[@class='tdata clear'])[" + i + "]/td[7]": null

2018-07-05 20:33:21 - [TEST_STEP][PASSED] - Statement - reportgroupTxt = driver.findElement(org.openqa.selenium.By.xpath(reportgroup)).getText(): null

2018-07-05 20:33:21 - [TEST_STEP][PASSED] - Statement - If (reportgroupTxt == "AutomationGroup1"): null

2018-07-05 20:33:21 - [TEST_STEP][PASSED] - Statement - println("Report group has right group name"): null

2018-07-05 20:33:21 - [TEST_STEP][PASSED] - Statement - reportgroup = "(//div[@class='ctable']/table/tbody/tr[@class='tdata clear'])[" + i + "]/td[7]": null

2018-07-05 20:33:21 - [TEST_STEP][PASSED] - Statement - reportgroupTxt = driver.findElement(org.openqa.selenium.By.xpath(reportgroup)).getText(): null

2018-07-05 20:33:21 - [TEST_STEP][PASSED] - Statement - If (reportgroupTxt == "AutomationGroup1"): null

2018-07-05 20:33:21 - [TEST_STEP][PASSED] - Statement - Else: null

2018-07-05 20:33:21 - [TEST_STEP][PASSED] - Statement - If (!(TCflag)): null

2018-07-05 20:33:21 - [TEST_STEP][PASSED] - Statement - reportgroup = "(//div[@class='ctable']/table/tbody/tr[@class='tdata clear'])[" + i + "]/td[7]": null

2018-07-05 20:33:21 - [TEST_STEP][PASSED] - Statement - reportgroupTxt = driver.findElement(org.openqa.selenium.By.xpath(reportgroup)).getText(): null

2018-07-05 20:33:21 - [TEST_STEP][PASSED] - Statement - If (reportgroupTxt == "AutomationGroup1"): null

2018-07-05 20:33:21 - [TEST_STEP][PASSED] - Statement - println("Report group has right group name"): null

2018-07-05 20:33:21 - [TEST_STEP][PASSED] - Statement - reportgroup = "(//div[@class='ctable']/table/tbody/tr[@class='tdata clear'])[" + i + "]/td[7]": null

2018-07-05 20:33:21 - [TEST_STEP][PASSED] - Statement - reportgroupTxt = driver.findElement(org.openqa.selenium.By.xpath(reportgroup)).getText(): null

2018-07-05 20:33:21 - [TEST_STEP][PASSED] - Statement - If (reportgroupTxt == "AutomationGroup1"): null

2018-07-05 20:33:21 - [TEST_STEP][PASSED] - Statement - println("Report group has right group name"): null

2018-07-05 20:33:21 - [TEST_STEP][PASSED] - Statement - reportgroup = "(//div[@class='ctable']/table/tbody/tr[@class='tdata clear'])[" + i + "]/td[7]": null

2018-07-05 20:33:21 - [TEST_STEP][PASSED] - Statement - reportgroupTxt = driver.findElement(org.openqa.selenium.By.xpath(reportgroup)).getText(): null

2018-07-05 20:33:21 - [TEST_STEP][PASSED] - Statement - If (reportgroupTxt == "AutomationGroup1"): null

2018-07-05 20:33:21 - [TEST_STEP][PASSED] - Statement - println("Report group has right group name"): null

2018-07-05 20:33:21 - [TEST_STEP][PASSED] - Statement - reportgroup = "(//div[@class='ctable']/table/tbody/tr[@class='tdata clear'])[" + i + "]/td[7]": null

2018-07-05 20:33:21 - [TEST_STEP][PASSED] - Statement - reportgroupTxt = driver.findElement(org.openqa.selenium.By.xpath(reportgroup)).getText(): null

2018-07-05 20:33:21 - [TEST_STEP][PASSED] - Statement - If (reportgroupTxt == "AutomationGroup1"): null

2018-07-05 20:33:21 - [TEST_STEP][PASSED] - Statement - println("Report group has right group name"): null

2018-07-05 20:33:21 - [TEST_STEP][PASSED] - Statement - reportgroup = "(//div[@class='ctable']/table/tbody/tr[@class='tdata clear'])[" + i + "]/td[7]": null

2018-07-05 20:33:21 - [TEST_STEP][PASSED] - Statement - reportgroupTxt = driver.findElement(org.openqa.selenium.By.xpath(reportgroup)).getText(): null

2018-07-05 20:33:21 - [TEST_STEP][PASSED] - Statement - If (reportgroupTxt == "AutomationGroup1"): null

2018-07-05 20:33:21 - [TEST_STEP][PASSED] - Statement - println("Report group has right group name"): null

2018-07-05 20:33:21 - [TEST_STEP][PASSED] - Statement - reportgroup = "(//div[@class='ctable']/table/tbody/tr[@class='tdata clear'])[" + i + "]/td[7]": null

2018-07-05 20:33:21 - [TEST_STEP][PASSED] - Statement - reportgroupTxt = driver.findElement(org.openqa.selenium.By.xpath(reportgroup)).getText(): null

2018-07-05 20:33:21 - [TEST_STEP][PASSED] - Statement - If (reportgroupTxt == "AutomationGroup1"): null

2018-07-05 20:33:21 - [TEST_STEP][PASSED] - Statement - println("Report group has right group name"): null

2018-07-05 20:33:21 - [TEST_STEP][PASSED] - Statement - reportgroup = "(//div[@class='ctable']/table/tbody/tr[@class='tdata clear'])[" + i + "]/td[7]": null

2018-07-05 20:33:21 - [TEST_STEP][PASSED] - Statement - reportgroupTxt = driver.findElement(org.openqa.selenium.By.xpath(reportgroup)).getText(): null

2018-07-05 20:33:21 - [TEST_STEP][PASSED] - Statement - If (reportgroupTxt == "AutomationGroup1"): null

2018-07-05 20:33:21 - [TEST_STEP][PASSED] - Statement - println("Report group has right group name"): null

2018-07-05 20:33:21 - [TEST_STEP][PASSED] - Statement - reportgroup = "(//div[@class='ctable']/table/tbody/tr[@class='tdata clear'])[" + i + "]/td[7]": null

2018-07-05 20:33:21 - [TEST_STEP][PASSED] - Statement - reportgroupTxt = driver.findElement(org.openqa.selenium.By.xpath(reportgroup)).getText(): null

2018-07-05 20:33:21 - [TEST_STEP][PASSED] - Statement - If (reportgroupTxt == "AutomationGroup1"): null

2018-07-05 20:33:21 - [TEST_STEP][PASSED] - Statement - println("Report group has right group name"): null

2018-07-05 20:33:21 - [TEST_STEP][PASSED] - Statement - reportgroup = "(//div[@class='ctable']/table/tbody/tr[@class='tdata clear'])[" + i + "]/td[7]": null

2018-07-05 20:33:21 - [TEST_STEP][PASSED] - Statement - reportgroupTxt = driver.findElement(org.openqa.selenium.By.xpath(reportgroup)).getText(): null

2018-07-05 20:33:21 - [TEST_STEP][PASSED] - Statement - If (reportgroupTxt == "AutomationGroup1"): null

2018-07-05 20:33:21 - [TEST_STEP][PASSED] - Statement - println("Report group has right group name"): null

2018-07-05 20:33:21 - [TEST_STEP][PASSED] - Statement - reportgroup = "(//div[@class='ctable']/table/tbody/tr[@class='tdata clear'])[" + i + "]/td[7]": null

2018-07-05 20:33:21 - [TEST_STEP][PASSED] - Statement - reportgroupTxt = driver.findElement(org.openqa.selenium.By.xpath(reportgroup)).getText(): null

2018-07-05 20:33:21 - [TEST_STEP][PASSED] - Statement - If (reportgroupTxt == "AutomationGroup1"): null

2018-07-05 20:33:21 - [TEST_STEP][PASSED] - Statement - println("Report group has right group name"): null

2018-07-05 20:33:21 - [TEST_STEP][PASSED] - Statement - reportgroup = "(//div[@class='ctable']/table/tbody/tr[@class='tdata clear'])[" + i + "]/td[7]": null

2018-07-05 20:33:21 - [TEST_STEP][PASSED] - Statement - reportgroupTxt = driver.findElement(org.openqa.selenium.By.xpath(reportgroup)).getText(): null

2018-07-05 20:33:21 - [TEST_STEP][PASSED] - Statement - If (reportgroupTxt == "AutomationGroup1"): null

2018-07-05 20:33:21 - [TEST_STEP][PASSED] - Statement - println("Report group has right group name"): null

2018-07-05 20:33:21 - [TEST_STEP][PASSED] - Statement - reportgroup = "(//div[@class='ctable']/table/tbody/tr[@class='tdata clear'])[" + i + "]/td[7]": null

2018-07-05 20:33:21 - [TEST_STEP][PASSED] - Statement - reportgroupTxt = driver.findElement(org.openqa.selenium.By.xpath(reportgroup)).getText(): null

2018-07-05 20:33:21 - [TEST_STEP][PASSED] - Statement - If (reportgroupTxt == "AutomationGroup1"): null

2018-07-05 20:33:21 - [TEST_STEP][PASSED] - Statement - println("Report group has right group name"): null

2018-07-05 20:33:21 - [TEST_STEP][PASSED] - Statement - reportgroup = "(//div[@class='ctable']/table/tbody/tr[@class='tdata clear'])[" + i + "]/td[7]": null

2018-07-05 20:33:21 - [TEST_STEP][PASSED] - Statement - reportgroupTxt = driver.findElement(org.openqa.selenium.By.xpath(reportgroup)).getText(): null

2018-07-05 20:33:21 - [TEST_STEP][PASSED] - Statement - If (reportgroupTxt == "AutomationGroup1"): null

2018-07-05 20:33:21 - [TEST_STEP][PASSED] - Statement - println("Report group has right group name"): null

2018-07-05 20:33:21 - [TEST_STEP][PASSED] - Statement - reportgroup = "(//div[@class='ctable']/table/tbody/tr[@class='tdata clear'])[" + i + "]/td[7]": null

2018-07-05 20:33:21 - [TEST_STEP][PASSED] - Statement - reportgroupTxt = driver.findElement(org.openqa.selenium.By.xpath(reportgroup)).getText(): null

2018-07-05 20:33:21 - [TEST_STEP][PASSED] - Statement - If (reportgroupTxt == "AutomationGroup1"): null

2018-07-05 20:33:21 - [TEST_STEP][PASSED] - Statement - println("Report group has right group name"): null

2018-07-05 20:33:21 - [TEST_STEP][PASSED] - Statement - reportgroup = "(//div[@class='ctable']/table/tbody/tr[@class='tdata clear'])[" + i + "]/td[7]": null

2018-07-05 20:33:21 - [TEST_STEP][PASSED] - Statement - reportgroupTxt = driver.findElement(org.openqa.selenium.By.xpath(reportgroup)).getText(): null

2018-07-05 20:33:21 - [TEST_STEP][PASSED] - Statement - If (reportgroupTxt == "AutomationGroup1"): null

2018-07-05 20:33:21 - [TEST_STEP][PASSED] - Statement - println("Report group has right group name"): null

2018-07-05 20:33:21 - [TEST_STEP][PASSED] - Statement - reportgroup = "(//div[@class='ctable']/table/tbody/tr[@class='tdata clear'])[" + i + "]/td[7]": null

2018-07-05 20:33:21 - [TEST_STEP][PASSED] - Statement - reportgroupTxt = driver.findElement(org.openqa.selenium.By.xpath(reportgroup)).getText(): null

2018-07-05 20:33:21 - [TEST_STEP][PASSED] - Statement - If (reportgroupTxt == "AutomationGroup1"): null

2018-07-05 20:33:21 - [TEST_STEP][PASSED] - Statement - println("Report group has right group name"): null

2018-07-05 20:33:21 - [TEST_STEP][PASSED] - Statement - reportgroup = "(//div[@class='ctable']/table/tbody/tr[@class='tdata clear'])[" + i + "]/td[7]": null

2018-07-05 20:33:21 - [TEST_STEP][PASSED] - Statement - reportgroupTxt = driver.findElement(org.openqa.selenium.By.xpath(reportgroup)).getText(): null

2018-07-05 20:33:21 - [TEST_STEP][PASSED] - Statement - If (reportgroupTxt == "AutomationGroup1"): null

2018-07-05 20:33:21 - [TEST_STEP][PASSED] - Statement - println("Report group has right group name"): null

2018-07-05 20:33:21 - [TEST_STEP][PASSED] - Statement - reportgroup = "(//div[@class='ctable']/table/tbody/tr[@class='tdata clear'])[" + i + "]/td[7]": null

2018-07-05 20:33:21 - [TEST_STEP][PASSED] - Statement - reportgroupTxt = driver.findElement(org.openqa.selenium.By.xpath(reportgroup)).getText(): null

2018-07-05 20:33:21 - [TEST_STEP][PASSED] - Statement - If (reportgroupTxt == "AutomationGroup1"): null

2018-07-05 20:33:21 - [TEST_STEP][PASSED] - Statement - println("Report group has right group name"): null

2018-07-05 20:33:21 - [TEST_STEP][PASSED] - Statement - reportgroup = "(//div[@class='ctable']/table/tbody/tr[@class='tdata clear'])[" + i + "]/td[7]": null

2018-07-05 20:33:21 - [TEST_STEP][PASSED] - Statement - reportgroupTxt = driver.findElement(org.openqa.selenium.By.xpath(reportgroup)).getText(): null

2018-07-05 20:33:21 - [TEST_STEP][PASSED] - Statement - If (reportgroupTxt == "AutomationGroup1"): null

2018-07-05 20:33:21 - [TEST_STEP][PASSED] - Statement - println("Report group has right group name"): null

2018-07-05 20:33:21 - [TEST_STEP][PASSED] - Statement - reportgroup = "(//div[@class='ctable']/table/tbody/tr[@class='tdata clear'])[" + i + "]/td[7]": null

2018-07-05 20:33:21 - [TEST_STEP][PASSED] - Statement - reportgroupTxt = driver.findElement(org.openqa.selenium.By.xpath(reportgroup)).getText(): null

2018-07-05 20:33:21 - [TEST_STEP][PASSED] - Statement - If (reportgroupTxt == "AutomationGroup1"): null

2018-07-05 20:33:21 - [TEST_STEP][PASSED] - Statement - println("Report group has right group name"): null

2018-07-05 20:33:21 - [TEST_STEP][PASSED] - Statement - reportgroup = "(//div[@class='ctable']/table/tbody/tr[@class='tdata clear'])[" + i + "]/td[7]": null

2018-07-05 20:33:21 - [TEST_STEP][PASSED] - Statement - reportgroupTxt = driver.findElement(org.openqa.selenium.By.xpath(reportgroup)).getText(): null

2018-07-05 20:33:21 - [TEST_STEP][PASSED] - Statement - If (reportgroupTxt == "AutomationGroup1"): null

2018-07-05 20:33:21 - [TEST_STEP][PASSED] - Statement - println("Report group has right group name"): null

2018-07-05 20:33:21 - [TEST_STEP][PASSED] - Statement - reportgroup = "(//div[@class='ctable']/table/tbody/tr[@class='tdata clear'])[" + i + "]/td[7]": null

2018-07-05 20:33:21 - [TEST_STEP][PASSED] - Statement - reportgroupTxt = driver.findElement(org.openqa.selenium.By.xpath(reportgroup)).getText(): null

2018-07-05 20:33:21 - [TEST_STEP][PASSED] - Statement - If (reportgroupTxt == "AutomationGroup1"): null

2018-07-05 20:33:21 - [TEST_STEP][PASSED] - Statement - println("Report group has right group name"): null

2018-07-05 20:33:21 - [TEST_STEP][PASSED] - Statement - reportgroup = "(//div[@class='ctable']/table/tbody/tr[@class='tdata clear'])[" + i + "]/td[7]": null

2018-07-05 20:33:21 - [TEST_STEP][PASSED] - Statement - reportgroupTxt = driver.findElement(org.openqa.selenium.By.xpath(reportgroup)).getText(): null

2018-07-05 20:33:21 - [TEST_STEP][PASSED] - Statement - If (reportgroupTxt == "AutomationGroup1"): null

2018-07-05 20:33:21 - [TEST_STEP][PASSED] - Statement - println("Report group has right group name"): null

2018-07-05 20:33:21 - [TEST_STEP][PASSED] - Statement - reportgroup = "(//div[@class='ctable']/table/tbody/tr[@class='tdata clear'])[" + i + "]/td[7]": null

2018-07-05 20:33:21 - [TEST_STEP][PASSED] - Statement - reportgroupTxt = driver.findElement(org.openqa.selenium.By.xpath(reportgroup)).getText(): null

2018-07-05 20:33:21 - [TEST_STEP][PASSED] - Statement - If (reportgroupTxt == "AutomationGroup1"): null

2018-07-05 20:33:21 - [TEST_STEP][PASSED] - Statement - println("Report group has right group name"): null

2018-07-05 20:33:21 - [TEST_STEP][PASSED] - Statement - reportgroup = "(//div[@class='ctable']/table/tbody/tr[@class='tdata clear'])[" + i + "]/td[7]": null

2018-07-05 20:33:21 - [TEST_STEP][PASSED] - Statement - reportgroupTxt = driver.findElement(org.openqa.selenium.By.xpath(reportgroup)).getText(): null

2018-07-05 20:33:21 - [TEST_STEP][PASSED] - Statement - If (reportgroupTxt == "AutomationGroup1"): null

2018-07-05 20:33:21 - [TEST_STEP][PASSED] - Statement - println("Report group has right group name"): null

2018-07-05 20:33:21 - [TEST_STEP][PASSED] - Statement - reportgroup = "(//div[@class='ctable']/table/tbody/tr[@class='tdata clear'])[" + i + "]/td[7]": null

2018-07-05 20:33:21 - [TEST_STEP][PASSED] - Statement - reportgroupTxt = driver.findElement(org.openqa.selenium.By.xpath(reportgroup)).getText(): null

2018-07-05 20:33:22 - [TEST_STEP][PASSED] - Statement - If (reportgroupTxt == "AutomationGroup1"): null

2018-07-05 20:33:22 - [TEST_STEP][PASSED] - Statement - println("Report group has right group name"): null

2018-07-05 20:33:22 - [TEST_STEP][PASSED] - Statement - reportgroup = "(//div[@class='ctable']/table/tbody/tr[@class='tdata clear'])[" + i + "]/td[7]": null

2018-07-05 20:33:22 - [TEST_STEP][PASSED] - Statement - reportgroupTxt = driver.findElement(org.openqa.selenium.By.xpath(reportgroup)).getText(): null

2018-07-05 20:33:22 - [TEST_STEP][PASSED] - Statement - If (reportgroupTxt == "AutomationGroup1"): null

2018-07-05 20:33:22 - [TEST_STEP][PASSED] - Statement - println("Report group has right group name"): null

2018-07-05 20:33:22 - [TEST_STEP][PASSED] - Statement - reportgroup = "(//div[@class='ctable']/table/tbody/tr[@class='tdata clear'])[" + i + "]/td[7]": null

2018-07-05 20:33:22 - [TEST_STEP][PASSED] - Statement - reportgroupTxt = driver.findElement(org.openqa.selenium.By.xpath(reportgroup)).getText(): null

2018-07-05 20:33:22 - [TEST_STEP][PASSED] - Statement - If (reportgroupTxt == "AutomationGroup1"): null

2018-07-05 20:33:22 - [TEST_STEP][PASSED] - Statement - println("Report group has right group name"): null

2018-07-05 20:33:22 - [TEST_STEP][PASSED] - Statement - reportgroup = "(//div[@class='ctable']/table/tbody/tr[@class='tdata clear'])[" + i + "]/td[7]": null

2018-07-05 20:33:22 - [TEST_STEP][PASSED] - Statement - reportgroupTxt = driver.findElement(org.openqa.selenium.By.xpath(reportgroup)).getText(): null

2018-07-05 20:33:22 - [TEST_STEP][PASSED] - Statement - If (reportgroupTxt == "AutomationGroup1"): null

2018-07-05 20:33:22 - [TEST_STEP][PASSED] - Statement - println("Report group has right group name"): null

2018-07-05 20:33:22 - [TEST_STEP][PASSED] - Statement - reportgroup = "(//div[@class='ctable']/table/tbody/tr[@class='tdata clear'])[" + i + "]/td[7]": null

2018-07-05 20:33:22 - [TEST_STEP][PASSED] - Statement - reportgroupTxt = driver.findElement(org.openqa.selenium.By.xpath(reportgroup)).getText(): null

2018-07-05 20:33:22 - [TEST_STEP][PASSED] - Statement - If (reportgroupTxt == "AutomationGroup1"): null

2018-07-05 20:33:22 - [TEST_STEP][PASSED] - Statement - println("Report group has right group name"): null

2018-07-05 20:33:22 - [TEST_STEP][PASSED] - Statement - reportgroup = "(//div[@class='ctable']/table/tbody/tr[@class='tdata clear'])[" + i + "]/td[7]": null

2018-07-05 20:33:22 - [TEST_STEP][PASSED] - Statement - reportgroupTxt = driver.findElement(org.openqa.selenium.By.xpath(reportgroup)).getText(): null

2018-07-05 20:33:22 - [TEST_STEP][PASSED] - Statement - If (reportgroupTxt == "AutomationGroup1"): null

2018-07-05 20:33:22 - [TEST_STEP][PASSED] - Statement - println("Report group has right group name"): null

2018-07-05 20:33:22 - [TEST_STEP][PASSED] - Statement - reportgroup = "(//div[@class='ctable']/table/tbody/tr[@class='tdata clear'])[" + i + "]/td[7]": null

2018-07-05 20:33:22 - [TEST_STEP][PASSED] - Statement - reportgroupTxt = driver.findElement(org.openqa.selenium.By.xpath(reportgroup)).getText(): null

2018-07-05 20:33:22 - [TEST_STEP][PASSED] - Statement - If (reportgroupTxt == "AutomationGroup1"): null

2018-07-05 20:33:22 - [TEST_STEP][PASSED] - Statement - println("Report group has right group name"): null

2018-07-05 20:33:22 - [TEST_STEP][PASSED] - Statement - reportgroup = "(//div[@class='ctable']/table/tbody/tr[@class='tdata clear'])[" + i + "]/td[7]": null

2018-07-05 20:33:22 - [TEST_STEP][PASSED] - Statement - reportgroupTxt = driver.findElement(org.openqa.selenium.By.xpath(reportgroup)).getText(): null

2018-07-05 20:33:22 - [TEST_STEP][PASSED] - Statement - If (reportgroupTxt == "AutomationGroup1"): null

2018-07-05 20:33:22 - [TEST_STEP][PASSED] - Statement - println("Report group has right group name"): null

2018-07-05 20:33:22 - [TEST_STEP][PASSED] - Statement - reportgroup = "(//div[@class='ctable']/table/tbody/tr[@class='tdata clear'])[" + i + "]/td[7]": null

2018-07-05 20:33:22 - [TEST_STEP][PASSED] - Statement - reportgroupTxt = driver.findElement(org.openqa.selenium.By.xpath(reportgroup)).getText(): null

2018-07-05 20:33:22 - [TEST_STEP][PASSED] - Statement - If (reportgroupTxt == "AutomationGroup1"): null

2018-07-05 20:33:22 - [TEST_STEP][PASSED] - Statement - println("Report group has right group name"): null

2018-07-05 20:33:22 - [TEST_STEP][PASSED] - Statement - reportgroup = "(//div[@class='ctable']/table/tbody/tr[@class='tdata clear'])[" + i + "]/td[7]": null

2018-07-05 20:33:22 - [TEST_STEP][PASSED] - Statement - reportgroupTxt = driver.findElement(org.openqa.selenium.By.xpath(reportgroup)).getText(): null

2018-07-05 20:33:22 - [TEST_STEP][PASSED] - Statement - If (reportgroupTxt == "AutomationGroup1"): null

2018-07-05 20:33:22 - [TEST_STEP][PASSED] - Statement - println("Report group has right group name"): null

2018-07-05 20:33:22 - [TEST_STEP][PASSED] - Statement - reportgroup = "(//div[@class='ctable']/table/tbody/tr[@class='tdata clear'])[" + i + "]/td[7]": null

2018-07-05 20:33:22 - [TEST_STEP][PASSED] - Statement - reportgroupTxt = driver.findElement(org.openqa.selenium.By.xpath(reportgroup)).getText(): null

2018-07-05 20:33:22 - [TEST_STEP][PASSED] - Statement - If (reportgroupTxt == "AutomationGroup1"): null

2018-07-05 20:33:22 - [TEST_STEP][PASSED] - Statement - println("Report group has right group name"): null

2018-07-05 20:33:22 - [TEST_STEP][PASSED] - Statement - reportgroup = "(//div[@class='ctable']/table/tbody/tr[@class='tdata clear'])[" + i + "]/td[7]": null

2018-07-05 20:33:22 - [TEST_STEP][PASSED] - Statement - reportgroupTxt = driver.findElement(org.openqa.selenium.By.xpath(reportgroup)).getText(): null

2018-07-05 20:33:22 - [TEST_STEP][PASSED] - Statement - If (reportgroupTxt == "AutomationGroup1"): null

2018-07-05 20:33:22 - [TEST_STEP][PASSED] - Statement - println("Report group has right group name"): null

2018-07-05 20:33:22 - [TEST_STEP][PASSED] - Statement - reportgroup = "(//div[@class='ctable']/table/tbody/tr[@class='tdata clear'])[" + i + "]/td[7]": null

2018-07-05 20:33:22 - [TEST_STEP][PASSED] - Statement - reportgroupTxt = driver.findElement(org.openqa.selenium.By.xpath(reportgroup)).getText(): null

2018-07-05 20:33:22 - [TEST_STEP][PASSED] - Statement - If (reportgroupTxt == "AutomationGroup1"): null

2018-07-05 20:33:22 - [TEST_STEP][PASSED] - Statement - println("Report group has right group name"): null

2018-07-05 20:33:22 - [TEST_STEP][PASSED] - Statement - reportgroup = "(//div[@class='ctable']/table/tbody/tr[@class='tdata clear'])[" + i + "]/td[7]": null

2018-07-05 20:33:22 - [TEST_STEP][PASSED] - Statement - reportgroupTxt = driver.findElement(org.openqa.selenium.By.xpath(reportgroup)).getText(): null

2018-07-05 20:33:22 - [TEST_STEP][PASSED] - Statement - If (reportgroupTxt == "AutomationGroup1"): null

2018-07-05 20:33:22 - [TEST_STEP][PASSED] - Statement - println("Report group has right group name"): null

2018-07-05 20:33:22 - [TEST_STEP][PASSED] - Statement - reportgroup = "(//div[@class='ctable']/table/tbody/tr[@class='tdata clear'])[" + i + "]/td[7]": null

2018-07-05 20:33:22 - [TEST_STEP][PASSED] - Statement - reportgroupTxt = driver.findElement(org.openqa.selenium.By.xpath(reportgroup)).getText(): null

2018-07-05 20:33:22 - [TEST_STEP][PASSED] - Statement - If (reportgroupTxt == "AutomationGroup1"): null

2018-07-05 20:33:22 - [TEST_STEP][PASSED] - Statement - println("Report group has right group name"): null

2018-07-05 20:33:22 - [TEST_STEP][PASSED] - Statement - reportgroup = "(//div[@class='ctable']/table/tbody/tr[@class='tdata clear'])[" + i + "]/td[7]": null

2018-07-05 20:33:22 - [TEST_STEP][PASSED] - Statement - reportgroupTxt = driver.findElement(org.openqa.selenium.By.xpath(reportgroup)).getText(): null

2018-07-05 20:33:22 - [TEST_STEP][PASSED] - Statement - If (reportgroupTxt == "AutomationGroup1"): null

2018-07-05 20:33:22 - [TEST_STEP][PASSED] - Statement - println("Report group has right group name"): null

2018-07-05 20:33:22 - [TEST_STEP][PASSED] - Statement - reportgroup = "(//div[@class='ctable']/table/tbody/tr[@class='tdata clear'])[" + i + "]/td[7]": null

2018-07-05 20:33:22 - [TEST_STEP][PASSED] - Statement - reportgroupTxt = driver.findElement(org.openqa.selenium.By.xpath(reportgroup)).getText(): null

2018-07-05 20:33:22 - [TEST_STEP][PASSED] - Statement - If (reportgroupTxt == "AutomationGroup1"): null

2018-07-05 20:33:22 - [TEST_STEP][PASSED] - Statement - println("Report group has right group name"): null

2018-07-05 20:33:22 - [TEST_STEP][PASSED] - Statement - reportgroup = "(//div[@class='ctable']/table/tbody/tr[@class='tdata clear'])[" + i + "]/td[7]": null

2018-07-05 20:33:22 - [TEST_STEP][PASSED] - Statement - reportgroupTxt = driver.findElement(org.openqa.selenium.By.xpath(reportgroup)).getText(): null

2018-07-05 20:33:22 - [TEST_STEP][PASSED] - Statement - If (reportgroupTxt == "AutomationGroup1"): null

2018-07-05 20:33:22 - [TEST_STEP][PASSED] - Statement - println("Report group has right group name"): null

2018-07-05 20:33:22 - [TEST_STEP][PASSED] - Statement - reportgroup = "(//div[@class='ctable']/table/tbody/tr[@class='tdata clear'])[" + i + "]/td[7]": null

2018-07-05 20:33:22 - [TEST_STEP][PASSED] - Statement - reportgroupTxt = driver.findElement(org.openqa.selenium.By.xpath(reportgroup)).getText(): null

2018-07-05 20:33:22 - [TEST_STEP][PASSED] - Statement - If (reportgroupTxt == "AutomationGroup1"): null

2018-07-05 20:33:22 - [TEST_STEP][PASSED] - Statement - println("Report group has right group name"): null

2018-07-05 20:33:22 - [TEST_STEP][PASSED] - Statement - reportgroup = "(//div[@class='ctable']/table/tbody/tr[@class='tdata clear'])[" + i + "]/td[7]": null

2018-07-05 20:33:22 - [TEST_STEP][PASSED] - Statement - reportgroupTxt = driver.findElement(org.openqa.selenium.By.xpath(reportgroup)).getText(): null

2018-07-05 20:33:22 - [TEST_STEP][PASSED] - Statement - If (reportgroupTxt == "AutomationGroup1"): null

2018-07-05 20:33:22 - [TEST_STEP][PASSED] - Statement - println("Report group has right group name"): null

2018-07-05 20:33:22 - [TEST_STEP][PASSED] - Statement - reportgroup = "(//div[@class='ctable']/table/tbody/tr[@class='tdata clear'])[" + i + "]/td[7]": null

2018-07-05 20:33:22 - [TEST_STEP][PASSED] - Statement - reportgroupTxt = driver.findElement(org.openqa.selenium.By.xpath(reportgroup)).getText(): null

2018-07-05 20:33:22 - [TEST_STEP][PASSED] - Statement - If (reportgroupTxt == "AutomationGroup1"): null

2018-07-05 20:33:22 - [TEST_STEP][PASSED] - Statement - println("Report group has right group name"): null

2018-07-05 20:33:22 - [TEST_STEP][PASSED] - Statement - reportgroup = "(//div[@class='ctable']/table/tbody/tr[@class='tdata clear'])[" + i + "]/td[7]": null

2018-07-05 20:33:22 - [TEST_STEP][PASSED] - Statement - reportgroupTxt = driver.findElement(org.openqa.selenium.By.xpath(reportgroup)).getText(): null

2018-07-05 20:33:22 - [TEST_STEP][PASSED] - Statement - If (reportgroupTxt == "AutomationGroup1"): null

2018-07-05 20:33:22 - [TEST_STEP][PASSED] - Statement - println("Report group has right group name"): null

2018-07-05 20:33:22 - [TEST_STEP][PASSED] - Statement - reportgroup = "(//div[@class='ctable']/table/tbody/tr[@class='tdata clear'])[" + i + "]/td[7]": null

2018-07-05 20:33:22 - [TEST_STEP][PASSED] - Statement - reportgroupTxt = driver.findElement(org.openqa.selenium.By.xpath(reportgroup)).getText(): null

2018-07-05 20:33:22 - [TEST_STEP][PASSED] - Statement - If (reportgroupTxt == "AutomationGroup1"): null

2018-07-05 20:33:22 - [TEST_STEP][PASSED] - Statement - println("Report group has right group name"): null

2018-07-05 20:33:22 - [TEST_STEP][PASSED] - Statement - reportgroup = "(//div[@class='ctable']/table/tbody/tr[@class='tdata clear'])[" + i + "]/td[7]": null

2018-07-05 20:33:22 - [TEST_STEP][PASSED] - Statement - reportgroupTxt = driver.findElement(org.openqa.selenium.By.xpath(reportgroup)).getText(): null

2018-07-05 20:33:22 - [TEST_STEP][PASSED] - Statement - If (reportgroupTxt == "AutomationGroup1"): null

2018-07-05 20:33:22 - [TEST_STEP][PASSED] - Statement - println("Report group has right group name"): null

2018-07-05 20:33:22 - [TEST_STEP][PASSED] - Statement - reportgroup = "(//div[@class='ctable']/table/tbody/tr[@class='tdata clear'])[" + i + "]/td[7]": null

2018-07-05 20:33:22 - [TEST_STEP][PASSED] - Statement - reportgroupTxt = driver.findElement(org.openqa.selenium.By.xpath(reportgroup)).getText(): null

2018-07-05 20:33:22 - [TEST_STEP][PASSED] - Statement - If (reportgroupTxt == "AutomationGroup1"): null

2018-07-05 20:33:22 - [TEST_STEP][PASSED] - Statement - println("Report group has right group name"): null

2018-07-05 20:33:22 - [TEST_STEP][PASSED] - Statement - reportgroup = "(//div[@class='ctable']/table/tbody/tr[@class='tdata clear'])[" + i + "]/td[7]": null

2018-07-05 20:33:22 - [TEST_STEP][PASSED] - Statement - reportgroupTxt = driver.findElement(org.openqa.selenium.By.xpath(reportgroup)).getText(): null

2018-07-05 20:33:22 - [TEST_STEP][PASSED] - Statement - If (reportgroupTxt == "AutomationGroup1"): null

2018-07-05 20:33:22 - [TEST_STEP][PASSED] - Statement - println("Report group has right group name"): null

2018-07-05 20:33:22 - [TEST_STEP][PASSED] - Statement - reportgroup = "(//div[@class='ctable']/table/tbody/tr[@class='tdata clear'])[" + i + "]/td[7]": null

2018-07-05 20:33:22 - [TEST_STEP][PASSED] - Statement - reportgroupTxt = driver.findElement(org.openqa.selenium.By.xpath(reportgroup)).getText(): null

2018-07-05 20:33:22 - [TEST_STEP][PASSED] - Statement - If (reportgroupTxt == "AutomationGroup1"): null

2018-07-05 20:33:22 - [TEST_STEP][PASSED] - Statement - println("Report group has right group name"): null

2018-07-05 20:33:22 - [TEST_STEP][PASSED] - Statement - reportgroup = "(//div[@class='ctable']/table/tbody/tr[@class='tdata clear'])[" + i + "]/td[7]": null

2018-07-05 20:33:22 - [TEST_STEP][PASSED] - Statement - reportgroupTxt = driver.findElement(org.openqa.selenium.By.xpath(reportgroup)).getText(): null

2018-07-05 20:33:22 - [TEST_STEP][PASSED] - Statement - If (reportgroupTxt == "AutomationGroup1"): null

2018-07-05 20:33:22 - [TEST_STEP][PASSED] - Statement - println("Report group has right group name"): null

2018-07-05 20:33:22 - [TEST_STEP][PASSED] - Statement - reportgroup = "(//div[@class='ctable']/table/tbody/tr[@class='tdata clear'])[" + i + "]/td[7]": null

2018-07-05 20:33:22 - [TEST_STEP][PASSED] - Statement - reportgroupTxt = driver.findElement(org.openqa.selenium.By.xpath(reportgroup)).getText(): null

2018-07-05 20:33:22 - [TEST_STEP][PASSED] - Statement - If (reportgroupTxt == "AutomationGroup1"): null

2018-07-05 20:33:22 - [TEST_STEP][PASSED] - Statement - println("Report group has right group name"): null

2018-07-05 20:33:22 - [TEST_STEP][PASSED] - Statement - reportgroup = "(//div[@class='ctable']/table/tbody/tr[@class='tdata clear'])[" + i + "]/td[7]": null

2018-07-05 20:33:22 - [TEST_STEP][PASSED] - Statement - reportgroupTxt = driver.findElement(org.openqa.selenium.By.xpath(reportgroup)).getText(): null

2018-07-05 20:33:22 - [TEST_STEP][PASSED] - Statement - If (reportgroupTxt == "AutomationGroup1"): null

2018-07-05 20:33:22 - [TEST_STEP][PASSED] - Statement - println("Report group has right group name"): null

2018-07-05 20:33:22 - [TEST_STEP][PASSED] - Statement - reportgroup = "(//div[@class='ctable']/table/tbody/tr[@class='tdata clear'])[" + i + "]/td[7]": null

2018-07-05 20:33:22 - [TEST_STEP][PASSED] - Statement - reportgroupTxt = driver.findElement(org.openqa.selenium.By.xpath(reportgroup)).getText(): null

2018-07-05 20:33:22 - [TEST_STEP][PASSED] - Statement - If (reportgroupTxt == "AutomationGroup1"): null

2018-07-05 20:33:22 - [TEST_STEP][PASSED] - Statement - println("Report group has right group name"): null

2018-07-05 20:33:22 - [TEST_STEP][PASSED] - Statement - reportgroup = "(//div[@class='ctable']/table/tbody/tr[@class='tdata clear'])[" + i + "]/td[7]": null

2018-07-05 20:33:22 - [TEST_STEP][PASSED] - Statement - reportgroupTxt = driver.findElement(org.openqa.selenium.By.xpath(reportgroup)).getText(): null

2018-07-05 20:33:22 - [TEST_STEP][PASSED] - Statement - If (reportgroupTxt == "AutomationGroup1"): null

2018-07-05 20:33:22 - [TEST_STEP][PASSED] - Statement - println("Report group has right group name"): null

2018-07-05 20:33:22 - [TEST_STEP][PASSED] - Statement - reportgroup = "(//div[@class='ctable']/table/tbody/tr[@class='tdata clear'])[" + i + "]/td[7]": null

2018-07-05 20:33:22 - [TEST_STEP][PASSED] - Statement - reportgroupTxt = driver.findElement(org.openqa.selenium.By.xpath(reportgroup)).getText(): null

2018-07-05 20:33:22 - [TEST_STEP][PASSED] - Statement - If (reportgroupTxt == "AutomationGroup1"): null

2018-07-05 20:33:22 - [TEST_STEP][PASSED] - Statement - println("Report group has right group name"): null

2018-07-05 20:33:22 - [TEST_STEP][PASSED] - Statement - reportgroup = "(//div[@class='ctable']/table/tbody/tr[@class='tdata clear'])[" + i + "]/td[7]": null

2018-07-05 20:33:22 - [TEST_STEP][PASSED] - Statement - reportgroupTxt = driver.findElement(org.openqa.selenium.By.xpath(reportgroup)).getText(): null

2018-07-05 20:33:22 - [TEST_STEP][PASSED] - Statement - If (reportgroupTxt == "AutomationGroup1"): null

2018-07-05 20:33:22 - [TEST_STEP][PASSED] - Statement - println("Report group has right group name"): null

2018-07-05 20:33:22 - [TEST_STEP][PASSED] - Statement - reportgroup = "(//div[@class='ctable']/table/tbody/tr[@class='tdata clear'])[" + i + "]/td[7]": null

2018-07-05 20:33:22 - [TEST_STEP][PASSED] - Statement - reportgroupTxt = driver.findElement(org.openqa.selenium.By.xpath(reportgroup)).getText(): null

2018-07-05 20:33:23 - [TEST_STEP][PASSED] - Statement - If (reportgroupTxt == "AutomationGroup1"): null

2018-07-05 20:33:23 - [TEST_STEP][PASSED] - Statement - println("Report group has right group name"): null

2018-07-05 20:33:23 - [TEST_STEP][PASSED] - Statement - reportgroup = "(//div[@class='ctable']/table/tbody/tr[@class='tdata clear'])[" + i + "]/td[7]": null

2018-07-05 20:33:23 - [TEST_STEP][PASSED] - Statement - reportgroupTxt = driver.findElement(org.openqa.selenium.By.xpath(reportgroup)).getText(): null

2018-07-05 20:33:23 - [TEST_STEP][PASSED] - Statement - If (reportgroupTxt == "AutomationGroup1"): null

2018-07-05 20:33:23 - [TEST_STEP][PASSED] - Statement - println("Report group has right group name"): null

2018-07-05 20:33:23 - [TEST_STEP][PASSED] - Statement - reportgroup = "(//div[@class='ctable']/table/tbody/tr[@class='tdata clear'])[" + i + "]/td[7]": null

2018-07-05 20:33:23 - [TEST_STEP][PASSED] - Statement - reportgroupTxt = driver.findElement(org.openqa.selenium.By.xpath(reportgroup)).getText(): null

2018-07-05 20:33:23 - [TEST_STEP][PASSED] - Statement - If (reportgroupTxt == "AutomationGroup1"): null

2018-07-05 20:33:23 - [TEST_STEP][PASSED] - Statement - println("Report group has right group name"): null

2018-07-05 20:33:23 - [TEST_STEP][PASSED] - Statement - reportgroup = "(//div[@class='ctable']/table/tbody/tr[@class='tdata clear'])[" + i + "]/td[7]": null

2018-07-05 20:33:23 - [TEST_STEP][PASSED] - Statement - reportgroupTxt = driver.findElement(org.openqa.selenium.By.xpath(reportgroup)).getText(): null

2018-07-05 20:33:23 - [TEST_STEP][PASSED] - Statement - If (reportgroupTxt == "AutomationGroup1"): null

2018-07-05 20:33:23 - [TEST_STEP][PASSED] - Statement - println("Report group has right group name"): null

2018-07-05 20:33:23 - [TEST_STEP][PASSED] - Statement - reportgroup = "(//div[@class='ctable']/table/tbody/tr[@class='tdata clear'])[" + i + "]/td[7]": null

2018-07-05 20:33:23 - [TEST_STEP][PASSED] - Statement - reportgroupTxt = driver.findElement(org.openqa.selenium.By.xpath(reportgroup)).getText(): null

2018-07-05 20:33:23 - [TEST_STEP][PASSED] - Statement - If (reportgroupTxt == "AutomationGroup1"): null

2018-07-05 20:33:23 - [TEST_STEP][PASSED] - Statement - println("Report group has right group name"): null

2018-07-05 20:33:23 - [TEST_STEP][PASSED] - Statement - reportgroup = "(//div[@class='ctable']/table/tbody/tr[@class='tdata clear'])[" + i + "]/td[7]": null

2018-07-05 20:33:23 - [TEST_STEP][PASSED] - Statement - reportgroupTxt = driver.findElement(org.openqa.selenium.By.xpath(reportgroup)).getText(): null

2018-07-05 20:33:23 - [TEST_STEP][PASSED] - Statement - If (reportgroupTxt == "AutomationGroup1"): null

2018-07-05 20:33:23 - [TEST_STEP][PASSED] - Statement - println("Report group has right group name"): null

2018-07-05 20:33:23 - [TEST_STEP][PASSED] - Statement - reportgroup = "(//div[@class='ctable']/table/tbody/tr[@class='tdata clear'])[" + i + "]/td[7]": null

2018-07-05 20:33:23 - [TEST_STEP][PASSED] - Statement - reportgroupTxt = driver.findElement(org.openqa.selenium.By.xpath(reportgroup)).getText(): null

2018-07-05 20:33:23 - [TEST_STEP][PASSED] - Statement - If (reportgroupTxt == "AutomationGroup1"): null

2018-07-05 20:33:23 - [TEST_STEP][PASSED] - Statement - println("Report group has right group name"): null

2018-07-05 20:33:23 - [TEST_STEP][PASSED] - Statement - reportgroup = "(//div[@class='ctable']/table/tbody/tr[@class='tdata clear'])[" + i + "]/td[7]": null

2018-07-05 20:33:23 - [TEST_STEP][PASSED] - Statement - reportgroupTxt = driver.findElement(org.openqa.selenium.By.xpath(reportgroup)).getText(): null

2018-07-05 20:33:23 - [TEST_STEP][PASSED] - Statement - If (reportgroupTxt == "AutomationGroup1"): null

2018-07-05 20:33:23 - [TEST_STEP][PASSED] - Statement - println("Report group has right group name"): null

2018-07-05 20:33:23 - [TEST_STEP][PASSED] - Statement - reportgroup = "(//div[@class='ctable']/table/tbody/tr[@class='tdata clear'])[" + i + "]/td[7]": null

2018-07-05 20:33:23 - [TEST_STEP][PASSED] - Statement - reportgroupTxt = driver.findElement(org.openqa.selenium.By.xpath(reportgroup)).getText(): null

2018-07-05 20:33:23 - [TEST_STEP][PASSED] - Statement - If (reportgroupTxt == "AutomationGroup1"): null

2018-07-05 20:33:23 - [TEST_STEP][PASSED] - Statement - println("Report group has right group name"): null

2018-07-05 20:33:23 - [TEST_STEP][PASSED] - Statement - reportgroup = "(//div[@class='ctable']/table/tbody/tr[@class='tdata clear'])[" + i + "]/td[7]": null

2018-07-05 20:33:23 - [TEST_STEP][PASSED] - Statement - reportgroupTxt = driver.findElement(org.openqa.selenium.By.xpath(reportgroup)).getText(): null

2018-07-05 20:33:23 - [TEST_STEP][PASSED] - Statement - If (reportgroupTxt == "AutomationGroup1"): null

2018-07-05 20:33:23 - [TEST_STEP][PASSED] - Statement - println("Report group has right group name"): null

2018-07-05 20:33:23 - [TEST_STEP][PASSED] - Statement - reportgroup = "(//div[@class='ctable']/table/tbody/tr[@class='tdata clear'])[" + i + "]/td[7]": null

2018-07-05 20:33:23 - [TEST_STEP][PASSED] - Statement - reportgroupTxt = driver.findElement(org.openqa.selenium.By.xpath(reportgroup)).getText(): null

2018-07-05 20:33:23 - [TEST_STEP][PASSED] - Statement - If (reportgroupTxt == "AutomationGroup1"): null

2018-07-05 20:33:23 - [TEST_STEP][PASSED] - Statement - println("Report group has right group name"): null

2018-07-05 20:33:23 - [TEST_STEP][PASSED] - Statement - reportgroup = "(//div[@class='ctable']/table/tbody/tr[@class='tdata clear'])[" + i + "]/td[7]": null

2018-07-05 20:33:23 - [TEST_STEP][PASSED] - Statement - reportgroupTxt = driver.findElement(org.openqa.selenium.By.xpath(reportgroup)).getText(): null

2018-07-05 20:33:23 - [TEST_STEP][PASSED] - Statement - If (reportgroupTxt == "AutomationGroup1"): null

2018-07-05 20:33:23 - [TEST_STEP][PASSED] - Statement - println("Report group has right group name"): null

2018-07-05 20:33:23 - [TEST_STEP][PASSED] - Statement - reportgroup = "(//div[@class='ctable']/table/tbody/tr[@class='tdata clear'])[" + i + "]/td[7]": null

2018-07-05 20:33:23 - [TEST_STEP][PASSED] - Statement - reportgroupTxt = driver.findElement(org.openqa.selenium.By.xpath(reportgroup)).getText(): null

2018-07-05 20:33:23 - [TEST_STEP][PASSED] - Statement - If (reportgroupTxt == "AutomationGroup1"): null

2018-07-05 20:33:23 - [TEST_STEP][PASSED] - Statement - println("Report group has right group name"): null

2018-07-05 20:33:23 - [TEST_STEP][PASSED] - Statement - reportgroup = "(//div[@class='ctable']/table/tbody/tr[@class='tdata clear'])[" + i + "]/td[7]": null

2018-07-05 20:33:23 - [TEST_STEP][PASSED] - Statement - reportgroupTxt = driver.findElement(org.openqa.selenium.By.xpath(reportgroup)).getText(): null

2018-07-05 20:33:23 - [TEST_STEP][PASSED] - Statement - If (reportgroupTxt == "AutomationGroup1"): null

2018-07-05 20:33:23 - [TEST_STEP][PASSED] - Statement - println("Report group has right group name"): null

2018-07-05 20:33:23 - [TEST_STEP][PASSED] - Statement - reportgroup = "(//div[@class='ctable']/table/tbody/tr[@class='tdata clear'])[" + i + "]/td[7]": null

2018-07-05 20:33:23 - [TEST_STEP][PASSED] - Statement - reportgroupTxt = driver.findElement(org.openqa.selenium.By.xpath(reportgroup)).getText(): null

2018-07-05 20:33:23 - [TEST_STEP][PASSED] - Statement - If (reportgroupTxt == "AutomationGroup1"): null

2018-07-05 20:33:23 - [TEST_STEP][PASSED] - Statement - println("Report group has right group name"): null

2018-07-05 20:33:23 - [TEST_STEP][PASSED] - Statement - reportgroup = "(//div[@class='ctable']/table/tbody/tr[@class='tdata clear'])[" + i + "]/td[7]": null

2018-07-05 20:33:23 - [TEST_STEP][PASSED] - Statement - reportgroupTxt = driver.findElement(org.openqa.selenium.By.xpath(reportgroup)).getText(): null

2018-07-05 20:33:23 - [TEST_STEP][PASSED] - Statement - If (reportgroupTxt == "AutomationGroup1"): null

2018-07-05 20:33:23 - [TEST_STEP][PASSED] - Statement - println("Report group has right group name"): null

2018-07-05 20:33:23 - [TEST_STEP][PASSED] - Statement - reportgroup = "(//div[@class='ctable']/table/tbody/tr[@class='tdata clear'])[" + i + "]/td[7]": null

2018-07-05 20:33:23 - [TEST_STEP][PASSED] - Statement - reportgroupTxt = driver.findElement(org.openqa.selenium.By.xpath(reportgroup)).getText(): null

2018-07-05 20:33:23 - [TEST_STEP][PASSED] - Statement - If (reportgroupTxt == "AutomationGroup1"): null

2018-07-05 20:33:23 - [TEST_STEP][PASSED] - Statement - println("Report group has right group name"): null

2018-07-05 20:33:23 - [TEST_STEP][PASSED] - Statement - reportgroup = "(//div[@class='ctable']/table/tbody/tr[@class='tdata clear'])[" + i + "]/td[7]": null

2018-07-05 20:33:23 - [TEST_STEP][PASSED] - Statement - reportgroupTxt = driver.findElement(org.openqa.selenium.By.xpath(reportgroup)).getText(): null

2018-07-05 20:33:23 - [TEST_STEP][PASSED] - Statement - If (reportgroupTxt == "AutomationGroup1"): null

2018-07-05 20:33:23 - [TEST_STEP][PASSED] - Statement - println("Report group has right group name"): null

2018-07-05 20:33:23 - [TEST_STEP][PASSED] - Statement - reportgroup = "(//div[@class='ctable']/table/tbody/tr[@class='tdata clear'])[" + i + "]/td[7]": null

2018-07-05 20:33:23 - [TEST_STEP][PASSED] - Statement - reportgroupTxt = driver.findElement(org.openqa.selenium.By.xpath(reportgroup)).getText(): null

2018-07-05 20:33:23 - [TEST_STEP][PASSED] - Statement - If (reportgroupTxt == "AutomationGroup1"): null

2018-07-05 20:33:23 - [TEST_STEP][PASSED] - Statement - println("Report group has right group name"): null

2018-07-05 20:33:23 - [TEST_STEP][PASSED] - Statement - reportgroup = "(//div[@class='ctable']/table/tbody/tr[@class='tdata clear'])[" + i + "]/td[7]": null

2018-07-05 20:33:23 - [TEST_STEP][PASSED] - Statement - reportgroupTxt = driver.findElement(org.openqa.selenium.By.xpath(reportgroup)).getText(): null

2018-07-05 20:33:23 - [TEST_STEP][PASSED] - Statement - If (reportgroupTxt == "AutomationGroup1"): null

2018-07-05 20:33:23 - [TEST_STEP][PASSED] - Statement - println("Report group has right group name"): null

2018-07-05 20:33:23 - [TEST_STEP][PASSED] - Statement - reportgroup = "(//div[@class='ctable']/table/tbody/tr[@class='tdata clear'])[" + i + "]/td[7]": null

2018-07-05 20:33:23 - [TEST_STEP][PASSED] - Statement - reportgroupTxt = driver.findElement(org.openqa.selenium.By.xpath(reportgroup)).getText(): null

2018-07-05 20:33:23 - [TEST_STEP][PASSED] - Statement - If (reportgroupTxt == "AutomationGroup1"): null

2018-07-05 20:33:23 - [TEST_STEP][PASSED] - Statement - println("Report group has right group name"): null

2018-07-05 20:33:23 - [TEST_STEP][PASSED] - Statement - reportgroup = "(//div[@class='ctable']/table/tbody/tr[@class='tdata clear'])[" + i + "]/td[7]": null

2018-07-05 20:33:23 - [TEST_STEP][PASSED] - Statement - reportgroupTxt = driver.findElement(org.openqa.selenium.By.xpath(reportgroup)).getText(): null

2018-07-05 20:33:23 - [TEST_STEP][PASSED] - Statement - If (reportgroupTxt == "AutomationGroup1"): null

2018-07-05 20:33:23 - [TEST_STEP][PASSED] - Statement - println("Report group has right group name"): null

2018-07-05 20:33:23 - [TEST_STEP][PASSED] - Statement - reportgroup = "(//div[@class='ctable']/table/tbody/tr[@class='tdata clear'])[" + i + "]/td[7]": null

2018-07-05 20:33:23 - [TEST_STEP][PASSED] - Statement - reportgroupTxt = driver.findElement(org.openqa.selenium.By.xpath(reportgroup)).getText(): null

2018-07-05 20:33:23 - [TEST_STEP][PASSED] - Statement - If (reportgroupTxt == "AutomationGroup1"): null

2018-07-05 20:33:23 - [TEST_STEP][PASSED] - Statement - println("Report group has right group name"): null

2018-07-05 20:33:23 - [TEST_STEP][PASSED] - Statement - reportgroup = "(//div[@class='ctable']/table/tbody/tr[@class='tdata clear'])[" + i + "]/td[7]": null

2018-07-05 20:33:23 - [TEST_STEP][PASSED] - Statement - reportgroupTxt = driver.findElement(org.openqa.selenium.By.xpath(reportgroup)).getText(): null

2018-07-05 20:33:23 - [TEST_STEP][PASSED] - Statement - If (reportgroupTxt == "AutomationGroup1"): null

2018-07-05 20:33:23 - [TEST_STEP][PASSED] - Statement - println("Report group has right group name"): null

2018-07-05 20:33:23 - [TEST_STEP][PASSED] - Statement - reportgroup = "(//div[@class='ctable']/table/tbody/tr[@class='tdata clear'])[" + i + "]/td[7]": null

2018-07-05 20:33:23 - [TEST_STEP][PASSED] - Statement - reportgroupTxt = driver.findElement(org.openqa.selenium.By.xpath(reportgroup)).getText(): null

2018-07-05 20:33:23 - [TEST_STEP][PASSED] - Statement - If (reportgroupTxt == "AutomationGroup1"): null

2018-07-05 20:33:23 - [TEST_STEP][PASSED] - Statement - println("Report group has right group name"): null

2018-07-05 20:33:23 - [TEST_STEP][PASSED] - Statement - reportgroup = "(//div[@class='ctable']/table/tbody/tr[@class='tdata clear'])[" + i + "]/td[7]": null

2018-07-05 20:33:23 - [TEST_STEP][PASSED] - Statement - reportgroupTxt = driver.findElement(org.openqa.selenium.By.xpath(reportgroup)).getText(): null

2018-07-05 20:33:23 - [TEST_STEP][PASSED] - Statement - If (reportgroupTxt == "AutomationGroup1"): null

2018-07-05 20:33:23 - [TEST_STEP][PASSED] - Statement - println("Report group has right group name"): null

2018-07-05 20:33:23 - [TEST_STEP][PASSED] - Statement - reportgroup = "(//div[@class='ctable']/table/tbody/tr[@class='tdata clear'])[" + i + "]/td[7]": null

2018-07-05 20:33:23 - [TEST_STEP][PASSED] - Statement - reportgroupTxt = driver.findElement(org.openqa.selenium.By.xpath(reportgroup)).getText(): null

2018-07-05 20:33:23 - [TEST_STEP][PASSED] - Statement - If (reportgroupTxt == "AutomationGroup1"): null

2018-07-05 20:33:23 - [TEST_STEP][PASSED] - Statement - println("Report group has right group name"): null

2018-07-05 20:33:23 - [TEST_STEP][PASSED] - Statement - reportgroup = "(//div[@class='ctable']/table/tbody/tr[@class='tdata clear'])[" + i + "]/td[7]": null

2018-07-05 20:33:23 - [TEST_STEP][PASSED] - Statement - reportgroupTxt = driver.findElement(org.openqa.selenium.By.xpath(reportgroup)).getText(): null

2018-07-05 20:33:23 - [TEST_STEP][PASSED] - Statement - If (reportgroupTxt == "AutomationGroup1"): null

2018-07-05 20:33:23 - [TEST_STEP][PASSED] - Statement - println("Report group has right group name"): null

2018-07-05 20:33:23 - [TEST_STEP][PASSED] - Statement - reportgroup = "(//div[@class='ctable']/table/tbody/tr[@class='tdata clear'])[" + i + "]/td[7]": null

2018-07-05 20:33:23 - [TEST_STEP][PASSED] - Statement - reportgroupTxt = driver.findElement(org.openqa.selenium.By.xpath(reportgroup)).getText(): null

2018-07-05 20:33:23 - [TEST_STEP][PASSED] - Statement - If (reportgroupTxt == "AutomationGroup1"): null

2018-07-05 20:33:23 - [TEST_STEP][PASSED] - Statement - println("Report group has right group name"): null

2018-07-05 20:33:23 - [TEST_STEP][PASSED] - Statement - reportgroup = "(//div[@class='ctable']/table/tbody/tr[@class='tdata clear'])[" + i + "]/td[7]": null

2018-07-05 20:33:23 - [TEST_STEP][PASSED] - Statement - reportgroupTxt = driver.findElement(org.openqa.selenium.By.xpath(reportgroup)).getText(): null

2018-07-05 20:33:23 - [TEST_STEP][PASSED] - Statement - If (reportgroupTxt == "AutomationGroup1"): null

2018-07-05 20:33:23 - [TEST_STEP][PASSED] - Statement - println("Report group has right group name"): null

2018-07-05 20:33:23 - [TEST_STEP][PASSED] - Statement - reportgroup = "(//div[@class='ctable']/table/tbody/tr[@class='tdata clear'])[" + i + "]/td[7]": null

2018-07-05 20:33:23 - [TEST_STEP][PASSED] - Statement - reportgroupTxt = driver.findElement(org.openqa.selenium.By.xpath(reportgroup)).getText(): null

2018-07-05 20:33:23 - [TEST_STEP][PASSED] - Statement - If (reportgroupTxt == "AutomationGroup1"): null

2018-07-05 20:33:23 - [TEST_STEP][PASSED] - Statement - println("Report group has right group name"): null

2018-07-05 20:33:23 - [TEST_STEP][PASSED] - Statement - reportgroup = "(//div[@class='ctable']/table/tbody/tr[@class='tdata clear'])[" + i + "]/td[7]": null

2018-07-05 20:33:23 - [TEST_STEP][PASSED] - Statement - reportgroupTxt = driver.findElement(org.openqa.selenium.By.xpath(reportgroup)).getText(): null

2018-07-05 20:33:23 - [TEST_STEP][PASSED] - Statement - If (reportgroupTxt == "AutomationGroup1"): null

2018-07-05 20:33:23 - [TEST_STEP][PASSED] - Statement - println("Report group has right group name"): null

2018-07-05 20:33:23 - [TEST_STEP][PASSED] - Statement - reportgroup = "(//div[@class='ctable']/table/tbody/tr[@class='tdata clear'])[" + i + "]/td[7]": null

2018-07-05 20:33:23 - [TEST_STEP][PASSED] - Statement - reportgroupTxt = driver.findElement(org.openqa.selenium.By.xpath(reportgroup)).getText(): null

2018-07-05 20:33:23 - [TEST_STEP][PASSED] - Statement - If (reportgroupTxt == "AutomationGroup1"): null

2018-07-05 20:33:23 - [TEST_STEP][PASSED] - Statement - println("Report group has right group name"): null

2018-07-05 20:33:23 - [TEST_STEP][PASSED] - Statement - reportgroup = "(//div[@class='ctable']/table/tbody/tr[@class='tdata clear'])[" + i + "]/td[7]": null

2018-07-05 20:33:23 - [TEST_STEP][PASSED] - Statement - reportgroupTxt = driver.findElement(org.openqa.selenium.By.xpath(reportgroup)).getText(): null

2018-07-05 20:33:24 - [TEST_STEP][PASSED] - Statement - If (reportgroupTxt == "AutomationGroup1"): null

2018-07-05 20:33:24 - [TEST_STEP][PASSED] - Statement - println("Report group has right group name"): null

2018-07-05 20:33:24 - [TEST_STEP][PASSED] - Statement - reportgroup = "(//div[@class='ctable']/table/tbody/tr[@class='tdata clear'])[" + i + "]/td[7]": null

2018-07-05 20:33:24 - [TEST_STEP][PASSED] - Statement - reportgroupTxt = driver.findElement(org.openqa.selenium.By.xpath(reportgroup)).getText(): null

2018-07-05 20:33:24 - [TEST_STEP][PASSED] - Statement - If (reportgroupTxt == "AutomationGroup1"): null

2018-07-05 20:33:24 - [TEST_STEP][PASSED] - Statement - println("Report group has right group name"): null

2018-07-05 20:33:24 - [TEST_STEP][PASSED] - Statement - reportgroup = "(//div[@class='ctable']/table/tbody/tr[@class='tdata clear'])[" + i + "]/td[7]": null

2018-07-05 20:33:24 - [TEST_STEP][PASSED] - Statement - reportgroupTxt = driver.findElement(org.openqa.selenium.By.xpath(reportgroup)).getText(): null

2018-07-05 20:33:24 - [TEST_STEP][PASSED] - Statement - If (reportgroupTxt == "AutomationGroup1"): null

2018-07-05 20:33:24 - [TEST_STEP][PASSED] - Statement - println("Report group has right group name"): null

2018-07-05 20:33:24 - [TEST_STEP][PASSED] - Statement - reportgroup = "(//div[@class='ctable']/table/tbody/tr[@class='tdata clear'])[" + i + "]/td[7]": null

2018-07-05 20:33:24 - [TEST_STEP][PASSED] - Statement - reportgroupTxt = driver.findElement(org.openqa.selenium.By.xpath(reportgroup)).getText(): null

2018-07-05 20:33:24 - [TEST_STEP][PASSED] - Statement - If (reportgroupTxt == "AutomationGroup1"): null

2018-07-05 20:33:24 - [TEST_STEP][PASSED] - Statement - println("Report group has right group name"): null

2018-07-05 20:33:24 - [TEST_STEP][PASSED] - Statement - reportgroup = "(//div[@class='ctable']/table/tbody/tr[@class='tdata clear'])[" + i + "]/td[7]": null

2018-07-05 20:33:24 - [TEST_STEP][PASSED] - Statement - reportgroupTxt = driver.findElement(org.openqa.selenium.By.xpath(reportgroup)).getText(): null

2018-07-05 20:33:24 - [TEST_STEP][PASSED] - Statement - If (reportgroupTxt == "AutomationGroup1"): null

2018-07-05 20:33:24 - [TEST_STEP][PASSED] - Statement - println("Report group has right group name"): null

2018-07-05 20:33:24 - [TEST_STEP][PASSED] - Statement - reportgroup = "(//div[@class='ctable']/table/tbody/tr[@class='tdata clear'])[" + i + "]/td[7]": null

2018-07-05 20:33:24 - [TEST_STEP][PASSED] - Statement - reportgroupTxt = driver.findElement(org.openqa.selenium.By.xpath(reportgroup)).getText(): null

2018-07-05 20:33:24 - [TEST_STEP][PASSED] - Statement - If (reportgroupTxt == "AutomationGroup1"): null

2018-07-05 20:33:24 - [TEST_STEP][PASSED] - Statement - println("Report group has right group name"): null

2018-07-05 20:33:24 - [TEST_STEP][PASSED] - Statement - reportgroup = "(//div[@class='ctable']/table/tbody/tr[@class='tdata clear'])[" + i + "]/td[7]": null

2018-07-05 20:33:24 - [TEST_STEP][PASSED] - Statement - reportgroupTxt = driver.findElement(org.openqa.selenium.By.xpath(reportgroup)).getText(): null

2018-07-05 20:33:24 - [TEST_STEP][PASSED] - Statement - If (reportgroupTxt == "AutomationGroup1"): null

2018-07-05 20:33:24 - [TEST_STEP][PASSED] - Statement - println("Report group has right group name"): null

2018-07-05 20:33:24 - [TEST_STEP][PASSED] - Statement - reportgroup = "(//div[@class='ctable']/table/tbody/tr[@class='tdata clear'])[" + i + "]/td[7]": null

2018-07-05 20:33:24 - [TEST_STEP][PASSED] - Statement - reportgroupTxt = driver.findElement(org.openqa.selenium.By.xpath(reportgroup)).getText(): null

2018-07-05 20:33:24 - [TEST_STEP][PASSED] - Statement - If (reportgroupTxt == "AutomationGroup1"): null

2018-07-05 20:33:24 - [TEST_STEP][PASSED] - Statement - println("Report group has right group name"): null

2018-07-05 20:33:24 - [TEST_STEP][PASSED] - Statement - reportgroup = "(//div[@class='ctable']/table/tbody/tr[@class='tdata clear'])[" + i + "]/td[7]": null

2018-07-05 20:33:24 - [TEST_STEP][PASSED] - Statement - reportgroupTxt = driver.findElement(org.openqa.selenium.By.xpath(reportgroup)).getText(): null

2018-07-05 20:33:24 - [TEST_STEP][PASSED] - Statement - If (reportgroupTxt == "AutomationGroup1"): null

2018-07-05 20:33:24 - [TEST_STEP][PASSED] - Statement - println("Report group has right group name"): null

2018-07-05 20:33:24 - [TEST_STEP][PASSED] - Statement - reportgroup = "(//div[@class='ctable']/table/tbody/tr[@class='tdata clear'])[" + i + "]/td[7]": null

2018-07-05 20:33:24 - [TEST_STEP][PASSED] - Statement - reportgroupTxt = driver.findElement(org.openqa.selenium.By.xpath(reportgroup)).getText(): null

2018-07-05 20:33:24 - [TEST_STEP][PASSED] - Statement - If (reportgroupTxt == "AutomationGroup1"): null

2018-07-05 20:33:24 - [TEST_STEP][PASSED] - Statement - println("Report group has right group name"): null

2018-07-05 20:33:24 - [TEST_STEP][PASSED] - Statement - reportgroup = "(//div[@class='ctable']/table/tbody/tr[@class='tdata clear'])[" + i + "]/td[7]": null

2018-07-05 20:33:24 - [TEST_STEP][PASSED] - Statement - reportgroupTxt = driver.findElement(org.openqa.selenium.By.xpath(reportgroup)).getText(): null

2018-07-05 20:33:24 - [TEST_STEP][PASSED] - Statement - If (reportgroupTxt == "AutomationGroup1"): null

2018-07-05 20:33:24 - [TEST_STEP][PASSED] - Statement - println("Report group has right group name"): null

2018-07-05 20:33:24 - [TEST_STEP][PASSED] - Statement - reportgroup = "(//div[@class='ctable']/table/tbody/tr[@class='tdata clear'])[" + i + "]/td[7]": null

2018-07-05 20:33:24 - [TEST_STEP][PASSED] - Statement - reportgroupTxt = driver.findElement(org.openqa.selenium.By.xpath(reportgroup)).getText(): null

2018-07-05 20:33:24 - [TEST_STEP][PASSED] - Statement - If (reportgroupTxt == "AutomationGroup1"): null

2018-07-05 20:33:24 - [TEST_STEP][PASSED] - Statement - println("Report group has right group name"): null

2018-07-05 20:33:24 - [TEST_STEP][PASSED] - Statement - reportgroup = "(//div[@class='ctable']/table/tbody/tr[@class='tdata clear'])[" + i + "]/td[7]": null

2018-07-05 20:33:24 - [TEST_STEP][PASSED] - Statement - reportgroupTxt = driver.findElement(org.openqa.selenium.By.xpath(reportgroup)).getText(): null

2018-07-05 20:33:24 - [TEST_STEP][PASSED] - Statement - If (reportgroupTxt == "AutomationGroup1"): null

2018-07-05 20:33:24 - [TEST_STEP][PASSED] - Statement - println("Report group has right group name"): null

2018-07-05 20:33:24 - [TEST_STEP][PASSED] - Statement - reportgroup = "(//div[@class='ctable']/table/tbody/tr[@class='tdata clear'])[" + i + "]/td[7]": null

2018-07-05 20:33:24 - [TEST_STEP][PASSED] - Statement - reportgroupTxt = driver.findElement(org.openqa.selenium.By.xpath(reportgroup)).getText(): null

2018-07-05 20:33:24 - [TEST_STEP][PASSED] - Statement - If (reportgroupTxt == "AutomationGroup1"): null

2018-07-05 20:33:24 - [TEST_STEP][PASSED] - Statement - println("Report group has right group name"): null

2018-07-05 20:33:24 - [TEST_STEP][PASSED] - Statement - reportgroup = "(//div[@class='ctable']/table/tbody/tr[@class='tdata clear'])[" + i + "]/td[7]": null

2018-07-05 20:33:24 - [TEST_STEP][PASSED] - Statement - reportgroupTxt = driver.findElement(org.openqa.selenium.By.xpath(reportgroup)).getText(): null

2018-07-05 20:33:24 - [TEST_STEP][PASSED] - Statement - If (reportgroupTxt == "AutomationGroup1"): null

2018-07-05 20:33:24 - [TEST_STEP][PASSED] - Statement - println("Report group has right group name"): null

2018-07-05 20:33:24 - [TEST_STEP][PASSED] - Statement - reportgroup = "(//div[@class='ctable']/table/tbody/tr[@class='tdata clear'])[" + i + "]/td[7]": null

2018-07-05 20:33:24 - [TEST_STEP][PASSED] - Statement - reportgroupTxt = driver.findElement(org.openqa.selenium.By.xpath(reportgroup)).getText(): null

2018-07-05 20:33:24 - [TEST_STEP][PASSED] - Statement - If (reportgroupTxt == "AutomationGroup1"): null

2018-07-05 20:33:24 - [TEST_STEP][PASSED] - Statement - println("Report group has right group name"): null

2018-07-05 20:33:24 - [TEST_STEP][PASSED] - Statement - reportgroup = "(//div[@class='ctable']/table/tbody/tr[@class='tdata clear'])[" + i + "]/td[7]": null

2018-07-05 20:33:24 - [TEST_STEP][PASSED] - Statement - reportgroupTxt = driver.findElement(org.openqa.selenium.By.xpath(reportgroup)).getText(): null

2018-07-05 20:33:24 - [TEST_STEP][PASSED] - Statement - If (reportgroupTxt == "AutomationGroup1"): null

2018-07-05 20:33:24 - [TEST_STEP][PASSED] - Statement - println("Report group has right group name"): null

2018-07-05 20:33:24 - [TEST_STEP][PASSED] - Statement - reportgroup = "(//div[@class='ctable']/table/tbody/tr[@class='tdata clear'])[" + i + "]/td[7]": null

2018-07-05 20:33:24 - [TEST_STEP][PASSED] - Statement - reportgroupTxt = driver.findElement(org.openqa.selenium.By.xpath(reportgroup)).getText(): null

2018-07-05 20:33:24 - [TEST_STEP][PASSED] - Statement - If (reportgroupTxt == "AutomationGroup1"): null

2018-07-05 20:33:24 - [TEST_STEP][PASSED] - Statement - println("Report group has right group name"): null

2018-07-05 20:33:24 - [TEST_STEP][PASSED] - Statement - reportgroup = "(//div[@class='ctable']/table/tbody/tr[@class='tdata clear'])[" + i + "]/td[7]": null

2018-07-05 20:33:24 - [TEST_STEP][PASSED] - Statement - reportgroupTxt = driver.findElement(org.openqa.selenium.By.xpath(reportgroup)).getText(): null

2018-07-05 20:33:24 - [TEST_STEP][PASSED] - Statement - If (reportgroupTxt == "AutomationGroup1"): null

2018-07-05 20:33:24 - [TEST_STEP][PASSED] - Statement - println("Report group has right group name"): null

2018-07-05 20:33:24 - [TEST_STEP][PASSED] - Statement - reportgroup = "(//div[@class='ctable']/table/tbody/tr[@class='tdata clear'])[" + i + "]/td[7]": null

2018-07-05 20:33:24 - [TEST_STEP][PASSED] - Statement - reportgroupTxt = driver.findElement(org.openqa.selenium.By.xpath(reportgroup)).getText(): null

2018-07-05 20:33:24 - [TEST_STEP][PASSED] - Statement - If (reportgroupTxt == "AutomationGroup1"): null

2018-07-05 20:33:24 - [TEST_STEP][PASSED] - Statement - println("Report group has right group name"): null

2018-07-05 20:33:24 - [TEST_STEP][PASSED] - Statement - reportgroup = "(//div[@class='ctable']/table/tbody/tr[@class='tdata clear'])[" + i + "]/td[7]": null

2018-07-05 20:33:24 - [TEST_STEP][PASSED] - Statement - reportgroupTxt = driver.findElement(org.openqa.selenium.By.xpath(reportgroup)).getText(): null

2018-07-05 20:33:24 - [TEST_STEP][PASSED] - Statement - If (reportgroupTxt == "AutomationGroup1"): null

2018-07-05 20:33:24 - [TEST_STEP][PASSED] - Statement - println("Report group has right group name"): null

2018-07-05 20:33:24 - [TEST_STEP][PASSED] - Statement - reportgroup = "(//div[@class='ctable']/table/tbody/tr[@class='tdata clear'])[" + i + "]/td[7]": null

2018-07-05 20:33:24 - [TEST_STEP][PASSED] - Statement - reportgroupTxt = driver.findElement(org.openqa.selenium.By.xpath(reportgroup)).getText(): null

2018-07-05 20:33:24 - [TEST_STEP][PASSED] - Statement - If (reportgroupTxt == "AutomationGroup1"): null

2018-07-05 20:33:24 - [TEST_STEP][PASSED] - Statement - println("Report group has right group name"): null

2018-07-05 20:33:24 - [TEST_STEP][PASSED] - Statement - reportgroup = "(//div[@class='ctable']/table/tbody/tr[@class='tdata clear'])[" + i + "]/td[7]": null

2018-07-05 20:33:24 - [TEST_STEP][PASSED] - Statement - reportgroupTxt = driver.findElement(org.openqa.selenium.By.xpath(reportgroup)).getText(): null

2018-07-05 20:33:24 - [TEST_STEP][PASSED] - Statement - If (reportgroupTxt == "AutomationGroup1"): null

2018-07-05 20:33:24 - [TEST_STEP][PASSED] - Statement - println("Report group has right group name"): null

2018-07-05 20:33:24 - [TEST_STEP][PASSED] - Statement - reportgroup = "(//div[@class='ctable']/table/tbody/tr[@class='tdata clear'])[" + i + "]/td[7]": null

2018-07-05 20:33:24 - [TEST_STEP][PASSED] - Statement - reportgroupTxt = driver.findElement(org.openqa.selenium.By.xpath(reportgroup)).getText(): null

2018-07-05 20:33:24 - [TEST_STEP][PASSED] - Statement - If (reportgroupTxt == "AutomationGroup1"): null

2018-07-05 20:33:24 - [TEST_STEP][PASSED] - Statement - println("Report group has right group name"): null

2018-07-05 20:33:24 - [TEST_STEP][PASSED] - Statement - reportgroup = "(//div[@class='ctable']/table/tbody/tr[@class='tdata clear'])[" + i + "]/td[7]": null

2018-07-05 20:33:24 - [TEST_STEP][PASSED] - Statement - reportgroupTxt = driver.findElement(org.openqa.selenium.By.xpath(reportgroup)).getText(): null

2018-07-05 20:33:24 - [TEST_STEP][PASSED] - Statement - If (reportgroupTxt == "AutomationGroup1"): null

2018-07-05 20:33:24 - [TEST_STEP][PASSED] - Statement - println("Report group has right group name"): null

2018-07-05 20:33:24 - [TEST_STEP][PASSED] - Statement - reportgroup = "(//div[@class='ctable']/table/tbody/tr[@class='tdata clear'])[" + i + "]/td[7]": null

2018-07-05 20:33:24 - [TEST_STEP][PASSED] - Statement - reportgroupTxt = driver.findElement(org.openqa.selenium.By.xpath(reportgroup)).getText(): null

2018-07-05 20:33:24 - [TEST_STEP][PASSED] - Statement - If (reportgroupTxt == "AutomationGroup1"): null

2018-07-05 20:33:24 - [TEST_STEP][PASSED] - Statement - println("Report group has right group name"): null

2018-07-05 20:33:24 - [TEST_STEP][PASSED] - Statement - reportgroup = "(//div[@class='ctable']/table/tbody/tr[@class='tdata clear'])[" + i + "]/td[7]": null

2018-07-05 20:33:24 - [TEST_STEP][PASSED] - Statement - reportgroupTxt = driver.findElement(org.openqa.selenium.By.xpath(reportgroup)).getText(): null

2018-07-05 20:33:24 - [TEST_STEP][PASSED] - Statement - If (reportgroupTxt == "AutomationGroup1"): null

2018-07-05 20:33:24 - [TEST_STEP][PASSED] - Statement - println("Report group has right group name"): null

2018-07-05 20:33:24 - [TEST_STEP][PASSED] - Statement - reportgroup = "(//div[@class='ctable']/table/tbody/tr[@class='tdata clear'])[" + i + "]/td[7]": null

2018-07-05 20:33:24 - [TEST_STEP][PASSED] - Statement - reportgroupTxt = driver.findElement(org.openqa.selenium.By.xpath(reportgroup)).getText(): null

2018-07-05 20:33:24 - [TEST_STEP][PASSED] - Statement - If (reportgroupTxt == "AutomationGroup1"): null

2018-07-05 20:33:24 - [TEST_STEP][PASSED] - Statement - println("Report group has right group name"): null

2018-07-05 20:33:24 - [TEST_STEP][PASSED] - Statement - reportgroup = "(//div[@class='ctable']/table/tbody/tr[@class='tdata clear'])[" + i + "]/td[7]": null

2018-07-05 20:33:24 - [TEST_STEP][PASSED] - Statement - reportgroupTxt = driver.findElement(org.openqa.selenium.By.xpath(reportgroup)).getText(): null

2018-07-05 20:33:24 - [TEST_STEP][PASSED] - Statement - If (reportgroupTxt == "AutomationGroup1"): null

2018-07-05 20:33:24 - [TEST_STEP][PASSED] - Statement - println("Report group has right group name"): null

2018-07-05 20:33:24 - [TEST_STEP][PASSED] - Statement - reportgroup = "(//div[@class='ctable']/table/tbody/tr[@class='tdata clear'])[" + i + "]/td[7]": null

2018-07-05 20:33:24 - [TEST_STEP][PASSED] - Statement - reportgroupTxt = driver.findElement(org.openqa.selenium.By.xpath(reportgroup)).getText(): null

2018-07-05 20:33:24 - [TEST_STEP][PASSED] - Statement - If (reportgroupTxt == "AutomationGroup1"): null

2018-07-05 20:33:24 - [TEST_STEP][PASSED] - Statement - println("Report group has right group name"): null

2018-07-05 20:33:24 - [TEST_STEP][PASSED] - Statement - reportgroup = "(//div[@class='ctable']/table/tbody/tr[@class='tdata clear'])[" + i + "]/td[7]": null

2018-07-05 20:33:24 - [TEST_STEP][PASSED] - Statement - reportgroupTxt = driver.findElement(org.openqa.selenium.By.xpath(reportgroup)).getText(): null

2018-07-05 20:33:24 - [TEST_STEP][PASSED] - Statement - If (reportgroupTxt == "AutomationGroup1"): null

2018-07-05 20:33:24 - [TEST_STEP][PASSED] - Statement - println("Report group has right group name"): null

2018-07-05 20:33:24 - [TEST_STEP][PASSED] - Statement - reportgroup = "(//div[@class='ctable']/table/tbody/tr[@class='tdata clear'])[" + i + "]/td[7]": null

2018-07-05 20:33:24 - [TEST_STEP][PASSED] - Statement - reportgroupTxt = driver.findElement(org.openqa.selenium.By.xpath(reportgroup)).getText(): null

2018-07-05 20:33:24 - [TEST_STEP][PASSED] - Statement - If (reportgroupTxt == "AutomationGroup1"): null

2018-07-05 20:33:24 - [TEST_STEP][PASSED] - Statement - println("Report group has right group name"): null

2018-07-05 20:33:24 - [TEST_STEP][PASSED] - Statement - reportgroup = "(//div[@class='ctable']/table/tbody/tr[@class='tdata clear'])[" + i + "]/td[7]": null

2018-07-05 20:33:24 - [TEST_STEP][PASSED] - Statement - reportgroupTxt = driver.findElement(org.openqa.selenium.By.xpath(reportgroup)).getText(): null

2018-07-05 20:33:24 - [TEST_STEP][PASSED] - Statement - If (reportgroupTxt == "AutomationGroup1"): null

2018-07-05 20:33:24 - [TEST_STEP][PASSED] - Statement - println("Report group has right group name"): null

2018-07-05 20:33:24 - [TEST_STEP][PASSED] - Statement - reportgroup = "(//div[@class='ctable']/table/tbody/tr[@class='tdata clear'])[" + i + "]/td[7]": null

2018-07-05 20:33:24 - [TEST_STEP][PASSED] - Statement - reportgroupTxt = driver.findElement(org.openqa.selenium.By.xpath(reportgroup)).getText(): null

2018-07-05 20:33:25 - [TEST_STEP][PASSED] - Statement - If (reportgroupTxt == "AutomationGroup1"): null

2018-07-05 20:33:25 - [TEST_STEP][PASSED] - Statement - println("Report group has right group name"): null

2018-07-05 20:33:25 - [TEST_STEP][PASSED] - Statement - reportgroup = "(//div[@class='ctable']/table/tbody/tr[@class='tdata clear'])[" + i + "]/td[7]": null

2018-07-05 20:33:25 - [TEST_STEP][PASSED] - Statement - reportgroupTxt = driver.findElement(org.openqa.selenium.By.xpath(reportgroup)).getText(): null

2018-07-05 20:33:25 - [TEST_STEP][PASSED] - Statement - If (reportgroupTxt == "AutomationGroup1"): null

2018-07-05 20:33:25 - [TEST_STEP][PASSED] - Statement - println("Report group has right group name"): null

2018-07-05 20:33:25 - [TEST_STEP][PASSED] - Statement - reportgroup = "(//div[@class='ctable']/table/tbody/tr[@class='tdata clear'])[" + i + "]/td[7]": null

2018-07-05 20:33:25 - [TEST_STEP][PASSED] - Statement - reportgroupTxt = driver.findElement(org.openqa.selenium.By.xpath(reportgroup)).getText(): null

2018-07-05 20:33:25 - [TEST_STEP][PASSED] - Statement - If (reportgroupTxt == "AutomationGroup1"): null

2018-07-05 20:33:25 - [TEST_STEP][PASSED] - Statement - println("Report group has right group name"): null

2018-07-05 20:33:25 - [TEST_STEP][PASSED] - Statement - reportgroup = "(//div[@class='ctable']/table/tbody/tr[@class='tdata clear'])[" + i + "]/td[7]": null

2018-07-05 20:33:25 - [TEST_STEP][PASSED] - Statement - reportgroupTxt = driver.findElement(org.openqa.selenium.By.xpath(reportgroup)).getText(): null

2018-07-05 20:33:25 - [TEST_STEP][PASSED] - Statement - If (reportgroupTxt == "AutomationGroup1"): null

2018-07-05 20:33:25 - [TEST_STEP][PASSED] - Statement - println("Report group has right group name"): null

2018-07-05 20:33:25 - [TEST_STEP][PASSED] - Statement - reportgroup = "(//div[@class='ctable']/table/tbody/tr[@class='tdata clear'])[" + i + "]/td[7]": null

2018-07-05 20:33:25 - [TEST_STEP][PASSED] - Statement - reportgroupTxt = driver.findElement(org.openqa.selenium.By.xpath(reportgroup)).getText(): null

2018-07-05 20:33:25 - [TEST_STEP][PASSED] - Statement - If (reportgroupTxt == "AutomationGroup1"): null

2018-07-05 20:33:25 - [TEST_STEP][PASSED] - Statement - println("Report group has right group name"): null

2018-07-05 20:33:25 - [TEST_STEP][PASSED] - Statement - reportgroup = "(//div[@class='ctable']/table/tbody/tr[@class='tdata clear'])[" + i + "]/td[7]": null

2018-07-05 20:33:25 - [TEST_STEP][PASSED] - Statement - reportgroupTxt = driver.findElement(org.openqa.selenium.By.xpath(reportgroup)).getText(): null

2018-07-05 20:33:25 - [TEST_STEP][PASSED] - Statement - If (reportgroupTxt == "AutomationGroup1"): null

2018-07-05 20:33:25 - [TEST_STEP][PASSED] - Statement - println("Report group has right group name"): null

2018-07-05 20:33:25 - [TEST_STEP][PASSED] - Statement - reportgroup = "(//div[@class='ctable']/table/tbody/tr[@class='tdata clear'])[" + i + "]/td[7]": null

2018-07-05 20:33:25 - [TEST_STEP][PASSED] - Statement - reportgroupTxt = driver.findElement(org.openqa.selenium.By.xpath(reportgroup)).getText(): null

2018-07-05 20:33:25 - [TEST_STEP][PASSED] - Statement - If (reportgroupTxt == "AutomationGroup1"): null

2018-07-05 20:33:25 - [TEST_STEP][PASSED] - Statement - println("Report group has right group name"): null

2018-07-05 20:33:25 - [TEST_STEP][PASSED] - Statement - reportgroup = "(//div[@class='ctable']/table/tbody/tr[@class='tdata clear'])[" + i + "]/td[7]": null

2018-07-05 20:33:25 - [TEST_STEP][PASSED] - Statement - reportgroupTxt = driver.findElement(org.openqa.selenium.By.xpath(reportgroup)).getText(): null

2018-07-05 20:33:25 - [TEST_STEP][PASSED] - Statement - If (reportgroupTxt == "AutomationGroup1"): null

2018-07-05 20:33:25 - [TEST_STEP][PASSED] - Statement - println("Report group has right group name"): null

2018-07-05 20:33:25 - [TEST_STEP][PASSED] - Statement - reportgroup = "(//div[@class='ctable']/table/tbody/tr[@class='tdata clear'])[" + i + "]/td[7]": null

2018-07-05 20:33:25 - [TEST_STEP][PASSED] - Statement - reportgroupTxt = driver.findElement(org.openqa.selenium.By.xpath(reportgroup)).getText(): null

2018-07-05 20:33:25 - [TEST_STEP][PASSED] - Statement - If (reportgroupTxt == "AutomationGroup1"): null

2018-07-05 20:33:25 - [TEST_STEP][PASSED] - Statement - println("Report group has right group name"): null

2018-07-05 20:33:25 - [TEST_STEP][PASSED] - Statement - reportgroup = "(//div[@class='ctable']/table/tbody/tr[@class='tdata clear'])[" + i + "]/td[7]": null

2018-07-05 20:33:25 - [TEST_STEP][PASSED] - Statement - reportgroupTxt = driver.findElement(org.openqa.selenium.By.xpath(reportgroup)).getText(): null

2018-07-05 20:33:25 - [TEST_STEP][PASSED] - Statement - If (reportgroupTxt == "AutomationGroup1"): null

2018-07-05 20:33:25 - [TEST_STEP][PASSED] - Statement - println("Report group has right group name"): null

2018-07-05 20:33:25 - [TEST_STEP][PASSED] - Statement - reportgroup = "(//div[@class='ctable']/table/tbody/tr[@class='tdata clear'])[" + i + "]/td[7]": null

2018-07-05 20:33:25 - [TEST_STEP][PASSED] - Statement - reportgroupTxt = driver.findElement(org.openqa.selenium.By.xpath(reportgroup)).getText(): null

2018-07-05 20:33:25 - [TEST_STEP][PASSED] - Statement - If (reportgroupTxt == "AutomationGroup1"): null

2018-07-05 20:33:25 - [TEST_STEP][PASSED] - Statement - println("Report group has right group name"): null

2018-07-05 20:33:25 - [TEST_STEP][PASSED] - Statement - reportgroup = "(//div[@class='ctable']/table/tbody/tr[@class='tdata clear'])[" + i + "]/td[7]": null

2018-07-05 20:33:25 - [TEST_STEP][PASSED] - Statement - reportgroupTxt = driver.findElement(org.openqa.selenium.By.xpath(reportgroup)).getText(): null

2018-07-05 20:33:25 - [TEST_STEP][PASSED] - Statement - If (reportgroupTxt == "AutomationGroup1"): null

2018-07-05 20:33:25 - [TEST_STEP][PASSED] - Statement - println("Report group has right group name"): null

2018-07-05 20:33:25 - [TEST_STEP][PASSED] - Statement - reportgroup = "(//div[@class='ctable']/table/tbody/tr[@class='tdata clear'])[" + i + "]/td[7]": null

2018-07-05 20:33:25 - [TEST_STEP][PASSED] - Statement - reportgroupTxt = driver.findElement(org.openqa.selenium.By.xpath(reportgroup)).getText(): null

2018-07-05 20:33:25 - [TEST_STEP][PASSED] - Statement - If (reportgroupTxt == "AutomationGroup1"): null

2018-07-05 20:33:25 - [TEST_STEP][PASSED] - Statement - println("Report group has right group name"): null

2018-07-05 20:33:25 - [TEST_STEP][PASSED] - Statement - reportgroup = "(//div[@class='ctable']/table/tbody/tr[@class='tdata clear'])[" + i + "]/td[7]": null

2018-07-05 20:33:25 - [TEST_STEP][PASSED] - Statement - reportgroupTxt = driver.findElement(org.openqa.selenium.By.xpath(reportgroup)).getText(): null

2018-07-05 20:33:25 - [TEST_STEP][PASSED] - Statement - If (reportgroupTxt == "AutomationGroup1"): null

2018-07-05 20:33:25 - [TEST_STEP][PASSED] - Statement - println("Report group has right group name"): null

2018-07-05 20:33:25 - [TEST_STEP][PASSED] - Statement - reportgroup = "(//div[@class='ctable']/table/tbody/tr[@class='tdata clear'])[" + i + "]/td[7]": null

2018-07-05 20:33:25 - [TEST_STEP][PASSED] - Statement - reportgroupTxt = driver.findElement(org.openqa.selenium.By.xpath(reportgroup)).getText(): null

2018-07-05 20:33:25 - [TEST_STEP][PASSED] - Statement - If (reportgroupTxt == "AutomationGroup1"): null

2018-07-05 20:33:25 - [TEST_STEP][PASSED] - Statement - println("Report group has right group name"): null

2018-07-05 20:33:25 - [TEST_STEP][PASSED] - Statement - reportgroup = "(//div[@class='ctable']/table/tbody/tr[@class='tdata clear'])[" + i + "]/td[7]": null

2018-07-05 20:33:25 - [TEST_STEP][PASSED] - Statement - reportgroupTxt = driver.findElement(org.openqa.selenium.By.xpath(reportgroup)).getText(): null

2018-07-05 20:33:25 - [TEST_STEP][PASSED] - Statement - If (reportgroupTxt == "AutomationGroup1"): null

2018-07-05 20:33:25 - [TEST_STEP][PASSED] - Statement - println("Report group has right group name"): null

2018-07-05 20:33:25 - [TEST_STEP][PASSED] - Statement - reportgroup = "(//div[@class='ctable']/table/tbody/tr[@class='tdata clear'])[" + i + "]/td[7]": null

2018-07-05 20:33:25 - [TEST_STEP][PASSED] - Statement - reportgroupTxt = driver.findElement(org.openqa.selenium.By.xpath(reportgroup)).getText(): null

2018-07-05 20:33:25 - [TEST_STEP][PASSED] - Statement - If (reportgroupTxt == "AutomationGroup1"): null

2018-07-05 20:33:25 - [TEST_STEP][PASSED] - Statement - println("Report group has right group name"): null

2018-07-05 20:33:25 - [TEST_STEP][PASSED] - Statement - reportgroup = "(//div[@class='ctable']/table/tbody/tr[@class='tdata clear'])[" + i + "]/td[7]": null

2018-07-05 20:33:25 - [TEST_STEP][PASSED] - Statement - reportgroupTxt = driver.findElement(org.openqa.selenium.By.xpath(reportgroup)).getText(): null

2018-07-05 20:33:25 - [TEST_STEP][PASSED] - Statement - If (reportgroupTxt == "AutomationGroup1"): null

2018-07-05 20:33:25 - [TEST_STEP][PASSED] - Statement - println("Report group has right group name"): null

2018-07-05 20:33:25 - [TEST_STEP][PASSED] - Statement - reportgroup = "(//div[@class='ctable']/table/tbody/tr[@class='tdata clear'])[" + i + "]/td[7]": null

2018-07-05 20:33:25 - [TEST_STEP][PASSED] - Statement - reportgroupTxt = driver.findElement(org.openqa.selenium.By.xpath(reportgroup)).getText(): null

2018-07-05 20:33:25 - [TEST_STEP][PASSED] - Statement - If (reportgroupTxt == "AutomationGroup1"): null

2018-07-05 20:33:25 - [TEST_STEP][PASSED] - Statement - println("Report group has right group name"): null

2018-07-05 20:33:25 - [TEST_STEP][PASSED] - Statement - reportgroup = "(//div[@class='ctable']/table/tbody/tr[@class='tdata clear'])[" + i + "]/td[7]": null

2018-07-05 20:33:25 - [TEST_STEP][PASSED] - Statement - reportgroupTxt = driver.findElement(org.openqa.selenium.By.xpath(reportgroup)).getText(): null

2018-07-05 20:33:25 - [TEST_STEP][PASSED] - Statement - If (reportgroupTxt == "AutomationGroup1"): null

2018-07-05 20:33:25 - [TEST_STEP][PASSED] - Statement - println("Report group has right group name"): null

2018-07-05 20:33:25 - [TEST_STEP][PASSED] - Statement - reportgroup = "(//div[@class='ctable']/table/tbody/tr[@class='tdata clear'])[" + i + "]/td[7]": null

2018-07-05 20:33:25 - [TEST_STEP][PASSED] - Statement - reportgroupTxt = driver.findElement(org.openqa.selenium.By.xpath(reportgroup)).getText(): null

2018-07-05 20:33:25 - [TEST_STEP][PASSED] - Statement - If (reportgroupTxt == "AutomationGroup1"): null

2018-07-05 20:33:25 - [TEST_STEP][PASSED] - Statement - println("Report group has right group name"): null

2018-07-05 20:33:25 - [TEST_STEP][PASSED] - Statement - reportgroup = "(//div[@class='ctable']/table/tbody/tr[@class='tdata clear'])[" + i + "]/td[7]": null

2018-07-05 20:33:25 - [TEST_STEP][PASSED] - Statement - reportgroupTxt = driver.findElement(org.openqa.selenium.By.xpath(reportgroup)).getText(): null

2018-07-05 20:33:25 - [TEST_STEP][PASSED] - Statement - If (reportgroupTxt == "AutomationGroup1"): null

2018-07-05 20:33:25 - [TEST_STEP][PASSED] - Statement - println("Report group has right group name"): null

2018-07-05 20:33:25 - [TEST_STEP][PASSED] - Statement - reportgroup = "(//div[@class='ctable']/table/tbody/tr[@class='tdata clear'])[" + i + "]/td[7]": null

2018-07-05 20:33:25 - [TEST_STEP][PASSED] - Statement - reportgroupTxt = driver.findElement(org.openqa.selenium.By.xpath(reportgroup)).getText(): null

2018-07-05 20:33:25 - [TEST_STEP][PASSED] - Statement - If (reportgroupTxt == "AutomationGroup1"): null

2018-07-05 20:33:25 - [TEST_STEP][PASSED] - Statement - println("Report group has right group name"): null

2018-07-05 20:33:25 - [TEST_STEP][PASSED] - Statement - reportgroup = "(//div[@class='ctable']/table/tbody/tr[@class='tdata clear'])[" + i + "]/td[7]": null

2018-07-05 20:33:25 - [TEST_STEP][PASSED] - Statement - reportgroupTxt = driver.findElement(org.openqa.selenium.By.xpath(reportgroup)).getText(): null

2018-07-05 20:33:25 - [TEST_STEP][PASSED] - Statement - If (reportgroupTxt == "AutomationGroup1"): null

2018-07-05 20:33:25 - [TEST_STEP][PASSED] - Statement - println("Report group has right group name"): null

2018-07-05 20:33:25 - [TEST_STEP][PASSED] - Statement - reportgroup = "(//div[@class='ctable']/table/tbody/tr[@class='tdata clear'])[" + i + "]/td[7]": null

2018-07-05 20:33:25 - [TEST_STEP][PASSED] - Statement - reportgroupTxt = driver.findElement(org.openqa.selenium.By.xpath(reportgroup)).getText(): null

2018-07-05 20:33:25 - [TEST_STEP][PASSED] - Statement - If (reportgroupTxt == "AutomationGroup1"): null

2018-07-05 20:33:25 - [TEST_STEP][PASSED] - Statement - println("Report group has right group name"): null

2018-07-05 20:33:25 - [TEST_STEP][PASSED] - Statement - reportgroup = "(//div[@class='ctable']/table/tbody/tr[@class='tdata clear'])[" + i + "]/td[7]": null

2018-07-05 20:33:25 - [TEST_STEP][PASSED] - Statement - reportgroupTxt = driver.findElement(org.openqa.selenium.By.xpath(reportgroup)).getText(): null

2018-07-05 20:33:25 - [TEST_STEP][PASSED] - Statement - If (reportgroupTxt == "AutomationGroup1"): null

2018-07-05 20:33:25 - [TEST_STEP][PASSED] - Statement - println("Report group has right group name"): null

2018-07-05 20:33:25 - [TEST_STEP][PASSED] - Statement - reportgroup = "(//div[@class='ctable']/table/tbody/tr[@class='tdata clear'])[" + i + "]/td[7]": null

2018-07-05 20:33:25 - [TEST_STEP][PASSED] - Statement - reportgroupTxt = driver.findElement(org.openqa.selenium.By.xpath(reportgroup)).getText(): null

2018-07-05 20:33:25 - [TEST_STEP][PASSED] - Statement - If (reportgroupTxt == "AutomationGroup1"): null

2018-07-05 20:33:25 - [TEST_STEP][PASSED] - Statement - println("Report group has right group name"): null

2018-07-05 20:33:25 - [TEST_STEP][PASSED] - Statement - reportgroup = "(//div[@class='ctable']/table/tbody/tr[@class='tdata clear'])[" + i + "]/td[7]": null

2018-07-05 20:33:25 - [TEST_STEP][PASSED] - Statement - reportgroupTxt = driver.findElement(org.openqa.selenium.By.xpath(reportgroup)).getText(): null

2018-07-05 20:33:25 - [TEST_STEP][PASSED] - Statement - If (reportgroupTxt == "AutomationGroup1"): null

2018-07-05 20:33:25 - [TEST_STEP][PASSED] - Statement - println("Report group has right group name"): null

2018-07-05 20:33:25 - [TEST_STEP][PASSED] - Statement - reportgroup = "(//div[@class='ctable']/table/tbody/tr[@class='tdata clear'])[" + i + "]/td[7]": null

2018-07-05 20:33:25 - [TEST_STEP][PASSED] - Statement - reportgroupTxt = driver.findElement(org.openqa.selenium.By.xpath(reportgroup)).getText(): null

2018-07-05 20:33:25 - [TEST_STEP][PASSED] - Statement - If (reportgroupTxt == "AutomationGroup1"): null

2018-07-05 20:33:25 - [TEST_STEP][PASSED] - Statement - println("Report group has right group name"): null

2018-07-05 20:33:25 - [TEST_STEP][PASSED] - Statement - reportgroup = "(//div[@class='ctable']/table/tbody/tr[@class='tdata clear'])[" + i + "]/td[7]": null

2018-07-05 20:33:25 - [TEST_STEP][PASSED] - Statement - reportgroupTxt = driver.findElement(org.openqa.selenium.By.xpath(reportgroup)).getText(): null

2018-07-05 20:33:25 - [TEST_STEP][PASSED] - Statement - If (reportgroupTxt == "AutomationGroup1"): null

2018-07-05 20:33:25 - [TEST_STEP][PASSED] - Statement - println("Report group has right group name"): null

2018-07-05 20:33:25 - [TEST_STEP][PASSED] - Statement - reportgroup = "(//div[@class='ctable']/table/tbody/tr[@class='tdata clear'])[" + i + "]/td[7]": null

2018-07-05 20:33:25 - [TEST_STEP][PASSED] - Statement - reportgroupTxt = driver.findElement(org.openqa.selenium.By.xpath(reportgroup)).getText(): null

2018-07-05 20:33:25 - [TEST_STEP][PASSED] - Statement - If (reportgroupTxt == "AutomationGroup1"): null

2018-07-05 20:33:25 - [TEST_STEP][PASSED] - Statement - println("Report group has right group name"): null

2018-07-05 20:33:25 - [TEST_STEP][PASSED] - Statement - reportgroup = "(//div[@class='ctable']/table/tbody/tr[@class='tdata clear'])[" + i + "]/td[7]": null

2018-07-05 20:33:25 - [TEST_STEP][PASSED] - Statement - reportgroupTxt = driver.findElement(org.openqa.selenium.By.xpath(reportgroup)).getText(): null

2018-07-05 20:33:25 - [TEST_STEP][PASSED] - Statement - If (reportgroupTxt == "AutomationGroup1"): null

2018-07-05 20:33:25 - [TEST_STEP][PASSED] - Statement - println("Report group has right group name"): null

2018-07-05 20:33:25 - [TEST_STEP][PASSED] - Statement - reportgroup = "(//div[@class='ctable']/table/tbody/tr[@class='tdata clear'])[" + i + "]/td[7]": null

2018-07-05 20:33:25 - [TEST_STEP][PASSED] - Statement - reportgroupTxt = driver.findElement(org.openqa.selenium.By.xpath(reportgroup)).getText(): null

2018-07-05 20:33:25 - [TEST_STEP][PASSED] - Statement - If (reportgroupTxt == "AutomationGroup1"): null

2018-07-05 20:33:25 - [TEST_STEP][PASSED] - Statement - println("Report group has right group name"): null

2018-07-05 20:33:25 - [TEST_STEP][PASSED] - Statement - reportgroup = "(//div[@class='ctable']/table/tbody/tr[@class='tdata clear'])[" + i + "]/td[7]": null

2018-07-05 20:33:25 - [TEST_STEP][PASSED] - Statement - reportgroupTxt = driver.findElement(org.openqa.selenium.By.xpath(reportgroup)).getText(): null

2018-07-05 20:33:26 - [TEST_STEP][PASSED] - Statement - If (reportgroupTxt == "AutomationGroup1"): null

2018-07-05 20:33:26 - [TEST_STEP][PASSED] - Statement - println("Report group has right group name"): null

2018-07-05 20:33:26 - [TEST_STEP][PASSED] - Statement - reportgroup = "(//div[@class='ctable']/table/tbody/tr[@class='tdata clear'])[" + i + "]/td[7]": null

2018-07-05 20:33:26 - [TEST_STEP][PASSED] - Statement - reportgroupTxt = driver.findElement(org.openqa.selenium.By.xpath(reportgroup)).getText(): null

2018-07-05 20:33:26 - [TEST_STEP][PASSED] - Statement - If (reportgroupTxt == "AutomationGroup1"): null

2018-07-05 20:33:26 - [TEST_STEP][PASSED] - Statement - println("Report group has right group name"): null

2018-07-05 20:33:26 - [TEST_STEP][PASSED] - Statement - reportgroup = "(//div[@class='ctable']/table/tbody/tr[@class='tdata clear'])[" + i + "]/td[7]": null

2018-07-05 20:33:26 - [TEST_STEP][PASSED] - Statement - reportgroupTxt = driver.findElement(org.openqa.selenium.By.xpath(reportgroup)).getText(): null

2018-07-05 20:33:26 - [TEST_STEP][PASSED] - Statement - If (reportgroupTxt == "AutomationGroup1"): null

2018-07-05 20:33:26 - [TEST_STEP][PASSED] - Statement - println("Report group has right group name"): null

2018-07-05 20:33:26 - [TEST_STEP][PASSED] - Statement - reportgroup = "(//div[@class='ctable']/table/tbody/tr[@class='tdata clear'])[" + i + "]/td[7]": null

2018-07-05 20:33:26 - [TEST_STEP][PASSED] - Statement - reportgroupTxt = driver.findElement(org.openqa.selenium.By.xpath(reportgroup)).getText(): null

2018-07-05 20:33:26 - [TEST_STEP][PASSED] - Statement - If (reportgroupTxt == "AutomationGroup1"): null

2018-07-05 20:33:26 - [TEST_STEP][PASSED] - Statement - println("Report group has right group name"): null

2018-07-05 20:33:26 - [TEST_STEP][PASSED] - Statement - reportgroup = "(//div[@class='ctable']/table/tbody/tr[@class='tdata clear'])[" + i + "]/td[7]": null

2018-07-05 20:33:26 - [TEST_STEP][PASSED] - Statement - reportgroupTxt = driver.findElement(org.openqa.selenium.By.xpath(reportgroup)).getText(): null

2018-07-05 20:33:26 - [TEST_STEP][PASSED] - Statement - If (reportgroupTxt == "AutomationGroup1"): null

2018-07-05 20:33:26 - [TEST_STEP][PASSED] - Statement - println("Report group has right group name"): null

2018-07-05 20:33:26 - [TEST_STEP][PASSED] - Statement - reportgroup = "(//div[@class='ctable']/table/tbody/tr[@class='tdata clear'])[" + i + "]/td[7]": null

2018-07-05 20:33:26 - [TEST_STEP][PASSED] - Statement - reportgroupTxt = driver.findElement(org.openqa.selenium.By.xpath(reportgroup)).getText(): null

2018-07-05 20:33:26 - [TEST_STEP][PASSED] - Statement - If (reportgroupTxt == "AutomationGroup1"): null

2018-07-05 20:33:26 - [TEST_STEP][PASSED] - Statement - println("Report group has right group name"): null

2018-07-05 20:33:26 - [TEST_STEP][PASSED] - Statement - reportgroup = "(//div[@class='ctable']/table/tbody/tr[@class='tdata clear'])[" + i + "]/td[7]": null

2018-07-05 20:33:26 - [TEST_STEP][PASSED] - Statement - reportgroupTxt = driver.findElement(org.openqa.selenium.By.xpath(reportgroup)).getText(): null

2018-07-05 20:33:26 - [TEST_STEP][PASSED] - Statement - If (reportgroupTxt == "AutomationGroup1"): null

2018-07-05 20:33:26 - [TEST_STEP][PASSED] - Statement - println("Report group has right group name"): null

2018-07-05 20:33:26 - [TEST_STEP][PASSED] - Statement - reportgroup = "(//div[@class='ctable']/table/tbody/tr[@class='tdata clear'])[" + i + "]/td[7]": null

2018-07-05 20:33:26 - [TEST_STEP][PASSED] - Statement - reportgroupTxt = driver.findElement(org.openqa.selenium.By.xpath(reportgroup)).getText(): null

2018-07-05 20:33:26 - [TEST_STEP][PASSED] - Statement - If (reportgroupTxt == "AutomationGroup1"): null

2018-07-05 20:33:26 - [TEST_STEP][PASSED] - Statement - println("Report group has right group name"): null

2018-07-05 20:33:26 - [TEST_STEP][PASSED] - Statement - reportgroup = "(//div[@class='ctable']/table/tbody/tr[@class='tdata clear'])[" + i + "]/td[7]": null

2018-07-05 20:33:26 - [TEST_STEP][PASSED] - Statement - reportgroupTxt = driver.findElement(org.openqa.selenium.By.xpath(reportgroup)).getText(): null

2018-07-05 20:33:26 - [TEST_STEP][PASSED] - Statement - If (reportgroupTxt == "AutomationGroup1"): null

2018-07-05 20:33:26 - [TEST_STEP][PASSED] - Statement - println("Report group has right group name"): null

2018-07-05 20:33:26 - [TEST_STEP][PASSED] - Statement - reportgroup = "(//div[@class='ctable']/table/tbody/tr[@class='tdata clear'])[" + i + "]/td[7]": null

2018-07-05 20:33:26 - [TEST_STEP][PASSED] - Statement - reportgroupTxt = driver.findElement(org.openqa.selenium.By.xpath(reportgroup)).getText(): null

2018-07-05 20:33:26 - [TEST_STEP][PASSED] - Statement - If (reportgroupTxt == "AutomationGroup1"): null

2018-07-05 20:33:26 - [TEST_STEP][PASSED] - Statement - println("Report group has right group name"): null

2018-07-05 20:33:26 - [TEST_STEP][PASSED] - Statement - reportgroup = "(//div[@class='ctable']/table/tbody/tr[@class='tdata clear'])[" + i + "]/td[7]": null

2018-07-05 20:33:26 - [TEST_STEP][PASSED] - Statement - reportgroupTxt = driver.findElement(org.openqa.selenium.By.xpath(reportgroup)).getText(): null

2018-07-05 20:33:26 - [TEST_STEP][PASSED] - Statement - If (reportgroupTxt == "AutomationGroup1"): null

2018-07-05 20:33:26 - [TEST_STEP][PASSED] - Statement - println("Report group has right group name"): null

2018-07-05 20:33:26 - [TEST_STEP][PASSED] - Statement - reportgroup = "(//div[@class='ctable']/table/tbody/tr[@class='tdata clear'])[" + i + "]/td[7]": null

2018-07-05 20:33:26 - [TEST_STEP][PASSED] - Statement - reportgroupTxt = driver.findElement(org.openqa.selenium.By.xpath(reportgroup)).getText(): null

2018-07-05 20:33:26 - [TEST_STEP][PASSED] - Statement - If (reportgroupTxt == "AutomationGroup1"): null

2018-07-05 20:33:26 - [TEST_STEP][PASSED] - Statement - println("Report group has right group name"): null

2018-07-05 20:33:26 - [TEST_STEP][PASSED] - Statement - reportgroup = "(//div[@class='ctable']/table/tbody/tr[@class='tdata clear'])[" + i + "]/td[7]": null

2018-07-05 20:33:26 - [TEST_STEP][PASSED] - Statement - reportgroupTxt = driver.findElement(org.openqa.selenium.By.xpath(reportgroup)).getText(): null

2018-07-05 20:33:26 - [TEST_STEP][PASSED] - Statement - If (reportgroupTxt == "AutomationGroup1"): null

2018-07-05 20:33:26 - [TEST_STEP][PASSED] - Statement - println("Report group has right group name"): null

2018-07-05 20:33:26 - [TEST_STEP][PASSED] - Statement - reportgroup = "(//div[@class='ctable']/table/tbody/tr[@class='tdata clear'])[" + i + "]/td[7]": null

2018-07-05 20:33:26 - [TEST_STEP][PASSED] - Statement - reportgroupTxt = driver.findElement(org.openqa.selenium.By.xpath(reportgroup)).getText(): null

2018-07-05 20:33:26 - [TEST_STEP][PASSED] - Statement - If (reportgroupTxt == "AutomationGroup1"): null

2018-07-05 20:33:26 - [TEST_STEP][PASSED] - Statement - println("Report group has right group name"): null

2018-07-05 20:33:26 - [TEST_STEP][PASSED] - Statement - reportgroup = "(//div[@class='ctable']/table/tbody/tr[@class='tdata clear'])[" + i + "]/td[7]": null

2018-07-05 20:33:26 - [TEST_STEP][PASSED] - Statement - reportgroupTxt = driver.findElement(org.openqa.selenium.By.xpath(reportgroup)).getText(): null

2018-07-05 20:33:26 - [TEST_STEP][PASSED] - Statement - If (reportgroupTxt == "AutomationGroup1"): null

2018-07-05 20:33:26 - [TEST_STEP][PASSED] - Statement - println("Report group has right group name"): null

2018-07-05 20:33:26 - [TEST_STEP][PASSED] - Statement - reportgroup = "(//div[@class='ctable']/table/tbody/tr[@class='tdata clear'])[" + i + "]/td[7]": null

2018-07-05 20:33:26 - [TEST_STEP][PASSED] - Statement - reportgroupTxt = driver.findElement(org.openqa.selenium.By.xpath(reportgroup)).getText(): null

2018-07-05 20:33:26 - [TEST_STEP][PASSED] - Statement - If (reportgroupTxt == "AutomationGroup1"): null

2018-07-05 20:33:26 - [TEST_STEP][PASSED] - Statement - println("Report group has right group name"): null

2018-07-05 20:33:26 - [TEST_STEP][PASSED] - Statement - reportgroup = "(//div[@class='ctable']/table/tbody/tr[@class='tdata clear'])[" + i + "]/td[7]": null

2018-07-05 20:33:26 - [TEST_STEP][PASSED] - Statement - reportgroupTxt = driver.findElement(org.openqa.selenium.By.xpath(reportgroup)).getText(): null

2018-07-05 20:33:26 - [TEST_STEP][PASSED] - Statement - If (reportgroupTxt == "AutomationGroup1"): null

2018-07-05 20:33:26 - [TEST_STEP][PASSED] - Statement - println("Report group has right group name"): null

2018-07-05 20:33:26 - [TEST_STEP][PASSED] - Statement - reportgroup = "(//div[@class='ctable']/table/tbody/tr[@class='tdata clear'])[" + i + "]/td[7]": null

2018-07-05 20:33:26 - [TEST_STEP][PASSED] - Statement - reportgroupTxt = driver.findElement(org.openqa.selenium.By.xpath(reportgroup)).getText(): null

2018-07-05 20:33:26 - [TEST_STEP][PASSED] - Statement - If (reportgroupTxt == "AutomationGroup1"): null

2018-07-05 20:33:26 - [TEST_STEP][PASSED] - Statement - println("Report group has right group name"): null

2018-07-05 20:33:26 - [TEST_STEP][PASSED] - Statement - reportgroup = "(//div[@class='ctable']/table/tbody/tr[@class='tdata clear'])[" + i + "]/td[7]": null

2018-07-05 20:33:26 - [TEST_STEP][PASSED] - Statement - reportgroupTxt = driver.findElement(org.openqa.selenium.By.xpath(reportgroup)).getText(): null

2018-07-05 20:33:26 - [TEST_STEP][PASSED] - Statement - If (reportgroupTxt == "AutomationGroup1"): null

2018-07-05 20:33:26 - [TEST_STEP][PASSED] - Statement - println("Report group has right group name"): null

2018-07-05 20:33:26 - [TEST_STEP][PASSED] - Statement - reportgroup = "(//div[@class='ctable']/table/tbody/tr[@class='tdata clear'])[" + i + "]/td[7]": null

2018-07-05 20:33:26 - [TEST_STEP][PASSED] - Statement - reportgroupTxt = driver.findElement(org.openqa.selenium.By.xpath(reportgroup)).getText(): null

2018-07-05 20:33:26 - [TEST_STEP][PASSED] - Statement - If (reportgroupTxt == "AutomationGroup1"): null

2018-07-05 20:33:26 - [TEST_STEP][PASSED] - Statement - println("Report group has right group name"): null

2018-07-05 20:33:26 - [TEST_STEP][PASSED] - Statement - reportgroup = "(//div[@class='ctable']/table/tbody/tr[@class='tdata clear'])[" + i + "]/td[7]": null

2018-07-05 20:33:26 - [TEST_STEP][PASSED] - Statement - reportgroupTxt = driver.findElement(org.openqa.selenium.By.xpath(reportgroup)).getText(): null

2018-07-05 20:33:26 - [TEST_STEP][PASSED] - Statement - If (reportgroupTxt == "AutomationGroup1"): null

2018-07-05 20:33:26 - [TEST_STEP][PASSED] - Statement - println("Report group has right group name"): null

2018-07-05 20:33:26 - [TEST_STEP][PASSED] - Statement - reportgroup = "(//div[@class='ctable']/table/tbody/tr[@class='tdata clear'])[" + i + "]/td[7]": null

2018-07-05 20:33:26 - [TEST_STEP][PASSED] - Statement - reportgroupTxt = driver.findElement(org.openqa.selenium.By.xpath(reportgroup)).getText(): null

2018-07-05 20:33:26 - [TEST_STEP][PASSED] - Statement - If (reportgroupTxt == "AutomationGroup1"): null

2018-07-05 20:33:26 - [TEST_STEP][PASSED] - Statement - println("Report group has right group name"): null

2018-07-05 20:33:26 - [TEST_STEP][PASSED] - Statement - reportgroup = "(//div[@class='ctable']/table/tbody/tr[@class='tdata clear'])[" + i + "]/td[7]": null

2018-07-05 20:33:26 - [TEST_STEP][PASSED] - Statement - reportgroupTxt = driver.findElement(org.openqa.selenium.By.xpath(reportgroup)).getText(): null

2018-07-05 20:33:26 - [TEST_STEP][PASSED] - Statement - If (reportgroupTxt == "AutomationGroup1"): null

2018-07-05 20:33:26 - [TEST_STEP][PASSED] - Statement - println("Report group has right group name"): null

2018-07-05 20:33:26 - [TEST_STEP][PASSED] - Statement - reportgroup = "(//div[@class='ctable']/table/tbody/tr[@class='tdata clear'])[" + i + "]/td[7]": null

2018-07-05 20:33:26 - [TEST_STEP][PASSED] - Statement - reportgroupTxt = driver.findElement(org.openqa.selenium.By.xpath(reportgroup)).getText(): null

2018-07-05 20:33:26 - [TEST_STEP][PASSED] - Statement - If (reportgroupTxt == "AutomationGroup1"): null

2018-07-05 20:33:26 - [TEST_STEP][PASSED] - Statement - println("Report group has right group name"): null

2018-07-05 20:33:26 - [TEST_STEP][PASSED] - Statement - reportgroup = "(//div[@class='ctable']/table/tbody/tr[@class='tdata clear'])[" + i + "]/td[7]": null

2018-07-05 20:33:26 - [TEST_STEP][PASSED] - Statement - reportgroupTxt = driver.findElement(org.openqa.selenium.By.xpath(reportgroup)).getText(): null

2018-07-05 20:33:26 - [TEST_STEP][PASSED] - Statement - If (reportgroupTxt == "AutomationGroup1"): null

2018-07-05 20:33:26 - [TEST_STEP][PASSED] - Statement - println("Report group has right group name"): null

2018-07-05 20:33:26 - [TEST_STEP][PASSED] - Statement - reportgroup = "(//div[@class='ctable']/table/tbody/tr[@class='tdata clear'])[" + i + "]/td[7]": null

2018-07-05 20:33:26 - [TEST_STEP][PASSED] - Statement - reportgroupTxt = driver.findElement(org.openqa.selenium.By.xpath(reportgroup)).getText(): null

2018-07-05 20:33:26 - [TEST_STEP][PASSED] - Statement - If (reportgroupTxt == "AutomationGroup1"): null

2018-07-05 20:33:26 - [TEST_STEP][PASSED] - Statement - println("Report group has right group name"): null

2018-07-05 20:33:26 - [TEST_STEP][PASSED] - Statement - reportgroup = "(//div[@class='ctable']/table/tbody/tr[@class='tdata clear'])[" + i + "]/td[7]": null

2018-07-05 20:33:26 - [TEST_STEP][PASSED] - Statement - reportgroupTxt = driver.findElement(org.openqa.selenium.By.xpath(reportgroup)).getText(): null

2018-07-05 20:33:26 - [TEST_STEP][PASSED] - Statement - If (reportgroupTxt == "AutomationGroup1"): null

2018-07-05 20:33:26 - [TEST_STEP][PASSED] - Statement - println("Report group has right group name"): null

2018-07-05 20:33:26 - [TEST_STEP][PASSED] - Statement - reportgroup = "(//div[@class='ctable']/table/tbody/tr[@class='tdata clear'])[" + i + "]/td[7]": null

2018-07-05 20:33:26 - [TEST_STEP][PASSED] - Statement - reportgroupTxt = driver.findElement(org.openqa.selenium.By.xpath(reportgroup)).getText(): null

2018-07-05 20:33:26 - [TEST_STEP][PASSED] - Statement - If (reportgroupTxt == "AutomationGroup1"): null

2018-07-05 20:33:26 - [TEST_STEP][PASSED] - Statement - println("Report group has right group name"): null

2018-07-05 20:33:26 - [TEST_STEP][PASSED] - Statement - reportgroup = "(//div[@class='ctable']/table/tbody/tr[@class='tdata clear'])[" + i + "]/td[7]": null

2018-07-05 20:33:26 - [TEST_STEP][PASSED] - Statement - reportgroupTxt = driver.findElement(org.openqa.selenium.By.xpath(reportgroup)).getText(): null

2018-07-05 20:33:26 - [TEST_STEP][PASSED] - Statement - If (reportgroupTxt == "AutomationGroup1"): null

2018-07-05 20:33:26 - [TEST_STEP][PASSED] - Statement - println("Report group has right group name"): null

2018-07-05 20:33:26 - [TEST_STEP][PASSED] - Statement - reportgroup = "(//div[@class='ctable']/table/tbody/tr[@class='tdata clear'])[" + i + "]/td[7]": null

2018-07-05 20:33:26 - [TEST_STEP][PASSED] - Statement - reportgroupTxt = driver.findElement(org.openqa.selenium.By.xpath(reportgroup)).getText(): null

2018-07-05 20:33:26 - [TEST_STEP][PASSED] - Statement - If (reportgroupTxt == "AutomationGroup1"): null

2018-07-05 20:33:26 - [TEST_STEP][PASSED] - Statement - println("Report group has right group name"): null

2018-07-05 20:33:26 - [TEST_STEP][PASSED] - Statement - reportgroup = "(//div[@class='ctable']/table/tbody/tr[@class='tdata clear'])[" + i + "]/td[7]": null

2018-07-05 20:33:26 - [TEST_STEP][PASSED] - Statement - reportgroupTxt = driver.findElement(org.openqa.selenium.By.xpath(reportgroup)).getText(): null

2018-07-05 20:33:26 - [TEST_STEP][PASSED] - Statement - If (reportgroupTxt == "AutomationGroup1"): null

2018-07-05 20:33:26 - [TEST_STEP][PASSED] - Statement - println("Report group has right group name"): null

2018-07-05 20:33:26 - [TEST_STEP][PASSED] - Statement - reportgroup = "(//div[@class='ctable']/table/tbody/tr[@class='tdata clear'])[" + i + "]/td[7]": null

2018-07-05 20:33:26 - [TEST_STEP][PASSED] - Statement - reportgroupTxt = driver.findElement(org.openqa.selenium.By.xpath(reportgroup)).getText(): null

2018-07-05 20:33:27 - [TEST_STEP][PASSED] - Statement - If (reportgroupTxt == "AutomationGroup1"): null

2018-07-05 20:33:27 - [TEST_STEP][PASSED] - Statement - println("Report group has right group name"): null

2018-07-05 20:33:27 - [TEST_STEP][PASSED] - Statement - reportgroup = "(//div[@class='ctable']/table/tbody/tr[@class='tdata clear'])[" + i + "]/td[7]": null

2018-07-05 20:33:27 - [TEST_STEP][PASSED] - Statement - reportgroupTxt = driver.findElement(org.openqa.selenium.By.xpath(reportgroup)).getText(): null

2018-07-05 20:33:27 - [TEST_STEP][PASSED] - Statement - If (reportgroupTxt == "AutomationGroup1"): null

2018-07-05 20:33:27 - [TEST_STEP][PASSED] - Statement - println("Report group has right group name"): null

2018-07-05 20:33:27 - [TEST_STEP][PASSED] - Statement - reportgroup = "(//div[@class='ctable']/table/tbody/tr[@class='tdata clear'])[" + i + "]/td[7]": null

2018-07-05 20:33:27 - [TEST_STEP][PASSED] - Statement - reportgroupTxt = driver.findElement(org.openqa.selenium.By.xpath(reportgroup)).getText(): null

2018-07-05 20:33:27 - [TEST_STEP][PASSED] - Statement - If (reportgroupTxt == "AutomationGroup1"): null

2018-07-05 20:33:27 - [TEST_STEP][PASSED] - Statement - println("Report group has right group name"): null

2018-07-05 20:33:27 - [TEST_STEP][PASSED] - Statement - reportgroup = "(//div[@class='ctable']/table/tbody/tr[@class='tdata clear'])[" + i + "]/td[7]": null

2018-07-05 20:33:27 - [TEST_STEP][PASSED] - Statement - reportgroupTxt = driver.findElement(org.openqa.selenium.By.xpath(reportgroup)).getText(): null

2018-07-05 20:33:27 - [TEST_STEP][PASSED] - Statement - If (reportgroupTxt == "AutomationGroup1"): null

2018-07-05 20:33:27 - [TEST_STEP][PASSED] - Statement - println("Report group has right group name"): null

2018-07-05 20:33:27 - [TEST_STEP][PASSED] - Statement - reportgroup = "(//div[@class='ctable']/table/tbody/tr[@class='tdata clear'])[" + i + "]/td[7]": null

2018-07-05 20:33:27 - [TEST_STEP][PASSED] - Statement - reportgroupTxt = driver.findElement(org.openqa.selenium.By.xpath(reportgroup)).getText(): null

2018-07-05 20:33:27 - [TEST_STEP][PASSED] - Statement - If (reportgroupTxt == "AutomationGroup1"): null

2018-07-05 20:33:27 - [TEST_STEP][PASSED] - Statement - println("Report group has right group name"): null

2018-07-05 20:33:27 - [TEST_STEP][PASSED] - Statement - reportgroup = "(//div[@class='ctable']/table/tbody/tr[@class='tdata clear'])[" + i + "]/td[7]": null

2018-07-05 20:33:27 - [TEST_STEP][PASSED] - Statement - reportgroupTxt = driver.findElement(org.openqa.selenium.By.xpath(reportgroup)).getText(): null

2018-07-05 20:33:27 - [TEST_STEP][PASSED] - Statement - If (reportgroupTxt == "AutomationGroup1"): null

2018-07-05 20:33:27 - [TEST_STEP][PASSED] - Statement - println("Report group has right group name"): null

2018-07-05 20:33:27 - [TEST_STEP][PASSED] - Statement - reportgroup = "(//div[@class='ctable']/table/tbody/tr[@class='tdata clear'])[" + i + "]/td[7]": null

2018-07-05 20:33:27 - [TEST_STEP][PASSED] - Statement - reportgroupTxt = driver.findElement(org.openqa.selenium.By.xpath(reportgroup)).getText(): null

2018-07-05 20:33:27 - [TEST_STEP][PASSED] - Statement - If (reportgroupTxt == "AutomationGroup1"): null

2018-07-05 20:33:27 - [TEST_STEP][PASSED] - Statement - println("Report group has right group name"): null

2018-07-05 20:33:27 - [TEST_STEP][PASSED] - Statement - reportgroup = "(//div[@class='ctable']/table/tbody/tr[@class='tdata clear'])[" + i + "]/td[7]": null

2018-07-05 20:33:27 - [TEST_STEP][PASSED] - Statement - reportgroupTxt = driver.findElement(org.openqa.selenium.By.xpath(reportgroup)).getText(): null

2018-07-05 20:33:27 - [TEST_STEP][PASSED] - Statement - If (reportgroupTxt == "AutomationGroup1"): null

2018-07-05 20:33:27 - [TEST_STEP][PASSED] - Statement - println("Report group has right group name"): null

2018-07-05 20:33:27 - [TEST_STEP][PASSED] - Statement - reportgroup = "(//div[@class='ctable']/table/tbody/tr[@class='tdata clear'])[" + i + "]/td[7]": null

2018-07-05 20:33:27 - [TEST_STEP][PASSED] - Statement - reportgroupTxt = driver.findElement(org.openqa.selenium.By.xpath(reportgroup)).getText(): null

2018-07-05 20:33:27 - [TEST_STEP][PASSED] - Statement - If (reportgroupTxt == "AutomationGroup1"): null

2018-07-05 20:33:27 - [TEST_STEP][PASSED] - Statement - println("Report group has right group name"): null

2018-07-05 20:33:27 - [TEST_STEP][PASSED] - Statement - reportgroup = "(//div[@class='ctable']/table/tbody/tr[@class='tdata clear'])[" + i + "]/td[7]": null

2018-07-05 20:33:27 - [TEST_STEP][PASSED] - Statement - reportgroupTxt = driver.findElement(org.openqa.selenium.By.xpath(reportgroup)).getText(): null

2018-07-05 20:33:27 - [TEST_STEP][PASSED] - Statement - If (reportgroupTxt == "AutomationGroup1"): null

2018-07-05 20:33:27 - [TEST_STEP][PASSED] - Statement - println("Report group has right group name"): null

2018-07-05 20:33:27 - [TEST_STEP][PASSED] - Statement - reportgroup = "(//div[@class='ctable']/table/tbody/tr[@class='tdata clear'])[" + i + "]/td[7]": null

2018-07-05 20:33:27 - [TEST_STEP][PASSED] - Statement - reportgroupTxt = driver.findElement(org.openqa.selenium.By.xpath(reportgroup)).getText(): null

2018-07-05 20:33:27 - [TEST_STEP][PASSED] - Statement - If (reportgroupTxt == "AutomationGroup1"): null

2018-07-05 20:33:27 - [TEST_STEP][PASSED] - Statement - println("Report group has right group name"): null

2018-07-05 20:33:27 - [TEST_STEP][PASSED] - Statement - reportgroup = "(//div[@class='ctable']/table/tbody/tr[@class='tdata clear'])[" + i + "]/td[7]": null

2018-07-05 20:33:27 - [TEST_STEP][PASSED] - Statement - reportgroupTxt = driver.findElement(org.openqa.selenium.By.xpath(reportgroup)).getText(): null

2018-07-05 20:33:27 - [TEST_STEP][PASSED] - Statement - If (reportgroupTxt == "AutomationGroup1"): null

2018-07-05 20:33:27 - [TEST_STEP][PASSED] - Statement - println("Report group has right group name"): null

2018-07-05 20:33:27 - [TEST_STEP][PASSED] - Statement - reportgroup = "(//div[@class='ctable']/table/tbody/tr[@class='tdata clear'])[" + i + "]/td[7]": null

2018-07-05 20:33:27 - [TEST_STEP][PASSED] - Statement - reportgroupTxt = driver.findElement(org.openqa.selenium.By.xpath(reportgroup)).getText(): null

2018-07-05 20:33:27 - [TEST_STEP][PASSED] - Statement - If (reportgroupTxt == "AutomationGroup1"): null

2018-07-05 20:33:27 - [TEST_STEP][PASSED] - Statement - println("Report group has right group name"): null

2018-07-05 20:33:27 - [TEST_STEP][PASSED] - Statement - reportgroup = "(//div[@class='ctable']/table/tbody/tr[@class='tdata clear'])[" + i + "]/td[7]": null

2018-07-05 20:33:27 - [TEST_STEP][PASSED] - Statement - reportgroupTxt = driver.findElement(org.openqa.selenium.By.xpath(reportgroup)).getText(): null

2018-07-05 20:33:27 - [TEST_STEP][PASSED] - Statement - If (reportgroupTxt == "AutomationGroup1"): null

2018-07-05 20:33:27 - [TEST_STEP][PASSED] - Statement - println("Report group has right group name"): null

2018-07-05 20:33:27 - [TEST_STEP][PASSED] - Statement - reportgroup = "(//div[@class='ctable']/table/tbody/tr[@class='tdata clear'])[" + i + "]/td[7]": null

2018-07-05 20:33:27 - [TEST_STEP][PASSED] - Statement - reportgroupTxt = driver.findElement(org.openqa.selenium.By.xpath(reportgroup)).getText(): null

2018-07-05 20:33:27 - [TEST_STEP][PASSED] - Statement - If (reportgroupTxt == "AutomationGroup1"): null

2018-07-05 20:33:27 - [TEST_STEP][PASSED] - Statement - println("Report group has right group name"): null

2018-07-05 20:33:27 - [TEST_STEP][PASSED] - Statement - reportgroup = "(//div[@class='ctable']/table/tbody/tr[@class='tdata clear'])[" + i + "]/td[7]": null

2018-07-05 20:33:27 - [TEST_STEP][PASSED] - Statement - reportgroupTxt = driver.findElement(org.openqa.selenium.By.xpath(reportgroup)).getText(): null

2018-07-05 20:33:27 - [TEST_STEP][PASSED] - Statement - If (reportgroupTxt == "AutomationGroup1"): null

2018-07-05 20:33:27 - [TEST_STEP][PASSED] - Statement - println("Report group has right group name"): null

2018-07-05 20:33:27 - [TEST_STEP][PASSED] - Statement - reportgroup = "(//div[@class='ctable']/table/tbody/tr[@class='tdata clear'])[" + i + "]/td[7]": null

2018-07-05 20:33:27 - [TEST_STEP][PASSED] - Statement - reportgroupTxt = driver.findElement(org.openqa.selenium.By.xpath(reportgroup)).getText(): null

2018-07-05 20:33:27 - [TEST_STEP][PASSED] - Statement - If (reportgroupTxt == "AutomationGroup1"): null

2018-07-05 20:33:27 - [TEST_STEP][PASSED] - Statement - println("Report group has right group name"): null

2018-07-05 20:33:27 - [TEST_STEP][PASSED] - Statement - reportgroup = "(//div[@class='ctable']/table/tbody/tr[@class='tdata clear'])[" + i + "]/td[7]": null

2018-07-05 20:33:27 - [TEST_STEP][PASSED] - Statement - reportgroupTxt = driver.findElement(org.openqa.selenium.By.xpath(reportgroup)).getText(): null

2018-07-05 20:33:27 - [TEST_STEP][PASSED] - Statement - If (reportgroupTxt == "AutomationGroup1"): null

2018-07-05 20:33:27 - [TEST_STEP][PASSED] - Statement - println("Report group has right group name"): null

2018-07-05 20:33:27 - [TEST_STEP][PASSED] - Statement - reportgroup = "(//div[@class='ctable']/table/tbody/tr[@class='tdata clear'])[" + i + "]/td[7]": null

2018-07-05 20:33:27 - [TEST_STEP][PASSED] - Statement - reportgroupTxt = driver.findElement(org.openqa.selenium.By.xpath(reportgroup)).getText(): null

2018-07-05 20:33:27 - [TEST_STEP][PASSED] - Statement - If (reportgroupTxt == "AutomationGroup1"): null

2018-07-05 20:33:27 - [TEST_STEP][PASSED] - Statement - println("Report group has right group name"): null

2018-07-05 20:33:27 - [TEST_STEP][PASSED] - Statement - reportgroup = "(//div[@class='ctable']/table/tbody/tr[@class='tdata clear'])[" + i + "]/td[7]": null

2018-07-05 20:33:27 - [TEST_STEP][PASSED] - Statement - reportgroupTxt = driver.findElement(org.openqa.selenium.By.xpath(reportgroup)).getText(): null

2018-07-05 20:33:27 - [TEST_STEP][PASSED] - Statement - If (reportgroupTxt == "AutomationGroup1"): null

2018-07-05 20:33:27 - [TEST_STEP][PASSED] - Statement - println("Report group has right group name"): null

2018-07-05 20:33:27 - [TEST_STEP][PASSED] - Statement - reportgroup = "(//div[@class='ctable']/table/tbody/tr[@class='tdata clear'])[" + i + "]/td[7]": null

2018-07-05 20:33:27 - [TEST_STEP][PASSED] - Statement - reportgroupTxt = driver.findElement(org.openqa.selenium.By.xpath(reportgroup)).getText(): null

2018-07-05 20:33:27 - [TEST_STEP][PASSED] - Statement - If (reportgroupTxt == "AutomationGroup1"): null

2018-07-05 20:33:27 - [TEST_STEP][PASSED] - Statement - println("Report group has right group name"): null

2018-07-05 20:33:27 - [TEST_STEP][PASSED] - Statement - reportgroup = "(//div[@class='ctable']/table/tbody/tr[@class='tdata clear'])[" + i + "]/td[7]": null

2018-07-05 20:33:27 - [TEST_STEP][PASSED] - Statement - reportgroupTxt = driver.findElement(org.openqa.selenium.By.xpath(reportgroup)).getText(): null

2018-07-05 20:33:27 - [TEST_STEP][PASSED] - Statement - If (reportgroupTxt == "AutomationGroup1"): null

2018-07-05 20:33:27 - [TEST_STEP][PASSED] - Statement - println("Report group has right group name"): null

2018-07-05 20:33:27 - [TEST_STEP][PASSED] - Statement - reportgroup = "(//div[@class='ctable']/table/tbody/tr[@class='tdata clear'])[" + i + "]/td[7]": null

2018-07-05 20:33:27 - [TEST_STEP][PASSED] - Statement - reportgroupTxt = driver.findElement(org.openqa.selenium.By.xpath(reportgroup)).getText(): null

2018-07-05 20:33:27 - [TEST_STEP][PASSED] - Statement - If (reportgroupTxt == "AutomationGroup1"): null

2018-07-05 20:33:27 - [TEST_STEP][PASSED] - Statement - println("Report group has right group name"): null

2018-07-05 20:33:27 - [TEST_STEP][PASSED] - Statement - reportgroup = "(//div[@class='ctable']/table/tbody/tr[@class='tdata clear'])[" + i + "]/td[7]": null

2018-07-05 20:33:27 - [TEST_STEP][PASSED] - Statement - reportgroupTxt = driver.findElement(org.openqa.selenium.By.xpath(reportgroup)).getText(): null

2018-07-05 20:33:27 - [TEST_STEP][PASSED] - Statement - If (reportgroupTxt == "AutomationGroup1"): null

2018-07-05 20:33:27 - [TEST_STEP][PASSED] - Statement - println("Report group has right group name"): null

2018-07-05 20:33:27 - [TEST_STEP][PASSED] - Statement - reportgroup = "(//div[@class='ctable']/table/tbody/tr[@class='tdata clear'])[" + i + "]/td[7]": null

2018-07-05 20:33:27 - [TEST_STEP][PASSED] - Statement - reportgroupTxt = driver.findElement(org.openqa.selenium.By.xpath(reportgroup)).getText(): null

2018-07-05 20:33:27 - [TEST_STEP][PASSED] - Statement - If (reportgroupTxt == "AutomationGroup1"): null

2018-07-05 20:33:27 - [TEST_STEP][PASSED] - Statement - println("Report group has right group name"): null

2018-07-05 20:33:27 - [TEST_STEP][PASSED] - Statement - reportgroup = "(//div[@class='ctable']/table/tbody/tr[@class='tdata clear'])[" + i + "]/td[7]": null

2018-07-05 20:33:27 - [TEST_STEP][PASSED] - Statement - reportgroupTxt = driver.findElement(org.openqa.selenium.By.xpath(reportgroup)).getText(): null

2018-07-05 20:33:27 - [TEST_STEP][PASSED] - Statement - If (reportgroupTxt == "AutomationGroup1"): null

2018-07-05 20:33:27 - [TEST_STEP][PASSED] - Statement - println("Report group has right group name"): null

2018-07-05 20:33:27 - [TEST_STEP][PASSED] - Statement - reportgroup = "(//div[@class='ctable']/table/tbody/tr[@class='tdata clear'])[" + i + "]/td[7]": null

2018-07-05 20:33:27 - [TEST_STEP][PASSED] - Statement - reportgroupTxt = driver.findElement(org.openqa.selenium.By.xpath(reportgroup)).getText(): null

2018-07-05 20:33:27 - [TEST_STEP][PASSED] - Statement - If (reportgroupTxt == "AutomationGroup1"): null

2018-07-05 20:33:27 - [TEST_STEP][PASSED] - Statement - println("Report group has right group name"): null

2018-07-05 20:33:27 - [TEST_STEP][PASSED] - Statement - reportgroup = "(//div[@class='ctable']/table/tbody/tr[@class='tdata clear'])[" + i + "]/td[7]": null

2018-07-05 20:33:27 - [TEST_STEP][PASSED] - Statement - reportgroupTxt = driver.findElement(org.openqa.selenium.By.xpath(reportgroup)).getText(): null

2018-07-05 20:33:27 - [TEST_STEP][PASSED] - Statement - If (reportgroupTxt == "AutomationGroup1"): null

2018-07-05 20:33:27 - [TEST_STEP][PASSED] - Statement - println("Report group has right group name"): null

2018-07-05 20:33:27 - [TEST_STEP][PASSED] - Statement - reportgroup = "(//div[@class='ctable']/table/tbody/tr[@class='tdata clear'])[" + i + "]/td[7]": null

2018-07-05 20:33:27 - [TEST_STEP][PASSED] - Statement - reportgroupTxt = driver.findElement(org.openqa.selenium.By.xpath(reportgroup)).getText(): null

2018-07-05 20:33:27 - [TEST_STEP][PASSED] - Statement - If (reportgroupTxt == "AutomationGroup1"): null

2018-07-05 20:33:27 - [TEST_STEP][PASSED] - Statement - println("Report group has right group name"): null

2018-07-05 20:33:27 - [TEST_STEP][PASSED] - Statement - reportgroup = "(//div[@class='ctable']/table/tbody/tr[@class='tdata clear'])[" + i + "]/td[7]": null

2018-07-05 20:33:27 - [TEST_STEP][PASSED] - Statement - reportgroupTxt = driver.findElement(org.openqa.selenium.By.xpath(reportgroup)).getText(): null

2018-07-05 20:33:27 - [TEST_STEP][PASSED] - Statement - If (reportgroupTxt == "AutomationGroup1"): null

2018-07-05 20:33:27 - [TEST_STEP][PASSED] - Statement - println("Report group has right group name"): null

2018-07-05 20:33:27 - [TEST_STEP][PASSED] - Statement - reportgroup = "(//div[@class='ctable']/table/tbody/tr[@class='tdata clear'])[" + i + "]/td[7]": null

2018-07-05 20:33:27 - [TEST_STEP][PASSED] - Statement - reportgroupTxt = driver.findElement(org.openqa.selenium.By.xpath(reportgroup)).getText(): null

2018-07-05 20:33:27 - [TEST_STEP][PASSED] - Statement - If (reportgroupTxt == "AutomationGroup1"): null

2018-07-05 20:33:27 - [TEST_STEP][PASSED] - Statement - println("Report group has right group name"): null

2018-07-05 20:33:27 - [TEST_STEP][PASSED] - Statement - reportgroup = "(//div[@class='ctable']/table/tbody/tr[@class='tdata clear'])[" + i + "]/td[7]": null

2018-07-05 20:33:27 - [TEST_STEP][PASSED] - Statement - reportgroupTxt = driver.findElement(org.openqa.selenium.By.xpath(reportgroup)).getText(): null

2018-07-05 20:33:27 - [TEST_STEP][PASSED] - Statement - If (reportgroupTxt == "AutomationGroup1"): null

2018-07-05 20:33:27 - [TEST_STEP][PASSED] - Statement - println("Report group has right group name"): null

2018-07-05 20:33:27 - [TEST_STEP][PASSED] - Statement - reportgroup = "(//div[@class='ctable']/table/tbody/tr[@class='tdata clear'])[" + i + "]/td[7]": null

2018-07-05 20:33:27 - [TEST_STEP][PASSED] - Statement - reportgroupTxt = driver.findElement(org.openqa.selenium.By.xpath(reportgroup)).getText(): null

2018-07-05 20:33:28 - [TEST_STEP][PASSED] - Statement - If (reportgroupTxt == "AutomationGroup1"): null

2018-07-05 20:33:28 - [TEST_STEP][PASSED] - Statement - println("Report group has right group name"): null

2018-07-05 20:33:28 - [TEST_STEP][PASSED] - Statement - reportgroup = "(//div[@class='ctable']/table/tbody/tr[@class='tdata clear'])[" + i + "]/td[7]": null

2018-07-05 20:33:28 - [TEST_STEP][PASSED] - Statement - reportgroupTxt = driver.findElement(org.openqa.selenium.By.xpath(reportgroup)).getText(): null

2018-07-05 20:33:28 - [TEST_STEP][PASSED] - Statement - If (reportgroupTxt == "AutomationGroup1"): null

2018-07-05 20:33:28 - [TEST_STEP][PASSED] - Statement - println("Report group has right group name"): null

2018-07-05 20:33:28 - [TEST_STEP][PASSED] - Statement - reportgroup = "(//div[@class='ctable']/table/tbody/tr[@class='tdata clear'])[" + i + "]/td[7]": null

2018-07-05 20:33:28 - [TEST_STEP][PASSED] - Statement - reportgroupTxt = driver.findElement(org.openqa.selenium.By.xpath(reportgroup)).getText(): null

2018-07-05 20:33:28 - [TEST_STEP][PASSED] - Statement - If (reportgroupTxt == "AutomationGroup1"): null

2018-07-05 20:33:28 - [TEST_STEP][PASSED] - Statement - println("Report group has right group name"): null

2018-07-05 20:33:28 - [TEST_STEP][PASSED] - Statement - reportgroup = "(//div[@class='ctable']/table/tbody/tr[@class='tdata clear'])[" + i + "]/td[7]": null

2018-07-05 20:33:28 - [TEST_STEP][PASSED] - Statement - reportgroupTxt = driver.findElement(org.openqa.selenium.By.xpath(reportgroup)).getText(): null

2018-07-05 20:33:28 - [TEST_STEP][PASSED] - Statement - If (reportgroupTxt == "AutomationGroup1"): null

2018-07-05 20:33:28 - [TEST_STEP][PASSED] - Statement - println("Report group has right group name"): null

2018-07-05 20:33:28 - [TEST_STEP][PASSED] - Statement - reportgroup = "(//div[@class='ctable']/table/tbody/tr[@class='tdata clear'])[" + i + "]/td[7]": null

2018-07-05 20:33:28 - [TEST_STEP][PASSED] - Statement - reportgroupTxt = driver.findElement(org.openqa.selenium.By.xpath(reportgroup)).getText(): null

2018-07-05 20:33:28 - [TEST_STEP][PASSED] - Statement - If (reportgroupTxt == "AutomationGroup1"): null

2018-07-05 20:33:28 - [TEST_STEP][PASSED] - Statement - println("Report group has right group name"): null

2018-07-05 20:33:28 - [TEST_STEP][PASSED] - Statement - reportgroup = "(//div[@class='ctable']/table/tbody/tr[@class='tdata clear'])[" + i + "]/td[7]": null

2018-07-05 20:33:28 - [TEST_STEP][PASSED] - Statement - reportgroupTxt = driver.findElement(org.openqa.selenium.By.xpath(reportgroup)).getText(): null

2018-07-05 20:33:28 - [TEST_STEP][PASSED] - Statement - If (reportgroupTxt == "AutomationGroup1"): null

2018-07-05 20:33:28 - [TEST_STEP][PASSED] - Statement - println("Report group has right group name"): null

2018-07-05 20:33:28 - [TEST_STEP][PASSED] - Statement - reportgroup = "(//div[@class='ctable']/table/tbody/tr[@class='tdata clear'])[" + i + "]/td[7]": null

2018-07-05 20:33:28 - [TEST_STEP][PASSED] - Statement - reportgroupTxt = driver.findElement(org.openqa.selenium.By.xpath(reportgroup)).getText(): null

2018-07-05 20:33:28 - [TEST_STEP][PASSED] - Statement - If (reportgroupTxt == "AutomationGroup1"): null

2018-07-05 20:33:28 - [TEST_STEP][PASSED] - Statement - println("Report group has right group name"): null

2018-07-05 20:33:28 - [TEST_STEP][PASSED] - Statement - reportgroup = "(//div[@class='ctable']/table/tbody/tr[@class='tdata clear'])[" + i + "]/td[7]": null

2018-07-05 20:33:28 - [TEST_STEP][PASSED] - Statement - reportgroupTxt = driver.findElement(org.openqa.selenium.By.xpath(reportgroup)).getText(): null

2018-07-05 20:33:28 - [TEST_STEP][PASSED] - Statement - If (reportgroupTxt == "AutomationGroup1"): null

2018-07-05 20:33:28 - [TEST_STEP][PASSED] - Statement - println("Report group has right group name"): null

2018-07-05 20:33:28 - [TEST_STEP][PASSED] - Statement - reportgroup = "(//div[@class='ctable']/table/tbody/tr[@class='tdata clear'])[" + i + "]/td[7]": null

2018-07-05 20:33:28 - [TEST_STEP][PASSED] - Statement - reportgroupTxt = driver.findElement(org.openqa.selenium.By.xpath(reportgroup)).getText(): null

2018-07-05 20:33:28 - [TEST_STEP][PASSED] - Statement - If (reportgroupTxt == "AutomationGroup1"): null

2018-07-05 20:33:28 - [TEST_STEP][PASSED] - Statement - println("Report group has right group name"): null

2018-07-05 20:33:28 - [TEST_STEP][PASSED] - Statement - reportgroup = "(//div[@class='ctable']/table/tbody/tr[@class='tdata clear'])[" + i + "]/td[7]": null

2018-07-05 20:33:28 - [TEST_STEP][PASSED] - Statement - reportgroupTxt = driver.findElement(org.openqa.selenium.By.xpath(reportgroup)).getText(): null

2018-07-05 20:33:28 - [TEST_STEP][PASSED] - Statement - If (reportgroupTxt == "AutomationGroup1"): null

2018-07-05 20:33:28 - [TEST_STEP][PASSED] - Statement - println("Report group has right group name"): null

2018-07-05 20:33:28 - [TEST_STEP][PASSED] - Statement - reportgroup = "(//div[@class='ctable']/table/tbody/tr[@class='tdata clear'])[" + i + "]/td[7]": null

2018-07-05 20:33:28 - [TEST_STEP][PASSED] - Statement - reportgroupTxt = driver.findElement(org.openqa.selenium.By.xpath(reportgroup)).getText(): null

2018-07-05 20:33:28 - [TEST_STEP][PASSED] - Statement - If (reportgroupTxt == "AutomationGroup1"): null

2018-07-05 20:33:28 - [TEST_STEP][PASSED] - Statement - println("Report group has right group name"): null

2018-07-05 20:33:28 - [TEST_STEP][PASSED] - Statement - reportgroup = "(//div[@class='ctable']/table/tbody/tr[@class='tdata clear'])[" + i + "]/td[7]": null

2018-07-05 20:33:28 - [TEST_STEP][PASSED] - Statement - reportgroupTxt = driver.findElement(org.openqa.selenium.By.xpath(reportgroup)).getText(): null

2018-07-05 20:33:28 - [TEST_STEP][PASSED] - Statement - If (reportgroupTxt == "AutomationGroup1"): null

2018-07-05 20:33:28 - [TEST_STEP][PASSED] - Statement - println("Report group has right group name"): null

2018-07-05 20:33:28 - [TEST_STEP][PASSED] - Statement - reportgroup = "(//div[@class='ctable']/table/tbody/tr[@class='tdata clear'])[" + i + "]/td[7]": null

2018-07-05 20:33:28 - [TEST_STEP][PASSED] - Statement - reportgroupTxt = driver.findElement(org.openqa.selenium.By.xpath(reportgroup)).getText(): null

2018-07-05 20:33:28 - [TEST_STEP][PASSED] - Statement - If (reportgroupTxt == "AutomationGroup1"): null

2018-07-05 20:33:28 - [TEST_STEP][PASSED] - Statement - println("Report group has right group name"): null

2018-07-05 20:33:28 - [TEST_STEP][PASSED] - Statement - reportgroup = "(//div[@class='ctable']/table/tbody/tr[@class='tdata clear'])[" + i + "]/td[7]": null

2018-07-05 20:33:28 - [TEST_STEP][PASSED] - Statement - reportgroupTxt = driver.findElement(org.openqa.selenium.By.xpath(reportgroup)).getText(): null

2018-07-05 20:33:28 - [TEST_STEP][PASSED] - Statement - If (reportgroupTxt == "AutomationGroup1"): null

2018-07-05 20:33:28 - [TEST_STEP][PASSED] - Statement - println("Report group has right group name"): null

2018-07-05 20:33:28 - [TEST_STEP][PASSED] - Statement - reportgroup = "(//div[@class='ctable']/table/tbody/tr[@class='tdata clear'])[" + i + "]/td[7]": null

2018-07-05 20:33:28 - [TEST_STEP][PASSED] - Statement - reportgroupTxt = driver.findElement(org.openqa.selenium.By.xpath(reportgroup)).getText(): null

2018-07-05 20:33:28 - [TEST_STEP][PASSED] - Statement - If (reportgroupTxt == "AutomationGroup1"): null

2018-07-05 20:33:28 - [TEST_STEP][PASSED] - Statement - println("Report group has right group name"): null

2018-07-05 20:33:28 - [TEST_STEP][PASSED] - Statement - reportgroup = "(//div[@class='ctable']/table/tbody/tr[@class='tdata clear'])[" + i + "]/td[7]": null

2018-07-05 20:33:28 - [TEST_STEP][PASSED] - Statement - reportgroupTxt = driver.findElement(org.openqa.selenium.By.xpath(reportgroup)).getText(): null

2018-07-05 20:33:28 - [TEST_STEP][PASSED] - Statement - If (reportgroupTxt == "AutomationGroup1"): null

2018-07-05 20:33:28 - [TEST_STEP][PASSED] - Statement - println("Report group has right group name"): null

2018-07-05 20:33:28 - [TEST_STEP][PASSED] - Statement - reportgroup = "(//div[@class='ctable']/table/tbody/tr[@class='tdata clear'])[" + i + "]/td[7]": null

2018-07-05 20:33:28 - [TEST_STEP][PASSED] - Statement - reportgroupTxt = driver.findElement(org.openqa.selenium.By.xpath(reportgroup)).getText(): null

2018-07-05 20:33:28 - [TEST_STEP][PASSED] - Statement - If (reportgroupTxt == "AutomationGroup1"): null

2018-07-05 20:33:28 - [TEST_STEP][PASSED] - Statement - println("Report group has right group name"): null

2018-07-05 20:33:28 - [TEST_STEP][PASSED] - Statement - reportgroup = "(//div[@class='ctable']/table/tbody/tr[@class='tdata clear'])[" + i + "]/td[7]": null

2018-07-05 20:33:28 - [TEST_STEP][PASSED] - Statement - reportgroupTxt = driver.findElement(org.openqa.selenium.By.xpath(reportgroup)).getText(): null

2018-07-05 20:33:28 - [TEST_STEP][PASSED] - Statement - If (reportgroupTxt == "AutomationGroup1"): null

2018-07-05 20:33:28 - [TEST_STEP][PASSED] - Statement - println("Report group has right group name"): null

2018-07-05 20:33:28 - [TEST_STEP][PASSED] - Statement - reportgroup = "(//div[@class='ctable']/table/tbody/tr[@class='tdata clear'])[" + i + "]/td[7]": null

2018-07-05 20:33:28 - [TEST_STEP][PASSED] - Statement - reportgroupTxt = driver.findElement(org.openqa.selenium.By.xpath(reportgroup)).getText(): null

2018-07-05 20:33:28 - [TEST_STEP][PASSED] - Statement - If (reportgroupTxt == "AutomationGroup1"): null

2018-07-05 20:33:28 - [TEST_STEP][PASSED] - Statement - println("Report group has right group name"): null

2018-07-05 20:33:28 - [TEST_STEP][PASSED] - Statement - reportgroup = "(//div[@class='ctable']/table/tbody/tr[@class='tdata clear'])[" + i + "]/td[7]": null

2018-07-05 20:33:28 - [TEST_STEP][PASSED] - Statement - reportgroupTxt = driver.findElement(org.openqa.selenium.By.xpath(reportgroup)).getText(): null

2018-07-05 20:33:28 - [TEST_STEP][PASSED] - Statement - If (reportgroupTxt == "AutomationGroup1"): null

2018-07-05 20:33:28 - [TEST_STEP][PASSED] - Statement - println("Report group has right group name"): null

2018-07-05 20:33:28 - [TEST_STEP][PASSED] - Statement - reportgroup = "(//div[@class='ctable']/table/tbody/tr[@class='tdata clear'])[" + i + "]/td[7]": null

2018-07-05 20:33:28 - [TEST_STEP][PASSED] - Statement - reportgroupTxt = driver.findElement(org.openqa.selenium.By.xpath(reportgroup)).getText(): null

2018-07-05 20:33:28 - [TEST_STEP][PASSED] - Statement - If (reportgroupTxt == "AutomationGroup1"): null

2018-07-05 20:33:28 - [TEST_STEP][PASSED] - Statement - println("Report group has right group name"): null

2018-07-05 20:33:28 - [TEST_STEP][PASSED] - Statement - reportgroup = "(//div[@class='ctable']/table/tbody/tr[@class='tdata clear'])[" + i + "]/td[7]": null

2018-07-05 20:33:28 - [TEST_STEP][PASSED] - Statement - reportgroupTxt = driver.findElement(org.openqa.selenium.By.xpath(reportgroup)).getText(): null

2018-07-05 20:33:28 - [TEST_STEP][PASSED] - Statement - If (reportgroupTxt == "AutomationGroup1"): null

2018-07-05 20:33:28 - [TEST_STEP][PASSED] - Statement - println("Report group has right group name"): null

2018-07-05 20:33:28 - [TEST_STEP][PASSED] - Statement - reportgroup = "(//div[@class='ctable']/table/tbody/tr[@class='tdata clear'])[" + i + "]/td[7]": null

2018-07-05 20:33:28 - [TEST_STEP][PASSED] - Statement - reportgroupTxt = driver.findElement(org.openqa.selenium.By.xpath(reportgroup)).getText(): null

2018-07-05 20:33:28 - [TEST_STEP][PASSED] - Statement - If (reportgroupTxt == "AutomationGroup1"): null

2018-07-05 20:33:28 - [TEST_STEP][PASSED] - Statement - println("Report group has right group name"): null

2018-07-05 20:33:28 - [TEST_STEP][PASSED] - Statement - reportgroup = "(//div[@class='ctable']/table/tbody/tr[@class='tdata clear'])[" + i + "]/td[7]": null

2018-07-05 20:33:28 - [TEST_STEP][PASSED] - Statement - reportgroupTxt = driver.findElement(org.openqa.selenium.By.xpath(reportgroup)).getText(): null

2018-07-05 20:33:28 - [TEST_STEP][PASSED] - Statement - If (reportgroupTxt == "AutomationGroup1"): null

2018-07-05 20:33:28 - [TEST_STEP][PASSED] - Statement - println("Report group has right group name"): null

2018-07-05 20:33:28 - [TEST_STEP][PASSED] - Statement - reportgroup = "(//div[@class='ctable']/table/tbody/tr[@class='tdata clear'])[" + i + "]/td[7]": null

2018-07-05 20:33:28 - [TEST_STEP][PASSED] - Statement - reportgroupTxt = driver.findElement(org.openqa.selenium.By.xpath(reportgroup)).getText(): null

2018-07-05 20:33:28 - [TEST_STEP][PASSED] - Statement - If (reportgroupTxt == "AutomationGroup1"): null

2018-07-05 20:33:28 - [TEST_STEP][PASSED] - Statement - println("Report group has right group name"): null

2018-07-05 20:33:28 - [TEST_STEP][PASSED] - Statement - reportgroup = "(//div[@class='ctable']/table/tbody/tr[@class='tdata clear'])[" + i + "]/td[7]": null

2018-07-05 20:33:28 - [TEST_STEP][PASSED] - Statement - reportgroupTxt = driver.findElement(org.openqa.selenium.By.xpath(reportgroup)).getText(): null

2018-07-05 20:33:28 - [TEST_STEP][PASSED] - Statement - If (reportgroupTxt == "AutomationGroup1"): null

2018-07-05 20:33:28 - [TEST_STEP][PASSED] - Statement - println("Report group has right group name"): null

2018-07-05 20:33:28 - [TEST_STEP][PASSED] - Statement - reportgroup = "(//div[@class='ctable']/table/tbody/tr[@class='tdata clear'])[" + i + "]/td[7]": null

2018-07-05 20:33:28 - [TEST_STEP][PASSED] - Statement - reportgroupTxt = driver.findElement(org.openqa.selenium.By.xpath(reportgroup)).getText(): null

2018-07-05 20:33:28 - [TEST_STEP][PASSED] - Statement - If (reportgroupTxt == "AutomationGroup1"): null

2018-07-05 20:33:28 - [TEST_STEP][PASSED] - Statement - println("Report group has right group name"): null

2018-07-05 20:33:28 - [TEST_STEP][PASSED] - uiaction.CommonUIActions.click: uiaction.CommonUIActions.click is PASSED

2018-07-05 20:33:29 - [MESSAGE][PASSED] - uiaction.CommonUIActions.click is PASSED

2018-07-05 20:33:29 - [TEST_STEP][PASSED] - delay: Delayed 5 second(s)

2018-07-05 20:33:34 - [MESSAGE][PASSED] - Delayed 5 second(s)

2018-07-05 20:33:34 - [TEST_STEP][PASSED] - uiaction.CommonUIActions.click: uiaction.CommonUIActions.click is PASSED

2018-07-05 20:33:34 - [MESSAGE][PASSED] - uiaction.CommonUIActions.click is PASSED

2018-07-05 20:33:34 - [TEST_STEP][PASSED] - delay: Delayed 5 second(s)

2018-07-05 20:33:39 - [MESSAGE][PASSED] - Delayed 5 second(s)

2018-07-05 20:33:39 - [TEST_STEP][PASSED] - uiaction.CommonUIActions.click: uiaction.CommonUIActions.click is PASSED

2018-07-05 20:33:39 - [MESSAGE][PASSED] - uiaction.CommonUIActions.click is PASSED

2018-07-05 20:33:39 - [TEST_STEP][PASSED] - uiaction.CommonUIActions.click: uiaction.CommonUIActions.click is PASSED

2018-07-05 20:33:39 - [MESSAGE][PASSED] - uiaction.CommonUIActions.click is PASSED

2018-07-05 20:33:39 - [TEST_STEP][PASSED] - uiaction.CommonUIActions.click: uiaction.CommonUIActions.click is PASSED

2018-07-05 20:33:39 - [MESSAGE][PASSED] - uiaction.CommonUIActions.click is PASSED

2018-07-05 20:33:39 - [TEST_STEP][PASSED] - delay: Delayed 10 second(s)

2018-07-05 20:33:49 - [MESSAGE][PASSED] - Delayed 10 second(s)

2018-07-05 20:33:49 - [TEST_STEP][PASSED] - uiaction.CommonUIActions.back: uiaction.CommonUIActions.back is PASSED

2018-07-05 20:33:49 - [MESSAGE][PASSED] - Navigate back successfully

2018-07-05 20:33:49 - [MESSAGE][PASSED] - uiaction.CommonUIActions.back is PASSED

2018-07-05 20:33:49 - [TEST_STEP][PASSED] - delay: Delayed 5 second(s)

2018-07-05 20:33:54 - [MESSAGE][PASSED] - Delayed 5 second(s)

2018-07-05 20:33:54 - [TEST_STEP][PASSED] - uiaction.CommonUIActions.back: uiaction.CommonUIActions.back is PASSED

2018-07-05 20:33:54 - [MESSAGE][PASSED] - Navigate back successfully

2018-07-05 20:33:54 - [MESSAGE][PASSED] - uiaction.CommonUIActions.back is PASSED

2018-07-05 20:33:54 - [TEST_STEP][PASSED] - uiaction.CommonUIActions.click: uiaction.CommonUIActions.click is PASSED

2018-07-05 20:33:55 - [MESSAGE][PASSED] - uiaction.CommonUIActions.click is PASSED

2018-07-05 20:33:55 - [TEST_STEP][PASSED] - uiaction.CommonUIActions.click: uiaction.CommonUIActions.click is PASSED

2018-07-05 20:33:56 - [MESSAGE][PASSED] - uiaction.CommonUIActions.click is PASSED

2018-07-05 20:33:56 - [TEST_STEP][PASSED] - uiaction.CommonUIActions.click: uiaction.CommonUIActions.click is PASSED

2018-07-05 20:33:56 - [MESSAGE][PASSED] - uiaction.CommonUIActions.click is PASSED

2018-07-05 20:33:56 - [TEST_STEP][PASSED] - uiaction.CommonUIActions.click: uiaction.CommonUIActions.click is PASSED

2018-07-05 20:33:59 - [MESSAGE][PASSED] - uiaction.CommonUIActions.click is PASSED

2018-07-05 20:33:59 - [TEST_STEP][PASSED] - Statement - assert TCflag == true: null

2018-07-05 20:33:59 - [TEST_STEP][PASSED] - Start listener action : sampleAfterTestCase: Browser is closed

2018-07-05 20:33:59 - [TEST_STEP][PASSED] - Statement - println(testCaseContext.getTestCaseId()): null

2018-07-05 20:33:59 - [TEST_STEP][PASSED] - Statement - println(testCaseContext.getTestCaseStatus()): null

2018-07-05 20:33:59 - [TEST_STEP][PASSED] - closeBrowser: Browser is closed

2018-07-05 20:34:00 - [MESSAGE][PASSED] - Browser is closed]]></system-out>
         <system-err><![CDATA[]]></system-err>
      </testcase>
      <testcase name="Test Cases/CreateGroupTC/HME-CreateGroup-08" classname="Test Cases/CreateGroupTC/HME-CreateGroup-08" status="PASSED">
         <system-out><![CDATA[2018-07-05 20:34:00 - [TEST_CASE][PASSED] - Test Cases/CreateGroupTC/HME-CreateGroup-08: Browser is closed

2018-07-05 20:34:00 - [TEST_STEP][PASSED] - Start listener action : sampleBeforeTestCase: uiaction.CommonUIActions.deleteAllCookies is PASSED

2018-07-05 20:34:00 - [TEST_STEP][PASSED] - openBrowser: Browser is opened with url: ''

2018-07-05 20:34:02 - [MESSAGE][PASSED] - Browser is opened with url: ''

2018-07-05 20:34:02 - [TEST_STEP][PASSED] - maximizeWindow: Current window maximized

2018-07-05 20:34:03 - [MESSAGE][PASSED] - Current window maximized

2018-07-05 20:34:03 - [TEST_STEP][PASSED] - uiaction.CommonUIActions.deleteAllCookies: uiaction.CommonUIActions.deleteAllCookies is PASSED

2018-07-05 20:34:03 - [MESSAGE][PASSED] - Delete all cookies successfully

2018-07-05 20:34:03 - [MESSAGE][PASSED] - uiaction.CommonUIActions.deleteAllCookies is PASSED

2018-07-05 20:34:04 - [TEST_STEP][PASSED] - Statement - TCflag = true: null

2018-07-05 20:34:04 - [TEST_STEP][PASSED] - Statement - Try: uiaction.CommonUIActions.click is PASSED

2018-07-05 20:34:04 - [TEST_STEP][PASSED] - navigateToUrl: Navigate to 'https://engdev.hmedtcloud.com/?pg=Login' successfully

2018-07-05 20:34:12 - [MESSAGE][PASSED] - Navigate to 'https://engdev.hmedtcloud.com/?pg=Login' successfully

2018-07-05 20:34:12 - [TEST_STEP][PASSED] - projectSpecific.Reusability.login: projectSpecific.Reusability.login is PASSED

2018-07-05 20:34:12 - [MESSAGE][PASSED] - projectSpecific.Reusability.getTestData is PASSED

2018-07-05 20:34:12 - [MESSAGE][PASSED] - projectSpecific.Reusability.getTestData is PASSED

2018-07-05 20:34:12 - [MESSAGE][PASSED] - Text 'selvendrank@nousinfo.com' is set on object 'Object Repository/LoginPage/Username'

2018-07-05 20:34:12 - [MESSAGE][PASSED] - Text 'Nous;123' is set on object 'Object Repository/LoginPage/Password'

2018-07-05 20:34:26 - [MESSAGE][PASSED] - Object: 'Object Repository/LoginPage/Login' is clicked on

2018-07-05 20:34:26 - [MESSAGE][PASSED] - projectSpecific.Reusability.login is PASSED

2018-07-05 20:34:26 - [TEST_STEP][PASSED] - delay: Delayed 10 second(s)

2018-07-05 20:34:36 - [MESSAGE][PASSED] - Delayed 10 second(s)

2018-07-05 20:34:36 - [TEST_STEP][PASSED] - Statement - driver = com.kms.katalon.core.webui.driver.DriverFactory.getWebDriver(): null

2018-07-05 20:34:36 - [TEST_STEP][PASSED] - uiaction.CommonUIActions.click: uiaction.CommonUIActions.click is PASSED

2018-07-05 20:34:48 - [MESSAGE][PASSED] - uiaction.CommonUIActions.click is PASSED

2018-07-05 20:34:48 - [TEST_STEP][PASSED] - delay: Delayed 10 second(s)

2018-07-05 20:34:58 - [MESSAGE][PASSED] - Delayed 10 second(s)

2018-07-05 20:34:58 - [TEST_STEP][PASSED] - uiaction.CommonUIActions.click: uiaction.CommonUIActions.click is PASSED

2018-07-05 20:35:02 - [MESSAGE][PASSED] - uiaction.CommonUIActions.click is PASSED

2018-07-05 20:35:02 - [TEST_STEP][PASSED] - uiaction.CommonUIActions.click: uiaction.CommonUIActions.click is PASSED

2018-07-05 20:35:02 - [MESSAGE][PASSED] - uiaction.CommonUIActions.click is PASSED

2018-07-05 20:35:02 - [TEST_STEP][PASSED] - delay: Delayed 10 second(s)

2018-07-05 20:35:12 - [MESSAGE][PASSED] - Delayed 10 second(s)

2018-07-05 20:35:12 - [TEST_STEP][PASSED] - Statement - existingGroup = CustomKeywords.projectSpecific.Reusability.getTestData("ReportingGroupManagementPage", "alreadyDeletedGroup"): projectSpecific.Reusability.getTestData is PASSED

2018-07-05 20:35:12 - [MESSAGE][PASSED] - projectSpecific.Reusability.getTestData is PASSED

2018-07-05 20:35:12 - [TEST_STEP][PASSED] - uiaction.CommonUIActions.enter: uiaction.CommonUIActions.enter is PASSED

2018-07-05 20:35:12 - [MESSAGE][PASSED] - uiaction.CommonUIActions.enter is PASSED

2018-07-05 20:35:12 - [TEST_STEP][PASSED] - uiaction.CommonUIActions.enter: uiaction.CommonUIActions.enter is PASSED

2018-07-05 20:35:12 - [MESSAGE][PASSED] - projectSpecific.Reusability.getTestData is PASSED

2018-07-05 20:35:12 - [MESSAGE][PASSED] - uiaction.CommonUIActions.enter is PASSED

2018-07-05 20:35:12 - [TEST_STEP][PASSED] - delay: Delayed 10 second(s)

2018-07-05 20:35:22 - [MESSAGE][PASSED] - Delayed 10 second(s)

2018-07-05 20:35:22 - [TEST_STEP][PASSED] - uiaction.CommonUIActions.click: uiaction.CommonUIActions.click is PASSED

2018-07-05 20:35:22 - [MESSAGE][PASSED] - uiaction.CommonUIActions.click is PASSED

2018-07-05 20:35:22 - [TEST_STEP][PASSED] - back: Navigate back successfully

2018-07-05 20:35:22 - [MESSAGE][PASSED] - Navigate back successfully

2018-07-05 20:35:22 - [TEST_STEP][PASSED] - delay: Delayed 10 second(s)

2018-07-05 20:35:32 - [MESSAGE][PASSED] - Delayed 10 second(s)

2018-07-05 20:35:32 - [TEST_STEP][PASSED] - back: Navigate back successfully

2018-07-05 20:35:32 - [MESSAGE][PASSED] - Navigate back successfully

2018-07-05 20:35:32 - [TEST_STEP][PASSED] - delay: Delayed 10 second(s)

2018-07-05 20:35:42 - [MESSAGE][PASSED] - Delayed 10 second(s)

2018-07-05 20:35:42 - [TEST_STEP][PASSED] - Statement - groupHierarchyList = driver.findElements(org.openqa.selenium.By.xpath(com.kms.katalon.core.testdata.TestDataFactory.findTestData(OR_file).getValue(2, 13))): Reading excel file with source file 'C:\Users\shalinin\Katalon Studio\HME_DEVScripts\Data Files\HME_OR.xlsx' and sheet name 'Sheet1'

2018-07-05 20:35:42 - [TEST_STEP][PASSED] - Statement - exists = false: null

2018-07-05 20:35:42 - [TEST_STEP][PASSED] - Statement - For ([i = 0, i < groupHierarchyList.size(), (i++)]): null

2018-07-05 20:35:42 - [TEST_STEP][PASSED] - Statement - If (groupHierarchyList.get(i).getText().equals(existingGroup)): null

2018-07-05 20:35:42 - [TEST_STEP][PASSED] - Statement - If (groupHierarchyList.get(i).getText().equals(existingGroup)): null

2018-07-05 20:35:42 - [TEST_STEP][PASSED] - Statement - println("group exists"): null

2018-07-05 20:35:42 - [TEST_STEP][PASSED] - Statement - exists = true: null

2018-07-05 20:35:42 - [TEST_STEP][PASSED] - Statement - Break: null

2018-07-05 20:35:42 - [TEST_STEP][PASSED] - Statement - If (!(exists)): null

2018-07-05 20:35:42 - [TEST_STEP][PASSED] - Statement - groupXpath = "//span[text()='" + existingGroup + "']": null

2018-07-05 20:35:42 - [TEST_STEP][PASSED] - Statement - println(groupXpath): null

2018-07-05 20:35:42 - [TEST_STEP][PASSED] - Statement - driver.findElement(org.openqa.selenium.By.xpath(groupXpath)).click(): null

2018-07-05 20:35:43 - [TEST_STEP][PASSED] - delay: Delayed 10 second(s)

2018-07-05 20:35:53 - [MESSAGE][PASSED] - Delayed 10 second(s)

2018-07-05 20:35:53 - [TEST_STEP][PASSED] - uiaction.CommonUIActions.click: uiaction.CommonUIActions.click is PASSED

2018-07-05 20:35:53 - [MESSAGE][PASSED] - uiaction.CommonUIActions.click is PASSED

2018-07-05 20:35:53 - [TEST_STEP][PASSED] - delay: Delayed 10 second(s)

2018-07-05 20:36:03 - [MESSAGE][PASSED] - Delayed 10 second(s)

2018-07-05 20:36:03 - [TEST_STEP][PASSED] - Statement - confirmToDeleteText = CustomKeywords.uiaction.CommonUIActions.getText(com.kms.katalon.core.testobject.ObjectRepository.findTestObject(ReportingGroupManagement/confirmToDeleteText)): uiaction.CommonUIActions.getText is PASSED

2018-07-05 20:36:03 - [MESSAGE][PASSED] - uiaction.CommonUIActions.getText is PASSED

2018-07-05 20:36:03 - [TEST_STEP][PASSED] - Statement - confirmToDeleteText2 = CustomKeywords.projectSpecific.Reusability.getTestData("ReportingGroupManagementPage", "confirmDeleteTxt"): projectSpecific.Reusability.getTestData is PASSED

2018-07-05 20:36:03 - [MESSAGE][PASSED] - projectSpecific.Reusability.getTestData is PASSED

2018-07-05 20:36:03 - [TEST_STEP][PASSED] - verifyMatch: Actual text 'Confirm to Delete
Are you sure you want to remove this group?
Yes
No' and expected text 'Confirm to Delete
Are you sure you want to remove this group?
Yes
No' are matched 

2018-07-05 20:36:03 - [MESSAGE][PASSED] - Actual text 'Confirm to Delete
Are you sure you want to remove this group?
Yes
No' and expected text 'Confirm to Delete
Are you sure you want to remove this group?
Yes
No' are matched 

2018-07-05 20:36:03 - [TEST_STEP][PASSED] - verifyElementPresent: Object 'Object Repository/ReportingGroupManagement/confirmToDelNoBtn' is present

2018-07-05 20:36:03 - [MESSAGE][PASSED] - Object 'Object Repository/ReportingGroupManagement/confirmToDelNoBtn' is present

2018-07-05 20:36:03 - [TEST_STEP][PASSED] - verifyElementPresent: Object 'Object Repository/ReportingGroupManagement/confirmToDelBtn' is present

2018-07-05 20:36:03 - [MESSAGE][PASSED] - Object 'Object Repository/ReportingGroupManagement/confirmToDelBtn' is present

2018-07-05 20:36:03 - [TEST_STEP][PASSED] - uiaction.CommonUIActions.click: uiaction.CommonUIActions.click is PASSED

2018-07-05 20:36:03 - [MESSAGE][PASSED] - uiaction.CommonUIActions.click is PASSED

2018-07-05 20:36:03 - [TEST_STEP][PASSED] - back: Navigate back successfully

2018-07-05 20:36:03 - [MESSAGE][PASSED] - Navigate back successfully

2018-07-05 20:36:03 - [TEST_STEP][PASSED] - delay: Delayed 10 second(s)

2018-07-05 20:36:13 - [MESSAGE][PASSED] - Delayed 10 second(s)

2018-07-05 20:36:13 - [TEST_STEP][PASSED] - back: Navigate back successfully

2018-07-05 20:36:13 - [MESSAGE][PASSED] - Navigate back successfully

2018-07-05 20:36:13 - [TEST_STEP][PASSED] - delay: Delayed 10 second(s)

2018-07-05 20:36:23 - [MESSAGE][PASSED] - Delayed 10 second(s)

2018-07-05 20:36:23 - [TEST_STEP][PASSED] - uiaction.CommonUIActions.click: uiaction.CommonUIActions.click is PASSED

2018-07-05 20:36:23 - [MESSAGE][PASSED] - uiaction.CommonUIActions.click is PASSED

2018-07-05 20:36:23 - [TEST_STEP][PASSED] - verifyElementPresent: Object 'Object Repository/ReportingGroupManagement/reportingGroupDetails' is present

2018-07-05 20:36:23 - [MESSAGE][PASSED] - Object 'Object Repository/ReportingGroupManagement/reportingGroupDetails' is present

2018-07-05 20:36:23 - [TEST_STEP][PASSED] - Statement - groupName = CustomKeywords.projectSpecific.Reusability.getTestData("ReportingGroupManagementPage", "dummyGroupName1"): projectSpecific.Reusability.getTestData is PASSED

2018-07-05 20:36:23 - [MESSAGE][PASSED] - projectSpecific.Reusability.getTestData is PASSED

2018-07-05 20:36:23 - [TEST_STEP][PASSED] - uiaction.CommonUIActions.enter: uiaction.CommonUIActions.enter is PASSED

2018-07-05 20:36:23 - [MESSAGE][PASSED] - uiaction.CommonUIActions.enter is PASSED

2018-07-05 20:36:23 - [TEST_STEP][PASSED] - Statement - groupDesc = CustomKeywords.projectSpecific.Reusability.getTestData("ReportingGroupManagementPage", "GroupDesc"): projectSpecific.Reusability.getTestData is PASSED

2018-07-05 20:36:23 - [MESSAGE][PASSED] - projectSpecific.Reusability.getTestData is PASSED

2018-07-05 20:36:23 - [TEST_STEP][PASSED] - uiaction.CommonUIActions.enter: uiaction.CommonUIActions.enter is PASSED

2018-07-05 20:36:23 - [MESSAGE][PASSED] - uiaction.CommonUIActions.enter is PASSED

2018-07-05 20:36:23 - [TEST_STEP][PASSED] - uiaction.CommonUIActions.click: uiaction.CommonUIActions.click is PASSED

2018-07-05 20:36:23 - [MESSAGE][PASSED] - uiaction.CommonUIActions.click is PASSED

2018-07-05 20:36:23 - [TEST_STEP][PASSED] - delay: Delayed 10 second(s)

2018-07-05 20:36:33 - [MESSAGE][PASSED] - Delayed 10 second(s)

2018-07-05 20:36:33 - [TEST_STEP][PASSED] - back: Navigate back successfully

2018-07-05 20:36:33 - [MESSAGE][PASSED] - Navigate back successfully

2018-07-05 20:36:33 - [TEST_STEP][PASSED] - delay: Delayed 5 second(s)

2018-07-05 20:36:38 - [MESSAGE][PASSED] - Delayed 5 second(s)

2018-07-05 20:36:38 - [TEST_STEP][PASSED] - back: Navigate back successfully

2018-07-05 20:36:39 - [MESSAGE][PASSED] - Navigate back successfully

2018-07-05 20:36:39 - [TEST_STEP][PASSED] - delay: Delayed 5 second(s)

2018-07-05 20:36:44 - [MESSAGE][PASSED] - Delayed 5 second(s)

2018-07-05 20:36:44 - [TEST_STEP][PASSED] - Statement - groupHierarchyList = driver.findElements(org.openqa.selenium.By.xpath(com.kms.katalon.core.testdata.TestDataFactory.findTestData(OR_file).getValue(2, 13))): Reading excel file with source file 'C:\Users\shalinin\Katalon Studio\HME_DEVScripts\Data Files\HME_OR.xlsx' and sheet name 'Sheet1'

2018-07-05 20:36:44 - [TEST_STEP][PASSED] - Statement - actualgroupList = new java.util.ArrayList(): null

2018-07-05 20:36:44 - [TEST_STEP][PASSED] - Statement - For ([i = 0, i < groupHierarchyList.size(), (i++)]): null

2018-07-05 20:36:44 - [TEST_STEP][PASSED] - Statement - actualgroupList.add(i, groupHierarchyList.get(i).getText()): null

2018-07-05 20:36:44 - [TEST_STEP][PASSED] - Statement - actualgroupList.add(i, groupHierarchyList.get(i).getText()): null

2018-07-05 20:36:44 - [TEST_STEP][PASSED] - Statement - actualgroupList.add(i, groupHierarchyList.get(i).getText()): null

2018-07-05 20:36:44 - [TEST_STEP][PASSED] - Statement - actualgroupList.add(i, groupHierarchyList.get(i).getText()): null

2018-07-05 20:36:44 - [TEST_STEP][PASSED] - Statement - actualgroupList.add(i, groupHierarchyList.get(i).getText()): null

2018-07-05 20:36:44 - [TEST_STEP][PASSED] - Statement - actualgroupList.add(i, groupHierarchyList.get(i).getText()): null

2018-07-05 20:36:44 - [TEST_STEP][PASSED] - Statement - actualgroupList.add(i, groupHierarchyList.get(i).getText()): null

2018-07-05 20:36:44 - [TEST_STEP][PASSED] - Statement - actualgroupList.add(i, groupHierarchyList.get(i).getText()): null

2018-07-05 20:36:44 - [TEST_STEP][PASSED] - Statement - actualgroupList.add(i, groupHierarchyList.get(i).getText()): null

2018-07-05 20:36:44 - [TEST_STEP][PASSED] - Statement - actualgroupList.add(i, groupHierarchyList.get(i).getText()): null

2018-07-05 20:36:44 - [TEST_STEP][PASSED] - Statement - actualgroupList.add(i, groupHierarchyList.get(i).getText()): null

2018-07-05 20:36:44 - [TEST_STEP][PASSED] - Statement - actualgroupList.add(i, groupHierarchyList.get(i).getText()): null

2018-07-05 20:36:44 - [TEST_STEP][PASSED] - Statement - actualgroupList.add(i, groupHierarchyList.get(i).getText()): null

2018-07-05 20:36:44 - [TEST_STEP][PASSED] - Statement - actualgroupList.add(i, groupHierarchyList.get(i).getText()): null

2018-07-05 20:36:44 - [TEST_STEP][PASSED] - Statement - actualgroupList.add(i, groupHierarchyList.get(i).getText()): null

2018-07-05 20:36:44 - [TEST_STEP][PASSED] - Statement - actualgroupList.add(i, groupHierarchyList.get(i).getText()): null

2018-07-05 20:36:44 - [TEST_STEP][PASSED] - Statement - actualgroupList.add(i, groupHierarchyList.get(i).getText()): null

2018-07-05 20:36:44 - [TEST_STEP][PASSED] - Statement - actualgroupList.add(i, groupHierarchyList.get(i).getText()): null

2018-07-05 20:36:44 - [TEST_STEP][PASSED] - Statement - actualgroupList.add(i, groupHierarchyList.get(i).getText()): null

2018-07-05 20:36:44 - [TEST_STEP][PASSED] - Statement - actualgroupList.add(i, groupHierarchyList.get(i).getText()): null

2018-07-05 20:36:44 - [TEST_STEP][PASSED] - Statement - actualgroupList.add(i, groupHierarchyList.get(i).getText()): null

2018-07-05 20:36:44 - [TEST_STEP][PASSED] - Statement - actualgroupList.add(i, groupHierarchyList.get(i).getText()): null

2018-07-05 20:36:44 - [TEST_STEP][PASSED] - Statement - actualgroupList.add(i, groupHierarchyList.get(i).getText()): null

2018-07-05 20:36:44 - [TEST_STEP][PASSED] - Statement - actualgroupList.add(i, groupHierarchyList.get(i).getText()): null

2018-07-05 20:36:44 - [TEST_STEP][PASSED] - Statement - actualgroupList.add(i, groupHierarchyList.get(i).getText()): null

2018-07-05 20:36:44 - [TEST_STEP][PASSED] - Statement - actualgroupList.add(i, groupHierarchyList.get(i).getText()): null

2018-07-05 20:36:44 - [TEST_STEP][PASSED] - Statement - actualgroupList.add(i, groupHierarchyList.get(i).getText()): null

2018-07-05 20:36:44 - [TEST_STEP][PASSED] - Statement - actualgroupList.add(i, groupHierarchyList.get(i).getText()): null

2018-07-05 20:36:44 - [TEST_STEP][PASSED] - Statement - actualgroupList.add(i, groupHierarchyList.get(i).getText()): null

2018-07-05 20:36:44 - [TEST_STEP][PASSED] - Statement - actualgroupList.add(i, groupHierarchyList.get(i).getText()): null

2018-07-05 20:36:44 - [TEST_STEP][PASSED] - Statement - actualgroupList.add(i, groupHierarchyList.get(i).getText()): null

2018-07-05 20:36:44 - [TEST_STEP][PASSED] - Statement - actualgroupList.add(i, groupHierarchyList.get(i).getText()): null

2018-07-05 20:36:44 - [TEST_STEP][PASSED] - Statement - actualgroupList.add(i, groupHierarchyList.get(i).getText()): null

2018-07-05 20:36:44 - [TEST_STEP][PASSED] - Statement - actualgroupList.add(i, groupHierarchyList.get(i).getText()): null

2018-07-05 20:36:44 - [TEST_STEP][PASSED] - Statement - actualgroupList.add(i, groupHierarchyList.get(i).getText()): null

2018-07-05 20:36:44 - [TEST_STEP][PASSED] - Statement - actualgroupList.add(i, groupHierarchyList.get(i).getText()): null

2018-07-05 20:36:44 - [TEST_STEP][PASSED] - Statement - actualgroupList.add(i, groupHierarchyList.get(i).getText()): null

2018-07-05 20:36:44 - [TEST_STEP][PASSED] - Statement - actualgroupList.add(i, groupHierarchyList.get(i).getText()): null

2018-07-05 20:36:44 - [TEST_STEP][PASSED] - Statement - actualgroupList.add(i, groupHierarchyList.get(i).getText()): null

2018-07-05 20:36:44 - [TEST_STEP][PASSED] - Statement - actualgroupList.add(i, groupHierarchyList.get(i).getText()): null

2018-07-05 20:36:44 - [TEST_STEP][PASSED] - Statement - actualgroupList.add(i, groupHierarchyList.get(i).getText()): null

2018-07-05 20:36:44 - [TEST_STEP][PASSED] - Statement - actualgroupList.add(i, groupHierarchyList.get(i).getText()): null

2018-07-05 20:36:44 - [TEST_STEP][PASSED] - Statement - actualgroupList.add(i, groupHierarchyList.get(i).getText()): null

2018-07-05 20:36:44 - [TEST_STEP][PASSED] - Statement - actualgroupList.add(i, groupHierarchyList.get(i).getText()): null

2018-07-05 20:36:44 - [TEST_STEP][PASSED] - Statement - actualgroupList.add(i, groupHierarchyList.get(i).getText()): null

2018-07-05 20:36:44 - [TEST_STEP][PASSED] - Statement - actualgroupList.add(i, groupHierarchyList.get(i).getText()): null

2018-07-05 20:36:44 - [TEST_STEP][PASSED] - Statement - actualgroupList.add(i, groupHierarchyList.get(i).getText()): null

2018-07-05 20:36:44 - [TEST_STEP][PASSED] - Statement - actualgroupList.add(i, groupHierarchyList.get(i).getText()): null

2018-07-05 20:36:44 - [TEST_STEP][PASSED] - Statement - actualgroupList.add(i, groupHierarchyList.get(i).getText()): null

2018-07-05 20:36:44 - [TEST_STEP][PASSED] - Statement - actualgroupList.add(i, groupHierarchyList.get(i).getText()): null

2018-07-05 20:36:44 - [TEST_STEP][PASSED] - Statement - actualgroupList.add(i, groupHierarchyList.get(i).getText()): null

2018-07-05 20:36:44 - [TEST_STEP][PASSED] - Statement - actualgroupList.add(i, groupHierarchyList.get(i).getText()): null

2018-07-05 20:36:45 - [TEST_STEP][PASSED] - Statement - actualgroupList.add(i, groupHierarchyList.get(i).getText()): null

2018-07-05 20:36:45 - [TEST_STEP][PASSED] - Statement - actualgroupList.add(i, groupHierarchyList.get(i).getText()): null

2018-07-05 20:36:45 - [TEST_STEP][PASSED] - Statement - actualgroupList.add(i, groupHierarchyList.get(i).getText()): null

2018-07-05 20:36:45 - [TEST_STEP][PASSED] - Statement - actualgroupList.add(i, groupHierarchyList.get(i).getText()): null

2018-07-05 20:36:45 - [TEST_STEP][PASSED] - Statement - actualgroupList.add(i, groupHierarchyList.get(i).getText()): null

2018-07-05 20:36:45 - [TEST_STEP][PASSED] - Statement - actualgroupList.add(i, groupHierarchyList.get(i).getText()): null

2018-07-05 20:36:45 - [TEST_STEP][PASSED] - Statement - actualgroupList.add(i, groupHierarchyList.get(i).getText()): null

2018-07-05 20:36:45 - [TEST_STEP][PASSED] - Statement - actualgroupList.add(i, groupHierarchyList.get(i).getText()): null

2018-07-05 20:36:45 - [TEST_STEP][PASSED] - Statement - actualgroupList.add(i, groupHierarchyList.get(i).getText()): null

2018-07-05 20:36:45 - [TEST_STEP][PASSED] - Statement - actualgroupList.add(i, groupHierarchyList.get(i).getText()): null

2018-07-05 20:36:45 - [TEST_STEP][PASSED] - Statement - actualgroupList.add(i, groupHierarchyList.get(i).getText()): null

2018-07-05 20:36:45 - [TEST_STEP][PASSED] - Statement - actualgroupList.add(i, groupHierarchyList.get(i).getText()): null

2018-07-05 20:36:45 - [TEST_STEP][PASSED] - Statement - actualgroupList.add(i, groupHierarchyList.get(i).getText()): null

2018-07-05 20:36:45 - [TEST_STEP][PASSED] - Statement - actualgroupList.add(i, groupHierarchyList.get(i).getText()): null

2018-07-05 20:36:45 - [TEST_STEP][PASSED] - Statement - actualgroupList.add(i, groupHierarchyList.get(i).getText()): null

2018-07-05 20:36:45 - [TEST_STEP][PASSED] - Statement - actualgroupList.add(i, groupHierarchyList.get(i).getText()): null

2018-07-05 20:36:45 - [TEST_STEP][PASSED] - Statement - actualgroupList.add(i, groupHierarchyList.get(i).getText()): null

2018-07-05 20:36:45 - [TEST_STEP][PASSED] - Statement - actualgroupList.add(i, groupHierarchyList.get(i).getText()): null

2018-07-05 20:36:45 - [TEST_STEP][PASSED] - Statement - actualgroupList.add(i, groupHierarchyList.get(i).getText()): null

2018-07-05 20:36:45 - [TEST_STEP][PASSED] - Statement - actualgroupList.add(i, groupHierarchyList.get(i).getText()): null

2018-07-05 20:36:45 - [TEST_STEP][PASSED] - Statement - actualgroupList.add(i, groupHierarchyList.get(i).getText()): null

2018-07-05 20:36:45 - [TEST_STEP][PASSED] - Statement - actualgroupList.add(i, groupHierarchyList.get(i).getText()): null

2018-07-05 20:36:45 - [TEST_STEP][PASSED] - Statement - actualgroupList.add(i, groupHierarchyList.get(i).getText()): null

2018-07-05 20:36:45 - [TEST_STEP][PASSED] - Statement - actualgroupList.add(i, groupHierarchyList.get(i).getText()): null

2018-07-05 20:36:45 - [TEST_STEP][PASSED] - Statement - actualgroupList.add(i, groupHierarchyList.get(i).getText()): null

2018-07-05 20:36:45 - [TEST_STEP][PASSED] - Statement - actualgroupList.add(i, groupHierarchyList.get(i).getText()): null

2018-07-05 20:36:45 - [TEST_STEP][PASSED] - Statement - actualgroupList.add(i, groupHierarchyList.get(i).getText()): null

2018-07-05 20:36:45 - [TEST_STEP][PASSED] - Statement - actualgroupList.add(i, groupHierarchyList.get(i).getText()): null

2018-07-05 20:36:45 - [TEST_STEP][PASSED] - Statement - actualgroupList.add(i, groupHierarchyList.get(i).getText()): null

2018-07-05 20:36:45 - [TEST_STEP][PASSED] - Statement - actualgroupList.add(i, groupHierarchyList.get(i).getText()): null

2018-07-05 20:36:45 - [TEST_STEP][PASSED] - Statement - actualgroupList.add(i, groupHierarchyList.get(i).getText()): null

2018-07-05 20:36:45 - [TEST_STEP][PASSED] - Statement - actualgroupList.add(i, groupHierarchyList.get(i).getText()): null

2018-07-05 20:36:45 - [TEST_STEP][PASSED] - Statement - actualgroupList.add(i, groupHierarchyList.get(i).getText()): null

2018-07-05 20:36:45 - [TEST_STEP][PASSED] - Statement - actualgroupList.add(i, groupHierarchyList.get(i).getText()): null

2018-07-05 20:36:45 - [TEST_STEP][PASSED] - Statement - actualgroupList.add(i, groupHierarchyList.get(i).getText()): null

2018-07-05 20:36:45 - [TEST_STEP][PASSED] - Statement - actualgroupList.add(i, groupHierarchyList.get(i).getText()): null

2018-07-05 20:36:45 - [TEST_STEP][PASSED] - Statement - actualgroupList.add(i, groupHierarchyList.get(i).getText()): null

2018-07-05 20:36:45 - [TEST_STEP][PASSED] - Statement - actualgroupList.add(i, groupHierarchyList.get(i).getText()): null

2018-07-05 20:36:45 - [TEST_STEP][PASSED] - Statement - actualgroupList.add(i, groupHierarchyList.get(i).getText()): null

2018-07-05 20:36:45 - [TEST_STEP][PASSED] - Statement - actualgroupList.add(i, groupHierarchyList.get(i).getText()): null

2018-07-05 20:36:45 - [TEST_STEP][PASSED] - Statement - actualgroupList.add(i, groupHierarchyList.get(i).getText()): null

2018-07-05 20:36:45 - [TEST_STEP][PASSED] - Statement - actualgroupList.add(i, groupHierarchyList.get(i).getText()): null

2018-07-05 20:36:45 - [TEST_STEP][PASSED] - Statement - actualgroupList.add(i, groupHierarchyList.get(i).getText()): null

2018-07-05 20:36:45 - [TEST_STEP][PASSED] - Statement - actualgroupList.add(i, groupHierarchyList.get(i).getText()): null

2018-07-05 20:36:45 - [TEST_STEP][PASSED] - Statement - actualgroupList.add(i, groupHierarchyList.get(i).getText()): null

2018-07-05 20:36:45 - [TEST_STEP][PASSED] - Statement - actualgroupList.add(i, groupHierarchyList.get(i).getText()): null

2018-07-05 20:36:45 - [TEST_STEP][PASSED] - Statement - actualgroupList.add(i, groupHierarchyList.get(i).getText()): null

2018-07-05 20:36:45 - [TEST_STEP][PASSED] - Statement - actualgroupList.add(i, groupHierarchyList.get(i).getText()): null

2018-07-05 20:36:45 - [TEST_STEP][PASSED] - Statement - actualgroupList.add(i, groupHierarchyList.get(i).getText()): null

2018-07-05 20:36:45 - [TEST_STEP][PASSED] - Statement - actualgroupList.add(i, groupHierarchyList.get(i).getText()): null

2018-07-05 20:36:45 - [TEST_STEP][PASSED] - Statement - actualgroupList.add(i, groupHierarchyList.get(i).getText()): null

2018-07-05 20:36:45 - [TEST_STEP][PASSED] - Statement - actualgroupList.add(i, groupHierarchyList.get(i).getText()): null

2018-07-05 20:36:45 - [TEST_STEP][PASSED] - Statement - actualgroupList.add(i, groupHierarchyList.get(i).getText()): null

2018-07-05 20:36:45 - [TEST_STEP][PASSED] - Statement - actualgroupList.add(i, groupHierarchyList.get(i).getText()): null

2018-07-05 20:36:45 - [TEST_STEP][PASSED] - Statement - actualgroupList.add(i, groupHierarchyList.get(i).getText()): null

2018-07-05 20:36:45 - [TEST_STEP][PASSED] - Statement - actualgroupList.add(i, groupHierarchyList.get(i).getText()): null

2018-07-05 20:36:45 - [TEST_STEP][PASSED] - Statement - actualgroupList.add(i, groupHierarchyList.get(i).getText()): null

2018-07-05 20:36:45 - [TEST_STEP][PASSED] - Statement - actualgroupList.add(i, groupHierarchyList.get(i).getText()): null

2018-07-05 20:36:45 - [TEST_STEP][PASSED] - Statement - actualgroupList.add(i, groupHierarchyList.get(i).getText()): null

2018-07-05 20:36:45 - [TEST_STEP][PASSED] - Statement - actualgroupList.add(i, groupHierarchyList.get(i).getText()): null

2018-07-05 20:36:45 - [TEST_STEP][PASSED] - Statement - actualgroupList.add(i, groupHierarchyList.get(i).getText()): null

2018-07-05 20:36:45 - [TEST_STEP][PASSED] - Statement - actualgroupList.add(i, groupHierarchyList.get(i).getText()): null

2018-07-05 20:36:45 - [TEST_STEP][PASSED] - Statement - actualgroupList.add(i, groupHierarchyList.get(i).getText()): null

2018-07-05 20:36:46 - [TEST_STEP][PASSED] - Statement - actualgroupList.add(i, groupHierarchyList.get(i).getText()): null

2018-07-05 20:36:46 - [TEST_STEP][PASSED] - Statement - actualgroupList.add(i, groupHierarchyList.get(i).getText()): null

2018-07-05 20:36:46 - [TEST_STEP][PASSED] - Statement - actualgroupList.add(i, groupHierarchyList.get(i).getText()): null

2018-07-05 20:36:46 - [TEST_STEP][PASSED] - Statement - actualgroupList.add(i, groupHierarchyList.get(i).getText()): null

2018-07-05 20:36:46 - [TEST_STEP][PASSED] - Statement - actualgroupList.add(i, groupHierarchyList.get(i).getText()): null

2018-07-05 20:36:46 - [TEST_STEP][PASSED] - Statement - actualgroupList.add(i, groupHierarchyList.get(i).getText()): null

2018-07-05 20:36:46 - [TEST_STEP][PASSED] - Statement - actualgroupList.add(i, groupHierarchyList.get(i).getText()): null

2018-07-05 20:36:46 - [TEST_STEP][PASSED] - Statement - actualgroupList.add(i, groupHierarchyList.get(i).getText()): null

2018-07-05 20:36:46 - [TEST_STEP][PASSED] - Statement - actualgroupList.add(i, groupHierarchyList.get(i).getText()): null

2018-07-05 20:36:46 - [TEST_STEP][PASSED] - Statement - actualgroupList.add(i, groupHierarchyList.get(i).getText()): null

2018-07-05 20:36:46 - [TEST_STEP][PASSED] - Statement - actualgroupList.add(i, groupHierarchyList.get(i).getText()): null

2018-07-05 20:36:46 - [TEST_STEP][PASSED] - Statement - actualgroupList.add(i, groupHierarchyList.get(i).getText()): null

2018-07-05 20:36:46 - [TEST_STEP][PASSED] - Statement - actualgroupList.add(i, groupHierarchyList.get(i).getText()): null

2018-07-05 20:36:46 - [TEST_STEP][PASSED] - Statement - actualgroupList.add(i, groupHierarchyList.get(i).getText()): null

2018-07-05 20:36:46 - [TEST_STEP][PASSED] - Statement - actualgroupList.add(i, groupHierarchyList.get(i).getText()): null

2018-07-05 20:36:46 - [TEST_STEP][PASSED] - Statement - actualgroupList.add(i, groupHierarchyList.get(i).getText()): null

2018-07-05 20:36:46 - [TEST_STEP][PASSED] - Statement - actualgroupList.add(i, groupHierarchyList.get(i).getText()): null

2018-07-05 20:36:46 - [TEST_STEP][PASSED] - Statement - actualgroupList.add(i, groupHierarchyList.get(i).getText()): null

2018-07-05 20:36:46 - [TEST_STEP][PASSED] - Statement - actualgroupList.add(i, groupHierarchyList.get(i).getText()): null

2018-07-05 20:36:46 - [TEST_STEP][PASSED] - Statement - actualgroupList.add(i, groupHierarchyList.get(i).getText()): null

2018-07-05 20:36:46 - [TEST_STEP][PASSED] - Statement - actualgroupList.add(i, groupHierarchyList.get(i).getText()): null

2018-07-05 20:36:46 - [TEST_STEP][PASSED] - Statement - actualgroupList.add(i, groupHierarchyList.get(i).getText()): null

2018-07-05 20:36:46 - [TEST_STEP][PASSED] - Statement - actualgroupList.add(i, groupHierarchyList.get(i).getText()): null

2018-07-05 20:36:46 - [TEST_STEP][PASSED] - Statement - actualgroupList.add(i, groupHierarchyList.get(i).getText()): null

2018-07-05 20:36:46 - [TEST_STEP][PASSED] - Statement - actualgroupList.add(i, groupHierarchyList.get(i).getText()): null

2018-07-05 20:36:46 - [TEST_STEP][PASSED] - Statement - actualgroupList.add(i, groupHierarchyList.get(i).getText()): null

2018-07-05 20:36:46 - [TEST_STEP][PASSED] - Statement - actualgroupList.add(i, groupHierarchyList.get(i).getText()): null

2018-07-05 20:36:46 - [TEST_STEP][PASSED] - Statement - actualgroupList.add(i, groupHierarchyList.get(i).getText()): null

2018-07-05 20:36:46 - [TEST_STEP][PASSED] - Statement - actualgroupList.add(i, groupHierarchyList.get(i).getText()): null

2018-07-05 20:36:46 - [TEST_STEP][PASSED] - Statement - actualgroupList.add(i, groupHierarchyList.get(i).getText()): null

2018-07-05 20:36:46 - [TEST_STEP][PASSED] - Statement - actualgroupList.add(i, groupHierarchyList.get(i).getText()): null

2018-07-05 20:36:46 - [TEST_STEP][PASSED] - Statement - actualgroupList.add(i, groupHierarchyList.get(i).getText()): null

2018-07-05 20:36:46 - [TEST_STEP][PASSED] - Statement - actualgroupList.add(i, groupHierarchyList.get(i).getText()): null

2018-07-05 20:36:46 - [TEST_STEP][PASSED] - Statement - actualgroupList.add(i, groupHierarchyList.get(i).getText()): null

2018-07-05 20:36:46 - [TEST_STEP][PASSED] - Statement - actualgroupList.add(i, groupHierarchyList.get(i).getText()): null

2018-07-05 20:36:46 - [TEST_STEP][PASSED] - Statement - actualgroupList.add(i, groupHierarchyList.get(i).getText()): null

2018-07-05 20:36:46 - [TEST_STEP][PASSED] - Statement - actualgroupList.add(i, groupHierarchyList.get(i).getText()): null

2018-07-05 20:36:46 - [TEST_STEP][PASSED] - Statement - actualgroupList.add(i, groupHierarchyList.get(i).getText()): null

2018-07-05 20:36:46 - [TEST_STEP][PASSED] - Statement - actualgroupList.add(i, groupHierarchyList.get(i).getText()): null

2018-07-05 20:36:46 - [TEST_STEP][PASSED] - Statement - actualgroupList.add(i, groupHierarchyList.get(i).getText()): null

2018-07-05 20:36:46 - [TEST_STEP][PASSED] - Statement - actualgroupList.add(i, groupHierarchyList.get(i).getText()): null

2018-07-05 20:36:46 - [TEST_STEP][PASSED] - Statement - actualgroupList.add(i, groupHierarchyList.get(i).getText()): null

2018-07-05 20:36:46 - [TEST_STEP][PASSED] - Statement - actualgroupList.add(i, groupHierarchyList.get(i).getText()): null

2018-07-05 20:36:46 - [TEST_STEP][PASSED] - Statement - actualgroupList.add(i, groupHierarchyList.get(i).getText()): null

2018-07-05 20:36:46 - [TEST_STEP][PASSED] - Statement - actualgroupList.add(i, groupHierarchyList.get(i).getText()): null

2018-07-05 20:36:46 - [TEST_STEP][PASSED] - Statement - actualgroupList.add(i, groupHierarchyList.get(i).getText()): null

2018-07-05 20:36:46 - [TEST_STEP][PASSED] - Statement - actualgroupList.add(i, groupHierarchyList.get(i).getText()): null

2018-07-05 20:36:46 - [TEST_STEP][PASSED] - Statement - actualgroupList.add(i, groupHierarchyList.get(i).getText()): null

2018-07-05 20:36:46 - [TEST_STEP][PASSED] - Statement - actualgroupList.add(i, groupHierarchyList.get(i).getText()): null

2018-07-05 20:36:46 - [TEST_STEP][PASSED] - Statement - actualgroupList.add(i, groupHierarchyList.get(i).getText()): null

2018-07-05 20:36:46 - [TEST_STEP][PASSED] - Statement - actualgroupList.add(i, groupHierarchyList.get(i).getText()): null

2018-07-05 20:36:46 - [TEST_STEP][PASSED] - Statement - actualgroupList.add(i, groupHierarchyList.get(i).getText()): null

2018-07-05 20:36:46 - [TEST_STEP][PASSED] - Statement - actualgroupList.add(i, groupHierarchyList.get(i).getText()): null

2018-07-05 20:36:46 - [TEST_STEP][PASSED] - Statement - actualgroupList.add(i, groupHierarchyList.get(i).getText()): null

2018-07-05 20:36:46 - [TEST_STEP][PASSED] - Statement - actualgroupList.add(i, groupHierarchyList.get(i).getText()): null

2018-07-05 20:36:46 - [TEST_STEP][PASSED] - Statement - actualgroupList.add(i, groupHierarchyList.get(i).getText()): null

2018-07-05 20:36:46 - [TEST_STEP][PASSED] - Statement - actualgroupList.add(i, groupHierarchyList.get(i).getText()): null

2018-07-05 20:36:46 - [TEST_STEP][PASSED] - Statement - actualgroupList.add(i, groupHierarchyList.get(i).getText()): null

2018-07-05 20:36:46 - [TEST_STEP][PASSED] - Statement - actualgroupList.add(i, groupHierarchyList.get(i).getText()): null

2018-07-05 20:36:46 - [TEST_STEP][PASSED] - Statement - actualgroupList.add(i, groupHierarchyList.get(i).getText()): null

2018-07-05 20:36:47 - [TEST_STEP][PASSED] - Statement - actualgroupList.add(i, groupHierarchyList.get(i).getText()): null

2018-07-05 20:36:47 - [TEST_STEP][PASSED] - Statement - actualgroupList.add(i, groupHierarchyList.get(i).getText()): null

2018-07-05 20:36:47 - [TEST_STEP][PASSED] - Statement - actualgroupList.add(i, groupHierarchyList.get(i).getText()): null

2018-07-05 20:36:47 - [TEST_STEP][PASSED] - Statement - actualgroupList.add(i, groupHierarchyList.get(i).getText()): null

2018-07-05 20:36:47 - [TEST_STEP][PASSED] - Statement - actualgroupList.add(i, groupHierarchyList.get(i).getText()): null

2018-07-05 20:36:47 - [TEST_STEP][PASSED] - Statement - actualgroupList.add(i, groupHierarchyList.get(i).getText()): null

2018-07-05 20:36:47 - [TEST_STEP][PASSED] - Statement - actualgroupList.add(i, groupHierarchyList.get(i).getText()): null

2018-07-05 20:36:47 - [TEST_STEP][PASSED] - Statement - actualgroupList.add(i, groupHierarchyList.get(i).getText()): null

2018-07-05 20:36:47 - [TEST_STEP][PASSED] - Statement - actualgroupList.add(i, groupHierarchyList.get(i).getText()): null

2018-07-05 20:36:47 - [TEST_STEP][PASSED] - Statement - actualgroupList.add(i, groupHierarchyList.get(i).getText()): null

2018-07-05 20:36:47 - [TEST_STEP][PASSED] - Statement - actualgroupList.add(i, groupHierarchyList.get(i).getText()): null

2018-07-05 20:36:47 - [TEST_STEP][PASSED] - Statement - actualgroupList.add(i, groupHierarchyList.get(i).getText()): null

2018-07-05 20:36:47 - [TEST_STEP][PASSED] - Statement - actualgroupList.add(i, groupHierarchyList.get(i).getText()): null

2018-07-05 20:36:47 - [TEST_STEP][PASSED] - Statement - actualgroupList.add(i, groupHierarchyList.get(i).getText()): null

2018-07-05 20:36:47 - [TEST_STEP][PASSED] - Statement - actualgroupList.add(i, groupHierarchyList.get(i).getText()): null

2018-07-05 20:36:47 - [TEST_STEP][PASSED] - Statement - actualgroupList.add(i, groupHierarchyList.get(i).getText()): null

2018-07-05 20:36:47 - [TEST_STEP][PASSED] - Statement - actualgroupList.add(i, groupHierarchyList.get(i).getText()): null

2018-07-05 20:36:47 - [TEST_STEP][PASSED] - Statement - actualgroupList.add(i, groupHierarchyList.get(i).getText()): null

2018-07-05 20:36:47 - [TEST_STEP][PASSED] - Statement - actualgroupList.add(i, groupHierarchyList.get(i).getText()): null

2018-07-05 20:36:47 - [TEST_STEP][PASSED] - Statement - actualgroupList.add(i, groupHierarchyList.get(i).getText()): null

2018-07-05 20:36:47 - [TEST_STEP][PASSED] - Statement - actualgroupList.add(i, groupHierarchyList.get(i).getText()): null

2018-07-05 20:36:47 - [TEST_STEP][PASSED] - Statement - actualgroupList.add(i, groupHierarchyList.get(i).getText()): null

2018-07-05 20:36:47 - [TEST_STEP][PASSED] - Statement - actualgroupList.add(i, groupHierarchyList.get(i).getText()): null

2018-07-05 20:36:47 - [TEST_STEP][PASSED] - Statement - actualgroupList.add(i, groupHierarchyList.get(i).getText()): null

2018-07-05 20:36:47 - [TEST_STEP][PASSED] - Statement - actualgroupList.add(i, groupHierarchyList.get(i).getText()): null

2018-07-05 20:36:47 - [TEST_STEP][PASSED] - Statement - actualgroupList.add(i, groupHierarchyList.get(i).getText()): null

2018-07-05 20:36:47 - [TEST_STEP][PASSED] - Statement - actualgroupList.add(i, groupHierarchyList.get(i).getText()): null

2018-07-05 20:36:47 - [TEST_STEP][PASSED] - Statement - actualgroupList.add(i, groupHierarchyList.get(i).getText()): null

2018-07-05 20:36:47 - [TEST_STEP][PASSED] - Statement - actualgroupList.add(i, groupHierarchyList.get(i).getText()): null

2018-07-05 20:36:47 - [TEST_STEP][PASSED] - Statement - actualgroupList.add(i, groupHierarchyList.get(i).getText()): null

2018-07-05 20:36:47 - [TEST_STEP][PASSED] - Statement - actualgroupList.add(i, groupHierarchyList.get(i).getText()): null

2018-07-05 20:36:47 - [TEST_STEP][PASSED] - Statement - actualgroupList.add(i, groupHierarchyList.get(i).getText()): null

2018-07-05 20:36:47 - [TEST_STEP][PASSED] - Statement - actualgroupList.add(i, groupHierarchyList.get(i).getText()): null

2018-07-05 20:36:47 - [TEST_STEP][PASSED] - Statement - actualgroupList.add(i, groupHierarchyList.get(i).getText()): null

2018-07-05 20:36:47 - [TEST_STEP][PASSED] - Statement - actualgroupList.add(i, groupHierarchyList.get(i).getText()): null

2018-07-05 20:36:47 - [TEST_STEP][PASSED] - Statement - actualgroupList.add(i, groupHierarchyList.get(i).getText()): null

2018-07-05 20:36:47 - [TEST_STEP][PASSED] - Statement - actualgroupList.add(i, groupHierarchyList.get(i).getText()): null

2018-07-05 20:36:47 - [TEST_STEP][PASSED] - Statement - actualgroupList.add(i, groupHierarchyList.get(i).getText()): null

2018-07-05 20:36:47 - [TEST_STEP][PASSED] - Statement - actualgroupList.add(i, groupHierarchyList.get(i).getText()): null

2018-07-05 20:36:47 - [TEST_STEP][PASSED] - Statement - actualgroupList.add(i, groupHierarchyList.get(i).getText()): null

2018-07-05 20:36:47 - [TEST_STEP][PASSED] - Statement - actualgroupList.add(i, groupHierarchyList.get(i).getText()): null

2018-07-05 20:36:47 - [TEST_STEP][PASSED] - Statement - actualgroupList.add(i, groupHierarchyList.get(i).getText()): null

2018-07-05 20:36:47 - [TEST_STEP][PASSED] - Statement - actualgroupList.add(i, groupHierarchyList.get(i).getText()): null

2018-07-05 20:36:47 - [TEST_STEP][PASSED] - Statement - actualgroupList.add(i, groupHierarchyList.get(i).getText()): null

2018-07-05 20:36:47 - [TEST_STEP][PASSED] - Statement - actualgroupList.add(i, groupHierarchyList.get(i).getText()): null

2018-07-05 20:36:47 - [TEST_STEP][PASSED] - Statement - actualgroupList.add(i, groupHierarchyList.get(i).getText()): null

2018-07-05 20:36:47 - [TEST_STEP][PASSED] - Statement - actualgroupList.add(i, groupHierarchyList.get(i).getText()): null

2018-07-05 20:36:47 - [TEST_STEP][PASSED] - Statement - actualgroupList.add(i, groupHierarchyList.get(i).getText()): null

2018-07-05 20:36:47 - [TEST_STEP][PASSED] - Statement - actualgroupList.add(i, groupHierarchyList.get(i).getText()): null

2018-07-05 20:36:47 - [TEST_STEP][PASSED] - Statement - actualgroupList.add(i, groupHierarchyList.get(i).getText()): null

2018-07-05 20:36:47 - [TEST_STEP][PASSED] - Statement - actualgroupList.add(i, groupHierarchyList.get(i).getText()): null

2018-07-05 20:36:47 - [TEST_STEP][PASSED] - Statement - actualgroupList.add(i, groupHierarchyList.get(i).getText()): null

2018-07-05 20:36:47 - [TEST_STEP][PASSED] - Statement - actualgroupList.add(i, groupHierarchyList.get(i).getText()): null

2018-07-05 20:36:47 - [TEST_STEP][PASSED] - Statement - actualgroupList.add(i, groupHierarchyList.get(i).getText()): null

2018-07-05 20:36:47 - [TEST_STEP][PASSED] - Statement - actualgroupList.add(i, groupHierarchyList.get(i).getText()): null

2018-07-05 20:36:47 - [TEST_STEP][PASSED] - Statement - actualgroupList.add(i, groupHierarchyList.get(i).getText()): null

2018-07-05 20:36:47 - [TEST_STEP][PASSED] - Statement - actualgroupList.add(i, groupHierarchyList.get(i).getText()): null

2018-07-05 20:36:47 - [TEST_STEP][PASSED] - Statement - actualgroupList.add(i, groupHierarchyList.get(i).getText()): null

2018-07-05 20:36:47 - [TEST_STEP][PASSED] - Statement - actualgroupList.add(i, groupHierarchyList.get(i).getText()): null

2018-07-05 20:36:47 - [TEST_STEP][PASSED] - Statement - actualgroupList.add(i, groupHierarchyList.get(i).getText()): null

2018-07-05 20:36:48 - [TEST_STEP][PASSED] - Statement - actualgroupList.add(i, groupHierarchyList.get(i).getText()): null

2018-07-05 20:36:48 - [TEST_STEP][PASSED] - Statement - actualgroupList.add(i, groupHierarchyList.get(i).getText()): null

2018-07-05 20:36:48 - [TEST_STEP][PASSED] - Statement - actualgroupList.add(i, groupHierarchyList.get(i).getText()): null

2018-07-05 20:36:48 - [TEST_STEP][PASSED] - Statement - actualgroupList.add(i, groupHierarchyList.get(i).getText()): null

2018-07-05 20:36:48 - [TEST_STEP][PASSED] - Statement - actualgroupList.add(i, groupHierarchyList.get(i).getText()): null

2018-07-05 20:36:48 - [TEST_STEP][PASSED] - Statement - actualgroupList.add(i, groupHierarchyList.get(i).getText()): null

2018-07-05 20:36:48 - [TEST_STEP][PASSED] - Statement - actualgroupList.add(i, groupHierarchyList.get(i).getText()): null

2018-07-05 20:36:48 - [TEST_STEP][PASSED] - Statement - actualgroupList.add(i, groupHierarchyList.get(i).getText()): null

2018-07-05 20:36:48 - [TEST_STEP][PASSED] - Statement - actualgroupList.add(i, groupHierarchyList.get(i).getText()): null

2018-07-05 20:36:48 - [TEST_STEP][PASSED] - Statement - actualgroupList.add(i, groupHierarchyList.get(i).getText()): null

2018-07-05 20:36:48 - [TEST_STEP][PASSED] - Statement - actualgroupList.add(i, groupHierarchyList.get(i).getText()): null

2018-07-05 20:36:48 - [TEST_STEP][PASSED] - Statement - actualgroupList.add(i, groupHierarchyList.get(i).getText()): null

2018-07-05 20:36:48 - [TEST_STEP][PASSED] - Statement - actualgroupList.add(i, groupHierarchyList.get(i).getText()): null

2018-07-05 20:36:48 - [TEST_STEP][PASSED] - Statement - actualgroupList.add(i, groupHierarchyList.get(i).getText()): null

2018-07-05 20:36:48 - [TEST_STEP][PASSED] - Statement - actualgroupList.add(i, groupHierarchyList.get(i).getText()): null

2018-07-05 20:36:48 - [TEST_STEP][PASSED] - Statement - actualgroupList.add(i, groupHierarchyList.get(i).getText()): null

2018-07-05 20:36:48 - [TEST_STEP][PASSED] - Statement - actualgroupList.add(i, groupHierarchyList.get(i).getText()): null

2018-07-05 20:36:48 - [TEST_STEP][PASSED] - Statement - actualgroupList.add(i, groupHierarchyList.get(i).getText()): null

2018-07-05 20:36:48 - [TEST_STEP][PASSED] - Statement - actualgroupList.add(i, groupHierarchyList.get(i).getText()): null

2018-07-05 20:36:48 - [TEST_STEP][PASSED] - Statement - actualgroupList.add(i, groupHierarchyList.get(i).getText()): null

2018-07-05 20:36:48 - [TEST_STEP][PASSED] - Statement - actualgroupList.add(i, groupHierarchyList.get(i).getText()): null

2018-07-05 20:36:48 - [TEST_STEP][PASSED] - Statement - actualgroupList.add(i, groupHierarchyList.get(i).getText()): null

2018-07-05 20:36:48 - [TEST_STEP][PASSED] - Statement - actualgroupList.add(i, groupHierarchyList.get(i).getText()): null

2018-07-05 20:36:48 - [TEST_STEP][PASSED] - Statement - actualgroupList.add(i, groupHierarchyList.get(i).getText()): null

2018-07-05 20:36:48 - [TEST_STEP][PASSED] - Statement - out.println(actualgroupList): null

2018-07-05 20:36:48 - [TEST_STEP][PASSED] - delay: Delayed 5 second(s)

2018-07-05 20:36:53 - [MESSAGE][PASSED] - Delayed 5 second(s)

2018-07-05 20:36:53 - [TEST_STEP][PASSED] - Statement - If (actualgroupList.contains(groupName)): null

2018-07-05 20:36:53 - [TEST_STEP][PASSED] - Statement - println("Automation Group is available in group hierarchy"): null

2018-07-05 20:36:53 - [TEST_STEP][PASSED] - uiaction.CommonUIActions.click: uiaction.CommonUIActions.click is PASSED

2018-07-05 20:36:53 - [MESSAGE][PASSED] - uiaction.CommonUIActions.click is PASSED

2018-07-05 20:36:53 - [TEST_STEP][PASSED] - uiaction.CommonUIActions.enter: uiaction.CommonUIActions.enter is PASSED

2018-07-05 20:36:53 - [MESSAGE][PASSED] - uiaction.CommonUIActions.enter is PASSED

2018-07-05 20:36:53 - [TEST_STEP][PASSED] - uiaction.CommonUIActions.enter: uiaction.CommonUIActions.enter is PASSED

2018-07-05 20:36:53 - [MESSAGE][PASSED] - uiaction.CommonUIActions.enter is PASSED

2018-07-05 20:36:53 - [TEST_STEP][PASSED] - uiaction.CommonUIActions.click: uiaction.CommonUIActions.click is PASSED

2018-07-05 20:36:53 - [MESSAGE][PASSED] - uiaction.CommonUIActions.click is PASSED

2018-07-05 20:36:53 - [TEST_STEP][PASSED] - Statement - groupalreadyExists = CustomKeywords.projectSpecific.Reusability.getTestData("ReportingGroupManagementPage", "groupAlreadyMessage"): projectSpecific.Reusability.getTestData is PASSED

2018-07-05 20:36:53 - [MESSAGE][PASSED] - projectSpecific.Reusability.getTestData is PASSED

2018-07-05 20:36:53 - [TEST_STEP][PASSED] - Statement - groupalreadyText = CustomKeywords.uiaction.CommonUIActions.getText(com.kms.katalon.core.testobject.ObjectRepository.findTestObject(ReportingGroupManagement/groupCreationErrorMessage)): uiaction.CommonUIActions.getText is PASSED

2018-07-05 20:36:55 - [MESSAGE][PASSED] - uiaction.CommonUIActions.getText is PASSED

2018-07-05 20:36:55 - [TEST_STEP][PASSED] - verifyMatch: Actual text 'Group already exist in the user account' and expected text 'Group already exist in the user account' are matched 

2018-07-05 20:36:55 - [MESSAGE][PASSED] - Actual text 'Group already exist in the user account' and expected text 'Group already exist in the user account' are matched 

2018-07-05 20:36:55 - [TEST_STEP][PASSED] - uiaction.CommonUIActions.click: uiaction.CommonUIActions.click is PASSED

2018-07-05 20:36:55 - [MESSAGE][PASSED] - uiaction.CommonUIActions.click is PASSED

2018-07-05 20:36:55 - [TEST_STEP][PASSED] - Statement - com.kms.katalon.core.webui.common.WebUiCommonHelper.findWebElement(com.kms.katalon.core.testobject.ObjectRepository.findTestObject(ReportingGroupManagement/groupNameTxt), 30).clear(): Found 1 web elements with id: 'Object Repository/ReportingGroupManagement/groupNameTxt' located by 'By.xpath: //input[@type='text']' in '30' second(s)

2018-07-05 20:36:55 - [TEST_STEP][PASSED] - uiaction.CommonUIActions.click: uiaction.CommonUIActions.click is PASSED

2018-07-05 20:36:55 - [MESSAGE][PASSED] - uiaction.CommonUIActions.click is PASSED

2018-07-05 20:36:55 - [TEST_STEP][PASSED] - delay: Delayed 10 second(s)

2018-07-05 20:37:05 - [MESSAGE][PASSED] - Delayed 10 second(s)

2018-07-05 20:37:05 - [TEST_STEP][PASSED] - Statement - groupNameBlankMessage = CustomKeywords.projectSpecific.Reusability.getTestData("ReportingGroupManagementPage", "groupNameBlankMessage"): projectSpecific.Reusability.getTestData is PASSED

2018-07-05 20:37:05 - [MESSAGE][PASSED] - projectSpecific.Reusability.getTestData is PASSED

2018-07-05 20:37:05 - [TEST_STEP][PASSED] - Statement - blankText = CustomKeywords.uiaction.CommonUIActions.getText(com.kms.katalon.core.testobject.ObjectRepository.findTestObject(ReportingGroupManagement/groupCreationErrorMessage)): uiaction.CommonUIActions.getText is PASSED

2018-07-05 20:37:05 - [MESSAGE][PASSED] - uiaction.CommonUIActions.getText is PASSED

2018-07-05 20:37:05 - [TEST_STEP][PASSED] - verifyMatch: Actual text 'Group name may not be blank.' and expected text 'Group name may not be blank.' are matched 

2018-07-05 20:37:05 - [MESSAGE][PASSED] - Actual text 'Group name may not be blank.' and expected text 'Group name may not be blank.' are matched 

2018-07-05 20:37:05 - [TEST_STEP][PASSED] - back: Navigate back successfully

2018-07-05 20:37:05 - [MESSAGE][PASSED] - Navigate back successfully

2018-07-05 20:37:05 - [TEST_STEP][PASSED] - delay: Delayed 10 second(s)

2018-07-05 20:37:15 - [MESSAGE][PASSED] - Delayed 10 second(s)

2018-07-05 20:37:15 - [TEST_STEP][PASSED] - Statement - groupXpath = "//span[text()='" + groupName + "']": null

2018-07-05 20:37:15 - [TEST_STEP][PASSED] - Statement - println(groupXpath): null

2018-07-05 20:37:15 - [TEST_STEP][PASSED] - Statement - driver.findElement(org.openqa.selenium.By.xpath(groupXpath)).click(): null

2018-07-05 20:37:15 - [TEST_STEP][PASSED] - delay: Delayed 5 second(s)

2018-07-05 20:37:20 - [MESSAGE][PASSED] - Delayed 5 second(s)

2018-07-05 20:37:20 - [TEST_STEP][PASSED] - uiaction.CommonUIActions.click: uiaction.CommonUIActions.click is PASSED

2018-07-05 20:37:20 - [MESSAGE][PASSED] - uiaction.CommonUIActions.click is PASSED

2018-07-05 20:37:20 - [TEST_STEP][PASSED] - uiaction.CommonUIActions.click: uiaction.CommonUIActions.click is PASSED

2018-07-05 20:37:20 - [MESSAGE][PASSED] - uiaction.CommonUIActions.click is PASSED

2018-07-05 20:37:20 - [TEST_STEP][PASSED] - back: Navigate back successfully

2018-07-05 20:37:20 - [MESSAGE][PASSED] - Navigate back successfully

2018-07-05 20:37:20 - [TEST_STEP][PASSED] - delay: Delayed 5 second(s)

2018-07-05 20:37:25 - [MESSAGE][PASSED] - Delayed 5 second(s)

2018-07-05 20:37:25 - [TEST_STEP][PASSED] - back: Navigate back successfully

2018-07-05 20:37:26 - [MESSAGE][PASSED] - Navigate back successfully

2018-07-05 20:37:26 - [TEST_STEP][PASSED] - delay: Delayed 5 second(s)

2018-07-05 20:37:31 - [MESSAGE][PASSED] - Delayed 5 second(s)

2018-07-05 20:37:31 - [TEST_STEP][PASSED] - uiaction.CommonUIActions.click: uiaction.CommonUIActions.click is PASSED

2018-07-05 20:37:31 - [MESSAGE][PASSED] - uiaction.CommonUIActions.click is PASSED

2018-07-05 20:37:31 - [TEST_STEP][PASSED] - uiaction.CommonUIActions.enter: uiaction.CommonUIActions.enter is PASSED

2018-07-05 20:37:31 - [MESSAGE][PASSED] - uiaction.CommonUIActions.enter is PASSED

2018-07-05 20:37:31 - [TEST_STEP][PASSED] - uiaction.CommonUIActions.enter: uiaction.CommonUIActions.enter is PASSED

2018-07-05 20:37:31 - [MESSAGE][PASSED] - projectSpecific.Reusability.getTestData is PASSED

2018-07-05 20:37:31 - [MESSAGE][PASSED] - uiaction.CommonUIActions.enter is PASSED

2018-07-05 20:37:31 - [TEST_STEP][PASSED] - uiaction.CommonUIActions.click: uiaction.CommonUIActions.click is PASSED

2018-07-05 20:37:31 - [MESSAGE][PASSED] - uiaction.CommonUIActions.click is PASSED

2018-07-05 20:37:31 - [TEST_STEP][PASSED] - back: Navigate back successfully

2018-07-05 20:37:31 - [MESSAGE][PASSED] - Navigate back successfully

2018-07-05 20:37:31 - [TEST_STEP][PASSED] - delay: Delayed 5 second(s)

2018-07-05 20:37:36 - [MESSAGE][PASSED] - Delayed 5 second(s)

2018-07-05 20:37:36 - [TEST_STEP][PASSED] - back: Navigate back successfully

2018-07-05 20:37:36 - [MESSAGE][PASSED] - Navigate back successfully

2018-07-05 20:37:36 - [TEST_STEP][PASSED] - delay: Delayed 5 second(s)

2018-07-05 20:37:41 - [MESSAGE][PASSED] - Delayed 5 second(s)

2018-07-05 20:37:41 - [TEST_STEP][PASSED] - Statement - groupHierarchyList = driver.findElements(org.openqa.selenium.By.xpath(com.kms.katalon.core.testdata.TestDataFactory.findTestData(OR_file).getValue(2, 13))): Reading excel file with source file 'C:\Users\shalinin\Katalon Studio\HME_DEVScripts\Data Files\HME_OR.xlsx' and sheet name 'Sheet1'

2018-07-05 20:37:41 - [TEST_STEP][PASSED] - Statement - exists = false: null

2018-07-05 20:37:41 - [TEST_STEP][PASSED] - Statement - For ([i = 0, i < groupHierarchyList.size(), (i++)]): null

2018-07-05 20:37:41 - [TEST_STEP][PASSED] - Statement - If (groupHierarchyList.get(i).getText().equals(existingGroup)): null

2018-07-05 20:37:41 - [TEST_STEP][PASSED] - Statement - If (groupHierarchyList.get(i).getText().equals(existingGroup)): null

2018-07-05 20:37:41 - [TEST_STEP][PASSED] - Statement - println("group is existing in GroupList"): null

2018-07-05 20:37:41 - [TEST_STEP][PASSED] - Statement - exists = true: null

2018-07-05 20:37:41 - [TEST_STEP][PASSED] - Statement - Break: null

2018-07-05 20:37:41 - [TEST_STEP][PASSED] - Statement - If (!(exists)): null

2018-07-05 20:37:41 - [TEST_STEP][PASSED] - Statement - groupXpath = "//span[text()='" + existingGroup + "']": null

2018-07-05 20:37:41 - [TEST_STEP][PASSED] - Statement - println(groupXpath): null

2018-07-05 20:37:41 - [TEST_STEP][PASSED] - Statement - driver.findElement(org.openqa.selenium.By.xpath(groupXpath)).click(): null

2018-07-05 20:37:41 - [TEST_STEP][PASSED] - delay: Delayed 5 second(s)

2018-07-05 20:37:46 - [MESSAGE][PASSED] - Delayed 5 second(s)

2018-07-05 20:37:46 - [TEST_STEP][PASSED] - uiaction.CommonUIActions.click: uiaction.CommonUIActions.click is PASSED

2018-07-05 20:37:46 - [MESSAGE][PASSED] - uiaction.CommonUIActions.click is PASSED

2018-07-05 20:37:46 - [TEST_STEP][PASSED] - uiaction.CommonUIActions.click: uiaction.CommonUIActions.click is PASSED

2018-07-05 20:37:47 - [MESSAGE][PASSED] - uiaction.CommonUIActions.click is PASSED

2018-07-05 20:37:47 - [TEST_STEP][PASSED] - back: Navigate back successfully

2018-07-05 20:37:47 - [MESSAGE][PASSED] - Navigate back successfully

2018-07-05 20:37:47 - [TEST_STEP][PASSED] - delay: Delayed 5 second(s)

2018-07-05 20:37:52 - [MESSAGE][PASSED] - Delayed 5 second(s)

2018-07-05 20:37:52 - [TEST_STEP][PASSED] - back: Navigate back successfully

2018-07-05 20:37:52 - [MESSAGE][PASSED] - Navigate back successfully

2018-07-05 20:37:52 - [TEST_STEP][PASSED] - delay: Delayed 5 second(s)

2018-07-05 20:37:57 - [MESSAGE][PASSED] - Delayed 5 second(s)

2018-07-05 20:37:57 - [TEST_STEP][PASSED] - uiaction.CommonUIActions.click: uiaction.CommonUIActions.click is PASSED

2018-07-05 20:37:57 - [MESSAGE][PASSED] - uiaction.CommonUIActions.click is PASSED

2018-07-05 20:37:57 - [TEST_STEP][PASSED] - verifyElementPresent: Object 'Object Repository/ReportingGroupManagement/reportingGroupDetails' is present

2018-07-05 20:37:57 - [MESSAGE][PASSED] - Object 'Object Repository/ReportingGroupManagement/reportingGroupDetails' is present

2018-07-05 20:37:57 - [TEST_STEP][PASSED] - Statement - groupNamewith50characters = "thisgroupnamehas50characters50characters50charact": null

2018-07-05 20:37:57 - [TEST_STEP][PASSED] - uiaction.CommonUIActions.enter: uiaction.CommonUIActions.enter is PASSED

2018-07-05 20:37:57 - [MESSAGE][PASSED] - uiaction.CommonUIActions.enter is PASSED

2018-07-05 20:37:57 - [TEST_STEP][PASSED] - uiaction.CommonUIActions.enter: uiaction.CommonUIActions.enter is PASSED

2018-07-05 20:37:57 - [MESSAGE][PASSED] - projectSpecific.Reusability.getTestData is PASSED

2018-07-05 20:37:57 - [MESSAGE][PASSED] - uiaction.CommonUIActions.enter is PASSED

2018-07-05 20:37:57 - [TEST_STEP][PASSED] - uiaction.CommonUIActions.click: uiaction.CommonUIActions.click is PASSED

2018-07-05 20:37:57 - [MESSAGE][PASSED] - uiaction.CommonUIActions.click is PASSED

2018-07-05 20:37:57 - [TEST_STEP][PASSED] - back: Navigate back successfully

2018-07-05 20:37:57 - [MESSAGE][PASSED] - Navigate back successfully

2018-07-05 20:37:57 - [TEST_STEP][PASSED] - delay: Delayed 10 second(s)

2018-07-05 20:38:07 - [MESSAGE][PASSED] - Delayed 10 second(s)

2018-07-05 20:38:07 - [TEST_STEP][PASSED] - back: Navigate back successfully

2018-07-05 20:38:07 - [MESSAGE][PASSED] - Navigate back successfully

2018-07-05 20:38:07 - [TEST_STEP][PASSED] - delay: Delayed 10 second(s)

2018-07-05 20:38:17 - [MESSAGE][PASSED] - Delayed 10 second(s)

2018-07-05 20:38:17 - [TEST_STEP][PASSED] - Statement - groupHierarchyList = driver.findElements(org.openqa.selenium.By.xpath(com.kms.katalon.core.testdata.TestDataFactory.findTestData(OR_file).getValue(2, 13))): Reading excel file with source file 'C:\Users\shalinin\Katalon Studio\HME_DEVScripts\Data Files\HME_OR.xlsx' and sheet name 'Sheet1'

2018-07-05 20:38:17 - [TEST_STEP][PASSED] - Statement - exists = false: null

2018-07-05 20:38:17 - [TEST_STEP][PASSED] - Statement - For ([i = 0, i < groupHierarchyList.size(), (i++)]): null

2018-07-05 20:38:17 - [TEST_STEP][PASSED] - Statement - If (groupHierarchyList.get(i).getText().equals(groupNamewith50characters)): null

2018-07-05 20:38:17 - [TEST_STEP][PASSED] - Statement - If (groupHierarchyList.get(i).getText().equals(groupNamewith50characters)): null

2018-07-05 20:38:17 - [TEST_STEP][PASSED] - Statement - If (groupHierarchyList.get(i).getText().equals(groupNamewith50characters)): null

2018-07-05 20:38:17 - [TEST_STEP][PASSED] - Statement - If (groupHierarchyList.get(i).getText().equals(groupNamewith50characters)): null

2018-07-05 20:38:17 - [TEST_STEP][PASSED] - Statement - If (groupHierarchyList.get(i).getText().equals(groupNamewith50characters)): null

2018-07-05 20:38:17 - [TEST_STEP][PASSED] - Statement - println("group with 50 characters in name exists"): null

2018-07-05 20:38:17 - [TEST_STEP][PASSED] - Statement - exists = true: null

2018-07-05 20:38:17 - [TEST_STEP][PASSED] - Statement - Break: null

2018-07-05 20:38:17 - [TEST_STEP][PASSED] - Statement - If (!(exists)): null

2018-07-05 20:38:17 - [TEST_STEP][PASSED] - Statement - groupXpath = "//span[text()='" + groupNamewith50characters + "']": null

2018-07-05 20:38:17 - [TEST_STEP][PASSED] - Statement - println(groupXpath): null

2018-07-05 20:38:17 - [TEST_STEP][PASSED] - Statement - driver.findElement(org.openqa.selenium.By.xpath(groupXpath)).click(): null

2018-07-05 20:38:17 - [TEST_STEP][PASSED] - uiaction.CommonUIActions.click: uiaction.CommonUIActions.click is PASSED

2018-07-05 20:38:18 - [MESSAGE][PASSED] - uiaction.CommonUIActions.click is PASSED

2018-07-05 20:38:18 - [TEST_STEP][PASSED] - uiaction.CommonUIActions.click: uiaction.CommonUIActions.click is PASSED

2018-07-05 20:38:18 - [MESSAGE][PASSED] - uiaction.CommonUIActions.click is PASSED

2018-07-05 20:38:18 - [TEST_STEP][PASSED] - back: Navigate back successfully

2018-07-05 20:38:18 - [MESSAGE][PASSED] - Navigate back successfully

2018-07-05 20:38:18 - [TEST_STEP][PASSED] - delay: Delayed 10 second(s)

2018-07-05 20:38:28 - [MESSAGE][PASSED] - Delayed 10 second(s)

2018-07-05 20:38:28 - [TEST_STEP][PASSED] - back: Navigate back successfully

2018-07-05 20:38:28 - [MESSAGE][PASSED] - Navigate back successfully

2018-07-05 20:38:28 - [TEST_STEP][PASSED] - delay: Delayed 10 second(s)

2018-07-05 20:38:38 - [MESSAGE][PASSED] - Delayed 10 second(s)

2018-07-05 20:38:38 - [TEST_STEP][PASSED] - uiaction.CommonUIActions.click: uiaction.CommonUIActions.click is PASSED

2018-07-05 20:38:38 - [MESSAGE][PASSED] - uiaction.CommonUIActions.click is PASSED

2018-07-05 20:38:38 - [TEST_STEP][PASSED] - verifyElementPresent: Object 'Object Repository/ReportingGroupManagement/reportingGroupDetails' is present

2018-07-05 20:38:38 - [MESSAGE][PASSED] - Object 'Object Repository/ReportingGroupManagement/reportingGroupDetails' is present

2018-07-05 20:38:38 - [TEST_STEP][PASSED] - Statement - groupName200characters = "groupNamewithmorethan200charactersgroupNamewithmorethan200charactersgroupNamewithmorethan200charactersgroupNamewithmorethan200charactersgroupNamewithmorethan200charactersgroupNamewithmorethan200charactersgroupNamewithmorethan200characters": null

2018-07-05 20:38:38 - [TEST_STEP][PASSED] - uiaction.CommonUIActions.enter: uiaction.CommonUIActions.enter is PASSED

2018-07-05 20:38:38 - [MESSAGE][PASSED] - uiaction.CommonUIActions.enter is PASSED

2018-07-05 20:38:38 - [TEST_STEP][PASSED] - delay: Delayed 10 second(s)

2018-07-05 20:38:48 - [MESSAGE][PASSED] - Delayed 10 second(s)

2018-07-05 20:38:48 - [TEST_STEP][PASSED] - Statement - groupNameEntered = CustomKeywords.uiaction.CommonUIActions.getText(com.kms.katalon.core.testobject.ObjectRepository.findTestObject(ReportingGroupManagement/groupNameTxt)): uiaction.CommonUIActions.getText is PASSED

2018-07-05 20:38:48 - [MESSAGE][PASSED] - uiaction.CommonUIActions.getText is PASSED

2018-07-05 20:38:48 - [TEST_STEP][PASSED] - Statement - exists = true: null

2018-07-05 20:38:48 - [TEST_STEP][PASSED] - Statement - If (!(groupNameEntered.equals(groupName200characters))): null

2018-07-05 20:38:48 - [TEST_STEP][PASSED] - Statement - println("Cannot create group with 200 characters"): null

2018-07-05 20:38:48 - [TEST_STEP][PASSED] - Statement - exists = false: null

2018-07-05 20:38:48 - [TEST_STEP][PASSED] - Statement - If (!(exists)): null

2018-07-05 20:38:48 - [TEST_STEP][PASSED] - Statement - If (!(TCflag)): null

2018-07-05 20:38:48 - [TEST_STEP][PASSED] - uiaction.CommonUIActions.click: uiaction.CommonUIActions.click is PASSED

2018-07-05 20:38:53 - [MESSAGE][PASSED] - uiaction.CommonUIActions.click is PASSED

2018-07-05 20:38:53 - [TEST_STEP][PASSED] - Statement - assert TCflag == true: null

2018-07-05 20:38:53 - [TEST_STEP][PASSED] - Start listener action : sampleAfterTestCase: Browser is closed

2018-07-05 20:38:53 - [TEST_STEP][PASSED] - Statement - println(testCaseContext.getTestCaseId()): null

2018-07-05 20:38:53 - [TEST_STEP][PASSED] - Statement - println(testCaseContext.getTestCaseStatus()): null

2018-07-05 20:38:53 - [TEST_STEP][PASSED] - closeBrowser: Browser is closed

2018-07-05 20:38:54 - [MESSAGE][PASSED] - Browser is closed]]></system-out>
         <system-err><![CDATA[]]></system-err>
      </testcase>
      <testcase name="Test Cases/CreateGroupTC/HME-DeleteGroup-07" classname="Test Cases/CreateGroupTC/HME-DeleteGroup-07" status="PASSED">
         <system-out><![CDATA[2018-07-05 20:38:54 - [TEST_CASE][PASSED] - Test Cases/CreateGroupTC/HME-DeleteGroup-07: Browser is closed

2018-07-05 20:38:54 - [TEST_STEP][PASSED] - Start listener action : sampleBeforeTestCase: uiaction.CommonUIActions.deleteAllCookies is PASSED

2018-07-05 20:38:54 - [TEST_STEP][PASSED] - openBrowser: Browser is opened with url: ''

2018-07-05 20:38:56 - [MESSAGE][PASSED] - Browser is opened with url: ''

2018-07-05 20:38:56 - [TEST_STEP][PASSED] - maximizeWindow: Current window maximized

2018-07-05 20:38:57 - [MESSAGE][PASSED] - Current window maximized

2018-07-05 20:38:57 - [TEST_STEP][PASSED] - uiaction.CommonUIActions.deleteAllCookies: uiaction.CommonUIActions.deleteAllCookies is PASSED

2018-07-05 20:38:57 - [MESSAGE][PASSED] - Delete all cookies successfully

2018-07-05 20:38:57 - [MESSAGE][PASSED] - uiaction.CommonUIActions.deleteAllCookies is PASSED

2018-07-05 20:38:57 - [TEST_STEP][PASSED] - Statement - TCflag = true: null

2018-07-05 20:38:57 - [TEST_STEP][PASSED] - Statement - Try: null

2018-07-05 20:38:57 - [TEST_STEP][PASSED] - navigateToUrl: Navigate to 'https://engdev.hmedtcloud.com/?pg=Login' successfully

2018-07-05 20:39:06 - [MESSAGE][PASSED] - Navigate to 'https://engdev.hmedtcloud.com/?pg=Login' successfully

2018-07-05 20:39:06 - [TEST_STEP][PASSED] - projectSpecific.Reusability.login: projectSpecific.Reusability.login is PASSED

2018-07-05 20:39:06 - [MESSAGE][PASSED] - projectSpecific.Reusability.getTestData is PASSED

2018-07-05 20:39:06 - [MESSAGE][PASSED] - projectSpecific.Reusability.getTestData is PASSED

2018-07-05 20:39:06 - [MESSAGE][PASSED] - Text 'selvendrank@nousinfo.com' is set on object 'Object Repository/LoginPage/Username'

2018-07-05 20:39:06 - [MESSAGE][PASSED] - Text 'Nous;123' is set on object 'Object Repository/LoginPage/Password'

2018-07-05 20:39:20 - [MESSAGE][PASSED] - Object: 'Object Repository/LoginPage/Login' is clicked on

2018-07-05 20:39:20 - [MESSAGE][PASSED] - projectSpecific.Reusability.login is PASSED

2018-07-05 20:39:20 - [TEST_STEP][PASSED] - delay: Delayed 10 second(s)

2018-07-05 20:39:30 - [MESSAGE][PASSED] - Delayed 10 second(s)

2018-07-05 20:39:30 - [TEST_STEP][PASSED] - uiaction.CommonUIActions.click: uiaction.CommonUIActions.click is PASSED

2018-07-05 20:39:42 - [MESSAGE][PASSED] - uiaction.CommonUIActions.click is PASSED

2018-07-05 20:39:42 - [TEST_STEP][PASSED] - delay: Delayed 10 second(s)

2018-07-05 20:39:52 - [MESSAGE][PASSED] - Delayed 10 second(s)

2018-07-05 20:39:52 - [TEST_STEP][PASSED] - uiaction.CommonUIActions.click: uiaction.CommonUIActions.click is PASSED

2018-07-05 20:39:57 - [MESSAGE][PASSED] - uiaction.CommonUIActions.click is PASSED

2018-07-05 20:39:57 - [TEST_STEP][PASSED] - Statement - driver = com.kms.katalon.core.webui.driver.DriverFactory.getWebDriver(): null

2018-07-05 20:39:57 - [TEST_STEP][PASSED] - uiaction.CommonUIActions.click: uiaction.CommonUIActions.click is PASSED

2018-07-05 20:39:57 - [MESSAGE][PASSED] - uiaction.CommonUIActions.click is PASSED

2018-07-05 20:39:57 - [TEST_STEP][PASSED] - verifyElementPresent: Object 'Object Repository/ReportingGroupManagement/reportingGroupDetails' is present

2018-07-05 20:39:57 - [MESSAGE][PASSED] - Object 'Object Repository/ReportingGroupManagement/reportingGroupDetails' is present

2018-07-05 20:39:57 - [TEST_STEP][PASSED] - uiaction.CommonUIActions.enter: uiaction.CommonUIActions.enter is PASSED

2018-07-05 20:39:57 - [MESSAGE][PASSED] - projectSpecific.Reusability.getTestData is PASSED

2018-07-05 20:39:57 - [MESSAGE][PASSED] - uiaction.CommonUIActions.enter is PASSED

2018-07-05 20:39:57 - [TEST_STEP][PASSED] - uiaction.CommonUIActions.enter: uiaction.CommonUIActions.enter is PASSED

2018-07-05 20:39:57 - [MESSAGE][PASSED] - projectSpecific.Reusability.getTestData is PASSED

2018-07-05 20:39:57 - [MESSAGE][PASSED] - uiaction.CommonUIActions.enter is PASSED

2018-07-05 20:39:57 - [TEST_STEP][PASSED] - delay: Delayed 5 second(s)

2018-07-05 20:40:02 - [MESSAGE][PASSED] - Delayed 5 second(s)

2018-07-05 20:40:02 - [TEST_STEP][PASSED] - Statement - StoresCBList1 = driver.findElements(org.openqa.selenium.By.xpath(com.kms.katalon.core.testdata.TestDataFactory.findTestData(OR_file).getValue(2, 12))): Reading excel file with source file 'C:\Users\shalinin\Katalon Studio\HME_DEVScripts\Data Files\HME_OR.xlsx' and sheet name 'Sheet1'

2018-07-05 20:40:02 - [TEST_STEP][PASSED] - Statement - storesLabel = driver.findElements(org.openqa.selenium.By.xpath(com.kms.katalon.core.testdata.TestDataFactory.findTestData(OR_file).getValue(2, 10))): Reading excel file with source file 'C:\Users\shalinin\Katalon Studio\HME_DEVScripts\Data Files\HME_OR.xlsx' and sheet name 'Sheet1'

2018-07-05 20:40:02 - [TEST_STEP][PASSED] - Statement - groupStoresList = new java.util.ArrayList(): null

2018-07-05 20:40:02 - [TEST_STEP][PASSED] - Statement - out.println(StoresCBList1.size()): null

2018-07-05 20:40:02 - [TEST_STEP][PASSED] - Statement - size = StoresCBList1.size(): null

2018-07-05 20:40:02 - [TEST_STEP][PASSED] - Statement - For ([i = 0, i < size, (i++)]): null

2018-07-05 20:40:02 - [TEST_STEP][PASSED] - Statement - groupStoresList[i] = storesLabel.get(i).getText(): null

2018-07-05 20:40:02 - [TEST_STEP][PASSED] - Statement - StoresCBList1.get(i).click(): null

2018-07-05 20:40:02 - [TEST_STEP][PASSED] - Statement - groupStoresList[i] = storesLabel.get(i).getText(): null

2018-07-05 20:40:02 - [TEST_STEP][PASSED] - Statement - StoresCBList1.get(i).click(): null

2018-07-05 20:40:02 - [TEST_STEP][PASSED] - Statement - groupStoresList[i] = storesLabel.get(i).getText(): null

2018-07-05 20:40:02 - [TEST_STEP][PASSED] - Statement - StoresCBList1.get(i).click(): null

2018-07-05 20:40:02 - [TEST_STEP][PASSED] - Statement - groupStoresList[i] = storesLabel.get(i).getText(): null

2018-07-05 20:40:02 - [TEST_STEP][PASSED] - Statement - StoresCBList1.get(i).click(): null

2018-07-05 20:40:02 - [TEST_STEP][PASSED] - Statement - groupStoresList[i] = storesLabel.get(i).getText(): null

2018-07-05 20:40:02 - [TEST_STEP][PASSED] - Statement - StoresCBList1.get(i).click(): null

2018-07-05 20:40:02 - [TEST_STEP][PASSED] - Statement - groupStoresList[i] = storesLabel.get(i).getText(): null

2018-07-05 20:40:02 - [TEST_STEP][PASSED] - Statement - StoresCBList1.get(i).click(): null

2018-07-05 20:40:03 - [TEST_STEP][PASSED] - Statement - groupStoresList[i] = storesLabel.get(i).getText(): null

2018-07-05 20:40:03 - [TEST_STEP][PASSED] - Statement - StoresCBList1.get(i).click(): null

2018-07-05 20:40:03 - [TEST_STEP][PASSED] - Statement - groupStoresList[i] = storesLabel.get(i).getText(): null

2018-07-05 20:40:03 - [TEST_STEP][PASSED] - Statement - StoresCBList1.get(i).click(): null

2018-07-05 20:40:03 - [TEST_STEP][PASSED] - Statement - groupStoresList[i] = storesLabel.get(i).getText(): null

2018-07-05 20:40:03 - [TEST_STEP][PASSED] - Statement - StoresCBList1.get(i).click(): null

2018-07-05 20:40:03 - [TEST_STEP][PASSED] - Statement - groupStoresList[i] = storesLabel.get(i).getText(): null

2018-07-05 20:40:03 - [TEST_STEP][PASSED] - Statement - StoresCBList1.get(i).click(): null

2018-07-05 20:40:03 - [TEST_STEP][PASSED] - Statement - groupStoresList[i] = storesLabel.get(i).getText(): null

2018-07-05 20:40:03 - [TEST_STEP][PASSED] - Statement - StoresCBList1.get(i).click(): null

2018-07-05 20:40:03 - [TEST_STEP][PASSED] - Statement - groupStoresList[i] = storesLabel.get(i).getText(): null

2018-07-05 20:40:03 - [TEST_STEP][PASSED] - Statement - StoresCBList1.get(i).click(): null

2018-07-05 20:40:03 - [TEST_STEP][PASSED] - Statement - groupStoresList[i] = storesLabel.get(i).getText(): null

2018-07-05 20:40:03 - [TEST_STEP][PASSED] - Statement - StoresCBList1.get(i).click(): null

2018-07-05 20:40:03 - [TEST_STEP][PASSED] - Statement - groupStoresList[i] = storesLabel.get(i).getText(): null

2018-07-05 20:40:03 - [TEST_STEP][PASSED] - Statement - StoresCBList1.get(i).click(): null

2018-07-05 20:40:03 - [TEST_STEP][PASSED] - Statement - groupStoresList[i] = storesLabel.get(i).getText(): null

2018-07-05 20:40:03 - [TEST_STEP][PASSED] - Statement - StoresCBList1.get(i).click(): null

2018-07-05 20:40:03 - [TEST_STEP][PASSED] - Statement - groupStoresList[i] = storesLabel.get(i).getText(): null

2018-07-05 20:40:03 - [TEST_STEP][PASSED] - Statement - StoresCBList1.get(i).click(): null

2018-07-05 20:40:03 - [TEST_STEP][PASSED] - Statement - groupStoresList[i] = storesLabel.get(i).getText(): null

2018-07-05 20:40:03 - [TEST_STEP][PASSED] - Statement - StoresCBList1.get(i).click(): null

2018-07-05 20:40:03 - [TEST_STEP][PASSED] - Statement - groupStoresList[i] = storesLabel.get(i).getText(): null

2018-07-05 20:40:03 - [TEST_STEP][PASSED] - Statement - StoresCBList1.get(i).click(): null

2018-07-05 20:40:03 - [TEST_STEP][PASSED] - Statement - groupStoresList[i] = storesLabel.get(i).getText(): null

2018-07-05 20:40:03 - [TEST_STEP][PASSED] - Statement - StoresCBList1.get(i).click(): null

2018-07-05 20:40:03 - [TEST_STEP][PASSED] - Statement - groupStoresList[i] = storesLabel.get(i).getText(): null

2018-07-05 20:40:03 - [TEST_STEP][PASSED] - Statement - StoresCBList1.get(i).click(): null

2018-07-05 20:40:03 - [TEST_STEP][PASSED] - Statement - groupStoresList[i] = storesLabel.get(i).getText(): null

2018-07-05 20:40:03 - [TEST_STEP][PASSED] - Statement - StoresCBList1.get(i).click(): null

2018-07-05 20:40:03 - [TEST_STEP][PASSED] - Statement - groupStoresList[i] = storesLabel.get(i).getText(): null

2018-07-05 20:40:04 - [TEST_STEP][PASSED] - Statement - StoresCBList1.get(i).click(): null

2018-07-05 20:40:04 - [TEST_STEP][PASSED] - Statement - groupStoresList[i] = storesLabel.get(i).getText(): null

2018-07-05 20:40:04 - [TEST_STEP][PASSED] - Statement - StoresCBList1.get(i).click(): null

2018-07-05 20:40:04 - [TEST_STEP][PASSED] - Statement - groupStoresList[i] = storesLabel.get(i).getText(): null

2018-07-05 20:40:04 - [TEST_STEP][PASSED] - Statement - StoresCBList1.get(i).click(): null

2018-07-05 20:40:04 - [TEST_STEP][PASSED] - Statement - groupStoresList[i] = storesLabel.get(i).getText(): null

2018-07-05 20:40:04 - [TEST_STEP][PASSED] - Statement - StoresCBList1.get(i).click(): null

2018-07-05 20:40:04 - [TEST_STEP][PASSED] - Statement - groupStoresList[i] = storesLabel.get(i).getText(): null

2018-07-05 20:40:04 - [TEST_STEP][PASSED] - Statement - StoresCBList1.get(i).click(): null

2018-07-05 20:40:04 - [TEST_STEP][PASSED] - Statement - groupStoresList[i] = storesLabel.get(i).getText(): null

2018-07-05 20:40:04 - [TEST_STEP][PASSED] - Statement - StoresCBList1.get(i).click(): null

2018-07-05 20:40:04 - [TEST_STEP][PASSED] - Statement - groupStoresList[i] = storesLabel.get(i).getText(): null

2018-07-05 20:40:04 - [TEST_STEP][PASSED] - Statement - StoresCBList1.get(i).click(): null

2018-07-05 20:40:04 - [TEST_STEP][PASSED] - Statement - groupStoresList[i] = storesLabel.get(i).getText(): null

2018-07-05 20:40:04 - [TEST_STEP][PASSED] - Statement - StoresCBList1.get(i).click(): null

2018-07-05 20:40:04 - [TEST_STEP][PASSED] - Statement - groupStoresList[i] = storesLabel.get(i).getText(): null

2018-07-05 20:40:04 - [TEST_STEP][PASSED] - Statement - StoresCBList1.get(i).click(): null

2018-07-05 20:40:04 - [TEST_STEP][PASSED] - Statement - groupStoresList[i] = storesLabel.get(i).getText(): null

2018-07-05 20:40:04 - [TEST_STEP][PASSED] - Statement - StoresCBList1.get(i).click(): null

2018-07-05 20:40:04 - [TEST_STEP][PASSED] - Statement - groupStoresList[i] = storesLabel.get(i).getText(): null

2018-07-05 20:40:04 - [TEST_STEP][PASSED] - Statement - StoresCBList1.get(i).click(): null

2018-07-05 20:40:04 - [TEST_STEP][PASSED] - Statement - groupStoresList[i] = storesLabel.get(i).getText(): null

2018-07-05 20:40:04 - [TEST_STEP][PASSED] - Statement - StoresCBList1.get(i).click(): null

2018-07-05 20:40:04 - [TEST_STEP][PASSED] - Statement - groupStoresList[i] = storesLabel.get(i).getText(): null

2018-07-05 20:40:04 - [TEST_STEP][PASSED] - Statement - StoresCBList1.get(i).click(): null

2018-07-05 20:40:04 - [TEST_STEP][PASSED] - Statement - groupStoresList[i] = storesLabel.get(i).getText(): null

2018-07-05 20:40:04 - [TEST_STEP][PASSED] - Statement - StoresCBList1.get(i).click(): null

2018-07-05 20:40:04 - [TEST_STEP][PASSED] - Statement - groupStoresList[i] = storesLabel.get(i).getText(): null

2018-07-05 20:40:04 - [TEST_STEP][PASSED] - Statement - StoresCBList1.get(i).click(): null

2018-07-05 20:40:04 - [TEST_STEP][PASSED] - Statement - groupStoresList[i] = storesLabel.get(i).getText(): null

2018-07-05 20:40:05 - [TEST_STEP][PASSED] - Statement - StoresCBList1.get(i).click(): null

2018-07-05 20:40:05 - [TEST_STEP][PASSED] - Statement - groupStoresList[i] = storesLabel.get(i).getText(): null

2018-07-05 20:40:05 - [TEST_STEP][PASSED] - Statement - StoresCBList1.get(i).click(): null

2018-07-05 20:40:05 - [TEST_STEP][PASSED] - Statement - groupStoresList[i] = storesLabel.get(i).getText(): null

2018-07-05 20:40:05 - [TEST_STEP][PASSED] - Statement - StoresCBList1.get(i).click(): null

2018-07-05 20:40:05 - [TEST_STEP][PASSED] - Statement - groupStoresList[i] = storesLabel.get(i).getText(): null

2018-07-05 20:40:05 - [TEST_STEP][PASSED] - Statement - StoresCBList1.get(i).click(): null

2018-07-05 20:40:05 - [TEST_STEP][PASSED] - Statement - groupStoresList[i] = storesLabel.get(i).getText(): null

2018-07-05 20:40:05 - [TEST_STEP][PASSED] - Statement - StoresCBList1.get(i).click(): null

2018-07-05 20:40:05 - [TEST_STEP][PASSED] - Statement - groupStoresList[i] = storesLabel.get(i).getText(): null

2018-07-05 20:40:05 - [TEST_STEP][PASSED] - Statement - StoresCBList1.get(i).click(): null

2018-07-05 20:40:05 - [TEST_STEP][PASSED] - Statement - groupStoresList[i] = storesLabel.get(i).getText(): null

2018-07-05 20:40:05 - [TEST_STEP][PASSED] - Statement - StoresCBList1.get(i).click(): null

2018-07-05 20:40:05 - [TEST_STEP][PASSED] - Statement - groupStoresList[i] = storesLabel.get(i).getText(): null

2018-07-05 20:40:05 - [TEST_STEP][PASSED] - Statement - StoresCBList1.get(i).click(): null

2018-07-05 20:40:05 - [TEST_STEP][PASSED] - Statement - groupStoresList[i] = storesLabel.get(i).getText(): null

2018-07-05 20:40:05 - [TEST_STEP][PASSED] - Statement - StoresCBList1.get(i).click(): null

2018-07-05 20:40:05 - [TEST_STEP][PASSED] - Statement - groupStoresList[i] = storesLabel.get(i).getText(): null

2018-07-05 20:40:05 - [TEST_STEP][PASSED] - Statement - StoresCBList1.get(i).click(): null

2018-07-05 20:40:05 - [TEST_STEP][PASSED] - Statement - groupStoresList[i] = storesLabel.get(i).getText(): null

2018-07-05 20:40:05 - [TEST_STEP][PASSED] - Statement - StoresCBList1.get(i).click(): null

2018-07-05 20:40:05 - [TEST_STEP][PASSED] - Statement - groupStoresList[i] = storesLabel.get(i).getText(): null

2018-07-05 20:40:05 - [TEST_STEP][PASSED] - Statement - StoresCBList1.get(i).click(): null

2018-07-05 20:40:05 - [TEST_STEP][PASSED] - Statement - groupStoresList[i] = storesLabel.get(i).getText(): null

2018-07-05 20:40:05 - [TEST_STEP][PASSED] - Statement - StoresCBList1.get(i).click(): null

2018-07-05 20:40:05 - [TEST_STEP][PASSED] - Statement - groupStoresList[i] = storesLabel.get(i).getText(): null

2018-07-05 20:40:05 - [TEST_STEP][PASSED] - Statement - StoresCBList1.get(i).click(): null

2018-07-05 20:40:05 - [TEST_STEP][PASSED] - Statement - groupStoresList[i] = storesLabel.get(i).getText(): null

2018-07-05 20:40:05 - [TEST_STEP][PASSED] - Statement - StoresCBList1.get(i).click(): null

2018-07-05 20:40:05 - [TEST_STEP][PASSED] - Statement - groupStoresList[i] = storesLabel.get(i).getText(): null

2018-07-05 20:40:06 - [TEST_STEP][PASSED] - Statement - StoresCBList1.get(i).click(): null

2018-07-05 20:40:06 - [TEST_STEP][PASSED] - Statement - groupStoresList[i] = storesLabel.get(i).getText(): null

2018-07-05 20:40:06 - [TEST_STEP][PASSED] - Statement - StoresCBList1.get(i).click(): null

2018-07-05 20:40:06 - [TEST_STEP][PASSED] - Statement - groupStoresList[i] = storesLabel.get(i).getText(): null

2018-07-05 20:40:06 - [TEST_STEP][PASSED] - Statement - StoresCBList1.get(i).click(): null

2018-07-05 20:40:06 - [TEST_STEP][PASSED] - Statement - groupStoresList[i] = storesLabel.get(i).getText(): null

2018-07-05 20:40:06 - [TEST_STEP][PASSED] - Statement - StoresCBList1.get(i).click(): null

2018-07-05 20:40:06 - [TEST_STEP][PASSED] - Statement - groupStoresList[i] = storesLabel.get(i).getText(): null

2018-07-05 20:40:06 - [TEST_STEP][PASSED] - Statement - StoresCBList1.get(i).click(): null

2018-07-05 20:40:06 - [TEST_STEP][PASSED] - Statement - groupStoresList[i] = storesLabel.get(i).getText(): null

2018-07-05 20:40:06 - [TEST_STEP][PASSED] - Statement - StoresCBList1.get(i).click(): null

2018-07-05 20:40:06 - [TEST_STEP][PASSED] - Statement - groupStoresList[i] = storesLabel.get(i).getText(): null

2018-07-05 20:40:06 - [TEST_STEP][PASSED] - Statement - StoresCBList1.get(i).click(): null

2018-07-05 20:40:06 - [TEST_STEP][PASSED] - Statement - groupStoresList[i] = storesLabel.get(i).getText(): null

2018-07-05 20:40:06 - [TEST_STEP][PASSED] - Statement - StoresCBList1.get(i).click(): null

2018-07-05 20:40:06 - [TEST_STEP][PASSED] - Statement - groupStoresList[i] = storesLabel.get(i).getText(): null

2018-07-05 20:40:06 - [TEST_STEP][PASSED] - Statement - StoresCBList1.get(i).click(): null

2018-07-05 20:40:06 - [TEST_STEP][PASSED] - Statement - groupStoresList[i] = storesLabel.get(i).getText(): null

2018-07-05 20:40:06 - [TEST_STEP][PASSED] - Statement - StoresCBList1.get(i).click(): null

2018-07-05 20:40:06 - [TEST_STEP][PASSED] - Statement - groupStoresList[i] = storesLabel.get(i).getText(): null

2018-07-05 20:40:06 - [TEST_STEP][PASSED] - Statement - StoresCBList1.get(i).click(): null

2018-07-05 20:40:06 - [TEST_STEP][PASSED] - Statement - groupStoresList[i] = storesLabel.get(i).getText(): null

2018-07-05 20:40:06 - [TEST_STEP][PASSED] - Statement - StoresCBList1.get(i).click(): null

2018-07-05 20:40:06 - [TEST_STEP][PASSED] - Statement - groupStoresList[i] = storesLabel.get(i).getText(): null

2018-07-05 20:40:06 - [TEST_STEP][PASSED] - Statement - StoresCBList1.get(i).click(): null

2018-07-05 20:40:06 - [TEST_STEP][PASSED] - Statement - groupStoresList[i] = storesLabel.get(i).getText(): null

2018-07-05 20:40:06 - [TEST_STEP][PASSED] - Statement - StoresCBList1.get(i).click(): null

2018-07-05 20:40:06 - [TEST_STEP][PASSED] - Statement - groupStoresList[i] = storesLabel.get(i).getText(): null

2018-07-05 20:40:06 - [TEST_STEP][PASSED] - Statement - StoresCBList1.get(i).click(): null

2018-07-05 20:40:06 - [TEST_STEP][PASSED] - Statement - groupStoresList[i] = storesLabel.get(i).getText(): null

2018-07-05 20:40:07 - [TEST_STEP][PASSED] - Statement - StoresCBList1.get(i).click(): null

2018-07-05 20:40:07 - [TEST_STEP][PASSED] - Statement - groupStoresList[i] = storesLabel.get(i).getText(): null

2018-07-05 20:40:07 - [TEST_STEP][PASSED] - Statement - StoresCBList1.get(i).click(): null

2018-07-05 20:40:07 - [TEST_STEP][PASSED] - Statement - groupStoresList[i] = storesLabel.get(i).getText(): null

2018-07-05 20:40:07 - [TEST_STEP][PASSED] - Statement - StoresCBList1.get(i).click(): null

2018-07-05 20:40:07 - [TEST_STEP][PASSED] - Statement - groupStoresList[i] = storesLabel.get(i).getText(): null

2018-07-05 20:40:07 - [TEST_STEP][PASSED] - Statement - StoresCBList1.get(i).click(): null

2018-07-05 20:40:07 - [TEST_STEP][PASSED] - Statement - groupStoresList[i] = storesLabel.get(i).getText(): null

2018-07-05 20:40:07 - [TEST_STEP][PASSED] - Statement - StoresCBList1.get(i).click(): null

2018-07-05 20:40:07 - [TEST_STEP][PASSED] - Statement - groupStoresList[i] = storesLabel.get(i).getText(): null

2018-07-05 20:40:07 - [TEST_STEP][PASSED] - Statement - StoresCBList1.get(i).click(): null

2018-07-05 20:40:07 - [TEST_STEP][PASSED] - Statement - groupStoresList[i] = storesLabel.get(i).getText(): null

2018-07-05 20:40:07 - [TEST_STEP][PASSED] - Statement - StoresCBList1.get(i).click(): null

2018-07-05 20:40:07 - [TEST_STEP][PASSED] - Statement - groupStoresList[i] = storesLabel.get(i).getText(): null

2018-07-05 20:40:07 - [TEST_STEP][PASSED] - Statement - StoresCBList1.get(i).click(): null

2018-07-05 20:40:07 - [TEST_STEP][PASSED] - Statement - groupStoresList[i] = storesLabel.get(i).getText(): null

2018-07-05 20:40:07 - [TEST_STEP][PASSED] - Statement - StoresCBList1.get(i).click(): null

2018-07-05 20:40:07 - [TEST_STEP][PASSED] - Statement - groupStoresList[i] = storesLabel.get(i).getText(): null

2018-07-05 20:40:07 - [TEST_STEP][PASSED] - Statement - StoresCBList1.get(i).click(): null

2018-07-05 20:40:07 - [TEST_STEP][PASSED] - Statement - groupStoresList[i] = storesLabel.get(i).getText(): null

2018-07-05 20:40:07 - [TEST_STEP][PASSED] - Statement - StoresCBList1.get(i).click(): null

2018-07-05 20:40:07 - [TEST_STEP][PASSED] - Statement - groupStoresList[i] = storesLabel.get(i).getText(): null

2018-07-05 20:40:07 - [TEST_STEP][PASSED] - Statement - StoresCBList1.get(i).click(): null

2018-07-05 20:40:07 - [TEST_STEP][PASSED] - Statement - groupStoresList[i] = storesLabel.get(i).getText(): null

2018-07-05 20:40:07 - [TEST_STEP][PASSED] - Statement - StoresCBList1.get(i).click(): null

2018-07-05 20:40:07 - [TEST_STEP][PASSED] - Statement - groupStoresList[i] = storesLabel.get(i).getText(): null

2018-07-05 20:40:07 - [TEST_STEP][PASSED] - Statement - StoresCBList1.get(i).click(): null

2018-07-05 20:40:07 - [TEST_STEP][PASSED] - Statement - groupStoresList[i] = storesLabel.get(i).getText(): null

2018-07-05 20:40:07 - [TEST_STEP][PASSED] - Statement - StoresCBList1.get(i).click(): null

2018-07-05 20:40:07 - [TEST_STEP][PASSED] - Statement - groupStoresList[i] = storesLabel.get(i).getText(): null

2018-07-05 20:40:08 - [TEST_STEP][PASSED] - Statement - StoresCBList1.get(i).click(): null

2018-07-05 20:40:08 - [TEST_STEP][PASSED] - Statement - groupStoresList[i] = storesLabel.get(i).getText(): null

2018-07-05 20:40:08 - [TEST_STEP][PASSED] - Statement - StoresCBList1.get(i).click(): null

2018-07-05 20:40:08 - [TEST_STEP][PASSED] - Statement - groupStoresList[i] = storesLabel.get(i).getText(): null

2018-07-05 20:40:08 - [TEST_STEP][PASSED] - Statement - StoresCBList1.get(i).click(): null

2018-07-05 20:40:08 - [TEST_STEP][PASSED] - Statement - groupStoresList[i] = storesLabel.get(i).getText(): null

2018-07-05 20:40:08 - [TEST_STEP][PASSED] - Statement - StoresCBList1.get(i).click(): null

2018-07-05 20:40:08 - [TEST_STEP][PASSED] - Statement - groupStoresList[i] = storesLabel.get(i).getText(): null

2018-07-05 20:40:08 - [TEST_STEP][PASSED] - Statement - StoresCBList1.get(i).click(): null

2018-07-05 20:40:08 - [TEST_STEP][PASSED] - Statement - groupStoresList[i] = storesLabel.get(i).getText(): null

2018-07-05 20:40:08 - [TEST_STEP][PASSED] - Statement - StoresCBList1.get(i).click(): null

2018-07-05 20:40:08 - [TEST_STEP][PASSED] - Statement - groupStoresList[i] = storesLabel.get(i).getText(): null

2018-07-05 20:40:08 - [TEST_STEP][PASSED] - Statement - StoresCBList1.get(i).click(): null

2018-07-05 20:40:08 - [TEST_STEP][PASSED] - Statement - groupStoresList[i] = storesLabel.get(i).getText(): null

2018-07-05 20:40:08 - [TEST_STEP][PASSED] - Statement - StoresCBList1.get(i).click(): null

2018-07-05 20:40:08 - [TEST_STEP][PASSED] - Statement - groupStoresList[i] = storesLabel.get(i).getText(): null

2018-07-05 20:40:08 - [TEST_STEP][PASSED] - Statement - StoresCBList1.get(i).click(): null

2018-07-05 20:40:08 - [TEST_STEP][PASSED] - Statement - groupStoresList[i] = storesLabel.get(i).getText(): null

2018-07-05 20:40:08 - [TEST_STEP][PASSED] - Statement - StoresCBList1.get(i).click(): null

2018-07-05 20:40:08 - [TEST_STEP][PASSED] - Statement - groupStoresList[i] = storesLabel.get(i).getText(): null

2018-07-05 20:40:08 - [TEST_STEP][PASSED] - Statement - StoresCBList1.get(i).click(): null

2018-07-05 20:40:08 - [TEST_STEP][PASSED] - Statement - groupStoresList[i] = storesLabel.get(i).getText(): null

2018-07-05 20:40:08 - [TEST_STEP][PASSED] - Statement - StoresCBList1.get(i).click(): null

2018-07-05 20:40:08 - [TEST_STEP][PASSED] - Statement - groupStoresList[i] = storesLabel.get(i).getText(): null

2018-07-05 20:40:08 - [TEST_STEP][PASSED] - Statement - StoresCBList1.get(i).click(): null

2018-07-05 20:40:08 - [TEST_STEP][PASSED] - Statement - groupStoresList[i] = storesLabel.get(i).getText(): null

2018-07-05 20:40:08 - [TEST_STEP][PASSED] - Statement - StoresCBList1.get(i).click(): null

2018-07-05 20:40:08 - [TEST_STEP][PASSED] - Statement - groupStoresList[i] = storesLabel.get(i).getText(): null

2018-07-05 20:40:08 - [TEST_STEP][PASSED] - Statement - StoresCBList1.get(i).click(): null

2018-07-05 20:40:08 - [TEST_STEP][PASSED] - Statement - groupStoresList[i] = storesLabel.get(i).getText(): null

2018-07-05 20:40:09 - [TEST_STEP][PASSED] - Statement - StoresCBList1.get(i).click(): null

2018-07-05 20:40:09 - [TEST_STEP][PASSED] - Statement - groupStoresList[i] = storesLabel.get(i).getText(): null

2018-07-05 20:40:09 - [TEST_STEP][PASSED] - Statement - StoresCBList1.get(i).click(): null

2018-07-05 20:40:09 - [TEST_STEP][PASSED] - Statement - groupStoresList[i] = storesLabel.get(i).getText(): null

2018-07-05 20:40:09 - [TEST_STEP][PASSED] - Statement - StoresCBList1.get(i).click(): null

2018-07-05 20:40:09 - [TEST_STEP][PASSED] - Statement - groupStoresList[i] = storesLabel.get(i).getText(): null

2018-07-05 20:40:09 - [TEST_STEP][PASSED] - Statement - StoresCBList1.get(i).click(): null

2018-07-05 20:40:09 - [TEST_STEP][PASSED] - Statement - groupStoresList[i] = storesLabel.get(i).getText(): null

2018-07-05 20:40:09 - [TEST_STEP][PASSED] - Statement - StoresCBList1.get(i).click(): null

2018-07-05 20:40:09 - [TEST_STEP][PASSED] - Statement - groupStoresList[i] = storesLabel.get(i).getText(): null

2018-07-05 20:40:09 - [TEST_STEP][PASSED] - Statement - StoresCBList1.get(i).click(): null

2018-07-05 20:40:09 - [TEST_STEP][PASSED] - Statement - groupStoresList[i] = storesLabel.get(i).getText(): null

2018-07-05 20:40:09 - [TEST_STEP][PASSED] - Statement - StoresCBList1.get(i).click(): null

2018-07-05 20:40:09 - [TEST_STEP][PASSED] - Statement - groupStoresList[i] = storesLabel.get(i).getText(): null

2018-07-05 20:40:09 - [TEST_STEP][PASSED] - Statement - StoresCBList1.get(i).click(): null

2018-07-05 20:40:09 - [TEST_STEP][PASSED] - Statement - groupStoresList[i] = storesLabel.get(i).getText(): null

2018-07-05 20:40:09 - [TEST_STEP][PASSED] - Statement - StoresCBList1.get(i).click(): null

2018-07-05 20:40:09 - [TEST_STEP][PASSED] - Statement - groupStoresList[i] = storesLabel.get(i).getText(): null

2018-07-05 20:40:09 - [TEST_STEP][PASSED] - Statement - StoresCBList1.get(i).click(): null

2018-07-05 20:40:09 - [TEST_STEP][PASSED] - Statement - groupStoresList[i] = storesLabel.get(i).getText(): null

2018-07-05 20:40:09 - [TEST_STEP][PASSED] - Statement - StoresCBList1.get(i).click(): null

2018-07-05 20:40:09 - [TEST_STEP][PASSED] - Statement - groupStoresList[i] = storesLabel.get(i).getText(): null

2018-07-05 20:40:09 - [TEST_STEP][PASSED] - Statement - StoresCBList1.get(i).click(): null

2018-07-05 20:40:09 - [TEST_STEP][PASSED] - Statement - groupStoresList[i] = storesLabel.get(i).getText(): null

2018-07-05 20:40:09 - [TEST_STEP][PASSED] - Statement - StoresCBList1.get(i).click(): null

2018-07-05 20:40:09 - [TEST_STEP][PASSED] - Statement - groupStoresList[i] = storesLabel.get(i).getText(): null

2018-07-05 20:40:09 - [TEST_STEP][PASSED] - Statement - StoresCBList1.get(i).click(): null

2018-07-05 20:40:09 - [TEST_STEP][PASSED] - Statement - groupStoresList[i] = storesLabel.get(i).getText(): null

2018-07-05 20:40:09 - [TEST_STEP][PASSED] - Statement - StoresCBList1.get(i).click(): null

2018-07-05 20:40:09 - [TEST_STEP][PASSED] - Statement - groupStoresList[i] = storesLabel.get(i).getText(): null

2018-07-05 20:40:09 - [TEST_STEP][PASSED] - Statement - StoresCBList1.get(i).click(): null

2018-07-05 20:40:10 - [TEST_STEP][PASSED] - Statement - groupStoresList[i] = storesLabel.get(i).getText(): null

2018-07-05 20:40:10 - [TEST_STEP][PASSED] - Statement - StoresCBList1.get(i).click(): null

2018-07-05 20:40:10 - [TEST_STEP][PASSED] - Statement - groupStoresList[i] = storesLabel.get(i).getText(): null

2018-07-05 20:40:10 - [TEST_STEP][PASSED] - Statement - StoresCBList1.get(i).click(): null

2018-07-05 20:40:10 - [TEST_STEP][PASSED] - Statement - groupStoresList[i] = storesLabel.get(i).getText(): null

2018-07-05 20:40:10 - [TEST_STEP][PASSED] - Statement - StoresCBList1.get(i).click(): null

2018-07-05 20:40:10 - [TEST_STEP][PASSED] - Statement - groupStoresList[i] = storesLabel.get(i).getText(): null

2018-07-05 20:40:10 - [TEST_STEP][PASSED] - Statement - StoresCBList1.get(i).click(): null

2018-07-05 20:40:10 - [TEST_STEP][PASSED] - Statement - groupStoresList[i] = storesLabel.get(i).getText(): null

2018-07-05 20:40:10 - [TEST_STEP][PASSED] - Statement - StoresCBList1.get(i).click(): null

2018-07-05 20:40:10 - [TEST_STEP][PASSED] - Statement - groupStoresList[i] = storesLabel.get(i).getText(): null

2018-07-05 20:40:10 - [TEST_STEP][PASSED] - Statement - StoresCBList1.get(i).click(): null

2018-07-05 20:40:10 - [TEST_STEP][PASSED] - Statement - groupStoresList[i] = storesLabel.get(i).getText(): null

2018-07-05 20:40:10 - [TEST_STEP][PASSED] - Statement - StoresCBList1.get(i).click(): null

2018-07-05 20:40:10 - [TEST_STEP][PASSED] - Statement - groupStoresList[i] = storesLabel.get(i).getText(): null

2018-07-05 20:40:10 - [TEST_STEP][PASSED] - Statement - StoresCBList1.get(i).click(): null

2018-07-05 20:40:10 - [TEST_STEP][PASSED] - Statement - groupStoresList[i] = storesLabel.get(i).getText(): null

2018-07-05 20:40:10 - [TEST_STEP][PASSED] - Statement - StoresCBList1.get(i).click(): null

2018-07-05 20:40:10 - [TEST_STEP][PASSED] - Statement - groupStoresList[i] = storesLabel.get(i).getText(): null

2018-07-05 20:40:10 - [TEST_STEP][PASSED] - Statement - StoresCBList1.get(i).click(): null

2018-07-05 20:40:10 - [TEST_STEP][PASSED] - Statement - groupStoresList[i] = storesLabel.get(i).getText(): null

2018-07-05 20:40:10 - [TEST_STEP][PASSED] - Statement - StoresCBList1.get(i).click(): null

2018-07-05 20:40:10 - [TEST_STEP][PASSED] - Statement - groupStoresList[i] = storesLabel.get(i).getText(): null

2018-07-05 20:40:10 - [TEST_STEP][PASSED] - Statement - StoresCBList1.get(i).click(): null

2018-07-05 20:40:10 - [TEST_STEP][PASSED] - Statement - groupStoresList[i] = storesLabel.get(i).getText(): null

2018-07-05 20:40:10 - [TEST_STEP][PASSED] - Statement - StoresCBList1.get(i).click(): null

2018-07-05 20:40:10 - [TEST_STEP][PASSED] - Statement - groupStoresList[i] = storesLabel.get(i).getText(): null

2018-07-05 20:40:10 - [TEST_STEP][PASSED] - Statement - StoresCBList1.get(i).click(): null

2018-07-05 20:40:10 - [TEST_STEP][PASSED] - Statement - groupStoresList[i] = storesLabel.get(i).getText(): null

2018-07-05 20:40:10 - [TEST_STEP][PASSED] - Statement - StoresCBList1.get(i).click(): null

2018-07-05 20:40:11 - [TEST_STEP][PASSED] - Statement - groupStoresList[i] = storesLabel.get(i).getText(): null

2018-07-05 20:40:11 - [TEST_STEP][PASSED] - Statement - StoresCBList1.get(i).click(): null

2018-07-05 20:40:11 - [TEST_STEP][PASSED] - Statement - groupStoresList[i] = storesLabel.get(i).getText(): null

2018-07-05 20:40:11 - [TEST_STEP][PASSED] - Statement - StoresCBList1.get(i).click(): null

2018-07-05 20:40:11 - [TEST_STEP][PASSED] - Statement - groupStoresList[i] = storesLabel.get(i).getText(): null

2018-07-05 20:40:11 - [TEST_STEP][PASSED] - Statement - StoresCBList1.get(i).click(): null

2018-07-05 20:40:11 - [TEST_STEP][PASSED] - Statement - groupStoresList[i] = storesLabel.get(i).getText(): null

2018-07-05 20:40:11 - [TEST_STEP][PASSED] - Statement - StoresCBList1.get(i).click(): null

2018-07-05 20:40:11 - [TEST_STEP][PASSED] - Statement - groupStoresList[i] = storesLabel.get(i).getText(): null

2018-07-05 20:40:11 - [TEST_STEP][PASSED] - Statement - StoresCBList1.get(i).click(): null

2018-07-05 20:40:11 - [TEST_STEP][PASSED] - Statement - groupStoresList[i] = storesLabel.get(i).getText(): null

2018-07-05 20:40:11 - [TEST_STEP][PASSED] - Statement - StoresCBList1.get(i).click(): null

2018-07-05 20:40:11 - [TEST_STEP][PASSED] - Statement - groupStoresList[i] = storesLabel.get(i).getText(): null

2018-07-05 20:40:11 - [TEST_STEP][PASSED] - Statement - StoresCBList1.get(i).click(): null

2018-07-05 20:40:11 - [TEST_STEP][PASSED] - Statement - groupStoresList[i] = storesLabel.get(i).getText(): null

2018-07-05 20:40:11 - [TEST_STEP][PASSED] - Statement - StoresCBList1.get(i).click(): null

2018-07-05 20:40:11 - [TEST_STEP][PASSED] - Statement - groupStoresList[i] = storesLabel.get(i).getText(): null

2018-07-05 20:40:11 - [TEST_STEP][PASSED] - Statement - StoresCBList1.get(i).click(): null

2018-07-05 20:40:11 - [TEST_STEP][PASSED] - Statement - groupStoresList[i] = storesLabel.get(i).getText(): null

2018-07-05 20:40:11 - [TEST_STEP][PASSED] - Statement - StoresCBList1.get(i).click(): null

2018-07-05 20:40:11 - [TEST_STEP][PASSED] - Statement - groupStoresList[i] = storesLabel.get(i).getText(): null

2018-07-05 20:40:11 - [TEST_STEP][PASSED] - Statement - StoresCBList1.get(i).click(): null

2018-07-05 20:40:11 - [TEST_STEP][PASSED] - Statement - groupStoresList[i] = storesLabel.get(i).getText(): null

2018-07-05 20:40:11 - [TEST_STEP][PASSED] - Statement - StoresCBList1.get(i).click(): null

2018-07-05 20:40:11 - [TEST_STEP][PASSED] - Statement - groupStoresList[i] = storesLabel.get(i).getText(): null

2018-07-05 20:40:11 - [TEST_STEP][PASSED] - Statement - StoresCBList1.get(i).click(): null

2018-07-05 20:40:11 - [TEST_STEP][PASSED] - Statement - groupStoresList[i] = storesLabel.get(i).getText(): null

2018-07-05 20:40:11 - [TEST_STEP][PASSED] - Statement - StoresCBList1.get(i).click(): null

2018-07-05 20:40:11 - [TEST_STEP][PASSED] - Statement - groupStoresList[i] = storesLabel.get(i).getText(): null

2018-07-05 20:40:11 - [TEST_STEP][PASSED] - Statement - StoresCBList1.get(i).click(): null

2018-07-05 20:40:11 - [TEST_STEP][PASSED] - Statement - groupStoresList[i] = storesLabel.get(i).getText(): null

2018-07-05 20:40:12 - [TEST_STEP][PASSED] - Statement - StoresCBList1.get(i).click(): null

2018-07-05 20:40:12 - [TEST_STEP][PASSED] - Statement - groupStoresList[i] = storesLabel.get(i).getText(): null

2018-07-05 20:40:12 - [TEST_STEP][PASSED] - Statement - StoresCBList1.get(i).click(): null

2018-07-05 20:40:12 - [TEST_STEP][PASSED] - Statement - groupStoresList[i] = storesLabel.get(i).getText(): null

2018-07-05 20:40:12 - [TEST_STEP][PASSED] - Statement - StoresCBList1.get(i).click(): null

2018-07-05 20:40:12 - [TEST_STEP][PASSED] - Statement - groupStoresList[i] = storesLabel.get(i).getText(): null

2018-07-05 20:40:12 - [TEST_STEP][PASSED] - Statement - StoresCBList1.get(i).click(): null

2018-07-05 20:40:12 - [TEST_STEP][PASSED] - Statement - groupStoresList[i] = storesLabel.get(i).getText(): null

2018-07-05 20:40:12 - [TEST_STEP][PASSED] - Statement - StoresCBList1.get(i).click(): null

2018-07-05 20:40:12 - [TEST_STEP][PASSED] - Statement - groupStoresList[i] = storesLabel.get(i).getText(): null

2018-07-05 20:40:12 - [TEST_STEP][PASSED] - Statement - StoresCBList1.get(i).click(): null

2018-07-05 20:40:12 - [TEST_STEP][PASSED] - Statement - groupStoresList[i] = storesLabel.get(i).getText(): null

2018-07-05 20:40:12 - [TEST_STEP][PASSED] - Statement - StoresCBList1.get(i).click(): null

2018-07-05 20:40:12 - [TEST_STEP][PASSED] - Statement - groupStoresList[i] = storesLabel.get(i).getText(): null

2018-07-05 20:40:12 - [TEST_STEP][PASSED] - Statement - StoresCBList1.get(i).click(): null

2018-07-05 20:40:12 - [TEST_STEP][PASSED] - Statement - groupStoresList[i] = storesLabel.get(i).getText(): null

2018-07-05 20:40:12 - [TEST_STEP][PASSED] - Statement - StoresCBList1.get(i).click(): null

2018-07-05 20:40:12 - [TEST_STEP][PASSED] - Statement - groupStoresList[i] = storesLabel.get(i).getText(): null

2018-07-05 20:40:12 - [TEST_STEP][PASSED] - Statement - StoresCBList1.get(i).click(): null

2018-07-05 20:40:12 - [TEST_STEP][PASSED] - Statement - groupStoresList[i] = storesLabel.get(i).getText(): null

2018-07-05 20:40:12 - [TEST_STEP][PASSED] - Statement - StoresCBList1.get(i).click(): null

2018-07-05 20:40:12 - [TEST_STEP][PASSED] - Statement - groupStoresList[i] = storesLabel.get(i).getText(): null

2018-07-05 20:40:12 - [TEST_STEP][PASSED] - Statement - StoresCBList1.get(i).click(): null

2018-07-05 20:40:12 - [TEST_STEP][PASSED] - Statement - groupStoresList[i] = storesLabel.get(i).getText(): null

2018-07-05 20:40:12 - [TEST_STEP][PASSED] - Statement - StoresCBList1.get(i).click(): null

2018-07-05 20:40:12 - [TEST_STEP][PASSED] - Statement - groupStoresList[i] = storesLabel.get(i).getText(): null

2018-07-05 20:40:12 - [TEST_STEP][PASSED] - Statement - StoresCBList1.get(i).click(): null

2018-07-05 20:40:12 - [TEST_STEP][PASSED] - Statement - groupStoresList[i] = storesLabel.get(i).getText(): null

2018-07-05 20:40:12 - [TEST_STEP][PASSED] - Statement - StoresCBList1.get(i).click(): null

2018-07-05 20:40:13 - [TEST_STEP][PASSED] - Statement - groupStoresList[i] = storesLabel.get(i).getText(): null

2018-07-05 20:40:13 - [TEST_STEP][PASSED] - Statement - StoresCBList1.get(i).click(): null

2018-07-05 20:40:13 - [TEST_STEP][PASSED] - Statement - groupStoresList[i] = storesLabel.get(i).getText(): null

2018-07-05 20:40:13 - [TEST_STEP][PASSED] - Statement - StoresCBList1.get(i).click(): null

2018-07-05 20:40:13 - [TEST_STEP][PASSED] - Statement - groupStoresList[i] = storesLabel.get(i).getText(): null

2018-07-05 20:40:13 - [TEST_STEP][PASSED] - Statement - StoresCBList1.get(i).click(): null

2018-07-05 20:40:13 - [TEST_STEP][PASSED] - Statement - groupStoresList[i] = storesLabel.get(i).getText(): null

2018-07-05 20:40:13 - [TEST_STEP][PASSED] - Statement - StoresCBList1.get(i).click(): null

2018-07-05 20:40:13 - [TEST_STEP][PASSED] - Statement - groupStoresList[i] = storesLabel.get(i).getText(): null

2018-07-05 20:40:13 - [TEST_STEP][PASSED] - Statement - StoresCBList1.get(i).click(): null

2018-07-05 20:40:13 - [TEST_STEP][PASSED] - Statement - groupStoresList[i] = storesLabel.get(i).getText(): null

2018-07-05 20:40:13 - [TEST_STEP][PASSED] - Statement - StoresCBList1.get(i).click(): null

2018-07-05 20:40:13 - [TEST_STEP][PASSED] - Statement - groupStoresList[i] = storesLabel.get(i).getText(): null

2018-07-05 20:40:13 - [TEST_STEP][PASSED] - Statement - StoresCBList1.get(i).click(): null

2018-07-05 20:40:13 - [TEST_STEP][PASSED] - Statement - groupStoresList[i] = storesLabel.get(i).getText(): null

2018-07-05 20:40:13 - [TEST_STEP][PASSED] - Statement - StoresCBList1.get(i).click(): null

2018-07-05 20:40:13 - [TEST_STEP][PASSED] - Statement - groupStoresList[i] = storesLabel.get(i).getText(): null

2018-07-05 20:40:13 - [TEST_STEP][PASSED] - Statement - StoresCBList1.get(i).click(): null

2018-07-05 20:40:13 - [TEST_STEP][PASSED] - Statement - groupStoresList[i] = storesLabel.get(i).getText(): null

2018-07-05 20:40:13 - [TEST_STEP][PASSED] - Statement - StoresCBList1.get(i).click(): null

2018-07-05 20:40:13 - [TEST_STEP][PASSED] - Statement - groupStoresList[i] = storesLabel.get(i).getText(): null

2018-07-05 20:40:13 - [TEST_STEP][PASSED] - Statement - StoresCBList1.get(i).click(): null

2018-07-05 20:40:13 - [TEST_STEP][PASSED] - Statement - groupStoresList[i] = storesLabel.get(i).getText(): null

2018-07-05 20:40:13 - [TEST_STEP][PASSED] - Statement - StoresCBList1.get(i).click(): null

2018-07-05 20:40:13 - [TEST_STEP][PASSED] - Statement - groupStoresList[i] = storesLabel.get(i).getText(): null

2018-07-05 20:40:13 - [TEST_STEP][PASSED] - Statement - StoresCBList1.get(i).click(): null

2018-07-05 20:40:13 - [TEST_STEP][PASSED] - Statement - groupStoresList[i] = storesLabel.get(i).getText(): null

2018-07-05 20:40:13 - [TEST_STEP][PASSED] - Statement - StoresCBList1.get(i).click(): null

2018-07-05 20:40:13 - [TEST_STEP][PASSED] - Statement - groupStoresList[i] = storesLabel.get(i).getText(): null

2018-07-05 20:40:13 - [TEST_STEP][PASSED] - Statement - StoresCBList1.get(i).click(): null

2018-07-05 20:40:14 - [TEST_STEP][PASSED] - Statement - groupStoresList[i] = storesLabel.get(i).getText(): null

2018-07-05 20:40:14 - [TEST_STEP][PASSED] - Statement - StoresCBList1.get(i).click(): null

2018-07-05 20:40:14 - [TEST_STEP][PASSED] - Statement - groupStoresList[i] = storesLabel.get(i).getText(): null

2018-07-05 20:40:14 - [TEST_STEP][PASSED] - Statement - StoresCBList1.get(i).click(): null

2018-07-05 20:40:14 - [TEST_STEP][PASSED] - Statement - groupStoresList[i] = storesLabel.get(i).getText(): null

2018-07-05 20:40:14 - [TEST_STEP][PASSED] - Statement - StoresCBList1.get(i).click(): null

2018-07-05 20:40:14 - [TEST_STEP][PASSED] - Statement - groupStoresList[i] = storesLabel.get(i).getText(): null

2018-07-05 20:40:14 - [TEST_STEP][PASSED] - Statement - StoresCBList1.get(i).click(): null

2018-07-05 20:40:14 - [TEST_STEP][PASSED] - Statement - groupStoresList[i] = storesLabel.get(i).getText(): null

2018-07-05 20:40:14 - [TEST_STEP][PASSED] - Statement - StoresCBList1.get(i).click(): null

2018-07-05 20:40:14 - [TEST_STEP][PASSED] - Statement - groupStoresList[i] = storesLabel.get(i).getText(): null

2018-07-05 20:40:14 - [TEST_STEP][PASSED] - Statement - StoresCBList1.get(i).click(): null

2018-07-05 20:40:14 - [TEST_STEP][PASSED] - Statement - groupStoresList[i] = storesLabel.get(i).getText(): null

2018-07-05 20:40:14 - [TEST_STEP][PASSED] - Statement - StoresCBList1.get(i).click(): null

2018-07-05 20:40:14 - [TEST_STEP][PASSED] - Statement - groupStoresList[i] = storesLabel.get(i).getText(): null

2018-07-05 20:40:14 - [TEST_STEP][PASSED] - Statement - StoresCBList1.get(i).click(): null

2018-07-05 20:40:14 - [TEST_STEP][PASSED] - Statement - groupStoresList[i] = storesLabel.get(i).getText(): null

2018-07-05 20:40:14 - [TEST_STEP][PASSED] - Statement - StoresCBList1.get(i).click(): null

2018-07-05 20:40:14 - [TEST_STEP][PASSED] - Statement - groupStoresList[i] = storesLabel.get(i).getText(): null

2018-07-05 20:40:14 - [TEST_STEP][PASSED] - Statement - StoresCBList1.get(i).click(): null

2018-07-05 20:40:14 - [TEST_STEP][PASSED] - Statement - groupStoresList[i] = storesLabel.get(i).getText(): null

2018-07-05 20:40:14 - [TEST_STEP][PASSED] - Statement - StoresCBList1.get(i).click(): null

2018-07-05 20:40:14 - [TEST_STEP][PASSED] - Statement - groupStoresList[i] = storesLabel.get(i).getText(): null

2018-07-05 20:40:14 - [TEST_STEP][PASSED] - Statement - StoresCBList1.get(i).click(): null

2018-07-05 20:40:14 - [TEST_STEP][PASSED] - Statement - groupStoresList[i] = storesLabel.get(i).getText(): null

2018-07-05 20:40:14 - [TEST_STEP][PASSED] - Statement - StoresCBList1.get(i).click(): null

2018-07-05 20:40:14 - [TEST_STEP][PASSED] - Statement - groupStoresList[i] = storesLabel.get(i).getText(): null

2018-07-05 20:40:14 - [TEST_STEP][PASSED] - Statement - StoresCBList1.get(i).click(): null

2018-07-05 20:40:14 - [TEST_STEP][PASSED] - Statement - groupStoresList[i] = storesLabel.get(i).getText(): null

2018-07-05 20:40:14 - [TEST_STEP][PASSED] - Statement - StoresCBList1.get(i).click(): null

2018-07-05 20:40:15 - [TEST_STEP][PASSED] - Statement - groupStoresList[i] = storesLabel.get(i).getText(): null

2018-07-05 20:40:15 - [TEST_STEP][PASSED] - Statement - StoresCBList1.get(i).click(): null

2018-07-05 20:40:15 - [TEST_STEP][PASSED] - Statement - groupStoresList[i] = storesLabel.get(i).getText(): null

2018-07-05 20:40:15 - [TEST_STEP][PASSED] - Statement - StoresCBList1.get(i).click(): null

2018-07-05 20:40:15 - [TEST_STEP][PASSED] - Statement - groupStoresList[i] = storesLabel.get(i).getText(): null

2018-07-05 20:40:15 - [TEST_STEP][PASSED] - Statement - StoresCBList1.get(i).click(): null

2018-07-05 20:40:15 - [TEST_STEP][PASSED] - Statement - groupStoresList[i] = storesLabel.get(i).getText(): null

2018-07-05 20:40:15 - [TEST_STEP][PASSED] - Statement - StoresCBList1.get(i).click(): null

2018-07-05 20:40:15 - [TEST_STEP][PASSED] - Statement - groupStoresList[i] = storesLabel.get(i).getText(): null

2018-07-05 20:40:15 - [TEST_STEP][PASSED] - Statement - StoresCBList1.get(i).click(): null

2018-07-05 20:40:15 - [TEST_STEP][PASSED] - Statement - groupStoresList[i] = storesLabel.get(i).getText(): null

2018-07-05 20:40:15 - [TEST_STEP][PASSED] - Statement - StoresCBList1.get(i).click(): null

2018-07-05 20:40:15 - [TEST_STEP][PASSED] - Statement - groupStoresList[i] = storesLabel.get(i).getText(): null

2018-07-05 20:40:15 - [TEST_STEP][PASSED] - Statement - StoresCBList1.get(i).click(): null

2018-07-05 20:40:15 - [TEST_STEP][PASSED] - Statement - groupStoresList[i] = storesLabel.get(i).getText(): null

2018-07-05 20:40:15 - [TEST_STEP][PASSED] - Statement - StoresCBList1.get(i).click(): null

2018-07-05 20:40:15 - [TEST_STEP][PASSED] - Statement - groupStoresList[i] = storesLabel.get(i).getText(): null

2018-07-05 20:40:15 - [TEST_STEP][PASSED] - Statement - StoresCBList1.get(i).click(): null

2018-07-05 20:40:15 - [TEST_STEP][PASSED] - Statement - groupStoresList[i] = storesLabel.get(i).getText(): null

2018-07-05 20:40:15 - [TEST_STEP][PASSED] - Statement - StoresCBList1.get(i).click(): null

2018-07-05 20:40:15 - [TEST_STEP][PASSED] - Statement - groupStoresList[i] = storesLabel.get(i).getText(): null

2018-07-05 20:40:15 - [TEST_STEP][PASSED] - Statement - StoresCBList1.get(i).click(): null

2018-07-05 20:40:15 - [TEST_STEP][PASSED] - Statement - groupStoresList[i] = storesLabel.get(i).getText(): null

2018-07-05 20:40:15 - [TEST_STEP][PASSED] - Statement - StoresCBList1.get(i).click(): null

2018-07-05 20:40:15 - [TEST_STEP][PASSED] - Statement - groupStoresList[i] = storesLabel.get(i).getText(): null

2018-07-05 20:40:15 - [TEST_STEP][PASSED] - Statement - StoresCBList1.get(i).click(): null

2018-07-05 20:40:15 - [TEST_STEP][PASSED] - Statement - groupStoresList[i] = storesLabel.get(i).getText(): null

2018-07-05 20:40:15 - [TEST_STEP][PASSED] - Statement - StoresCBList1.get(i).click(): null

2018-07-05 20:40:15 - [TEST_STEP][PASSED] - Statement - groupStoresList[i] = storesLabel.get(i).getText(): null

2018-07-05 20:40:15 - [TEST_STEP][PASSED] - Statement - StoresCBList1.get(i).click(): null

2018-07-05 20:40:16 - [TEST_STEP][PASSED] - Statement - groupStoresList[i] = storesLabel.get(i).getText(): null

2018-07-05 20:40:16 - [TEST_STEP][PASSED] - Statement - StoresCBList1.get(i).click(): null

2018-07-05 20:40:16 - [TEST_STEP][PASSED] - Statement - groupStoresList[i] = storesLabel.get(i).getText(): null

2018-07-05 20:40:16 - [TEST_STEP][PASSED] - Statement - StoresCBList1.get(i).click(): null

2018-07-05 20:40:16 - [TEST_STEP][PASSED] - Statement - groupStoresList[i] = storesLabel.get(i).getText(): null

2018-07-05 20:40:16 - [TEST_STEP][PASSED] - Statement - StoresCBList1.get(i).click(): null

2018-07-05 20:40:16 - [TEST_STEP][PASSED] - Statement - groupStoresList[i] = storesLabel.get(i).getText(): null

2018-07-05 20:40:16 - [TEST_STEP][PASSED] - Statement - StoresCBList1.get(i).click(): null

2018-07-05 20:40:16 - [TEST_STEP][PASSED] - Statement - groupStoresList[i] = storesLabel.get(i).getText(): null

2018-07-05 20:40:16 - [TEST_STEP][PASSED] - Statement - StoresCBList1.get(i).click(): null

2018-07-05 20:40:16 - [TEST_STEP][PASSED] - Statement - groupStoresList[i] = storesLabel.get(i).getText(): null

2018-07-05 20:40:16 - [TEST_STEP][PASSED] - Statement - StoresCBList1.get(i).click(): null

2018-07-05 20:40:16 - [TEST_STEP][PASSED] - Statement - groupStoresList[i] = storesLabel.get(i).getText(): null

2018-07-05 20:40:16 - [TEST_STEP][PASSED] - Statement - StoresCBList1.get(i).click(): null

2018-07-05 20:40:16 - [TEST_STEP][PASSED] - Statement - groupStoresList[i] = storesLabel.get(i).getText(): null

2018-07-05 20:40:16 - [TEST_STEP][PASSED] - Statement - StoresCBList1.get(i).click(): null

2018-07-05 20:40:16 - [TEST_STEP][PASSED] - Statement - groupStoresList[i] = storesLabel.get(i).getText(): null

2018-07-05 20:40:16 - [TEST_STEP][PASSED] - Statement - StoresCBList1.get(i).click(): null

2018-07-05 20:40:16 - [TEST_STEP][PASSED] - Statement - groupStoresList[i] = storesLabel.get(i).getText(): null

2018-07-05 20:40:16 - [TEST_STEP][PASSED] - Statement - StoresCBList1.get(i).click(): null

2018-07-05 20:40:16 - [TEST_STEP][PASSED] - Statement - groupStoresList[i] = storesLabel.get(i).getText(): null

2018-07-05 20:40:16 - [TEST_STEP][PASSED] - Statement - StoresCBList1.get(i).click(): null

2018-07-05 20:40:16 - [TEST_STEP][PASSED] - Statement - groupStoresList[i] = storesLabel.get(i).getText(): null

2018-07-05 20:40:16 - [TEST_STEP][PASSED] - Statement - StoresCBList1.get(i).click(): null

2018-07-05 20:40:16 - [TEST_STEP][PASSED] - Statement - groupStoresList[i] = storesLabel.get(i).getText(): null

2018-07-05 20:40:16 - [TEST_STEP][PASSED] - Statement - StoresCBList1.get(i).click(): null

2018-07-05 20:40:16 - [TEST_STEP][PASSED] - Statement - groupStoresList[i] = storesLabel.get(i).getText(): null

2018-07-05 20:40:16 - [TEST_STEP][PASSED] - Statement - StoresCBList1.get(i).click(): null

2018-07-05 20:40:16 - [TEST_STEP][PASSED] - Statement - groupStoresList[i] = storesLabel.get(i).getText(): null

2018-07-05 20:40:16 - [TEST_STEP][PASSED] - Statement - StoresCBList1.get(i).click(): null

2018-07-05 20:40:17 - [TEST_STEP][PASSED] - Statement - groupStoresList[i] = storesLabel.get(i).getText(): null

2018-07-05 20:40:17 - [TEST_STEP][PASSED] - Statement - StoresCBList1.get(i).click(): null

2018-07-05 20:40:17 - [TEST_STEP][PASSED] - Statement - groupStoresList[i] = storesLabel.get(i).getText(): null

2018-07-05 20:40:17 - [TEST_STEP][PASSED] - Statement - StoresCBList1.get(i).click(): null

2018-07-05 20:40:17 - [TEST_STEP][PASSED] - Statement - groupStoresList[i] = storesLabel.get(i).getText(): null

2018-07-05 20:40:17 - [TEST_STEP][PASSED] - Statement - StoresCBList1.get(i).click(): null

2018-07-05 20:40:17 - [TEST_STEP][PASSED] - Statement - groupStoresList[i] = storesLabel.get(i).getText(): null

2018-07-05 20:40:17 - [TEST_STEP][PASSED] - Statement - StoresCBList1.get(i).click(): null

2018-07-05 20:40:17 - [TEST_STEP][PASSED] - Statement - groupStoresList[i] = storesLabel.get(i).getText(): null

2018-07-05 20:40:17 - [TEST_STEP][PASSED] - Statement - StoresCBList1.get(i).click(): null

2018-07-05 20:40:17 - [TEST_STEP][PASSED] - Statement - groupStoresList[i] = storesLabel.get(i).getText(): null

2018-07-05 20:40:17 - [TEST_STEP][PASSED] - Statement - StoresCBList1.get(i).click(): null

2018-07-05 20:40:17 - [TEST_STEP][PASSED] - Statement - groupStoresList[i] = storesLabel.get(i).getText(): null

2018-07-05 20:40:17 - [TEST_STEP][PASSED] - Statement - StoresCBList1.get(i).click(): null

2018-07-05 20:40:17 - [TEST_STEP][PASSED] - Statement - groupStoresList[i] = storesLabel.get(i).getText(): null

2018-07-05 20:40:17 - [TEST_STEP][PASSED] - Statement - StoresCBList1.get(i).click(): null

2018-07-05 20:40:17 - [TEST_STEP][PASSED] - Statement - groupStoresList[i] = storesLabel.get(i).getText(): null

2018-07-05 20:40:17 - [TEST_STEP][PASSED] - Statement - StoresCBList1.get(i).click(): null

2018-07-05 20:40:17 - [TEST_STEP][PASSED] - Statement - groupStoresList[i] = storesLabel.get(i).getText(): null

2018-07-05 20:40:17 - [TEST_STEP][PASSED] - Statement - StoresCBList1.get(i).click(): null

2018-07-05 20:40:17 - [TEST_STEP][PASSED] - Statement - groupStoresList[i] = storesLabel.get(i).getText(): null

2018-07-05 20:40:17 - [TEST_STEP][PASSED] - Statement - StoresCBList1.get(i).click(): null

2018-07-05 20:40:17 - [TEST_STEP][PASSED] - Statement - groupStoresList[i] = storesLabel.get(i).getText(): null

2018-07-05 20:40:17 - [TEST_STEP][PASSED] - Statement - StoresCBList1.get(i).click(): null

2018-07-05 20:40:17 - [TEST_STEP][PASSED] - Statement - groupStoresList[i] = storesLabel.get(i).getText(): null

2018-07-05 20:40:17 - [TEST_STEP][PASSED] - Statement - StoresCBList1.get(i).click(): null

2018-07-05 20:40:17 - [TEST_STEP][PASSED] - Statement - groupStoresList[i] = storesLabel.get(i).getText(): null

2018-07-05 20:40:17 - [TEST_STEP][PASSED] - Statement - StoresCBList1.get(i).click(): null

2018-07-05 20:40:17 - [TEST_STEP][PASSED] - Statement - groupStoresList[i] = storesLabel.get(i).getText(): null

2018-07-05 20:40:17 - [TEST_STEP][PASSED] - Statement - StoresCBList1.get(i).click(): null

2018-07-05 20:40:18 - [TEST_STEP][PASSED] - Statement - groupStoresList[i] = storesLabel.get(i).getText(): null

2018-07-05 20:40:18 - [TEST_STEP][PASSED] - Statement - StoresCBList1.get(i).click(): null

2018-07-05 20:40:18 - [TEST_STEP][PASSED] - Statement - groupStoresList[i] = storesLabel.get(i).getText(): null

2018-07-05 20:40:18 - [TEST_STEP][PASSED] - Statement - StoresCBList1.get(i).click(): null

2018-07-05 20:40:18 - [TEST_STEP][PASSED] - Statement - groupStoresList[i] = storesLabel.get(i).getText(): null

2018-07-05 20:40:18 - [TEST_STEP][PASSED] - Statement - StoresCBList1.get(i).click(): null

2018-07-05 20:40:18 - [TEST_STEP][PASSED] - Statement - groupStoresList[i] = storesLabel.get(i).getText(): null

2018-07-05 20:40:18 - [TEST_STEP][PASSED] - Statement - StoresCBList1.get(i).click(): null

2018-07-05 20:40:18 - [TEST_STEP][PASSED] - Statement - groupStoresList[i] = storesLabel.get(i).getText(): null

2018-07-05 20:40:18 - [TEST_STEP][PASSED] - Statement - StoresCBList1.get(i).click(): null

2018-07-05 20:40:18 - [TEST_STEP][PASSED] - Statement - groupStoresList[i] = storesLabel.get(i).getText(): null

2018-07-05 20:40:18 - [TEST_STEP][PASSED] - Statement - StoresCBList1.get(i).click(): null

2018-07-05 20:40:18 - [TEST_STEP][PASSED] - Statement - groupStoresList[i] = storesLabel.get(i).getText(): null

2018-07-05 20:40:18 - [TEST_STEP][PASSED] - Statement - StoresCBList1.get(i).click(): null

2018-07-05 20:40:18 - [TEST_STEP][PASSED] - Statement - groupStoresList[i] = storesLabel.get(i).getText(): null

2018-07-05 20:40:18 - [TEST_STEP][PASSED] - Statement - StoresCBList1.get(i).click(): null

2018-07-05 20:40:18 - [TEST_STEP][PASSED] - Statement - groupStoresList[i] = storesLabel.get(i).getText(): null

2018-07-05 20:40:18 - [TEST_STEP][PASSED] - Statement - StoresCBList1.get(i).click(): null

2018-07-05 20:40:18 - [TEST_STEP][PASSED] - Statement - groupStoresList[i] = storesLabel.get(i).getText(): null

2018-07-05 20:40:18 - [TEST_STEP][PASSED] - Statement - StoresCBList1.get(i).click(): null

2018-07-05 20:40:18 - [TEST_STEP][PASSED] - Statement - groupStoresList[i] = storesLabel.get(i).getText(): null

2018-07-05 20:40:18 - [TEST_STEP][PASSED] - Statement - StoresCBList1.get(i).click(): null

2018-07-05 20:40:18 - [TEST_STEP][PASSED] - Statement - groupStoresList[i] = storesLabel.get(i).getText(): null

2018-07-05 20:40:18 - [TEST_STEP][PASSED] - Statement - StoresCBList1.get(i).click(): null

2018-07-05 20:40:18 - [TEST_STEP][PASSED] - Statement - groupStoresList[i] = storesLabel.get(i).getText(): null

2018-07-05 20:40:18 - [TEST_STEP][PASSED] - Statement - StoresCBList1.get(i).click(): null

2018-07-05 20:40:18 - [TEST_STEP][PASSED] - Statement - groupStoresList[i] = storesLabel.get(i).getText(): null

2018-07-05 20:40:18 - [TEST_STEP][PASSED] - Statement - StoresCBList1.get(i).click(): null

2018-07-05 20:40:18 - [TEST_STEP][PASSED] - Statement - groupStoresList[i] = storesLabel.get(i).getText(): null

2018-07-05 20:40:18 - [TEST_STEP][PASSED] - Statement - StoresCBList1.get(i).click(): null

2018-07-05 20:40:19 - [TEST_STEP][PASSED] - Statement - groupStoresList[i] = storesLabel.get(i).getText(): null

2018-07-05 20:40:19 - [TEST_STEP][PASSED] - Statement - StoresCBList1.get(i).click(): null

2018-07-05 20:40:19 - [TEST_STEP][PASSED] - Statement - groupStoresList[i] = storesLabel.get(i).getText(): null

2018-07-05 20:40:19 - [TEST_STEP][PASSED] - Statement - StoresCBList1.get(i).click(): null

2018-07-05 20:40:19 - [TEST_STEP][PASSED] - Statement - groupStoresList[i] = storesLabel.get(i).getText(): null

2018-07-05 20:40:19 - [TEST_STEP][PASSED] - Statement - StoresCBList1.get(i).click(): null

2018-07-05 20:40:19 - [TEST_STEP][PASSED] - Statement - groupStoresList[i] = storesLabel.get(i).getText(): null

2018-07-05 20:40:19 - [TEST_STEP][PASSED] - Statement - StoresCBList1.get(i).click(): null

2018-07-05 20:40:19 - [TEST_STEP][PASSED] - Statement - groupStoresList[i] = storesLabel.get(i).getText(): null

2018-07-05 20:40:19 - [TEST_STEP][PASSED] - Statement - StoresCBList1.get(i).click(): null

2018-07-05 20:40:19 - [TEST_STEP][PASSED] - Statement - groupStoresList[i] = storesLabel.get(i).getText(): null

2018-07-05 20:40:19 - [TEST_STEP][PASSED] - Statement - StoresCBList1.get(i).click(): null

2018-07-05 20:40:19 - [TEST_STEP][PASSED] - Statement - groupStoresList[i] = storesLabel.get(i).getText(): null

2018-07-05 20:40:19 - [TEST_STEP][PASSED] - Statement - StoresCBList1.get(i).click(): null

2018-07-05 20:40:19 - [TEST_STEP][PASSED] - Statement - groupStoresList[i] = storesLabel.get(i).getText(): null

2018-07-05 20:40:19 - [TEST_STEP][PASSED] - Statement - StoresCBList1.get(i).click(): null

2018-07-05 20:40:19 - [TEST_STEP][PASSED] - Statement - groupStoresList[i] = storesLabel.get(i).getText(): null

2018-07-05 20:40:19 - [TEST_STEP][PASSED] - Statement - StoresCBList1.get(i).click(): null

2018-07-05 20:40:19 - [TEST_STEP][PASSED] - Statement - groupStoresList[i] = storesLabel.get(i).getText(): null

2018-07-05 20:40:19 - [TEST_STEP][PASSED] - Statement - StoresCBList1.get(i).click(): null

2018-07-05 20:40:19 - [TEST_STEP][PASSED] - Statement - groupStoresList[i] = storesLabel.get(i).getText(): null

2018-07-05 20:40:19 - [TEST_STEP][PASSED] - Statement - StoresCBList1.get(i).click(): null

2018-07-05 20:40:19 - [TEST_STEP][PASSED] - Statement - out.println(groupStoresList): null

2018-07-05 20:40:19 - [TEST_STEP][PASSED] - uiaction.CommonUIActions.click: uiaction.CommonUIActions.click is PASSED

2018-07-05 20:40:19 - [MESSAGE][PASSED] - uiaction.CommonUIActions.click is PASSED

2018-07-05 20:40:19 - [TEST_STEP][PASSED] - delay: Delayed 5 second(s)

2018-07-05 20:40:24 - [MESSAGE][PASSED] - Delayed 5 second(s)

2018-07-05 20:40:24 - [TEST_STEP][PASSED] - Statement - secondStoreListBox1 = driver.findElements(org.openqa.selenium.By.xpath(com.kms.katalon.core.testdata.TestDataFactory.findTestData(OR_file).getValue(2, 11))): Reading excel file with source file 'C:\Users\shalinin\Katalon Studio\HME_DEVScripts\Data Files\HME_OR.xlsx' and sheet name 'Sheet1'

2018-07-05 20:40:24 - [TEST_STEP][PASSED] - Statement - actualList1 = new java.util.ArrayList(): null

2018-07-05 20:40:24 - [TEST_STEP][PASSED] - Statement - For ([i = 0, i < secondStoreListBox1.size(), (i++)]): null

2018-07-05 20:40:24 - [TEST_STEP][PASSED] - Statement - actualList1.add(i, secondStoreListBox1.get(i).getText()): null

2018-07-05 20:40:24 - [TEST_STEP][PASSED] - Statement - actualList1.add(i, secondStoreListBox1.get(i).getText()): null

2018-07-05 20:40:24 - [TEST_STEP][PASSED] - Statement - actualList1.add(i, secondStoreListBox1.get(i).getText()): null

2018-07-05 20:40:25 - [TEST_STEP][PASSED] - Statement - actualList1.add(i, secondStoreListBox1.get(i).getText()): null

2018-07-05 20:40:25 - [TEST_STEP][PASSED] - Statement - actualList1.add(i, secondStoreListBox1.get(i).getText()): null

2018-07-05 20:40:25 - [TEST_STEP][PASSED] - Statement - actualList1.add(i, secondStoreListBox1.get(i).getText()): null

2018-07-05 20:40:25 - [TEST_STEP][PASSED] - Statement - actualList1.add(i, secondStoreListBox1.get(i).getText()): null

2018-07-05 20:40:25 - [TEST_STEP][PASSED] - Statement - actualList1.add(i, secondStoreListBox1.get(i).getText()): null

2018-07-05 20:40:25 - [TEST_STEP][PASSED] - Statement - actualList1.add(i, secondStoreListBox1.get(i).getText()): null

2018-07-05 20:40:25 - [TEST_STEP][PASSED] - Statement - actualList1.add(i, secondStoreListBox1.get(i).getText()): null

2018-07-05 20:40:25 - [TEST_STEP][PASSED] - Statement - actualList1.add(i, secondStoreListBox1.get(i).getText()): null

2018-07-05 20:40:25 - [TEST_STEP][PASSED] - Statement - actualList1.add(i, secondStoreListBox1.get(i).getText()): null

2018-07-05 20:40:25 - [TEST_STEP][PASSED] - Statement - actualList1.add(i, secondStoreListBox1.get(i).getText()): null

2018-07-05 20:40:25 - [TEST_STEP][PASSED] - Statement - actualList1.add(i, secondStoreListBox1.get(i).getText()): null

2018-07-05 20:40:25 - [TEST_STEP][PASSED] - Statement - actualList1.add(i, secondStoreListBox1.get(i).getText()): null

2018-07-05 20:40:25 - [TEST_STEP][PASSED] - Statement - actualList1.add(i, secondStoreListBox1.get(i).getText()): null

2018-07-05 20:40:25 - [TEST_STEP][PASSED] - Statement - actualList1.add(i, secondStoreListBox1.get(i).getText()): null

2018-07-05 20:40:25 - [TEST_STEP][PASSED] - Statement - actualList1.add(i, secondStoreListBox1.get(i).getText()): null

2018-07-05 20:40:25 - [TEST_STEP][PASSED] - Statement - actualList1.add(i, secondStoreListBox1.get(i).getText()): null

2018-07-05 20:40:25 - [TEST_STEP][PASSED] - Statement - actualList1.add(i, secondStoreListBox1.get(i).getText()): null

2018-07-05 20:40:25 - [TEST_STEP][PASSED] - Statement - actualList1.add(i, secondStoreListBox1.get(i).getText()): null

2018-07-05 20:40:25 - [TEST_STEP][PASSED] - Statement - actualList1.add(i, secondStoreListBox1.get(i).getText()): null

2018-07-05 20:40:25 - [TEST_STEP][PASSED] - Statement - actualList1.add(i, secondStoreListBox1.get(i).getText()): null

2018-07-05 20:40:25 - [TEST_STEP][PASSED] - Statement - actualList1.add(i, secondStoreListBox1.get(i).getText()): null

2018-07-05 20:40:25 - [TEST_STEP][PASSED] - Statement - actualList1.add(i, secondStoreListBox1.get(i).getText()): null

2018-07-05 20:40:25 - [TEST_STEP][PASSED] - Statement - actualList1.add(i, secondStoreListBox1.get(i).getText()): null

2018-07-05 20:40:25 - [TEST_STEP][PASSED] - Statement - actualList1.add(i, secondStoreListBox1.get(i).getText()): null

2018-07-05 20:40:25 - [TEST_STEP][PASSED] - Statement - actualList1.add(i, secondStoreListBox1.get(i).getText()): null

2018-07-05 20:40:25 - [TEST_STEP][PASSED] - Statement - actualList1.add(i, secondStoreListBox1.get(i).getText()): null

2018-07-05 20:40:25 - [TEST_STEP][PASSED] - Statement - actualList1.add(i, secondStoreListBox1.get(i).getText()): null

2018-07-05 20:40:25 - [TEST_STEP][PASSED] - Statement - actualList1.add(i, secondStoreListBox1.get(i).getText()): null

2018-07-05 20:40:25 - [TEST_STEP][PASSED] - Statement - actualList1.add(i, secondStoreListBox1.get(i).getText()): null

2018-07-05 20:40:25 - [TEST_STEP][PASSED] - Statement - actualList1.add(i, secondStoreListBox1.get(i).getText()): null

2018-07-05 20:40:25 - [TEST_STEP][PASSED] - Statement - actualList1.add(i, secondStoreListBox1.get(i).getText()): null

2018-07-05 20:40:25 - [TEST_STEP][PASSED] - Statement - actualList1.add(i, secondStoreListBox1.get(i).getText()): null

2018-07-05 20:40:25 - [TEST_STEP][PASSED] - Statement - actualList1.add(i, secondStoreListBox1.get(i).getText()): null

2018-07-05 20:40:25 - [TEST_STEP][PASSED] - Statement - actualList1.add(i, secondStoreListBox1.get(i).getText()): null

2018-07-05 20:40:25 - [TEST_STEP][PASSED] - Statement - actualList1.add(i, secondStoreListBox1.get(i).getText()): null

2018-07-05 20:40:25 - [TEST_STEP][PASSED] - Statement - actualList1.add(i, secondStoreListBox1.get(i).getText()): null

2018-07-05 20:40:25 - [TEST_STEP][PASSED] - Statement - actualList1.add(i, secondStoreListBox1.get(i).getText()): null

2018-07-05 20:40:25 - [TEST_STEP][PASSED] - Statement - actualList1.add(i, secondStoreListBox1.get(i).getText()): null

2018-07-05 20:40:25 - [TEST_STEP][PASSED] - Statement - actualList1.add(i, secondStoreListBox1.get(i).getText()): null

2018-07-05 20:40:25 - [TEST_STEP][PASSED] - Statement - actualList1.add(i, secondStoreListBox1.get(i).getText()): null

2018-07-05 20:40:25 - [TEST_STEP][PASSED] - Statement - actualList1.add(i, secondStoreListBox1.get(i).getText()): null

2018-07-05 20:40:25 - [TEST_STEP][PASSED] - Statement - actualList1.add(i, secondStoreListBox1.get(i).getText()): null

2018-07-05 20:40:25 - [TEST_STEP][PASSED] - Statement - actualList1.add(i, secondStoreListBox1.get(i).getText()): null

2018-07-05 20:40:25 - [TEST_STEP][PASSED] - Statement - actualList1.add(i, secondStoreListBox1.get(i).getText()): null

2018-07-05 20:40:25 - [TEST_STEP][PASSED] - Statement - actualList1.add(i, secondStoreListBox1.get(i).getText()): null

2018-07-05 20:40:25 - [TEST_STEP][PASSED] - Statement - actualList1.add(i, secondStoreListBox1.get(i).getText()): null

2018-07-05 20:40:25 - [TEST_STEP][PASSED] - Statement - actualList1.add(i, secondStoreListBox1.get(i).getText()): null

2018-07-05 20:40:25 - [TEST_STEP][PASSED] - Statement - actualList1.add(i, secondStoreListBox1.get(i).getText()): null

2018-07-05 20:40:25 - [TEST_STEP][PASSED] - Statement - actualList1.add(i, secondStoreListBox1.get(i).getText()): null

2018-07-05 20:40:26 - [TEST_STEP][PASSED] - Statement - actualList1.add(i, secondStoreListBox1.get(i).getText()): null

2018-07-05 20:40:26 - [TEST_STEP][PASSED] - Statement - actualList1.add(i, secondStoreListBox1.get(i).getText()): null

2018-07-05 20:40:26 - [TEST_STEP][PASSED] - Statement - actualList1.add(i, secondStoreListBox1.get(i).getText()): null

2018-07-05 20:40:26 - [TEST_STEP][PASSED] - Statement - actualList1.add(i, secondStoreListBox1.get(i).getText()): null

2018-07-05 20:40:26 - [TEST_STEP][PASSED] - Statement - actualList1.add(i, secondStoreListBox1.get(i).getText()): null

2018-07-05 20:40:26 - [TEST_STEP][PASSED] - Statement - actualList1.add(i, secondStoreListBox1.get(i).getText()): null

2018-07-05 20:40:26 - [TEST_STEP][PASSED] - Statement - actualList1.add(i, secondStoreListBox1.get(i).getText()): null

2018-07-05 20:40:26 - [TEST_STEP][PASSED] - Statement - actualList1.add(i, secondStoreListBox1.get(i).getText()): null

2018-07-05 20:40:26 - [TEST_STEP][PASSED] - Statement - actualList1.add(i, secondStoreListBox1.get(i).getText()): null

2018-07-05 20:40:26 - [TEST_STEP][PASSED] - Statement - actualList1.add(i, secondStoreListBox1.get(i).getText()): null

2018-07-05 20:40:26 - [TEST_STEP][PASSED] - Statement - actualList1.add(i, secondStoreListBox1.get(i).getText()): null

2018-07-05 20:40:26 - [TEST_STEP][PASSED] - Statement - actualList1.add(i, secondStoreListBox1.get(i).getText()): null

2018-07-05 20:40:26 - [TEST_STEP][PASSED] - Statement - actualList1.add(i, secondStoreListBox1.get(i).getText()): null

2018-07-05 20:40:26 - [TEST_STEP][PASSED] - Statement - actualList1.add(i, secondStoreListBox1.get(i).getText()): null

2018-07-05 20:40:26 - [TEST_STEP][PASSED] - Statement - actualList1.add(i, secondStoreListBox1.get(i).getText()): null

2018-07-05 20:40:26 - [TEST_STEP][PASSED] - Statement - actualList1.add(i, secondStoreListBox1.get(i).getText()): null

2018-07-05 20:40:26 - [TEST_STEP][PASSED] - Statement - actualList1.add(i, secondStoreListBox1.get(i).getText()): null

2018-07-05 20:40:26 - [TEST_STEP][PASSED] - Statement - actualList1.add(i, secondStoreListBox1.get(i).getText()): null

2018-07-05 20:40:26 - [TEST_STEP][PASSED] - Statement - actualList1.add(i, secondStoreListBox1.get(i).getText()): null

2018-07-05 20:40:26 - [TEST_STEP][PASSED] - Statement - actualList1.add(i, secondStoreListBox1.get(i).getText()): null

2018-07-05 20:40:26 - [TEST_STEP][PASSED] - Statement - actualList1.add(i, secondStoreListBox1.get(i).getText()): null

2018-07-05 20:40:26 - [TEST_STEP][PASSED] - Statement - actualList1.add(i, secondStoreListBox1.get(i).getText()): null

2018-07-05 20:40:26 - [TEST_STEP][PASSED] - Statement - actualList1.add(i, secondStoreListBox1.get(i).getText()): null

2018-07-05 20:40:26 - [TEST_STEP][PASSED] - Statement - actualList1.add(i, secondStoreListBox1.get(i).getText()): null

2018-07-05 20:40:26 - [TEST_STEP][PASSED] - Statement - actualList1.add(i, secondStoreListBox1.get(i).getText()): null

2018-07-05 20:40:26 - [TEST_STEP][PASSED] - Statement - actualList1.add(i, secondStoreListBox1.get(i).getText()): null

2018-07-05 20:40:26 - [TEST_STEP][PASSED] - Statement - actualList1.add(i, secondStoreListBox1.get(i).getText()): null

2018-07-05 20:40:26 - [TEST_STEP][PASSED] - Statement - actualList1.add(i, secondStoreListBox1.get(i).getText()): null

2018-07-05 20:40:26 - [TEST_STEP][PASSED] - Statement - actualList1.add(i, secondStoreListBox1.get(i).getText()): null

2018-07-05 20:40:26 - [TEST_STEP][PASSED] - Statement - actualList1.add(i, secondStoreListBox1.get(i).getText()): null

2018-07-05 20:40:26 - [TEST_STEP][PASSED] - Statement - actualList1.add(i, secondStoreListBox1.get(i).getText()): null

2018-07-05 20:40:26 - [TEST_STEP][PASSED] - Statement - actualList1.add(i, secondStoreListBox1.get(i).getText()): null

2018-07-05 20:40:26 - [TEST_STEP][PASSED] - Statement - actualList1.add(i, secondStoreListBox1.get(i).getText()): null

2018-07-05 20:40:26 - [TEST_STEP][PASSED] - Statement - actualList1.add(i, secondStoreListBox1.get(i).getText()): null

2018-07-05 20:40:26 - [TEST_STEP][PASSED] - Statement - actualList1.add(i, secondStoreListBox1.get(i).getText()): null

2018-07-05 20:40:26 - [TEST_STEP][PASSED] - Statement - actualList1.add(i, secondStoreListBox1.get(i).getText()): null

2018-07-05 20:40:26 - [TEST_STEP][PASSED] - Statement - actualList1.add(i, secondStoreListBox1.get(i).getText()): null

2018-07-05 20:40:26 - [TEST_STEP][PASSED] - Statement - actualList1.add(i, secondStoreListBox1.get(i).getText()): null

2018-07-05 20:40:26 - [TEST_STEP][PASSED] - Statement - actualList1.add(i, secondStoreListBox1.get(i).getText()): null

2018-07-05 20:40:26 - [TEST_STEP][PASSED] - Statement - actualList1.add(i, secondStoreListBox1.get(i).getText()): null

2018-07-05 20:40:26 - [TEST_STEP][PASSED] - Statement - actualList1.add(i, secondStoreListBox1.get(i).getText()): null

2018-07-05 20:40:26 - [TEST_STEP][PASSED] - Statement - actualList1.add(i, secondStoreListBox1.get(i).getText()): null

2018-07-05 20:40:26 - [TEST_STEP][PASSED] - Statement - actualList1.add(i, secondStoreListBox1.get(i).getText()): null

2018-07-05 20:40:26 - [TEST_STEP][PASSED] - Statement - actualList1.add(i, secondStoreListBox1.get(i).getText()): null

2018-07-05 20:40:26 - [TEST_STEP][PASSED] - Statement - actualList1.add(i, secondStoreListBox1.get(i).getText()): null

2018-07-05 20:40:26 - [TEST_STEP][PASSED] - Statement - actualList1.add(i, secondStoreListBox1.get(i).getText()): null

2018-07-05 20:40:26 - [TEST_STEP][PASSED] - Statement - actualList1.add(i, secondStoreListBox1.get(i).getText()): null

2018-07-05 20:40:26 - [TEST_STEP][PASSED] - Statement - actualList1.add(i, secondStoreListBox1.get(i).getText()): null

2018-07-05 20:40:26 - [TEST_STEP][PASSED] - Statement - actualList1.add(i, secondStoreListBox1.get(i).getText()): null

2018-07-05 20:40:26 - [TEST_STEP][PASSED] - Statement - actualList1.add(i, secondStoreListBox1.get(i).getText()): null

2018-07-05 20:40:26 - [TEST_STEP][PASSED] - Statement - actualList1.add(i, secondStoreListBox1.get(i).getText()): null

2018-07-05 20:40:26 - [TEST_STEP][PASSED] - Statement - actualList1.add(i, secondStoreListBox1.get(i).getText()): null

2018-07-05 20:40:26 - [TEST_STEP][PASSED] - Statement - actualList1.add(i, secondStoreListBox1.get(i).getText()): null

2018-07-05 20:40:26 - [TEST_STEP][PASSED] - Statement - actualList1.add(i, secondStoreListBox1.get(i).getText()): null

2018-07-05 20:40:26 - [TEST_STEP][PASSED] - Statement - actualList1.add(i, secondStoreListBox1.get(i).getText()): null

2018-07-05 20:40:26 - [TEST_STEP][PASSED] - Statement - actualList1.add(i, secondStoreListBox1.get(i).getText()): null

2018-07-05 20:40:26 - [TEST_STEP][PASSED] - Statement - actualList1.add(i, secondStoreListBox1.get(i).getText()): null

2018-07-05 20:40:27 - [TEST_STEP][PASSED] - Statement - actualList1.add(i, secondStoreListBox1.get(i).getText()): null

2018-07-05 20:40:27 - [TEST_STEP][PASSED] - Statement - actualList1.add(i, secondStoreListBox1.get(i).getText()): null

2018-07-05 20:40:27 - [TEST_STEP][PASSED] - Statement - actualList1.add(i, secondStoreListBox1.get(i).getText()): null

2018-07-05 20:40:27 - [TEST_STEP][PASSED] - Statement - actualList1.add(i, secondStoreListBox1.get(i).getText()): null

2018-07-05 20:40:27 - [TEST_STEP][PASSED] - Statement - actualList1.add(i, secondStoreListBox1.get(i).getText()): null

2018-07-05 20:40:27 - [TEST_STEP][PASSED] - Statement - actualList1.add(i, secondStoreListBox1.get(i).getText()): null

2018-07-05 20:40:27 - [TEST_STEP][PASSED] - Statement - actualList1.add(i, secondStoreListBox1.get(i).getText()): null

2018-07-05 20:40:27 - [TEST_STEP][PASSED] - Statement - actualList1.add(i, secondStoreListBox1.get(i).getText()): null

2018-07-05 20:40:27 - [TEST_STEP][PASSED] - Statement - actualList1.add(i, secondStoreListBox1.get(i).getText()): null

2018-07-05 20:40:27 - [TEST_STEP][PASSED] - Statement - actualList1.add(i, secondStoreListBox1.get(i).getText()): null

2018-07-05 20:40:27 - [TEST_STEP][PASSED] - Statement - actualList1.add(i, secondStoreListBox1.get(i).getText()): null

2018-07-05 20:40:27 - [TEST_STEP][PASSED] - Statement - actualList1.add(i, secondStoreListBox1.get(i).getText()): null

2018-07-05 20:40:27 - [TEST_STEP][PASSED] - Statement - actualList1.add(i, secondStoreListBox1.get(i).getText()): null

2018-07-05 20:40:27 - [TEST_STEP][PASSED] - Statement - actualList1.add(i, secondStoreListBox1.get(i).getText()): null

2018-07-05 20:40:27 - [TEST_STEP][PASSED] - Statement - actualList1.add(i, secondStoreListBox1.get(i).getText()): null

2018-07-05 20:40:27 - [TEST_STEP][PASSED] - Statement - actualList1.add(i, secondStoreListBox1.get(i).getText()): null

2018-07-05 20:40:27 - [TEST_STEP][PASSED] - Statement - actualList1.add(i, secondStoreListBox1.get(i).getText()): null

2018-07-05 20:40:27 - [TEST_STEP][PASSED] - Statement - actualList1.add(i, secondStoreListBox1.get(i).getText()): null

2018-07-05 20:40:27 - [TEST_STEP][PASSED] - Statement - actualList1.add(i, secondStoreListBox1.get(i).getText()): null

2018-07-05 20:40:27 - [TEST_STEP][PASSED] - Statement - actualList1.add(i, secondStoreListBox1.get(i).getText()): null

2018-07-05 20:40:27 - [TEST_STEP][PASSED] - Statement - actualList1.add(i, secondStoreListBox1.get(i).getText()): null

2018-07-05 20:40:27 - [TEST_STEP][PASSED] - Statement - actualList1.add(i, secondStoreListBox1.get(i).getText()): null

2018-07-05 20:40:27 - [TEST_STEP][PASSED] - Statement - actualList1.add(i, secondStoreListBox1.get(i).getText()): null

2018-07-05 20:40:27 - [TEST_STEP][PASSED] - Statement - actualList1.add(i, secondStoreListBox1.get(i).getText()): null

2018-07-05 20:40:27 - [TEST_STEP][PASSED] - Statement - actualList1.add(i, secondStoreListBox1.get(i).getText()): null

2018-07-05 20:40:27 - [TEST_STEP][PASSED] - Statement - actualList1.add(i, secondStoreListBox1.get(i).getText()): null

2018-07-05 20:40:27 - [TEST_STEP][PASSED] - Statement - actualList1.add(i, secondStoreListBox1.get(i).getText()): null

2018-07-05 20:40:27 - [TEST_STEP][PASSED] - Statement - actualList1.add(i, secondStoreListBox1.get(i).getText()): null

2018-07-05 20:40:27 - [TEST_STEP][PASSED] - Statement - actualList1.add(i, secondStoreListBox1.get(i).getText()): null

2018-07-05 20:40:27 - [TEST_STEP][PASSED] - Statement - actualList1.add(i, secondStoreListBox1.get(i).getText()): null

2018-07-05 20:40:27 - [TEST_STEP][PASSED] - Statement - actualList1.add(i, secondStoreListBox1.get(i).getText()): null

2018-07-05 20:40:27 - [TEST_STEP][PASSED] - Statement - actualList1.add(i, secondStoreListBox1.get(i).getText()): null

2018-07-05 20:40:27 - [TEST_STEP][PASSED] - Statement - actualList1.add(i, secondStoreListBox1.get(i).getText()): null

2018-07-05 20:40:27 - [TEST_STEP][PASSED] - Statement - actualList1.add(i, secondStoreListBox1.get(i).getText()): null

2018-07-05 20:40:27 - [TEST_STEP][PASSED] - Statement - actualList1.add(i, secondStoreListBox1.get(i).getText()): null

2018-07-05 20:40:27 - [TEST_STEP][PASSED] - Statement - actualList1.add(i, secondStoreListBox1.get(i).getText()): null

2018-07-05 20:40:27 - [TEST_STEP][PASSED] - Statement - actualList1.add(i, secondStoreListBox1.get(i).getText()): null

2018-07-05 20:40:27 - [TEST_STEP][PASSED] - Statement - actualList1.add(i, secondStoreListBox1.get(i).getText()): null

2018-07-05 20:40:27 - [TEST_STEP][PASSED] - Statement - actualList1.add(i, secondStoreListBox1.get(i).getText()): null

2018-07-05 20:40:27 - [TEST_STEP][PASSED] - Statement - actualList1.add(i, secondStoreListBox1.get(i).getText()): null

2018-07-05 20:40:27 - [TEST_STEP][PASSED] - Statement - actualList1.add(i, secondStoreListBox1.get(i).getText()): null

2018-07-05 20:40:27 - [TEST_STEP][PASSED] - Statement - actualList1.add(i, secondStoreListBox1.get(i).getText()): null

2018-07-05 20:40:27 - [TEST_STEP][PASSED] - Statement - actualList1.add(i, secondStoreListBox1.get(i).getText()): null

2018-07-05 20:40:27 - [TEST_STEP][PASSED] - Statement - actualList1.add(i, secondStoreListBox1.get(i).getText()): null

2018-07-05 20:40:27 - [TEST_STEP][PASSED] - Statement - actualList1.add(i, secondStoreListBox1.get(i).getText()): null

2018-07-05 20:40:27 - [TEST_STEP][PASSED] - Statement - actualList1.add(i, secondStoreListBox1.get(i).getText()): null

2018-07-05 20:40:27 - [TEST_STEP][PASSED] - Statement - actualList1.add(i, secondStoreListBox1.get(i).getText()): null

2018-07-05 20:40:27 - [TEST_STEP][PASSED] - Statement - actualList1.add(i, secondStoreListBox1.get(i).getText()): null

2018-07-05 20:40:27 - [TEST_STEP][PASSED] - Statement - actualList1.add(i, secondStoreListBox1.get(i).getText()): null

2018-07-05 20:40:27 - [TEST_STEP][PASSED] - Statement - actualList1.add(i, secondStoreListBox1.get(i).getText()): null

2018-07-05 20:40:27 - [TEST_STEP][PASSED] - Statement - actualList1.add(i, secondStoreListBox1.get(i).getText()): null

2018-07-05 20:40:27 - [TEST_STEP][PASSED] - Statement - actualList1.add(i, secondStoreListBox1.get(i).getText()): null

2018-07-05 20:40:27 - [TEST_STEP][PASSED] - Statement - actualList1.add(i, secondStoreListBox1.get(i).getText()): null

2018-07-05 20:40:27 - [TEST_STEP][PASSED] - Statement - actualList1.add(i, secondStoreListBox1.get(i).getText()): null

2018-07-05 20:40:27 - [TEST_STEP][PASSED] - Statement - actualList1.add(i, secondStoreListBox1.get(i).getText()): null

2018-07-05 20:40:27 - [TEST_STEP][PASSED] - Statement - actualList1.add(i, secondStoreListBox1.get(i).getText()): null

2018-07-05 20:40:27 - [TEST_STEP][PASSED] - Statement - actualList1.add(i, secondStoreListBox1.get(i).getText()): null

2018-07-05 20:40:28 - [TEST_STEP][PASSED] - Statement - actualList1.add(i, secondStoreListBox1.get(i).getText()): null

2018-07-05 20:40:28 - [TEST_STEP][PASSED] - Statement - actualList1.add(i, secondStoreListBox1.get(i).getText()): null

2018-07-05 20:40:28 - [TEST_STEP][PASSED] - Statement - actualList1.add(i, secondStoreListBox1.get(i).getText()): null

2018-07-05 20:40:28 - [TEST_STEP][PASSED] - Statement - actualList1.add(i, secondStoreListBox1.get(i).getText()): null

2018-07-05 20:40:28 - [TEST_STEP][PASSED] - Statement - actualList1.add(i, secondStoreListBox1.get(i).getText()): null

2018-07-05 20:40:28 - [TEST_STEP][PASSED] - Statement - actualList1.add(i, secondStoreListBox1.get(i).getText()): null

2018-07-05 20:40:28 - [TEST_STEP][PASSED] - Statement - actualList1.add(i, secondStoreListBox1.get(i).getText()): null

2018-07-05 20:40:28 - [TEST_STEP][PASSED] - Statement - actualList1.add(i, secondStoreListBox1.get(i).getText()): null

2018-07-05 20:40:28 - [TEST_STEP][PASSED] - Statement - actualList1.add(i, secondStoreListBox1.get(i).getText()): null

2018-07-05 20:40:28 - [TEST_STEP][PASSED] - Statement - actualList1.add(i, secondStoreListBox1.get(i).getText()): null

2018-07-05 20:40:28 - [TEST_STEP][PASSED] - Statement - actualList1.add(i, secondStoreListBox1.get(i).getText()): null

2018-07-05 20:40:28 - [TEST_STEP][PASSED] - Statement - actualList1.add(i, secondStoreListBox1.get(i).getText()): null

2018-07-05 20:40:28 - [TEST_STEP][PASSED] - Statement - actualList1.add(i, secondStoreListBox1.get(i).getText()): null

2018-07-05 20:40:28 - [TEST_STEP][PASSED] - Statement - actualList1.add(i, secondStoreListBox1.get(i).getText()): null

2018-07-05 20:40:28 - [TEST_STEP][PASSED] - Statement - actualList1.add(i, secondStoreListBox1.get(i).getText()): null

2018-07-05 20:40:28 - [TEST_STEP][PASSED] - Statement - actualList1.add(i, secondStoreListBox1.get(i).getText()): null

2018-07-05 20:40:28 - [TEST_STEP][PASSED] - Statement - actualList1.add(i, secondStoreListBox1.get(i).getText()): null

2018-07-05 20:40:28 - [TEST_STEP][PASSED] - Statement - actualList1.add(i, secondStoreListBox1.get(i).getText()): null

2018-07-05 20:40:28 - [TEST_STEP][PASSED] - Statement - actualList1.add(i, secondStoreListBox1.get(i).getText()): null

2018-07-05 20:40:28 - [TEST_STEP][PASSED] - Statement - actualList1.add(i, secondStoreListBox1.get(i).getText()): null

2018-07-05 20:40:28 - [TEST_STEP][PASSED] - Statement - actualList1.add(i, secondStoreListBox1.get(i).getText()): null

2018-07-05 20:40:28 - [TEST_STEP][PASSED] - Statement - actualList1.add(i, secondStoreListBox1.get(i).getText()): null

2018-07-05 20:40:28 - [TEST_STEP][PASSED] - Statement - actualList1.add(i, secondStoreListBox1.get(i).getText()): null

2018-07-05 20:40:28 - [TEST_STEP][PASSED] - Statement - actualList1.add(i, secondStoreListBox1.get(i).getText()): null

2018-07-05 20:40:28 - [TEST_STEP][PASSED] - Statement - actualList1.add(i, secondStoreListBox1.get(i).getText()): null

2018-07-05 20:40:28 - [TEST_STEP][PASSED] - Statement - actualList1.add(i, secondStoreListBox1.get(i).getText()): null

2018-07-05 20:40:28 - [TEST_STEP][PASSED] - Statement - actualList1.add(i, secondStoreListBox1.get(i).getText()): null

2018-07-05 20:40:28 - [TEST_STEP][PASSED] - Statement - actualList1.add(i, secondStoreListBox1.get(i).getText()): null

2018-07-05 20:40:28 - [TEST_STEP][PASSED] - Statement - actualList1.add(i, secondStoreListBox1.get(i).getText()): null

2018-07-05 20:40:28 - [TEST_STEP][PASSED] - Statement - actualList1.add(i, secondStoreListBox1.get(i).getText()): null

2018-07-05 20:40:28 - [TEST_STEP][PASSED] - Statement - actualList1.add(i, secondStoreListBox1.get(i).getText()): null

2018-07-05 20:40:28 - [TEST_STEP][PASSED] - Statement - actualList1.add(i, secondStoreListBox1.get(i).getText()): null

2018-07-05 20:40:28 - [TEST_STEP][PASSED] - Statement - actualList1.add(i, secondStoreListBox1.get(i).getText()): null

2018-07-05 20:40:28 - [TEST_STEP][PASSED] - Statement - actualList1.add(i, secondStoreListBox1.get(i).getText()): null

2018-07-05 20:40:28 - [TEST_STEP][PASSED] - Statement - actualList1.add(i, secondStoreListBox1.get(i).getText()): null

2018-07-05 20:40:28 - [TEST_STEP][PASSED] - Statement - actualList1.add(i, secondStoreListBox1.get(i).getText()): null

2018-07-05 20:40:28 - [TEST_STEP][PASSED] - Statement - actualList1.add(i, secondStoreListBox1.get(i).getText()): null

2018-07-05 20:40:28 - [TEST_STEP][PASSED] - Statement - actualList1.add(i, secondStoreListBox1.get(i).getText()): null

2018-07-05 20:40:28 - [TEST_STEP][PASSED] - Statement - actualList1.add(i, secondStoreListBox1.get(i).getText()): null

2018-07-05 20:40:28 - [TEST_STEP][PASSED] - Statement - actualList1.add(i, secondStoreListBox1.get(i).getText()): null

2018-07-05 20:40:28 - [TEST_STEP][PASSED] - Statement - actualList1.add(i, secondStoreListBox1.get(i).getText()): null

2018-07-05 20:40:28 - [TEST_STEP][PASSED] - Statement - actualList1.add(i, secondStoreListBox1.get(i).getText()): null

2018-07-05 20:40:28 - [TEST_STEP][PASSED] - Statement - actualList1.add(i, secondStoreListBox1.get(i).getText()): null

2018-07-05 20:40:28 - [TEST_STEP][PASSED] - Statement - actualList1.add(i, secondStoreListBox1.get(i).getText()): null

2018-07-05 20:40:28 - [TEST_STEP][PASSED] - Statement - actualList1.add(i, secondStoreListBox1.get(i).getText()): null

2018-07-05 20:40:28 - [TEST_STEP][PASSED] - Statement - actualList1.add(i, secondStoreListBox1.get(i).getText()): null

2018-07-05 20:40:28 - [TEST_STEP][PASSED] - Statement - actualList1.add(i, secondStoreListBox1.get(i).getText()): null

2018-07-05 20:40:28 - [TEST_STEP][PASSED] - Statement - actualList1.add(i, secondStoreListBox1.get(i).getText()): null

2018-07-05 20:40:28 - [TEST_STEP][PASSED] - Statement - actualList1.add(i, secondStoreListBox1.get(i).getText()): null

2018-07-05 20:40:28 - [TEST_STEP][PASSED] - Statement - actualList1.add(i, secondStoreListBox1.get(i).getText()): null

2018-07-05 20:40:28 - [TEST_STEP][PASSED] - Statement - actualList1.add(i, secondStoreListBox1.get(i).getText()): null

2018-07-05 20:40:28 - [TEST_STEP][PASSED] - Statement - actualList1.add(i, secondStoreListBox1.get(i).getText()): null

2018-07-05 20:40:28 - [TEST_STEP][PASSED] - Statement - actualList1.add(i, secondStoreListBox1.get(i).getText()): null

2018-07-05 20:40:28 - [TEST_STEP][PASSED] - Statement - actualList1.add(i, secondStoreListBox1.get(i).getText()): null

2018-07-05 20:40:28 - [TEST_STEP][PASSED] - Statement - actualList1.add(i, secondStoreListBox1.get(i).getText()): null

2018-07-05 20:40:29 - [TEST_STEP][PASSED] - Statement - actualList1.add(i, secondStoreListBox1.get(i).getText()): null

2018-07-05 20:40:29 - [TEST_STEP][PASSED] - Statement - actualList1.add(i, secondStoreListBox1.get(i).getText()): null

2018-07-05 20:40:29 - [TEST_STEP][PASSED] - Statement - actualList1.add(i, secondStoreListBox1.get(i).getText()): null

2018-07-05 20:40:29 - [TEST_STEP][PASSED] - Statement - actualList1.add(i, secondStoreListBox1.get(i).getText()): null

2018-07-05 20:40:29 - [TEST_STEP][PASSED] - Statement - actualList1.add(i, secondStoreListBox1.get(i).getText()): null

2018-07-05 20:40:29 - [TEST_STEP][PASSED] - Statement - actualList1.add(i, secondStoreListBox1.get(i).getText()): null

2018-07-05 20:40:29 - [TEST_STEP][PASSED] - Statement - actualList1.add(i, secondStoreListBox1.get(i).getText()): null

2018-07-05 20:40:29 - [TEST_STEP][PASSED] - Statement - actualList1.add(i, secondStoreListBox1.get(i).getText()): null

2018-07-05 20:40:29 - [TEST_STEP][PASSED] - Statement - actualList1.add(i, secondStoreListBox1.get(i).getText()): null

2018-07-05 20:40:29 - [TEST_STEP][PASSED] - Statement - actualList1.add(i, secondStoreListBox1.get(i).getText()): null

2018-07-05 20:40:29 - [TEST_STEP][PASSED] - Statement - actualList1.add(i, secondStoreListBox1.get(i).getText()): null

2018-07-05 20:40:29 - [TEST_STEP][PASSED] - Statement - actualList1.add(i, secondStoreListBox1.get(i).getText()): null

2018-07-05 20:40:29 - [TEST_STEP][PASSED] - Statement - actualList1.add(i, secondStoreListBox1.get(i).getText()): null

2018-07-05 20:40:29 - [TEST_STEP][PASSED] - Statement - actualList1.add(i, secondStoreListBox1.get(i).getText()): null

2018-07-05 20:40:29 - [TEST_STEP][PASSED] - Statement - actualList1.add(i, secondStoreListBox1.get(i).getText()): null

2018-07-05 20:40:29 - [TEST_STEP][PASSED] - Statement - actualList1.add(i, secondStoreListBox1.get(i).getText()): null

2018-07-05 20:40:29 - [TEST_STEP][PASSED] - Statement - actualList1.add(i, secondStoreListBox1.get(i).getText()): null

2018-07-05 20:40:29 - [TEST_STEP][PASSED] - Statement - actualList1.add(i, secondStoreListBox1.get(i).getText()): null

2018-07-05 20:40:29 - [TEST_STEP][PASSED] - Statement - actualList1.add(i, secondStoreListBox1.get(i).getText()): null

2018-07-05 20:40:29 - [TEST_STEP][PASSED] - Statement - actualList1.add(i, secondStoreListBox1.get(i).getText()): null

2018-07-05 20:40:29 - [TEST_STEP][PASSED] - Statement - actualList1.add(i, secondStoreListBox1.get(i).getText()): null

2018-07-05 20:40:29 - [TEST_STEP][PASSED] - Statement - actualList1.add(i, secondStoreListBox1.get(i).getText()): null

2018-07-05 20:40:29 - [TEST_STEP][PASSED] - Statement - actualList1.add(i, secondStoreListBox1.get(i).getText()): null

2018-07-05 20:40:29 - [TEST_STEP][PASSED] - Statement - actualList1.add(i, secondStoreListBox1.get(i).getText()): null

2018-07-05 20:40:29 - [TEST_STEP][PASSED] - Statement - actualList1.add(i, secondStoreListBox1.get(i).getText()): null

2018-07-05 20:40:29 - [TEST_STEP][PASSED] - Statement - actualList1.add(i, secondStoreListBox1.get(i).getText()): null

2018-07-05 20:40:29 - [TEST_STEP][PASSED] - Statement - actualList1.add(i, secondStoreListBox1.get(i).getText()): null

2018-07-05 20:40:29 - [TEST_STEP][PASSED] - Statement - actualList1.add(i, secondStoreListBox1.get(i).getText()): null

2018-07-05 20:40:29 - [TEST_STEP][PASSED] - Statement - actualList1.add(i, secondStoreListBox1.get(i).getText()): null

2018-07-05 20:40:29 - [TEST_STEP][PASSED] - Statement - actualList1.add(i, secondStoreListBox1.get(i).getText()): null

2018-07-05 20:40:29 - [TEST_STEP][PASSED] - Statement - actualList1.add(i, secondStoreListBox1.get(i).getText()): null

2018-07-05 20:40:29 - [TEST_STEP][PASSED] - Statement - actualList1.add(i, secondStoreListBox1.get(i).getText()): null

2018-07-05 20:40:29 - [TEST_STEP][PASSED] - Statement - actualList1.add(i, secondStoreListBox1.get(i).getText()): null

2018-07-05 20:40:29 - [TEST_STEP][PASSED] - Statement - actualList1.add(i, secondStoreListBox1.get(i).getText()): null

2018-07-05 20:40:29 - [TEST_STEP][PASSED] - Statement - actualList1.add(i, secondStoreListBox1.get(i).getText()): null

2018-07-05 20:40:29 - [TEST_STEP][PASSED] - Statement - actualList1.add(i, secondStoreListBox1.get(i).getText()): null

2018-07-05 20:40:29 - [TEST_STEP][PASSED] - Statement - actualList1.add(i, secondStoreListBox1.get(i).getText()): null

2018-07-05 20:40:29 - [TEST_STEP][PASSED] - Statement - out.println(actualList1): null

2018-07-05 20:40:29 - [TEST_STEP][PASSED] - delay: Delayed 10 second(s)

2018-07-05 20:40:39 - [MESSAGE][PASSED] - Delayed 10 second(s)

2018-07-05 20:40:39 - [TEST_STEP][PASSED] - Statement - exists = false: null

2018-07-05 20:40:39 - [TEST_STEP][PASSED] - Statement - If (actualList1.containsAll(groupStoresList)): null

2018-07-05 20:40:39 - [TEST_STEP][PASSED] - Statement - exists = true: null

2018-07-05 20:40:39 - [TEST_STEP][PASSED] - Statement - println("Selected stores are displayed in Group/Stores in Group listbox"): null

2018-07-05 20:40:39 - [TEST_STEP][PASSED] - Statement - StoresCBList1 = driver.findElements(org.openqa.selenium.By.xpath(com.kms.katalon.core.testdata.TestDataFactory.findTestData(OR_file).getValue(2, 12))): Reading excel file with source file 'C:\Users\shalinin\Katalon Studio\HME_DEVScripts\Data Files\HME_OR.xlsx' and sheet name 'Sheet1'

2018-07-05 20:40:39 - [TEST_STEP][PASSED] - Statement - storesLabel = driver.findElements(org.openqa.selenium.By.xpath(com.kms.katalon.core.testdata.TestDataFactory.findTestData(OR_file).getValue(2, 10))): Reading excel file with source file 'C:\Users\shalinin\Katalon Studio\HME_DEVScripts\Data Files\HME_OR.xlsx' and sheet name 'Sheet1'

2018-07-05 20:40:39 - [TEST_STEP][PASSED] - Statement - storesLabelList = new java.util.ArrayList(): null

2018-07-05 20:40:39 - [TEST_STEP][PASSED] - Statement - For ([i = 0, i < storesLabel.size(), (i++)]): null

2018-07-05 20:40:39 - [TEST_STEP][PASSED] - Statement - println("storesLabel" + storesLabelList): null

2018-07-05 20:40:39 - [TEST_STEP][PASSED] - uiaction.CommonUIActions.click: uiaction.CommonUIActions.click is PASSED

2018-07-05 20:40:39 - [MESSAGE][PASSED] - uiaction.CommonUIActions.click is PASSED

2018-07-05 20:40:39 - [TEST_STEP][PASSED] - delay: Delayed 10 second(s)

2018-07-05 20:40:49 - [MESSAGE][PASSED] - Delayed 10 second(s)

2018-07-05 20:40:49 - [TEST_STEP][PASSED] - back: Navigate back successfully

2018-07-05 20:40:50 - [MESSAGE][PASSED] - Navigate back successfully

2018-07-05 20:40:50 - [TEST_STEP][PASSED] - delay: Delayed 10 second(s)

2018-07-05 20:41:00 - [MESSAGE][PASSED] - Delayed 10 second(s)

2018-07-05 20:41:00 - [TEST_STEP][PASSED] - back: Navigate back successfully

2018-07-05 20:41:00 - [MESSAGE][PASSED] - Navigate back successfully

2018-07-05 20:41:00 - [TEST_STEP][PASSED] - delay: Delayed 10 second(s)

2018-07-05 20:41:10 - [MESSAGE][PASSED] - Delayed 10 second(s)

2018-07-05 20:41:10 - [TEST_STEP][PASSED] - Statement - groupHierarchyList = driver.findElements(org.openqa.selenium.By.xpath(com.kms.katalon.core.testdata.TestDataFactory.findTestData(OR_file).getValue(2, 13))): Reading excel file with source file 'C:\Users\shalinin\Katalon Studio\HME_DEVScripts\Data Files\HME_OR.xlsx' and sheet name 'Sheet1'

2018-07-05 20:41:10 - [TEST_STEP][PASSED] - Statement - actualgroupList = new java.util.ArrayList(): null

2018-07-05 20:41:10 - [TEST_STEP][PASSED] - Statement - For ([i = 0, i < groupHierarchyList.size(), (i++)]): null

2018-07-05 20:41:10 - [TEST_STEP][PASSED] - Statement - actualgroupList.add(i, groupHierarchyList.get(i).getText()): null

2018-07-05 20:41:10 - [TEST_STEP][PASSED] - Statement - groupXpath = "//span[text()='" + CustomKeywords.projectSpecific.Reusability.getTestData("ReportingGroupManagementPage", "groupNameTC7") + "']": projectSpecific.Reusability.getTestData is PASSED

2018-07-05 20:41:10 - [MESSAGE][PASSED] - projectSpecific.Reusability.getTestData is PASSED

2018-07-05 20:41:10 - [TEST_STEP][PASSED] - Statement - println(groupXpath): null

2018-07-05 20:41:10 - [TEST_STEP][PASSED] - Statement - driver.findElement(org.openqa.selenium.By.xpath(groupXpath)).click(): null

2018-07-05 20:41:10 - [TEST_STEP][PASSED] - delay: Delayed 10 second(s)

2018-07-05 20:41:20 - [MESSAGE][PASSED] - Delayed 10 second(s)

2018-07-05 20:41:20 - [TEST_STEP][PASSED] - Statement - groupNameAttr = com.kms.katalon.core.webui.keyword.WebUiBuiltInKeywords.getAttribute(com.kms.katalon.core.testobject.ObjectRepository.findTestObject(ReportingGroupManagement/groupNameTxt), "value"): Attribute 'value' of object 'Object Repository/ReportingGroupManagement/groupNameTxt' is: 'Group TC7'

2018-07-05 20:41:20 - [MESSAGE][PASSED] - Attribute 'value' of object 'Object Repository/ReportingGroupManagement/groupNameTxt' is: 'Group TC7'

2018-07-05 20:41:20 - [TEST_STEP][PASSED] - verifyMatch: Actual text 'Group TC7' and expected text 'Group TC7' are matched 

2018-07-05 20:41:20 - [MESSAGE][PASSED] - projectSpecific.Reusability.getTestData is PASSED

2018-07-05 20:41:20 - [MESSAGE][PASSED] - Actual text 'Group TC7' and expected text 'Group TC7' are matched 

2018-07-05 20:41:20 - [TEST_STEP][PASSED] - Statement - groupDescAttr = com.kms.katalon.core.webui.keyword.WebUiBuiltInKeywords.getAttribute(com.kms.katalon.core.testobject.ObjectRepository.findTestObject(ReportingGroupManagement/groupDescTxt), "value"): Attribute 'value' of object 'Object Repository/ReportingGroupManagement/groupDescTxt' is: 'South west branch Group 1'

2018-07-05 20:41:20 - [MESSAGE][PASSED] - Attribute 'value' of object 'Object Repository/ReportingGroupManagement/groupDescTxt' is: 'South west branch Group 1'

2018-07-05 20:41:20 - [TEST_STEP][PASSED] - verifyMatch: Actual text 'South west branch Group 1' and expected text 'South west branch Group 1' are matched 

2018-07-05 20:41:20 - [MESSAGE][PASSED] - projectSpecific.Reusability.getTestData is PASSED

2018-07-05 20:41:20 - [MESSAGE][PASSED] - Actual text 'South west branch Group 1' and expected text 'South west branch Group 1' are matched 

2018-07-05 20:41:20 - [TEST_STEP][PASSED] - Statement - availableStoreList = driver.findElements(org.openqa.selenium.By.xpath(com.kms.katalon.core.testdata.TestDataFactory.findTestData(OR_file).getValue(2, 10))): Reading excel file with source file 'C:\Users\shalinin\Katalon Studio\HME_DEVScripts\Data Files\HME_OR.xlsx' and sheet name 'Sheet1'

2018-07-05 20:41:20 - [TEST_STEP][PASSED] - Statement - actualList = new java.util.ArrayList(): null

2018-07-05 20:41:20 - [TEST_STEP][PASSED] - Statement - For ([i = 0, i < availableStoreList.size(), (i++)]): null

2018-07-05 20:41:20 - [TEST_STEP][PASSED] - Statement - out.println(actualList): null

2018-07-05 20:41:20 - [TEST_STEP][PASSED] - Statement - out.println(storesLabelList): null

2018-07-05 20:41:20 - [TEST_STEP][PASSED] - Statement - If (actualList.containsAll(storesLabelList)): null

2018-07-05 20:41:20 - [TEST_STEP][PASSED] - Statement - println("Selected stores are displayed in Group/Stores in Group listbox"): null

2018-07-05 20:41:20 - [TEST_STEP][PASSED] - Statement - secondStoreListBox1 = driver.findElements(org.openqa.selenium.By.xpath(com.kms.katalon.core.testdata.TestDataFactory.findTestData(OR_file).getValue(2, 11))): Reading excel file with source file 'C:\Users\shalinin\Katalon Studio\HME_DEVScripts\Data Files\HME_OR.xlsx' and sheet name 'Sheet1'

2018-07-05 20:41:20 - [TEST_STEP][PASSED] - Statement - actualList2 = new java.util.ArrayList(): null

2018-07-05 20:41:20 - [TEST_STEP][PASSED] - Statement - For ([i = 0, i < secondStoreListBox1.size(), (i++)]): null

2018-07-05 20:41:20 - [TEST_STEP][PASSED] - Statement - out.println(actualList2): null

2018-07-05 20:41:20 - [TEST_STEP][PASSED] - Statement - If (actualList1.containsAll(actualList2)): null

2018-07-05 20:41:20 - [TEST_STEP][PASSED] - Statement - println("Selected stores are displayed in Group/Stores in Group listbox"): null

2018-07-05 20:41:20 - [TEST_STEP][PASSED] - uiaction.CommonUIActions.click: uiaction.CommonUIActions.click is PASSED

2018-07-05 20:41:20 - [MESSAGE][PASSED] - uiaction.CommonUIActions.click is PASSED

2018-07-05 20:41:20 - [TEST_STEP][PASSED] - delay: Delayed 10 second(s)

2018-07-05 20:41:30 - [MESSAGE][PASSED] - Delayed 10 second(s)

2018-07-05 20:41:30 - [TEST_STEP][PASSED] - Statement - confirmToDeleteText = CustomKeywords.uiaction.CommonUIActions.getText(com.kms.katalon.core.testobject.ObjectRepository.findTestObject(ReportingGroupManagement/confirmToDeleteText)): uiaction.CommonUIActions.getText is PASSED

2018-07-05 20:41:30 - [MESSAGE][PASSED] - uiaction.CommonUIActions.getText is PASSED

2018-07-05 20:41:30 - [TEST_STEP][PASSED] - Statement - confirmToDeleteText2 = CustomKeywords.projectSpecific.Reusability.getTestData("ReportingGroupManagementPage", "confirmDeleteTxt"): projectSpecific.Reusability.getTestData is PASSED

2018-07-05 20:41:30 - [MESSAGE][PASSED] - projectSpecific.Reusability.getTestData is PASSED

2018-07-05 20:41:30 - [TEST_STEP][PASSED] - verifyMatch: Actual text 'Confirm to Delete
Are you sure you want to remove this group?
Yes
No' and expected text 'Confirm to Delete
Are you sure you want to remove this group?
Yes
No' are matched 

2018-07-05 20:41:30 - [MESSAGE][PASSED] - Actual text 'Confirm to Delete
Are you sure you want to remove this group?
Yes
No' and expected text 'Confirm to Delete
Are you sure you want to remove this group?
Yes
No' are matched 

2018-07-05 20:41:30 - [TEST_STEP][PASSED] - verifyElementPresent: Object 'Object Repository/ReportingGroupManagement/confirmToDelNoBtn' is present

2018-07-05 20:41:30 - [MESSAGE][PASSED] - Object 'Object Repository/ReportingGroupManagement/confirmToDelNoBtn' is present

2018-07-05 20:41:30 - [TEST_STEP][PASSED] - verifyElementPresent: Object 'Object Repository/ReportingGroupManagement/confirmToDelBtn' is present

2018-07-05 20:41:30 - [MESSAGE][PASSED] - Object 'Object Repository/ReportingGroupManagement/confirmToDelBtn' is present

2018-07-05 20:41:30 - [TEST_STEP][PASSED] - uiaction.CommonUIActions.click: uiaction.CommonUIActions.click is PASSED

2018-07-05 20:41:30 - [MESSAGE][PASSED] - uiaction.CommonUIActions.click is PASSED

2018-07-05 20:41:30 - [TEST_STEP][PASSED] - Statement - groupNameAttr = com.kms.katalon.core.webui.keyword.WebUiBuiltInKeywords.getAttribute(com.kms.katalon.core.testobject.ObjectRepository.findTestObject(ReportingGroupManagement/groupNameTxt), "value"): Attribute 'value' of object 'Object Repository/ReportingGroupManagement/groupNameTxt' is: 'Group TC7'

2018-07-05 20:41:30 - [MESSAGE][PASSED] - Attribute 'value' of object 'Object Repository/ReportingGroupManagement/groupNameTxt' is: 'Group TC7'

2018-07-05 20:41:30 - [TEST_STEP][PASSED] - verifyMatch: Actual text 'Group TC7' and expected text 'Group TC7' are matched 

2018-07-05 20:41:30 - [MESSAGE][PASSED] - projectSpecific.Reusability.getTestData is PASSED

2018-07-05 20:41:30 - [MESSAGE][PASSED] - Actual text 'Group TC7' and expected text 'Group TC7' are matched 

2018-07-05 20:41:30 - [TEST_STEP][PASSED] - uiaction.CommonUIActions.click: uiaction.CommonUIActions.click is PASSED

2018-07-05 20:41:30 - [MESSAGE][PASSED] - uiaction.CommonUIActions.click is PASSED

2018-07-05 20:41:30 - [TEST_STEP][PASSED] - delay: Delayed 10 second(s)

2018-07-05 20:41:40 - [MESSAGE][PASSED] - Delayed 10 second(s)

2018-07-05 20:41:40 - [TEST_STEP][PASSED] - Statement - confirmToDeleteText = CustomKeywords.uiaction.CommonUIActions.getText(com.kms.katalon.core.testobject.ObjectRepository.findTestObject(ReportingGroupManagement/confirmToDeleteText)): uiaction.CommonUIActions.getText is PASSED

2018-07-05 20:41:40 - [MESSAGE][PASSED] - uiaction.CommonUIActions.getText is PASSED

2018-07-05 20:41:40 - [TEST_STEP][PASSED] - Statement - confirmToDeleteText2 = CustomKeywords.projectSpecific.Reusability.getTestData("ReportingGroupManagementPage", "confirmDeleteTxt"): projectSpecific.Reusability.getTestData is PASSED

2018-07-05 20:41:41 - [MESSAGE][PASSED] - projectSpecific.Reusability.getTestData is PASSED

2018-07-05 20:41:41 - [TEST_STEP][PASSED] - verifyMatch: Actual text 'Confirm to Delete
Are you sure you want to remove this group?
Yes
No' and expected text 'Confirm to Delete
Are you sure you want to remove this group?
Yes
No' are matched 

2018-07-05 20:41:41 - [MESSAGE][PASSED] - Actual text 'Confirm to Delete
Are you sure you want to remove this group?
Yes
No' and expected text 'Confirm to Delete
Are you sure you want to remove this group?
Yes
No' are matched 

2018-07-05 20:41:41 - [TEST_STEP][PASSED] - uiaction.CommonUIActions.click: uiaction.CommonUIActions.click is PASSED

2018-07-05 20:41:41 - [MESSAGE][PASSED] - uiaction.CommonUIActions.click is PASSED

2018-07-05 20:41:41 - [TEST_STEP][PASSED] - back: Navigate back successfully

2018-07-05 20:41:41 - [MESSAGE][PASSED] - Navigate back successfully

2018-07-05 20:41:41 - [TEST_STEP][PASSED] - delay: Delayed 10 second(s)

2018-07-05 20:41:51 - [MESSAGE][PASSED] - Delayed 10 second(s)

2018-07-05 20:41:51 - [TEST_STEP][PASSED] - back: Navigate back successfully

2018-07-05 20:41:51 - [MESSAGE][PASSED] - Navigate back successfully

2018-07-05 20:41:51 - [TEST_STEP][PASSED] - delay: Delayed 10 second(s)

2018-07-05 20:42:01 - [MESSAGE][PASSED] - Delayed 10 second(s)

2018-07-05 20:42:01 - [TEST_STEP][PASSED] - Statement - groupHierarchyList2 = driver.findElements(org.openqa.selenium.By.xpath(com.kms.katalon.core.testdata.TestDataFactory.findTestData(OR_file).getValue(2, 13))): Reading excel file with source file 'C:\Users\shalinin\Katalon Studio\HME_DEVScripts\Data Files\HME_OR.xlsx' and sheet name 'Sheet1'

2018-07-05 20:42:01 - [TEST_STEP][PASSED] - Statement - actualgroupList2 = new java.util.ArrayList(): null

2018-07-05 20:42:01 - [TEST_STEP][PASSED] - Statement - For ([i = 0, i < groupHierarchyList2.size(), (i++)]): null

2018-07-05 20:42:01 - [TEST_STEP][PASSED] - Statement - actualgroupList2[i] = groupHierarchyList2.get(i).getText(): null

2018-07-05 20:42:01 - [TEST_STEP][PASSED] - Statement - actualgroupList2[i] = groupHierarchyList2.get(i).getText(): null

2018-07-05 20:42:01 - [TEST_STEP][PASSED] - Statement - actualgroupList2[i] = groupHierarchyList2.get(i).getText(): null

2018-07-05 20:42:01 - [TEST_STEP][PASSED] - Statement - actualgroupList2[i] = groupHierarchyList2.get(i).getText(): null

2018-07-05 20:42:01 - [TEST_STEP][PASSED] - Statement - actualgroupList2[i] = groupHierarchyList2.get(i).getText(): null

2018-07-05 20:42:01 - [TEST_STEP][PASSED] - Statement - actualgroupList2[i] = groupHierarchyList2.get(i).getText(): null

2018-07-05 20:42:01 - [TEST_STEP][PASSED] - Statement - actualgroupList2[i] = groupHierarchyList2.get(i).getText(): null

2018-07-05 20:42:01 - [TEST_STEP][PASSED] - Statement - actualgroupList2[i] = groupHierarchyList2.get(i).getText(): null

2018-07-05 20:42:01 - [TEST_STEP][PASSED] - Statement - actualgroupList2[i] = groupHierarchyList2.get(i).getText(): null

2018-07-05 20:42:01 - [TEST_STEP][PASSED] - Statement - actualgroupList2[i] = groupHierarchyList2.get(i).getText(): null

2018-07-05 20:42:01 - [TEST_STEP][PASSED] - Statement - actualgroupList2[i] = groupHierarchyList2.get(i).getText(): null

2018-07-05 20:42:01 - [TEST_STEP][PASSED] - Statement - actualgroupList2[i] = groupHierarchyList2.get(i).getText(): null

2018-07-05 20:42:01 - [TEST_STEP][PASSED] - Statement - actualgroupList2[i] = groupHierarchyList2.get(i).getText(): null

2018-07-05 20:42:01 - [TEST_STEP][PASSED] - Statement - actualgroupList2[i] = groupHierarchyList2.get(i).getText(): null

2018-07-05 20:42:01 - [TEST_STEP][PASSED] - Statement - actualgroupList2[i] = groupHierarchyList2.get(i).getText(): null

2018-07-05 20:42:01 - [TEST_STEP][PASSED] - Statement - actualgroupList2[i] = groupHierarchyList2.get(i).getText(): null

2018-07-05 20:42:01 - [TEST_STEP][PASSED] - Statement - actualgroupList2[i] = groupHierarchyList2.get(i).getText(): null

2018-07-05 20:42:01 - [TEST_STEP][PASSED] - Statement - actualgroupList2[i] = groupHierarchyList2.get(i).getText(): null

2018-07-05 20:42:01 - [TEST_STEP][PASSED] - Statement - actualgroupList2[i] = groupHierarchyList2.get(i).getText(): null

2018-07-05 20:42:01 - [TEST_STEP][PASSED] - Statement - actualgroupList2[i] = groupHierarchyList2.get(i).getText(): null

2018-07-05 20:42:01 - [TEST_STEP][PASSED] - Statement - actualgroupList2[i] = groupHierarchyList2.get(i).getText(): null

2018-07-05 20:42:01 - [TEST_STEP][PASSED] - Statement - actualgroupList2[i] = groupHierarchyList2.get(i).getText(): null

2018-07-05 20:42:01 - [TEST_STEP][PASSED] - Statement - actualgroupList2[i] = groupHierarchyList2.get(i).getText(): null

2018-07-05 20:42:01 - [TEST_STEP][PASSED] - Statement - actualgroupList2[i] = groupHierarchyList2.get(i).getText(): null

2018-07-05 20:42:01 - [TEST_STEP][PASSED] - Statement - actualgroupList2[i] = groupHierarchyList2.get(i).getText(): null

2018-07-05 20:42:01 - [TEST_STEP][PASSED] - Statement - actualgroupList2[i] = groupHierarchyList2.get(i).getText(): null

2018-07-05 20:42:01 - [TEST_STEP][PASSED] - Statement - actualgroupList2[i] = groupHierarchyList2.get(i).getText(): null

2018-07-05 20:42:01 - [TEST_STEP][PASSED] - Statement - actualgroupList2[i] = groupHierarchyList2.get(i).getText(): null

2018-07-05 20:42:01 - [TEST_STEP][PASSED] - Statement - actualgroupList2[i] = groupHierarchyList2.get(i).getText(): null

2018-07-05 20:42:01 - [TEST_STEP][PASSED] - Statement - actualgroupList2[i] = groupHierarchyList2.get(i).getText(): null

2018-07-05 20:42:01 - [TEST_STEP][PASSED] - Statement - actualgroupList2[i] = groupHierarchyList2.get(i).getText(): null

2018-07-05 20:42:01 - [TEST_STEP][PASSED] - Statement - actualgroupList2[i] = groupHierarchyList2.get(i).getText(): null

2018-07-05 20:42:01 - [TEST_STEP][PASSED] - Statement - actualgroupList2[i] = groupHierarchyList2.get(i).getText(): null

2018-07-05 20:42:01 - [TEST_STEP][PASSED] - Statement - actualgroupList2[i] = groupHierarchyList2.get(i).getText(): null

2018-07-05 20:42:01 - [TEST_STEP][PASSED] - Statement - actualgroupList2[i] = groupHierarchyList2.get(i).getText(): null

2018-07-05 20:42:01 - [TEST_STEP][PASSED] - Statement - actualgroupList2[i] = groupHierarchyList2.get(i).getText(): null

2018-07-05 20:42:01 - [TEST_STEP][PASSED] - Statement - actualgroupList2[i] = groupHierarchyList2.get(i).getText(): null

2018-07-05 20:42:01 - [TEST_STEP][PASSED] - Statement - actualgroupList2[i] = groupHierarchyList2.get(i).getText(): null

2018-07-05 20:42:01 - [TEST_STEP][PASSED] - Statement - actualgroupList2[i] = groupHierarchyList2.get(i).getText(): null

2018-07-05 20:42:01 - [TEST_STEP][PASSED] - Statement - actualgroupList2[i] = groupHierarchyList2.get(i).getText(): null

2018-07-05 20:42:01 - [TEST_STEP][PASSED] - Statement - actualgroupList2[i] = groupHierarchyList2.get(i).getText(): null

2018-07-05 20:42:01 - [TEST_STEP][PASSED] - Statement - actualgroupList2[i] = groupHierarchyList2.get(i).getText(): null

2018-07-05 20:42:01 - [TEST_STEP][PASSED] - Statement - actualgroupList2[i] = groupHierarchyList2.get(i).getText(): null

2018-07-05 20:42:01 - [TEST_STEP][PASSED] - Statement - actualgroupList2[i] = groupHierarchyList2.get(i).getText(): null

2018-07-05 20:42:01 - [TEST_STEP][PASSED] - Statement - actualgroupList2[i] = groupHierarchyList2.get(i).getText(): null

2018-07-05 20:42:02 - [TEST_STEP][PASSED] - Statement - actualgroupList2[i] = groupHierarchyList2.get(i).getText(): null

2018-07-05 20:42:02 - [TEST_STEP][PASSED] - Statement - actualgroupList2[i] = groupHierarchyList2.get(i).getText(): null

2018-07-05 20:42:02 - [TEST_STEP][PASSED] - Statement - actualgroupList2[i] = groupHierarchyList2.get(i).getText(): null

2018-07-05 20:42:02 - [TEST_STEP][PASSED] - Statement - actualgroupList2[i] = groupHierarchyList2.get(i).getText(): null

2018-07-05 20:42:02 - [TEST_STEP][PASSED] - Statement - actualgroupList2[i] = groupHierarchyList2.get(i).getText(): null

2018-07-05 20:42:02 - [TEST_STEP][PASSED] - Statement - actualgroupList2[i] = groupHierarchyList2.get(i).getText(): null

2018-07-05 20:42:02 - [TEST_STEP][PASSED] - Statement - actualgroupList2[i] = groupHierarchyList2.get(i).getText(): null

2018-07-05 20:42:02 - [TEST_STEP][PASSED] - Statement - actualgroupList2[i] = groupHierarchyList2.get(i).getText(): null

2018-07-05 20:42:02 - [TEST_STEP][PASSED] - Statement - actualgroupList2[i] = groupHierarchyList2.get(i).getText(): null

2018-07-05 20:42:02 - [TEST_STEP][PASSED] - Statement - actualgroupList2[i] = groupHierarchyList2.get(i).getText(): null

2018-07-05 20:42:02 - [TEST_STEP][PASSED] - Statement - actualgroupList2[i] = groupHierarchyList2.get(i).getText(): null

2018-07-05 20:42:02 - [TEST_STEP][PASSED] - Statement - actualgroupList2[i] = groupHierarchyList2.get(i).getText(): null

2018-07-05 20:42:02 - [TEST_STEP][PASSED] - Statement - actualgroupList2[i] = groupHierarchyList2.get(i).getText(): null

2018-07-05 20:42:02 - [TEST_STEP][PASSED] - Statement - actualgroupList2[i] = groupHierarchyList2.get(i).getText(): null

2018-07-05 20:42:02 - [TEST_STEP][PASSED] - Statement - actualgroupList2[i] = groupHierarchyList2.get(i).getText(): null

2018-07-05 20:42:02 - [TEST_STEP][PASSED] - Statement - actualgroupList2[i] = groupHierarchyList2.get(i).getText(): null

2018-07-05 20:42:02 - [TEST_STEP][PASSED] - Statement - actualgroupList2[i] = groupHierarchyList2.get(i).getText(): null

2018-07-05 20:42:02 - [TEST_STEP][PASSED] - Statement - actualgroupList2[i] = groupHierarchyList2.get(i).getText(): null

2018-07-05 20:42:02 - [TEST_STEP][PASSED] - Statement - actualgroupList2[i] = groupHierarchyList2.get(i).getText(): null

2018-07-05 20:42:02 - [TEST_STEP][PASSED] - Statement - actualgroupList2[i] = groupHierarchyList2.get(i).getText(): null

2018-07-05 20:42:02 - [TEST_STEP][PASSED] - Statement - actualgroupList2[i] = groupHierarchyList2.get(i).getText(): null

2018-07-05 20:42:02 - [TEST_STEP][PASSED] - Statement - actualgroupList2[i] = groupHierarchyList2.get(i).getText(): null

2018-07-05 20:42:02 - [TEST_STEP][PASSED] - Statement - actualgroupList2[i] = groupHierarchyList2.get(i).getText(): null

2018-07-05 20:42:02 - [TEST_STEP][PASSED] - Statement - actualgroupList2[i] = groupHierarchyList2.get(i).getText(): null

2018-07-05 20:42:02 - [TEST_STEP][PASSED] - Statement - actualgroupList2[i] = groupHierarchyList2.get(i).getText(): null

2018-07-05 20:42:02 - [TEST_STEP][PASSED] - Statement - actualgroupList2[i] = groupHierarchyList2.get(i).getText(): null

2018-07-05 20:42:02 - [TEST_STEP][PASSED] - Statement - actualgroupList2[i] = groupHierarchyList2.get(i).getText(): null

2018-07-05 20:42:02 - [TEST_STEP][PASSED] - Statement - actualgroupList2[i] = groupHierarchyList2.get(i).getText(): null

2018-07-05 20:42:02 - [TEST_STEP][PASSED] - Statement - actualgroupList2[i] = groupHierarchyList2.get(i).getText(): null

2018-07-05 20:42:02 - [TEST_STEP][PASSED] - Statement - actualgroupList2[i] = groupHierarchyList2.get(i).getText(): null

2018-07-05 20:42:02 - [TEST_STEP][PASSED] - Statement - actualgroupList2[i] = groupHierarchyList2.get(i).getText(): null

2018-07-05 20:42:02 - [TEST_STEP][PASSED] - Statement - actualgroupList2[i] = groupHierarchyList2.get(i).getText(): null

2018-07-05 20:42:02 - [TEST_STEP][PASSED] - Statement - actualgroupList2[i] = groupHierarchyList2.get(i).getText(): null

2018-07-05 20:42:02 - [TEST_STEP][PASSED] - Statement - actualgroupList2[i] = groupHierarchyList2.get(i).getText(): null

2018-07-05 20:42:02 - [TEST_STEP][PASSED] - Statement - actualgroupList2[i] = groupHierarchyList2.get(i).getText(): null

2018-07-05 20:42:02 - [TEST_STEP][PASSED] - Statement - actualgroupList2[i] = groupHierarchyList2.get(i).getText(): null

2018-07-05 20:42:02 - [TEST_STEP][PASSED] - Statement - actualgroupList2[i] = groupHierarchyList2.get(i).getText(): null

2018-07-05 20:42:02 - [TEST_STEP][PASSED] - Statement - actualgroupList2[i] = groupHierarchyList2.get(i).getText(): null

2018-07-05 20:42:02 - [TEST_STEP][PASSED] - Statement - actualgroupList2[i] = groupHierarchyList2.get(i).getText(): null

2018-07-05 20:42:02 - [TEST_STEP][PASSED] - Statement - actualgroupList2[i] = groupHierarchyList2.get(i).getText(): null

2018-07-05 20:42:02 - [TEST_STEP][PASSED] - Statement - actualgroupList2[i] = groupHierarchyList2.get(i).getText(): null

2018-07-05 20:42:02 - [TEST_STEP][PASSED] - Statement - actualgroupList2[i] = groupHierarchyList2.get(i).getText(): null

2018-07-05 20:42:02 - [TEST_STEP][PASSED] - Statement - actualgroupList2[i] = groupHierarchyList2.get(i).getText(): null

2018-07-05 20:42:02 - [TEST_STEP][PASSED] - Statement - actualgroupList2[i] = groupHierarchyList2.get(i).getText(): null

2018-07-05 20:42:02 - [TEST_STEP][PASSED] - Statement - actualgroupList2[i] = groupHierarchyList2.get(i).getText(): null

2018-07-05 20:42:02 - [TEST_STEP][PASSED] - Statement - actualgroupList2[i] = groupHierarchyList2.get(i).getText(): null

2018-07-05 20:42:02 - [TEST_STEP][PASSED] - Statement - actualgroupList2[i] = groupHierarchyList2.get(i).getText(): null

2018-07-05 20:42:02 - [TEST_STEP][PASSED] - Statement - actualgroupList2[i] = groupHierarchyList2.get(i).getText(): null

2018-07-05 20:42:02 - [TEST_STEP][PASSED] - Statement - actualgroupList2[i] = groupHierarchyList2.get(i).getText(): null

2018-07-05 20:42:02 - [TEST_STEP][PASSED] - Statement - actualgroupList2[i] = groupHierarchyList2.get(i).getText(): null

2018-07-05 20:42:02 - [TEST_STEP][PASSED] - Statement - actualgroupList2[i] = groupHierarchyList2.get(i).getText(): null

2018-07-05 20:42:02 - [TEST_STEP][PASSED] - Statement - actualgroupList2[i] = groupHierarchyList2.get(i).getText(): null

2018-07-05 20:42:02 - [TEST_STEP][PASSED] - Statement - actualgroupList2[i] = groupHierarchyList2.get(i).getText(): null

2018-07-05 20:42:02 - [TEST_STEP][PASSED] - Statement - actualgroupList2[i] = groupHierarchyList2.get(i).getText(): null

2018-07-05 20:42:02 - [TEST_STEP][PASSED] - Statement - actualgroupList2[i] = groupHierarchyList2.get(i).getText(): null

2018-07-05 20:42:02 - [TEST_STEP][PASSED] - Statement - actualgroupList2[i] = groupHierarchyList2.get(i).getText(): null

2018-07-05 20:42:02 - [TEST_STEP][PASSED] - Statement - actualgroupList2[i] = groupHierarchyList2.get(i).getText(): null

2018-07-05 20:42:02 - [TEST_STEP][PASSED] - Statement - actualgroupList2[i] = groupHierarchyList2.get(i).getText(): null

2018-07-05 20:42:02 - [TEST_STEP][PASSED] - Statement - actualgroupList2[i] = groupHierarchyList2.get(i).getText(): null

2018-07-05 20:42:02 - [TEST_STEP][PASSED] - Statement - actualgroupList2[i] = groupHierarchyList2.get(i).getText(): null

2018-07-05 20:42:02 - [TEST_STEP][PASSED] - Statement - actualgroupList2[i] = groupHierarchyList2.get(i).getText(): null

2018-07-05 20:42:02 - [TEST_STEP][PASSED] - Statement - actualgroupList2[i] = groupHierarchyList2.get(i).getText(): null

2018-07-05 20:42:03 - [TEST_STEP][PASSED] - Statement - actualgroupList2[i] = groupHierarchyList2.get(i).getText(): null

2018-07-05 20:42:03 - [TEST_STEP][PASSED] - Statement - actualgroupList2[i] = groupHierarchyList2.get(i).getText(): null

2018-07-05 20:42:03 - [TEST_STEP][PASSED] - Statement - actualgroupList2[i] = groupHierarchyList2.get(i).getText(): null

2018-07-05 20:42:03 - [TEST_STEP][PASSED] - Statement - actualgroupList2[i] = groupHierarchyList2.get(i).getText(): null

2018-07-05 20:42:03 - [TEST_STEP][PASSED] - Statement - actualgroupList2[i] = groupHierarchyList2.get(i).getText(): null

2018-07-05 20:42:03 - [TEST_STEP][PASSED] - Statement - actualgroupList2[i] = groupHierarchyList2.get(i).getText(): null

2018-07-05 20:42:03 - [TEST_STEP][PASSED] - Statement - actualgroupList2[i] = groupHierarchyList2.get(i).getText(): null

2018-07-05 20:42:03 - [TEST_STEP][PASSED] - Statement - actualgroupList2[i] = groupHierarchyList2.get(i).getText(): null

2018-07-05 20:42:03 - [TEST_STEP][PASSED] - Statement - actualgroupList2[i] = groupHierarchyList2.get(i).getText(): null

2018-07-05 20:42:03 - [TEST_STEP][PASSED] - Statement - actualgroupList2[i] = groupHierarchyList2.get(i).getText(): null

2018-07-05 20:42:03 - [TEST_STEP][PASSED] - Statement - actualgroupList2[i] = groupHierarchyList2.get(i).getText(): null

2018-07-05 20:42:03 - [TEST_STEP][PASSED] - Statement - actualgroupList2[i] = groupHierarchyList2.get(i).getText(): null

2018-07-05 20:42:03 - [TEST_STEP][PASSED] - Statement - actualgroupList2[i] = groupHierarchyList2.get(i).getText(): null

2018-07-05 20:42:03 - [TEST_STEP][PASSED] - Statement - actualgroupList2[i] = groupHierarchyList2.get(i).getText(): null

2018-07-05 20:42:03 - [TEST_STEP][PASSED] - Statement - actualgroupList2[i] = groupHierarchyList2.get(i).getText(): null

2018-07-05 20:42:03 - [TEST_STEP][PASSED] - Statement - actualgroupList2[i] = groupHierarchyList2.get(i).getText(): null

2018-07-05 20:42:03 - [TEST_STEP][PASSED] - Statement - actualgroupList2[i] = groupHierarchyList2.get(i).getText(): null

2018-07-05 20:42:03 - [TEST_STEP][PASSED] - Statement - actualgroupList2[i] = groupHierarchyList2.get(i).getText(): null

2018-07-05 20:42:03 - [TEST_STEP][PASSED] - Statement - actualgroupList2[i] = groupHierarchyList2.get(i).getText(): null

2018-07-05 20:42:03 - [TEST_STEP][PASSED] - Statement - actualgroupList2[i] = groupHierarchyList2.get(i).getText(): null

2018-07-05 20:42:03 - [TEST_STEP][PASSED] - Statement - actualgroupList2[i] = groupHierarchyList2.get(i).getText(): null

2018-07-05 20:42:03 - [TEST_STEP][PASSED] - Statement - actualgroupList2[i] = groupHierarchyList2.get(i).getText(): null

2018-07-05 20:42:03 - [TEST_STEP][PASSED] - Statement - actualgroupList2[i] = groupHierarchyList2.get(i).getText(): null

2018-07-05 20:42:03 - [TEST_STEP][PASSED] - Statement - actualgroupList2[i] = groupHierarchyList2.get(i).getText(): null

2018-07-05 20:42:03 - [TEST_STEP][PASSED] - Statement - actualgroupList2[i] = groupHierarchyList2.get(i).getText(): null

2018-07-05 20:42:03 - [TEST_STEP][PASSED] - Statement - actualgroupList2[i] = groupHierarchyList2.get(i).getText(): null

2018-07-05 20:42:03 - [TEST_STEP][PASSED] - Statement - actualgroupList2[i] = groupHierarchyList2.get(i).getText(): null

2018-07-05 20:42:03 - [TEST_STEP][PASSED] - Statement - actualgroupList2[i] = groupHierarchyList2.get(i).getText(): null

2018-07-05 20:42:03 - [TEST_STEP][PASSED] - Statement - actualgroupList2[i] = groupHierarchyList2.get(i).getText(): null

2018-07-05 20:42:03 - [TEST_STEP][PASSED] - Statement - actualgroupList2[i] = groupHierarchyList2.get(i).getText(): null

2018-07-05 20:42:03 - [TEST_STEP][PASSED] - Statement - actualgroupList2[i] = groupHierarchyList2.get(i).getText(): null

2018-07-05 20:42:03 - [TEST_STEP][PASSED] - Statement - actualgroupList2[i] = groupHierarchyList2.get(i).getText(): null

2018-07-05 20:42:03 - [TEST_STEP][PASSED] - Statement - actualgroupList2[i] = groupHierarchyList2.get(i).getText(): null

2018-07-05 20:42:03 - [TEST_STEP][PASSED] - Statement - actualgroupList2[i] = groupHierarchyList2.get(i).getText(): null

2018-07-05 20:42:03 - [TEST_STEP][PASSED] - Statement - actualgroupList2[i] = groupHierarchyList2.get(i).getText(): null

2018-07-05 20:42:03 - [TEST_STEP][PASSED] - Statement - actualgroupList2[i] = groupHierarchyList2.get(i).getText(): null

2018-07-05 20:42:03 - [TEST_STEP][PASSED] - Statement - actualgroupList2[i] = groupHierarchyList2.get(i).getText(): null

2018-07-05 20:42:03 - [TEST_STEP][PASSED] - Statement - actualgroupList2[i] = groupHierarchyList2.get(i).getText(): null

2018-07-05 20:42:03 - [TEST_STEP][PASSED] - Statement - actualgroupList2[i] = groupHierarchyList2.get(i).getText(): null

2018-07-05 20:42:03 - [TEST_STEP][PASSED] - Statement - actualgroupList2[i] = groupHierarchyList2.get(i).getText(): null

2018-07-05 20:42:03 - [TEST_STEP][PASSED] - Statement - actualgroupList2[i] = groupHierarchyList2.get(i).getText(): null

2018-07-05 20:42:03 - [TEST_STEP][PASSED] - Statement - actualgroupList2[i] = groupHierarchyList2.get(i).getText(): null

2018-07-05 20:42:03 - [TEST_STEP][PASSED] - Statement - actualgroupList2[i] = groupHierarchyList2.get(i).getText(): null

2018-07-05 20:42:03 - [TEST_STEP][PASSED] - Statement - actualgroupList2[i] = groupHierarchyList2.get(i).getText(): null

2018-07-05 20:42:03 - [TEST_STEP][PASSED] - Statement - actualgroupList2[i] = groupHierarchyList2.get(i).getText(): null

2018-07-05 20:42:03 - [TEST_STEP][PASSED] - Statement - actualgroupList2[i] = groupHierarchyList2.get(i).getText(): null

2018-07-05 20:42:03 - [TEST_STEP][PASSED] - Statement - actualgroupList2[i] = groupHierarchyList2.get(i).getText(): null

2018-07-05 20:42:03 - [TEST_STEP][PASSED] - Statement - actualgroupList2[i] = groupHierarchyList2.get(i).getText(): null

2018-07-05 20:42:03 - [TEST_STEP][PASSED] - Statement - actualgroupList2[i] = groupHierarchyList2.get(i).getText(): null

2018-07-05 20:42:03 - [TEST_STEP][PASSED] - Statement - actualgroupList2[i] = groupHierarchyList2.get(i).getText(): null

2018-07-05 20:42:03 - [TEST_STEP][PASSED] - Statement - actualgroupList2[i] = groupHierarchyList2.get(i).getText(): null

2018-07-05 20:42:03 - [TEST_STEP][PASSED] - Statement - actualgroupList2[i] = groupHierarchyList2.get(i).getText(): null

2018-07-05 20:42:03 - [TEST_STEP][PASSED] - Statement - actualgroupList2[i] = groupHierarchyList2.get(i).getText(): null

2018-07-05 20:42:03 - [TEST_STEP][PASSED] - Statement - actualgroupList2[i] = groupHierarchyList2.get(i).getText(): null

2018-07-05 20:42:03 - [TEST_STEP][PASSED] - Statement - actualgroupList2[i] = groupHierarchyList2.get(i).getText(): null

2018-07-05 20:42:03 - [TEST_STEP][PASSED] - Statement - actualgroupList2[i] = groupHierarchyList2.get(i).getText(): null

2018-07-05 20:42:03 - [TEST_STEP][PASSED] - Statement - actualgroupList2[i] = groupHierarchyList2.get(i).getText(): null

2018-07-05 20:42:03 - [TEST_STEP][PASSED] - Statement - actualgroupList2[i] = groupHierarchyList2.get(i).getText(): null

2018-07-05 20:42:03 - [TEST_STEP][PASSED] - Statement - actualgroupList2[i] = groupHierarchyList2.get(i).getText(): null

2018-07-05 20:42:03 - [TEST_STEP][PASSED] - Statement - actualgroupList2[i] = groupHierarchyList2.get(i).getText(): null

2018-07-05 20:42:03 - [TEST_STEP][PASSED] - Statement - actualgroupList2[i] = groupHierarchyList2.get(i).getText(): null

2018-07-05 20:42:04 - [TEST_STEP][PASSED] - Statement - actualgroupList2[i] = groupHierarchyList2.get(i).getText(): null

2018-07-05 20:42:04 - [TEST_STEP][PASSED] - Statement - actualgroupList2[i] = groupHierarchyList2.get(i).getText(): null

2018-07-05 20:42:04 - [TEST_STEP][PASSED] - Statement - actualgroupList2[i] = groupHierarchyList2.get(i).getText(): null

2018-07-05 20:42:04 - [TEST_STEP][PASSED] - Statement - actualgroupList2[i] = groupHierarchyList2.get(i).getText(): null

2018-07-05 20:42:04 - [TEST_STEP][PASSED] - Statement - actualgroupList2[i] = groupHierarchyList2.get(i).getText(): null

2018-07-05 20:42:04 - [TEST_STEP][PASSED] - Statement - actualgroupList2[i] = groupHierarchyList2.get(i).getText(): null

2018-07-05 20:42:04 - [TEST_STEP][PASSED] - Statement - actualgroupList2[i] = groupHierarchyList2.get(i).getText(): null

2018-07-05 20:42:04 - [TEST_STEP][PASSED] - Statement - actualgroupList2[i] = groupHierarchyList2.get(i).getText(): null

2018-07-05 20:42:04 - [TEST_STEP][PASSED] - Statement - actualgroupList2[i] = groupHierarchyList2.get(i).getText(): null

2018-07-05 20:42:04 - [TEST_STEP][PASSED] - Statement - actualgroupList2[i] = groupHierarchyList2.get(i).getText(): null

2018-07-05 20:42:04 - [TEST_STEP][PASSED] - Statement - actualgroupList2[i] = groupHierarchyList2.get(i).getText(): null

2018-07-05 20:42:04 - [TEST_STEP][PASSED] - Statement - actualgroupList2[i] = groupHierarchyList2.get(i).getText(): null

2018-07-05 20:42:04 - [TEST_STEP][PASSED] - Statement - actualgroupList2[i] = groupHierarchyList2.get(i).getText(): null

2018-07-05 20:42:04 - [TEST_STEP][PASSED] - Statement - actualgroupList2[i] = groupHierarchyList2.get(i).getText(): null

2018-07-05 20:42:04 - [TEST_STEP][PASSED] - Statement - actualgroupList2[i] = groupHierarchyList2.get(i).getText(): null

2018-07-05 20:42:04 - [TEST_STEP][PASSED] - Statement - actualgroupList2[i] = groupHierarchyList2.get(i).getText(): null

2018-07-05 20:42:04 - [TEST_STEP][PASSED] - Statement - actualgroupList2[i] = groupHierarchyList2.get(i).getText(): null

2018-07-05 20:42:04 - [TEST_STEP][PASSED] - Statement - actualgroupList2[i] = groupHierarchyList2.get(i).getText(): null

2018-07-05 20:42:04 - [TEST_STEP][PASSED] - Statement - actualgroupList2[i] = groupHierarchyList2.get(i).getText(): null

2018-07-05 20:42:04 - [TEST_STEP][PASSED] - Statement - actualgroupList2[i] = groupHierarchyList2.get(i).getText(): null

2018-07-05 20:42:04 - [TEST_STEP][PASSED] - Statement - actualgroupList2[i] = groupHierarchyList2.get(i).getText(): null

2018-07-05 20:42:04 - [TEST_STEP][PASSED] - Statement - actualgroupList2[i] = groupHierarchyList2.get(i).getText(): null

2018-07-05 20:42:04 - [TEST_STEP][PASSED] - Statement - actualgroupList2[i] = groupHierarchyList2.get(i).getText(): null

2018-07-05 20:42:04 - [TEST_STEP][PASSED] - Statement - actualgroupList2[i] = groupHierarchyList2.get(i).getText(): null

2018-07-05 20:42:04 - [TEST_STEP][PASSED] - Statement - actualgroupList2[i] = groupHierarchyList2.get(i).getText(): null

2018-07-05 20:42:04 - [TEST_STEP][PASSED] - Statement - actualgroupList2[i] = groupHierarchyList2.get(i).getText(): null

2018-07-05 20:42:04 - [TEST_STEP][PASSED] - Statement - actualgroupList2[i] = groupHierarchyList2.get(i).getText(): null

2018-07-05 20:42:04 - [TEST_STEP][PASSED] - Statement - actualgroupList2[i] = groupHierarchyList2.get(i).getText(): null

2018-07-05 20:42:04 - [TEST_STEP][PASSED] - Statement - actualgroupList2[i] = groupHierarchyList2.get(i).getText(): null

2018-07-05 20:42:04 - [TEST_STEP][PASSED] - Statement - actualgroupList2[i] = groupHierarchyList2.get(i).getText(): null

2018-07-05 20:42:04 - [TEST_STEP][PASSED] - Statement - actualgroupList2[i] = groupHierarchyList2.get(i).getText(): null

2018-07-05 20:42:04 - [TEST_STEP][PASSED] - Statement - actualgroupList2[i] = groupHierarchyList2.get(i).getText(): null

2018-07-05 20:42:04 - [TEST_STEP][PASSED] - Statement - actualgroupList2[i] = groupHierarchyList2.get(i).getText(): null

2018-07-05 20:42:04 - [TEST_STEP][PASSED] - Statement - actualgroupList2[i] = groupHierarchyList2.get(i).getText(): null

2018-07-05 20:42:04 - [TEST_STEP][PASSED] - Statement - actualgroupList2[i] = groupHierarchyList2.get(i).getText(): null

2018-07-05 20:42:04 - [TEST_STEP][PASSED] - Statement - actualgroupList2[i] = groupHierarchyList2.get(i).getText(): null

2018-07-05 20:42:04 - [TEST_STEP][PASSED] - Statement - actualgroupList2[i] = groupHierarchyList2.get(i).getText(): null

2018-07-05 20:42:04 - [TEST_STEP][PASSED] - Statement - actualgroupList2[i] = groupHierarchyList2.get(i).getText(): null

2018-07-05 20:42:04 - [TEST_STEP][PASSED] - Statement - actualgroupList2[i] = groupHierarchyList2.get(i).getText(): null

2018-07-05 20:42:04 - [TEST_STEP][PASSED] - Statement - actualgroupList2[i] = groupHierarchyList2.get(i).getText(): null

2018-07-05 20:42:04 - [TEST_STEP][PASSED] - Statement - actualgroupList2[i] = groupHierarchyList2.get(i).getText(): null

2018-07-05 20:42:04 - [TEST_STEP][PASSED] - Statement - actualgroupList2[i] = groupHierarchyList2.get(i).getText(): null

2018-07-05 20:42:04 - [TEST_STEP][PASSED] - Statement - actualgroupList2[i] = groupHierarchyList2.get(i).getText(): null

2018-07-05 20:42:04 - [TEST_STEP][PASSED] - Statement - actualgroupList2[i] = groupHierarchyList2.get(i).getText(): null

2018-07-05 20:42:04 - [TEST_STEP][PASSED] - Statement - actualgroupList2[i] = groupHierarchyList2.get(i).getText(): null

2018-07-05 20:42:04 - [TEST_STEP][PASSED] - Statement - actualgroupList2[i] = groupHierarchyList2.get(i).getText(): null

2018-07-05 20:42:04 - [TEST_STEP][PASSED] - Statement - actualgroupList2[i] = groupHierarchyList2.get(i).getText(): null

2018-07-05 20:42:04 - [TEST_STEP][PASSED] - Statement - actualgroupList2[i] = groupHierarchyList2.get(i).getText(): null

2018-07-05 20:42:04 - [TEST_STEP][PASSED] - Statement - actualgroupList2[i] = groupHierarchyList2.get(i).getText(): null

2018-07-05 20:42:04 - [TEST_STEP][PASSED] - Statement - actualgroupList2[i] = groupHierarchyList2.get(i).getText(): null

2018-07-05 20:42:04 - [TEST_STEP][PASSED] - Statement - actualgroupList2[i] = groupHierarchyList2.get(i).getText(): null

2018-07-05 20:42:04 - [TEST_STEP][PASSED] - Statement - actualgroupList2[i] = groupHierarchyList2.get(i).getText(): null

2018-07-05 20:42:04 - [TEST_STEP][PASSED] - Statement - actualgroupList2[i] = groupHierarchyList2.get(i).getText(): null

2018-07-05 20:42:04 - [TEST_STEP][PASSED] - Statement - actualgroupList2[i] = groupHierarchyList2.get(i).getText(): null

2018-07-05 20:42:04 - [TEST_STEP][PASSED] - Statement - actualgroupList2[i] = groupHierarchyList2.get(i).getText(): null

2018-07-05 20:42:04 - [TEST_STEP][PASSED] - Statement - actualgroupList2[i] = groupHierarchyList2.get(i).getText(): null

2018-07-05 20:42:04 - [TEST_STEP][PASSED] - Statement - actualgroupList2[i] = groupHierarchyList2.get(i).getText(): null

2018-07-05 20:42:04 - [TEST_STEP][PASSED] - Statement - actualgroupList2[i] = groupHierarchyList2.get(i).getText(): null

2018-07-05 20:42:04 - [TEST_STEP][PASSED] - Statement - actualgroupList2[i] = groupHierarchyList2.get(i).getText(): null

2018-07-05 20:42:04 - [TEST_STEP][PASSED] - Statement - actualgroupList2[i] = groupHierarchyList2.get(i).getText(): null

2018-07-05 20:42:04 - [TEST_STEP][PASSED] - Statement - actualgroupList2[i] = groupHierarchyList2.get(i).getText(): null

2018-07-05 20:42:05 - [TEST_STEP][PASSED] - Statement - actualgroupList2[i] = groupHierarchyList2.get(i).getText(): null

2018-07-05 20:42:05 - [TEST_STEP][PASSED] - Statement - actualgroupList2[i] = groupHierarchyList2.get(i).getText(): null

2018-07-05 20:42:05 - [TEST_STEP][PASSED] - Statement - actualgroupList2[i] = groupHierarchyList2.get(i).getText(): null

2018-07-05 20:42:05 - [TEST_STEP][PASSED] - Statement - actualgroupList2[i] = groupHierarchyList2.get(i).getText(): null

2018-07-05 20:42:05 - [TEST_STEP][PASSED] - Statement - actualgroupList2[i] = groupHierarchyList2.get(i).getText(): null

2018-07-05 20:42:05 - [TEST_STEP][PASSED] - Statement - actualgroupList2[i] = groupHierarchyList2.get(i).getText(): null

2018-07-05 20:42:05 - [TEST_STEP][PASSED] - Statement - actualgroupList2[i] = groupHierarchyList2.get(i).getText(): null

2018-07-05 20:42:05 - [TEST_STEP][PASSED] - Statement - actualgroupList2[i] = groupHierarchyList2.get(i).getText(): null

2018-07-05 20:42:05 - [TEST_STEP][PASSED] - Statement - actualgroupList2[i] = groupHierarchyList2.get(i).getText(): null

2018-07-05 20:42:05 - [TEST_STEP][PASSED] - Statement - actualgroupList2[i] = groupHierarchyList2.get(i).getText(): null

2018-07-05 20:42:05 - [TEST_STEP][PASSED] - Statement - actualgroupList2[i] = groupHierarchyList2.get(i).getText(): null

2018-07-05 20:42:05 - [TEST_STEP][PASSED] - Statement - actualgroupList2[i] = groupHierarchyList2.get(i).getText(): null

2018-07-05 20:42:05 - [TEST_STEP][PASSED] - Statement - actualgroupList2[i] = groupHierarchyList2.get(i).getText(): null

2018-07-05 20:42:05 - [TEST_STEP][PASSED] - Statement - actualgroupList2[i] = groupHierarchyList2.get(i).getText(): null

2018-07-05 20:42:05 - [TEST_STEP][PASSED] - Statement - actualgroupList2[i] = groupHierarchyList2.get(i).getText(): null

2018-07-05 20:42:05 - [TEST_STEP][PASSED] - Statement - actualgroupList2[i] = groupHierarchyList2.get(i).getText(): null

2018-07-05 20:42:05 - [TEST_STEP][PASSED] - Statement - actualgroupList2[i] = groupHierarchyList2.get(i).getText(): null

2018-07-05 20:42:05 - [TEST_STEP][PASSED] - Statement - actualgroupList2[i] = groupHierarchyList2.get(i).getText(): null

2018-07-05 20:42:05 - [TEST_STEP][PASSED] - Statement - actualgroupList2[i] = groupHierarchyList2.get(i).getText(): null

2018-07-05 20:42:05 - [TEST_STEP][PASSED] - Statement - actualgroupList2[i] = groupHierarchyList2.get(i).getText(): null

2018-07-05 20:42:05 - [TEST_STEP][PASSED] - Statement - actualgroupList2[i] = groupHierarchyList2.get(i).getText(): null

2018-07-05 20:42:05 - [TEST_STEP][PASSED] - Statement - actualgroupList2[i] = groupHierarchyList2.get(i).getText(): null

2018-07-05 20:42:05 - [TEST_STEP][PASSED] - Statement - actualgroupList2[i] = groupHierarchyList2.get(i).getText(): null

2018-07-05 20:42:05 - [TEST_STEP][PASSED] - Statement - actualgroupList2[i] = groupHierarchyList2.get(i).getText(): null

2018-07-05 20:42:05 - [TEST_STEP][PASSED] - Statement - actualgroupList2[i] = groupHierarchyList2.get(i).getText(): null

2018-07-05 20:42:05 - [TEST_STEP][PASSED] - Statement - actualgroupList2[i] = groupHierarchyList2.get(i).getText(): null

2018-07-05 20:42:05 - [TEST_STEP][PASSED] - Statement - actualgroupList2[i] = groupHierarchyList2.get(i).getText(): null

2018-07-05 20:42:05 - [TEST_STEP][PASSED] - Statement - actualgroupList2[i] = groupHierarchyList2.get(i).getText(): null

2018-07-05 20:42:05 - [TEST_STEP][PASSED] - Statement - actualgroupList2[i] = groupHierarchyList2.get(i).getText(): null

2018-07-05 20:42:05 - [TEST_STEP][PASSED] - Statement - out.println(actualgroupList2): null

2018-07-05 20:42:05 - [TEST_STEP][PASSED] - Statement - groupName = CustomKeywords.projectSpecific.Reusability.getTestData("ReportingGroupManagementPage", "groupNameTC7"): projectSpecific.Reusability.getTestData is PASSED

2018-07-05 20:42:05 - [MESSAGE][PASSED] - projectSpecific.Reusability.getTestData is PASSED

2018-07-05 20:42:05 - [TEST_STEP][PASSED] - Statement - If (actualgroupList2.contains(groupName)): null

2018-07-05 20:42:05 - [TEST_STEP][PASSED] - Statement - Else: Taking screenshot successfully

2018-07-05 20:42:05 - [TEST_STEP][PASSED] - Statement - println("Required group is not available in tree structure"): null

2018-07-05 20:42:05 - [TEST_STEP][PASSED] - Statement - If (!(TCflag)): null

2018-07-05 20:42:05 - [TEST_STEP][PASSED] - takeScreenshot: Taking screenshot successfully

2018-07-05 20:42:05 - [MESSAGE][PASSED] - Taking screenshot successfully
[[ATTACHMENT|C:\\Users\\shalinin\\Katalon Studio\\HME_DEVScripts\\Reports\\RegressionSuite\\20180705_200517\\1530803525489.png]]

2018-07-05 20:42:05 - [TEST_STEP][PASSED] - uiaction.CommonUIActions.click: uiaction.CommonUIActions.click is PASSED

2018-07-05 20:42:05 - [MESSAGE][PASSED] - uiaction.CommonUIActions.click is PASSED

2018-07-05 20:42:05 - [TEST_STEP][PASSED] - verifyElementPresent: Object 'Object Repository/ReportingGroupManagement/reportingGroupDetails' is present

2018-07-05 20:42:05 - [MESSAGE][PASSED] - Object 'Object Repository/ReportingGroupManagement/reportingGroupDetails' is present

2018-07-05 20:42:05 - [TEST_STEP][PASSED] - Statement - storesLabel = driver.findElements(org.openqa.selenium.By.xpath(com.kms.katalon.core.testdata.TestDataFactory.findTestData(OR_file).getValue(2, 10))): Reading excel file with source file 'C:\Users\shalinin\Katalon Studio\HME_DEVScripts\Data Files\HME_OR.xlsx' and sheet name 'Sheet1'

2018-07-05 20:42:05 - [TEST_STEP][PASSED] - Statement - groupStoresList = new java.util.ArrayList(): null

2018-07-05 20:42:05 - [TEST_STEP][PASSED] - Statement - For ([i = 0, i < storesLabel.size(), (i++)]): null

2018-07-05 20:42:05 - [TEST_STEP][PASSED] - Statement - If (actualgroupList2.containsAll(groupStoresList)): null

2018-07-05 20:42:05 - [TEST_STEP][PASSED] - Statement - println("Selected stores are displayed in Group/Stores in Group listbox"): null

2018-07-05 20:42:05 - [TEST_STEP][PASSED] - delay: Delayed 5 second(s)

2018-07-05 20:42:10 - [MESSAGE][PASSED] - Delayed 5 second(s)

2018-07-05 20:42:10 - [TEST_STEP][PASSED] - uiaction.CommonUIActions.click: uiaction.CommonUIActions.click is PASSED

2018-07-05 20:42:25 - [MESSAGE][PASSED] - uiaction.CommonUIActions.click is PASSED

2018-07-05 20:42:25 - [TEST_STEP][PASSED] - Statement - storesList = driver.findElements(org.openqa.selenium.By.xpath(com.kms.katalon.core.testdata.TestDataFactory.findTestData(OR_file).getValue(2, 16))): Reading excel file with source file 'C:\Users\shalinin\Katalon Studio\HME_DEVScripts\Data Files\HME_OR.xlsx' and sheet name 'Sheet1'

2018-07-05 20:42:25 - [TEST_STEP][PASSED] - Statement - For ([i = 1, i < storesList.size(), (i++)]): null

2018-07-05 20:42:25 - [TEST_STEP][PASSED] - Statement - reportgroup = "(//div[@class='ctable']/table/tbody/tr[@class='tdata clear'])[" + i + "]/td[7]": null

2018-07-05 20:42:25 - [TEST_STEP][PASSED] - Statement - reportgroupTxt = driver.findElement(org.openqa.selenium.By.xpath(reportgroup)).getText(): null

2018-07-05 20:42:25 - [TEST_STEP][PASSED] - Statement - If (reportgroupTxt == ""): null

2018-07-05 20:42:25 - [TEST_STEP][PASSED] - Statement - println("Report group does not have group name"): null

2018-07-05 20:42:25 - [TEST_STEP][PASSED] - Statement - reportgroup = "(//div[@class='ctable']/table/tbody/tr[@class='tdata clear'])[" + i + "]/td[7]": null

2018-07-05 20:42:25 - [TEST_STEP][PASSED] - Statement - reportgroupTxt = driver.findElement(org.openqa.selenium.By.xpath(reportgroup)).getText(): null

2018-07-05 20:42:25 - [TEST_STEP][PASSED] - Statement - If (reportgroupTxt == ""): null

2018-07-05 20:42:25 - [TEST_STEP][PASSED] - Statement - println("Report group does not have group name"): null

2018-07-05 20:42:25 - [TEST_STEP][PASSED] - Statement - reportgroup = "(//div[@class='ctable']/table/tbody/tr[@class='tdata clear'])[" + i + "]/td[7]": null

2018-07-05 20:42:25 - [TEST_STEP][PASSED] - Statement - reportgroupTxt = driver.findElement(org.openqa.selenium.By.xpath(reportgroup)).getText(): null

2018-07-05 20:42:25 - [TEST_STEP][PASSED] - Statement - If (reportgroupTxt == ""): null

2018-07-05 20:42:25 - [TEST_STEP][PASSED] - Statement - println("Report group does not have group name"): null

2018-07-05 20:42:25 - [TEST_STEP][PASSED] - Statement - reportgroup = "(//div[@class='ctable']/table/tbody/tr[@class='tdata clear'])[" + i + "]/td[7]": null

2018-07-05 20:42:25 - [TEST_STEP][PASSED] - Statement - reportgroupTxt = driver.findElement(org.openqa.selenium.By.xpath(reportgroup)).getText(): null

2018-07-05 20:42:25 - [TEST_STEP][PASSED] - Statement - If (reportgroupTxt == ""): null

2018-07-05 20:42:25 - [TEST_STEP][PASSED] - Statement - println("Report group does not have group name"): null

2018-07-05 20:42:25 - [TEST_STEP][PASSED] - Statement - reportgroup = "(//div[@class='ctable']/table/tbody/tr[@class='tdata clear'])[" + i + "]/td[7]": null

2018-07-05 20:42:25 - [TEST_STEP][PASSED] - Statement - reportgroupTxt = driver.findElement(org.openqa.selenium.By.xpath(reportgroup)).getText(): null

2018-07-05 20:42:25 - [TEST_STEP][PASSED] - Statement - If (reportgroupTxt == ""): null

2018-07-05 20:42:25 - [TEST_STEP][PASSED] - Statement - println("Report group does not have group name"): null

2018-07-05 20:42:25 - [TEST_STEP][PASSED] - Statement - reportgroup = "(//div[@class='ctable']/table/tbody/tr[@class='tdata clear'])[" + i + "]/td[7]": null

2018-07-05 20:42:25 - [TEST_STEP][PASSED] - Statement - reportgroupTxt = driver.findElement(org.openqa.selenium.By.xpath(reportgroup)).getText(): null

2018-07-05 20:42:25 - [TEST_STEP][PASSED] - Statement - If (reportgroupTxt == ""): null

2018-07-05 20:42:25 - [TEST_STEP][PASSED] - Statement - println("Report group does not have group name"): null

2018-07-05 20:42:25 - [TEST_STEP][PASSED] - Statement - reportgroup = "(//div[@class='ctable']/table/tbody/tr[@class='tdata clear'])[" + i + "]/td[7]": null

2018-07-05 20:42:25 - [TEST_STEP][PASSED] - Statement - reportgroupTxt = driver.findElement(org.openqa.selenium.By.xpath(reportgroup)).getText(): null

2018-07-05 20:42:25 - [TEST_STEP][PASSED] - Statement - If (reportgroupTxt == ""): null

2018-07-05 20:42:25 - [TEST_STEP][PASSED] - Statement - println("Report group does not have group name"): null

2018-07-05 20:42:25 - [TEST_STEP][PASSED] - Statement - reportgroup = "(//div[@class='ctable']/table/tbody/tr[@class='tdata clear'])[" + i + "]/td[7]": null

2018-07-05 20:42:25 - [TEST_STEP][PASSED] - Statement - reportgroupTxt = driver.findElement(org.openqa.selenium.By.xpath(reportgroup)).getText(): null

2018-07-05 20:42:25 - [TEST_STEP][PASSED] - Statement - If (reportgroupTxt == ""): null

2018-07-05 20:42:25 - [TEST_STEP][PASSED] - Statement - println("Report group does not have group name"): null

2018-07-05 20:42:25 - [TEST_STEP][PASSED] - Statement - reportgroup = "(//div[@class='ctable']/table/tbody/tr[@class='tdata clear'])[" + i + "]/td[7]": null

2018-07-05 20:42:25 - [TEST_STEP][PASSED] - Statement - reportgroupTxt = driver.findElement(org.openqa.selenium.By.xpath(reportgroup)).getText(): null

2018-07-05 20:42:25 - [TEST_STEP][PASSED] - Statement - If (reportgroupTxt == ""): null

2018-07-05 20:42:25 - [TEST_STEP][PASSED] - Statement - println("Report group does not have group name"): null

2018-07-05 20:42:25 - [TEST_STEP][PASSED] - Statement - reportgroup = "(//div[@class='ctable']/table/tbody/tr[@class='tdata clear'])[" + i + "]/td[7]": null

2018-07-05 20:42:25 - [TEST_STEP][PASSED] - Statement - reportgroupTxt = driver.findElement(org.openqa.selenium.By.xpath(reportgroup)).getText(): null

2018-07-05 20:42:25 - [TEST_STEP][PASSED] - Statement - If (reportgroupTxt == ""): null

2018-07-05 20:42:25 - [TEST_STEP][PASSED] - Statement - println("Report group does not have group name"): null

2018-07-05 20:42:25 - [TEST_STEP][PASSED] - Statement - reportgroup = "(//div[@class='ctable']/table/tbody/tr[@class='tdata clear'])[" + i + "]/td[7]": null

2018-07-05 20:42:25 - [TEST_STEP][PASSED] - Statement - reportgroupTxt = driver.findElement(org.openqa.selenium.By.xpath(reportgroup)).getText(): null

2018-07-05 20:42:25 - [TEST_STEP][PASSED] - Statement - If (reportgroupTxt == ""): null

2018-07-05 20:42:25 - [TEST_STEP][PASSED] - Statement - println("Report group does not have group name"): null

2018-07-05 20:42:25 - [TEST_STEP][PASSED] - Statement - reportgroup = "(//div[@class='ctable']/table/tbody/tr[@class='tdata clear'])[" + i + "]/td[7]": null

2018-07-05 20:42:25 - [TEST_STEP][PASSED] - Statement - reportgroupTxt = driver.findElement(org.openqa.selenium.By.xpath(reportgroup)).getText(): null

2018-07-05 20:42:25 - [TEST_STEP][PASSED] - Statement - If (reportgroupTxt == ""): null

2018-07-05 20:42:25 - [TEST_STEP][PASSED] - Statement - println("Report group does not have group name"): null

2018-07-05 20:42:25 - [TEST_STEP][PASSED] - Statement - reportgroup = "(//div[@class='ctable']/table/tbody/tr[@class='tdata clear'])[" + i + "]/td[7]": null

2018-07-05 20:42:25 - [TEST_STEP][PASSED] - Statement - reportgroupTxt = driver.findElement(org.openqa.selenium.By.xpath(reportgroup)).getText(): null

2018-07-05 20:42:25 - [TEST_STEP][PASSED] - Statement - If (reportgroupTxt == ""): null

2018-07-05 20:42:25 - [TEST_STEP][PASSED] - Statement - println("Report group does not have group name"): null

2018-07-05 20:42:25 - [TEST_STEP][PASSED] - Statement - reportgroup = "(//div[@class='ctable']/table/tbody/tr[@class='tdata clear'])[" + i + "]/td[7]": null

2018-07-05 20:42:25 - [TEST_STEP][PASSED] - Statement - reportgroupTxt = driver.findElement(org.openqa.selenium.By.xpath(reportgroup)).getText(): null

2018-07-05 20:42:25 - [TEST_STEP][PASSED] - Statement - If (reportgroupTxt == ""): null

2018-07-05 20:42:25 - [TEST_STEP][PASSED] - Statement - println("Report group does not have group name"): null

2018-07-05 20:42:25 - [TEST_STEP][PASSED] - Statement - reportgroup = "(//div[@class='ctable']/table/tbody/tr[@class='tdata clear'])[" + i + "]/td[7]": null

2018-07-05 20:42:25 - [TEST_STEP][PASSED] - Statement - reportgroupTxt = driver.findElement(org.openqa.selenium.By.xpath(reportgroup)).getText(): null

2018-07-05 20:42:25 - [TEST_STEP][PASSED] - Statement - If (reportgroupTxt == ""): null

2018-07-05 20:42:25 - [TEST_STEP][PASSED] - Statement - println("Report group does not have group name"): null

2018-07-05 20:42:25 - [TEST_STEP][PASSED] - Statement - reportgroup = "(//div[@class='ctable']/table/tbody/tr[@class='tdata clear'])[" + i + "]/td[7]": null

2018-07-05 20:42:25 - [TEST_STEP][PASSED] - Statement - reportgroupTxt = driver.findElement(org.openqa.selenium.By.xpath(reportgroup)).getText(): null

2018-07-05 20:42:25 - [TEST_STEP][PASSED] - Statement - If (reportgroupTxt == ""): null

2018-07-05 20:42:25 - [TEST_STEP][PASSED] - Statement - println("Report group does not have group name"): null

2018-07-05 20:42:25 - [TEST_STEP][PASSED] - Statement - reportgroup = "(//div[@class='ctable']/table/tbody/tr[@class='tdata clear'])[" + i + "]/td[7]": null

2018-07-05 20:42:25 - [TEST_STEP][PASSED] - Statement - reportgroupTxt = driver.findElement(org.openqa.selenium.By.xpath(reportgroup)).getText(): null

2018-07-05 20:42:25 - [TEST_STEP][PASSED] - Statement - If (reportgroupTxt == ""): null

2018-07-05 20:42:25 - [TEST_STEP][PASSED] - Statement - println("Report group does not have group name"): null

2018-07-05 20:42:25 - [TEST_STEP][PASSED] - Statement - reportgroup = "(//div[@class='ctable']/table/tbody/tr[@class='tdata clear'])[" + i + "]/td[7]": null

2018-07-05 20:42:25 - [TEST_STEP][PASSED] - Statement - reportgroupTxt = driver.findElement(org.openqa.selenium.By.xpath(reportgroup)).getText(): null

2018-07-05 20:42:25 - [TEST_STEP][PASSED] - Statement - If (reportgroupTxt == ""): null

2018-07-05 20:42:25 - [TEST_STEP][PASSED] - Statement - println("Report group does not have group name"): null

2018-07-05 20:42:25 - [TEST_STEP][PASSED] - Statement - reportgroup = "(//div[@class='ctable']/table/tbody/tr[@class='tdata clear'])[" + i + "]/td[7]": null

2018-07-05 20:42:25 - [TEST_STEP][PASSED] - Statement - reportgroupTxt = driver.findElement(org.openqa.selenium.By.xpath(reportgroup)).getText(): null

2018-07-05 20:42:25 - [TEST_STEP][PASSED] - Statement - If (reportgroupTxt == ""): null

2018-07-05 20:42:25 - [TEST_STEP][PASSED] - Statement - println("Report group does not have group name"): null

2018-07-05 20:42:25 - [TEST_STEP][PASSED] - Statement - reportgroup = "(//div[@class='ctable']/table/tbody/tr[@class='tdata clear'])[" + i + "]/td[7]": null

2018-07-05 20:42:25 - [TEST_STEP][PASSED] - Statement - reportgroupTxt = driver.findElement(org.openqa.selenium.By.xpath(reportgroup)).getText(): null

2018-07-05 20:42:25 - [TEST_STEP][PASSED] - Statement - If (reportgroupTxt == ""): null

2018-07-05 20:42:25 - [TEST_STEP][PASSED] - Statement - println("Report group does not have group name"): null

2018-07-05 20:42:25 - [TEST_STEP][PASSED] - Statement - reportgroup = "(//div[@class='ctable']/table/tbody/tr[@class='tdata clear'])[" + i + "]/td[7]": null

2018-07-05 20:42:25 - [TEST_STEP][PASSED] - Statement - reportgroupTxt = driver.findElement(org.openqa.selenium.By.xpath(reportgroup)).getText(): null

2018-07-05 20:42:25 - [TEST_STEP][PASSED] - Statement - If (reportgroupTxt == ""): null

2018-07-05 20:42:25 - [TEST_STEP][PASSED] - Statement - println("Report group does not have group name"): null

2018-07-05 20:42:25 - [TEST_STEP][PASSED] - Statement - reportgroup = "(//div[@class='ctable']/table/tbody/tr[@class='tdata clear'])[" + i + "]/td[7]": null

2018-07-05 20:42:25 - [TEST_STEP][PASSED] - Statement - reportgroupTxt = driver.findElement(org.openqa.selenium.By.xpath(reportgroup)).getText(): null

2018-07-05 20:42:25 - [TEST_STEP][PASSED] - Statement - If (reportgroupTxt == ""): null

2018-07-05 20:42:25 - [TEST_STEP][PASSED] - Statement - println("Report group does not have group name"): null

2018-07-05 20:42:25 - [TEST_STEP][PASSED] - Statement - reportgroup = "(//div[@class='ctable']/table/tbody/tr[@class='tdata clear'])[" + i + "]/td[7]": null

2018-07-05 20:42:25 - [TEST_STEP][PASSED] - Statement - reportgroupTxt = driver.findElement(org.openqa.selenium.By.xpath(reportgroup)).getText(): null

2018-07-05 20:42:25 - [TEST_STEP][PASSED] - Statement - If (reportgroupTxt == ""): null

2018-07-05 20:42:25 - [TEST_STEP][PASSED] - Statement - println("Report group does not have group name"): null

2018-07-05 20:42:25 - [TEST_STEP][PASSED] - Statement - reportgroup = "(//div[@class='ctable']/table/tbody/tr[@class='tdata clear'])[" + i + "]/td[7]": null

2018-07-05 20:42:25 - [TEST_STEP][PASSED] - Statement - reportgroupTxt = driver.findElement(org.openqa.selenium.By.xpath(reportgroup)).getText(): null

2018-07-05 20:42:26 - [TEST_STEP][PASSED] - Statement - If (reportgroupTxt == ""): null

2018-07-05 20:42:26 - [TEST_STEP][PASSED] - Statement - println("Report group does not have group name"): null

2018-07-05 20:42:26 - [TEST_STEP][PASSED] - Statement - reportgroup = "(//div[@class='ctable']/table/tbody/tr[@class='tdata clear'])[" + i + "]/td[7]": null

2018-07-05 20:42:26 - [TEST_STEP][PASSED] - Statement - reportgroupTxt = driver.findElement(org.openqa.selenium.By.xpath(reportgroup)).getText(): null

2018-07-05 20:42:26 - [TEST_STEP][PASSED] - Statement - If (reportgroupTxt == ""): null

2018-07-05 20:42:26 - [TEST_STEP][PASSED] - Statement - println("Report group does not have group name"): null

2018-07-05 20:42:26 - [TEST_STEP][PASSED] - Statement - reportgroup = "(//div[@class='ctable']/table/tbody/tr[@class='tdata clear'])[" + i + "]/td[7]": null

2018-07-05 20:42:26 - [TEST_STEP][PASSED] - Statement - reportgroupTxt = driver.findElement(org.openqa.selenium.By.xpath(reportgroup)).getText(): null

2018-07-05 20:42:26 - [TEST_STEP][PASSED] - Statement - If (reportgroupTxt == ""): null

2018-07-05 20:42:26 - [TEST_STEP][PASSED] - Statement - println("Report group does not have group name"): null

2018-07-05 20:42:26 - [TEST_STEP][PASSED] - Statement - reportgroup = "(//div[@class='ctable']/table/tbody/tr[@class='tdata clear'])[" + i + "]/td[7]": null

2018-07-05 20:42:26 - [TEST_STEP][PASSED] - Statement - reportgroupTxt = driver.findElement(org.openqa.selenium.By.xpath(reportgroup)).getText(): null

2018-07-05 20:42:26 - [TEST_STEP][PASSED] - Statement - If (reportgroupTxt == ""): null

2018-07-05 20:42:26 - [TEST_STEP][PASSED] - Statement - println("Report group does not have group name"): null

2018-07-05 20:42:26 - [TEST_STEP][PASSED] - Statement - reportgroup = "(//div[@class='ctable']/table/tbody/tr[@class='tdata clear'])[" + i + "]/td[7]": null

2018-07-05 20:42:26 - [TEST_STEP][PASSED] - Statement - reportgroupTxt = driver.findElement(org.openqa.selenium.By.xpath(reportgroup)).getText(): null

2018-07-05 20:42:26 - [TEST_STEP][PASSED] - Statement - If (reportgroupTxt == ""): null

2018-07-05 20:42:26 - [TEST_STEP][PASSED] - Statement - println("Report group does not have group name"): null

2018-07-05 20:42:26 - [TEST_STEP][PASSED] - Statement - reportgroup = "(//div[@class='ctable']/table/tbody/tr[@class='tdata clear'])[" + i + "]/td[7]": null

2018-07-05 20:42:26 - [TEST_STEP][PASSED] - Statement - reportgroupTxt = driver.findElement(org.openqa.selenium.By.xpath(reportgroup)).getText(): null

2018-07-05 20:42:26 - [TEST_STEP][PASSED] - Statement - If (reportgroupTxt == ""): null

2018-07-05 20:42:26 - [TEST_STEP][PASSED] - Statement - println("Report group does not have group name"): null

2018-07-05 20:42:26 - [TEST_STEP][PASSED] - Statement - reportgroup = "(//div[@class='ctable']/table/tbody/tr[@class='tdata clear'])[" + i + "]/td[7]": null

2018-07-05 20:42:26 - [TEST_STEP][PASSED] - Statement - reportgroupTxt = driver.findElement(org.openqa.selenium.By.xpath(reportgroup)).getText(): null

2018-07-05 20:42:26 - [TEST_STEP][PASSED] - Statement - If (reportgroupTxt == ""): null

2018-07-05 20:42:26 - [TEST_STEP][PASSED] - Statement - println("Report group does not have group name"): null

2018-07-05 20:42:26 - [TEST_STEP][PASSED] - Statement - reportgroup = "(//div[@class='ctable']/table/tbody/tr[@class='tdata clear'])[" + i + "]/td[7]": null

2018-07-05 20:42:26 - [TEST_STEP][PASSED] - Statement - reportgroupTxt = driver.findElement(org.openqa.selenium.By.xpath(reportgroup)).getText(): null

2018-07-05 20:42:26 - [TEST_STEP][PASSED] - Statement - If (reportgroupTxt == ""): null

2018-07-05 20:42:26 - [TEST_STEP][PASSED] - Statement - println("Report group does not have group name"): null

2018-07-05 20:42:26 - [TEST_STEP][PASSED] - Statement - reportgroup = "(//div[@class='ctable']/table/tbody/tr[@class='tdata clear'])[" + i + "]/td[7]": null

2018-07-05 20:42:26 - [TEST_STEP][PASSED] - Statement - reportgroupTxt = driver.findElement(org.openqa.selenium.By.xpath(reportgroup)).getText(): null

2018-07-05 20:42:26 - [TEST_STEP][PASSED] - Statement - If (reportgroupTxt == ""): null

2018-07-05 20:42:26 - [TEST_STEP][PASSED] - Statement - println("Report group does not have group name"): null

2018-07-05 20:42:26 - [TEST_STEP][PASSED] - Statement - reportgroup = "(//div[@class='ctable']/table/tbody/tr[@class='tdata clear'])[" + i + "]/td[7]": null

2018-07-05 20:42:26 - [TEST_STEP][PASSED] - Statement - reportgroupTxt = driver.findElement(org.openqa.selenium.By.xpath(reportgroup)).getText(): null

2018-07-05 20:42:26 - [TEST_STEP][PASSED] - Statement - If (reportgroupTxt == ""): null

2018-07-05 20:42:26 - [TEST_STEP][PASSED] - Statement - println("Report group does not have group name"): null

2018-07-05 20:42:26 - [TEST_STEP][PASSED] - Statement - reportgroup = "(//div[@class='ctable']/table/tbody/tr[@class='tdata clear'])[" + i + "]/td[7]": null

2018-07-05 20:42:26 - [TEST_STEP][PASSED] - Statement - reportgroupTxt = driver.findElement(org.openqa.selenium.By.xpath(reportgroup)).getText(): null

2018-07-05 20:42:26 - [TEST_STEP][PASSED] - Statement - If (reportgroupTxt == ""): null

2018-07-05 20:42:26 - [TEST_STEP][PASSED] - Statement - println("Report group does not have group name"): null

2018-07-05 20:42:26 - [TEST_STEP][PASSED] - Statement - reportgroup = "(//div[@class='ctable']/table/tbody/tr[@class='tdata clear'])[" + i + "]/td[7]": null

2018-07-05 20:42:26 - [TEST_STEP][PASSED] - Statement - reportgroupTxt = driver.findElement(org.openqa.selenium.By.xpath(reportgroup)).getText(): null

2018-07-05 20:42:26 - [TEST_STEP][PASSED] - Statement - If (reportgroupTxt == ""): null

2018-07-05 20:42:26 - [TEST_STEP][PASSED] - Statement - println("Report group does not have group name"): null

2018-07-05 20:42:26 - [TEST_STEP][PASSED] - Statement - reportgroup = "(//div[@class='ctable']/table/tbody/tr[@class='tdata clear'])[" + i + "]/td[7]": null

2018-07-05 20:42:26 - [TEST_STEP][PASSED] - Statement - reportgroupTxt = driver.findElement(org.openqa.selenium.By.xpath(reportgroup)).getText(): null

2018-07-05 20:42:26 - [TEST_STEP][PASSED] - Statement - If (reportgroupTxt == ""): null

2018-07-05 20:42:26 - [TEST_STEP][PASSED] - Statement - println("Report group does not have group name"): null

2018-07-05 20:42:26 - [TEST_STEP][PASSED] - Statement - reportgroup = "(//div[@class='ctable']/table/tbody/tr[@class='tdata clear'])[" + i + "]/td[7]": null

2018-07-05 20:42:26 - [TEST_STEP][PASSED] - Statement - reportgroupTxt = driver.findElement(org.openqa.selenium.By.xpath(reportgroup)).getText(): null

2018-07-05 20:42:26 - [TEST_STEP][PASSED] - Statement - If (reportgroupTxt == ""): null

2018-07-05 20:42:26 - [TEST_STEP][PASSED] - Statement - println("Report group does not have group name"): null

2018-07-05 20:42:26 - [TEST_STEP][PASSED] - Statement - reportgroup = "(//div[@class='ctable']/table/tbody/tr[@class='tdata clear'])[" + i + "]/td[7]": null

2018-07-05 20:42:26 - [TEST_STEP][PASSED] - Statement - reportgroupTxt = driver.findElement(org.openqa.selenium.By.xpath(reportgroup)).getText(): null

2018-07-05 20:42:26 - [TEST_STEP][PASSED] - Statement - If (reportgroupTxt == ""): null

2018-07-05 20:42:26 - [TEST_STEP][PASSED] - Statement - println("Report group does not have group name"): null

2018-07-05 20:42:26 - [TEST_STEP][PASSED] - Statement - reportgroup = "(//div[@class='ctable']/table/tbody/tr[@class='tdata clear'])[" + i + "]/td[7]": null

2018-07-05 20:42:26 - [TEST_STEP][PASSED] - Statement - reportgroupTxt = driver.findElement(org.openqa.selenium.By.xpath(reportgroup)).getText(): null

2018-07-05 20:42:26 - [TEST_STEP][PASSED] - Statement - If (reportgroupTxt == ""): null

2018-07-05 20:42:26 - [TEST_STEP][PASSED] - Statement - println("Report group does not have group name"): null

2018-07-05 20:42:26 - [TEST_STEP][PASSED] - Statement - reportgroup = "(//div[@class='ctable']/table/tbody/tr[@class='tdata clear'])[" + i + "]/td[7]": null

2018-07-05 20:42:26 - [TEST_STEP][PASSED] - Statement - reportgroupTxt = driver.findElement(org.openqa.selenium.By.xpath(reportgroup)).getText(): null

2018-07-05 20:42:26 - [TEST_STEP][PASSED] - Statement - If (reportgroupTxt == ""): null

2018-07-05 20:42:26 - [TEST_STEP][PASSED] - Statement - println("Report group does not have group name"): null

2018-07-05 20:42:26 - [TEST_STEP][PASSED] - Statement - reportgroup = "(//div[@class='ctable']/table/tbody/tr[@class='tdata clear'])[" + i + "]/td[7]": null

2018-07-05 20:42:26 - [TEST_STEP][PASSED] - Statement - reportgroupTxt = driver.findElement(org.openqa.selenium.By.xpath(reportgroup)).getText(): null

2018-07-05 20:42:26 - [TEST_STEP][PASSED] - Statement - If (reportgroupTxt == ""): null

2018-07-05 20:42:26 - [TEST_STEP][PASSED] - Statement - println("Report group does not have group name"): null

2018-07-05 20:42:26 - [TEST_STEP][PASSED] - Statement - reportgroup = "(//div[@class='ctable']/table/tbody/tr[@class='tdata clear'])[" + i + "]/td[7]": null

2018-07-05 20:42:26 - [TEST_STEP][PASSED] - Statement - reportgroupTxt = driver.findElement(org.openqa.selenium.By.xpath(reportgroup)).getText(): null

2018-07-05 20:42:26 - [TEST_STEP][PASSED] - Statement - If (reportgroupTxt == ""): null

2018-07-05 20:42:26 - [TEST_STEP][PASSED] - Statement - println("Report group does not have group name"): null

2018-07-05 20:42:26 - [TEST_STEP][PASSED] - Statement - reportgroup = "(//div[@class='ctable']/table/tbody/tr[@class='tdata clear'])[" + i + "]/td[7]": null

2018-07-05 20:42:26 - [TEST_STEP][PASSED] - Statement - reportgroupTxt = driver.findElement(org.openqa.selenium.By.xpath(reportgroup)).getText(): null

2018-07-05 20:42:26 - [TEST_STEP][PASSED] - Statement - If (reportgroupTxt == ""): null

2018-07-05 20:42:26 - [TEST_STEP][PASSED] - Statement - println("Report group does not have group name"): null

2018-07-05 20:42:26 - [TEST_STEP][PASSED] - Statement - reportgroup = "(//div[@class='ctable']/table/tbody/tr[@class='tdata clear'])[" + i + "]/td[7]": null

2018-07-05 20:42:26 - [TEST_STEP][PASSED] - Statement - reportgroupTxt = driver.findElement(org.openqa.selenium.By.xpath(reportgroup)).getText(): null

2018-07-05 20:42:26 - [TEST_STEP][PASSED] - Statement - If (reportgroupTxt == ""): null

2018-07-05 20:42:26 - [TEST_STEP][PASSED] - Statement - println("Report group does not have group name"): null

2018-07-05 20:42:26 - [TEST_STEP][PASSED] - Statement - reportgroup = "(//div[@class='ctable']/table/tbody/tr[@class='tdata clear'])[" + i + "]/td[7]": null

2018-07-05 20:42:26 - [TEST_STEP][PASSED] - Statement - reportgroupTxt = driver.findElement(org.openqa.selenium.By.xpath(reportgroup)).getText(): null

2018-07-05 20:42:26 - [TEST_STEP][PASSED] - Statement - If (reportgroupTxt == ""): null

2018-07-05 20:42:26 - [TEST_STEP][PASSED] - Statement - println("Report group does not have group name"): null

2018-07-05 20:42:26 - [TEST_STEP][PASSED] - Statement - reportgroup = "(//div[@class='ctable']/table/tbody/tr[@class='tdata clear'])[" + i + "]/td[7]": null

2018-07-05 20:42:26 - [TEST_STEP][PASSED] - Statement - reportgroupTxt = driver.findElement(org.openqa.selenium.By.xpath(reportgroup)).getText(): null

2018-07-05 20:42:26 - [TEST_STEP][PASSED] - Statement - If (reportgroupTxt == ""): null

2018-07-05 20:42:26 - [TEST_STEP][PASSED] - Statement - println("Report group does not have group name"): null

2018-07-05 20:42:26 - [TEST_STEP][PASSED] - Statement - reportgroup = "(//div[@class='ctable']/table/tbody/tr[@class='tdata clear'])[" + i + "]/td[7]": null

2018-07-05 20:42:26 - [TEST_STEP][PASSED] - Statement - reportgroupTxt = driver.findElement(org.openqa.selenium.By.xpath(reportgroup)).getText(): null

2018-07-05 20:42:26 - [TEST_STEP][PASSED] - Statement - If (reportgroupTxt == ""): null

2018-07-05 20:42:26 - [TEST_STEP][PASSED] - Statement - println("Report group does not have group name"): null

2018-07-05 20:42:26 - [TEST_STEP][PASSED] - Statement - reportgroup = "(//div[@class='ctable']/table/tbody/tr[@class='tdata clear'])[" + i + "]/td[7]": null

2018-07-05 20:42:26 - [TEST_STEP][PASSED] - Statement - reportgroupTxt = driver.findElement(org.openqa.selenium.By.xpath(reportgroup)).getText(): null

2018-07-05 20:42:26 - [TEST_STEP][PASSED] - Statement - If (reportgroupTxt == ""): null

2018-07-05 20:42:26 - [TEST_STEP][PASSED] - Statement - println("Report group does not have group name"): null

2018-07-05 20:42:26 - [TEST_STEP][PASSED] - Statement - reportgroup = "(//div[@class='ctable']/table/tbody/tr[@class='tdata clear'])[" + i + "]/td[7]": null

2018-07-05 20:42:26 - [TEST_STEP][PASSED] - Statement - reportgroupTxt = driver.findElement(org.openqa.selenium.By.xpath(reportgroup)).getText(): null

2018-07-05 20:42:26 - [TEST_STEP][PASSED] - Statement - If (reportgroupTxt == ""): null

2018-07-05 20:42:26 - [TEST_STEP][PASSED] - Statement - println("Report group does not have group name"): null

2018-07-05 20:42:26 - [TEST_STEP][PASSED] - Statement - reportgroup = "(//div[@class='ctable']/table/tbody/tr[@class='tdata clear'])[" + i + "]/td[7]": null

2018-07-05 20:42:26 - [TEST_STEP][PASSED] - Statement - reportgroupTxt = driver.findElement(org.openqa.selenium.By.xpath(reportgroup)).getText(): null

2018-07-05 20:42:26 - [TEST_STEP][PASSED] - Statement - If (reportgroupTxt == ""): null

2018-07-05 20:42:26 - [TEST_STEP][PASSED] - Statement - println("Report group does not have group name"): null

2018-07-05 20:42:26 - [TEST_STEP][PASSED] - Statement - reportgroup = "(//div[@class='ctable']/table/tbody/tr[@class='tdata clear'])[" + i + "]/td[7]": null

2018-07-05 20:42:26 - [TEST_STEP][PASSED] - Statement - reportgroupTxt = driver.findElement(org.openqa.selenium.By.xpath(reportgroup)).getText(): null

2018-07-05 20:42:26 - [TEST_STEP][PASSED] - Statement - If (reportgroupTxt == ""): null

2018-07-05 20:42:26 - [TEST_STEP][PASSED] - Statement - println("Report group does not have group name"): null

2018-07-05 20:42:26 - [TEST_STEP][PASSED] - Statement - reportgroup = "(//div[@class='ctable']/table/tbody/tr[@class='tdata clear'])[" + i + "]/td[7]": null

2018-07-05 20:42:26 - [TEST_STEP][PASSED] - Statement - reportgroupTxt = driver.findElement(org.openqa.selenium.By.xpath(reportgroup)).getText(): null

2018-07-05 20:42:26 - [TEST_STEP][PASSED] - Statement - If (reportgroupTxt == ""): null

2018-07-05 20:42:26 - [TEST_STEP][PASSED] - Statement - println("Report group does not have group name"): null

2018-07-05 20:42:26 - [TEST_STEP][PASSED] - Statement - reportgroup = "(//div[@class='ctable']/table/tbody/tr[@class='tdata clear'])[" + i + "]/td[7]": null

2018-07-05 20:42:26 - [TEST_STEP][PASSED] - Statement - reportgroupTxt = driver.findElement(org.openqa.selenium.By.xpath(reportgroup)).getText(): null

2018-07-05 20:42:26 - [TEST_STEP][PASSED] - Statement - If (reportgroupTxt == ""): null

2018-07-05 20:42:26 - [TEST_STEP][PASSED] - Statement - println("Report group does not have group name"): null

2018-07-05 20:42:26 - [TEST_STEP][PASSED] - Statement - reportgroup = "(//div[@class='ctable']/table/tbody/tr[@class='tdata clear'])[" + i + "]/td[7]": null

2018-07-05 20:42:26 - [TEST_STEP][PASSED] - Statement - reportgroupTxt = driver.findElement(org.openqa.selenium.By.xpath(reportgroup)).getText(): null

2018-07-05 20:42:26 - [TEST_STEP][PASSED] - Statement - If (reportgroupTxt == ""): null

2018-07-05 20:42:26 - [TEST_STEP][PASSED] - Statement - println("Report group does not have group name"): null

2018-07-05 20:42:26 - [TEST_STEP][PASSED] - Statement - reportgroup = "(//div[@class='ctable']/table/tbody/tr[@class='tdata clear'])[" + i + "]/td[7]": null

2018-07-05 20:42:26 - [TEST_STEP][PASSED] - Statement - reportgroupTxt = driver.findElement(org.openqa.selenium.By.xpath(reportgroup)).getText(): null

2018-07-05 20:42:26 - [TEST_STEP][PASSED] - Statement - If (reportgroupTxt == ""): null

2018-07-05 20:42:26 - [TEST_STEP][PASSED] - Statement - println("Report group does not have group name"): null

2018-07-05 20:42:26 - [TEST_STEP][PASSED] - Statement - reportgroup = "(//div[@class='ctable']/table/tbody/tr[@class='tdata clear'])[" + i + "]/td[7]": null

2018-07-05 20:42:26 - [TEST_STEP][PASSED] - Statement - reportgroupTxt = driver.findElement(org.openqa.selenium.By.xpath(reportgroup)).getText(): null

2018-07-05 20:42:26 - [TEST_STEP][PASSED] - Statement - If (reportgroupTxt == ""): null

2018-07-05 20:42:26 - [TEST_STEP][PASSED] - Statement - println("Report group does not have group name"): null

2018-07-05 20:42:26 - [TEST_STEP][PASSED] - Statement - reportgroup = "(//div[@class='ctable']/table/tbody/tr[@class='tdata clear'])[" + i + "]/td[7]": null

2018-07-05 20:42:26 - [TEST_STEP][PASSED] - Statement - reportgroupTxt = driver.findElement(org.openqa.selenium.By.xpath(reportgroup)).getText(): null

2018-07-05 20:42:26 - [TEST_STEP][PASSED] - Statement - If (reportgroupTxt == ""): null

2018-07-05 20:42:26 - [TEST_STEP][PASSED] - Statement - println("Report group does not have group name"): null

2018-07-05 20:42:26 - [TEST_STEP][PASSED] - Statement - reportgroup = "(//div[@class='ctable']/table/tbody/tr[@class='tdata clear'])[" + i + "]/td[7]": null

2018-07-05 20:42:26 - [TEST_STEP][PASSED] - Statement - reportgroupTxt = driver.findElement(org.openqa.selenium.By.xpath(reportgroup)).getText(): null

2018-07-05 20:42:26 - [TEST_STEP][PASSED] - Statement - If (reportgroupTxt == ""): null

2018-07-05 20:42:26 - [TEST_STEP][PASSED] - Statement - println("Report group does not have group name"): null

2018-07-05 20:42:26 - [TEST_STEP][PASSED] - Statement - reportgroup = "(//div[@class='ctable']/table/tbody/tr[@class='tdata clear'])[" + i + "]/td[7]": null

2018-07-05 20:42:26 - [TEST_STEP][PASSED] - Statement - reportgroupTxt = driver.findElement(org.openqa.selenium.By.xpath(reportgroup)).getText(): null

2018-07-05 20:42:27 - [TEST_STEP][PASSED] - Statement - If (reportgroupTxt == ""): null

2018-07-05 20:42:27 - [TEST_STEP][PASSED] - Statement - println("Report group does not have group name"): null

2018-07-05 20:42:27 - [TEST_STEP][PASSED] - Statement - reportgroup = "(//div[@class='ctable']/table/tbody/tr[@class='tdata clear'])[" + i + "]/td[7]": null

2018-07-05 20:42:27 - [TEST_STEP][PASSED] - Statement - reportgroupTxt = driver.findElement(org.openqa.selenium.By.xpath(reportgroup)).getText(): null

2018-07-05 20:42:27 - [TEST_STEP][PASSED] - Statement - If (reportgroupTxt == ""): null

2018-07-05 20:42:27 - [TEST_STEP][PASSED] - Statement - println("Report group does not have group name"): null

2018-07-05 20:42:27 - [TEST_STEP][PASSED] - Statement - reportgroup = "(//div[@class='ctable']/table/tbody/tr[@class='tdata clear'])[" + i + "]/td[7]": null

2018-07-05 20:42:27 - [TEST_STEP][PASSED] - Statement - reportgroupTxt = driver.findElement(org.openqa.selenium.By.xpath(reportgroup)).getText(): null

2018-07-05 20:42:27 - [TEST_STEP][PASSED] - Statement - If (reportgroupTxt == ""): null

2018-07-05 20:42:27 - [TEST_STEP][PASSED] - Statement - println("Report group does not have group name"): null

2018-07-05 20:42:27 - [TEST_STEP][PASSED] - Statement - reportgroup = "(//div[@class='ctable']/table/tbody/tr[@class='tdata clear'])[" + i + "]/td[7]": null

2018-07-05 20:42:27 - [TEST_STEP][PASSED] - Statement - reportgroupTxt = driver.findElement(org.openqa.selenium.By.xpath(reportgroup)).getText(): null

2018-07-05 20:42:27 - [TEST_STEP][PASSED] - Statement - If (reportgroupTxt == ""): null

2018-07-05 20:42:27 - [TEST_STEP][PASSED] - Statement - println("Report group does not have group name"): null

2018-07-05 20:42:27 - [TEST_STEP][PASSED] - Statement - reportgroup = "(//div[@class='ctable']/table/tbody/tr[@class='tdata clear'])[" + i + "]/td[7]": null

2018-07-05 20:42:27 - [TEST_STEP][PASSED] - Statement - reportgroupTxt = driver.findElement(org.openqa.selenium.By.xpath(reportgroup)).getText(): null

2018-07-05 20:42:27 - [TEST_STEP][PASSED] - Statement - If (reportgroupTxt == ""): null

2018-07-05 20:42:27 - [TEST_STEP][PASSED] - Statement - println("Report group does not have group name"): null

2018-07-05 20:42:27 - [TEST_STEP][PASSED] - Statement - reportgroup = "(//div[@class='ctable']/table/tbody/tr[@class='tdata clear'])[" + i + "]/td[7]": null

2018-07-05 20:42:27 - [TEST_STEP][PASSED] - Statement - reportgroupTxt = driver.findElement(org.openqa.selenium.By.xpath(reportgroup)).getText(): null

2018-07-05 20:42:27 - [TEST_STEP][PASSED] - Statement - If (reportgroupTxt == ""): null

2018-07-05 20:42:27 - [TEST_STEP][PASSED] - Statement - println("Report group does not have group name"): null

2018-07-05 20:42:27 - [TEST_STEP][PASSED] - Statement - reportgroup = "(//div[@class='ctable']/table/tbody/tr[@class='tdata clear'])[" + i + "]/td[7]": null

2018-07-05 20:42:27 - [TEST_STEP][PASSED] - Statement - reportgroupTxt = driver.findElement(org.openqa.selenium.By.xpath(reportgroup)).getText(): null

2018-07-05 20:42:27 - [TEST_STEP][PASSED] - Statement - If (reportgroupTxt == ""): null

2018-07-05 20:42:27 - [TEST_STEP][PASSED] - Statement - println("Report group does not have group name"): null

2018-07-05 20:42:27 - [TEST_STEP][PASSED] - Statement - reportgroup = "(//div[@class='ctable']/table/tbody/tr[@class='tdata clear'])[" + i + "]/td[7]": null

2018-07-05 20:42:27 - [TEST_STEP][PASSED] - Statement - reportgroupTxt = driver.findElement(org.openqa.selenium.By.xpath(reportgroup)).getText(): null

2018-07-05 20:42:27 - [TEST_STEP][PASSED] - Statement - If (reportgroupTxt == ""): null

2018-07-05 20:42:27 - [TEST_STEP][PASSED] - Statement - println("Report group does not have group name"): null

2018-07-05 20:42:27 - [TEST_STEP][PASSED] - Statement - reportgroup = "(//div[@class='ctable']/table/tbody/tr[@class='tdata clear'])[" + i + "]/td[7]": null

2018-07-05 20:42:27 - [TEST_STEP][PASSED] - Statement - reportgroupTxt = driver.findElement(org.openqa.selenium.By.xpath(reportgroup)).getText(): null

2018-07-05 20:42:27 - [TEST_STEP][PASSED] - Statement - If (reportgroupTxt == ""): null

2018-07-05 20:42:27 - [TEST_STEP][PASSED] - Statement - println("Report group does not have group name"): null

2018-07-05 20:42:27 - [TEST_STEP][PASSED] - Statement - reportgroup = "(//div[@class='ctable']/table/tbody/tr[@class='tdata clear'])[" + i + "]/td[7]": null

2018-07-05 20:42:27 - [TEST_STEP][PASSED] - Statement - reportgroupTxt = driver.findElement(org.openqa.selenium.By.xpath(reportgroup)).getText(): null

2018-07-05 20:42:27 - [TEST_STEP][PASSED] - Statement - If (reportgroupTxt == ""): null

2018-07-05 20:42:27 - [TEST_STEP][PASSED] - Statement - println("Report group does not have group name"): null

2018-07-05 20:42:27 - [TEST_STEP][PASSED] - Statement - reportgroup = "(//div[@class='ctable']/table/tbody/tr[@class='tdata clear'])[" + i + "]/td[7]": null

2018-07-05 20:42:27 - [TEST_STEP][PASSED] - Statement - reportgroupTxt = driver.findElement(org.openqa.selenium.By.xpath(reportgroup)).getText(): null

2018-07-05 20:42:27 - [TEST_STEP][PASSED] - Statement - If (reportgroupTxt == ""): null

2018-07-05 20:42:27 - [TEST_STEP][PASSED] - Statement - println("Report group does not have group name"): null

2018-07-05 20:42:27 - [TEST_STEP][PASSED] - Statement - reportgroup = "(//div[@class='ctable']/table/tbody/tr[@class='tdata clear'])[" + i + "]/td[7]": null

2018-07-05 20:42:27 - [TEST_STEP][PASSED] - Statement - reportgroupTxt = driver.findElement(org.openqa.selenium.By.xpath(reportgroup)).getText(): null

2018-07-05 20:42:27 - [TEST_STEP][PASSED] - Statement - If (reportgroupTxt == ""): null

2018-07-05 20:42:27 - [TEST_STEP][PASSED] - Statement - println("Report group does not have group name"): null

2018-07-05 20:42:27 - [TEST_STEP][PASSED] - Statement - reportgroup = "(//div[@class='ctable']/table/tbody/tr[@class='tdata clear'])[" + i + "]/td[7]": null

2018-07-05 20:42:27 - [TEST_STEP][PASSED] - Statement - reportgroupTxt = driver.findElement(org.openqa.selenium.By.xpath(reportgroup)).getText(): null

2018-07-05 20:42:27 - [TEST_STEP][PASSED] - Statement - If (reportgroupTxt == ""): null

2018-07-05 20:42:27 - [TEST_STEP][PASSED] - Statement - println("Report group does not have group name"): null

2018-07-05 20:42:27 - [TEST_STEP][PASSED] - Statement - reportgroup = "(//div[@class='ctable']/table/tbody/tr[@class='tdata clear'])[" + i + "]/td[7]": null

2018-07-05 20:42:27 - [TEST_STEP][PASSED] - Statement - reportgroupTxt = driver.findElement(org.openqa.selenium.By.xpath(reportgroup)).getText(): null

2018-07-05 20:42:27 - [TEST_STEP][PASSED] - Statement - If (reportgroupTxt == ""): null

2018-07-05 20:42:27 - [TEST_STEP][PASSED] - Statement - println("Report group does not have group name"): null

2018-07-05 20:42:27 - [TEST_STEP][PASSED] - Statement - reportgroup = "(//div[@class='ctable']/table/tbody/tr[@class='tdata clear'])[" + i + "]/td[7]": null

2018-07-05 20:42:27 - [TEST_STEP][PASSED] - Statement - reportgroupTxt = driver.findElement(org.openqa.selenium.By.xpath(reportgroup)).getText(): null

2018-07-05 20:42:27 - [TEST_STEP][PASSED] - Statement - If (reportgroupTxt == ""): null

2018-07-05 20:42:27 - [TEST_STEP][PASSED] - Statement - println("Report group does not have group name"): null

2018-07-05 20:42:27 - [TEST_STEP][PASSED] - Statement - reportgroup = "(//div[@class='ctable']/table/tbody/tr[@class='tdata clear'])[" + i + "]/td[7]": null

2018-07-05 20:42:27 - [TEST_STEP][PASSED] - Statement - reportgroupTxt = driver.findElement(org.openqa.selenium.By.xpath(reportgroup)).getText(): null

2018-07-05 20:42:27 - [TEST_STEP][PASSED] - Statement - If (reportgroupTxt == ""): null

2018-07-05 20:42:27 - [TEST_STEP][PASSED] - Statement - println("Report group does not have group name"): null

2018-07-05 20:42:27 - [TEST_STEP][PASSED] - Statement - reportgroup = "(//div[@class='ctable']/table/tbody/tr[@class='tdata clear'])[" + i + "]/td[7]": null

2018-07-05 20:42:27 - [TEST_STEP][PASSED] - Statement - reportgroupTxt = driver.findElement(org.openqa.selenium.By.xpath(reportgroup)).getText(): null

2018-07-05 20:42:27 - [TEST_STEP][PASSED] - Statement - If (reportgroupTxt == ""): null

2018-07-05 20:42:27 - [TEST_STEP][PASSED] - Statement - println("Report group does not have group name"): null

2018-07-05 20:42:27 - [TEST_STEP][PASSED] - Statement - reportgroup = "(//div[@class='ctable']/table/tbody/tr[@class='tdata clear'])[" + i + "]/td[7]": null

2018-07-05 20:42:27 - [TEST_STEP][PASSED] - Statement - reportgroupTxt = driver.findElement(org.openqa.selenium.By.xpath(reportgroup)).getText(): null

2018-07-05 20:42:27 - [TEST_STEP][PASSED] - Statement - If (reportgroupTxt == ""): null

2018-07-05 20:42:27 - [TEST_STEP][PASSED] - Statement - println("Report group does not have group name"): null

2018-07-05 20:42:27 - [TEST_STEP][PASSED] - Statement - reportgroup = "(//div[@class='ctable']/table/tbody/tr[@class='tdata clear'])[" + i + "]/td[7]": null

2018-07-05 20:42:27 - [TEST_STEP][PASSED] - Statement - reportgroupTxt = driver.findElement(org.openqa.selenium.By.xpath(reportgroup)).getText(): null

2018-07-05 20:42:27 - [TEST_STEP][PASSED] - Statement - If (reportgroupTxt == ""): null

2018-07-05 20:42:27 - [TEST_STEP][PASSED] - Statement - println("Report group does not have group name"): null

2018-07-05 20:42:27 - [TEST_STEP][PASSED] - Statement - reportgroup = "(//div[@class='ctable']/table/tbody/tr[@class='tdata clear'])[" + i + "]/td[7]": null

2018-07-05 20:42:27 - [TEST_STEP][PASSED] - Statement - reportgroupTxt = driver.findElement(org.openqa.selenium.By.xpath(reportgroup)).getText(): null

2018-07-05 20:42:27 - [TEST_STEP][PASSED] - Statement - If (reportgroupTxt == ""): null

2018-07-05 20:42:27 - [TEST_STEP][PASSED] - Statement - println("Report group does not have group name"): null

2018-07-05 20:42:27 - [TEST_STEP][PASSED] - Statement - reportgroup = "(//div[@class='ctable']/table/tbody/tr[@class='tdata clear'])[" + i + "]/td[7]": null

2018-07-05 20:42:27 - [TEST_STEP][PASSED] - Statement - reportgroupTxt = driver.findElement(org.openqa.selenium.By.xpath(reportgroup)).getText(): null

2018-07-05 20:42:27 - [TEST_STEP][PASSED] - Statement - If (reportgroupTxt == ""): null

2018-07-05 20:42:27 - [TEST_STEP][PASSED] - Statement - println("Report group does not have group name"): null

2018-07-05 20:42:27 - [TEST_STEP][PASSED] - Statement - reportgroup = "(//div[@class='ctable']/table/tbody/tr[@class='tdata clear'])[" + i + "]/td[7]": null

2018-07-05 20:42:27 - [TEST_STEP][PASSED] - Statement - reportgroupTxt = driver.findElement(org.openqa.selenium.By.xpath(reportgroup)).getText(): null

2018-07-05 20:42:27 - [TEST_STEP][PASSED] - Statement - If (reportgroupTxt == ""): null

2018-07-05 20:42:27 - [TEST_STEP][PASSED] - Statement - println("Report group does not have group name"): null

2018-07-05 20:42:27 - [TEST_STEP][PASSED] - Statement - reportgroup = "(//div[@class='ctable']/table/tbody/tr[@class='tdata clear'])[" + i + "]/td[7]": null

2018-07-05 20:42:27 - [TEST_STEP][PASSED] - Statement - reportgroupTxt = driver.findElement(org.openqa.selenium.By.xpath(reportgroup)).getText(): null

2018-07-05 20:42:27 - [TEST_STEP][PASSED] - Statement - If (reportgroupTxt == ""): null

2018-07-05 20:42:27 - [TEST_STEP][PASSED] - Statement - println("Report group does not have group name"): null

2018-07-05 20:42:27 - [TEST_STEP][PASSED] - Statement - reportgroup = "(//div[@class='ctable']/table/tbody/tr[@class='tdata clear'])[" + i + "]/td[7]": null

2018-07-05 20:42:27 - [TEST_STEP][PASSED] - Statement - reportgroupTxt = driver.findElement(org.openqa.selenium.By.xpath(reportgroup)).getText(): null

2018-07-05 20:42:27 - [TEST_STEP][PASSED] - Statement - If (reportgroupTxt == ""): null

2018-07-05 20:42:27 - [TEST_STEP][PASSED] - Statement - println("Report group does not have group name"): null

2018-07-05 20:42:27 - [TEST_STEP][PASSED] - Statement - reportgroup = "(//div[@class='ctable']/table/tbody/tr[@class='tdata clear'])[" + i + "]/td[7]": null

2018-07-05 20:42:27 - [TEST_STEP][PASSED] - Statement - reportgroupTxt = driver.findElement(org.openqa.selenium.By.xpath(reportgroup)).getText(): null

2018-07-05 20:42:27 - [TEST_STEP][PASSED] - Statement - If (reportgroupTxt == ""): null

2018-07-05 20:42:27 - [TEST_STEP][PASSED] - Statement - println("Report group does not have group name"): null

2018-07-05 20:42:27 - [TEST_STEP][PASSED] - Statement - reportgroup = "(//div[@class='ctable']/table/tbody/tr[@class='tdata clear'])[" + i + "]/td[7]": null

2018-07-05 20:42:27 - [TEST_STEP][PASSED] - Statement - reportgroupTxt = driver.findElement(org.openqa.selenium.By.xpath(reportgroup)).getText(): null

2018-07-05 20:42:27 - [TEST_STEP][PASSED] - Statement - If (reportgroupTxt == ""): null

2018-07-05 20:42:27 - [TEST_STEP][PASSED] - Statement - println("Report group does not have group name"): null

2018-07-05 20:42:27 - [TEST_STEP][PASSED] - Statement - reportgroup = "(//div[@class='ctable']/table/tbody/tr[@class='tdata clear'])[" + i + "]/td[7]": null

2018-07-05 20:42:27 - [TEST_STEP][PASSED] - Statement - reportgroupTxt = driver.findElement(org.openqa.selenium.By.xpath(reportgroup)).getText(): null

2018-07-05 20:42:27 - [TEST_STEP][PASSED] - Statement - If (reportgroupTxt == ""): null

2018-07-05 20:42:27 - [TEST_STEP][PASSED] - Statement - println("Report group does not have group name"): null

2018-07-05 20:42:27 - [TEST_STEP][PASSED] - Statement - reportgroup = "(//div[@class='ctable']/table/tbody/tr[@class='tdata clear'])[" + i + "]/td[7]": null

2018-07-05 20:42:27 - [TEST_STEP][PASSED] - Statement - reportgroupTxt = driver.findElement(org.openqa.selenium.By.xpath(reportgroup)).getText(): null

2018-07-05 20:42:27 - [TEST_STEP][PASSED] - Statement - If (reportgroupTxt == ""): null

2018-07-05 20:42:27 - [TEST_STEP][PASSED] - Statement - println("Report group does not have group name"): null

2018-07-05 20:42:27 - [TEST_STEP][PASSED] - Statement - reportgroup = "(//div[@class='ctable']/table/tbody/tr[@class='tdata clear'])[" + i + "]/td[7]": null

2018-07-05 20:42:27 - [TEST_STEP][PASSED] - Statement - reportgroupTxt = driver.findElement(org.openqa.selenium.By.xpath(reportgroup)).getText(): null

2018-07-05 20:42:27 - [TEST_STEP][PASSED] - Statement - If (reportgroupTxt == ""): null

2018-07-05 20:42:27 - [TEST_STEP][PASSED] - Statement - println("Report group does not have group name"): null

2018-07-05 20:42:27 - [TEST_STEP][PASSED] - Statement - reportgroup = "(//div[@class='ctable']/table/tbody/tr[@class='tdata clear'])[" + i + "]/td[7]": null

2018-07-05 20:42:27 - [TEST_STEP][PASSED] - Statement - reportgroupTxt = driver.findElement(org.openqa.selenium.By.xpath(reportgroup)).getText(): null

2018-07-05 20:42:27 - [TEST_STEP][PASSED] - Statement - If (reportgroupTxt == ""): null

2018-07-05 20:42:27 - [TEST_STEP][PASSED] - Statement - println("Report group does not have group name"): null

2018-07-05 20:42:27 - [TEST_STEP][PASSED] - Statement - reportgroup = "(//div[@class='ctable']/table/tbody/tr[@class='tdata clear'])[" + i + "]/td[7]": null

2018-07-05 20:42:27 - [TEST_STEP][PASSED] - Statement - reportgroupTxt = driver.findElement(org.openqa.selenium.By.xpath(reportgroup)).getText(): null

2018-07-05 20:42:27 - [TEST_STEP][PASSED] - Statement - If (reportgroupTxt == ""): null

2018-07-05 20:42:27 - [TEST_STEP][PASSED] - Statement - println("Report group does not have group name"): null

2018-07-05 20:42:27 - [TEST_STEP][PASSED] - Statement - reportgroup = "(//div[@class='ctable']/table/tbody/tr[@class='tdata clear'])[" + i + "]/td[7]": null

2018-07-05 20:42:27 - [TEST_STEP][PASSED] - Statement - reportgroupTxt = driver.findElement(org.openqa.selenium.By.xpath(reportgroup)).getText(): null

2018-07-05 20:42:27 - [TEST_STEP][PASSED] - Statement - If (reportgroupTxt == ""): null

2018-07-05 20:42:27 - [TEST_STEP][PASSED] - Statement - println("Report group does not have group name"): null

2018-07-05 20:42:27 - [TEST_STEP][PASSED] - Statement - reportgroup = "(//div[@class='ctable']/table/tbody/tr[@class='tdata clear'])[" + i + "]/td[7]": null

2018-07-05 20:42:27 - [TEST_STEP][PASSED] - Statement - reportgroupTxt = driver.findElement(org.openqa.selenium.By.xpath(reportgroup)).getText(): null

2018-07-05 20:42:27 - [TEST_STEP][PASSED] - Statement - If (reportgroupTxt == ""): null

2018-07-05 20:42:27 - [TEST_STEP][PASSED] - Statement - println("Report group does not have group name"): null

2018-07-05 20:42:27 - [TEST_STEP][PASSED] - Statement - reportgroup = "(//div[@class='ctable']/table/tbody/tr[@class='tdata clear'])[" + i + "]/td[7]": null

2018-07-05 20:42:27 - [TEST_STEP][PASSED] - Statement - reportgroupTxt = driver.findElement(org.openqa.selenium.By.xpath(reportgroup)).getText(): null

2018-07-05 20:42:27 - [TEST_STEP][PASSED] - Statement - If (reportgroupTxt == ""): null

2018-07-05 20:42:27 - [TEST_STEP][PASSED] - Statement - println("Report group does not have group name"): null

2018-07-05 20:42:27 - [TEST_STEP][PASSED] - Statement - reportgroup = "(//div[@class='ctable']/table/tbody/tr[@class='tdata clear'])[" + i + "]/td[7]": null

2018-07-05 20:42:27 - [TEST_STEP][PASSED] - Statement - reportgroupTxt = driver.findElement(org.openqa.selenium.By.xpath(reportgroup)).getText(): null

2018-07-05 20:42:28 - [TEST_STEP][PASSED] - Statement - If (reportgroupTxt == ""): null

2018-07-05 20:42:28 - [TEST_STEP][PASSED] - Statement - println("Report group does not have group name"): null

2018-07-05 20:42:28 - [TEST_STEP][PASSED] - Statement - reportgroup = "(//div[@class='ctable']/table/tbody/tr[@class='tdata clear'])[" + i + "]/td[7]": null

2018-07-05 20:42:28 - [TEST_STEP][PASSED] - Statement - reportgroupTxt = driver.findElement(org.openqa.selenium.By.xpath(reportgroup)).getText(): null

2018-07-05 20:42:28 - [TEST_STEP][PASSED] - Statement - If (reportgroupTxt == ""): null

2018-07-05 20:42:28 - [TEST_STEP][PASSED] - Statement - println("Report group does not have group name"): null

2018-07-05 20:42:28 - [TEST_STEP][PASSED] - Statement - reportgroup = "(//div[@class='ctable']/table/tbody/tr[@class='tdata clear'])[" + i + "]/td[7]": null

2018-07-05 20:42:28 - [TEST_STEP][PASSED] - Statement - reportgroupTxt = driver.findElement(org.openqa.selenium.By.xpath(reportgroup)).getText(): null

2018-07-05 20:42:28 - [TEST_STEP][PASSED] - Statement - If (reportgroupTxt == ""): null

2018-07-05 20:42:28 - [TEST_STEP][PASSED] - Statement - println("Report group does not have group name"): null

2018-07-05 20:42:28 - [TEST_STEP][PASSED] - Statement - reportgroup = "(//div[@class='ctable']/table/tbody/tr[@class='tdata clear'])[" + i + "]/td[7]": null

2018-07-05 20:42:28 - [TEST_STEP][PASSED] - Statement - reportgroupTxt = driver.findElement(org.openqa.selenium.By.xpath(reportgroup)).getText(): null

2018-07-05 20:42:28 - [TEST_STEP][PASSED] - Statement - If (reportgroupTxt == ""): null

2018-07-05 20:42:28 - [TEST_STEP][PASSED] - Statement - println("Report group does not have group name"): null

2018-07-05 20:42:28 - [TEST_STEP][PASSED] - Statement - reportgroup = "(//div[@class='ctable']/table/tbody/tr[@class='tdata clear'])[" + i + "]/td[7]": null

2018-07-05 20:42:28 - [TEST_STEP][PASSED] - Statement - reportgroupTxt = driver.findElement(org.openqa.selenium.By.xpath(reportgroup)).getText(): null

2018-07-05 20:42:28 - [TEST_STEP][PASSED] - Statement - If (reportgroupTxt == ""): null

2018-07-05 20:42:28 - [TEST_STEP][PASSED] - Statement - println("Report group does not have group name"): null

2018-07-05 20:42:28 - [TEST_STEP][PASSED] - Statement - reportgroup = "(//div[@class='ctable']/table/tbody/tr[@class='tdata clear'])[" + i + "]/td[7]": null

2018-07-05 20:42:28 - [TEST_STEP][PASSED] - Statement - reportgroupTxt = driver.findElement(org.openqa.selenium.By.xpath(reportgroup)).getText(): null

2018-07-05 20:42:28 - [TEST_STEP][PASSED] - Statement - If (reportgroupTxt == ""): null

2018-07-05 20:42:28 - [TEST_STEP][PASSED] - Statement - println("Report group does not have group name"): null

2018-07-05 20:42:28 - [TEST_STEP][PASSED] - Statement - reportgroup = "(//div[@class='ctable']/table/tbody/tr[@class='tdata clear'])[" + i + "]/td[7]": null

2018-07-05 20:42:28 - [TEST_STEP][PASSED] - Statement - reportgroupTxt = driver.findElement(org.openqa.selenium.By.xpath(reportgroup)).getText(): null

2018-07-05 20:42:28 - [TEST_STEP][PASSED] - Statement - If (reportgroupTxt == ""): null

2018-07-05 20:42:28 - [TEST_STEP][PASSED] - Statement - println("Report group does not have group name"): null

2018-07-05 20:42:28 - [TEST_STEP][PASSED] - Statement - reportgroup = "(//div[@class='ctable']/table/tbody/tr[@class='tdata clear'])[" + i + "]/td[7]": null

2018-07-05 20:42:28 - [TEST_STEP][PASSED] - Statement - reportgroupTxt = driver.findElement(org.openqa.selenium.By.xpath(reportgroup)).getText(): null

2018-07-05 20:42:28 - [TEST_STEP][PASSED] - Statement - If (reportgroupTxt == ""): null

2018-07-05 20:42:28 - [TEST_STEP][PASSED] - Statement - println("Report group does not have group name"): null

2018-07-05 20:42:28 - [TEST_STEP][PASSED] - Statement - reportgroup = "(//div[@class='ctable']/table/tbody/tr[@class='tdata clear'])[" + i + "]/td[7]": null

2018-07-05 20:42:28 - [TEST_STEP][PASSED] - Statement - reportgroupTxt = driver.findElement(org.openqa.selenium.By.xpath(reportgroup)).getText(): null

2018-07-05 20:42:28 - [TEST_STEP][PASSED] - Statement - If (reportgroupTxt == ""): null

2018-07-05 20:42:28 - [TEST_STEP][PASSED] - Statement - println("Report group does not have group name"): null

2018-07-05 20:42:28 - [TEST_STEP][PASSED] - Statement - reportgroup = "(//div[@class='ctable']/table/tbody/tr[@class='tdata clear'])[" + i + "]/td[7]": null

2018-07-05 20:42:28 - [TEST_STEP][PASSED] - Statement - reportgroupTxt = driver.findElement(org.openqa.selenium.By.xpath(reportgroup)).getText(): null

2018-07-05 20:42:28 - [TEST_STEP][PASSED] - Statement - If (reportgroupTxt == ""): null

2018-07-05 20:42:28 - [TEST_STEP][PASSED] - Statement - println("Report group does not have group name"): null

2018-07-05 20:42:28 - [TEST_STEP][PASSED] - Statement - reportgroup = "(//div[@class='ctable']/table/tbody/tr[@class='tdata clear'])[" + i + "]/td[7]": null

2018-07-05 20:42:28 - [TEST_STEP][PASSED] - Statement - reportgroupTxt = driver.findElement(org.openqa.selenium.By.xpath(reportgroup)).getText(): null

2018-07-05 20:42:28 - [TEST_STEP][PASSED] - Statement - If (reportgroupTxt == ""): null

2018-07-05 20:42:28 - [TEST_STEP][PASSED] - Statement - println("Report group does not have group name"): null

2018-07-05 20:42:28 - [TEST_STEP][PASSED] - Statement - reportgroup = "(//div[@class='ctable']/table/tbody/tr[@class='tdata clear'])[" + i + "]/td[7]": null

2018-07-05 20:42:28 - [TEST_STEP][PASSED] - Statement - reportgroupTxt = driver.findElement(org.openqa.selenium.By.xpath(reportgroup)).getText(): null

2018-07-05 20:42:28 - [TEST_STEP][PASSED] - Statement - If (reportgroupTxt == ""): null

2018-07-05 20:42:28 - [TEST_STEP][PASSED] - Statement - println("Report group does not have group name"): null

2018-07-05 20:42:28 - [TEST_STEP][PASSED] - Statement - reportgroup = "(//div[@class='ctable']/table/tbody/tr[@class='tdata clear'])[" + i + "]/td[7]": null

2018-07-05 20:42:28 - [TEST_STEP][PASSED] - Statement - reportgroupTxt = driver.findElement(org.openqa.selenium.By.xpath(reportgroup)).getText(): null

2018-07-05 20:42:28 - [TEST_STEP][PASSED] - Statement - If (reportgroupTxt == ""): null

2018-07-05 20:42:28 - [TEST_STEP][PASSED] - Statement - println("Report group does not have group name"): null

2018-07-05 20:42:28 - [TEST_STEP][PASSED] - Statement - reportgroup = "(//div[@class='ctable']/table/tbody/tr[@class='tdata clear'])[" + i + "]/td[7]": null

2018-07-05 20:42:28 - [TEST_STEP][PASSED] - Statement - reportgroupTxt = driver.findElement(org.openqa.selenium.By.xpath(reportgroup)).getText(): null

2018-07-05 20:42:28 - [TEST_STEP][PASSED] - Statement - If (reportgroupTxt == ""): null

2018-07-05 20:42:28 - [TEST_STEP][PASSED] - Statement - println("Report group does not have group name"): null

2018-07-05 20:42:28 - [TEST_STEP][PASSED] - Statement - reportgroup = "(//div[@class='ctable']/table/tbody/tr[@class='tdata clear'])[" + i + "]/td[7]": null

2018-07-05 20:42:28 - [TEST_STEP][PASSED] - Statement - reportgroupTxt = driver.findElement(org.openqa.selenium.By.xpath(reportgroup)).getText(): null

2018-07-05 20:42:28 - [TEST_STEP][PASSED] - Statement - If (reportgroupTxt == ""): null

2018-07-05 20:42:28 - [TEST_STEP][PASSED] - Statement - println("Report group does not have group name"): null

2018-07-05 20:42:28 - [TEST_STEP][PASSED] - Statement - reportgroup = "(//div[@class='ctable']/table/tbody/tr[@class='tdata clear'])[" + i + "]/td[7]": null

2018-07-05 20:42:28 - [TEST_STEP][PASSED] - Statement - reportgroupTxt = driver.findElement(org.openqa.selenium.By.xpath(reportgroup)).getText(): null

2018-07-05 20:42:28 - [TEST_STEP][PASSED] - Statement - If (reportgroupTxt == ""): null

2018-07-05 20:42:28 - [TEST_STEP][PASSED] - Statement - println("Report group does not have group name"): null

2018-07-05 20:42:28 - [TEST_STEP][PASSED] - Statement - reportgroup = "(//div[@class='ctable']/table/tbody/tr[@class='tdata clear'])[" + i + "]/td[7]": null

2018-07-05 20:42:28 - [TEST_STEP][PASSED] - Statement - reportgroupTxt = driver.findElement(org.openqa.selenium.By.xpath(reportgroup)).getText(): null

2018-07-05 20:42:28 - [TEST_STEP][PASSED] - Statement - If (reportgroupTxt == ""): null

2018-07-05 20:42:28 - [TEST_STEP][PASSED] - Statement - println("Report group does not have group name"): null

2018-07-05 20:42:28 - [TEST_STEP][PASSED] - Statement - reportgroup = "(//div[@class='ctable']/table/tbody/tr[@class='tdata clear'])[" + i + "]/td[7]": null

2018-07-05 20:42:28 - [TEST_STEP][PASSED] - Statement - reportgroupTxt = driver.findElement(org.openqa.selenium.By.xpath(reportgroup)).getText(): null

2018-07-05 20:42:28 - [TEST_STEP][PASSED] - Statement - If (reportgroupTxt == ""): null

2018-07-05 20:42:28 - [TEST_STEP][PASSED] - Statement - println("Report group does not have group name"): null

2018-07-05 20:42:28 - [TEST_STEP][PASSED] - Statement - reportgroup = "(//div[@class='ctable']/table/tbody/tr[@class='tdata clear'])[" + i + "]/td[7]": null

2018-07-05 20:42:28 - [TEST_STEP][PASSED] - Statement - reportgroupTxt = driver.findElement(org.openqa.selenium.By.xpath(reportgroup)).getText(): null

2018-07-05 20:42:28 - [TEST_STEP][PASSED] - Statement - If (reportgroupTxt == ""): null

2018-07-05 20:42:28 - [TEST_STEP][PASSED] - Statement - println("Report group does not have group name"): null

2018-07-05 20:42:28 - [TEST_STEP][PASSED] - Statement - reportgroup = "(//div[@class='ctable']/table/tbody/tr[@class='tdata clear'])[" + i + "]/td[7]": null

2018-07-05 20:42:28 - [TEST_STEP][PASSED] - Statement - reportgroupTxt = driver.findElement(org.openqa.selenium.By.xpath(reportgroup)).getText(): null

2018-07-05 20:42:28 - [TEST_STEP][PASSED] - Statement - If (reportgroupTxt == ""): null

2018-07-05 20:42:28 - [TEST_STEP][PASSED] - Statement - println("Report group does not have group name"): null

2018-07-05 20:42:28 - [TEST_STEP][PASSED] - Statement - reportgroup = "(//div[@class='ctable']/table/tbody/tr[@class='tdata clear'])[" + i + "]/td[7]": null

2018-07-05 20:42:28 - [TEST_STEP][PASSED] - Statement - reportgroupTxt = driver.findElement(org.openqa.selenium.By.xpath(reportgroup)).getText(): null

2018-07-05 20:42:28 - [TEST_STEP][PASSED] - Statement - If (reportgroupTxt == ""): null

2018-07-05 20:42:28 - [TEST_STEP][PASSED] - Statement - println("Report group does not have group name"): null

2018-07-05 20:42:28 - [TEST_STEP][PASSED] - Statement - reportgroup = "(//div[@class='ctable']/table/tbody/tr[@class='tdata clear'])[" + i + "]/td[7]": null

2018-07-05 20:42:28 - [TEST_STEP][PASSED] - Statement - reportgroupTxt = driver.findElement(org.openqa.selenium.By.xpath(reportgroup)).getText(): null

2018-07-05 20:42:28 - [TEST_STEP][PASSED] - Statement - If (reportgroupTxt == ""): null

2018-07-05 20:42:28 - [TEST_STEP][PASSED] - Statement - println("Report group does not have group name"): null

2018-07-05 20:42:28 - [TEST_STEP][PASSED] - Statement - reportgroup = "(//div[@class='ctable']/table/tbody/tr[@class='tdata clear'])[" + i + "]/td[7]": null

2018-07-05 20:42:28 - [TEST_STEP][PASSED] - Statement - reportgroupTxt = driver.findElement(org.openqa.selenium.By.xpath(reportgroup)).getText(): null

2018-07-05 20:42:28 - [TEST_STEP][PASSED] - Statement - If (reportgroupTxt == ""): null

2018-07-05 20:42:28 - [TEST_STEP][PASSED] - Statement - println("Report group does not have group name"): null

2018-07-05 20:42:28 - [TEST_STEP][PASSED] - Statement - reportgroup = "(//div[@class='ctable']/table/tbody/tr[@class='tdata clear'])[" + i + "]/td[7]": null

2018-07-05 20:42:28 - [TEST_STEP][PASSED] - Statement - reportgroupTxt = driver.findElement(org.openqa.selenium.By.xpath(reportgroup)).getText(): null

2018-07-05 20:42:28 - [TEST_STEP][PASSED] - Statement - If (reportgroupTxt == ""): null

2018-07-05 20:42:28 - [TEST_STEP][PASSED] - Statement - println("Report group does not have group name"): null

2018-07-05 20:42:28 - [TEST_STEP][PASSED] - Statement - reportgroup = "(//div[@class='ctable']/table/tbody/tr[@class='tdata clear'])[" + i + "]/td[7]": null

2018-07-05 20:42:28 - [TEST_STEP][PASSED] - Statement - reportgroupTxt = driver.findElement(org.openqa.selenium.By.xpath(reportgroup)).getText(): null

2018-07-05 20:42:28 - [TEST_STEP][PASSED] - Statement - If (reportgroupTxt == ""): null

2018-07-05 20:42:28 - [TEST_STEP][PASSED] - Statement - println("Report group does not have group name"): null

2018-07-05 20:42:28 - [TEST_STEP][PASSED] - Statement - reportgroup = "(//div[@class='ctable']/table/tbody/tr[@class='tdata clear'])[" + i + "]/td[7]": null

2018-07-05 20:42:28 - [TEST_STEP][PASSED] - Statement - reportgroupTxt = driver.findElement(org.openqa.selenium.By.xpath(reportgroup)).getText(): null

2018-07-05 20:42:28 - [TEST_STEP][PASSED] - Statement - If (reportgroupTxt == ""): null

2018-07-05 20:42:28 - [TEST_STEP][PASSED] - Statement - println("Report group does not have group name"): null

2018-07-05 20:42:28 - [TEST_STEP][PASSED] - Statement - reportgroup = "(//div[@class='ctable']/table/tbody/tr[@class='tdata clear'])[" + i + "]/td[7]": null

2018-07-05 20:42:28 - [TEST_STEP][PASSED] - Statement - reportgroupTxt = driver.findElement(org.openqa.selenium.By.xpath(reportgroup)).getText(): null

2018-07-05 20:42:28 - [TEST_STEP][PASSED] - Statement - If (reportgroupTxt == ""): null

2018-07-05 20:42:28 - [TEST_STEP][PASSED] - Statement - println("Report group does not have group name"): null

2018-07-05 20:42:28 - [TEST_STEP][PASSED] - Statement - reportgroup = "(//div[@class='ctable']/table/tbody/tr[@class='tdata clear'])[" + i + "]/td[7]": null

2018-07-05 20:42:28 - [TEST_STEP][PASSED] - Statement - reportgroupTxt = driver.findElement(org.openqa.selenium.By.xpath(reportgroup)).getText(): null

2018-07-05 20:42:28 - [TEST_STEP][PASSED] - Statement - If (reportgroupTxt == ""): null

2018-07-05 20:42:28 - [TEST_STEP][PASSED] - Statement - println("Report group does not have group name"): null

2018-07-05 20:42:28 - [TEST_STEP][PASSED] - Statement - reportgroup = "(//div[@class='ctable']/table/tbody/tr[@class='tdata clear'])[" + i + "]/td[7]": null

2018-07-05 20:42:28 - [TEST_STEP][PASSED] - Statement - reportgroupTxt = driver.findElement(org.openqa.selenium.By.xpath(reportgroup)).getText(): null

2018-07-05 20:42:28 - [TEST_STEP][PASSED] - Statement - If (reportgroupTxt == ""): null

2018-07-05 20:42:28 - [TEST_STEP][PASSED] - Statement - println("Report group does not have group name"): null

2018-07-05 20:42:28 - [TEST_STEP][PASSED] - Statement - reportgroup = "(//div[@class='ctable']/table/tbody/tr[@class='tdata clear'])[" + i + "]/td[7]": null

2018-07-05 20:42:28 - [TEST_STEP][PASSED] - Statement - reportgroupTxt = driver.findElement(org.openqa.selenium.By.xpath(reportgroup)).getText(): null

2018-07-05 20:42:28 - [TEST_STEP][PASSED] - Statement - If (reportgroupTxt == ""): null

2018-07-05 20:42:28 - [TEST_STEP][PASSED] - Statement - println("Report group does not have group name"): null

2018-07-05 20:42:28 - [TEST_STEP][PASSED] - Statement - reportgroup = "(//div[@class='ctable']/table/tbody/tr[@class='tdata clear'])[" + i + "]/td[7]": null

2018-07-05 20:42:28 - [TEST_STEP][PASSED] - Statement - reportgroupTxt = driver.findElement(org.openqa.selenium.By.xpath(reportgroup)).getText(): null

2018-07-05 20:42:28 - [TEST_STEP][PASSED] - Statement - If (reportgroupTxt == ""): null

2018-07-05 20:42:28 - [TEST_STEP][PASSED] - Statement - println("Report group does not have group name"): null

2018-07-05 20:42:28 - [TEST_STEP][PASSED] - Statement - reportgroup = "(//div[@class='ctable']/table/tbody/tr[@class='tdata clear'])[" + i + "]/td[7]": null

2018-07-05 20:42:28 - [TEST_STEP][PASSED] - Statement - reportgroupTxt = driver.findElement(org.openqa.selenium.By.xpath(reportgroup)).getText(): null

2018-07-05 20:42:28 - [TEST_STEP][PASSED] - Statement - If (reportgroupTxt == ""): null

2018-07-05 20:42:28 - [TEST_STEP][PASSED] - Statement - println("Report group does not have group name"): null

2018-07-05 20:42:28 - [TEST_STEP][PASSED] - Statement - reportgroup = "(//div[@class='ctable']/table/tbody/tr[@class='tdata clear'])[" + i + "]/td[7]": null

2018-07-05 20:42:28 - [TEST_STEP][PASSED] - Statement - reportgroupTxt = driver.findElement(org.openqa.selenium.By.xpath(reportgroup)).getText(): null

2018-07-05 20:42:28 - [TEST_STEP][PASSED] - Statement - If (reportgroupTxt == ""): null

2018-07-05 20:42:28 - [TEST_STEP][PASSED] - Statement - println("Report group does not have group name"): null

2018-07-05 20:42:28 - [TEST_STEP][PASSED] - Statement - reportgroup = "(//div[@class='ctable']/table/tbody/tr[@class='tdata clear'])[" + i + "]/td[7]": null

2018-07-05 20:42:28 - [TEST_STEP][PASSED] - Statement - reportgroupTxt = driver.findElement(org.openqa.selenium.By.xpath(reportgroup)).getText(): null

2018-07-05 20:42:28 - [TEST_STEP][PASSED] - Statement - If (reportgroupTxt == ""): null

2018-07-05 20:42:28 - [TEST_STEP][PASSED] - Statement - println("Report group does not have group name"): null

2018-07-05 20:42:28 - [TEST_STEP][PASSED] - Statement - reportgroup = "(//div[@class='ctable']/table/tbody/tr[@class='tdata clear'])[" + i + "]/td[7]": null

2018-07-05 20:42:28 - [TEST_STEP][PASSED] - Statement - reportgroupTxt = driver.findElement(org.openqa.selenium.By.xpath(reportgroup)).getText(): null

2018-07-05 20:42:28 - [TEST_STEP][PASSED] - Statement - If (reportgroupTxt == ""): null

2018-07-05 20:42:28 - [TEST_STEP][PASSED] - Statement - println("Report group does not have group name"): null

2018-07-05 20:42:28 - [TEST_STEP][PASSED] - Statement - reportgroup = "(//div[@class='ctable']/table/tbody/tr[@class='tdata clear'])[" + i + "]/td[7]": null

2018-07-05 20:42:28 - [TEST_STEP][PASSED] - Statement - reportgroupTxt = driver.findElement(org.openqa.selenium.By.xpath(reportgroup)).getText(): null

2018-07-05 20:42:29 - [TEST_STEP][PASSED] - Statement - If (reportgroupTxt == ""): null

2018-07-05 20:42:29 - [TEST_STEP][PASSED] - Statement - println("Report group does not have group name"): null

2018-07-05 20:42:29 - [TEST_STEP][PASSED] - Statement - reportgroup = "(//div[@class='ctable']/table/tbody/tr[@class='tdata clear'])[" + i + "]/td[7]": null

2018-07-05 20:42:29 - [TEST_STEP][PASSED] - Statement - reportgroupTxt = driver.findElement(org.openqa.selenium.By.xpath(reportgroup)).getText(): null

2018-07-05 20:42:29 - [TEST_STEP][PASSED] - Statement - If (reportgroupTxt == ""): null

2018-07-05 20:42:29 - [TEST_STEP][PASSED] - Statement - println("Report group does not have group name"): null

2018-07-05 20:42:29 - [TEST_STEP][PASSED] - Statement - reportgroup = "(//div[@class='ctable']/table/tbody/tr[@class='tdata clear'])[" + i + "]/td[7]": null

2018-07-05 20:42:29 - [TEST_STEP][PASSED] - Statement - reportgroupTxt = driver.findElement(org.openqa.selenium.By.xpath(reportgroup)).getText(): null

2018-07-05 20:42:29 - [TEST_STEP][PASSED] - Statement - If (reportgroupTxt == ""): null

2018-07-05 20:42:29 - [TEST_STEP][PASSED] - Statement - println("Report group does not have group name"): null

2018-07-05 20:42:29 - [TEST_STEP][PASSED] - Statement - reportgroup = "(//div[@class='ctable']/table/tbody/tr[@class='tdata clear'])[" + i + "]/td[7]": null

2018-07-05 20:42:29 - [TEST_STEP][PASSED] - Statement - reportgroupTxt = driver.findElement(org.openqa.selenium.By.xpath(reportgroup)).getText(): null

2018-07-05 20:42:29 - [TEST_STEP][PASSED] - Statement - If (reportgroupTxt == ""): null

2018-07-05 20:42:29 - [TEST_STEP][PASSED] - Statement - println("Report group does not have group name"): null

2018-07-05 20:42:29 - [TEST_STEP][PASSED] - Statement - reportgroup = "(//div[@class='ctable']/table/tbody/tr[@class='tdata clear'])[" + i + "]/td[7]": null

2018-07-05 20:42:29 - [TEST_STEP][PASSED] - Statement - reportgroupTxt = driver.findElement(org.openqa.selenium.By.xpath(reportgroup)).getText(): null

2018-07-05 20:42:29 - [TEST_STEP][PASSED] - Statement - If (reportgroupTxt == ""): null

2018-07-05 20:42:29 - [TEST_STEP][PASSED] - Statement - println("Report group does not have group name"): null

2018-07-05 20:42:29 - [TEST_STEP][PASSED] - Statement - reportgroup = "(//div[@class='ctable']/table/tbody/tr[@class='tdata clear'])[" + i + "]/td[7]": null

2018-07-05 20:42:29 - [TEST_STEP][PASSED] - Statement - reportgroupTxt = driver.findElement(org.openqa.selenium.By.xpath(reportgroup)).getText(): null

2018-07-05 20:42:29 - [TEST_STEP][PASSED] - Statement - If (reportgroupTxt == ""): null

2018-07-05 20:42:29 - [TEST_STEP][PASSED] - Statement - println("Report group does not have group name"): null

2018-07-05 20:42:29 - [TEST_STEP][PASSED] - Statement - reportgroup = "(//div[@class='ctable']/table/tbody/tr[@class='tdata clear'])[" + i + "]/td[7]": null

2018-07-05 20:42:29 - [TEST_STEP][PASSED] - Statement - reportgroupTxt = driver.findElement(org.openqa.selenium.By.xpath(reportgroup)).getText(): null

2018-07-05 20:42:29 - [TEST_STEP][PASSED] - Statement - If (reportgroupTxt == ""): null

2018-07-05 20:42:29 - [TEST_STEP][PASSED] - Statement - println("Report group does not have group name"): null

2018-07-05 20:42:29 - [TEST_STEP][PASSED] - Statement - reportgroup = "(//div[@class='ctable']/table/tbody/tr[@class='tdata clear'])[" + i + "]/td[7]": null

2018-07-05 20:42:29 - [TEST_STEP][PASSED] - Statement - reportgroupTxt = driver.findElement(org.openqa.selenium.By.xpath(reportgroup)).getText(): null

2018-07-05 20:42:29 - [TEST_STEP][PASSED] - Statement - If (reportgroupTxt == ""): null

2018-07-05 20:42:29 - [TEST_STEP][PASSED] - Statement - println("Report group does not have group name"): null

2018-07-05 20:42:29 - [TEST_STEP][PASSED] - Statement - reportgroup = "(//div[@class='ctable']/table/tbody/tr[@class='tdata clear'])[" + i + "]/td[7]": null

2018-07-05 20:42:29 - [TEST_STEP][PASSED] - Statement - reportgroupTxt = driver.findElement(org.openqa.selenium.By.xpath(reportgroup)).getText(): null

2018-07-05 20:42:29 - [TEST_STEP][PASSED] - Statement - If (reportgroupTxt == ""): null

2018-07-05 20:42:29 - [TEST_STEP][PASSED] - Statement - println("Report group does not have group name"): null

2018-07-05 20:42:29 - [TEST_STEP][PASSED] - Statement - reportgroup = "(//div[@class='ctable']/table/tbody/tr[@class='tdata clear'])[" + i + "]/td[7]": null

2018-07-05 20:42:29 - [TEST_STEP][PASSED] - Statement - reportgroupTxt = driver.findElement(org.openqa.selenium.By.xpath(reportgroup)).getText(): null

2018-07-05 20:42:29 - [TEST_STEP][PASSED] - Statement - If (reportgroupTxt == ""): null

2018-07-05 20:42:29 - [TEST_STEP][PASSED] - Statement - println("Report group does not have group name"): null

2018-07-05 20:42:29 - [TEST_STEP][PASSED] - Statement - reportgroup = "(//div[@class='ctable']/table/tbody/tr[@class='tdata clear'])[" + i + "]/td[7]": null

2018-07-05 20:42:29 - [TEST_STEP][PASSED] - Statement - reportgroupTxt = driver.findElement(org.openqa.selenium.By.xpath(reportgroup)).getText(): null

2018-07-05 20:42:29 - [TEST_STEP][PASSED] - Statement - If (reportgroupTxt == ""): null

2018-07-05 20:42:29 - [TEST_STEP][PASSED] - Statement - println("Report group does not have group name"): null

2018-07-05 20:42:29 - [TEST_STEP][PASSED] - Statement - reportgroup = "(//div[@class='ctable']/table/tbody/tr[@class='tdata clear'])[" + i + "]/td[7]": null

2018-07-05 20:42:29 - [TEST_STEP][PASSED] - Statement - reportgroupTxt = driver.findElement(org.openqa.selenium.By.xpath(reportgroup)).getText(): null

2018-07-05 20:42:29 - [TEST_STEP][PASSED] - Statement - If (reportgroupTxt == ""): null

2018-07-05 20:42:29 - [TEST_STEP][PASSED] - Statement - println("Report group does not have group name"): null

2018-07-05 20:42:29 - [TEST_STEP][PASSED] - Statement - reportgroup = "(//div[@class='ctable']/table/tbody/tr[@class='tdata clear'])[" + i + "]/td[7]": null

2018-07-05 20:42:29 - [TEST_STEP][PASSED] - Statement - reportgroupTxt = driver.findElement(org.openqa.selenium.By.xpath(reportgroup)).getText(): null

2018-07-05 20:42:29 - [TEST_STEP][PASSED] - Statement - If (reportgroupTxt == ""): null

2018-07-05 20:42:29 - [TEST_STEP][PASSED] - Statement - println("Report group does not have group name"): null

2018-07-05 20:42:29 - [TEST_STEP][PASSED] - Statement - reportgroup = "(//div[@class='ctable']/table/tbody/tr[@class='tdata clear'])[" + i + "]/td[7]": null

2018-07-05 20:42:29 - [TEST_STEP][PASSED] - Statement - reportgroupTxt = driver.findElement(org.openqa.selenium.By.xpath(reportgroup)).getText(): null

2018-07-05 20:42:29 - [TEST_STEP][PASSED] - Statement - If (reportgroupTxt == ""): null

2018-07-05 20:42:29 - [TEST_STEP][PASSED] - Statement - println("Report group does not have group name"): null

2018-07-05 20:42:29 - [TEST_STEP][PASSED] - Statement - reportgroup = "(//div[@class='ctable']/table/tbody/tr[@class='tdata clear'])[" + i + "]/td[7]": null

2018-07-05 20:42:29 - [TEST_STEP][PASSED] - Statement - reportgroupTxt = driver.findElement(org.openqa.selenium.By.xpath(reportgroup)).getText(): null

2018-07-05 20:42:29 - [TEST_STEP][PASSED] - Statement - If (reportgroupTxt == ""): null

2018-07-05 20:42:29 - [TEST_STEP][PASSED] - Statement - println("Report group does not have group name"): null

2018-07-05 20:42:29 - [TEST_STEP][PASSED] - Statement - reportgroup = "(//div[@class='ctable']/table/tbody/tr[@class='tdata clear'])[" + i + "]/td[7]": null

2018-07-05 20:42:29 - [TEST_STEP][PASSED] - Statement - reportgroupTxt = driver.findElement(org.openqa.selenium.By.xpath(reportgroup)).getText(): null

2018-07-05 20:42:29 - [TEST_STEP][PASSED] - Statement - If (reportgroupTxt == ""): null

2018-07-05 20:42:29 - [TEST_STEP][PASSED] - Statement - println("Report group does not have group name"): null

2018-07-05 20:42:29 - [TEST_STEP][PASSED] - Statement - reportgroup = "(//div[@class='ctable']/table/tbody/tr[@class='tdata clear'])[" + i + "]/td[7]": null

2018-07-05 20:42:29 - [TEST_STEP][PASSED] - Statement - reportgroupTxt = driver.findElement(org.openqa.selenium.By.xpath(reportgroup)).getText(): null

2018-07-05 20:42:29 - [TEST_STEP][PASSED] - Statement - If (reportgroupTxt == ""): null

2018-07-05 20:42:29 - [TEST_STEP][PASSED] - Statement - println("Report group does not have group name"): null

2018-07-05 20:42:29 - [TEST_STEP][PASSED] - Statement - reportgroup = "(//div[@class='ctable']/table/tbody/tr[@class='tdata clear'])[" + i + "]/td[7]": null

2018-07-05 20:42:29 - [TEST_STEP][PASSED] - Statement - reportgroupTxt = driver.findElement(org.openqa.selenium.By.xpath(reportgroup)).getText(): null

2018-07-05 20:42:29 - [TEST_STEP][PASSED] - Statement - If (reportgroupTxt == ""): null

2018-07-05 20:42:29 - [TEST_STEP][PASSED] - Statement - println("Report group does not have group name"): null

2018-07-05 20:42:29 - [TEST_STEP][PASSED] - Statement - reportgroup = "(//div[@class='ctable']/table/tbody/tr[@class='tdata clear'])[" + i + "]/td[7]": null

2018-07-05 20:42:29 - [TEST_STEP][PASSED] - Statement - reportgroupTxt = driver.findElement(org.openqa.selenium.By.xpath(reportgroup)).getText(): null

2018-07-05 20:42:29 - [TEST_STEP][PASSED] - Statement - If (reportgroupTxt == ""): null

2018-07-05 20:42:29 - [TEST_STEP][PASSED] - Statement - println("Report group does not have group name"): null

2018-07-05 20:42:29 - [TEST_STEP][PASSED] - Statement - reportgroup = "(//div[@class='ctable']/table/tbody/tr[@class='tdata clear'])[" + i + "]/td[7]": null

2018-07-05 20:42:29 - [TEST_STEP][PASSED] - Statement - reportgroupTxt = driver.findElement(org.openqa.selenium.By.xpath(reportgroup)).getText(): null

2018-07-05 20:42:29 - [TEST_STEP][PASSED] - Statement - If (reportgroupTxt == ""): null

2018-07-05 20:42:29 - [TEST_STEP][PASSED] - Statement - println("Report group does not have group name"): null

2018-07-05 20:42:29 - [TEST_STEP][PASSED] - Statement - reportgroup = "(//div[@class='ctable']/table/tbody/tr[@class='tdata clear'])[" + i + "]/td[7]": null

2018-07-05 20:42:29 - [TEST_STEP][PASSED] - Statement - reportgroupTxt = driver.findElement(org.openqa.selenium.By.xpath(reportgroup)).getText(): null

2018-07-05 20:42:29 - [TEST_STEP][PASSED] - Statement - If (reportgroupTxt == ""): null

2018-07-05 20:42:29 - [TEST_STEP][PASSED] - Statement - println("Report group does not have group name"): null

2018-07-05 20:42:29 - [TEST_STEP][PASSED] - Statement - reportgroup = "(//div[@class='ctable']/table/tbody/tr[@class='tdata clear'])[" + i + "]/td[7]": null

2018-07-05 20:42:29 - [TEST_STEP][PASSED] - Statement - reportgroupTxt = driver.findElement(org.openqa.selenium.By.xpath(reportgroup)).getText(): null

2018-07-05 20:42:29 - [TEST_STEP][PASSED] - Statement - If (reportgroupTxt == ""): null

2018-07-05 20:42:29 - [TEST_STEP][PASSED] - Statement - println("Report group does not have group name"): null

2018-07-05 20:42:29 - [TEST_STEP][PASSED] - Statement - reportgroup = "(//div[@class='ctable']/table/tbody/tr[@class='tdata clear'])[" + i + "]/td[7]": null

2018-07-05 20:42:29 - [TEST_STEP][PASSED] - Statement - reportgroupTxt = driver.findElement(org.openqa.selenium.By.xpath(reportgroup)).getText(): null

2018-07-05 20:42:29 - [TEST_STEP][PASSED] - Statement - If (reportgroupTxt == ""): null

2018-07-05 20:42:29 - [TEST_STEP][PASSED] - Statement - println("Report group does not have group name"): null

2018-07-05 20:42:29 - [TEST_STEP][PASSED] - Statement - reportgroup = "(//div[@class='ctable']/table/tbody/tr[@class='tdata clear'])[" + i + "]/td[7]": null

2018-07-05 20:42:29 - [TEST_STEP][PASSED] - Statement - reportgroupTxt = driver.findElement(org.openqa.selenium.By.xpath(reportgroup)).getText(): null

2018-07-05 20:42:29 - [TEST_STEP][PASSED] - Statement - If (reportgroupTxt == ""): null

2018-07-05 20:42:29 - [TEST_STEP][PASSED] - Statement - println("Report group does not have group name"): null

2018-07-05 20:42:29 - [TEST_STEP][PASSED] - Statement - reportgroup = "(//div[@class='ctable']/table/tbody/tr[@class='tdata clear'])[" + i + "]/td[7]": null

2018-07-05 20:42:29 - [TEST_STEP][PASSED] - Statement - reportgroupTxt = driver.findElement(org.openqa.selenium.By.xpath(reportgroup)).getText(): null

2018-07-05 20:42:29 - [TEST_STEP][PASSED] - Statement - If (reportgroupTxt == ""): null

2018-07-05 20:42:29 - [TEST_STEP][PASSED] - Statement - println("Report group does not have group name"): null

2018-07-05 20:42:29 - [TEST_STEP][PASSED] - Statement - reportgroup = "(//div[@class='ctable']/table/tbody/tr[@class='tdata clear'])[" + i + "]/td[7]": null

2018-07-05 20:42:29 - [TEST_STEP][PASSED] - Statement - reportgroupTxt = driver.findElement(org.openqa.selenium.By.xpath(reportgroup)).getText(): null

2018-07-05 20:42:29 - [TEST_STEP][PASSED] - Statement - If (reportgroupTxt == ""): null

2018-07-05 20:42:29 - [TEST_STEP][PASSED] - Statement - println("Report group does not have group name"): null

2018-07-05 20:42:29 - [TEST_STEP][PASSED] - Statement - reportgroup = "(//div[@class='ctable']/table/tbody/tr[@class='tdata clear'])[" + i + "]/td[7]": null

2018-07-05 20:42:29 - [TEST_STEP][PASSED] - Statement - reportgroupTxt = driver.findElement(org.openqa.selenium.By.xpath(reportgroup)).getText(): null

2018-07-05 20:42:29 - [TEST_STEP][PASSED] - Statement - If (reportgroupTxt == ""): null

2018-07-05 20:42:29 - [TEST_STEP][PASSED] - Statement - println("Report group does not have group name"): null

2018-07-05 20:42:29 - [TEST_STEP][PASSED] - Statement - reportgroup = "(//div[@class='ctable']/table/tbody/tr[@class='tdata clear'])[" + i + "]/td[7]": null

2018-07-05 20:42:29 - [TEST_STEP][PASSED] - Statement - reportgroupTxt = driver.findElement(org.openqa.selenium.By.xpath(reportgroup)).getText(): null

2018-07-05 20:42:29 - [TEST_STEP][PASSED] - Statement - If (reportgroupTxt == ""): null

2018-07-05 20:42:29 - [TEST_STEP][PASSED] - Statement - println("Report group does not have group name"): null

2018-07-05 20:42:29 - [TEST_STEP][PASSED] - Statement - reportgroup = "(//div[@class='ctable']/table/tbody/tr[@class='tdata clear'])[" + i + "]/td[7]": null

2018-07-05 20:42:29 - [TEST_STEP][PASSED] - Statement - reportgroupTxt = driver.findElement(org.openqa.selenium.By.xpath(reportgroup)).getText(): null

2018-07-05 20:42:29 - [TEST_STEP][PASSED] - Statement - If (reportgroupTxt == ""): null

2018-07-05 20:42:29 - [TEST_STEP][PASSED] - Statement - println("Report group does not have group name"): null

2018-07-05 20:42:29 - [TEST_STEP][PASSED] - Statement - reportgroup = "(//div[@class='ctable']/table/tbody/tr[@class='tdata clear'])[" + i + "]/td[7]": null

2018-07-05 20:42:29 - [TEST_STEP][PASSED] - Statement - reportgroupTxt = driver.findElement(org.openqa.selenium.By.xpath(reportgroup)).getText(): null

2018-07-05 20:42:29 - [TEST_STEP][PASSED] - Statement - If (reportgroupTxt == ""): null

2018-07-05 20:42:29 - [TEST_STEP][PASSED] - Statement - println("Report group does not have group name"): null

2018-07-05 20:42:29 - [TEST_STEP][PASSED] - Statement - reportgroup = "(//div[@class='ctable']/table/tbody/tr[@class='tdata clear'])[" + i + "]/td[7]": null

2018-07-05 20:42:29 - [TEST_STEP][PASSED] - Statement - reportgroupTxt = driver.findElement(org.openqa.selenium.By.xpath(reportgroup)).getText(): null

2018-07-05 20:42:29 - [TEST_STEP][PASSED] - Statement - If (reportgroupTxt == ""): null

2018-07-05 20:42:29 - [TEST_STEP][PASSED] - Statement - println("Report group does not have group name"): null

2018-07-05 20:42:29 - [TEST_STEP][PASSED] - Statement - reportgroup = "(//div[@class='ctable']/table/tbody/tr[@class='tdata clear'])[" + i + "]/td[7]": null

2018-07-05 20:42:29 - [TEST_STEP][PASSED] - Statement - reportgroupTxt = driver.findElement(org.openqa.selenium.By.xpath(reportgroup)).getText(): null

2018-07-05 20:42:29 - [TEST_STEP][PASSED] - Statement - If (reportgroupTxt == ""): null

2018-07-05 20:42:29 - [TEST_STEP][PASSED] - Statement - println("Report group does not have group name"): null

2018-07-05 20:42:29 - [TEST_STEP][PASSED] - Statement - reportgroup = "(//div[@class='ctable']/table/tbody/tr[@class='tdata clear'])[" + i + "]/td[7]": null

2018-07-05 20:42:29 - [TEST_STEP][PASSED] - Statement - reportgroupTxt = driver.findElement(org.openqa.selenium.By.xpath(reportgroup)).getText(): null

2018-07-05 20:42:29 - [TEST_STEP][PASSED] - Statement - If (reportgroupTxt == ""): null

2018-07-05 20:42:29 - [TEST_STEP][PASSED] - Statement - println("Report group does not have group name"): null

2018-07-05 20:42:29 - [TEST_STEP][PASSED] - Statement - reportgroup = "(//div[@class='ctable']/table/tbody/tr[@class='tdata clear'])[" + i + "]/td[7]": null

2018-07-05 20:42:29 - [TEST_STEP][PASSED] - Statement - reportgroupTxt = driver.findElement(org.openqa.selenium.By.xpath(reportgroup)).getText(): null

2018-07-05 20:42:30 - [TEST_STEP][PASSED] - Statement - If (reportgroupTxt == ""): null

2018-07-05 20:42:30 - [TEST_STEP][PASSED] - Statement - println("Report group does not have group name"): null

2018-07-05 20:42:30 - [TEST_STEP][PASSED] - Statement - reportgroup = "(//div[@class='ctable']/table/tbody/tr[@class='tdata clear'])[" + i + "]/td[7]": null

2018-07-05 20:42:30 - [TEST_STEP][PASSED] - Statement - reportgroupTxt = driver.findElement(org.openqa.selenium.By.xpath(reportgroup)).getText(): null

2018-07-05 20:42:30 - [TEST_STEP][PASSED] - Statement - If (reportgroupTxt == ""): null

2018-07-05 20:42:30 - [TEST_STEP][PASSED] - Statement - println("Report group does not have group name"): null

2018-07-05 20:42:30 - [TEST_STEP][PASSED] - Statement - reportgroup = "(//div[@class='ctable']/table/tbody/tr[@class='tdata clear'])[" + i + "]/td[7]": null

2018-07-05 20:42:30 - [TEST_STEP][PASSED] - Statement - reportgroupTxt = driver.findElement(org.openqa.selenium.By.xpath(reportgroup)).getText(): null

2018-07-05 20:42:30 - [TEST_STEP][PASSED] - Statement - If (reportgroupTxt == ""): null

2018-07-05 20:42:30 - [TEST_STEP][PASSED] - Statement - println("Report group does not have group name"): null

2018-07-05 20:42:30 - [TEST_STEP][PASSED] - Statement - reportgroup = "(//div[@class='ctable']/table/tbody/tr[@class='tdata clear'])[" + i + "]/td[7]": null

2018-07-05 20:42:30 - [TEST_STEP][PASSED] - Statement - reportgroupTxt = driver.findElement(org.openqa.selenium.By.xpath(reportgroup)).getText(): null

2018-07-05 20:42:30 - [TEST_STEP][PASSED] - Statement - If (reportgroupTxt == ""): null

2018-07-05 20:42:30 - [TEST_STEP][PASSED] - Statement - println("Report group does not have group name"): null

2018-07-05 20:42:30 - [TEST_STEP][PASSED] - Statement - reportgroup = "(//div[@class='ctable']/table/tbody/tr[@class='tdata clear'])[" + i + "]/td[7]": null

2018-07-05 20:42:30 - [TEST_STEP][PASSED] - Statement - reportgroupTxt = driver.findElement(org.openqa.selenium.By.xpath(reportgroup)).getText(): null

2018-07-05 20:42:30 - [TEST_STEP][PASSED] - Statement - If (reportgroupTxt == ""): null

2018-07-05 20:42:30 - [TEST_STEP][PASSED] - Statement - println("Report group does not have group name"): null

2018-07-05 20:42:30 - [TEST_STEP][PASSED] - Statement - reportgroup = "(//div[@class='ctable']/table/tbody/tr[@class='tdata clear'])[" + i + "]/td[7]": null

2018-07-05 20:42:30 - [TEST_STEP][PASSED] - Statement - reportgroupTxt = driver.findElement(org.openqa.selenium.By.xpath(reportgroup)).getText(): null

2018-07-05 20:42:30 - [TEST_STEP][PASSED] - Statement - If (reportgroupTxt == ""): null

2018-07-05 20:42:30 - [TEST_STEP][PASSED] - Statement - println("Report group does not have group name"): null

2018-07-05 20:42:30 - [TEST_STEP][PASSED] - Statement - reportgroup = "(//div[@class='ctable']/table/tbody/tr[@class='tdata clear'])[" + i + "]/td[7]": null

2018-07-05 20:42:30 - [TEST_STEP][PASSED] - Statement - reportgroupTxt = driver.findElement(org.openqa.selenium.By.xpath(reportgroup)).getText(): null

2018-07-05 20:42:30 - [TEST_STEP][PASSED] - Statement - If (reportgroupTxt == ""): null

2018-07-05 20:42:30 - [TEST_STEP][PASSED] - Statement - println("Report group does not have group name"): null

2018-07-05 20:42:30 - [TEST_STEP][PASSED] - Statement - reportgroup = "(//div[@class='ctable']/table/tbody/tr[@class='tdata clear'])[" + i + "]/td[7]": null

2018-07-05 20:42:30 - [TEST_STEP][PASSED] - Statement - reportgroupTxt = driver.findElement(org.openqa.selenium.By.xpath(reportgroup)).getText(): null

2018-07-05 20:42:30 - [TEST_STEP][PASSED] - Statement - If (reportgroupTxt == ""): null

2018-07-05 20:42:30 - [TEST_STEP][PASSED] - Statement - println("Report group does not have group name"): null

2018-07-05 20:42:30 - [TEST_STEP][PASSED] - Statement - reportgroup = "(//div[@class='ctable']/table/tbody/tr[@class='tdata clear'])[" + i + "]/td[7]": null

2018-07-05 20:42:30 - [TEST_STEP][PASSED] - Statement - reportgroupTxt = driver.findElement(org.openqa.selenium.By.xpath(reportgroup)).getText(): null

2018-07-05 20:42:30 - [TEST_STEP][PASSED] - Statement - If (reportgroupTxt == ""): null

2018-07-05 20:42:30 - [TEST_STEP][PASSED] - Statement - println("Report group does not have group name"): null

2018-07-05 20:42:30 - [TEST_STEP][PASSED] - Statement - reportgroup = "(//div[@class='ctable']/table/tbody/tr[@class='tdata clear'])[" + i + "]/td[7]": null

2018-07-05 20:42:30 - [TEST_STEP][PASSED] - Statement - reportgroupTxt = driver.findElement(org.openqa.selenium.By.xpath(reportgroup)).getText(): null

2018-07-05 20:42:30 - [TEST_STEP][PASSED] - Statement - If (reportgroupTxt == ""): null

2018-07-05 20:42:30 - [TEST_STEP][PASSED] - Statement - println("Report group does not have group name"): null

2018-07-05 20:42:30 - [TEST_STEP][PASSED] - Statement - reportgroup = "(//div[@class='ctable']/table/tbody/tr[@class='tdata clear'])[" + i + "]/td[7]": null

2018-07-05 20:42:30 - [TEST_STEP][PASSED] - Statement - reportgroupTxt = driver.findElement(org.openqa.selenium.By.xpath(reportgroup)).getText(): null

2018-07-05 20:42:30 - [TEST_STEP][PASSED] - Statement - If (reportgroupTxt == ""): null

2018-07-05 20:42:30 - [TEST_STEP][PASSED] - Statement - println("Report group does not have group name"): null

2018-07-05 20:42:30 - [TEST_STEP][PASSED] - Statement - reportgroup = "(//div[@class='ctable']/table/tbody/tr[@class='tdata clear'])[" + i + "]/td[7]": null

2018-07-05 20:42:30 - [TEST_STEP][PASSED] - Statement - reportgroupTxt = driver.findElement(org.openqa.selenium.By.xpath(reportgroup)).getText(): null

2018-07-05 20:42:30 - [TEST_STEP][PASSED] - Statement - If (reportgroupTxt == ""): null

2018-07-05 20:42:30 - [TEST_STEP][PASSED] - Statement - println("Report group does not have group name"): null

2018-07-05 20:42:30 - [TEST_STEP][PASSED] - Statement - reportgroup = "(//div[@class='ctable']/table/tbody/tr[@class='tdata clear'])[" + i + "]/td[7]": null

2018-07-05 20:42:30 - [TEST_STEP][PASSED] - Statement - reportgroupTxt = driver.findElement(org.openqa.selenium.By.xpath(reportgroup)).getText(): null

2018-07-05 20:42:30 - [TEST_STEP][PASSED] - Statement - If (reportgroupTxt == ""): null

2018-07-05 20:42:30 - [TEST_STEP][PASSED] - Statement - println("Report group does not have group name"): null

2018-07-05 20:42:30 - [TEST_STEP][PASSED] - Statement - reportgroup = "(//div[@class='ctable']/table/tbody/tr[@class='tdata clear'])[" + i + "]/td[7]": null

2018-07-05 20:42:30 - [TEST_STEP][PASSED] - Statement - reportgroupTxt = driver.findElement(org.openqa.selenium.By.xpath(reportgroup)).getText(): null

2018-07-05 20:42:30 - [TEST_STEP][PASSED] - Statement - If (reportgroupTxt == ""): null

2018-07-05 20:42:30 - [TEST_STEP][PASSED] - Statement - println("Report group does not have group name"): null

2018-07-05 20:42:30 - [TEST_STEP][PASSED] - Statement - reportgroup = "(//div[@class='ctable']/table/tbody/tr[@class='tdata clear'])[" + i + "]/td[7]": null

2018-07-05 20:42:30 - [TEST_STEP][PASSED] - Statement - reportgroupTxt = driver.findElement(org.openqa.selenium.By.xpath(reportgroup)).getText(): null

2018-07-05 20:42:30 - [TEST_STEP][PASSED] - Statement - If (reportgroupTxt == ""): null

2018-07-05 20:42:30 - [TEST_STEP][PASSED] - Statement - println("Report group does not have group name"): null

2018-07-05 20:42:30 - [TEST_STEP][PASSED] - Statement - reportgroup = "(//div[@class='ctable']/table/tbody/tr[@class='tdata clear'])[" + i + "]/td[7]": null

2018-07-05 20:42:30 - [TEST_STEP][PASSED] - Statement - reportgroupTxt = driver.findElement(org.openqa.selenium.By.xpath(reportgroup)).getText(): null

2018-07-05 20:42:30 - [TEST_STEP][PASSED] - Statement - If (reportgroupTxt == ""): null

2018-07-05 20:42:30 - [TEST_STEP][PASSED] - Statement - println("Report group does not have group name"): null

2018-07-05 20:42:30 - [TEST_STEP][PASSED] - Statement - reportgroup = "(//div[@class='ctable']/table/tbody/tr[@class='tdata clear'])[" + i + "]/td[7]": null

2018-07-05 20:42:30 - [TEST_STEP][PASSED] - Statement - reportgroupTxt = driver.findElement(org.openqa.selenium.By.xpath(reportgroup)).getText(): null

2018-07-05 20:42:30 - [TEST_STEP][PASSED] - Statement - If (reportgroupTxt == ""): null

2018-07-05 20:42:30 - [TEST_STEP][PASSED] - Statement - println("Report group does not have group name"): null

2018-07-05 20:42:30 - [TEST_STEP][PASSED] - Statement - reportgroup = "(//div[@class='ctable']/table/tbody/tr[@class='tdata clear'])[" + i + "]/td[7]": null

2018-07-05 20:42:30 - [TEST_STEP][PASSED] - Statement - reportgroupTxt = driver.findElement(org.openqa.selenium.By.xpath(reportgroup)).getText(): null

2018-07-05 20:42:30 - [TEST_STEP][PASSED] - Statement - If (reportgroupTxt == ""): null

2018-07-05 20:42:30 - [TEST_STEP][PASSED] - Statement - println("Report group does not have group name"): null

2018-07-05 20:42:30 - [TEST_STEP][PASSED] - Statement - reportgroup = "(//div[@class='ctable']/table/tbody/tr[@class='tdata clear'])[" + i + "]/td[7]": null

2018-07-05 20:42:30 - [TEST_STEP][PASSED] - Statement - reportgroupTxt = driver.findElement(org.openqa.selenium.By.xpath(reportgroup)).getText(): null

2018-07-05 20:42:30 - [TEST_STEP][PASSED] - Statement - If (reportgroupTxt == ""): null

2018-07-05 20:42:30 - [TEST_STEP][PASSED] - Statement - println("Report group does not have group name"): null

2018-07-05 20:42:30 - [TEST_STEP][PASSED] - Statement - reportgroup = "(//div[@class='ctable']/table/tbody/tr[@class='tdata clear'])[" + i + "]/td[7]": null

2018-07-05 20:42:30 - [TEST_STEP][PASSED] - Statement - reportgroupTxt = driver.findElement(org.openqa.selenium.By.xpath(reportgroup)).getText(): null

2018-07-05 20:42:30 - [TEST_STEP][PASSED] - Statement - If (reportgroupTxt == ""): null

2018-07-05 20:42:30 - [TEST_STEP][PASSED] - Statement - println("Report group does not have group name"): null

2018-07-05 20:42:30 - [TEST_STEP][PASSED] - Statement - reportgroup = "(//div[@class='ctable']/table/tbody/tr[@class='tdata clear'])[" + i + "]/td[7]": null

2018-07-05 20:42:30 - [TEST_STEP][PASSED] - Statement - reportgroupTxt = driver.findElement(org.openqa.selenium.By.xpath(reportgroup)).getText(): null

2018-07-05 20:42:30 - [TEST_STEP][PASSED] - Statement - If (reportgroupTxt == ""): null

2018-07-05 20:42:30 - [TEST_STEP][PASSED] - Statement - println("Report group does not have group name"): null

2018-07-05 20:42:30 - [TEST_STEP][PASSED] - Statement - reportgroup = "(//div[@class='ctable']/table/tbody/tr[@class='tdata clear'])[" + i + "]/td[7]": null

2018-07-05 20:42:30 - [TEST_STEP][PASSED] - Statement - reportgroupTxt = driver.findElement(org.openqa.selenium.By.xpath(reportgroup)).getText(): null

2018-07-05 20:42:30 - [TEST_STEP][PASSED] - Statement - If (reportgroupTxt == ""): null

2018-07-05 20:42:30 - [TEST_STEP][PASSED] - Statement - println("Report group does not have group name"): null

2018-07-05 20:42:30 - [TEST_STEP][PASSED] - Statement - reportgroup = "(//div[@class='ctable']/table/tbody/tr[@class='tdata clear'])[" + i + "]/td[7]": null

2018-07-05 20:42:30 - [TEST_STEP][PASSED] - Statement - reportgroupTxt = driver.findElement(org.openqa.selenium.By.xpath(reportgroup)).getText(): null

2018-07-05 20:42:30 - [TEST_STEP][PASSED] - Statement - If (reportgroupTxt == ""): null

2018-07-05 20:42:30 - [TEST_STEP][PASSED] - Statement - println("Report group does not have group name"): null

2018-07-05 20:42:30 - [TEST_STEP][PASSED] - Statement - reportgroup = "(//div[@class='ctable']/table/tbody/tr[@class='tdata clear'])[" + i + "]/td[7]": null

2018-07-05 20:42:30 - [TEST_STEP][PASSED] - Statement - reportgroupTxt = driver.findElement(org.openqa.selenium.By.xpath(reportgroup)).getText(): null

2018-07-05 20:42:30 - [TEST_STEP][PASSED] - Statement - If (reportgroupTxt == ""): null

2018-07-05 20:42:30 - [TEST_STEP][PASSED] - Statement - println("Report group does not have group name"): null

2018-07-05 20:42:30 - [TEST_STEP][PASSED] - Statement - reportgroup = "(//div[@class='ctable']/table/tbody/tr[@class='tdata clear'])[" + i + "]/td[7]": null

2018-07-05 20:42:30 - [TEST_STEP][PASSED] - Statement - reportgroupTxt = driver.findElement(org.openqa.selenium.By.xpath(reportgroup)).getText(): null

2018-07-05 20:42:30 - [TEST_STEP][PASSED] - Statement - If (reportgroupTxt == ""): null

2018-07-05 20:42:30 - [TEST_STEP][PASSED] - Statement - println("Report group does not have group name"): null

2018-07-05 20:42:30 - [TEST_STEP][PASSED] - Statement - reportgroup = "(//div[@class='ctable']/table/tbody/tr[@class='tdata clear'])[" + i + "]/td[7]": null

2018-07-05 20:42:30 - [TEST_STEP][PASSED] - Statement - reportgroupTxt = driver.findElement(org.openqa.selenium.By.xpath(reportgroup)).getText(): null

2018-07-05 20:42:30 - [TEST_STEP][PASSED] - Statement - If (reportgroupTxt == ""): null

2018-07-05 20:42:30 - [TEST_STEP][PASSED] - Statement - println("Report group does not have group name"): null

2018-07-05 20:42:30 - [TEST_STEP][PASSED] - Statement - reportgroup = "(//div[@class='ctable']/table/tbody/tr[@class='tdata clear'])[" + i + "]/td[7]": null

2018-07-05 20:42:30 - [TEST_STEP][PASSED] - Statement - reportgroupTxt = driver.findElement(org.openqa.selenium.By.xpath(reportgroup)).getText(): null

2018-07-05 20:42:30 - [TEST_STEP][PASSED] - Statement - If (reportgroupTxt == ""): null

2018-07-05 20:42:30 - [TEST_STEP][PASSED] - Statement - println("Report group does not have group name"): null

2018-07-05 20:42:30 - [TEST_STEP][PASSED] - Statement - reportgroup = "(//div[@class='ctable']/table/tbody/tr[@class='tdata clear'])[" + i + "]/td[7]": null

2018-07-05 20:42:30 - [TEST_STEP][PASSED] - Statement - reportgroupTxt = driver.findElement(org.openqa.selenium.By.xpath(reportgroup)).getText(): null

2018-07-05 20:42:30 - [TEST_STEP][PASSED] - Statement - If (reportgroupTxt == ""): null

2018-07-05 20:42:30 - [TEST_STEP][PASSED] - Statement - println("Report group does not have group name"): null

2018-07-05 20:42:30 - [TEST_STEP][PASSED] - Statement - reportgroup = "(//div[@class='ctable']/table/tbody/tr[@class='tdata clear'])[" + i + "]/td[7]": null

2018-07-05 20:42:30 - [TEST_STEP][PASSED] - Statement - reportgroupTxt = driver.findElement(org.openqa.selenium.By.xpath(reportgroup)).getText(): null

2018-07-05 20:42:30 - [TEST_STEP][PASSED] - Statement - If (reportgroupTxt == ""): null

2018-07-05 20:42:30 - [TEST_STEP][PASSED] - Statement - println("Report group does not have group name"): null

2018-07-05 20:42:30 - [TEST_STEP][PASSED] - Statement - reportgroup = "(//div[@class='ctable']/table/tbody/tr[@class='tdata clear'])[" + i + "]/td[7]": null

2018-07-05 20:42:30 - [TEST_STEP][PASSED] - Statement - reportgroupTxt = driver.findElement(org.openqa.selenium.By.xpath(reportgroup)).getText(): null

2018-07-05 20:42:30 - [TEST_STEP][PASSED] - Statement - If (reportgroupTxt == ""): null

2018-07-05 20:42:30 - [TEST_STEP][PASSED] - Statement - println("Report group does not have group name"): null

2018-07-05 20:42:30 - [TEST_STEP][PASSED] - Statement - reportgroup = "(//div[@class='ctable']/table/tbody/tr[@class='tdata clear'])[" + i + "]/td[7]": null

2018-07-05 20:42:30 - [TEST_STEP][PASSED] - Statement - reportgroupTxt = driver.findElement(org.openqa.selenium.By.xpath(reportgroup)).getText(): null

2018-07-05 20:42:30 - [TEST_STEP][PASSED] - Statement - If (reportgroupTxt == ""): null

2018-07-05 20:42:30 - [TEST_STEP][PASSED] - Statement - println("Report group does not have group name"): null

2018-07-05 20:42:30 - [TEST_STEP][PASSED] - Statement - reportgroup = "(//div[@class='ctable']/table/tbody/tr[@class='tdata clear'])[" + i + "]/td[7]": null

2018-07-05 20:42:30 - [TEST_STEP][PASSED] - Statement - reportgroupTxt = driver.findElement(org.openqa.selenium.By.xpath(reportgroup)).getText(): null

2018-07-05 20:42:30 - [TEST_STEP][PASSED] - Statement - If (reportgroupTxt == ""): null

2018-07-05 20:42:30 - [TEST_STEP][PASSED] - Statement - println("Report group does not have group name"): null

2018-07-05 20:42:30 - [TEST_STEP][PASSED] - Statement - reportgroup = "(//div[@class='ctable']/table/tbody/tr[@class='tdata clear'])[" + i + "]/td[7]": null

2018-07-05 20:42:30 - [TEST_STEP][PASSED] - Statement - reportgroupTxt = driver.findElement(org.openqa.selenium.By.xpath(reportgroup)).getText(): null

2018-07-05 20:42:30 - [TEST_STEP][PASSED] - Statement - If (reportgroupTxt == ""): null

2018-07-05 20:42:30 - [TEST_STEP][PASSED] - Statement - println("Report group does not have group name"): null

2018-07-05 20:42:30 - [TEST_STEP][PASSED] - Statement - reportgroup = "(//div[@class='ctable']/table/tbody/tr[@class='tdata clear'])[" + i + "]/td[7]": null

2018-07-05 20:42:30 - [TEST_STEP][PASSED] - Statement - reportgroupTxt = driver.findElement(org.openqa.selenium.By.xpath(reportgroup)).getText(): null

2018-07-05 20:42:30 - [TEST_STEP][PASSED] - Statement - If (reportgroupTxt == ""): null

2018-07-05 20:42:30 - [TEST_STEP][PASSED] - Statement - println("Report group does not have group name"): null

2018-07-05 20:42:30 - [TEST_STEP][PASSED] - Statement - reportgroup = "(//div[@class='ctable']/table/tbody/tr[@class='tdata clear'])[" + i + "]/td[7]": null

2018-07-05 20:42:30 - [TEST_STEP][PASSED] - Statement - reportgroupTxt = driver.findElement(org.openqa.selenium.By.xpath(reportgroup)).getText(): null

2018-07-05 20:42:30 - [TEST_STEP][PASSED] - Statement - If (reportgroupTxt == ""): null

2018-07-05 20:42:30 - [TEST_STEP][PASSED] - Statement - println("Report group does not have group name"): null

2018-07-05 20:42:30 - [TEST_STEP][PASSED] - Statement - reportgroup = "(//div[@class='ctable']/table/tbody/tr[@class='tdata clear'])[" + i + "]/td[7]": null

2018-07-05 20:42:30 - [TEST_STEP][PASSED] - Statement - reportgroupTxt = driver.findElement(org.openqa.selenium.By.xpath(reportgroup)).getText(): null

2018-07-05 20:42:31 - [TEST_STEP][PASSED] - Statement - If (reportgroupTxt == ""): null

2018-07-05 20:42:31 - [TEST_STEP][PASSED] - Statement - println("Report group does not have group name"): null

2018-07-05 20:42:31 - [TEST_STEP][PASSED] - Statement - reportgroup = "(//div[@class='ctable']/table/tbody/tr[@class='tdata clear'])[" + i + "]/td[7]": null

2018-07-05 20:42:31 - [TEST_STEP][PASSED] - Statement - reportgroupTxt = driver.findElement(org.openqa.selenium.By.xpath(reportgroup)).getText(): null

2018-07-05 20:42:31 - [TEST_STEP][PASSED] - Statement - If (reportgroupTxt == ""): null

2018-07-05 20:42:31 - [TEST_STEP][PASSED] - Statement - println("Report group does not have group name"): null

2018-07-05 20:42:31 - [TEST_STEP][PASSED] - Statement - reportgroup = "(//div[@class='ctable']/table/tbody/tr[@class='tdata clear'])[" + i + "]/td[7]": null

2018-07-05 20:42:31 - [TEST_STEP][PASSED] - Statement - reportgroupTxt = driver.findElement(org.openqa.selenium.By.xpath(reportgroup)).getText(): null

2018-07-05 20:42:31 - [TEST_STEP][PASSED] - Statement - If (reportgroupTxt == ""): null

2018-07-05 20:42:31 - [TEST_STEP][PASSED] - Statement - println("Report group does not have group name"): null

2018-07-05 20:42:31 - [TEST_STEP][PASSED] - Statement - reportgroup = "(//div[@class='ctable']/table/tbody/tr[@class='tdata clear'])[" + i + "]/td[7]": null

2018-07-05 20:42:31 - [TEST_STEP][PASSED] - Statement - reportgroupTxt = driver.findElement(org.openqa.selenium.By.xpath(reportgroup)).getText(): null

2018-07-05 20:42:31 - [TEST_STEP][PASSED] - Statement - If (reportgroupTxt == ""): null

2018-07-05 20:42:31 - [TEST_STEP][PASSED] - Statement - println("Report group does not have group name"): null

2018-07-05 20:42:31 - [TEST_STEP][PASSED] - Statement - reportgroup = "(//div[@class='ctable']/table/tbody/tr[@class='tdata clear'])[" + i + "]/td[7]": null

2018-07-05 20:42:31 - [TEST_STEP][PASSED] - Statement - reportgroupTxt = driver.findElement(org.openqa.selenium.By.xpath(reportgroup)).getText(): null

2018-07-05 20:42:31 - [TEST_STEP][PASSED] - Statement - If (reportgroupTxt == ""): null

2018-07-05 20:42:31 - [TEST_STEP][PASSED] - Statement - println("Report group does not have group name"): null

2018-07-05 20:42:31 - [TEST_STEP][PASSED] - Statement - reportgroup = "(//div[@class='ctable']/table/tbody/tr[@class='tdata clear'])[" + i + "]/td[7]": null

2018-07-05 20:42:31 - [TEST_STEP][PASSED] - Statement - reportgroupTxt = driver.findElement(org.openqa.selenium.By.xpath(reportgroup)).getText(): null

2018-07-05 20:42:31 - [TEST_STEP][PASSED] - Statement - If (reportgroupTxt == ""): null

2018-07-05 20:42:31 - [TEST_STEP][PASSED] - Statement - println("Report group does not have group name"): null

2018-07-05 20:42:31 - [TEST_STEP][PASSED] - Statement - reportgroup = "(//div[@class='ctable']/table/tbody/tr[@class='tdata clear'])[" + i + "]/td[7]": null

2018-07-05 20:42:31 - [TEST_STEP][PASSED] - Statement - reportgroupTxt = driver.findElement(org.openqa.selenium.By.xpath(reportgroup)).getText(): null

2018-07-05 20:42:31 - [TEST_STEP][PASSED] - Statement - If (reportgroupTxt == ""): null

2018-07-05 20:42:31 - [TEST_STEP][PASSED] - Statement - println("Report group does not have group name"): null

2018-07-05 20:42:31 - [TEST_STEP][PASSED] - Statement - reportgroup = "(//div[@class='ctable']/table/tbody/tr[@class='tdata clear'])[" + i + "]/td[7]": null

2018-07-05 20:42:31 - [TEST_STEP][PASSED] - Statement - reportgroupTxt = driver.findElement(org.openqa.selenium.By.xpath(reportgroup)).getText(): null

2018-07-05 20:42:31 - [TEST_STEP][PASSED] - Statement - If (reportgroupTxt == ""): null

2018-07-05 20:42:31 - [TEST_STEP][PASSED] - Statement - println("Report group does not have group name"): null

2018-07-05 20:42:31 - [TEST_STEP][PASSED] - Statement - reportgroup = "(//div[@class='ctable']/table/tbody/tr[@class='tdata clear'])[" + i + "]/td[7]": null

2018-07-05 20:42:31 - [TEST_STEP][PASSED] - Statement - reportgroupTxt = driver.findElement(org.openqa.selenium.By.xpath(reportgroup)).getText(): null

2018-07-05 20:42:31 - [TEST_STEP][PASSED] - Statement - If (reportgroupTxt == ""): null

2018-07-05 20:42:31 - [TEST_STEP][PASSED] - Statement - println("Report group does not have group name"): null

2018-07-05 20:42:31 - [TEST_STEP][PASSED] - Statement - reportgroup = "(//div[@class='ctable']/table/tbody/tr[@class='tdata clear'])[" + i + "]/td[7]": null

2018-07-05 20:42:31 - [TEST_STEP][PASSED] - Statement - reportgroupTxt = driver.findElement(org.openqa.selenium.By.xpath(reportgroup)).getText(): null

2018-07-05 20:42:31 - [TEST_STEP][PASSED] - Statement - If (reportgroupTxt == ""): null

2018-07-05 20:42:31 - [TEST_STEP][PASSED] - Statement - println("Report group does not have group name"): null

2018-07-05 20:42:31 - [TEST_STEP][PASSED] - Statement - reportgroup = "(//div[@class='ctable']/table/tbody/tr[@class='tdata clear'])[" + i + "]/td[7]": null

2018-07-05 20:42:31 - [TEST_STEP][PASSED] - Statement - reportgroupTxt = driver.findElement(org.openqa.selenium.By.xpath(reportgroup)).getText(): null

2018-07-05 20:42:31 - [TEST_STEP][PASSED] - Statement - If (reportgroupTxt == ""): null

2018-07-05 20:42:31 - [TEST_STEP][PASSED] - Statement - println("Report group does not have group name"): null

2018-07-05 20:42:31 - [TEST_STEP][PASSED] - Statement - reportgroup = "(//div[@class='ctable']/table/tbody/tr[@class='tdata clear'])[" + i + "]/td[7]": null

2018-07-05 20:42:31 - [TEST_STEP][PASSED] - Statement - reportgroupTxt = driver.findElement(org.openqa.selenium.By.xpath(reportgroup)).getText(): null

2018-07-05 20:42:31 - [TEST_STEP][PASSED] - Statement - If (reportgroupTxt == ""): null

2018-07-05 20:42:31 - [TEST_STEP][PASSED] - Statement - println("Report group does not have group name"): null

2018-07-05 20:42:31 - [TEST_STEP][PASSED] - Statement - reportgroup = "(//div[@class='ctable']/table/tbody/tr[@class='tdata clear'])[" + i + "]/td[7]": null

2018-07-05 20:42:31 - [TEST_STEP][PASSED] - Statement - reportgroupTxt = driver.findElement(org.openqa.selenium.By.xpath(reportgroup)).getText(): null

2018-07-05 20:42:31 - [TEST_STEP][PASSED] - Statement - If (reportgroupTxt == ""): null

2018-07-05 20:42:31 - [TEST_STEP][PASSED] - Statement - println("Report group does not have group name"): null

2018-07-05 20:42:31 - [TEST_STEP][PASSED] - Statement - reportgroup = "(//div[@class='ctable']/table/tbody/tr[@class='tdata clear'])[" + i + "]/td[7]": null

2018-07-05 20:42:31 - [TEST_STEP][PASSED] - Statement - reportgroupTxt = driver.findElement(org.openqa.selenium.By.xpath(reportgroup)).getText(): null

2018-07-05 20:42:31 - [TEST_STEP][PASSED] - Statement - If (reportgroupTxt == ""): null

2018-07-05 20:42:31 - [TEST_STEP][PASSED] - Statement - println("Report group does not have group name"): null

2018-07-05 20:42:31 - [TEST_STEP][PASSED] - Statement - reportgroup = "(//div[@class='ctable']/table/tbody/tr[@class='tdata clear'])[" + i + "]/td[7]": null

2018-07-05 20:42:31 - [TEST_STEP][PASSED] - Statement - reportgroupTxt = driver.findElement(org.openqa.selenium.By.xpath(reportgroup)).getText(): null

2018-07-05 20:42:31 - [TEST_STEP][PASSED] - Statement - If (reportgroupTxt == ""): null

2018-07-05 20:42:31 - [TEST_STEP][PASSED] - Statement - println("Report group does not have group name"): null

2018-07-05 20:42:31 - [TEST_STEP][PASSED] - Statement - reportgroup = "(//div[@class='ctable']/table/tbody/tr[@class='tdata clear'])[" + i + "]/td[7]": null

2018-07-05 20:42:31 - [TEST_STEP][PASSED] - Statement - reportgroupTxt = driver.findElement(org.openqa.selenium.By.xpath(reportgroup)).getText(): null

2018-07-05 20:42:31 - [TEST_STEP][PASSED] - Statement - If (reportgroupTxt == ""): null

2018-07-05 20:42:31 - [TEST_STEP][PASSED] - Statement - println("Report group does not have group name"): null

2018-07-05 20:42:31 - [TEST_STEP][PASSED] - Statement - reportgroup = "(//div[@class='ctable']/table/tbody/tr[@class='tdata clear'])[" + i + "]/td[7]": null

2018-07-05 20:42:31 - [TEST_STEP][PASSED] - Statement - reportgroupTxt = driver.findElement(org.openqa.selenium.By.xpath(reportgroup)).getText(): null

2018-07-05 20:42:31 - [TEST_STEP][PASSED] - Statement - If (reportgroupTxt == ""): null

2018-07-05 20:42:31 - [TEST_STEP][PASSED] - Statement - println("Report group does not have group name"): null

2018-07-05 20:42:31 - [TEST_STEP][PASSED] - Statement - reportgroup = "(//div[@class='ctable']/table/tbody/tr[@class='tdata clear'])[" + i + "]/td[7]": null

2018-07-05 20:42:31 - [TEST_STEP][PASSED] - Statement - reportgroupTxt = driver.findElement(org.openqa.selenium.By.xpath(reportgroup)).getText(): null

2018-07-05 20:42:31 - [TEST_STEP][PASSED] - Statement - If (reportgroupTxt == ""): null

2018-07-05 20:42:31 - [TEST_STEP][PASSED] - Statement - println("Report group does not have group name"): null

2018-07-05 20:42:31 - [TEST_STEP][PASSED] - Statement - reportgroup = "(//div[@class='ctable']/table/tbody/tr[@class='tdata clear'])[" + i + "]/td[7]": null

2018-07-05 20:42:31 - [TEST_STEP][PASSED] - Statement - reportgroupTxt = driver.findElement(org.openqa.selenium.By.xpath(reportgroup)).getText(): null

2018-07-05 20:42:31 - [TEST_STEP][PASSED] - Statement - If (reportgroupTxt == ""): null

2018-07-05 20:42:31 - [TEST_STEP][PASSED] - Statement - println("Report group does not have group name"): null

2018-07-05 20:42:31 - [TEST_STEP][PASSED] - Statement - reportgroup = "(//div[@class='ctable']/table/tbody/tr[@class='tdata clear'])[" + i + "]/td[7]": null

2018-07-05 20:42:31 - [TEST_STEP][PASSED] - Statement - reportgroupTxt = driver.findElement(org.openqa.selenium.By.xpath(reportgroup)).getText(): null

2018-07-05 20:42:31 - [TEST_STEP][PASSED] - Statement - If (reportgroupTxt == ""): null

2018-07-05 20:42:31 - [TEST_STEP][PASSED] - Statement - println("Report group does not have group name"): null

2018-07-05 20:42:31 - [TEST_STEP][PASSED] - Statement - reportgroup = "(//div[@class='ctable']/table/tbody/tr[@class='tdata clear'])[" + i + "]/td[7]": null

2018-07-05 20:42:31 - [TEST_STEP][PASSED] - Statement - reportgroupTxt = driver.findElement(org.openqa.selenium.By.xpath(reportgroup)).getText(): null

2018-07-05 20:42:31 - [TEST_STEP][PASSED] - Statement - If (reportgroupTxt == ""): null

2018-07-05 20:42:31 - [TEST_STEP][PASSED] - Statement - println("Report group does not have group name"): null

2018-07-05 20:42:31 - [TEST_STEP][PASSED] - Statement - reportgroup = "(//div[@class='ctable']/table/tbody/tr[@class='tdata clear'])[" + i + "]/td[7]": null

2018-07-05 20:42:31 - [TEST_STEP][PASSED] - Statement - reportgroupTxt = driver.findElement(org.openqa.selenium.By.xpath(reportgroup)).getText(): null

2018-07-05 20:42:31 - [TEST_STEP][PASSED] - Statement - If (reportgroupTxt == ""): null

2018-07-05 20:42:31 - [TEST_STEP][PASSED] - Statement - println("Report group does not have group name"): null

2018-07-05 20:42:31 - [TEST_STEP][PASSED] - Statement - reportgroup = "(//div[@class='ctable']/table/tbody/tr[@class='tdata clear'])[" + i + "]/td[7]": null

2018-07-05 20:42:31 - [TEST_STEP][PASSED] - Statement - reportgroupTxt = driver.findElement(org.openqa.selenium.By.xpath(reportgroup)).getText(): null

2018-07-05 20:42:31 - [TEST_STEP][PASSED] - Statement - If (reportgroupTxt == ""): null

2018-07-05 20:42:31 - [TEST_STEP][PASSED] - Statement - println("Report group does not have group name"): null

2018-07-05 20:42:31 - [TEST_STEP][PASSED] - Statement - reportgroup = "(//div[@class='ctable']/table/tbody/tr[@class='tdata clear'])[" + i + "]/td[7]": null

2018-07-05 20:42:31 - [TEST_STEP][PASSED] - Statement - reportgroupTxt = driver.findElement(org.openqa.selenium.By.xpath(reportgroup)).getText(): null

2018-07-05 20:42:31 - [TEST_STEP][PASSED] - Statement - If (reportgroupTxt == ""): null

2018-07-05 20:42:31 - [TEST_STEP][PASSED] - Statement - println("Report group does not have group name"): null

2018-07-05 20:42:31 - [TEST_STEP][PASSED] - Statement - reportgroup = "(//div[@class='ctable']/table/tbody/tr[@class='tdata clear'])[" + i + "]/td[7]": null

2018-07-05 20:42:31 - [TEST_STEP][PASSED] - Statement - reportgroupTxt = driver.findElement(org.openqa.selenium.By.xpath(reportgroup)).getText(): null

2018-07-05 20:42:31 - [TEST_STEP][PASSED] - Statement - If (reportgroupTxt == ""): null

2018-07-05 20:42:31 - [TEST_STEP][PASSED] - Statement - println("Report group does not have group name"): null

2018-07-05 20:42:31 - [TEST_STEP][PASSED] - Statement - reportgroup = "(//div[@class='ctable']/table/tbody/tr[@class='tdata clear'])[" + i + "]/td[7]": null

2018-07-05 20:42:31 - [TEST_STEP][PASSED] - Statement - reportgroupTxt = driver.findElement(org.openqa.selenium.By.xpath(reportgroup)).getText(): null

2018-07-05 20:42:31 - [TEST_STEP][PASSED] - Statement - If (reportgroupTxt == ""): null

2018-07-05 20:42:31 - [TEST_STEP][PASSED] - Statement - println("Report group does not have group name"): null

2018-07-05 20:42:31 - [TEST_STEP][PASSED] - Statement - reportgroup = "(//div[@class='ctable']/table/tbody/tr[@class='tdata clear'])[" + i + "]/td[7]": null

2018-07-05 20:42:31 - [TEST_STEP][PASSED] - Statement - reportgroupTxt = driver.findElement(org.openqa.selenium.By.xpath(reportgroup)).getText(): null

2018-07-05 20:42:31 - [TEST_STEP][PASSED] - Statement - If (reportgroupTxt == ""): null

2018-07-05 20:42:31 - [TEST_STEP][PASSED] - Statement - println("Report group does not have group name"): null

2018-07-05 20:42:31 - [TEST_STEP][PASSED] - Statement - reportgroup = "(//div[@class='ctable']/table/tbody/tr[@class='tdata clear'])[" + i + "]/td[7]": null

2018-07-05 20:42:31 - [TEST_STEP][PASSED] - Statement - reportgroupTxt = driver.findElement(org.openqa.selenium.By.xpath(reportgroup)).getText(): null

2018-07-05 20:42:31 - [TEST_STEP][PASSED] - Statement - If (reportgroupTxt == ""): null

2018-07-05 20:42:31 - [TEST_STEP][PASSED] - Statement - println("Report group does not have group name"): null

2018-07-05 20:42:31 - [TEST_STEP][PASSED] - Statement - reportgroup = "(//div[@class='ctable']/table/tbody/tr[@class='tdata clear'])[" + i + "]/td[7]": null

2018-07-05 20:42:31 - [TEST_STEP][PASSED] - Statement - reportgroupTxt = driver.findElement(org.openqa.selenium.By.xpath(reportgroup)).getText(): null

2018-07-05 20:42:31 - [TEST_STEP][PASSED] - Statement - If (reportgroupTxt == ""): null

2018-07-05 20:42:31 - [TEST_STEP][PASSED] - Statement - println("Report group does not have group name"): null

2018-07-05 20:42:31 - [TEST_STEP][PASSED] - Statement - reportgroup = "(//div[@class='ctable']/table/tbody/tr[@class='tdata clear'])[" + i + "]/td[7]": null

2018-07-05 20:42:31 - [TEST_STEP][PASSED] - Statement - reportgroupTxt = driver.findElement(org.openqa.selenium.By.xpath(reportgroup)).getText(): null

2018-07-05 20:42:31 - [TEST_STEP][PASSED] - Statement - If (reportgroupTxt == ""): null

2018-07-05 20:42:31 - [TEST_STEP][PASSED] - Statement - println("Report group does not have group name"): null

2018-07-05 20:42:31 - [TEST_STEP][PASSED] - Statement - reportgroup = "(//div[@class='ctable']/table/tbody/tr[@class='tdata clear'])[" + i + "]/td[7]": null

2018-07-05 20:42:31 - [TEST_STEP][PASSED] - Statement - reportgroupTxt = driver.findElement(org.openqa.selenium.By.xpath(reportgroup)).getText(): null

2018-07-05 20:42:31 - [TEST_STEP][PASSED] - Statement - If (reportgroupTxt == ""): null

2018-07-05 20:42:31 - [TEST_STEP][PASSED] - Statement - println("Report group does not have group name"): null

2018-07-05 20:42:31 - [TEST_STEP][PASSED] - Statement - reportgroup = "(//div[@class='ctable']/table/tbody/tr[@class='tdata clear'])[" + i + "]/td[7]": null

2018-07-05 20:42:31 - [TEST_STEP][PASSED] - Statement - reportgroupTxt = driver.findElement(org.openqa.selenium.By.xpath(reportgroup)).getText(): null

2018-07-05 20:42:31 - [TEST_STEP][PASSED] - Statement - If (reportgroupTxt == ""): null

2018-07-05 20:42:31 - [TEST_STEP][PASSED] - Statement - println("Report group does not have group name"): null

2018-07-05 20:42:31 - [TEST_STEP][PASSED] - Statement - reportgroup = "(//div[@class='ctable']/table/tbody/tr[@class='tdata clear'])[" + i + "]/td[7]": null

2018-07-05 20:42:31 - [TEST_STEP][PASSED] - Statement - reportgroupTxt = driver.findElement(org.openqa.selenium.By.xpath(reportgroup)).getText(): null

2018-07-05 20:42:31 - [TEST_STEP][PASSED] - Statement - If (reportgroupTxt == ""): null

2018-07-05 20:42:31 - [TEST_STEP][PASSED] - Statement - println("Report group does not have group name"): null

2018-07-05 20:42:31 - [TEST_STEP][PASSED] - Statement - reportgroup = "(//div[@class='ctable']/table/tbody/tr[@class='tdata clear'])[" + i + "]/td[7]": null

2018-07-05 20:42:31 - [TEST_STEP][PASSED] - Statement - reportgroupTxt = driver.findElement(org.openqa.selenium.By.xpath(reportgroup)).getText(): null

2018-07-05 20:42:32 - [TEST_STEP][PASSED] - Statement - If (reportgroupTxt == ""): null

2018-07-05 20:42:32 - [TEST_STEP][PASSED] - Statement - println("Report group does not have group name"): null

2018-07-05 20:42:32 - [TEST_STEP][PASSED] - Statement - reportgroup = "(//div[@class='ctable']/table/tbody/tr[@class='tdata clear'])[" + i + "]/td[7]": null

2018-07-05 20:42:32 - [TEST_STEP][PASSED] - Statement - reportgroupTxt = driver.findElement(org.openqa.selenium.By.xpath(reportgroup)).getText(): null

2018-07-05 20:42:32 - [TEST_STEP][PASSED] - Statement - If (reportgroupTxt == ""): null

2018-07-05 20:42:32 - [TEST_STEP][PASSED] - Statement - println("Report group does not have group name"): null

2018-07-05 20:42:32 - [TEST_STEP][PASSED] - Statement - reportgroup = "(//div[@class='ctable']/table/tbody/tr[@class='tdata clear'])[" + i + "]/td[7]": null

2018-07-05 20:42:32 - [TEST_STEP][PASSED] - Statement - reportgroupTxt = driver.findElement(org.openqa.selenium.By.xpath(reportgroup)).getText(): null

2018-07-05 20:42:32 - [TEST_STEP][PASSED] - Statement - If (reportgroupTxt == ""): null

2018-07-05 20:42:32 - [TEST_STEP][PASSED] - Statement - println("Report group does not have group name"): null

2018-07-05 20:42:32 - [TEST_STEP][PASSED] - Statement - reportgroup = "(//div[@class='ctable']/table/tbody/tr[@class='tdata clear'])[" + i + "]/td[7]": null

2018-07-05 20:42:32 - [TEST_STEP][PASSED] - Statement - reportgroupTxt = driver.findElement(org.openqa.selenium.By.xpath(reportgroup)).getText(): null

2018-07-05 20:42:32 - [TEST_STEP][PASSED] - Statement - If (reportgroupTxt == ""): null

2018-07-05 20:42:32 - [TEST_STEP][PASSED] - Statement - println("Report group does not have group name"): null

2018-07-05 20:42:32 - [TEST_STEP][PASSED] - Statement - reportgroup = "(//div[@class='ctable']/table/tbody/tr[@class='tdata clear'])[" + i + "]/td[7]": null

2018-07-05 20:42:32 - [TEST_STEP][PASSED] - Statement - reportgroupTxt = driver.findElement(org.openqa.selenium.By.xpath(reportgroup)).getText(): null

2018-07-05 20:42:32 - [TEST_STEP][PASSED] - Statement - If (reportgroupTxt == ""): null

2018-07-05 20:42:32 - [TEST_STEP][PASSED] - Statement - println("Report group does not have group name"): null

2018-07-05 20:42:32 - [TEST_STEP][PASSED] - Statement - reportgroup = "(//div[@class='ctable']/table/tbody/tr[@class='tdata clear'])[" + i + "]/td[7]": null

2018-07-05 20:42:32 - [TEST_STEP][PASSED] - Statement - reportgroupTxt = driver.findElement(org.openqa.selenium.By.xpath(reportgroup)).getText(): null

2018-07-05 20:42:32 - [TEST_STEP][PASSED] - Statement - If (reportgroupTxt == ""): null

2018-07-05 20:42:32 - [TEST_STEP][PASSED] - Statement - println("Report group does not have group name"): null

2018-07-05 20:42:32 - [TEST_STEP][PASSED] - Statement - reportgroup = "(//div[@class='ctable']/table/tbody/tr[@class='tdata clear'])[" + i + "]/td[7]": null

2018-07-05 20:42:32 - [TEST_STEP][PASSED] - Statement - reportgroupTxt = driver.findElement(org.openqa.selenium.By.xpath(reportgroup)).getText(): null

2018-07-05 20:42:32 - [TEST_STEP][PASSED] - Statement - If (reportgroupTxt == ""): null

2018-07-05 20:42:32 - [TEST_STEP][PASSED] - Statement - println("Report group does not have group name"): null

2018-07-05 20:42:32 - [TEST_STEP][PASSED] - Statement - reportgroup = "(//div[@class='ctable']/table/tbody/tr[@class='tdata clear'])[" + i + "]/td[7]": null

2018-07-05 20:42:32 - [TEST_STEP][PASSED] - Statement - reportgroupTxt = driver.findElement(org.openqa.selenium.By.xpath(reportgroup)).getText(): null

2018-07-05 20:42:32 - [TEST_STEP][PASSED] - Statement - If (reportgroupTxt == ""): null

2018-07-05 20:42:32 - [TEST_STEP][PASSED] - Statement - println("Report group does not have group name"): null

2018-07-05 20:42:32 - [TEST_STEP][PASSED] - Statement - reportgroup = "(//div[@class='ctable']/table/tbody/tr[@class='tdata clear'])[" + i + "]/td[7]": null

2018-07-05 20:42:32 - [TEST_STEP][PASSED] - Statement - reportgroupTxt = driver.findElement(org.openqa.selenium.By.xpath(reportgroup)).getText(): null

2018-07-05 20:42:32 - [TEST_STEP][PASSED] - Statement - If (reportgroupTxt == ""): null

2018-07-05 20:42:32 - [TEST_STEP][PASSED] - Statement - println("Report group does not have group name"): null

2018-07-05 20:42:32 - [TEST_STEP][PASSED] - Statement - reportgroup = "(//div[@class='ctable']/table/tbody/tr[@class='tdata clear'])[" + i + "]/td[7]": null

2018-07-05 20:42:32 - [TEST_STEP][PASSED] - Statement - reportgroupTxt = driver.findElement(org.openqa.selenium.By.xpath(reportgroup)).getText(): null

2018-07-05 20:42:32 - [TEST_STEP][PASSED] - Statement - If (reportgroupTxt == ""): null

2018-07-05 20:42:32 - [TEST_STEP][PASSED] - Statement - println("Report group does not have group name"): null

2018-07-05 20:42:32 - [TEST_STEP][PASSED] - Statement - reportgroup = "(//div[@class='ctable']/table/tbody/tr[@class='tdata clear'])[" + i + "]/td[7]": null

2018-07-05 20:42:32 - [TEST_STEP][PASSED] - Statement - reportgroupTxt = driver.findElement(org.openqa.selenium.By.xpath(reportgroup)).getText(): null

2018-07-05 20:42:32 - [TEST_STEP][PASSED] - Statement - If (reportgroupTxt == ""): null

2018-07-05 20:42:32 - [TEST_STEP][PASSED] - Statement - println("Report group does not have group name"): null

2018-07-05 20:42:32 - [TEST_STEP][PASSED] - Statement - reportgroup = "(//div[@class='ctable']/table/tbody/tr[@class='tdata clear'])[" + i + "]/td[7]": null

2018-07-05 20:42:32 - [TEST_STEP][PASSED] - Statement - reportgroupTxt = driver.findElement(org.openqa.selenium.By.xpath(reportgroup)).getText(): null

2018-07-05 20:42:32 - [TEST_STEP][PASSED] - Statement - If (reportgroupTxt == ""): null

2018-07-05 20:42:32 - [TEST_STEP][PASSED] - Statement - println("Report group does not have group name"): null

2018-07-05 20:42:32 - [TEST_STEP][PASSED] - Statement - reportgroup = "(//div[@class='ctable']/table/tbody/tr[@class='tdata clear'])[" + i + "]/td[7]": null

2018-07-05 20:42:32 - [TEST_STEP][PASSED] - Statement - reportgroupTxt = driver.findElement(org.openqa.selenium.By.xpath(reportgroup)).getText(): null

2018-07-05 20:42:32 - [TEST_STEP][PASSED] - Statement - If (reportgroupTxt == ""): null

2018-07-05 20:42:32 - [TEST_STEP][PASSED] - Statement - println("Report group does not have group name"): null

2018-07-05 20:42:32 - [TEST_STEP][PASSED] - Statement - reportgroup = "(//div[@class='ctable']/table/tbody/tr[@class='tdata clear'])[" + i + "]/td[7]": null

2018-07-05 20:42:32 - [TEST_STEP][PASSED] - Statement - reportgroupTxt = driver.findElement(org.openqa.selenium.By.xpath(reportgroup)).getText(): null

2018-07-05 20:42:32 - [TEST_STEP][PASSED] - Statement - If (reportgroupTxt == ""): null

2018-07-05 20:42:32 - [TEST_STEP][PASSED] - Statement - println("Report group does not have group name"): null

2018-07-05 20:42:32 - [TEST_STEP][PASSED] - Statement - reportgroup = "(//div[@class='ctable']/table/tbody/tr[@class='tdata clear'])[" + i + "]/td[7]": null

2018-07-05 20:42:32 - [TEST_STEP][PASSED] - Statement - reportgroupTxt = driver.findElement(org.openqa.selenium.By.xpath(reportgroup)).getText(): null

2018-07-05 20:42:32 - [TEST_STEP][PASSED] - Statement - If (reportgroupTxt == ""): null

2018-07-05 20:42:32 - [TEST_STEP][PASSED] - Statement - println("Report group does not have group name"): null

2018-07-05 20:42:32 - [TEST_STEP][PASSED] - Statement - reportgroup = "(//div[@class='ctable']/table/tbody/tr[@class='tdata clear'])[" + i + "]/td[7]": null

2018-07-05 20:42:32 - [TEST_STEP][PASSED] - Statement - reportgroupTxt = driver.findElement(org.openqa.selenium.By.xpath(reportgroup)).getText(): null

2018-07-05 20:42:32 - [TEST_STEP][PASSED] - Statement - If (reportgroupTxt == ""): null

2018-07-05 20:42:32 - [TEST_STEP][PASSED] - Statement - println("Report group does not have group name"): null

2018-07-05 20:42:32 - [TEST_STEP][PASSED] - Statement - reportgroup = "(//div[@class='ctable']/table/tbody/tr[@class='tdata clear'])[" + i + "]/td[7]": null

2018-07-05 20:42:32 - [TEST_STEP][PASSED] - Statement - reportgroupTxt = driver.findElement(org.openqa.selenium.By.xpath(reportgroup)).getText(): null

2018-07-05 20:42:32 - [TEST_STEP][PASSED] - Statement - If (reportgroupTxt == ""): null

2018-07-05 20:42:32 - [TEST_STEP][PASSED] - Statement - println("Report group does not have group name"): null

2018-07-05 20:42:32 - [TEST_STEP][PASSED] - Statement - reportgroup = "(//div[@class='ctable']/table/tbody/tr[@class='tdata clear'])[" + i + "]/td[7]": null

2018-07-05 20:42:32 - [TEST_STEP][PASSED] - Statement - reportgroupTxt = driver.findElement(org.openqa.selenium.By.xpath(reportgroup)).getText(): null

2018-07-05 20:42:32 - [TEST_STEP][PASSED] - Statement - If (reportgroupTxt == ""): null

2018-07-05 20:42:32 - [TEST_STEP][PASSED] - Statement - println("Report group does not have group name"): null

2018-07-05 20:42:32 - [TEST_STEP][PASSED] - Statement - reportgroup = "(//div[@class='ctable']/table/tbody/tr[@class='tdata clear'])[" + i + "]/td[7]": null

2018-07-05 20:42:32 - [TEST_STEP][PASSED] - Statement - reportgroupTxt = driver.findElement(org.openqa.selenium.By.xpath(reportgroup)).getText(): null

2018-07-05 20:42:32 - [TEST_STEP][PASSED] - Statement - If (reportgroupTxt == ""): null

2018-07-05 20:42:32 - [TEST_STEP][PASSED] - Statement - println("Report group does not have group name"): null

2018-07-05 20:42:32 - [TEST_STEP][PASSED] - Statement - reportgroup = "(//div[@class='ctable']/table/tbody/tr[@class='tdata clear'])[" + i + "]/td[7]": null

2018-07-05 20:42:32 - [TEST_STEP][PASSED] - Statement - reportgroupTxt = driver.findElement(org.openqa.selenium.By.xpath(reportgroup)).getText(): null

2018-07-05 20:42:32 - [TEST_STEP][PASSED] - Statement - If (reportgroupTxt == ""): null

2018-07-05 20:42:32 - [TEST_STEP][PASSED] - Statement - println("Report group does not have group name"): null

2018-07-05 20:42:32 - [TEST_STEP][PASSED] - Statement - reportgroup = "(//div[@class='ctable']/table/tbody/tr[@class='tdata clear'])[" + i + "]/td[7]": null

2018-07-05 20:42:32 - [TEST_STEP][PASSED] - Statement - reportgroupTxt = driver.findElement(org.openqa.selenium.By.xpath(reportgroup)).getText(): null

2018-07-05 20:42:32 - [TEST_STEP][PASSED] - Statement - If (reportgroupTxt == ""): null

2018-07-05 20:42:32 - [TEST_STEP][PASSED] - Statement - println("Report group does not have group name"): null

2018-07-05 20:42:32 - [TEST_STEP][PASSED] - Statement - reportgroup = "(//div[@class='ctable']/table/tbody/tr[@class='tdata clear'])[" + i + "]/td[7]": null

2018-07-05 20:42:32 - [TEST_STEP][PASSED] - Statement - reportgroupTxt = driver.findElement(org.openqa.selenium.By.xpath(reportgroup)).getText(): null

2018-07-05 20:42:32 - [TEST_STEP][PASSED] - Statement - If (reportgroupTxt == ""): null

2018-07-05 20:42:32 - [TEST_STEP][PASSED] - Statement - println("Report group does not have group name"): null

2018-07-05 20:42:32 - [TEST_STEP][PASSED] - Statement - reportgroup = "(//div[@class='ctable']/table/tbody/tr[@class='tdata clear'])[" + i + "]/td[7]": null

2018-07-05 20:42:32 - [TEST_STEP][PASSED] - Statement - reportgroupTxt = driver.findElement(org.openqa.selenium.By.xpath(reportgroup)).getText(): null

2018-07-05 20:42:32 - [TEST_STEP][PASSED] - Statement - If (reportgroupTxt == ""): null

2018-07-05 20:42:32 - [TEST_STEP][PASSED] - Statement - println("Report group does not have group name"): null

2018-07-05 20:42:32 - [TEST_STEP][PASSED] - Statement - reportgroup = "(//div[@class='ctable']/table/tbody/tr[@class='tdata clear'])[" + i + "]/td[7]": null

2018-07-05 20:42:32 - [TEST_STEP][PASSED] - Statement - reportgroupTxt = driver.findElement(org.openqa.selenium.By.xpath(reportgroup)).getText(): null

2018-07-05 20:42:32 - [TEST_STEP][PASSED] - Statement - If (reportgroupTxt == ""): null

2018-07-05 20:42:32 - [TEST_STEP][PASSED] - Statement - println("Report group does not have group name"): null

2018-07-05 20:42:32 - [TEST_STEP][PASSED] - Statement - reportgroup = "(//div[@class='ctable']/table/tbody/tr[@class='tdata clear'])[" + i + "]/td[7]": null

2018-07-05 20:42:32 - [TEST_STEP][PASSED] - Statement - reportgroupTxt = driver.findElement(org.openqa.selenium.By.xpath(reportgroup)).getText(): null

2018-07-05 20:42:32 - [TEST_STEP][PASSED] - Statement - If (reportgroupTxt == ""): null

2018-07-05 20:42:32 - [TEST_STEP][PASSED] - Statement - println("Report group does not have group name"): null

2018-07-05 20:42:32 - [TEST_STEP][PASSED] - Statement - reportgroup = "(//div[@class='ctable']/table/tbody/tr[@class='tdata clear'])[" + i + "]/td[7]": null

2018-07-05 20:42:32 - [TEST_STEP][PASSED] - Statement - reportgroupTxt = driver.findElement(org.openqa.selenium.By.xpath(reportgroup)).getText(): null

2018-07-05 20:42:32 - [TEST_STEP][PASSED] - Statement - If (reportgroupTxt == ""): null

2018-07-05 20:42:32 - [TEST_STEP][PASSED] - Statement - println("Report group does not have group name"): null

2018-07-05 20:42:32 - [TEST_STEP][PASSED] - uiaction.CommonUIActions.click: uiaction.CommonUIActions.click is PASSED

2018-07-05 20:42:33 - [MESSAGE][PASSED] - uiaction.CommonUIActions.click is PASSED

2018-07-05 20:42:33 - [TEST_STEP][PASSED] - uiaction.CommonUIActions.click: uiaction.CommonUIActions.click is PASSED

2018-07-05 20:42:33 - [MESSAGE][PASSED] - uiaction.CommonUIActions.click is PASSED

2018-07-05 20:42:33 - [TEST_STEP][PASSED] - verifyElementPresent: Object 'Object Repository/ReportingGroupManagement/reportingGroupDetails' is present

2018-07-05 20:42:33 - [MESSAGE][PASSED] - Object 'Object Repository/ReportingGroupManagement/reportingGroupDetails' is present

2018-07-05 20:42:33 - [TEST_STEP][PASSED] - uiaction.CommonUIActions.enter: uiaction.CommonUIActions.enter is PASSED

2018-07-05 20:42:33 - [MESSAGE][PASSED] - projectSpecific.Reusability.getTestData is PASSED

2018-07-05 20:42:33 - [MESSAGE][PASSED] - uiaction.CommonUIActions.enter is PASSED

2018-07-05 20:42:33 - [TEST_STEP][PASSED] - uiaction.CommonUIActions.enter: uiaction.CommonUIActions.enter is PASSED

2018-07-05 20:42:33 - [MESSAGE][PASSED] - projectSpecific.Reusability.getTestData is PASSED

2018-07-05 20:42:33 - [MESSAGE][PASSED] - uiaction.CommonUIActions.enter is PASSED

2018-07-05 20:42:33 - [TEST_STEP][PASSED] - uiaction.CommonUIActions.click: uiaction.CommonUIActions.click is PASSED

2018-07-05 20:42:33 - [MESSAGE][PASSED] - uiaction.CommonUIActions.click is PASSED

2018-07-05 20:42:33 - [TEST_STEP][PASSED] - delay: Delayed 10 second(s)

2018-07-05 20:42:43 - [MESSAGE][PASSED] - Delayed 10 second(s)

2018-07-05 20:42:43 - [TEST_STEP][PASSED] - uiaction.CommonUIActions.back: uiaction.CommonUIActions.back is PASSED

2018-07-05 20:42:43 - [MESSAGE][PASSED] - Navigate back successfully

2018-07-05 20:42:43 - [MESSAGE][PASSED] - uiaction.CommonUIActions.back is PASSED

2018-07-05 20:42:43 - [TEST_STEP][PASSED] - delay: Delayed 5 second(s)

2018-07-05 20:42:48 - [MESSAGE][PASSED] - Delayed 5 second(s)

2018-07-05 20:42:48 - [TEST_STEP][PASSED] - uiaction.CommonUIActions.enter: uiaction.CommonUIActions.enter is PASSED

2018-07-05 20:42:48 - [MESSAGE][PASSED] - projectSpecific.Reusability.getTestData is PASSED

2018-07-05 20:42:48 - [MESSAGE][PASSED] - uiaction.CommonUIActions.enter is PASSED

2018-07-05 20:42:48 - [TEST_STEP][PASSED] - uiaction.CommonUIActions.enter: uiaction.CommonUIActions.enter is PASSED

2018-07-05 20:42:48 - [MESSAGE][PASSED] - projectSpecific.Reusability.getTestData is PASSED

2018-07-05 20:42:48 - [MESSAGE][PASSED] - uiaction.CommonUIActions.enter is PASSED

2018-07-05 20:42:48 - [TEST_STEP][PASSED] - uiaction.CommonUIActions.click: uiaction.CommonUIActions.click is PASSED

2018-07-05 20:42:48 - [MESSAGE][PASSED] - uiaction.CommonUIActions.click is PASSED

2018-07-05 20:42:48 - [TEST_STEP][PASSED] - delay: Delayed 5 second(s)

2018-07-05 20:42:53 - [MESSAGE][PASSED] - Delayed 5 second(s)

2018-07-05 20:42:53 - [TEST_STEP][PASSED] - uiaction.CommonUIActions.back: uiaction.CommonUIActions.back is PASSED

2018-07-05 20:42:54 - [MESSAGE][PASSED] - Navigate back successfully

2018-07-05 20:42:54 - [MESSAGE][PASSED] - uiaction.CommonUIActions.back is PASSED

2018-07-05 20:42:54 - [TEST_STEP][PASSED] - delay: Delayed 5 second(s)

2018-07-05 20:42:59 - [MESSAGE][PASSED] - Delayed 5 second(s)

2018-07-05 20:42:59 - [TEST_STEP][PASSED] - uiaction.CommonUIActions.back: uiaction.CommonUIActions.back is PASSED

2018-07-05 20:42:59 - [MESSAGE][PASSED] - Navigate back successfully

2018-07-05 20:42:59 - [MESSAGE][PASSED] - uiaction.CommonUIActions.back is PASSED

2018-07-05 20:42:59 - [TEST_STEP][PASSED] - delay: Delayed 5 second(s)

2018-07-05 20:43:04 - [MESSAGE][PASSED] - Delayed 5 second(s)

2018-07-05 20:43:04 - [TEST_STEP][PASSED] - uiaction.CommonUIActions.click: uiaction.CommonUIActions.click is PASSED

2018-07-05 20:43:04 - [MESSAGE][PASSED] - uiaction.CommonUIActions.click is PASSED

2018-07-05 20:43:04 - [TEST_STEP][PASSED] - Statement - StoreList = CustomKeywords.projectSpecific.Reusability.getTestData("ReportingGroupManagementPage", "dummyGroupName2"): projectSpecific.Reusability.getTestData is PASSED

2018-07-05 20:43:04 - [MESSAGE][PASSED] - projectSpecific.Reusability.getTestData is PASSED

2018-07-05 20:43:04 - [TEST_STEP][PASSED] - Statement - listOfStores = new java.util.ArrayList(java.util.Arrays.asList(StoreList)): null

2018-07-05 20:43:04 - [TEST_STEP][PASSED] - Statement - out.println(listOfStores): null

2018-07-05 20:43:04 - [TEST_STEP][PASSED] - delay: Delayed 10 second(s)

2018-07-05 20:43:14 - [MESSAGE][PASSED] - Delayed 10 second(s)

2018-07-05 20:43:14 - [TEST_STEP][PASSED] - Statement - availableStoreList = driver.findElements(org.openqa.selenium.By.xpath(com.kms.katalon.core.testdata.TestDataFactory.findTestData(OR_file).getValue(2, 10))): Reading excel file with source file 'C:\Users\shalinin\Katalon Studio\HME_DEVScripts\Data Files\HME_OR.xlsx' and sheet name 'Sheet1'

2018-07-05 20:43:14 - [TEST_STEP][PASSED] - Statement - actualList = new java.util.ArrayList(): null

2018-07-05 20:43:14 - [TEST_STEP][PASSED] - Statement - For ([i = 0, i < availableStoreList.size(), (i++)]): null

2018-07-05 20:43:14 - [TEST_STEP][PASSED] - Statement - actualList.add(i, availableStoreList.get(i).getText()): null

2018-07-05 20:43:14 - [TEST_STEP][PASSED] - Statement - actualList.add(i, availableStoreList.get(i).getText()): null

2018-07-05 20:43:14 - [TEST_STEP][PASSED] - Statement - actualList.add(i, availableStoreList.get(i).getText()): null

2018-07-05 20:43:14 - [TEST_STEP][PASSED] - Statement - actualList.add(i, availableStoreList.get(i).getText()): null

2018-07-05 20:43:14 - [TEST_STEP][PASSED] - Statement - actualList.add(i, availableStoreList.get(i).getText()): null

2018-07-05 20:43:14 - [TEST_STEP][PASSED] - Statement - actualList.add(i, availableStoreList.get(i).getText()): null

2018-07-05 20:43:14 - [TEST_STEP][PASSED] - Statement - actualList.add(i, availableStoreList.get(i).getText()): null

2018-07-05 20:43:14 - [TEST_STEP][PASSED] - Statement - actualList.add(i, availableStoreList.get(i).getText()): null

2018-07-05 20:43:14 - [TEST_STEP][PASSED] - Statement - actualList.add(i, availableStoreList.get(i).getText()): null

2018-07-05 20:43:14 - [TEST_STEP][PASSED] - Statement - actualList.add(i, availableStoreList.get(i).getText()): null

2018-07-05 20:43:14 - [TEST_STEP][PASSED] - Statement - actualList.add(i, availableStoreList.get(i).getText()): null

2018-07-05 20:43:14 - [TEST_STEP][PASSED] - Statement - actualList.add(i, availableStoreList.get(i).getText()): null

2018-07-05 20:43:14 - [TEST_STEP][PASSED] - Statement - actualList.add(i, availableStoreList.get(i).getText()): null

2018-07-05 20:43:14 - [TEST_STEP][PASSED] - Statement - actualList.add(i, availableStoreList.get(i).getText()): null

2018-07-05 20:43:14 - [TEST_STEP][PASSED] - Statement - actualList.add(i, availableStoreList.get(i).getText()): null

2018-07-05 20:43:14 - [TEST_STEP][PASSED] - Statement - actualList.add(i, availableStoreList.get(i).getText()): null

2018-07-05 20:43:14 - [TEST_STEP][PASSED] - Statement - actualList.add(i, availableStoreList.get(i).getText()): null

2018-07-05 20:43:14 - [TEST_STEP][PASSED] - Statement - actualList.add(i, availableStoreList.get(i).getText()): null

2018-07-05 20:43:14 - [TEST_STEP][PASSED] - Statement - actualList.add(i, availableStoreList.get(i).getText()): null

2018-07-05 20:43:14 - [TEST_STEP][PASSED] - Statement - actualList.add(i, availableStoreList.get(i).getText()): null

2018-07-05 20:43:14 - [TEST_STEP][PASSED] - Statement - actualList.add(i, availableStoreList.get(i).getText()): null

2018-07-05 20:43:14 - [TEST_STEP][PASSED] - Statement - actualList.add(i, availableStoreList.get(i).getText()): null

2018-07-05 20:43:14 - [TEST_STEP][PASSED] - Statement - actualList.add(i, availableStoreList.get(i).getText()): null

2018-07-05 20:43:14 - [TEST_STEP][PASSED] - Statement - actualList.add(i, availableStoreList.get(i).getText()): null

2018-07-05 20:43:14 - [TEST_STEP][PASSED] - Statement - actualList.add(i, availableStoreList.get(i).getText()): null

2018-07-05 20:43:14 - [TEST_STEP][PASSED] - Statement - actualList.add(i, availableStoreList.get(i).getText()): null

2018-07-05 20:43:14 - [TEST_STEP][PASSED] - Statement - actualList.add(i, availableStoreList.get(i).getText()): null

2018-07-05 20:43:14 - [TEST_STEP][PASSED] - Statement - actualList.add(i, availableStoreList.get(i).getText()): null

2018-07-05 20:43:14 - [TEST_STEP][PASSED] - Statement - actualList.add(i, availableStoreList.get(i).getText()): null

2018-07-05 20:43:14 - [TEST_STEP][PASSED] - Statement - actualList.add(i, availableStoreList.get(i).getText()): null

2018-07-05 20:43:14 - [TEST_STEP][PASSED] - Statement - actualList.add(i, availableStoreList.get(i).getText()): null

2018-07-05 20:43:14 - [TEST_STEP][PASSED] - Statement - actualList.add(i, availableStoreList.get(i).getText()): null

2018-07-05 20:43:14 - [TEST_STEP][PASSED] - Statement - actualList.add(i, availableStoreList.get(i).getText()): null

2018-07-05 20:43:14 - [TEST_STEP][PASSED] - Statement - actualList.add(i, availableStoreList.get(i).getText()): null

2018-07-05 20:43:14 - [TEST_STEP][PASSED] - Statement - actualList.add(i, availableStoreList.get(i).getText()): null

2018-07-05 20:43:14 - [TEST_STEP][PASSED] - Statement - actualList.add(i, availableStoreList.get(i).getText()): null

2018-07-05 20:43:14 - [TEST_STEP][PASSED] - Statement - actualList.add(i, availableStoreList.get(i).getText()): null

2018-07-05 20:43:14 - [TEST_STEP][PASSED] - Statement - actualList.add(i, availableStoreList.get(i).getText()): null

2018-07-05 20:43:14 - [TEST_STEP][PASSED] - Statement - actualList.add(i, availableStoreList.get(i).getText()): null

2018-07-05 20:43:14 - [TEST_STEP][PASSED] - Statement - actualList.add(i, availableStoreList.get(i).getText()): null

2018-07-05 20:43:14 - [TEST_STEP][PASSED] - Statement - actualList.add(i, availableStoreList.get(i).getText()): null

2018-07-05 20:43:14 - [TEST_STEP][PASSED] - Statement - actualList.add(i, availableStoreList.get(i).getText()): null

2018-07-05 20:43:14 - [TEST_STEP][PASSED] - Statement - actualList.add(i, availableStoreList.get(i).getText()): null

2018-07-05 20:43:14 - [TEST_STEP][PASSED] - Statement - actualList.add(i, availableStoreList.get(i).getText()): null

2018-07-05 20:43:15 - [TEST_STEP][PASSED] - Statement - actualList.add(i, availableStoreList.get(i).getText()): null

2018-07-05 20:43:15 - [TEST_STEP][PASSED] - Statement - actualList.add(i, availableStoreList.get(i).getText()): null

2018-07-05 20:43:15 - [TEST_STEP][PASSED] - Statement - actualList.add(i, availableStoreList.get(i).getText()): null

2018-07-05 20:43:15 - [TEST_STEP][PASSED] - Statement - actualList.add(i, availableStoreList.get(i).getText()): null

2018-07-05 20:43:15 - [TEST_STEP][PASSED] - Statement - actualList.add(i, availableStoreList.get(i).getText()): null

2018-07-05 20:43:15 - [TEST_STEP][PASSED] - Statement - actualList.add(i, availableStoreList.get(i).getText()): null

2018-07-05 20:43:15 - [TEST_STEP][PASSED] - Statement - actualList.add(i, availableStoreList.get(i).getText()): null

2018-07-05 20:43:15 - [TEST_STEP][PASSED] - Statement - actualList.add(i, availableStoreList.get(i).getText()): null

2018-07-05 20:43:15 - [TEST_STEP][PASSED] - Statement - actualList.add(i, availableStoreList.get(i).getText()): null

2018-07-05 20:43:15 - [TEST_STEP][PASSED] - Statement - actualList.add(i, availableStoreList.get(i).getText()): null

2018-07-05 20:43:15 - [TEST_STEP][PASSED] - Statement - actualList.add(i, availableStoreList.get(i).getText()): null

2018-07-05 20:43:15 - [TEST_STEP][PASSED] - Statement - actualList.add(i, availableStoreList.get(i).getText()): null

2018-07-05 20:43:15 - [TEST_STEP][PASSED] - Statement - actualList.add(i, availableStoreList.get(i).getText()): null

2018-07-05 20:43:15 - [TEST_STEP][PASSED] - Statement - actualList.add(i, availableStoreList.get(i).getText()): null

2018-07-05 20:43:15 - [TEST_STEP][PASSED] - Statement - actualList.add(i, availableStoreList.get(i).getText()): null

2018-07-05 20:43:15 - [TEST_STEP][PASSED] - Statement - actualList.add(i, availableStoreList.get(i).getText()): null

2018-07-05 20:43:15 - [TEST_STEP][PASSED] - Statement - actualList.add(i, availableStoreList.get(i).getText()): null

2018-07-05 20:43:15 - [TEST_STEP][PASSED] - Statement - actualList.add(i, availableStoreList.get(i).getText()): null

2018-07-05 20:43:15 - [TEST_STEP][PASSED] - Statement - actualList.add(i, availableStoreList.get(i).getText()): null

2018-07-05 20:43:15 - [TEST_STEP][PASSED] - Statement - actualList.add(i, availableStoreList.get(i).getText()): null

2018-07-05 20:43:15 - [TEST_STEP][PASSED] - Statement - actualList.add(i, availableStoreList.get(i).getText()): null

2018-07-05 20:43:15 - [TEST_STEP][PASSED] - Statement - actualList.add(i, availableStoreList.get(i).getText()): null

2018-07-05 20:43:15 - [TEST_STEP][PASSED] - Statement - actualList.add(i, availableStoreList.get(i).getText()): null

2018-07-05 20:43:15 - [TEST_STEP][PASSED] - Statement - actualList.add(i, availableStoreList.get(i).getText()): null

2018-07-05 20:43:15 - [TEST_STEP][PASSED] - Statement - actualList.add(i, availableStoreList.get(i).getText()): null

2018-07-05 20:43:15 - [TEST_STEP][PASSED] - Statement - actualList.add(i, availableStoreList.get(i).getText()): null

2018-07-05 20:43:15 - [TEST_STEP][PASSED] - Statement - actualList.add(i, availableStoreList.get(i).getText()): null

2018-07-05 20:43:15 - [TEST_STEP][PASSED] - Statement - actualList.add(i, availableStoreList.get(i).getText()): null

2018-07-05 20:43:15 - [TEST_STEP][PASSED] - Statement - actualList.add(i, availableStoreList.get(i).getText()): null

2018-07-05 20:43:15 - [TEST_STEP][PASSED] - Statement - actualList.add(i, availableStoreList.get(i).getText()): null

2018-07-05 20:43:15 - [TEST_STEP][PASSED] - Statement - actualList.add(i, availableStoreList.get(i).getText()): null

2018-07-05 20:43:15 - [TEST_STEP][PASSED] - Statement - actualList.add(i, availableStoreList.get(i).getText()): null

2018-07-05 20:43:15 - [TEST_STEP][PASSED] - Statement - actualList.add(i, availableStoreList.get(i).getText()): null

2018-07-05 20:43:15 - [TEST_STEP][PASSED] - Statement - actualList.add(i, availableStoreList.get(i).getText()): null

2018-07-05 20:43:15 - [TEST_STEP][PASSED] - Statement - actualList.add(i, availableStoreList.get(i).getText()): null

2018-07-05 20:43:15 - [TEST_STEP][PASSED] - Statement - actualList.add(i, availableStoreList.get(i).getText()): null

2018-07-05 20:43:15 - [TEST_STEP][PASSED] - Statement - actualList.add(i, availableStoreList.get(i).getText()): null

2018-07-05 20:43:15 - [TEST_STEP][PASSED] - Statement - actualList.add(i, availableStoreList.get(i).getText()): null

2018-07-05 20:43:15 - [TEST_STEP][PASSED] - Statement - actualList.add(i, availableStoreList.get(i).getText()): null

2018-07-05 20:43:15 - [TEST_STEP][PASSED] - Statement - actualList.add(i, availableStoreList.get(i).getText()): null

2018-07-05 20:43:15 - [TEST_STEP][PASSED] - Statement - actualList.add(i, availableStoreList.get(i).getText()): null

2018-07-05 20:43:15 - [TEST_STEP][PASSED] - Statement - actualList.add(i, availableStoreList.get(i).getText()): null

2018-07-05 20:43:15 - [TEST_STEP][PASSED] - Statement - actualList.add(i, availableStoreList.get(i).getText()): null

2018-07-05 20:43:15 - [TEST_STEP][PASSED] - Statement - actualList.add(i, availableStoreList.get(i).getText()): null

2018-07-05 20:43:15 - [TEST_STEP][PASSED] - Statement - actualList.add(i, availableStoreList.get(i).getText()): null

2018-07-05 20:43:15 - [TEST_STEP][PASSED] - Statement - actualList.add(i, availableStoreList.get(i).getText()): null

2018-07-05 20:43:15 - [TEST_STEP][PASSED] - Statement - actualList.add(i, availableStoreList.get(i).getText()): null

2018-07-05 20:43:15 - [TEST_STEP][PASSED] - Statement - actualList.add(i, availableStoreList.get(i).getText()): null

2018-07-05 20:43:15 - [TEST_STEP][PASSED] - Statement - actualList.add(i, availableStoreList.get(i).getText()): null

2018-07-05 20:43:15 - [TEST_STEP][PASSED] - Statement - actualList.add(i, availableStoreList.get(i).getText()): null

2018-07-05 20:43:15 - [TEST_STEP][PASSED] - Statement - actualList.add(i, availableStoreList.get(i).getText()): null

2018-07-05 20:43:15 - [TEST_STEP][PASSED] - Statement - actualList.add(i, availableStoreList.get(i).getText()): null

2018-07-05 20:43:15 - [TEST_STEP][PASSED] - Statement - actualList.add(i, availableStoreList.get(i).getText()): null

2018-07-05 20:43:15 - [TEST_STEP][PASSED] - Statement - actualList.add(i, availableStoreList.get(i).getText()): null

2018-07-05 20:43:15 - [TEST_STEP][PASSED] - Statement - actualList.add(i, availableStoreList.get(i).getText()): null

2018-07-05 20:43:15 - [TEST_STEP][PASSED] - Statement - actualList.add(i, availableStoreList.get(i).getText()): null

2018-07-05 20:43:15 - [TEST_STEP][PASSED] - Statement - actualList.add(i, availableStoreList.get(i).getText()): null

2018-07-05 20:43:15 - [TEST_STEP][PASSED] - Statement - actualList.add(i, availableStoreList.get(i).getText()): null

2018-07-05 20:43:15 - [TEST_STEP][PASSED] - Statement - actualList.add(i, availableStoreList.get(i).getText()): null

2018-07-05 20:43:15 - [TEST_STEP][PASSED] - Statement - actualList.add(i, availableStoreList.get(i).getText()): null

2018-07-05 20:43:15 - [TEST_STEP][PASSED] - Statement - actualList.add(i, availableStoreList.get(i).getText()): null

2018-07-05 20:43:15 - [TEST_STEP][PASSED] - Statement - actualList.add(i, availableStoreList.get(i).getText()): null

2018-07-05 20:43:15 - [TEST_STEP][PASSED] - Statement - actualList.add(i, availableStoreList.get(i).getText()): null

2018-07-05 20:43:15 - [TEST_STEP][PASSED] - Statement - actualList.add(i, availableStoreList.get(i).getText()): null

2018-07-05 20:43:16 - [TEST_STEP][PASSED] - Statement - actualList.add(i, availableStoreList.get(i).getText()): null

2018-07-05 20:43:16 - [TEST_STEP][PASSED] - Statement - actualList.add(i, availableStoreList.get(i).getText()): null

2018-07-05 20:43:16 - [TEST_STEP][PASSED] - Statement - actualList.add(i, availableStoreList.get(i).getText()): null

2018-07-05 20:43:16 - [TEST_STEP][PASSED] - Statement - actualList.add(i, availableStoreList.get(i).getText()): null

2018-07-05 20:43:16 - [TEST_STEP][PASSED] - Statement - actualList.add(i, availableStoreList.get(i).getText()): null

2018-07-05 20:43:16 - [TEST_STEP][PASSED] - Statement - actualList.add(i, availableStoreList.get(i).getText()): null

2018-07-05 20:43:16 - [TEST_STEP][PASSED] - Statement - actualList.add(i, availableStoreList.get(i).getText()): null

2018-07-05 20:43:16 - [TEST_STEP][PASSED] - Statement - actualList.add(i, availableStoreList.get(i).getText()): null

2018-07-05 20:43:16 - [TEST_STEP][PASSED] - Statement - actualList.add(i, availableStoreList.get(i).getText()): null

2018-07-05 20:43:16 - [TEST_STEP][PASSED] - Statement - actualList.add(i, availableStoreList.get(i).getText()): null

2018-07-05 20:43:16 - [TEST_STEP][PASSED] - Statement - actualList.add(i, availableStoreList.get(i).getText()): null

2018-07-05 20:43:16 - [TEST_STEP][PASSED] - Statement - actualList.add(i, availableStoreList.get(i).getText()): null

2018-07-05 20:43:16 - [TEST_STEP][PASSED] - Statement - actualList.add(i, availableStoreList.get(i).getText()): null

2018-07-05 20:43:16 - [TEST_STEP][PASSED] - Statement - actualList.add(i, availableStoreList.get(i).getText()): null

2018-07-05 20:43:16 - [TEST_STEP][PASSED] - Statement - actualList.add(i, availableStoreList.get(i).getText()): null

2018-07-05 20:43:16 - [TEST_STEP][PASSED] - Statement - actualList.add(i, availableStoreList.get(i).getText()): null

2018-07-05 20:43:16 - [TEST_STEP][PASSED] - Statement - actualList.add(i, availableStoreList.get(i).getText()): null

2018-07-05 20:43:16 - [TEST_STEP][PASSED] - Statement - actualList.add(i, availableStoreList.get(i).getText()): null

2018-07-05 20:43:16 - [TEST_STEP][PASSED] - Statement - actualList.add(i, availableStoreList.get(i).getText()): null

2018-07-05 20:43:16 - [TEST_STEP][PASSED] - Statement - actualList.add(i, availableStoreList.get(i).getText()): null

2018-07-05 20:43:16 - [TEST_STEP][PASSED] - Statement - actualList.add(i, availableStoreList.get(i).getText()): null

2018-07-05 20:43:16 - [TEST_STEP][PASSED] - Statement - actualList.add(i, availableStoreList.get(i).getText()): null

2018-07-05 20:43:16 - [TEST_STEP][PASSED] - Statement - actualList.add(i, availableStoreList.get(i).getText()): null

2018-07-05 20:43:16 - [TEST_STEP][PASSED] - Statement - actualList.add(i, availableStoreList.get(i).getText()): null

2018-07-05 20:43:16 - [TEST_STEP][PASSED] - Statement - actualList.add(i, availableStoreList.get(i).getText()): null

2018-07-05 20:43:16 - [TEST_STEP][PASSED] - Statement - actualList.add(i, availableStoreList.get(i).getText()): null

2018-07-05 20:43:16 - [TEST_STEP][PASSED] - Statement - actualList.add(i, availableStoreList.get(i).getText()): null

2018-07-05 20:43:16 - [TEST_STEP][PASSED] - Statement - actualList.add(i, availableStoreList.get(i).getText()): null

2018-07-05 20:43:16 - [TEST_STEP][PASSED] - Statement - actualList.add(i, availableStoreList.get(i).getText()): null

2018-07-05 20:43:16 - [TEST_STEP][PASSED] - Statement - actualList.add(i, availableStoreList.get(i).getText()): null

2018-07-05 20:43:16 - [TEST_STEP][PASSED] - Statement - actualList.add(i, availableStoreList.get(i).getText()): null

2018-07-05 20:43:16 - [TEST_STEP][PASSED] - Statement - actualList.add(i, availableStoreList.get(i).getText()): null

2018-07-05 20:43:16 - [TEST_STEP][PASSED] - Statement - actualList.add(i, availableStoreList.get(i).getText()): null

2018-07-05 20:43:16 - [TEST_STEP][PASSED] - Statement - actualList.add(i, availableStoreList.get(i).getText()): null

2018-07-05 20:43:16 - [TEST_STEP][PASSED] - Statement - actualList.add(i, availableStoreList.get(i).getText()): null

2018-07-05 20:43:16 - [TEST_STEP][PASSED] - Statement - actualList.add(i, availableStoreList.get(i).getText()): null

2018-07-05 20:43:16 - [TEST_STEP][PASSED] - Statement - actualList.add(i, availableStoreList.get(i).getText()): null

2018-07-05 20:43:16 - [TEST_STEP][PASSED] - Statement - actualList.add(i, availableStoreList.get(i).getText()): null

2018-07-05 20:43:16 - [TEST_STEP][PASSED] - Statement - actualList.add(i, availableStoreList.get(i).getText()): null

2018-07-05 20:43:16 - [TEST_STEP][PASSED] - Statement - actualList.add(i, availableStoreList.get(i).getText()): null

2018-07-05 20:43:16 - [TEST_STEP][PASSED] - Statement - actualList.add(i, availableStoreList.get(i).getText()): null

2018-07-05 20:43:16 - [TEST_STEP][PASSED] - Statement - actualList.add(i, availableStoreList.get(i).getText()): null

2018-07-05 20:43:16 - [TEST_STEP][PASSED] - Statement - actualList.add(i, availableStoreList.get(i).getText()): null

2018-07-05 20:43:16 - [TEST_STEP][PASSED] - Statement - actualList.add(i, availableStoreList.get(i).getText()): null

2018-07-05 20:43:16 - [TEST_STEP][PASSED] - Statement - actualList.add(i, availableStoreList.get(i).getText()): null

2018-07-05 20:43:16 - [TEST_STEP][PASSED] - Statement - actualList.add(i, availableStoreList.get(i).getText()): null

2018-07-05 20:43:16 - [TEST_STEP][PASSED] - Statement - actualList.add(i, availableStoreList.get(i).getText()): null

2018-07-05 20:43:16 - [TEST_STEP][PASSED] - Statement - actualList.add(i, availableStoreList.get(i).getText()): null

2018-07-05 20:43:16 - [TEST_STEP][PASSED] - Statement - actualList.add(i, availableStoreList.get(i).getText()): null

2018-07-05 20:43:16 - [TEST_STEP][PASSED] - Statement - actualList.add(i, availableStoreList.get(i).getText()): null

2018-07-05 20:43:16 - [TEST_STEP][PASSED] - Statement - actualList.add(i, availableStoreList.get(i).getText()): null

2018-07-05 20:43:16 - [TEST_STEP][PASSED] - Statement - actualList.add(i, availableStoreList.get(i).getText()): null

2018-07-05 20:43:16 - [TEST_STEP][PASSED] - Statement - actualList.add(i, availableStoreList.get(i).getText()): null

2018-07-05 20:43:16 - [TEST_STEP][PASSED] - Statement - actualList.add(i, availableStoreList.get(i).getText()): null

2018-07-05 20:43:16 - [TEST_STEP][PASSED] - Statement - actualList.add(i, availableStoreList.get(i).getText()): null

2018-07-05 20:43:16 - [TEST_STEP][PASSED] - Statement - actualList.add(i, availableStoreList.get(i).getText()): null

2018-07-05 20:43:16 - [TEST_STEP][PASSED] - Statement - actualList.add(i, availableStoreList.get(i).getText()): null

2018-07-05 20:43:16 - [TEST_STEP][PASSED] - Statement - actualList.add(i, availableStoreList.get(i).getText()): null

2018-07-05 20:43:16 - [TEST_STEP][PASSED] - Statement - actualList.add(i, availableStoreList.get(i).getText()): null

2018-07-05 20:43:16 - [TEST_STEP][PASSED] - Statement - actualList.add(i, availableStoreList.get(i).getText()): null

2018-07-05 20:43:16 - [TEST_STEP][PASSED] - Statement - actualList.add(i, availableStoreList.get(i).getText()): null

2018-07-05 20:43:16 - [TEST_STEP][PASSED] - Statement - actualList.add(i, availableStoreList.get(i).getText()): null

2018-07-05 20:43:16 - [TEST_STEP][PASSED] - Statement - actualList.add(i, availableStoreList.get(i).getText()): null

2018-07-05 20:43:16 - [TEST_STEP][PASSED] - Statement - actualList.add(i, availableStoreList.get(i).getText()): null

2018-07-05 20:43:16 - [TEST_STEP][PASSED] - Statement - actualList.add(i, availableStoreList.get(i).getText()): null

2018-07-05 20:43:16 - [TEST_STEP][PASSED] - Statement - actualList.add(i, availableStoreList.get(i).getText()): null

2018-07-05 20:43:17 - [TEST_STEP][PASSED] - Statement - actualList.add(i, availableStoreList.get(i).getText()): null

2018-07-05 20:43:17 - [TEST_STEP][PASSED] - Statement - actualList.add(i, availableStoreList.get(i).getText()): null

2018-07-05 20:43:17 - [TEST_STEP][PASSED] - Statement - actualList.add(i, availableStoreList.get(i).getText()): null

2018-07-05 20:43:17 - [TEST_STEP][PASSED] - Statement - actualList.add(i, availableStoreList.get(i).getText()): null

2018-07-05 20:43:17 - [TEST_STEP][PASSED] - Statement - actualList.add(i, availableStoreList.get(i).getText()): null

2018-07-05 20:43:17 - [TEST_STEP][PASSED] - Statement - actualList.add(i, availableStoreList.get(i).getText()): null

2018-07-05 20:43:17 - [TEST_STEP][PASSED] - Statement - actualList.add(i, availableStoreList.get(i).getText()): null

2018-07-05 20:43:17 - [TEST_STEP][PASSED] - Statement - actualList.add(i, availableStoreList.get(i).getText()): null

2018-07-05 20:43:17 - [TEST_STEP][PASSED] - Statement - actualList.add(i, availableStoreList.get(i).getText()): null

2018-07-05 20:43:17 - [TEST_STEP][PASSED] - Statement - actualList.add(i, availableStoreList.get(i).getText()): null

2018-07-05 20:43:17 - [TEST_STEP][PASSED] - Statement - actualList.add(i, availableStoreList.get(i).getText()): null

2018-07-05 20:43:17 - [TEST_STEP][PASSED] - Statement - actualList.add(i, availableStoreList.get(i).getText()): null

2018-07-05 20:43:17 - [TEST_STEP][PASSED] - Statement - actualList.add(i, availableStoreList.get(i).getText()): null

2018-07-05 20:43:17 - [TEST_STEP][PASSED] - Statement - actualList.add(i, availableStoreList.get(i).getText()): null

2018-07-05 20:43:17 - [TEST_STEP][PASSED] - Statement - actualList.add(i, availableStoreList.get(i).getText()): null

2018-07-05 20:43:17 - [TEST_STEP][PASSED] - Statement - actualList.add(i, availableStoreList.get(i).getText()): null

2018-07-05 20:43:17 - [TEST_STEP][PASSED] - Statement - actualList.add(i, availableStoreList.get(i).getText()): null

2018-07-05 20:43:17 - [TEST_STEP][PASSED] - Statement - actualList.add(i, availableStoreList.get(i).getText()): null

2018-07-05 20:43:17 - [TEST_STEP][PASSED] - Statement - actualList.add(i, availableStoreList.get(i).getText()): null

2018-07-05 20:43:17 - [TEST_STEP][PASSED] - Statement - actualList.add(i, availableStoreList.get(i).getText()): null

2018-07-05 20:43:17 - [TEST_STEP][PASSED] - Statement - actualList.add(i, availableStoreList.get(i).getText()): null

2018-07-05 20:43:17 - [TEST_STEP][PASSED] - Statement - actualList.add(i, availableStoreList.get(i).getText()): null

2018-07-05 20:43:17 - [TEST_STEP][PASSED] - Statement - actualList.add(i, availableStoreList.get(i).getText()): null

2018-07-05 20:43:17 - [TEST_STEP][PASSED] - Statement - actualList.add(i, availableStoreList.get(i).getText()): null

2018-07-05 20:43:17 - [TEST_STEP][PASSED] - Statement - actualList.add(i, availableStoreList.get(i).getText()): null

2018-07-05 20:43:17 - [TEST_STEP][PASSED] - Statement - actualList.add(i, availableStoreList.get(i).getText()): null

2018-07-05 20:43:17 - [TEST_STEP][PASSED] - Statement - actualList.add(i, availableStoreList.get(i).getText()): null

2018-07-05 20:43:17 - [TEST_STEP][PASSED] - Statement - actualList.add(i, availableStoreList.get(i).getText()): null

2018-07-05 20:43:17 - [TEST_STEP][PASSED] - Statement - actualList.add(i, availableStoreList.get(i).getText()): null

2018-07-05 20:43:17 - [TEST_STEP][PASSED] - Statement - actualList.add(i, availableStoreList.get(i).getText()): null

2018-07-05 20:43:17 - [TEST_STEP][PASSED] - Statement - actualList.add(i, availableStoreList.get(i).getText()): null

2018-07-05 20:43:17 - [TEST_STEP][PASSED] - Statement - actualList.add(i, availableStoreList.get(i).getText()): null

2018-07-05 20:43:17 - [TEST_STEP][PASSED] - Statement - actualList.add(i, availableStoreList.get(i).getText()): null

2018-07-05 20:43:17 - [TEST_STEP][PASSED] - Statement - actualList.add(i, availableStoreList.get(i).getText()): null

2018-07-05 20:43:17 - [TEST_STEP][PASSED] - Statement - actualList.add(i, availableStoreList.get(i).getText()): null

2018-07-05 20:43:17 - [TEST_STEP][PASSED] - Statement - actualList.add(i, availableStoreList.get(i).getText()): null

2018-07-05 20:43:17 - [TEST_STEP][PASSED] - Statement - actualList.add(i, availableStoreList.get(i).getText()): null

2018-07-05 20:43:17 - [TEST_STEP][PASSED] - Statement - actualList.add(i, availableStoreList.get(i).getText()): null

2018-07-05 20:43:17 - [TEST_STEP][PASSED] - Statement - actualList.add(i, availableStoreList.get(i).getText()): null

2018-07-05 20:43:17 - [TEST_STEP][PASSED] - Statement - actualList.add(i, availableStoreList.get(i).getText()): null

2018-07-05 20:43:17 - [TEST_STEP][PASSED] - Statement - actualList.add(i, availableStoreList.get(i).getText()): null

2018-07-05 20:43:17 - [TEST_STEP][PASSED] - Statement - actualList.add(i, availableStoreList.get(i).getText()): null

2018-07-05 20:43:17 - [TEST_STEP][PASSED] - Statement - actualList.add(i, availableStoreList.get(i).getText()): null

2018-07-05 20:43:17 - [TEST_STEP][PASSED] - Statement - actualList.add(i, availableStoreList.get(i).getText()): null

2018-07-05 20:43:17 - [TEST_STEP][PASSED] - Statement - actualList.add(i, availableStoreList.get(i).getText()): null

2018-07-05 20:43:17 - [TEST_STEP][PASSED] - Statement - actualList.add(i, availableStoreList.get(i).getText()): null

2018-07-05 20:43:17 - [TEST_STEP][PASSED] - Statement - actualList.add(i, availableStoreList.get(i).getText()): null

2018-07-05 20:43:17 - [TEST_STEP][PASSED] - Statement - actualList.add(i, availableStoreList.get(i).getText()): null

2018-07-05 20:43:17 - [TEST_STEP][PASSED] - Statement - actualList.add(i, availableStoreList.get(i).getText()): null

2018-07-05 20:43:17 - [TEST_STEP][PASSED] - Statement - actualList.add(i, availableStoreList.get(i).getText()): null

2018-07-05 20:43:17 - [TEST_STEP][PASSED] - Statement - actualList.add(i, availableStoreList.get(i).getText()): null

2018-07-05 20:43:17 - [TEST_STEP][PASSED] - Statement - actualList.add(i, availableStoreList.get(i).getText()): null

2018-07-05 20:43:17 - [TEST_STEP][PASSED] - Statement - actualList.add(i, availableStoreList.get(i).getText()): null

2018-07-05 20:43:17 - [TEST_STEP][PASSED] - Statement - actualList.add(i, availableStoreList.get(i).getText()): null

2018-07-05 20:43:17 - [TEST_STEP][PASSED] - Statement - actualList.add(i, availableStoreList.get(i).getText()): null

2018-07-05 20:43:17 - [TEST_STEP][PASSED] - Statement - actualList.add(i, availableStoreList.get(i).getText()): null

2018-07-05 20:43:17 - [TEST_STEP][PASSED] - Statement - actualList.add(i, availableStoreList.get(i).getText()): null

2018-07-05 20:43:17 - [TEST_STEP][PASSED] - Statement - actualList.add(i, availableStoreList.get(i).getText()): null

2018-07-05 20:43:17 - [TEST_STEP][PASSED] - Statement - actualList.add(i, availableStoreList.get(i).getText()): null

2018-07-05 20:43:17 - [TEST_STEP][PASSED] - Statement - actualList.add(i, availableStoreList.get(i).getText()): null

2018-07-05 20:43:17 - [TEST_STEP][PASSED] - Statement - actualList.add(i, availableStoreList.get(i).getText()): null

2018-07-05 20:43:17 - [TEST_STEP][PASSED] - Statement - actualList.add(i, availableStoreList.get(i).getText()): null

2018-07-05 20:43:17 - [TEST_STEP][PASSED] - Statement - actualList.add(i, availableStoreList.get(i).getText()): null

2018-07-05 20:43:17 - [TEST_STEP][PASSED] - Statement - actualList.add(i, availableStoreList.get(i).getText()): null

2018-07-05 20:43:18 - [TEST_STEP][PASSED] - Statement - actualList.add(i, availableStoreList.get(i).getText()): null

2018-07-05 20:43:18 - [TEST_STEP][PASSED] - Statement - actualList.add(i, availableStoreList.get(i).getText()): null

2018-07-05 20:43:18 - [TEST_STEP][PASSED] - Statement - actualList.add(i, availableStoreList.get(i).getText()): null

2018-07-05 20:43:18 - [TEST_STEP][PASSED] - Statement - actualList.add(i, availableStoreList.get(i).getText()): null

2018-07-05 20:43:18 - [TEST_STEP][PASSED] - Statement - actualList.add(i, availableStoreList.get(i).getText()): null

2018-07-05 20:43:18 - [TEST_STEP][PASSED] - Statement - actualList.add(i, availableStoreList.get(i).getText()): null

2018-07-05 20:43:18 - [TEST_STEP][PASSED] - Statement - actualList.add(i, availableStoreList.get(i).getText()): null

2018-07-05 20:43:18 - [TEST_STEP][PASSED] - Statement - actualList.add(i, availableStoreList.get(i).getText()): null

2018-07-05 20:43:18 - [TEST_STEP][PASSED] - Statement - actualList.add(i, availableStoreList.get(i).getText()): null

2018-07-05 20:43:18 - [TEST_STEP][PASSED] - Statement - actualList.add(i, availableStoreList.get(i).getText()): null

2018-07-05 20:43:18 - [TEST_STEP][PASSED] - Statement - actualList.add(i, availableStoreList.get(i).getText()): null

2018-07-05 20:43:18 - [TEST_STEP][PASSED] - Statement - actualList.add(i, availableStoreList.get(i).getText()): null

2018-07-05 20:43:18 - [TEST_STEP][PASSED] - Statement - actualList.add(i, availableStoreList.get(i).getText()): null

2018-07-05 20:43:18 - [TEST_STEP][PASSED] - Statement - actualList.add(i, availableStoreList.get(i).getText()): null

2018-07-05 20:43:18 - [TEST_STEP][PASSED] - Statement - actualList.add(i, availableStoreList.get(i).getText()): null

2018-07-05 20:43:18 - [TEST_STEP][PASSED] - Statement - actualList.add(i, availableStoreList.get(i).getText()): null

2018-07-05 20:43:18 - [TEST_STEP][PASSED] - Statement - actualList.add(i, availableStoreList.get(i).getText()): null

2018-07-05 20:43:18 - [TEST_STEP][PASSED] - Statement - actualList.add(i, availableStoreList.get(i).getText()): null

2018-07-05 20:43:18 - [TEST_STEP][PASSED] - Statement - actualList.add(i, availableStoreList.get(i).getText()): null

2018-07-05 20:43:18 - [TEST_STEP][PASSED] - Statement - actualList.add(i, availableStoreList.get(i).getText()): null

2018-07-05 20:43:18 - [TEST_STEP][PASSED] - Statement - actualList.add(i, availableStoreList.get(i).getText()): null

2018-07-05 20:43:18 - [TEST_STEP][PASSED] - Statement - out.println(actualList): null

2018-07-05 20:43:18 - [TEST_STEP][PASSED] - Statement - If (actualList.containsAll(listOfStores)): null

2018-07-05 20:43:18 - [TEST_STEP][PASSED] - Statement - println("Groups & Stores are displayed in Available Groups/Stores listbox"): null

2018-07-05 20:43:18 - [TEST_STEP][PASSED] - uiaction.CommonUIActions.click: uiaction.CommonUIActions.click is PASSED

2018-07-05 20:43:18 - [MESSAGE][PASSED] - uiaction.CommonUIActions.click is PASSED

2018-07-05 20:43:18 - [TEST_STEP][PASSED] - uiaction.CommonUIActions.click: uiaction.CommonUIActions.click is PASSED

2018-07-05 20:43:18 - [MESSAGE][PASSED] - uiaction.CommonUIActions.click is PASSED

2018-07-05 20:43:18 - [TEST_STEP][PASSED] - uiaction.CommonUIActions.back: uiaction.CommonUIActions.back is PASSED

2018-07-05 20:43:18 - [MESSAGE][PASSED] - Navigate back successfully

2018-07-05 20:43:18 - [MESSAGE][PASSED] - uiaction.CommonUIActions.back is PASSED

2018-07-05 20:43:18 - [TEST_STEP][PASSED] - delay: Delayed 5 second(s)

2018-07-05 20:43:23 - [MESSAGE][PASSED] - Delayed 5 second(s)

2018-07-05 20:43:23 - [TEST_STEP][PASSED] - uiaction.CommonUIActions.back: uiaction.CommonUIActions.back is PASSED

2018-07-05 20:43:23 - [MESSAGE][PASSED] - Navigate back successfully

2018-07-05 20:43:23 - [MESSAGE][PASSED] - uiaction.CommonUIActions.back is PASSED

2018-07-05 20:43:23 - [TEST_STEP][PASSED] - delay: Delayed 5 second(s)

2018-07-05 20:43:28 - [MESSAGE][PASSED] - Delayed 5 second(s)

2018-07-05 20:43:28 - [TEST_STEP][PASSED] - uiaction.CommonUIActions.click: uiaction.CommonUIActions.click is PASSED

2018-07-05 20:43:28 - [MESSAGE][PASSED] - uiaction.CommonUIActions.click is PASSED

2018-07-05 20:43:28 - [TEST_STEP][PASSED] - uiaction.CommonUIActions.click: uiaction.CommonUIActions.click is PASSED

2018-07-05 20:43:28 - [MESSAGE][PASSED] - uiaction.CommonUIActions.click is PASSED

2018-07-05 20:43:28 - [TEST_STEP][PASSED] - uiaction.CommonUIActions.click: uiaction.CommonUIActions.click is PASSED

2018-07-05 20:43:28 - [MESSAGE][PASSED] - uiaction.CommonUIActions.click is PASSED

2018-07-05 20:43:28 - [TEST_STEP][PASSED] - uiaction.CommonUIActions.back: uiaction.CommonUIActions.back is PASSED

2018-07-05 20:43:28 - [MESSAGE][PASSED] - Navigate back successfully

2018-07-05 20:43:28 - [MESSAGE][PASSED] - uiaction.CommonUIActions.back is PASSED

2018-07-05 20:43:28 - [TEST_STEP][PASSED] - delay: Delayed 5 second(s)

2018-07-05 20:43:33 - [MESSAGE][PASSED] - Delayed 5 second(s)

2018-07-05 20:43:33 - [TEST_STEP][PASSED] - uiaction.CommonUIActions.back: uiaction.CommonUIActions.back is PASSED

2018-07-05 20:43:33 - [MESSAGE][PASSED] - Navigate back successfully

2018-07-05 20:43:33 - [MESSAGE][PASSED] - uiaction.CommonUIActions.back is PASSED

2018-07-05 20:43:33 - [TEST_STEP][PASSED] - delay: Delayed 5 second(s)

2018-07-05 20:43:38 - [MESSAGE][PASSED] - Delayed 5 second(s)

2018-07-05 20:43:38 - [TEST_STEP][PASSED] - uiaction.CommonUIActions.click: uiaction.CommonUIActions.click is PASSED

2018-07-05 20:43:39 - [MESSAGE][PASSED] - uiaction.CommonUIActions.click is PASSED

2018-07-05 20:43:39 - [TEST_STEP][PASSED] - delay: Delayed 5 second(s)

2018-07-05 20:43:44 - [MESSAGE][PASSED] - Delayed 5 second(s)

2018-07-05 20:43:44 - [TEST_STEP][PASSED] - uiaction.CommonUIActions.enter: uiaction.CommonUIActions.enter is PASSED

2018-07-05 20:43:44 - [MESSAGE][PASSED] - projectSpecific.Reusability.getTestData is PASSED

2018-07-05 20:43:44 - [MESSAGE][PASSED] - uiaction.CommonUIActions.enter is PASSED

2018-07-05 20:43:44 - [TEST_STEP][PASSED] - uiaction.CommonUIActions.enter: uiaction.CommonUIActions.enter is PASSED

2018-07-05 20:43:44 - [MESSAGE][PASSED] - projectSpecific.Reusability.getTestData is PASSED

2018-07-05 20:43:44 - [MESSAGE][PASSED] - uiaction.CommonUIActions.enter is PASSED

2018-07-05 20:43:44 - [TEST_STEP][PASSED] - delay: Delayed 5 second(s)

2018-07-05 20:43:49 - [MESSAGE][PASSED] - Delayed 5 second(s)

2018-07-05 20:43:49 - [TEST_STEP][PASSED] - Statement - StoresCBList = driver.findElements(org.openqa.selenium.By.xpath(com.kms.katalon.core.testdata.TestDataFactory.findTestData(OR_file).getValue(2, 12))): Reading excel file with source file 'C:\Users\shalinin\Katalon Studio\HME_DEVScripts\Data Files\HME_OR.xlsx' and sheet name 'Sheet1'

2018-07-05 20:43:49 - [TEST_STEP][PASSED] - Statement - storesLabel = driver.findElements(org.openqa.selenium.By.xpath(com.kms.katalon.core.testdata.TestDataFactory.findTestData(OR_file).getValue(2, 10))): Reading excel file with source file 'C:\Users\shalinin\Katalon Studio\HME_DEVScripts\Data Files\HME_OR.xlsx' and sheet name 'Sheet1'

2018-07-05 20:43:49 - [TEST_STEP][PASSED] - Statement - groupStoresList = new java.util.ArrayList(): null

2018-07-05 20:43:49 - [TEST_STEP][PASSED] - Statement - out.println(StoresCBList.size()): null

2018-07-05 20:43:49 - [TEST_STEP][PASSED] - Statement - size = StoresCBList.size(): null

2018-07-05 20:43:49 - [TEST_STEP][PASSED] - delay: Delayed 5 second(s)

2018-07-05 20:43:54 - [MESSAGE][PASSED] - Delayed 5 second(s)

2018-07-05 20:43:54 - [TEST_STEP][PASSED] - Statement - For ([i = 0, i < size, (i++)]): null

2018-07-05 20:43:54 - [TEST_STEP][PASSED] - Statement - groupStoresList[i] = storesLabel.get(i).getText(): null

2018-07-05 20:43:54 - [TEST_STEP][PASSED] - Statement - StoresCBList.get(i).click(): null

2018-07-05 20:43:54 - [TEST_STEP][PASSED] - Statement - groupStoresList[i] = storesLabel.get(i).getText(): null

2018-07-05 20:43:54 - [TEST_STEP][PASSED] - Statement - StoresCBList.get(i).click(): null

2018-07-05 20:43:54 - [TEST_STEP][PASSED] - Statement - groupStoresList[i] = storesLabel.get(i).getText(): null

2018-07-05 20:43:54 - [TEST_STEP][PASSED] - Statement - StoresCBList.get(i).click(): null

2018-07-05 20:43:55 - [TEST_STEP][PASSED] - Statement - groupStoresList[i] = storesLabel.get(i).getText(): null

2018-07-05 20:43:55 - [TEST_STEP][PASSED] - Statement - StoresCBList.get(i).click(): null

2018-07-05 20:43:55 - [TEST_STEP][PASSED] - Statement - groupStoresList[i] = storesLabel.get(i).getText(): null

2018-07-05 20:43:55 - [TEST_STEP][PASSED] - Statement - StoresCBList.get(i).click(): null

2018-07-05 20:43:55 - [TEST_STEP][PASSED] - Statement - groupStoresList[i] = storesLabel.get(i).getText(): null

2018-07-05 20:43:55 - [TEST_STEP][PASSED] - Statement - StoresCBList.get(i).click(): null

2018-07-05 20:43:55 - [TEST_STEP][PASSED] - Statement - groupStoresList[i] = storesLabel.get(i).getText(): null

2018-07-05 20:43:55 - [TEST_STEP][PASSED] - Statement - StoresCBList.get(i).click(): null

2018-07-05 20:43:55 - [TEST_STEP][PASSED] - Statement - groupStoresList[i] = storesLabel.get(i).getText(): null

2018-07-05 20:43:55 - [TEST_STEP][PASSED] - Statement - StoresCBList.get(i).click(): null

2018-07-05 20:43:55 - [TEST_STEP][PASSED] - Statement - groupStoresList[i] = storesLabel.get(i).getText(): null

2018-07-05 20:43:55 - [TEST_STEP][PASSED] - Statement - StoresCBList.get(i).click(): null

2018-07-05 20:43:55 - [TEST_STEP][PASSED] - Statement - groupStoresList[i] = storesLabel.get(i).getText(): null

2018-07-05 20:43:55 - [TEST_STEP][PASSED] - Statement - StoresCBList.get(i).click(): null

2018-07-05 20:43:55 - [TEST_STEP][PASSED] - Statement - groupStoresList[i] = storesLabel.get(i).getText(): null

2018-07-05 20:43:55 - [TEST_STEP][PASSED] - Statement - StoresCBList.get(i).click(): null

2018-07-05 20:43:55 - [TEST_STEP][PASSED] - Statement - groupStoresList[i] = storesLabel.get(i).getText(): null

2018-07-05 20:43:55 - [TEST_STEP][PASSED] - Statement - StoresCBList.get(i).click(): null

2018-07-05 20:43:55 - [TEST_STEP][PASSED] - Statement - groupStoresList[i] = storesLabel.get(i).getText(): null

2018-07-05 20:43:55 - [TEST_STEP][PASSED] - Statement - StoresCBList.get(i).click(): null

2018-07-05 20:43:55 - [TEST_STEP][PASSED] - Statement - groupStoresList[i] = storesLabel.get(i).getText(): null

2018-07-05 20:43:55 - [TEST_STEP][PASSED] - Statement - StoresCBList.get(i).click(): null

2018-07-05 20:43:55 - [TEST_STEP][PASSED] - Statement - groupStoresList[i] = storesLabel.get(i).getText(): null

2018-07-05 20:43:55 - [TEST_STEP][PASSED] - Statement - StoresCBList.get(i).click(): null

2018-07-05 20:43:55 - [TEST_STEP][PASSED] - Statement - groupStoresList[i] = storesLabel.get(i).getText(): null

2018-07-05 20:43:55 - [TEST_STEP][PASSED] - Statement - StoresCBList.get(i).click(): null

2018-07-05 20:43:55 - [TEST_STEP][PASSED] - Statement - groupStoresList[i] = storesLabel.get(i).getText(): null

2018-07-05 20:43:55 - [TEST_STEP][PASSED] - Statement - StoresCBList.get(i).click(): null

2018-07-05 20:43:55 - [TEST_STEP][PASSED] - Statement - groupStoresList[i] = storesLabel.get(i).getText(): null

2018-07-05 20:43:55 - [TEST_STEP][PASSED] - Statement - StoresCBList.get(i).click(): null

2018-07-05 20:43:55 - [TEST_STEP][PASSED] - Statement - groupStoresList[i] = storesLabel.get(i).getText(): null

2018-07-05 20:43:55 - [TEST_STEP][PASSED] - Statement - StoresCBList.get(i).click(): null

2018-07-05 20:43:56 - [TEST_STEP][PASSED] - Statement - groupStoresList[i] = storesLabel.get(i).getText(): null

2018-07-05 20:43:56 - [TEST_STEP][PASSED] - Statement - StoresCBList.get(i).click(): null

2018-07-05 20:43:56 - [TEST_STEP][PASSED] - Statement - groupStoresList[i] = storesLabel.get(i).getText(): null

2018-07-05 20:43:56 - [TEST_STEP][PASSED] - Statement - StoresCBList.get(i).click(): null

2018-07-05 20:43:56 - [TEST_STEP][PASSED] - Statement - groupStoresList[i] = storesLabel.get(i).getText(): null

2018-07-05 20:43:56 - [TEST_STEP][PASSED] - Statement - StoresCBList.get(i).click(): null

2018-07-05 20:43:56 - [TEST_STEP][PASSED] - Statement - groupStoresList[i] = storesLabel.get(i).getText(): null

2018-07-05 20:43:56 - [TEST_STEP][PASSED] - Statement - StoresCBList.get(i).click(): null

2018-07-05 20:43:56 - [TEST_STEP][PASSED] - Statement - groupStoresList[i] = storesLabel.get(i).getText(): null

2018-07-05 20:43:56 - [TEST_STEP][PASSED] - Statement - StoresCBList.get(i).click(): null

2018-07-05 20:43:56 - [TEST_STEP][PASSED] - Statement - groupStoresList[i] = storesLabel.get(i).getText(): null

2018-07-05 20:43:56 - [TEST_STEP][PASSED] - Statement - StoresCBList.get(i).click(): null

2018-07-05 20:43:56 - [TEST_STEP][PASSED] - Statement - groupStoresList[i] = storesLabel.get(i).getText(): null

2018-07-05 20:43:56 - [TEST_STEP][PASSED] - Statement - StoresCBList.get(i).click(): null

2018-07-05 20:43:56 - [TEST_STEP][PASSED] - Statement - groupStoresList[i] = storesLabel.get(i).getText(): null

2018-07-05 20:43:56 - [TEST_STEP][PASSED] - Statement - StoresCBList.get(i).click(): null

2018-07-05 20:43:56 - [TEST_STEP][PASSED] - Statement - groupStoresList[i] = storesLabel.get(i).getText(): null

2018-07-05 20:43:56 - [TEST_STEP][PASSED] - Statement - StoresCBList.get(i).click(): null

2018-07-05 20:43:56 - [TEST_STEP][PASSED] - Statement - groupStoresList[i] = storesLabel.get(i).getText(): null

2018-07-05 20:43:56 - [TEST_STEP][PASSED] - Statement - StoresCBList.get(i).click(): null

2018-07-05 20:43:56 - [TEST_STEP][PASSED] - Statement - groupStoresList[i] = storesLabel.get(i).getText(): null

2018-07-05 20:43:56 - [TEST_STEP][PASSED] - Statement - StoresCBList.get(i).click(): null

2018-07-05 20:43:56 - [TEST_STEP][PASSED] - Statement - groupStoresList[i] = storesLabel.get(i).getText(): null

2018-07-05 20:43:56 - [TEST_STEP][PASSED] - Statement - StoresCBList.get(i).click(): null

2018-07-05 20:43:56 - [TEST_STEP][PASSED] - Statement - groupStoresList[i] = storesLabel.get(i).getText(): null

2018-07-05 20:43:56 - [TEST_STEP][PASSED] - Statement - StoresCBList.get(i).click(): null

2018-07-05 20:43:56 - [TEST_STEP][PASSED] - Statement - groupStoresList[i] = storesLabel.get(i).getText(): null

2018-07-05 20:43:56 - [TEST_STEP][PASSED] - Statement - StoresCBList.get(i).click(): null

2018-07-05 20:43:57 - [TEST_STEP][PASSED] - Statement - groupStoresList[i] = storesLabel.get(i).getText(): null

2018-07-05 20:43:57 - [TEST_STEP][PASSED] - Statement - StoresCBList.get(i).click(): null

2018-07-05 20:43:57 - [TEST_STEP][PASSED] - Statement - groupStoresList[i] = storesLabel.get(i).getText(): null

2018-07-05 20:43:57 - [TEST_STEP][PASSED] - Statement - StoresCBList.get(i).click(): null

2018-07-05 20:43:57 - [TEST_STEP][PASSED] - Statement - groupStoresList[i] = storesLabel.get(i).getText(): null

2018-07-05 20:43:57 - [TEST_STEP][PASSED] - Statement - StoresCBList.get(i).click(): null

2018-07-05 20:43:57 - [TEST_STEP][PASSED] - Statement - groupStoresList[i] = storesLabel.get(i).getText(): null

2018-07-05 20:43:57 - [TEST_STEP][PASSED] - Statement - StoresCBList.get(i).click(): null

2018-07-05 20:43:57 - [TEST_STEP][PASSED] - Statement - groupStoresList[i] = storesLabel.get(i).getText(): null

2018-07-05 20:43:57 - [TEST_STEP][PASSED] - Statement - StoresCBList.get(i).click(): null

2018-07-05 20:43:57 - [TEST_STEP][PASSED] - Statement - groupStoresList[i] = storesLabel.get(i).getText(): null

2018-07-05 20:43:57 - [TEST_STEP][PASSED] - Statement - StoresCBList.get(i).click(): null

2018-07-05 20:43:57 - [TEST_STEP][PASSED] - Statement - groupStoresList[i] = storesLabel.get(i).getText(): null

2018-07-05 20:43:57 - [TEST_STEP][PASSED] - Statement - StoresCBList.get(i).click(): null

2018-07-05 20:43:57 - [TEST_STEP][PASSED] - Statement - groupStoresList[i] = storesLabel.get(i).getText(): null

2018-07-05 20:43:57 - [TEST_STEP][PASSED] - Statement - StoresCBList.get(i).click(): null

2018-07-05 20:43:57 - [TEST_STEP][PASSED] - Statement - groupStoresList[i] = storesLabel.get(i).getText(): null

2018-07-05 20:43:57 - [TEST_STEP][PASSED] - Statement - StoresCBList.get(i).click(): null

2018-07-05 20:43:57 - [TEST_STEP][PASSED] - Statement - groupStoresList[i] = storesLabel.get(i).getText(): null

2018-07-05 20:43:57 - [TEST_STEP][PASSED] - Statement - StoresCBList.get(i).click(): null

2018-07-05 20:43:57 - [TEST_STEP][PASSED] - Statement - groupStoresList[i] = storesLabel.get(i).getText(): null

2018-07-05 20:43:57 - [TEST_STEP][PASSED] - Statement - StoresCBList.get(i).click(): null

2018-07-05 20:43:57 - [TEST_STEP][PASSED] - Statement - groupStoresList[i] = storesLabel.get(i).getText(): null

2018-07-05 20:43:57 - [TEST_STEP][PASSED] - Statement - StoresCBList.get(i).click(): null

2018-07-05 20:43:57 - [TEST_STEP][PASSED] - Statement - groupStoresList[i] = storesLabel.get(i).getText(): null

2018-07-05 20:43:57 - [TEST_STEP][PASSED] - Statement - StoresCBList.get(i).click(): null

2018-07-05 20:43:57 - [TEST_STEP][PASSED] - Statement - groupStoresList[i] = storesLabel.get(i).getText(): null

2018-07-05 20:43:57 - [TEST_STEP][PASSED] - Statement - StoresCBList.get(i).click(): null

2018-07-05 20:43:57 - [TEST_STEP][PASSED] - Statement - groupStoresList[i] = storesLabel.get(i).getText(): null

2018-07-05 20:43:57 - [TEST_STEP][PASSED] - Statement - StoresCBList.get(i).click(): null

2018-07-05 20:43:58 - [TEST_STEP][PASSED] - Statement - groupStoresList[i] = storesLabel.get(i).getText(): null

2018-07-05 20:43:58 - [TEST_STEP][PASSED] - Statement - StoresCBList.get(i).click(): null

2018-07-05 20:43:58 - [TEST_STEP][PASSED] - Statement - groupStoresList[i] = storesLabel.get(i).getText(): null

2018-07-05 20:43:58 - [TEST_STEP][PASSED] - Statement - StoresCBList.get(i).click(): null

2018-07-05 20:43:58 - [TEST_STEP][PASSED] - Statement - groupStoresList[i] = storesLabel.get(i).getText(): null

2018-07-05 20:43:58 - [TEST_STEP][PASSED] - Statement - StoresCBList.get(i).click(): null

2018-07-05 20:43:58 - [TEST_STEP][PASSED] - Statement - groupStoresList[i] = storesLabel.get(i).getText(): null

2018-07-05 20:43:58 - [TEST_STEP][PASSED] - Statement - StoresCBList.get(i).click(): null

2018-07-05 20:43:58 - [TEST_STEP][PASSED] - Statement - groupStoresList[i] = storesLabel.get(i).getText(): null

2018-07-05 20:43:58 - [TEST_STEP][PASSED] - Statement - StoresCBList.get(i).click(): null

2018-07-05 20:43:58 - [TEST_STEP][PASSED] - Statement - groupStoresList[i] = storesLabel.get(i).getText(): null

2018-07-05 20:43:58 - [TEST_STEP][PASSED] - Statement - StoresCBList.get(i).click(): null

2018-07-05 20:43:58 - [TEST_STEP][PASSED] - Statement - groupStoresList[i] = storesLabel.get(i).getText(): null

2018-07-05 20:43:58 - [TEST_STEP][PASSED] - Statement - StoresCBList.get(i).click(): null

2018-07-05 20:43:58 - [TEST_STEP][PASSED] - Statement - groupStoresList[i] = storesLabel.get(i).getText(): null

2018-07-05 20:43:58 - [TEST_STEP][PASSED] - Statement - StoresCBList.get(i).click(): null

2018-07-05 20:43:58 - [TEST_STEP][PASSED] - Statement - groupStoresList[i] = storesLabel.get(i).getText(): null

2018-07-05 20:43:58 - [TEST_STEP][PASSED] - Statement - StoresCBList.get(i).click(): null

2018-07-05 20:43:58 - [TEST_STEP][PASSED] - Statement - groupStoresList[i] = storesLabel.get(i).getText(): null

2018-07-05 20:43:58 - [TEST_STEP][PASSED] - Statement - StoresCBList.get(i).click(): null

2018-07-05 20:43:58 - [TEST_STEP][PASSED] - Statement - groupStoresList[i] = storesLabel.get(i).getText(): null

2018-07-05 20:43:58 - [TEST_STEP][PASSED] - Statement - StoresCBList.get(i).click(): null

2018-07-05 20:43:58 - [TEST_STEP][PASSED] - Statement - groupStoresList[i] = storesLabel.get(i).getText(): null

2018-07-05 20:43:58 - [TEST_STEP][PASSED] - Statement - StoresCBList.get(i).click(): null

2018-07-05 20:43:58 - [TEST_STEP][PASSED] - Statement - groupStoresList[i] = storesLabel.get(i).getText(): null

2018-07-05 20:43:58 - [TEST_STEP][PASSED] - Statement - StoresCBList.get(i).click(): null

2018-07-05 20:43:58 - [TEST_STEP][PASSED] - Statement - groupStoresList[i] = storesLabel.get(i).getText(): null

2018-07-05 20:43:58 - [TEST_STEP][PASSED] - Statement - StoresCBList.get(i).click(): null

2018-07-05 20:43:58 - [TEST_STEP][PASSED] - Statement - groupStoresList[i] = storesLabel.get(i).getText(): null

2018-07-05 20:43:58 - [TEST_STEP][PASSED] - Statement - StoresCBList.get(i).click(): null

2018-07-05 20:43:59 - [TEST_STEP][PASSED] - Statement - groupStoresList[i] = storesLabel.get(i).getText(): null

2018-07-05 20:43:59 - [TEST_STEP][PASSED] - Statement - StoresCBList.get(i).click(): null

2018-07-05 20:43:59 - [TEST_STEP][PASSED] - Statement - groupStoresList[i] = storesLabel.get(i).getText(): null

2018-07-05 20:43:59 - [TEST_STEP][PASSED] - Statement - StoresCBList.get(i).click(): null

2018-07-05 20:43:59 - [TEST_STEP][PASSED] - Statement - groupStoresList[i] = storesLabel.get(i).getText(): null

2018-07-05 20:43:59 - [TEST_STEP][PASSED] - Statement - StoresCBList.get(i).click(): null

2018-07-05 20:43:59 - [TEST_STEP][PASSED] - Statement - groupStoresList[i] = storesLabel.get(i).getText(): null

2018-07-05 20:43:59 - [TEST_STEP][PASSED] - Statement - StoresCBList.get(i).click(): null

2018-07-05 20:43:59 - [TEST_STEP][PASSED] - Statement - groupStoresList[i] = storesLabel.get(i).getText(): null

2018-07-05 20:43:59 - [TEST_STEP][PASSED] - Statement - StoresCBList.get(i).click(): null

2018-07-05 20:43:59 - [TEST_STEP][PASSED] - Statement - groupStoresList[i] = storesLabel.get(i).getText(): null

2018-07-05 20:43:59 - [TEST_STEP][PASSED] - Statement - StoresCBList.get(i).click(): null

2018-07-05 20:43:59 - [TEST_STEP][PASSED] - Statement - groupStoresList[i] = storesLabel.get(i).getText(): null

2018-07-05 20:43:59 - [TEST_STEP][PASSED] - Statement - StoresCBList.get(i).click(): null

2018-07-05 20:43:59 - [TEST_STEP][PASSED] - Statement - groupStoresList[i] = storesLabel.get(i).getText(): null

2018-07-05 20:43:59 - [TEST_STEP][PASSED] - Statement - StoresCBList.get(i).click(): null

2018-07-05 20:43:59 - [TEST_STEP][PASSED] - Statement - groupStoresList[i] = storesLabel.get(i).getText(): null

2018-07-05 20:43:59 - [TEST_STEP][PASSED] - Statement - StoresCBList.get(i).click(): null

2018-07-05 20:43:59 - [TEST_STEP][PASSED] - Statement - groupStoresList[i] = storesLabel.get(i).getText(): null

2018-07-05 20:43:59 - [TEST_STEP][PASSED] - Statement - StoresCBList.get(i).click(): null

2018-07-05 20:43:59 - [TEST_STEP][PASSED] - Statement - groupStoresList[i] = storesLabel.get(i).getText(): null

2018-07-05 20:43:59 - [TEST_STEP][PASSED] - Statement - StoresCBList.get(i).click(): null

2018-07-05 20:43:59 - [TEST_STEP][PASSED] - Statement - groupStoresList[i] = storesLabel.get(i).getText(): null

2018-07-05 20:43:59 - [TEST_STEP][PASSED] - Statement - StoresCBList.get(i).click(): null

2018-07-05 20:43:59 - [TEST_STEP][PASSED] - Statement - groupStoresList[i] = storesLabel.get(i).getText(): null

2018-07-05 20:43:59 - [TEST_STEP][PASSED] - Statement - StoresCBList.get(i).click(): null

2018-07-05 20:43:59 - [TEST_STEP][PASSED] - Statement - groupStoresList[i] = storesLabel.get(i).getText(): null

2018-07-05 20:43:59 - [TEST_STEP][PASSED] - Statement - StoresCBList.get(i).click(): null

2018-07-05 20:44:00 - [TEST_STEP][PASSED] - Statement - groupStoresList[i] = storesLabel.get(i).getText(): null

2018-07-05 20:44:00 - [TEST_STEP][PASSED] - Statement - StoresCBList.get(i).click(): null

2018-07-05 20:44:00 - [TEST_STEP][PASSED] - Statement - groupStoresList[i] = storesLabel.get(i).getText(): null

2018-07-05 20:44:00 - [TEST_STEP][PASSED] - Statement - StoresCBList.get(i).click(): null

2018-07-05 20:44:00 - [TEST_STEP][PASSED] - Statement - groupStoresList[i] = storesLabel.get(i).getText(): null

2018-07-05 20:44:00 - [TEST_STEP][PASSED] - Statement - StoresCBList.get(i).click(): null

2018-07-05 20:44:00 - [TEST_STEP][PASSED] - Statement - groupStoresList[i] = storesLabel.get(i).getText(): null

2018-07-05 20:44:00 - [TEST_STEP][PASSED] - Statement - StoresCBList.get(i).click(): null

2018-07-05 20:44:00 - [TEST_STEP][PASSED] - Statement - groupStoresList[i] = storesLabel.get(i).getText(): null

2018-07-05 20:44:00 - [TEST_STEP][PASSED] - Statement - StoresCBList.get(i).click(): null

2018-07-05 20:44:00 - [TEST_STEP][PASSED] - Statement - groupStoresList[i] = storesLabel.get(i).getText(): null

2018-07-05 20:44:00 - [TEST_STEP][PASSED] - Statement - StoresCBList.get(i).click(): null

2018-07-05 20:44:00 - [TEST_STEP][PASSED] - Statement - groupStoresList[i] = storesLabel.get(i).getText(): null

2018-07-05 20:44:00 - [TEST_STEP][PASSED] - Statement - StoresCBList.get(i).click(): null

2018-07-05 20:44:00 - [TEST_STEP][PASSED] - Statement - groupStoresList[i] = storesLabel.get(i).getText(): null

2018-07-05 20:44:00 - [TEST_STEP][PASSED] - Statement - StoresCBList.get(i).click(): null

2018-07-05 20:44:00 - [TEST_STEP][PASSED] - Statement - groupStoresList[i] = storesLabel.get(i).getText(): null

2018-07-05 20:44:00 - [TEST_STEP][PASSED] - Statement - StoresCBList.get(i).click(): null

2018-07-05 20:44:00 - [TEST_STEP][PASSED] - Statement - groupStoresList[i] = storesLabel.get(i).getText(): null

2018-07-05 20:44:00 - [TEST_STEP][PASSED] - Statement - StoresCBList.get(i).click(): null

2018-07-05 20:44:00 - [TEST_STEP][PASSED] - Statement - groupStoresList[i] = storesLabel.get(i).getText(): null

2018-07-05 20:44:00 - [TEST_STEP][PASSED] - Statement - StoresCBList.get(i).click(): null

2018-07-05 20:44:00 - [TEST_STEP][PASSED] - Statement - groupStoresList[i] = storesLabel.get(i).getText(): null

2018-07-05 20:44:00 - [TEST_STEP][PASSED] - Statement - StoresCBList.get(i).click(): null

2018-07-05 20:44:00 - [TEST_STEP][PASSED] - Statement - groupStoresList[i] = storesLabel.get(i).getText(): null

2018-07-05 20:44:00 - [TEST_STEP][PASSED] - Statement - StoresCBList.get(i).click(): null

2018-07-05 20:44:00 - [TEST_STEP][PASSED] - Statement - groupStoresList[i] = storesLabel.get(i).getText(): null

2018-07-05 20:44:00 - [TEST_STEP][PASSED] - Statement - StoresCBList.get(i).click(): null

2018-07-05 20:44:00 - [TEST_STEP][PASSED] - Statement - groupStoresList[i] = storesLabel.get(i).getText(): null

2018-07-05 20:44:00 - [TEST_STEP][PASSED] - Statement - StoresCBList.get(i).click(): null

2018-07-05 20:44:01 - [TEST_STEP][PASSED] - Statement - groupStoresList[i] = storesLabel.get(i).getText(): null

2018-07-05 20:44:01 - [TEST_STEP][PASSED] - Statement - StoresCBList.get(i).click(): null

2018-07-05 20:44:01 - [TEST_STEP][PASSED] - Statement - groupStoresList[i] = storesLabel.get(i).getText(): null

2018-07-05 20:44:01 - [TEST_STEP][PASSED] - Statement - StoresCBList.get(i).click(): null

2018-07-05 20:44:01 - [TEST_STEP][PASSED] - Statement - groupStoresList[i] = storesLabel.get(i).getText(): null

2018-07-05 20:44:01 - [TEST_STEP][PASSED] - Statement - StoresCBList.get(i).click(): null

2018-07-05 20:44:01 - [TEST_STEP][PASSED] - Statement - groupStoresList[i] = storesLabel.get(i).getText(): null

2018-07-05 20:44:01 - [TEST_STEP][PASSED] - Statement - StoresCBList.get(i).click(): null

2018-07-05 20:44:01 - [TEST_STEP][PASSED] - Statement - groupStoresList[i] = storesLabel.get(i).getText(): null

2018-07-05 20:44:01 - [TEST_STEP][PASSED] - Statement - StoresCBList.get(i).click(): null

2018-07-05 20:44:01 - [TEST_STEP][PASSED] - Statement - groupStoresList[i] = storesLabel.get(i).getText(): null

2018-07-05 20:44:01 - [TEST_STEP][PASSED] - Statement - StoresCBList.get(i).click(): null

2018-07-05 20:44:01 - [TEST_STEP][PASSED] - Statement - groupStoresList[i] = storesLabel.get(i).getText(): null

2018-07-05 20:44:01 - [TEST_STEP][PASSED] - Statement - StoresCBList.get(i).click(): null

2018-07-05 20:44:01 - [TEST_STEP][PASSED] - Statement - groupStoresList[i] = storesLabel.get(i).getText(): null

2018-07-05 20:44:01 - [TEST_STEP][PASSED] - Statement - StoresCBList.get(i).click(): null

2018-07-05 20:44:01 - [TEST_STEP][PASSED] - Statement - groupStoresList[i] = storesLabel.get(i).getText(): null

2018-07-05 20:44:01 - [TEST_STEP][PASSED] - Statement - StoresCBList.get(i).click(): null

2018-07-05 20:44:01 - [TEST_STEP][PASSED] - Statement - groupStoresList[i] = storesLabel.get(i).getText(): null

2018-07-05 20:44:01 - [TEST_STEP][PASSED] - Statement - StoresCBList.get(i).click(): null

2018-07-05 20:44:01 - [TEST_STEP][PASSED] - Statement - groupStoresList[i] = storesLabel.get(i).getText(): null

2018-07-05 20:44:01 - [TEST_STEP][PASSED] - Statement - StoresCBList.get(i).click(): null

2018-07-05 20:44:01 - [TEST_STEP][PASSED] - Statement - groupStoresList[i] = storesLabel.get(i).getText(): null

2018-07-05 20:44:01 - [TEST_STEP][PASSED] - Statement - StoresCBList.get(i).click(): null

2018-07-05 20:44:01 - [TEST_STEP][PASSED] - Statement - groupStoresList[i] = storesLabel.get(i).getText(): null

2018-07-05 20:44:01 - [TEST_STEP][PASSED] - Statement - StoresCBList.get(i).click(): null

2018-07-05 20:44:01 - [TEST_STEP][PASSED] - Statement - groupStoresList[i] = storesLabel.get(i).getText(): null

2018-07-05 20:44:01 - [TEST_STEP][PASSED] - Statement - StoresCBList.get(i).click(): null

2018-07-05 20:44:01 - [TEST_STEP][PASSED] - Statement - groupStoresList[i] = storesLabel.get(i).getText(): null

2018-07-05 20:44:01 - [TEST_STEP][PASSED] - Statement - StoresCBList.get(i).click(): null

2018-07-05 20:44:02 - [TEST_STEP][PASSED] - Statement - groupStoresList[i] = storesLabel.get(i).getText(): null

2018-07-05 20:44:02 - [TEST_STEP][PASSED] - Statement - StoresCBList.get(i).click(): null

2018-07-05 20:44:02 - [TEST_STEP][PASSED] - Statement - groupStoresList[i] = storesLabel.get(i).getText(): null

2018-07-05 20:44:02 - [TEST_STEP][PASSED] - Statement - StoresCBList.get(i).click(): null

2018-07-05 20:44:02 - [TEST_STEP][PASSED] - Statement - groupStoresList[i] = storesLabel.get(i).getText(): null

2018-07-05 20:44:02 - [TEST_STEP][PASSED] - Statement - StoresCBList.get(i).click(): null

2018-07-05 20:44:02 - [TEST_STEP][PASSED] - Statement - groupStoresList[i] = storesLabel.get(i).getText(): null

2018-07-05 20:44:02 - [TEST_STEP][PASSED] - Statement - StoresCBList.get(i).click(): null

2018-07-05 20:44:02 - [TEST_STEP][PASSED] - Statement - groupStoresList[i] = storesLabel.get(i).getText(): null

2018-07-05 20:44:02 - [TEST_STEP][PASSED] - Statement - StoresCBList.get(i).click(): null

2018-07-05 20:44:02 - [TEST_STEP][PASSED] - Statement - groupStoresList[i] = storesLabel.get(i).getText(): null

2018-07-05 20:44:02 - [TEST_STEP][PASSED] - Statement - StoresCBList.get(i).click(): null

2018-07-05 20:44:02 - [TEST_STEP][PASSED] - Statement - groupStoresList[i] = storesLabel.get(i).getText(): null

2018-07-05 20:44:02 - [TEST_STEP][PASSED] - Statement - StoresCBList.get(i).click(): null

2018-07-05 20:44:02 - [TEST_STEP][PASSED] - Statement - groupStoresList[i] = storesLabel.get(i).getText(): null

2018-07-05 20:44:02 - [TEST_STEP][PASSED] - Statement - StoresCBList.get(i).click(): null

2018-07-05 20:44:02 - [TEST_STEP][PASSED] - Statement - groupStoresList[i] = storesLabel.get(i).getText(): null

2018-07-05 20:44:02 - [TEST_STEP][PASSED] - Statement - StoresCBList.get(i).click(): null

2018-07-05 20:44:02 - [TEST_STEP][PASSED] - Statement - groupStoresList[i] = storesLabel.get(i).getText(): null

2018-07-05 20:44:02 - [TEST_STEP][PASSED] - Statement - StoresCBList.get(i).click(): null

2018-07-05 20:44:02 - [TEST_STEP][PASSED] - Statement - groupStoresList[i] = storesLabel.get(i).getText(): null

2018-07-05 20:44:02 - [TEST_STEP][PASSED] - Statement - StoresCBList.get(i).click(): null

2018-07-05 20:44:02 - [TEST_STEP][PASSED] - Statement - groupStoresList[i] = storesLabel.get(i).getText(): null

2018-07-05 20:44:02 - [TEST_STEP][PASSED] - Statement - StoresCBList.get(i).click(): null

2018-07-05 20:44:02 - [TEST_STEP][PASSED] - Statement - groupStoresList[i] = storesLabel.get(i).getText(): null

2018-07-05 20:44:02 - [TEST_STEP][PASSED] - Statement - StoresCBList.get(i).click(): null

2018-07-05 20:44:02 - [TEST_STEP][PASSED] - Statement - groupStoresList[i] = storesLabel.get(i).getText(): null

2018-07-05 20:44:02 - [TEST_STEP][PASSED] - Statement - StoresCBList.get(i).click(): null

2018-07-05 20:44:02 - [TEST_STEP][PASSED] - Statement - groupStoresList[i] = storesLabel.get(i).getText(): null

2018-07-05 20:44:02 - [TEST_STEP][PASSED] - Statement - StoresCBList.get(i).click(): null

2018-07-05 20:44:03 - [TEST_STEP][PASSED] - Statement - groupStoresList[i] = storesLabel.get(i).getText(): null

2018-07-05 20:44:03 - [TEST_STEP][PASSED] - Statement - StoresCBList.get(i).click(): null

2018-07-05 20:44:03 - [TEST_STEP][PASSED] - Statement - groupStoresList[i] = storesLabel.get(i).getText(): null

2018-07-05 20:44:03 - [TEST_STEP][PASSED] - Statement - StoresCBList.get(i).click(): null

2018-07-05 20:44:03 - [TEST_STEP][PASSED] - Statement - groupStoresList[i] = storesLabel.get(i).getText(): null

2018-07-05 20:44:03 - [TEST_STEP][PASSED] - Statement - StoresCBList.get(i).click(): null

2018-07-05 20:44:03 - [TEST_STEP][PASSED] - Statement - groupStoresList[i] = storesLabel.get(i).getText(): null

2018-07-05 20:44:03 - [TEST_STEP][PASSED] - Statement - StoresCBList.get(i).click(): null

2018-07-05 20:44:03 - [TEST_STEP][PASSED] - Statement - groupStoresList[i] = storesLabel.get(i).getText(): null

2018-07-05 20:44:03 - [TEST_STEP][PASSED] - Statement - StoresCBList.get(i).click(): null

2018-07-05 20:44:03 - [TEST_STEP][PASSED] - Statement - groupStoresList[i] = storesLabel.get(i).getText(): null

2018-07-05 20:44:03 - [TEST_STEP][PASSED] - Statement - StoresCBList.get(i).click(): null

2018-07-05 20:44:03 - [TEST_STEP][PASSED] - Statement - groupStoresList[i] = storesLabel.get(i).getText(): null

2018-07-05 20:44:03 - [TEST_STEP][PASSED] - Statement - StoresCBList.get(i).click(): null

2018-07-05 20:44:03 - [TEST_STEP][PASSED] - Statement - groupStoresList[i] = storesLabel.get(i).getText(): null

2018-07-05 20:44:03 - [TEST_STEP][PASSED] - Statement - StoresCBList.get(i).click(): null

2018-07-05 20:44:03 - [TEST_STEP][PASSED] - Statement - groupStoresList[i] = storesLabel.get(i).getText(): null

2018-07-05 20:44:03 - [TEST_STEP][PASSED] - Statement - StoresCBList.get(i).click(): null

2018-07-05 20:44:03 - [TEST_STEP][PASSED] - Statement - groupStoresList[i] = storesLabel.get(i).getText(): null

2018-07-05 20:44:03 - [TEST_STEP][PASSED] - Statement - StoresCBList.get(i).click(): null

2018-07-05 20:44:03 - [TEST_STEP][PASSED] - Statement - groupStoresList[i] = storesLabel.get(i).getText(): null

2018-07-05 20:44:03 - [TEST_STEP][PASSED] - Statement - StoresCBList.get(i).click(): null

2018-07-05 20:44:03 - [TEST_STEP][PASSED] - Statement - groupStoresList[i] = storesLabel.get(i).getText(): null

2018-07-05 20:44:03 - [TEST_STEP][PASSED] - Statement - StoresCBList.get(i).click(): null

2018-07-05 20:44:03 - [TEST_STEP][PASSED] - Statement - groupStoresList[i] = storesLabel.get(i).getText(): null

2018-07-05 20:44:03 - [TEST_STEP][PASSED] - Statement - StoresCBList.get(i).click(): null

2018-07-05 20:44:03 - [TEST_STEP][PASSED] - Statement - groupStoresList[i] = storesLabel.get(i).getText(): null

2018-07-05 20:44:03 - [TEST_STEP][PASSED] - Statement - StoresCBList.get(i).click(): null

2018-07-05 20:44:03 - [TEST_STEP][PASSED] - Statement - groupStoresList[i] = storesLabel.get(i).getText(): null

2018-07-05 20:44:03 - [TEST_STEP][PASSED] - Statement - StoresCBList.get(i).click(): null

2018-07-05 20:44:04 - [TEST_STEP][PASSED] - Statement - groupStoresList[i] = storesLabel.get(i).getText(): null

2018-07-05 20:44:04 - [TEST_STEP][PASSED] - Statement - StoresCBList.get(i).click(): null

2018-07-05 20:44:04 - [TEST_STEP][PASSED] - Statement - groupStoresList[i] = storesLabel.get(i).getText(): null

2018-07-05 20:44:04 - [TEST_STEP][PASSED] - Statement - StoresCBList.get(i).click(): null

2018-07-05 20:44:04 - [TEST_STEP][PASSED] - Statement - groupStoresList[i] = storesLabel.get(i).getText(): null

2018-07-05 20:44:04 - [TEST_STEP][PASSED] - Statement - StoresCBList.get(i).click(): null

2018-07-05 20:44:04 - [TEST_STEP][PASSED] - Statement - groupStoresList[i] = storesLabel.get(i).getText(): null

2018-07-05 20:44:04 - [TEST_STEP][PASSED] - Statement - StoresCBList.get(i).click(): null

2018-07-05 20:44:04 - [TEST_STEP][PASSED] - Statement - groupStoresList[i] = storesLabel.get(i).getText(): null

2018-07-05 20:44:04 - [TEST_STEP][PASSED] - Statement - StoresCBList.get(i).click(): null

2018-07-05 20:44:04 - [TEST_STEP][PASSED] - Statement - groupStoresList[i] = storesLabel.get(i).getText(): null

2018-07-05 20:44:04 - [TEST_STEP][PASSED] - Statement - StoresCBList.get(i).click(): null

2018-07-05 20:44:04 - [TEST_STEP][PASSED] - Statement - groupStoresList[i] = storesLabel.get(i).getText(): null

2018-07-05 20:44:04 - [TEST_STEP][PASSED] - Statement - StoresCBList.get(i).click(): null

2018-07-05 20:44:04 - [TEST_STEP][PASSED] - Statement - groupStoresList[i] = storesLabel.get(i).getText(): null

2018-07-05 20:44:04 - [TEST_STEP][PASSED] - Statement - StoresCBList.get(i).click(): null

2018-07-05 20:44:04 - [TEST_STEP][PASSED] - Statement - groupStoresList[i] = storesLabel.get(i).getText(): null

2018-07-05 20:44:04 - [TEST_STEP][PASSED] - Statement - StoresCBList.get(i).click(): null

2018-07-05 20:44:04 - [TEST_STEP][PASSED] - Statement - groupStoresList[i] = storesLabel.get(i).getText(): null

2018-07-05 20:44:04 - [TEST_STEP][PASSED] - Statement - StoresCBList.get(i).click(): null

2018-07-05 20:44:04 - [TEST_STEP][PASSED] - Statement - groupStoresList[i] = storesLabel.get(i).getText(): null

2018-07-05 20:44:04 - [TEST_STEP][PASSED] - Statement - StoresCBList.get(i).click(): null

2018-07-05 20:44:04 - [TEST_STEP][PASSED] - Statement - groupStoresList[i] = storesLabel.get(i).getText(): null

2018-07-05 20:44:04 - [TEST_STEP][PASSED] - Statement - StoresCBList.get(i).click(): null

2018-07-05 20:44:04 - [TEST_STEP][PASSED] - Statement - groupStoresList[i] = storesLabel.get(i).getText(): null

2018-07-05 20:44:04 - [TEST_STEP][PASSED] - Statement - StoresCBList.get(i).click(): null

2018-07-05 20:44:04 - [TEST_STEP][PASSED] - Statement - groupStoresList[i] = storesLabel.get(i).getText(): null

2018-07-05 20:44:04 - [TEST_STEP][PASSED] - Statement - StoresCBList.get(i).click(): null

2018-07-05 20:44:04 - [TEST_STEP][PASSED] - Statement - groupStoresList[i] = storesLabel.get(i).getText(): null

2018-07-05 20:44:04 - [TEST_STEP][PASSED] - Statement - StoresCBList.get(i).click(): null

2018-07-05 20:44:05 - [TEST_STEP][PASSED] - Statement - groupStoresList[i] = storesLabel.get(i).getText(): null

2018-07-05 20:44:05 - [TEST_STEP][PASSED] - Statement - StoresCBList.get(i).click(): null

2018-07-05 20:44:05 - [TEST_STEP][PASSED] - Statement - groupStoresList[i] = storesLabel.get(i).getText(): null

2018-07-05 20:44:05 - [TEST_STEP][PASSED] - Statement - StoresCBList.get(i).click(): null

2018-07-05 20:44:05 - [TEST_STEP][PASSED] - Statement - groupStoresList[i] = storesLabel.get(i).getText(): null

2018-07-05 20:44:05 - [TEST_STEP][PASSED] - Statement - StoresCBList.get(i).click(): null

2018-07-05 20:44:05 - [TEST_STEP][PASSED] - Statement - groupStoresList[i] = storesLabel.get(i).getText(): null

2018-07-05 20:44:05 - [TEST_STEP][PASSED] - Statement - StoresCBList.get(i).click(): null

2018-07-05 20:44:05 - [TEST_STEP][PASSED] - Statement - groupStoresList[i] = storesLabel.get(i).getText(): null

2018-07-05 20:44:05 - [TEST_STEP][PASSED] - Statement - StoresCBList.get(i).click(): null

2018-07-05 20:44:05 - [TEST_STEP][PASSED] - Statement - groupStoresList[i] = storesLabel.get(i).getText(): null

2018-07-05 20:44:05 - [TEST_STEP][PASSED] - Statement - StoresCBList.get(i).click(): null

2018-07-05 20:44:05 - [TEST_STEP][PASSED] - Statement - groupStoresList[i] = storesLabel.get(i).getText(): null

2018-07-05 20:44:05 - [TEST_STEP][PASSED] - Statement - StoresCBList.get(i).click(): null

2018-07-05 20:44:05 - [TEST_STEP][PASSED] - Statement - groupStoresList[i] = storesLabel.get(i).getText(): null

2018-07-05 20:44:05 - [TEST_STEP][PASSED] - Statement - StoresCBList.get(i).click(): null

2018-07-05 20:44:05 - [TEST_STEP][PASSED] - Statement - groupStoresList[i] = storesLabel.get(i).getText(): null

2018-07-05 20:44:05 - [TEST_STEP][PASSED] - Statement - StoresCBList.get(i).click(): null

2018-07-05 20:44:05 - [TEST_STEP][PASSED] - Statement - groupStoresList[i] = storesLabel.get(i).getText(): null

2018-07-05 20:44:05 - [TEST_STEP][PASSED] - Statement - StoresCBList.get(i).click(): null

2018-07-05 20:44:05 - [TEST_STEP][PASSED] - Statement - groupStoresList[i] = storesLabel.get(i).getText(): null

2018-07-05 20:44:05 - [TEST_STEP][PASSED] - Statement - StoresCBList.get(i).click(): null

2018-07-05 20:44:05 - [TEST_STEP][PASSED] - Statement - groupStoresList[i] = storesLabel.get(i).getText(): null

2018-07-05 20:44:05 - [TEST_STEP][PASSED] - Statement - StoresCBList.get(i).click(): null

2018-07-05 20:44:05 - [TEST_STEP][PASSED] - Statement - groupStoresList[i] = storesLabel.get(i).getText(): null

2018-07-05 20:44:05 - [TEST_STEP][PASSED] - Statement - StoresCBList.get(i).click(): null

2018-07-05 20:44:05 - [TEST_STEP][PASSED] - Statement - groupStoresList[i] = storesLabel.get(i).getText(): null

2018-07-05 20:44:05 - [TEST_STEP][PASSED] - Statement - StoresCBList.get(i).click(): null

2018-07-05 20:44:05 - [TEST_STEP][PASSED] - Statement - groupStoresList[i] = storesLabel.get(i).getText(): null

2018-07-05 20:44:05 - [TEST_STEP][PASSED] - Statement - StoresCBList.get(i).click(): null

2018-07-05 20:44:06 - [TEST_STEP][PASSED] - Statement - groupStoresList[i] = storesLabel.get(i).getText(): null

2018-07-05 20:44:06 - [TEST_STEP][PASSED] - Statement - StoresCBList.get(i).click(): null

2018-07-05 20:44:06 - [TEST_STEP][PASSED] - Statement - groupStoresList[i] = storesLabel.get(i).getText(): null

2018-07-05 20:44:06 - [TEST_STEP][PASSED] - Statement - StoresCBList.get(i).click(): null

2018-07-05 20:44:06 - [TEST_STEP][PASSED] - Statement - groupStoresList[i] = storesLabel.get(i).getText(): null

2018-07-05 20:44:06 - [TEST_STEP][PASSED] - Statement - StoresCBList.get(i).click(): null

2018-07-05 20:44:06 - [TEST_STEP][PASSED] - Statement - groupStoresList[i] = storesLabel.get(i).getText(): null

2018-07-05 20:44:06 - [TEST_STEP][PASSED] - Statement - StoresCBList.get(i).click(): null

2018-07-05 20:44:06 - [TEST_STEP][PASSED] - Statement - groupStoresList[i] = storesLabel.get(i).getText(): null

2018-07-05 20:44:06 - [TEST_STEP][PASSED] - Statement - StoresCBList.get(i).click(): null

2018-07-05 20:44:06 - [TEST_STEP][PASSED] - Statement - groupStoresList[i] = storesLabel.get(i).getText(): null

2018-07-05 20:44:06 - [TEST_STEP][PASSED] - Statement - StoresCBList.get(i).click(): null

2018-07-05 20:44:06 - [TEST_STEP][PASSED] - Statement - groupStoresList[i] = storesLabel.get(i).getText(): null

2018-07-05 20:44:06 - [TEST_STEP][PASSED] - Statement - StoresCBList.get(i).click(): null

2018-07-05 20:44:06 - [TEST_STEP][PASSED] - Statement - groupStoresList[i] = storesLabel.get(i).getText(): null

2018-07-05 20:44:06 - [TEST_STEP][PASSED] - Statement - StoresCBList.get(i).click(): null

2018-07-05 20:44:06 - [TEST_STEP][PASSED] - Statement - groupStoresList[i] = storesLabel.get(i).getText(): null

2018-07-05 20:44:06 - [TEST_STEP][PASSED] - Statement - StoresCBList.get(i).click(): null

2018-07-05 20:44:06 - [TEST_STEP][PASSED] - Statement - groupStoresList[i] = storesLabel.get(i).getText(): null

2018-07-05 20:44:06 - [TEST_STEP][PASSED] - Statement - StoresCBList.get(i).click(): null

2018-07-05 20:44:06 - [TEST_STEP][PASSED] - Statement - groupStoresList[i] = storesLabel.get(i).getText(): null

2018-07-05 20:44:06 - [TEST_STEP][PASSED] - Statement - StoresCBList.get(i).click(): null

2018-07-05 20:44:06 - [TEST_STEP][PASSED] - Statement - groupStoresList[i] = storesLabel.get(i).getText(): null

2018-07-05 20:44:06 - [TEST_STEP][PASSED] - Statement - StoresCBList.get(i).click(): null

2018-07-05 20:44:06 - [TEST_STEP][PASSED] - Statement - groupStoresList[i] = storesLabel.get(i).getText(): null

2018-07-05 20:44:06 - [TEST_STEP][PASSED] - Statement - StoresCBList.get(i).click(): null

2018-07-05 20:44:06 - [TEST_STEP][PASSED] - Statement - groupStoresList[i] = storesLabel.get(i).getText(): null

2018-07-05 20:44:06 - [TEST_STEP][PASSED] - Statement - StoresCBList.get(i).click(): null

2018-07-05 20:44:06 - [TEST_STEP][PASSED] - Statement - groupStoresList[i] = storesLabel.get(i).getText(): null

2018-07-05 20:44:06 - [TEST_STEP][PASSED] - Statement - StoresCBList.get(i).click(): null

2018-07-05 20:44:07 - [TEST_STEP][PASSED] - Statement - groupStoresList[i] = storesLabel.get(i).getText(): null

2018-07-05 20:44:07 - [TEST_STEP][PASSED] - Statement - StoresCBList.get(i).click(): null

2018-07-05 20:44:07 - [TEST_STEP][PASSED] - Statement - groupStoresList[i] = storesLabel.get(i).getText(): null

2018-07-05 20:44:07 - [TEST_STEP][PASSED] - Statement - StoresCBList.get(i).click(): null

2018-07-05 20:44:07 - [TEST_STEP][PASSED] - Statement - groupStoresList[i] = storesLabel.get(i).getText(): null

2018-07-05 20:44:07 - [TEST_STEP][PASSED] - Statement - StoresCBList.get(i).click(): null

2018-07-05 20:44:07 - [TEST_STEP][PASSED] - Statement - groupStoresList[i] = storesLabel.get(i).getText(): null

2018-07-05 20:44:07 - [TEST_STEP][PASSED] - Statement - StoresCBList.get(i).click(): null

2018-07-05 20:44:07 - [TEST_STEP][PASSED] - Statement - groupStoresList[i] = storesLabel.get(i).getText(): null

2018-07-05 20:44:07 - [TEST_STEP][PASSED] - Statement - StoresCBList.get(i).click(): null

2018-07-05 20:44:07 - [TEST_STEP][PASSED] - Statement - groupStoresList[i] = storesLabel.get(i).getText(): null

2018-07-05 20:44:07 - [TEST_STEP][PASSED] - Statement - StoresCBList.get(i).click(): null

2018-07-05 20:44:07 - [TEST_STEP][PASSED] - Statement - groupStoresList[i] = storesLabel.get(i).getText(): null

2018-07-05 20:44:07 - [TEST_STEP][PASSED] - Statement - StoresCBList.get(i).click(): null

2018-07-05 20:44:07 - [TEST_STEP][PASSED] - Statement - groupStoresList[i] = storesLabel.get(i).getText(): null

2018-07-05 20:44:07 - [TEST_STEP][PASSED] - Statement - StoresCBList.get(i).click(): null

2018-07-05 20:44:07 - [TEST_STEP][PASSED] - Statement - groupStoresList[i] = storesLabel.get(i).getText(): null

2018-07-05 20:44:07 - [TEST_STEP][PASSED] - Statement - StoresCBList.get(i).click(): null

2018-07-05 20:44:07 - [TEST_STEP][PASSED] - Statement - groupStoresList[i] = storesLabel.get(i).getText(): null

2018-07-05 20:44:07 - [TEST_STEP][PASSED] - Statement - StoresCBList.get(i).click(): null

2018-07-05 20:44:07 - [TEST_STEP][PASSED] - Statement - groupStoresList[i] = storesLabel.get(i).getText(): null

2018-07-05 20:44:07 - [TEST_STEP][PASSED] - Statement - StoresCBList.get(i).click(): null

2018-07-05 20:44:07 - [TEST_STEP][PASSED] - Statement - groupStoresList[i] = storesLabel.get(i).getText(): null

2018-07-05 20:44:07 - [TEST_STEP][PASSED] - Statement - StoresCBList.get(i).click(): null

2018-07-05 20:44:07 - [TEST_STEP][PASSED] - Statement - groupStoresList[i] = storesLabel.get(i).getText(): null

2018-07-05 20:44:07 - [TEST_STEP][PASSED] - Statement - StoresCBList.get(i).click(): null

2018-07-05 20:44:07 - [TEST_STEP][PASSED] - Statement - groupStoresList[i] = storesLabel.get(i).getText(): null

2018-07-05 20:44:07 - [TEST_STEP][PASSED] - Statement - StoresCBList.get(i).click(): null

2018-07-05 20:44:07 - [TEST_STEP][PASSED] - Statement - groupStoresList[i] = storesLabel.get(i).getText(): null

2018-07-05 20:44:07 - [TEST_STEP][PASSED] - Statement - StoresCBList.get(i).click(): null

2018-07-05 20:44:08 - [TEST_STEP][PASSED] - Statement - groupStoresList[i] = storesLabel.get(i).getText(): null

2018-07-05 20:44:08 - [TEST_STEP][PASSED] - Statement - StoresCBList.get(i).click(): null

2018-07-05 20:44:08 - [TEST_STEP][PASSED] - Statement - groupStoresList[i] = storesLabel.get(i).getText(): null

2018-07-05 20:44:08 - [TEST_STEP][PASSED] - Statement - StoresCBList.get(i).click(): null

2018-07-05 20:44:08 - [TEST_STEP][PASSED] - Statement - groupStoresList[i] = storesLabel.get(i).getText(): null

2018-07-05 20:44:08 - [TEST_STEP][PASSED] - Statement - StoresCBList.get(i).click(): null

2018-07-05 20:44:08 - [TEST_STEP][PASSED] - Statement - groupStoresList[i] = storesLabel.get(i).getText(): null

2018-07-05 20:44:08 - [TEST_STEP][PASSED] - Statement - StoresCBList.get(i).click(): null

2018-07-05 20:44:08 - [TEST_STEP][PASSED] - Statement - groupStoresList[i] = storesLabel.get(i).getText(): null

2018-07-05 20:44:08 - [TEST_STEP][PASSED] - Statement - StoresCBList.get(i).click(): null

2018-07-05 20:44:08 - [TEST_STEP][PASSED] - Statement - groupStoresList[i] = storesLabel.get(i).getText(): null

2018-07-05 20:44:08 - [TEST_STEP][PASSED] - Statement - StoresCBList.get(i).click(): null

2018-07-05 20:44:08 - [TEST_STEP][PASSED] - Statement - groupStoresList[i] = storesLabel.get(i).getText(): null

2018-07-05 20:44:08 - [TEST_STEP][PASSED] - Statement - StoresCBList.get(i).click(): null

2018-07-05 20:44:08 - [TEST_STEP][PASSED] - Statement - groupStoresList[i] = storesLabel.get(i).getText(): null

2018-07-05 20:44:08 - [TEST_STEP][PASSED] - Statement - StoresCBList.get(i).click(): null

2018-07-05 20:44:08 - [TEST_STEP][PASSED] - Statement - groupStoresList[i] = storesLabel.get(i).getText(): null

2018-07-05 20:44:08 - [TEST_STEP][PASSED] - Statement - StoresCBList.get(i).click(): null

2018-07-05 20:44:08 - [TEST_STEP][PASSED] - Statement - groupStoresList[i] = storesLabel.get(i).getText(): null

2018-07-05 20:44:08 - [TEST_STEP][PASSED] - Statement - StoresCBList.get(i).click(): null

2018-07-05 20:44:08 - [TEST_STEP][PASSED] - Statement - groupStoresList[i] = storesLabel.get(i).getText(): null

2018-07-05 20:44:08 - [TEST_STEP][PASSED] - Statement - StoresCBList.get(i).click(): null

2018-07-05 20:44:08 - [TEST_STEP][PASSED] - Statement - groupStoresList[i] = storesLabel.get(i).getText(): null

2018-07-05 20:44:08 - [TEST_STEP][PASSED] - Statement - StoresCBList.get(i).click(): null

2018-07-05 20:44:08 - [TEST_STEP][PASSED] - Statement - groupStoresList[i] = storesLabel.get(i).getText(): null

2018-07-05 20:44:08 - [TEST_STEP][PASSED] - Statement - StoresCBList.get(i).click(): null

2018-07-05 20:44:08 - [TEST_STEP][PASSED] - Statement - groupStoresList[i] = storesLabel.get(i).getText(): null

2018-07-05 20:44:08 - [TEST_STEP][PASSED] - Statement - StoresCBList.get(i).click(): null

2018-07-05 20:44:08 - [TEST_STEP][PASSED] - Statement - groupStoresList[i] = storesLabel.get(i).getText(): null

2018-07-05 20:44:09 - [TEST_STEP][PASSED] - Statement - StoresCBList.get(i).click(): null

2018-07-05 20:44:09 - [TEST_STEP][PASSED] - Statement - groupStoresList[i] = storesLabel.get(i).getText(): null

2018-07-05 20:44:09 - [TEST_STEP][PASSED] - Statement - StoresCBList.get(i).click(): null

2018-07-05 20:44:09 - [TEST_STEP][PASSED] - Statement - groupStoresList[i] = storesLabel.get(i).getText(): null

2018-07-05 20:44:09 - [TEST_STEP][PASSED] - Statement - StoresCBList.get(i).click(): null

2018-07-05 20:44:09 - [TEST_STEP][PASSED] - Statement - groupStoresList[i] = storesLabel.get(i).getText(): null

2018-07-05 20:44:09 - [TEST_STEP][PASSED] - Statement - StoresCBList.get(i).click(): null

2018-07-05 20:44:09 - [TEST_STEP][PASSED] - Statement - groupStoresList[i] = storesLabel.get(i).getText(): null

2018-07-05 20:44:09 - [TEST_STEP][PASSED] - Statement - StoresCBList.get(i).click(): null

2018-07-05 20:44:09 - [TEST_STEP][PASSED] - Statement - groupStoresList[i] = storesLabel.get(i).getText(): null

2018-07-05 20:44:09 - [TEST_STEP][PASSED] - Statement - StoresCBList.get(i).click(): null

2018-07-05 20:44:09 - [TEST_STEP][PASSED] - Statement - groupStoresList[i] = storesLabel.get(i).getText(): null

2018-07-05 20:44:09 - [TEST_STEP][PASSED] - Statement - StoresCBList.get(i).click(): null

2018-07-05 20:44:09 - [TEST_STEP][PASSED] - Statement - groupStoresList[i] = storesLabel.get(i).getText(): null

2018-07-05 20:44:09 - [TEST_STEP][PASSED] - Statement - StoresCBList.get(i).click(): null

2018-07-05 20:44:09 - [TEST_STEP][PASSED] - Statement - groupStoresList[i] = storesLabel.get(i).getText(): null

2018-07-05 20:44:09 - [TEST_STEP][PASSED] - Statement - StoresCBList.get(i).click(): null

2018-07-05 20:44:09 - [TEST_STEP][PASSED] - Statement - groupStoresList[i] = storesLabel.get(i).getText(): null

2018-07-05 20:44:09 - [TEST_STEP][PASSED] - Statement - StoresCBList.get(i).click(): null

2018-07-05 20:44:09 - [TEST_STEP][PASSED] - Statement - groupStoresList[i] = storesLabel.get(i).getText(): null

2018-07-05 20:44:09 - [TEST_STEP][PASSED] - Statement - StoresCBList.get(i).click(): null

2018-07-05 20:44:09 - [TEST_STEP][PASSED] - Statement - groupStoresList[i] = storesLabel.get(i).getText(): null

2018-07-05 20:44:09 - [TEST_STEP][PASSED] - Statement - StoresCBList.get(i).click(): null

2018-07-05 20:44:09 - [TEST_STEP][PASSED] - Statement - groupStoresList[i] = storesLabel.get(i).getText(): null

2018-07-05 20:44:09 - [TEST_STEP][PASSED] - Statement - StoresCBList.get(i).click(): null

2018-07-05 20:44:09 - [TEST_STEP][PASSED] - Statement - groupStoresList[i] = storesLabel.get(i).getText(): null

2018-07-05 20:44:09 - [TEST_STEP][PASSED] - Statement - StoresCBList.get(i).click(): null

2018-07-05 20:44:09 - [TEST_STEP][PASSED] - Statement - groupStoresList[i] = storesLabel.get(i).getText(): null

2018-07-05 20:44:09 - [TEST_STEP][PASSED] - Statement - StoresCBList.get(i).click(): null

2018-07-05 20:44:10 - [TEST_STEP][PASSED] - Statement - groupStoresList[i] = storesLabel.get(i).getText(): null

2018-07-05 20:44:10 - [TEST_STEP][PASSED] - Statement - StoresCBList.get(i).click(): null

2018-07-05 20:44:10 - [TEST_STEP][PASSED] - Statement - groupStoresList[i] = storesLabel.get(i).getText(): null

2018-07-05 20:44:10 - [TEST_STEP][PASSED] - Statement - StoresCBList.get(i).click(): null

2018-07-05 20:44:10 - [TEST_STEP][PASSED] - Statement - groupStoresList[i] = storesLabel.get(i).getText(): null

2018-07-05 20:44:10 - [TEST_STEP][PASSED] - Statement - StoresCBList.get(i).click(): null

2018-07-05 20:44:10 - [TEST_STEP][PASSED] - Statement - groupStoresList[i] = storesLabel.get(i).getText(): null

2018-07-05 20:44:10 - [TEST_STEP][PASSED] - Statement - StoresCBList.get(i).click(): null

2018-07-05 20:44:10 - [TEST_STEP][PASSED] - Statement - groupStoresList[i] = storesLabel.get(i).getText(): null

2018-07-05 20:44:10 - [TEST_STEP][PASSED] - Statement - StoresCBList.get(i).click(): null

2018-07-05 20:44:10 - [TEST_STEP][PASSED] - Statement - groupStoresList[i] = storesLabel.get(i).getText(): null

2018-07-05 20:44:10 - [TEST_STEP][PASSED] - Statement - StoresCBList.get(i).click(): null

2018-07-05 20:44:10 - [TEST_STEP][PASSED] - Statement - groupStoresList[i] = storesLabel.get(i).getText(): null

2018-07-05 20:44:10 - [TEST_STEP][PASSED] - Statement - StoresCBList.get(i).click(): null

2018-07-05 20:44:10 - [TEST_STEP][PASSED] - Statement - groupStoresList[i] = storesLabel.get(i).getText(): null

2018-07-05 20:44:10 - [TEST_STEP][PASSED] - Statement - StoresCBList.get(i).click(): null

2018-07-05 20:44:10 - [TEST_STEP][PASSED] - Statement - groupStoresList[i] = storesLabel.get(i).getText(): null

2018-07-05 20:44:10 - [TEST_STEP][PASSED] - Statement - StoresCBList.get(i).click(): null

2018-07-05 20:44:10 - [TEST_STEP][PASSED] - Statement - groupStoresList[i] = storesLabel.get(i).getText(): null

2018-07-05 20:44:10 - [TEST_STEP][PASSED] - Statement - StoresCBList.get(i).click(): null

2018-07-05 20:44:10 - [TEST_STEP][PASSED] - Statement - groupStoresList[i] = storesLabel.get(i).getText(): null

2018-07-05 20:44:10 - [TEST_STEP][PASSED] - Statement - StoresCBList.get(i).click(): null

2018-07-05 20:44:10 - [TEST_STEP][PASSED] - Statement - groupStoresList[i] = storesLabel.get(i).getText(): null

2018-07-05 20:44:10 - [TEST_STEP][PASSED] - Statement - StoresCBList.get(i).click(): null

2018-07-05 20:44:10 - [TEST_STEP][PASSED] - Statement - groupStoresList[i] = storesLabel.get(i).getText(): null

2018-07-05 20:44:10 - [TEST_STEP][PASSED] - Statement - StoresCBList.get(i).click(): null

2018-07-05 20:44:10 - [TEST_STEP][PASSED] - Statement - groupStoresList[i] = storesLabel.get(i).getText(): null

2018-07-05 20:44:10 - [TEST_STEP][PASSED] - Statement - StoresCBList.get(i).click(): null

2018-07-05 20:44:10 - [TEST_STEP][PASSED] - Statement - groupStoresList[i] = storesLabel.get(i).getText(): null

2018-07-05 20:44:10 - [TEST_STEP][PASSED] - Statement - StoresCBList.get(i).click(): null

2018-07-05 20:44:11 - [TEST_STEP][PASSED] - Statement - groupStoresList[i] = storesLabel.get(i).getText(): null

2018-07-05 20:44:11 - [TEST_STEP][PASSED] - Statement - StoresCBList.get(i).click(): null

2018-07-05 20:44:11 - [TEST_STEP][PASSED] - Statement - groupStoresList[i] = storesLabel.get(i).getText(): null

2018-07-05 20:44:11 - [TEST_STEP][PASSED] - Statement - StoresCBList.get(i).click(): null

2018-07-05 20:44:11 - [TEST_STEP][PASSED] - Statement - groupStoresList[i] = storesLabel.get(i).getText(): null

2018-07-05 20:44:11 - [TEST_STEP][PASSED] - Statement - StoresCBList.get(i).click(): null

2018-07-05 20:44:11 - [TEST_STEP][PASSED] - Statement - groupStoresList[i] = storesLabel.get(i).getText(): null

2018-07-05 20:44:11 - [TEST_STEP][PASSED] - Statement - StoresCBList.get(i).click(): null

2018-07-05 20:44:11 - [TEST_STEP][PASSED] - Statement - groupStoresList[i] = storesLabel.get(i).getText(): null

2018-07-05 20:44:11 - [TEST_STEP][PASSED] - Statement - StoresCBList.get(i).click(): null

2018-07-05 20:44:11 - [TEST_STEP][PASSED] - Statement - groupStoresList[i] = storesLabel.get(i).getText(): null

2018-07-05 20:44:11 - [TEST_STEP][PASSED] - Statement - StoresCBList.get(i).click(): null

2018-07-05 20:44:11 - [TEST_STEP][PASSED] - Statement - groupStoresList[i] = storesLabel.get(i).getText(): null

2018-07-05 20:44:11 - [TEST_STEP][PASSED] - Statement - StoresCBList.get(i).click(): null

2018-07-05 20:44:11 - [TEST_STEP][PASSED] - Statement - groupStoresList[i] = storesLabel.get(i).getText(): null

2018-07-05 20:44:11 - [TEST_STEP][PASSED] - Statement - StoresCBList.get(i).click(): null

2018-07-05 20:44:11 - [TEST_STEP][PASSED] - Statement - groupStoresList[i] = storesLabel.get(i).getText(): null

2018-07-05 20:44:11 - [TEST_STEP][PASSED] - Statement - StoresCBList.get(i).click(): null

2018-07-05 20:44:11 - [TEST_STEP][PASSED] - Statement - groupStoresList[i] = storesLabel.get(i).getText(): null

2018-07-05 20:44:11 - [TEST_STEP][PASSED] - Statement - StoresCBList.get(i).click(): null

2018-07-05 20:44:11 - [TEST_STEP][PASSED] - Statement - groupStoresList[i] = storesLabel.get(i).getText(): null

2018-07-05 20:44:11 - [TEST_STEP][PASSED] - Statement - StoresCBList.get(i).click(): null

2018-07-05 20:44:11 - [TEST_STEP][PASSED] - Statement - groupStoresList[i] = storesLabel.get(i).getText(): null

2018-07-05 20:44:11 - [TEST_STEP][PASSED] - Statement - StoresCBList.get(i).click(): null

2018-07-05 20:44:11 - [TEST_STEP][PASSED] - Statement - groupStoresList[i] = storesLabel.get(i).getText(): null

2018-07-05 20:44:11 - [TEST_STEP][PASSED] - Statement - StoresCBList.get(i).click(): null

2018-07-05 20:44:11 - [TEST_STEP][PASSED] - Statement - groupStoresList[i] = storesLabel.get(i).getText(): null

2018-07-05 20:44:11 - [TEST_STEP][PASSED] - Statement - StoresCBList.get(i).click(): null

2018-07-05 20:44:11 - [TEST_STEP][PASSED] - Statement - groupStoresList[i] = storesLabel.get(i).getText(): null

2018-07-05 20:44:11 - [TEST_STEP][PASSED] - Statement - StoresCBList.get(i).click(): null

2018-07-05 20:44:11 - [TEST_STEP][PASSED] - Statement - groupStoresList[i] = storesLabel.get(i).getText(): null

2018-07-05 20:44:12 - [TEST_STEP][PASSED] - Statement - StoresCBList.get(i).click(): null

2018-07-05 20:44:12 - [TEST_STEP][PASSED] - Statement - groupStoresList[i] = storesLabel.get(i).getText(): null

2018-07-05 20:44:12 - [TEST_STEP][PASSED] - Statement - StoresCBList.get(i).click(): null

2018-07-05 20:44:12 - [TEST_STEP][PASSED] - Statement - out.println(groupStoresList): null

2018-07-05 20:44:12 - [TEST_STEP][PASSED] - delay: Delayed 10 second(s)

2018-07-05 20:44:22 - [MESSAGE][PASSED] - Delayed 10 second(s)

2018-07-05 20:44:22 - [TEST_STEP][PASSED] - uiaction.CommonUIActions.click: uiaction.CommonUIActions.click is PASSED

2018-07-05 20:44:22 - [MESSAGE][PASSED] - uiaction.CommonUIActions.click is PASSED

2018-07-05 20:44:22 - [TEST_STEP][PASSED] - delay: Delayed 10 second(s)

2018-07-05 20:44:32 - [MESSAGE][PASSED] - Delayed 10 second(s)

2018-07-05 20:44:32 - [TEST_STEP][PASSED] - Statement - secondStoreListBox1 = driver.findElements(org.openqa.selenium.By.xpath(com.kms.katalon.core.testdata.TestDataFactory.findTestData(OR_file).getValue(2, 11))): Reading excel file with source file 'C:\Users\shalinin\Katalon Studio\HME_DEVScripts\Data Files\HME_OR.xlsx' and sheet name 'Sheet1'

2018-07-05 20:44:32 - [TEST_STEP][PASSED] - Statement - actualList1 = new java.util.ArrayList(): null

2018-07-05 20:44:32 - [TEST_STEP][PASSED] - Statement - For ([i = 0, i < secondStoreListBox1.size(), (i++)]): null

2018-07-05 20:44:32 - [TEST_STEP][PASSED] - Statement - actualList1.add(i, secondStoreListBox1.get(i).getText()): null

2018-07-05 20:44:32 - [TEST_STEP][PASSED] - Statement - actualList1.add(i, secondStoreListBox1.get(i).getText()): null

2018-07-05 20:44:32 - [TEST_STEP][PASSED] - Statement - actualList1.add(i, secondStoreListBox1.get(i).getText()): null

2018-07-05 20:44:32 - [TEST_STEP][PASSED] - Statement - actualList1.add(i, secondStoreListBox1.get(i).getText()): null

2018-07-05 20:44:32 - [TEST_STEP][PASSED] - Statement - actualList1.add(i, secondStoreListBox1.get(i).getText()): null

2018-07-05 20:44:32 - [TEST_STEP][PASSED] - Statement - actualList1.add(i, secondStoreListBox1.get(i).getText()): null

2018-07-05 20:44:32 - [TEST_STEP][PASSED] - Statement - actualList1.add(i, secondStoreListBox1.get(i).getText()): null

2018-07-05 20:44:32 - [TEST_STEP][PASSED] - Statement - actualList1.add(i, secondStoreListBox1.get(i).getText()): null

2018-07-05 20:44:32 - [TEST_STEP][PASSED] - Statement - actualList1.add(i, secondStoreListBox1.get(i).getText()): null

2018-07-05 20:44:32 - [TEST_STEP][PASSED] - Statement - actualList1.add(i, secondStoreListBox1.get(i).getText()): null

2018-07-05 20:44:32 - [TEST_STEP][PASSED] - Statement - actualList1.add(i, secondStoreListBox1.get(i).getText()): null

2018-07-05 20:44:32 - [TEST_STEP][PASSED] - Statement - actualList1.add(i, secondStoreListBox1.get(i).getText()): null

2018-07-05 20:44:32 - [TEST_STEP][PASSED] - Statement - actualList1.add(i, secondStoreListBox1.get(i).getText()): null

2018-07-05 20:44:32 - [TEST_STEP][PASSED] - Statement - actualList1.add(i, secondStoreListBox1.get(i).getText()): null

2018-07-05 20:44:32 - [TEST_STEP][PASSED] - Statement - actualList1.add(i, secondStoreListBox1.get(i).getText()): null

2018-07-05 20:44:32 - [TEST_STEP][PASSED] - Statement - actualList1.add(i, secondStoreListBox1.get(i).getText()): null

2018-07-05 20:44:32 - [TEST_STEP][PASSED] - Statement - actualList1.add(i, secondStoreListBox1.get(i).getText()): null

2018-07-05 20:44:32 - [TEST_STEP][PASSED] - Statement - actualList1.add(i, secondStoreListBox1.get(i).getText()): null

2018-07-05 20:44:32 - [TEST_STEP][PASSED] - Statement - actualList1.add(i, secondStoreListBox1.get(i).getText()): null

2018-07-05 20:44:32 - [TEST_STEP][PASSED] - Statement - actualList1.add(i, secondStoreListBox1.get(i).getText()): null

2018-07-05 20:44:32 - [TEST_STEP][PASSED] - Statement - actualList1.add(i, secondStoreListBox1.get(i).getText()): null

2018-07-05 20:44:32 - [TEST_STEP][PASSED] - Statement - actualList1.add(i, secondStoreListBox1.get(i).getText()): null

2018-07-05 20:44:32 - [TEST_STEP][PASSED] - Statement - actualList1.add(i, secondStoreListBox1.get(i).getText()): null

2018-07-05 20:44:32 - [TEST_STEP][PASSED] - Statement - actualList1.add(i, secondStoreListBox1.get(i).getText()): null

2018-07-05 20:44:32 - [TEST_STEP][PASSED] - Statement - actualList1.add(i, secondStoreListBox1.get(i).getText()): null

2018-07-05 20:44:32 - [TEST_STEP][PASSED] - Statement - actualList1.add(i, secondStoreListBox1.get(i).getText()): null

2018-07-05 20:44:32 - [TEST_STEP][PASSED] - Statement - actualList1.add(i, secondStoreListBox1.get(i).getText()): null

2018-07-05 20:44:32 - [TEST_STEP][PASSED] - Statement - actualList1.add(i, secondStoreListBox1.get(i).getText()): null

2018-07-05 20:44:32 - [TEST_STEP][PASSED] - Statement - actualList1.add(i, secondStoreListBox1.get(i).getText()): null

2018-07-05 20:44:32 - [TEST_STEP][PASSED] - Statement - actualList1.add(i, secondStoreListBox1.get(i).getText()): null

2018-07-05 20:44:32 - [TEST_STEP][PASSED] - Statement - actualList1.add(i, secondStoreListBox1.get(i).getText()): null

2018-07-05 20:44:32 - [TEST_STEP][PASSED] - Statement - actualList1.add(i, secondStoreListBox1.get(i).getText()): null

2018-07-05 20:44:32 - [TEST_STEP][PASSED] - Statement - actualList1.add(i, secondStoreListBox1.get(i).getText()): null

2018-07-05 20:44:33 - [TEST_STEP][PASSED] - Statement - actualList1.add(i, secondStoreListBox1.get(i).getText()): null

2018-07-05 20:44:33 - [TEST_STEP][PASSED] - Statement - actualList1.add(i, secondStoreListBox1.get(i).getText()): null

2018-07-05 20:44:33 - [TEST_STEP][PASSED] - Statement - actualList1.add(i, secondStoreListBox1.get(i).getText()): null

2018-07-05 20:44:33 - [TEST_STEP][PASSED] - Statement - actualList1.add(i, secondStoreListBox1.get(i).getText()): null

2018-07-05 20:44:33 - [TEST_STEP][PASSED] - Statement - actualList1.add(i, secondStoreListBox1.get(i).getText()): null

2018-07-05 20:44:33 - [TEST_STEP][PASSED] - Statement - actualList1.add(i, secondStoreListBox1.get(i).getText()): null

2018-07-05 20:44:33 - [TEST_STEP][PASSED] - Statement - actualList1.add(i, secondStoreListBox1.get(i).getText()): null

2018-07-05 20:44:33 - [TEST_STEP][PASSED] - Statement - actualList1.add(i, secondStoreListBox1.get(i).getText()): null

2018-07-05 20:44:33 - [TEST_STEP][PASSED] - Statement - actualList1.add(i, secondStoreListBox1.get(i).getText()): null

2018-07-05 20:44:33 - [TEST_STEP][PASSED] - Statement - actualList1.add(i, secondStoreListBox1.get(i).getText()): null

2018-07-05 20:44:33 - [TEST_STEP][PASSED] - Statement - actualList1.add(i, secondStoreListBox1.get(i).getText()): null

2018-07-05 20:44:33 - [TEST_STEP][PASSED] - Statement - actualList1.add(i, secondStoreListBox1.get(i).getText()): null

2018-07-05 20:44:33 - [TEST_STEP][PASSED] - Statement - actualList1.add(i, secondStoreListBox1.get(i).getText()): null

2018-07-05 20:44:33 - [TEST_STEP][PASSED] - Statement - actualList1.add(i, secondStoreListBox1.get(i).getText()): null

2018-07-05 20:44:33 - [TEST_STEP][PASSED] - Statement - actualList1.add(i, secondStoreListBox1.get(i).getText()): null

2018-07-05 20:44:33 - [TEST_STEP][PASSED] - Statement - actualList1.add(i, secondStoreListBox1.get(i).getText()): null

2018-07-05 20:44:33 - [TEST_STEP][PASSED] - Statement - actualList1.add(i, secondStoreListBox1.get(i).getText()): null

2018-07-05 20:44:33 - [TEST_STEP][PASSED] - Statement - actualList1.add(i, secondStoreListBox1.get(i).getText()): null

2018-07-05 20:44:33 - [TEST_STEP][PASSED] - Statement - actualList1.add(i, secondStoreListBox1.get(i).getText()): null

2018-07-05 20:44:33 - [TEST_STEP][PASSED] - Statement - actualList1.add(i, secondStoreListBox1.get(i).getText()): null

2018-07-05 20:44:33 - [TEST_STEP][PASSED] - Statement - actualList1.add(i, secondStoreListBox1.get(i).getText()): null

2018-07-05 20:44:33 - [TEST_STEP][PASSED] - Statement - actualList1.add(i, secondStoreListBox1.get(i).getText()): null

2018-07-05 20:44:33 - [TEST_STEP][PASSED] - Statement - actualList1.add(i, secondStoreListBox1.get(i).getText()): null

2018-07-05 20:44:33 - [TEST_STEP][PASSED] - Statement - actualList1.add(i, secondStoreListBox1.get(i).getText()): null

2018-07-05 20:44:33 - [TEST_STEP][PASSED] - Statement - actualList1.add(i, secondStoreListBox1.get(i).getText()): null

2018-07-05 20:44:33 - [TEST_STEP][PASSED] - Statement - actualList1.add(i, secondStoreListBox1.get(i).getText()): null

2018-07-05 20:44:33 - [TEST_STEP][PASSED] - Statement - actualList1.add(i, secondStoreListBox1.get(i).getText()): null

2018-07-05 20:44:33 - [TEST_STEP][PASSED] - Statement - actualList1.add(i, secondStoreListBox1.get(i).getText()): null

2018-07-05 20:44:33 - [TEST_STEP][PASSED] - Statement - actualList1.add(i, secondStoreListBox1.get(i).getText()): null

2018-07-05 20:44:33 - [TEST_STEP][PASSED] - Statement - actualList1.add(i, secondStoreListBox1.get(i).getText()): null

2018-07-05 20:44:33 - [TEST_STEP][PASSED] - Statement - actualList1.add(i, secondStoreListBox1.get(i).getText()): null

2018-07-05 20:44:33 - [TEST_STEP][PASSED] - Statement - actualList1.add(i, secondStoreListBox1.get(i).getText()): null

2018-07-05 20:44:33 - [TEST_STEP][PASSED] - Statement - actualList1.add(i, secondStoreListBox1.get(i).getText()): null

2018-07-05 20:44:33 - [TEST_STEP][PASSED] - Statement - actualList1.add(i, secondStoreListBox1.get(i).getText()): null

2018-07-05 20:44:33 - [TEST_STEP][PASSED] - Statement - actualList1.add(i, secondStoreListBox1.get(i).getText()): null

2018-07-05 20:44:33 - [TEST_STEP][PASSED] - Statement - actualList1.add(i, secondStoreListBox1.get(i).getText()): null

2018-07-05 20:44:33 - [TEST_STEP][PASSED] - Statement - actualList1.add(i, secondStoreListBox1.get(i).getText()): null

2018-07-05 20:44:33 - [TEST_STEP][PASSED] - Statement - actualList1.add(i, secondStoreListBox1.get(i).getText()): null

2018-07-05 20:44:33 - [TEST_STEP][PASSED] - Statement - actualList1.add(i, secondStoreListBox1.get(i).getText()): null

2018-07-05 20:44:33 - [TEST_STEP][PASSED] - Statement - actualList1.add(i, secondStoreListBox1.get(i).getText()): null

2018-07-05 20:44:33 - [TEST_STEP][PASSED] - Statement - actualList1.add(i, secondStoreListBox1.get(i).getText()): null

2018-07-05 20:44:33 - [TEST_STEP][PASSED] - Statement - actualList1.add(i, secondStoreListBox1.get(i).getText()): null

2018-07-05 20:44:33 - [TEST_STEP][PASSED] - Statement - actualList1.add(i, secondStoreListBox1.get(i).getText()): null

2018-07-05 20:44:33 - [TEST_STEP][PASSED] - Statement - actualList1.add(i, secondStoreListBox1.get(i).getText()): null

2018-07-05 20:44:33 - [TEST_STEP][PASSED] - Statement - actualList1.add(i, secondStoreListBox1.get(i).getText()): null

2018-07-05 20:44:33 - [TEST_STEP][PASSED] - Statement - actualList1.add(i, secondStoreListBox1.get(i).getText()): null

2018-07-05 20:44:33 - [TEST_STEP][PASSED] - Statement - actualList1.add(i, secondStoreListBox1.get(i).getText()): null

2018-07-05 20:44:33 - [TEST_STEP][PASSED] - Statement - actualList1.add(i, secondStoreListBox1.get(i).getText()): null

2018-07-05 20:44:33 - [TEST_STEP][PASSED] - Statement - actualList1.add(i, secondStoreListBox1.get(i).getText()): null

2018-07-05 20:44:33 - [TEST_STEP][PASSED] - Statement - actualList1.add(i, secondStoreListBox1.get(i).getText()): null

2018-07-05 20:44:33 - [TEST_STEP][PASSED] - Statement - actualList1.add(i, secondStoreListBox1.get(i).getText()): null

2018-07-05 20:44:33 - [TEST_STEP][PASSED] - Statement - actualList1.add(i, secondStoreListBox1.get(i).getText()): null

2018-07-05 20:44:33 - [TEST_STEP][PASSED] - Statement - actualList1.add(i, secondStoreListBox1.get(i).getText()): null

2018-07-05 20:44:33 - [TEST_STEP][PASSED] - Statement - actualList1.add(i, secondStoreListBox1.get(i).getText()): null

2018-07-05 20:44:33 - [TEST_STEP][PASSED] - Statement - actualList1.add(i, secondStoreListBox1.get(i).getText()): null

2018-07-05 20:44:33 - [TEST_STEP][PASSED] - Statement - actualList1.add(i, secondStoreListBox1.get(i).getText()): null

2018-07-05 20:44:33 - [TEST_STEP][PASSED] - Statement - actualList1.add(i, secondStoreListBox1.get(i).getText()): null

2018-07-05 20:44:33 - [TEST_STEP][PASSED] - Statement - actualList1.add(i, secondStoreListBox1.get(i).getText()): null

2018-07-05 20:44:33 - [TEST_STEP][PASSED] - Statement - actualList1.add(i, secondStoreListBox1.get(i).getText()): null

2018-07-05 20:44:33 - [TEST_STEP][PASSED] - Statement - actualList1.add(i, secondStoreListBox1.get(i).getText()): null

2018-07-05 20:44:33 - [TEST_STEP][PASSED] - Statement - actualList1.add(i, secondStoreListBox1.get(i).getText()): null

2018-07-05 20:44:33 - [TEST_STEP][PASSED] - Statement - actualList1.add(i, secondStoreListBox1.get(i).getText()): null

2018-07-05 20:44:34 - [TEST_STEP][PASSED] - Statement - actualList1.add(i, secondStoreListBox1.get(i).getText()): null

2018-07-05 20:44:34 - [TEST_STEP][PASSED] - Statement - actualList1.add(i, secondStoreListBox1.get(i).getText()): null

2018-07-05 20:44:34 - [TEST_STEP][PASSED] - Statement - actualList1.add(i, secondStoreListBox1.get(i).getText()): null

2018-07-05 20:44:34 - [TEST_STEP][PASSED] - Statement - actualList1.add(i, secondStoreListBox1.get(i).getText()): null

2018-07-05 20:44:34 - [TEST_STEP][PASSED] - Statement - actualList1.add(i, secondStoreListBox1.get(i).getText()): null

2018-07-05 20:44:34 - [TEST_STEP][PASSED] - Statement - actualList1.add(i, secondStoreListBox1.get(i).getText()): null

2018-07-05 20:44:34 - [TEST_STEP][PASSED] - Statement - actualList1.add(i, secondStoreListBox1.get(i).getText()): null

2018-07-05 20:44:34 - [TEST_STEP][PASSED] - Statement - actualList1.add(i, secondStoreListBox1.get(i).getText()): null

2018-07-05 20:44:34 - [TEST_STEP][PASSED] - Statement - actualList1.add(i, secondStoreListBox1.get(i).getText()): null

2018-07-05 20:44:34 - [TEST_STEP][PASSED] - Statement - actualList1.add(i, secondStoreListBox1.get(i).getText()): null

2018-07-05 20:44:34 - [TEST_STEP][PASSED] - Statement - actualList1.add(i, secondStoreListBox1.get(i).getText()): null

2018-07-05 20:44:34 - [TEST_STEP][PASSED] - Statement - actualList1.add(i, secondStoreListBox1.get(i).getText()): null

2018-07-05 20:44:34 - [TEST_STEP][PASSED] - Statement - actualList1.add(i, secondStoreListBox1.get(i).getText()): null

2018-07-05 20:44:34 - [TEST_STEP][PASSED] - Statement - actualList1.add(i, secondStoreListBox1.get(i).getText()): null

2018-07-05 20:44:34 - [TEST_STEP][PASSED] - Statement - actualList1.add(i, secondStoreListBox1.get(i).getText()): null

2018-07-05 20:44:34 - [TEST_STEP][PASSED] - Statement - actualList1.add(i, secondStoreListBox1.get(i).getText()): null

2018-07-05 20:44:34 - [TEST_STEP][PASSED] - Statement - actualList1.add(i, secondStoreListBox1.get(i).getText()): null

2018-07-05 20:44:34 - [TEST_STEP][PASSED] - Statement - actualList1.add(i, secondStoreListBox1.get(i).getText()): null

2018-07-05 20:44:34 - [TEST_STEP][PASSED] - Statement - actualList1.add(i, secondStoreListBox1.get(i).getText()): null

2018-07-05 20:44:34 - [TEST_STEP][PASSED] - Statement - actualList1.add(i, secondStoreListBox1.get(i).getText()): null

2018-07-05 20:44:34 - [TEST_STEP][PASSED] - Statement - actualList1.add(i, secondStoreListBox1.get(i).getText()): null

2018-07-05 20:44:34 - [TEST_STEP][PASSED] - Statement - actualList1.add(i, secondStoreListBox1.get(i).getText()): null

2018-07-05 20:44:34 - [TEST_STEP][PASSED] - Statement - actualList1.add(i, secondStoreListBox1.get(i).getText()): null

2018-07-05 20:44:34 - [TEST_STEP][PASSED] - Statement - actualList1.add(i, secondStoreListBox1.get(i).getText()): null

2018-07-05 20:44:34 - [TEST_STEP][PASSED] - Statement - actualList1.add(i, secondStoreListBox1.get(i).getText()): null

2018-07-05 20:44:34 - [TEST_STEP][PASSED] - Statement - actualList1.add(i, secondStoreListBox1.get(i).getText()): null

2018-07-05 20:44:34 - [TEST_STEP][PASSED] - Statement - actualList1.add(i, secondStoreListBox1.get(i).getText()): null

2018-07-05 20:44:34 - [TEST_STEP][PASSED] - Statement - actualList1.add(i, secondStoreListBox1.get(i).getText()): null

2018-07-05 20:44:34 - [TEST_STEP][PASSED] - Statement - actualList1.add(i, secondStoreListBox1.get(i).getText()): null

2018-07-05 20:44:34 - [TEST_STEP][PASSED] - Statement - actualList1.add(i, secondStoreListBox1.get(i).getText()): null

2018-07-05 20:44:34 - [TEST_STEP][PASSED] - Statement - actualList1.add(i, secondStoreListBox1.get(i).getText()): null

2018-07-05 20:44:34 - [TEST_STEP][PASSED] - Statement - actualList1.add(i, secondStoreListBox1.get(i).getText()): null

2018-07-05 20:44:34 - [TEST_STEP][PASSED] - Statement - actualList1.add(i, secondStoreListBox1.get(i).getText()): null

2018-07-05 20:44:34 - [TEST_STEP][PASSED] - Statement - actualList1.add(i, secondStoreListBox1.get(i).getText()): null

2018-07-05 20:44:34 - [TEST_STEP][PASSED] - Statement - actualList1.add(i, secondStoreListBox1.get(i).getText()): null

2018-07-05 20:44:34 - [TEST_STEP][PASSED] - Statement - actualList1.add(i, secondStoreListBox1.get(i).getText()): null

2018-07-05 20:44:34 - [TEST_STEP][PASSED] - Statement - actualList1.add(i, secondStoreListBox1.get(i).getText()): null

2018-07-05 20:44:34 - [TEST_STEP][PASSED] - Statement - actualList1.add(i, secondStoreListBox1.get(i).getText()): null

2018-07-05 20:44:34 - [TEST_STEP][PASSED] - Statement - actualList1.add(i, secondStoreListBox1.get(i).getText()): null

2018-07-05 20:44:34 - [TEST_STEP][PASSED] - Statement - actualList1.add(i, secondStoreListBox1.get(i).getText()): null

2018-07-05 20:44:34 - [TEST_STEP][PASSED] - Statement - actualList1.add(i, secondStoreListBox1.get(i).getText()): null

2018-07-05 20:44:34 - [TEST_STEP][PASSED] - Statement - actualList1.add(i, secondStoreListBox1.get(i).getText()): null

2018-07-05 20:44:34 - [TEST_STEP][PASSED] - Statement - actualList1.add(i, secondStoreListBox1.get(i).getText()): null

2018-07-05 20:44:34 - [TEST_STEP][PASSED] - Statement - actualList1.add(i, secondStoreListBox1.get(i).getText()): null

2018-07-05 20:44:34 - [TEST_STEP][PASSED] - Statement - actualList1.add(i, secondStoreListBox1.get(i).getText()): null

2018-07-05 20:44:34 - [TEST_STEP][PASSED] - Statement - actualList1.add(i, secondStoreListBox1.get(i).getText()): null

2018-07-05 20:44:34 - [TEST_STEP][PASSED] - Statement - actualList1.add(i, secondStoreListBox1.get(i).getText()): null

2018-07-05 20:44:34 - [TEST_STEP][PASSED] - Statement - actualList1.add(i, secondStoreListBox1.get(i).getText()): null

2018-07-05 20:44:34 - [TEST_STEP][PASSED] - Statement - actualList1.add(i, secondStoreListBox1.get(i).getText()): null

2018-07-05 20:44:34 - [TEST_STEP][PASSED] - Statement - actualList1.add(i, secondStoreListBox1.get(i).getText()): null

2018-07-05 20:44:34 - [TEST_STEP][PASSED] - Statement - actualList1.add(i, secondStoreListBox1.get(i).getText()): null

2018-07-05 20:44:34 - [TEST_STEP][PASSED] - Statement - actualList1.add(i, secondStoreListBox1.get(i).getText()): null

2018-07-05 20:44:34 - [TEST_STEP][PASSED] - Statement - actualList1.add(i, secondStoreListBox1.get(i).getText()): null

2018-07-05 20:44:34 - [TEST_STEP][PASSED] - Statement - actualList1.add(i, secondStoreListBox1.get(i).getText()): null

2018-07-05 20:44:34 - [TEST_STEP][PASSED] - Statement - actualList1.add(i, secondStoreListBox1.get(i).getText()): null

2018-07-05 20:44:34 - [TEST_STEP][PASSED] - Statement - actualList1.add(i, secondStoreListBox1.get(i).getText()): null

2018-07-05 20:44:34 - [TEST_STEP][PASSED] - Statement - actualList1.add(i, secondStoreListBox1.get(i).getText()): null

2018-07-05 20:44:34 - [TEST_STEP][PASSED] - Statement - actualList1.add(i, secondStoreListBox1.get(i).getText()): null

2018-07-05 20:44:34 - [TEST_STEP][PASSED] - Statement - actualList1.add(i, secondStoreListBox1.get(i).getText()): null

2018-07-05 20:44:34 - [TEST_STEP][PASSED] - Statement - actualList1.add(i, secondStoreListBox1.get(i).getText()): null

2018-07-05 20:44:34 - [TEST_STEP][PASSED] - Statement - actualList1.add(i, secondStoreListBox1.get(i).getText()): null

2018-07-05 20:44:35 - [TEST_STEP][PASSED] - Statement - actualList1.add(i, secondStoreListBox1.get(i).getText()): null

2018-07-05 20:44:35 - [TEST_STEP][PASSED] - Statement - actualList1.add(i, secondStoreListBox1.get(i).getText()): null

2018-07-05 20:44:35 - [TEST_STEP][PASSED] - Statement - actualList1.add(i, secondStoreListBox1.get(i).getText()): null

2018-07-05 20:44:35 - [TEST_STEP][PASSED] - Statement - actualList1.add(i, secondStoreListBox1.get(i).getText()): null

2018-07-05 20:44:35 - [TEST_STEP][PASSED] - Statement - actualList1.add(i, secondStoreListBox1.get(i).getText()): null

2018-07-05 20:44:35 - [TEST_STEP][PASSED] - Statement - actualList1.add(i, secondStoreListBox1.get(i).getText()): null

2018-07-05 20:44:35 - [TEST_STEP][PASSED] - Statement - actualList1.add(i, secondStoreListBox1.get(i).getText()): null

2018-07-05 20:44:35 - [TEST_STEP][PASSED] - Statement - actualList1.add(i, secondStoreListBox1.get(i).getText()): null

2018-07-05 20:44:35 - [TEST_STEP][PASSED] - Statement - actualList1.add(i, secondStoreListBox1.get(i).getText()): null

2018-07-05 20:44:35 - [TEST_STEP][PASSED] - Statement - actualList1.add(i, secondStoreListBox1.get(i).getText()): null

2018-07-05 20:44:35 - [TEST_STEP][PASSED] - Statement - actualList1.add(i, secondStoreListBox1.get(i).getText()): null

2018-07-05 20:44:35 - [TEST_STEP][PASSED] - Statement - actualList1.add(i, secondStoreListBox1.get(i).getText()): null

2018-07-05 20:44:35 - [TEST_STEP][PASSED] - Statement - actualList1.add(i, secondStoreListBox1.get(i).getText()): null

2018-07-05 20:44:35 - [TEST_STEP][PASSED] - Statement - actualList1.add(i, secondStoreListBox1.get(i).getText()): null

2018-07-05 20:44:35 - [TEST_STEP][PASSED] - Statement - actualList1.add(i, secondStoreListBox1.get(i).getText()): null

2018-07-05 20:44:35 - [TEST_STEP][PASSED] - Statement - actualList1.add(i, secondStoreListBox1.get(i).getText()): null

2018-07-05 20:44:35 - [TEST_STEP][PASSED] - Statement - actualList1.add(i, secondStoreListBox1.get(i).getText()): null

2018-07-05 20:44:35 - [TEST_STEP][PASSED] - Statement - actualList1.add(i, secondStoreListBox1.get(i).getText()): null

2018-07-05 20:44:35 - [TEST_STEP][PASSED] - Statement - actualList1.add(i, secondStoreListBox1.get(i).getText()): null

2018-07-05 20:44:35 - [TEST_STEP][PASSED] - Statement - actualList1.add(i, secondStoreListBox1.get(i).getText()): null

2018-07-05 20:44:35 - [TEST_STEP][PASSED] - Statement - actualList1.add(i, secondStoreListBox1.get(i).getText()): null

2018-07-05 20:44:35 - [TEST_STEP][PASSED] - Statement - actualList1.add(i, secondStoreListBox1.get(i).getText()): null

2018-07-05 20:44:35 - [TEST_STEP][PASSED] - Statement - actualList1.add(i, secondStoreListBox1.get(i).getText()): null

2018-07-05 20:44:35 - [TEST_STEP][PASSED] - Statement - actualList1.add(i, secondStoreListBox1.get(i).getText()): null

2018-07-05 20:44:35 - [TEST_STEP][PASSED] - Statement - actualList1.add(i, secondStoreListBox1.get(i).getText()): null

2018-07-05 20:44:35 - [TEST_STEP][PASSED] - Statement - actualList1.add(i, secondStoreListBox1.get(i).getText()): null

2018-07-05 20:44:35 - [TEST_STEP][PASSED] - Statement - actualList1.add(i, secondStoreListBox1.get(i).getText()): null

2018-07-05 20:44:35 - [TEST_STEP][PASSED] - Statement - actualList1.add(i, secondStoreListBox1.get(i).getText()): null

2018-07-05 20:44:35 - [TEST_STEP][PASSED] - Statement - actualList1.add(i, secondStoreListBox1.get(i).getText()): null

2018-07-05 20:44:35 - [TEST_STEP][PASSED] - Statement - actualList1.add(i, secondStoreListBox1.get(i).getText()): null

2018-07-05 20:44:35 - [TEST_STEP][PASSED] - Statement - actualList1.add(i, secondStoreListBox1.get(i).getText()): null

2018-07-05 20:44:35 - [TEST_STEP][PASSED] - Statement - actualList1.add(i, secondStoreListBox1.get(i).getText()): null

2018-07-05 20:44:35 - [TEST_STEP][PASSED] - Statement - actualList1.add(i, secondStoreListBox1.get(i).getText()): null

2018-07-05 20:44:35 - [TEST_STEP][PASSED] - Statement - actualList1.add(i, secondStoreListBox1.get(i).getText()): null

2018-07-05 20:44:35 - [TEST_STEP][PASSED] - Statement - actualList1.add(i, secondStoreListBox1.get(i).getText()): null

2018-07-05 20:44:35 - [TEST_STEP][PASSED] - Statement - actualList1.add(i, secondStoreListBox1.get(i).getText()): null

2018-07-05 20:44:35 - [TEST_STEP][PASSED] - Statement - actualList1.add(i, secondStoreListBox1.get(i).getText()): null

2018-07-05 20:44:35 - [TEST_STEP][PASSED] - Statement - actualList1.add(i, secondStoreListBox1.get(i).getText()): null

2018-07-05 20:44:35 - [TEST_STEP][PASSED] - Statement - actualList1.add(i, secondStoreListBox1.get(i).getText()): null

2018-07-05 20:44:35 - [TEST_STEP][PASSED] - Statement - actualList1.add(i, secondStoreListBox1.get(i).getText()): null

2018-07-05 20:44:35 - [TEST_STEP][PASSED] - Statement - actualList1.add(i, secondStoreListBox1.get(i).getText()): null

2018-07-05 20:44:35 - [TEST_STEP][PASSED] - Statement - actualList1.add(i, secondStoreListBox1.get(i).getText()): null

2018-07-05 20:44:35 - [TEST_STEP][PASSED] - Statement - actualList1.add(i, secondStoreListBox1.get(i).getText()): null

2018-07-05 20:44:35 - [TEST_STEP][PASSED] - Statement - actualList1.add(i, secondStoreListBox1.get(i).getText()): null

2018-07-05 20:44:35 - [TEST_STEP][PASSED] - Statement - actualList1.add(i, secondStoreListBox1.get(i).getText()): null

2018-07-05 20:44:35 - [TEST_STEP][PASSED] - Statement - actualList1.add(i, secondStoreListBox1.get(i).getText()): null

2018-07-05 20:44:35 - [TEST_STEP][PASSED] - Statement - actualList1.add(i, secondStoreListBox1.get(i).getText()): null

2018-07-05 20:44:35 - [TEST_STEP][PASSED] - Statement - actualList1.add(i, secondStoreListBox1.get(i).getText()): null

2018-07-05 20:44:35 - [TEST_STEP][PASSED] - Statement - actualList1.add(i, secondStoreListBox1.get(i).getText()): null

2018-07-05 20:44:35 - [TEST_STEP][PASSED] - Statement - actualList1.add(i, secondStoreListBox1.get(i).getText()): null

2018-07-05 20:44:35 - [TEST_STEP][PASSED] - Statement - actualList1.add(i, secondStoreListBox1.get(i).getText()): null

2018-07-05 20:44:35 - [TEST_STEP][PASSED] - Statement - actualList1.add(i, secondStoreListBox1.get(i).getText()): null

2018-07-05 20:44:35 - [TEST_STEP][PASSED] - Statement - actualList1.add(i, secondStoreListBox1.get(i).getText()): null

2018-07-05 20:44:35 - [TEST_STEP][PASSED] - Statement - actualList1.add(i, secondStoreListBox1.get(i).getText()): null

2018-07-05 20:44:35 - [TEST_STEP][PASSED] - Statement - actualList1.add(i, secondStoreListBox1.get(i).getText()): null

2018-07-05 20:44:35 - [TEST_STEP][PASSED] - Statement - actualList1.add(i, secondStoreListBox1.get(i).getText()): null

2018-07-05 20:44:35 - [TEST_STEP][PASSED] - Statement - actualList1.add(i, secondStoreListBox1.get(i).getText()): null

2018-07-05 20:44:35 - [TEST_STEP][PASSED] - Statement - actualList1.add(i, secondStoreListBox1.get(i).getText()): null

2018-07-05 20:44:35 - [TEST_STEP][PASSED] - Statement - actualList1.add(i, secondStoreListBox1.get(i).getText()): null

2018-07-05 20:44:35 - [TEST_STEP][PASSED] - Statement - actualList1.add(i, secondStoreListBox1.get(i).getText()): null

2018-07-05 20:44:35 - [TEST_STEP][PASSED] - Statement - actualList1.add(i, secondStoreListBox1.get(i).getText()): null

2018-07-05 20:44:35 - [TEST_STEP][PASSED] - Statement - actualList1.add(i, secondStoreListBox1.get(i).getText()): null

2018-07-05 20:44:36 - [TEST_STEP][PASSED] - Statement - actualList1.add(i, secondStoreListBox1.get(i).getText()): null

2018-07-05 20:44:36 - [TEST_STEP][PASSED] - Statement - actualList1.add(i, secondStoreListBox1.get(i).getText()): null

2018-07-05 20:44:36 - [TEST_STEP][PASSED] - Statement - actualList1.add(i, secondStoreListBox1.get(i).getText()): null

2018-07-05 20:44:36 - [TEST_STEP][PASSED] - Statement - actualList1.add(i, secondStoreListBox1.get(i).getText()): null

2018-07-05 20:44:36 - [TEST_STEP][PASSED] - Statement - actualList1.add(i, secondStoreListBox1.get(i).getText()): null

2018-07-05 20:44:36 - [TEST_STEP][PASSED] - Statement - actualList1.add(i, secondStoreListBox1.get(i).getText()): null

2018-07-05 20:44:36 - [TEST_STEP][PASSED] - Statement - actualList1.add(i, secondStoreListBox1.get(i).getText()): null

2018-07-05 20:44:36 - [TEST_STEP][PASSED] - Statement - actualList1.add(i, secondStoreListBox1.get(i).getText()): null

2018-07-05 20:44:36 - [TEST_STEP][PASSED] - Statement - actualList1.add(i, secondStoreListBox1.get(i).getText()): null

2018-07-05 20:44:36 - [TEST_STEP][PASSED] - Statement - actualList1.add(i, secondStoreListBox1.get(i).getText()): null

2018-07-05 20:44:36 - [TEST_STEP][PASSED] - Statement - actualList1.add(i, secondStoreListBox1.get(i).getText()): null

2018-07-05 20:44:36 - [TEST_STEP][PASSED] - Statement - actualList1.add(i, secondStoreListBox1.get(i).getText()): null

2018-07-05 20:44:36 - [TEST_STEP][PASSED] - Statement - actualList1.add(i, secondStoreListBox1.get(i).getText()): null

2018-07-05 20:44:36 - [TEST_STEP][PASSED] - Statement - actualList1.add(i, secondStoreListBox1.get(i).getText()): null

2018-07-05 20:44:36 - [TEST_STEP][PASSED] - Statement - actualList1.add(i, secondStoreListBox1.get(i).getText()): null

2018-07-05 20:44:36 - [TEST_STEP][PASSED] - Statement - actualList1.add(i, secondStoreListBox1.get(i).getText()): null

2018-07-05 20:44:36 - [TEST_STEP][PASSED] - Statement - actualList1.add(i, secondStoreListBox1.get(i).getText()): null

2018-07-05 20:44:36 - [TEST_STEP][PASSED] - Statement - actualList1.add(i, secondStoreListBox1.get(i).getText()): null

2018-07-05 20:44:36 - [TEST_STEP][PASSED] - Statement - actualList1.add(i, secondStoreListBox1.get(i).getText()): null

2018-07-05 20:44:36 - [TEST_STEP][PASSED] - Statement - actualList1.add(i, secondStoreListBox1.get(i).getText()): null

2018-07-05 20:44:36 - [TEST_STEP][PASSED] - Statement - actualList1.add(i, secondStoreListBox1.get(i).getText()): null

2018-07-05 20:44:36 - [TEST_STEP][PASSED] - Statement - actualList1.add(i, secondStoreListBox1.get(i).getText()): null

2018-07-05 20:44:36 - [TEST_STEP][PASSED] - Statement - actualList1.add(i, secondStoreListBox1.get(i).getText()): null

2018-07-05 20:44:36 - [TEST_STEP][PASSED] - Statement - actualList1.add(i, secondStoreListBox1.get(i).getText()): null

2018-07-05 20:44:36 - [TEST_STEP][PASSED] - Statement - actualList1.add(i, secondStoreListBox1.get(i).getText()): null

2018-07-05 20:44:36 - [TEST_STEP][PASSED] - Statement - actualList1.add(i, secondStoreListBox1.get(i).getText()): null

2018-07-05 20:44:36 - [TEST_STEP][PASSED] - Statement - actualList1.add(i, secondStoreListBox1.get(i).getText()): null

2018-07-05 20:44:36 - [TEST_STEP][PASSED] - Statement - actualList1.add(i, secondStoreListBox1.get(i).getText()): null

2018-07-05 20:44:36 - [TEST_STEP][PASSED] - Statement - actualList1.add(i, secondStoreListBox1.get(i).getText()): null

2018-07-05 20:44:36 - [TEST_STEP][PASSED] - Statement - actualList1.add(i, secondStoreListBox1.get(i).getText()): null

2018-07-05 20:44:36 - [TEST_STEP][PASSED] - Statement - actualList1.add(i, secondStoreListBox1.get(i).getText()): null

2018-07-05 20:44:36 - [TEST_STEP][PASSED] - Statement - actualList1.add(i, secondStoreListBox1.get(i).getText()): null

2018-07-05 20:44:36 - [TEST_STEP][PASSED] - Statement - actualList1.add(i, secondStoreListBox1.get(i).getText()): null

2018-07-05 20:44:36 - [TEST_STEP][PASSED] - Statement - actualList1.add(i, secondStoreListBox1.get(i).getText()): null

2018-07-05 20:44:36 - [TEST_STEP][PASSED] - Statement - actualList1.add(i, secondStoreListBox1.get(i).getText()): null

2018-07-05 20:44:36 - [TEST_STEP][PASSED] - Statement - actualList1.add(i, secondStoreListBox1.get(i).getText()): null

2018-07-05 20:44:36 - [TEST_STEP][PASSED] - Statement - actualList1.add(i, secondStoreListBox1.get(i).getText()): null

2018-07-05 20:44:36 - [TEST_STEP][PASSED] - Statement - actualList1.add(i, secondStoreListBox1.get(i).getText()): null

2018-07-05 20:44:36 - [TEST_STEP][PASSED] - Statement - actualList1.add(i, secondStoreListBox1.get(i).getText()): null

2018-07-05 20:44:36 - [TEST_STEP][PASSED] - Statement - actualList1.add(i, secondStoreListBox1.get(i).getText()): null

2018-07-05 20:44:36 - [TEST_STEP][PASSED] - Statement - out.println(actualList1): null

2018-07-05 20:44:36 - [TEST_STEP][PASSED] - delay: Delayed 10 second(s)

2018-07-05 20:44:46 - [MESSAGE][PASSED] - Delayed 10 second(s)

2018-07-05 20:44:46 - [TEST_STEP][PASSED] - Statement - If (actualList1.containsAll(groupStoresList)): null

2018-07-05 20:44:46 - [TEST_STEP][PASSED] - Statement - println("Selected stores are displayed in Group/Stores in Group listbox"): null

2018-07-05 20:44:46 - [TEST_STEP][PASSED] - uiaction.CommonUIActions.click: uiaction.CommonUIActions.click is PASSED

2018-07-05 20:44:46 - [MESSAGE][PASSED] - uiaction.CommonUIActions.click is PASSED

2018-07-05 20:44:46 - [TEST_STEP][PASSED] - delay: Delayed 10 second(s)

2018-07-05 20:44:56 - [MESSAGE][PASSED] - Delayed 10 second(s)

2018-07-05 20:44:56 - [TEST_STEP][PASSED] - uiaction.CommonUIActions.back: uiaction.CommonUIActions.back is PASSED

2018-07-05 20:44:56 - [MESSAGE][PASSED] - Navigate back successfully

2018-07-05 20:44:56 - [MESSAGE][PASSED] - uiaction.CommonUIActions.back is PASSED

2018-07-05 20:44:56 - [TEST_STEP][PASSED] - delay: Delayed 5 second(s)

2018-07-05 20:45:01 - [MESSAGE][PASSED] - Delayed 5 second(s)

2018-07-05 20:45:01 - [TEST_STEP][PASSED] - uiaction.CommonUIActions.back: uiaction.CommonUIActions.back is PASSED

2018-07-05 20:45:01 - [MESSAGE][PASSED] - Navigate back successfully

2018-07-05 20:45:01 - [MESSAGE][PASSED] - uiaction.CommonUIActions.back is PASSED

2018-07-05 20:45:01 - [TEST_STEP][PASSED] - delay: Delayed 5 second(s)

2018-07-05 20:45:06 - [MESSAGE][PASSED] - Delayed 5 second(s)

2018-07-05 20:45:06 - [TEST_STEP][PASSED] - uiaction.CommonUIActions.click: uiaction.CommonUIActions.click is PASSED

2018-07-05 20:45:07 - [MESSAGE][PASSED] - uiaction.CommonUIActions.click is PASSED

2018-07-05 20:45:07 - [TEST_STEP][PASSED] - uiaction.CommonUIActions.click: uiaction.CommonUIActions.click is PASSED

2018-07-05 20:45:07 - [MESSAGE][PASSED] - uiaction.CommonUIActions.click is PASSED

2018-07-05 20:45:07 - [TEST_STEP][PASSED] - delay: Delayed 10 second(s)

2018-07-05 20:45:17 - [MESSAGE][PASSED] - Delayed 10 second(s)

2018-07-05 20:45:17 - [TEST_STEP][PASSED] - uiaction.CommonUIActions.click: uiaction.CommonUIActions.click is PASSED

2018-07-05 20:45:17 - [MESSAGE][PASSED] - uiaction.CommonUIActions.click is PASSED

2018-07-05 20:45:17 - [TEST_STEP][PASSED] - uiaction.CommonUIActions.click: uiaction.CommonUIActions.click is PASSED

2018-07-05 20:45:21 - [MESSAGE][PASSED] - uiaction.CommonUIActions.click is PASSED

2018-07-05 20:45:21 - [TEST_STEP][PASSED] - Statement - assert TCflag == true: null

2018-07-05 20:45:21 - [TEST_STEP][PASSED] - Start listener action : sampleAfterTestCase: Browser is closed

2018-07-05 20:45:21 - [TEST_STEP][PASSED] - Statement - println(testCaseContext.getTestCaseId()): null

2018-07-05 20:45:21 - [TEST_STEP][PASSED] - Statement - println(testCaseContext.getTestCaseStatus()): null

2018-07-05 20:45:21 - [TEST_STEP][PASSED] - closeBrowser: Browser is closed

2018-07-05 20:45:22 - [MESSAGE][PASSED] - Browser is closed]]></system-out>
         <system-err><![CDATA[]]></system-err>
      </testcase>
      <testcase name="Test Cases/CreateGroupTC/HME-EditGroup-05" classname="Test Cases/CreateGroupTC/HME-EditGroup-05" status="PASSED">
         <system-out><![CDATA[2018-07-05 20:45:22 - [TEST_CASE][PASSED] - Test Cases/CreateGroupTC/HME-EditGroup-05: Browser is closed

2018-07-05 20:45:22 - [TEST_STEP][PASSED] - Start listener action : sampleBeforeTestCase: uiaction.CommonUIActions.deleteAllCookies is PASSED

2018-07-05 20:45:22 - [TEST_STEP][PASSED] - openBrowser: Browser is opened with url: ''

2018-07-05 20:45:25 - [MESSAGE][PASSED] - Browser is opened with url: ''

2018-07-05 20:45:25 - [TEST_STEP][PASSED] - maximizeWindow: Current window maximized

2018-07-05 20:45:26 - [MESSAGE][PASSED] - Current window maximized

2018-07-05 20:45:26 - [TEST_STEP][PASSED] - uiaction.CommonUIActions.deleteAllCookies: uiaction.CommonUIActions.deleteAllCookies is PASSED

2018-07-05 20:45:26 - [MESSAGE][PASSED] - Delete all cookies successfully

2018-07-05 20:45:26 - [MESSAGE][PASSED] - uiaction.CommonUIActions.deleteAllCookies is PASSED

2018-07-05 20:45:26 - [TEST_STEP][PASSED] - Statement - TCflag = true: null

2018-07-05 20:45:26 - [TEST_STEP][PASSED] - Statement - Try: uiaction.CommonUIActions.click is PASSED

2018-07-05 20:45:26 - [TEST_STEP][PASSED] - navigateToUrl: Navigate to 'https://engdev.hmedtcloud.com/?pg=Login' successfully

2018-07-05 20:45:37 - [MESSAGE][PASSED] - Navigate to 'https://engdev.hmedtcloud.com/?pg=Login' successfully

2018-07-05 20:45:37 - [TEST_STEP][PASSED] - projectSpecific.Reusability.login: projectSpecific.Reusability.login is PASSED

2018-07-05 20:45:37 - [MESSAGE][PASSED] - projectSpecific.Reusability.getTestData is PASSED

2018-07-05 20:45:37 - [MESSAGE][PASSED] - projectSpecific.Reusability.getTestData is PASSED

2018-07-05 20:45:37 - [MESSAGE][PASSED] - Text 'selvendrank@nousinfo.com' is set on object 'Object Repository/LoginPage/Username'

2018-07-05 20:45:37 - [MESSAGE][PASSED] - Text 'Nous;123' is set on object 'Object Repository/LoginPage/Password'

2018-07-05 20:45:56 - [MESSAGE][PASSED] - Object: 'Object Repository/LoginPage/Login' is clicked on

2018-07-05 20:45:56 - [MESSAGE][PASSED] - projectSpecific.Reusability.login is PASSED

2018-07-05 20:45:56 - [TEST_STEP][PASSED] - delay: Delayed 10 second(s)

2018-07-05 20:46:06 - [MESSAGE][PASSED] - Delayed 10 second(s)

2018-07-05 20:46:06 - [TEST_STEP][PASSED] - uiaction.CommonUIActions.click: uiaction.CommonUIActions.click is PASSED

2018-07-05 20:46:18 - [MESSAGE][PASSED] - uiaction.CommonUIActions.click is PASSED

2018-07-05 20:46:18 - [TEST_STEP][PASSED] - delay: Delayed 10 second(s)

2018-07-05 20:46:28 - [MESSAGE][PASSED] - Delayed 10 second(s)

2018-07-05 20:46:28 - [TEST_STEP][PASSED] - uiaction.CommonUIActions.click: uiaction.CommonUIActions.click is PASSED

2018-07-05 20:46:32 - [MESSAGE][PASSED] - uiaction.CommonUIActions.click is PASSED

2018-07-05 20:46:32 - [TEST_STEP][PASSED] - uiaction.CommonUIActions.click: uiaction.CommonUIActions.click is PASSED

2018-07-05 20:46:33 - [MESSAGE][PASSED] - uiaction.CommonUIActions.click is PASSED

2018-07-05 20:46:33 - [TEST_STEP][PASSED] - verifyElementPresent: Object 'Object Repository/ReportingGroupManagement/reportingGroupDetails' is present

2018-07-05 20:46:33 - [MESSAGE][PASSED] - Object 'Object Repository/ReportingGroupManagement/reportingGroupDetails' is present

2018-07-05 20:46:33 - [TEST_STEP][PASSED] - uiaction.CommonUIActions.enter: uiaction.CommonUIActions.enter is PASSED

2018-07-05 20:46:33 - [MESSAGE][PASSED] - projectSpecific.Reusability.getTestData is PASSED

2018-07-05 20:46:33 - [MESSAGE][PASSED] - uiaction.CommonUIActions.enter is PASSED

2018-07-05 20:46:33 - [TEST_STEP][PASSED] - uiaction.CommonUIActions.enter: uiaction.CommonUIActions.enter is PASSED

2018-07-05 20:46:33 - [MESSAGE][PASSED] - projectSpecific.Reusability.getTestData is PASSED

2018-07-05 20:46:33 - [MESSAGE][PASSED] - uiaction.CommonUIActions.enter is PASSED

2018-07-05 20:46:33 - [TEST_STEP][PASSED] - uiaction.CommonUIActions.click: uiaction.CommonUIActions.click is PASSED

2018-07-05 20:46:33 - [MESSAGE][PASSED] - uiaction.CommonUIActions.click is PASSED

2018-07-05 20:46:33 - [TEST_STEP][PASSED] - delay: Delayed 10 second(s)

2018-07-05 20:46:43 - [MESSAGE][PASSED] - Delayed 10 second(s)

2018-07-05 20:46:43 - [TEST_STEP][PASSED] - uiaction.CommonUIActions.back: uiaction.CommonUIActions.back is PASSED

2018-07-05 20:46:43 - [MESSAGE][PASSED] - Navigate back successfully

2018-07-05 20:46:43 - [MESSAGE][PASSED] - uiaction.CommonUIActions.back is PASSED

2018-07-05 20:46:43 - [TEST_STEP][PASSED] - delay: Delayed 5 second(s)

2018-07-05 20:46:48 - [MESSAGE][PASSED] - Delayed 5 second(s)

2018-07-05 20:46:48 - [TEST_STEP][PASSED] - uiaction.CommonUIActions.back: uiaction.CommonUIActions.back is PASSED

2018-07-05 20:46:48 - [MESSAGE][PASSED] - Navigate back successfully

2018-07-05 20:46:48 - [MESSAGE][PASSED] - uiaction.CommonUIActions.back is PASSED

2018-07-05 20:46:48 - [TEST_STEP][PASSED] - delay: Delayed 5 second(s)

2018-07-05 20:46:53 - [MESSAGE][PASSED] - Delayed 5 second(s)

2018-07-05 20:46:53 - [TEST_STEP][PASSED] - Statement - driver = com.kms.katalon.core.webui.driver.DriverFactory.getWebDriver(): null

2018-07-05 20:46:53 - [TEST_STEP][PASSED] - Statement - groupHierarchyList = driver.findElements(org.openqa.selenium.By.xpath(com.kms.katalon.core.testdata.TestDataFactory.findTestData(OR_file).getValue(2, 13))): Reading excel file with source file 'C:\Users\shalinin\Katalon Studio\HME_DEVScripts\Data Files\HME_OR.xlsx' and sheet name 'Sheet1'

2018-07-05 20:46:53 - [TEST_STEP][PASSED] - Statement - actualgroupList = new java.util.ArrayList(): null

2018-07-05 20:46:53 - [TEST_STEP][PASSED] - Statement - For ([i = 0, i < groupHierarchyList.size(), (i++)]): null

2018-07-05 20:46:53 - [TEST_STEP][PASSED] - Statement - actualgroupList.add(i, groupHierarchyList.get(i).getText()): null

2018-07-05 20:46:53 - [TEST_STEP][PASSED] - Statement - actualgroupList.add(i, groupHierarchyList.get(i).getText()): null

2018-07-05 20:46:53 - [TEST_STEP][PASSED] - Statement - actualgroupList.add(i, groupHierarchyList.get(i).getText()): null

2018-07-05 20:46:53 - [TEST_STEP][PASSED] - Statement - actualgroupList.add(i, groupHierarchyList.get(i).getText()): null

2018-07-05 20:46:53 - [TEST_STEP][PASSED] - Statement - actualgroupList.add(i, groupHierarchyList.get(i).getText()): null

2018-07-05 20:46:53 - [TEST_STEP][PASSED] - Statement - actualgroupList.add(i, groupHierarchyList.get(i).getText()): null

2018-07-05 20:46:53 - [TEST_STEP][PASSED] - Statement - actualgroupList.add(i, groupHierarchyList.get(i).getText()): null

2018-07-05 20:46:53 - [TEST_STEP][PASSED] - Statement - actualgroupList.add(i, groupHierarchyList.get(i).getText()): null

2018-07-05 20:46:53 - [TEST_STEP][PASSED] - Statement - actualgroupList.add(i, groupHierarchyList.get(i).getText()): null

2018-07-05 20:46:53 - [TEST_STEP][PASSED] - Statement - actualgroupList.add(i, groupHierarchyList.get(i).getText()): null

2018-07-05 20:46:53 - [TEST_STEP][PASSED] - Statement - actualgroupList.add(i, groupHierarchyList.get(i).getText()): null

2018-07-05 20:46:53 - [TEST_STEP][PASSED] - Statement - actualgroupList.add(i, groupHierarchyList.get(i).getText()): null

2018-07-05 20:46:53 - [TEST_STEP][PASSED] - Statement - actualgroupList.add(i, groupHierarchyList.get(i).getText()): null

2018-07-05 20:46:53 - [TEST_STEP][PASSED] - Statement - actualgroupList.add(i, groupHierarchyList.get(i).getText()): null

2018-07-05 20:46:53 - [TEST_STEP][PASSED] - Statement - actualgroupList.add(i, groupHierarchyList.get(i).getText()): null

2018-07-05 20:46:53 - [TEST_STEP][PASSED] - Statement - actualgroupList.add(i, groupHierarchyList.get(i).getText()): null

2018-07-05 20:46:53 - [TEST_STEP][PASSED] - Statement - actualgroupList.add(i, groupHierarchyList.get(i).getText()): null

2018-07-05 20:46:53 - [TEST_STEP][PASSED] - Statement - actualgroupList.add(i, groupHierarchyList.get(i).getText()): null

2018-07-05 20:46:53 - [TEST_STEP][PASSED] - Statement - actualgroupList.add(i, groupHierarchyList.get(i).getText()): null

2018-07-05 20:46:53 - [TEST_STEP][PASSED] - Statement - actualgroupList.add(i, groupHierarchyList.get(i).getText()): null

2018-07-05 20:46:53 - [TEST_STEP][PASSED] - Statement - actualgroupList.add(i, groupHierarchyList.get(i).getText()): null

2018-07-05 20:46:53 - [TEST_STEP][PASSED] - Statement - actualgroupList.add(i, groupHierarchyList.get(i).getText()): null

2018-07-05 20:46:53 - [TEST_STEP][PASSED] - Statement - actualgroupList.add(i, groupHierarchyList.get(i).getText()): null

2018-07-05 20:46:54 - [TEST_STEP][PASSED] - Statement - actualgroupList.add(i, groupHierarchyList.get(i).getText()): null

2018-07-05 20:46:54 - [TEST_STEP][PASSED] - Statement - actualgroupList.add(i, groupHierarchyList.get(i).getText()): null

2018-07-05 20:46:54 - [TEST_STEP][PASSED] - Statement - actualgroupList.add(i, groupHierarchyList.get(i).getText()): null

2018-07-05 20:46:54 - [TEST_STEP][PASSED] - Statement - actualgroupList.add(i, groupHierarchyList.get(i).getText()): null

2018-07-05 20:46:54 - [TEST_STEP][PASSED] - Statement - actualgroupList.add(i, groupHierarchyList.get(i).getText()): null

2018-07-05 20:46:54 - [TEST_STEP][PASSED] - Statement - actualgroupList.add(i, groupHierarchyList.get(i).getText()): null

2018-07-05 20:46:54 - [TEST_STEP][PASSED] - Statement - actualgroupList.add(i, groupHierarchyList.get(i).getText()): null

2018-07-05 20:46:54 - [TEST_STEP][PASSED] - Statement - actualgroupList.add(i, groupHierarchyList.get(i).getText()): null

2018-07-05 20:46:54 - [TEST_STEP][PASSED] - Statement - actualgroupList.add(i, groupHierarchyList.get(i).getText()): null

2018-07-05 20:46:54 - [TEST_STEP][PASSED] - Statement - actualgroupList.add(i, groupHierarchyList.get(i).getText()): null

2018-07-05 20:46:54 - [TEST_STEP][PASSED] - Statement - actualgroupList.add(i, groupHierarchyList.get(i).getText()): null

2018-07-05 20:46:54 - [TEST_STEP][PASSED] - Statement - actualgroupList.add(i, groupHierarchyList.get(i).getText()): null

2018-07-05 20:46:54 - [TEST_STEP][PASSED] - Statement - actualgroupList.add(i, groupHierarchyList.get(i).getText()): null

2018-07-05 20:46:54 - [TEST_STEP][PASSED] - Statement - actualgroupList.add(i, groupHierarchyList.get(i).getText()): null

2018-07-05 20:46:54 - [TEST_STEP][PASSED] - Statement - actualgroupList.add(i, groupHierarchyList.get(i).getText()): null

2018-07-05 20:46:54 - [TEST_STEP][PASSED] - Statement - actualgroupList.add(i, groupHierarchyList.get(i).getText()): null

2018-07-05 20:46:54 - [TEST_STEP][PASSED] - Statement - actualgroupList.add(i, groupHierarchyList.get(i).getText()): null

2018-07-05 20:46:54 - [TEST_STEP][PASSED] - Statement - actualgroupList.add(i, groupHierarchyList.get(i).getText()): null

2018-07-05 20:46:54 - [TEST_STEP][PASSED] - Statement - actualgroupList.add(i, groupHierarchyList.get(i).getText()): null

2018-07-05 20:46:54 - [TEST_STEP][PASSED] - Statement - actualgroupList.add(i, groupHierarchyList.get(i).getText()): null

2018-07-05 20:46:54 - [TEST_STEP][PASSED] - Statement - actualgroupList.add(i, groupHierarchyList.get(i).getText()): null

2018-07-05 20:46:54 - [TEST_STEP][PASSED] - Statement - actualgroupList.add(i, groupHierarchyList.get(i).getText()): null

2018-07-05 20:46:54 - [TEST_STEP][PASSED] - Statement - actualgroupList.add(i, groupHierarchyList.get(i).getText()): null

2018-07-05 20:46:54 - [TEST_STEP][PASSED] - Statement - actualgroupList.add(i, groupHierarchyList.get(i).getText()): null

2018-07-05 20:46:54 - [TEST_STEP][PASSED] - Statement - actualgroupList.add(i, groupHierarchyList.get(i).getText()): null

2018-07-05 20:46:54 - [TEST_STEP][PASSED] - Statement - actualgroupList.add(i, groupHierarchyList.get(i).getText()): null

2018-07-05 20:46:54 - [TEST_STEP][PASSED] - Statement - actualgroupList.add(i, groupHierarchyList.get(i).getText()): null

2018-07-05 20:46:54 - [TEST_STEP][PASSED] - Statement - actualgroupList.add(i, groupHierarchyList.get(i).getText()): null

2018-07-05 20:46:54 - [TEST_STEP][PASSED] - Statement - actualgroupList.add(i, groupHierarchyList.get(i).getText()): null

2018-07-05 20:46:54 - [TEST_STEP][PASSED] - Statement - actualgroupList.add(i, groupHierarchyList.get(i).getText()): null

2018-07-05 20:46:54 - [TEST_STEP][PASSED] - Statement - actualgroupList.add(i, groupHierarchyList.get(i).getText()): null

2018-07-05 20:46:54 - [TEST_STEP][PASSED] - Statement - actualgroupList.add(i, groupHierarchyList.get(i).getText()): null

2018-07-05 20:46:54 - [TEST_STEP][PASSED] - Statement - actualgroupList.add(i, groupHierarchyList.get(i).getText()): null

2018-07-05 20:46:54 - [TEST_STEP][PASSED] - Statement - actualgroupList.add(i, groupHierarchyList.get(i).getText()): null

2018-07-05 20:46:54 - [TEST_STEP][PASSED] - Statement - actualgroupList.add(i, groupHierarchyList.get(i).getText()): null

2018-07-05 20:46:54 - [TEST_STEP][PASSED] - Statement - actualgroupList.add(i, groupHierarchyList.get(i).getText()): null

2018-07-05 20:46:54 - [TEST_STEP][PASSED] - Statement - actualgroupList.add(i, groupHierarchyList.get(i).getText()): null

2018-07-05 20:46:54 - [TEST_STEP][PASSED] - Statement - actualgroupList.add(i, groupHierarchyList.get(i).getText()): null

2018-07-05 20:46:54 - [TEST_STEP][PASSED] - Statement - actualgroupList.add(i, groupHierarchyList.get(i).getText()): null

2018-07-05 20:46:54 - [TEST_STEP][PASSED] - Statement - actualgroupList.add(i, groupHierarchyList.get(i).getText()): null

2018-07-05 20:46:54 - [TEST_STEP][PASSED] - Statement - actualgroupList.add(i, groupHierarchyList.get(i).getText()): null

2018-07-05 20:46:54 - [TEST_STEP][PASSED] - Statement - actualgroupList.add(i, groupHierarchyList.get(i).getText()): null

2018-07-05 20:46:54 - [TEST_STEP][PASSED] - Statement - actualgroupList.add(i, groupHierarchyList.get(i).getText()): null

2018-07-05 20:46:54 - [TEST_STEP][PASSED] - Statement - actualgroupList.add(i, groupHierarchyList.get(i).getText()): null

2018-07-05 20:46:54 - [TEST_STEP][PASSED] - Statement - actualgroupList.add(i, groupHierarchyList.get(i).getText()): null

2018-07-05 20:46:54 - [TEST_STEP][PASSED] - Statement - actualgroupList.add(i, groupHierarchyList.get(i).getText()): null

2018-07-05 20:46:54 - [TEST_STEP][PASSED] - Statement - actualgroupList.add(i, groupHierarchyList.get(i).getText()): null

2018-07-05 20:46:54 - [TEST_STEP][PASSED] - Statement - actualgroupList.add(i, groupHierarchyList.get(i).getText()): null

2018-07-05 20:46:54 - [TEST_STEP][PASSED] - Statement - actualgroupList.add(i, groupHierarchyList.get(i).getText()): null

2018-07-05 20:46:54 - [TEST_STEP][PASSED] - Statement - actualgroupList.add(i, groupHierarchyList.get(i).getText()): null

2018-07-05 20:46:54 - [TEST_STEP][PASSED] - Statement - actualgroupList.add(i, groupHierarchyList.get(i).getText()): null

2018-07-05 20:46:54 - [TEST_STEP][PASSED] - Statement - actualgroupList.add(i, groupHierarchyList.get(i).getText()): null

2018-07-05 20:46:54 - [TEST_STEP][PASSED] - Statement - actualgroupList.add(i, groupHierarchyList.get(i).getText()): null

2018-07-05 20:46:54 - [TEST_STEP][PASSED] - Statement - actualgroupList.add(i, groupHierarchyList.get(i).getText()): null

2018-07-05 20:46:54 - [TEST_STEP][PASSED] - Statement - actualgroupList.add(i, groupHierarchyList.get(i).getText()): null

2018-07-05 20:46:54 - [TEST_STEP][PASSED] - Statement - actualgroupList.add(i, groupHierarchyList.get(i).getText()): null

2018-07-05 20:46:54 - [TEST_STEP][PASSED] - Statement - actualgroupList.add(i, groupHierarchyList.get(i).getText()): null

2018-07-05 20:46:54 - [TEST_STEP][PASSED] - Statement - actualgroupList.add(i, groupHierarchyList.get(i).getText()): null

2018-07-05 20:46:54 - [TEST_STEP][PASSED] - Statement - actualgroupList.add(i, groupHierarchyList.get(i).getText()): null

2018-07-05 20:46:54 - [TEST_STEP][PASSED] - Statement - actualgroupList.add(i, groupHierarchyList.get(i).getText()): null

2018-07-05 20:46:54 - [TEST_STEP][PASSED] - Statement - actualgroupList.add(i, groupHierarchyList.get(i).getText()): null

2018-07-05 20:46:55 - [TEST_STEP][PASSED] - Statement - actualgroupList.add(i, groupHierarchyList.get(i).getText()): null

2018-07-05 20:46:55 - [TEST_STEP][PASSED] - Statement - actualgroupList.add(i, groupHierarchyList.get(i).getText()): null

2018-07-05 20:46:55 - [TEST_STEP][PASSED] - Statement - actualgroupList.add(i, groupHierarchyList.get(i).getText()): null

2018-07-05 20:46:55 - [TEST_STEP][PASSED] - Statement - actualgroupList.add(i, groupHierarchyList.get(i).getText()): null

2018-07-05 20:46:55 - [TEST_STEP][PASSED] - Statement - actualgroupList.add(i, groupHierarchyList.get(i).getText()): null

2018-07-05 20:46:55 - [TEST_STEP][PASSED] - Statement - actualgroupList.add(i, groupHierarchyList.get(i).getText()): null

2018-07-05 20:46:55 - [TEST_STEP][PASSED] - Statement - actualgroupList.add(i, groupHierarchyList.get(i).getText()): null

2018-07-05 20:46:55 - [TEST_STEP][PASSED] - Statement - actualgroupList.add(i, groupHierarchyList.get(i).getText()): null

2018-07-05 20:46:55 - [TEST_STEP][PASSED] - Statement - actualgroupList.add(i, groupHierarchyList.get(i).getText()): null

2018-07-05 20:46:55 - [TEST_STEP][PASSED] - Statement - actualgroupList.add(i, groupHierarchyList.get(i).getText()): null

2018-07-05 20:46:55 - [TEST_STEP][PASSED] - Statement - actualgroupList.add(i, groupHierarchyList.get(i).getText()): null

2018-07-05 20:46:55 - [TEST_STEP][PASSED] - Statement - actualgroupList.add(i, groupHierarchyList.get(i).getText()): null

2018-07-05 20:46:55 - [TEST_STEP][PASSED] - Statement - actualgroupList.add(i, groupHierarchyList.get(i).getText()): null

2018-07-05 20:46:55 - [TEST_STEP][PASSED] - Statement - actualgroupList.add(i, groupHierarchyList.get(i).getText()): null

2018-07-05 20:46:55 - [TEST_STEP][PASSED] - Statement - actualgroupList.add(i, groupHierarchyList.get(i).getText()): null

2018-07-05 20:46:55 - [TEST_STEP][PASSED] - Statement - actualgroupList.add(i, groupHierarchyList.get(i).getText()): null

2018-07-05 20:46:55 - [TEST_STEP][PASSED] - Statement - actualgroupList.add(i, groupHierarchyList.get(i).getText()): null

2018-07-05 20:46:55 - [TEST_STEP][PASSED] - Statement - actualgroupList.add(i, groupHierarchyList.get(i).getText()): null

2018-07-05 20:46:55 - [TEST_STEP][PASSED] - Statement - actualgroupList.add(i, groupHierarchyList.get(i).getText()): null

2018-07-05 20:46:55 - [TEST_STEP][PASSED] - Statement - actualgroupList.add(i, groupHierarchyList.get(i).getText()): null

2018-07-05 20:46:55 - [TEST_STEP][PASSED] - Statement - actualgroupList.add(i, groupHierarchyList.get(i).getText()): null

2018-07-05 20:46:55 - [TEST_STEP][PASSED] - Statement - actualgroupList.add(i, groupHierarchyList.get(i).getText()): null

2018-07-05 20:46:55 - [TEST_STEP][PASSED] - Statement - actualgroupList.add(i, groupHierarchyList.get(i).getText()): null

2018-07-05 20:46:55 - [TEST_STEP][PASSED] - Statement - actualgroupList.add(i, groupHierarchyList.get(i).getText()): null

2018-07-05 20:46:55 - [TEST_STEP][PASSED] - Statement - actualgroupList.add(i, groupHierarchyList.get(i).getText()): null

2018-07-05 20:46:55 - [TEST_STEP][PASSED] - Statement - actualgroupList.add(i, groupHierarchyList.get(i).getText()): null

2018-07-05 20:46:55 - [TEST_STEP][PASSED] - Statement - actualgroupList.add(i, groupHierarchyList.get(i).getText()): null

2018-07-05 20:46:55 - [TEST_STEP][PASSED] - Statement - actualgroupList.add(i, groupHierarchyList.get(i).getText()): null

2018-07-05 20:46:55 - [TEST_STEP][PASSED] - Statement - actualgroupList.add(i, groupHierarchyList.get(i).getText()): null

2018-07-05 20:46:55 - [TEST_STEP][PASSED] - Statement - actualgroupList.add(i, groupHierarchyList.get(i).getText()): null

2018-07-05 20:46:55 - [TEST_STEP][PASSED] - Statement - actualgroupList.add(i, groupHierarchyList.get(i).getText()): null

2018-07-05 20:46:55 - [TEST_STEP][PASSED] - Statement - actualgroupList.add(i, groupHierarchyList.get(i).getText()): null

2018-07-05 20:46:55 - [TEST_STEP][PASSED] - Statement - actualgroupList.add(i, groupHierarchyList.get(i).getText()): null

2018-07-05 20:46:55 - [TEST_STEP][PASSED] - Statement - actualgroupList.add(i, groupHierarchyList.get(i).getText()): null

2018-07-05 20:46:55 - [TEST_STEP][PASSED] - Statement - actualgroupList.add(i, groupHierarchyList.get(i).getText()): null

2018-07-05 20:46:55 - [TEST_STEP][PASSED] - Statement - actualgroupList.add(i, groupHierarchyList.get(i).getText()): null

2018-07-05 20:46:55 - [TEST_STEP][PASSED] - Statement - actualgroupList.add(i, groupHierarchyList.get(i).getText()): null

2018-07-05 20:46:55 - [TEST_STEP][PASSED] - Statement - actualgroupList.add(i, groupHierarchyList.get(i).getText()): null

2018-07-05 20:46:55 - [TEST_STEP][PASSED] - Statement - actualgroupList.add(i, groupHierarchyList.get(i).getText()): null

2018-07-05 20:46:55 - [TEST_STEP][PASSED] - Statement - actualgroupList.add(i, groupHierarchyList.get(i).getText()): null

2018-07-05 20:46:55 - [TEST_STEP][PASSED] - Statement - actualgroupList.add(i, groupHierarchyList.get(i).getText()): null

2018-07-05 20:46:55 - [TEST_STEP][PASSED] - Statement - actualgroupList.add(i, groupHierarchyList.get(i).getText()): null

2018-07-05 20:46:55 - [TEST_STEP][PASSED] - Statement - actualgroupList.add(i, groupHierarchyList.get(i).getText()): null

2018-07-05 20:46:55 - [TEST_STEP][PASSED] - Statement - actualgroupList.add(i, groupHierarchyList.get(i).getText()): null

2018-07-05 20:46:55 - [TEST_STEP][PASSED] - Statement - actualgroupList.add(i, groupHierarchyList.get(i).getText()): null

2018-07-05 20:46:55 - [TEST_STEP][PASSED] - Statement - actualgroupList.add(i, groupHierarchyList.get(i).getText()): null

2018-07-05 20:46:55 - [TEST_STEP][PASSED] - Statement - actualgroupList.add(i, groupHierarchyList.get(i).getText()): null

2018-07-05 20:46:55 - [TEST_STEP][PASSED] - Statement - actualgroupList.add(i, groupHierarchyList.get(i).getText()): null

2018-07-05 20:46:55 - [TEST_STEP][PASSED] - Statement - actualgroupList.add(i, groupHierarchyList.get(i).getText()): null

2018-07-05 20:46:55 - [TEST_STEP][PASSED] - Statement - actualgroupList.add(i, groupHierarchyList.get(i).getText()): null

2018-07-05 20:46:55 - [TEST_STEP][PASSED] - Statement - actualgroupList.add(i, groupHierarchyList.get(i).getText()): null

2018-07-05 20:46:55 - [TEST_STEP][PASSED] - Statement - actualgroupList.add(i, groupHierarchyList.get(i).getText()): null

2018-07-05 20:46:55 - [TEST_STEP][PASSED] - Statement - actualgroupList.add(i, groupHierarchyList.get(i).getText()): null

2018-07-05 20:46:55 - [TEST_STEP][PASSED] - Statement - actualgroupList.add(i, groupHierarchyList.get(i).getText()): null

2018-07-05 20:46:55 - [TEST_STEP][PASSED] - Statement - actualgroupList.add(i, groupHierarchyList.get(i).getText()): null

2018-07-05 20:46:55 - [TEST_STEP][PASSED] - Statement - actualgroupList.add(i, groupHierarchyList.get(i).getText()): null

2018-07-05 20:46:55 - [TEST_STEP][PASSED] - Statement - actualgroupList.add(i, groupHierarchyList.get(i).getText()): null

2018-07-05 20:46:55 - [TEST_STEP][PASSED] - Statement - actualgroupList.add(i, groupHierarchyList.get(i).getText()): null

2018-07-05 20:46:55 - [TEST_STEP][PASSED] - Statement - actualgroupList.add(i, groupHierarchyList.get(i).getText()): null

2018-07-05 20:46:55 - [TEST_STEP][PASSED] - Statement - actualgroupList.add(i, groupHierarchyList.get(i).getText()): null

2018-07-05 20:46:55 - [TEST_STEP][PASSED] - Statement - actualgroupList.add(i, groupHierarchyList.get(i).getText()): null

2018-07-05 20:46:55 - [TEST_STEP][PASSED] - Statement - actualgroupList.add(i, groupHierarchyList.get(i).getText()): null

2018-07-05 20:46:55 - [TEST_STEP][PASSED] - Statement - actualgroupList.add(i, groupHierarchyList.get(i).getText()): null

2018-07-05 20:46:55 - [TEST_STEP][PASSED] - Statement - actualgroupList.add(i, groupHierarchyList.get(i).getText()): null

2018-07-05 20:46:55 - [TEST_STEP][PASSED] - Statement - actualgroupList.add(i, groupHierarchyList.get(i).getText()): null

2018-07-05 20:46:56 - [TEST_STEP][PASSED] - Statement - actualgroupList.add(i, groupHierarchyList.get(i).getText()): null

2018-07-05 20:46:56 - [TEST_STEP][PASSED] - Statement - actualgroupList.add(i, groupHierarchyList.get(i).getText()): null

2018-07-05 20:46:56 - [TEST_STEP][PASSED] - Statement - actualgroupList.add(i, groupHierarchyList.get(i).getText()): null

2018-07-05 20:46:56 - [TEST_STEP][PASSED] - Statement - actualgroupList.add(i, groupHierarchyList.get(i).getText()): null

2018-07-05 20:46:56 - [TEST_STEP][PASSED] - Statement - actualgroupList.add(i, groupHierarchyList.get(i).getText()): null

2018-07-05 20:46:56 - [TEST_STEP][PASSED] - Statement - actualgroupList.add(i, groupHierarchyList.get(i).getText()): null

2018-07-05 20:46:56 - [TEST_STEP][PASSED] - Statement - actualgroupList.add(i, groupHierarchyList.get(i).getText()): null

2018-07-05 20:46:56 - [TEST_STEP][PASSED] - Statement - actualgroupList.add(i, groupHierarchyList.get(i).getText()): null

2018-07-05 20:46:56 - [TEST_STEP][PASSED] - Statement - actualgroupList.add(i, groupHierarchyList.get(i).getText()): null

2018-07-05 20:46:56 - [TEST_STEP][PASSED] - Statement - actualgroupList.add(i, groupHierarchyList.get(i).getText()): null

2018-07-05 20:46:56 - [TEST_STEP][PASSED] - Statement - actualgroupList.add(i, groupHierarchyList.get(i).getText()): null

2018-07-05 20:46:56 - [TEST_STEP][PASSED] - Statement - actualgroupList.add(i, groupHierarchyList.get(i).getText()): null

2018-07-05 20:46:56 - [TEST_STEP][PASSED] - Statement - actualgroupList.add(i, groupHierarchyList.get(i).getText()): null

2018-07-05 20:46:56 - [TEST_STEP][PASSED] - Statement - actualgroupList.add(i, groupHierarchyList.get(i).getText()): null

2018-07-05 20:46:56 - [TEST_STEP][PASSED] - Statement - actualgroupList.add(i, groupHierarchyList.get(i).getText()): null

2018-07-05 20:46:56 - [TEST_STEP][PASSED] - Statement - actualgroupList.add(i, groupHierarchyList.get(i).getText()): null

2018-07-05 20:46:56 - [TEST_STEP][PASSED] - Statement - actualgroupList.add(i, groupHierarchyList.get(i).getText()): null

2018-07-05 20:46:56 - [TEST_STEP][PASSED] - Statement - actualgroupList.add(i, groupHierarchyList.get(i).getText()): null

2018-07-05 20:46:56 - [TEST_STEP][PASSED] - Statement - actualgroupList.add(i, groupHierarchyList.get(i).getText()): null

2018-07-05 20:46:56 - [TEST_STEP][PASSED] - Statement - actualgroupList.add(i, groupHierarchyList.get(i).getText()): null

2018-07-05 20:46:56 - [TEST_STEP][PASSED] - Statement - actualgroupList.add(i, groupHierarchyList.get(i).getText()): null

2018-07-05 20:46:56 - [TEST_STEP][PASSED] - Statement - actualgroupList.add(i, groupHierarchyList.get(i).getText()): null

2018-07-05 20:46:56 - [TEST_STEP][PASSED] - Statement - actualgroupList.add(i, groupHierarchyList.get(i).getText()): null

2018-07-05 20:46:56 - [TEST_STEP][PASSED] - Statement - actualgroupList.add(i, groupHierarchyList.get(i).getText()): null

2018-07-05 20:46:56 - [TEST_STEP][PASSED] - Statement - actualgroupList.add(i, groupHierarchyList.get(i).getText()): null

2018-07-05 20:46:56 - [TEST_STEP][PASSED] - Statement - actualgroupList.add(i, groupHierarchyList.get(i).getText()): null

2018-07-05 20:46:56 - [TEST_STEP][PASSED] - Statement - actualgroupList.add(i, groupHierarchyList.get(i).getText()): null

2018-07-05 20:46:56 - [TEST_STEP][PASSED] - Statement - actualgroupList.add(i, groupHierarchyList.get(i).getText()): null

2018-07-05 20:46:56 - [TEST_STEP][PASSED] - Statement - actualgroupList.add(i, groupHierarchyList.get(i).getText()): null

2018-07-05 20:46:56 - [TEST_STEP][PASSED] - Statement - actualgroupList.add(i, groupHierarchyList.get(i).getText()): null

2018-07-05 20:46:56 - [TEST_STEP][PASSED] - Statement - actualgroupList.add(i, groupHierarchyList.get(i).getText()): null

2018-07-05 20:46:56 - [TEST_STEP][PASSED] - Statement - actualgroupList.add(i, groupHierarchyList.get(i).getText()): null

2018-07-05 20:46:56 - [TEST_STEP][PASSED] - Statement - actualgroupList.add(i, groupHierarchyList.get(i).getText()): null

2018-07-05 20:46:56 - [TEST_STEP][PASSED] - Statement - actualgroupList.add(i, groupHierarchyList.get(i).getText()): null

2018-07-05 20:46:56 - [TEST_STEP][PASSED] - Statement - actualgroupList.add(i, groupHierarchyList.get(i).getText()): null

2018-07-05 20:46:56 - [TEST_STEP][PASSED] - Statement - actualgroupList.add(i, groupHierarchyList.get(i).getText()): null

2018-07-05 20:46:56 - [TEST_STEP][PASSED] - Statement - actualgroupList.add(i, groupHierarchyList.get(i).getText()): null

2018-07-05 20:46:56 - [TEST_STEP][PASSED] - Statement - actualgroupList.add(i, groupHierarchyList.get(i).getText()): null

2018-07-05 20:46:56 - [TEST_STEP][PASSED] - Statement - actualgroupList.add(i, groupHierarchyList.get(i).getText()): null

2018-07-05 20:46:56 - [TEST_STEP][PASSED] - Statement - actualgroupList.add(i, groupHierarchyList.get(i).getText()): null

2018-07-05 20:46:56 - [TEST_STEP][PASSED] - Statement - actualgroupList.add(i, groupHierarchyList.get(i).getText()): null

2018-07-05 20:46:56 - [TEST_STEP][PASSED] - Statement - actualgroupList.add(i, groupHierarchyList.get(i).getText()): null

2018-07-05 20:46:56 - [TEST_STEP][PASSED] - Statement - actualgroupList.add(i, groupHierarchyList.get(i).getText()): null

2018-07-05 20:46:56 - [TEST_STEP][PASSED] - Statement - actualgroupList.add(i, groupHierarchyList.get(i).getText()): null

2018-07-05 20:46:56 - [TEST_STEP][PASSED] - Statement - actualgroupList.add(i, groupHierarchyList.get(i).getText()): null

2018-07-05 20:46:56 - [TEST_STEP][PASSED] - Statement - actualgroupList.add(i, groupHierarchyList.get(i).getText()): null

2018-07-05 20:46:56 - [TEST_STEP][PASSED] - Statement - actualgroupList.add(i, groupHierarchyList.get(i).getText()): null

2018-07-05 20:46:56 - [TEST_STEP][PASSED] - Statement - actualgroupList.add(i, groupHierarchyList.get(i).getText()): null

2018-07-05 20:46:56 - [TEST_STEP][PASSED] - Statement - actualgroupList.add(i, groupHierarchyList.get(i).getText()): null

2018-07-05 20:46:56 - [TEST_STEP][PASSED] - Statement - actualgroupList.add(i, groupHierarchyList.get(i).getText()): null

2018-07-05 20:46:56 - [TEST_STEP][PASSED] - Statement - actualgroupList.add(i, groupHierarchyList.get(i).getText()): null

2018-07-05 20:46:56 - [TEST_STEP][PASSED] - Statement - actualgroupList.add(i, groupHierarchyList.get(i).getText()): null

2018-07-05 20:46:56 - [TEST_STEP][PASSED] - Statement - actualgroupList.add(i, groupHierarchyList.get(i).getText()): null

2018-07-05 20:46:56 - [TEST_STEP][PASSED] - Statement - actualgroupList.add(i, groupHierarchyList.get(i).getText()): null

2018-07-05 20:46:56 - [TEST_STEP][PASSED] - Statement - actualgroupList.add(i, groupHierarchyList.get(i).getText()): null

2018-07-05 20:46:56 - [TEST_STEP][PASSED] - Statement - actualgroupList.add(i, groupHierarchyList.get(i).getText()): null

2018-07-05 20:46:56 - [TEST_STEP][PASSED] - Statement - actualgroupList.add(i, groupHierarchyList.get(i).getText()): null

2018-07-05 20:46:56 - [TEST_STEP][PASSED] - Statement - actualgroupList.add(i, groupHierarchyList.get(i).getText()): null

2018-07-05 20:46:56 - [TEST_STEP][PASSED] - Statement - actualgroupList.add(i, groupHierarchyList.get(i).getText()): null

2018-07-05 20:46:56 - [TEST_STEP][PASSED] - Statement - actualgroupList.add(i, groupHierarchyList.get(i).getText()): null

2018-07-05 20:46:56 - [TEST_STEP][PASSED] - Statement - actualgroupList.add(i, groupHierarchyList.get(i).getText()): null

2018-07-05 20:46:56 - [TEST_STEP][PASSED] - Statement - actualgroupList.add(i, groupHierarchyList.get(i).getText()): null

2018-07-05 20:46:57 - [TEST_STEP][PASSED] - Statement - actualgroupList.add(i, groupHierarchyList.get(i).getText()): null

2018-07-05 20:46:57 - [TEST_STEP][PASSED] - Statement - actualgroupList.add(i, groupHierarchyList.get(i).getText()): null

2018-07-05 20:46:57 - [TEST_STEP][PASSED] - Statement - actualgroupList.add(i, groupHierarchyList.get(i).getText()): null

2018-07-05 20:46:57 - [TEST_STEP][PASSED] - Statement - actualgroupList.add(i, groupHierarchyList.get(i).getText()): null

2018-07-05 20:46:57 - [TEST_STEP][PASSED] - Statement - actualgroupList.add(i, groupHierarchyList.get(i).getText()): null

2018-07-05 20:46:57 - [TEST_STEP][PASSED] - Statement - actualgroupList.add(i, groupHierarchyList.get(i).getText()): null

2018-07-05 20:46:57 - [TEST_STEP][PASSED] - Statement - actualgroupList.add(i, groupHierarchyList.get(i).getText()): null

2018-07-05 20:46:57 - [TEST_STEP][PASSED] - Statement - actualgroupList.add(i, groupHierarchyList.get(i).getText()): null

2018-07-05 20:46:57 - [TEST_STEP][PASSED] - Statement - actualgroupList.add(i, groupHierarchyList.get(i).getText()): null

2018-07-05 20:46:57 - [TEST_STEP][PASSED] - Statement - actualgroupList.add(i, groupHierarchyList.get(i).getText()): null

2018-07-05 20:46:57 - [TEST_STEP][PASSED] - Statement - actualgroupList.add(i, groupHierarchyList.get(i).getText()): null

2018-07-05 20:46:57 - [TEST_STEP][PASSED] - Statement - actualgroupList.add(i, groupHierarchyList.get(i).getText()): null

2018-07-05 20:46:57 - [TEST_STEP][PASSED] - Statement - actualgroupList.add(i, groupHierarchyList.get(i).getText()): null

2018-07-05 20:46:57 - [TEST_STEP][PASSED] - Statement - actualgroupList.add(i, groupHierarchyList.get(i).getText()): null

2018-07-05 20:46:57 - [TEST_STEP][PASSED] - Statement - actualgroupList.add(i, groupHierarchyList.get(i).getText()): null

2018-07-05 20:46:57 - [TEST_STEP][PASSED] - Statement - actualgroupList.add(i, groupHierarchyList.get(i).getText()): null

2018-07-05 20:46:57 - [TEST_STEP][PASSED] - Statement - actualgroupList.add(i, groupHierarchyList.get(i).getText()): null

2018-07-05 20:46:57 - [TEST_STEP][PASSED] - Statement - actualgroupList.add(i, groupHierarchyList.get(i).getText()): null

2018-07-05 20:46:57 - [TEST_STEP][PASSED] - Statement - actualgroupList.add(i, groupHierarchyList.get(i).getText()): null

2018-07-05 20:46:57 - [TEST_STEP][PASSED] - Statement - actualgroupList.add(i, groupHierarchyList.get(i).getText()): null

2018-07-05 20:46:57 - [TEST_STEP][PASSED] - Statement - actualgroupList.add(i, groupHierarchyList.get(i).getText()): null

2018-07-05 20:46:57 - [TEST_STEP][PASSED] - Statement - actualgroupList.add(i, groupHierarchyList.get(i).getText()): null

2018-07-05 20:46:57 - [TEST_STEP][PASSED] - Statement - actualgroupList.add(i, groupHierarchyList.get(i).getText()): null

2018-07-05 20:46:57 - [TEST_STEP][PASSED] - Statement - actualgroupList.add(i, groupHierarchyList.get(i).getText()): null

2018-07-05 20:46:57 - [TEST_STEP][PASSED] - Statement - actualgroupList.add(i, groupHierarchyList.get(i).getText()): null

2018-07-05 20:46:57 - [TEST_STEP][PASSED] - Statement - actualgroupList.add(i, groupHierarchyList.get(i).getText()): null

2018-07-05 20:46:57 - [TEST_STEP][PASSED] - Statement - actualgroupList.add(i, groupHierarchyList.get(i).getText()): null

2018-07-05 20:46:57 - [TEST_STEP][PASSED] - Statement - actualgroupList.add(i, groupHierarchyList.get(i).getText()): null

2018-07-05 20:46:57 - [TEST_STEP][PASSED] - Statement - actualgroupList.add(i, groupHierarchyList.get(i).getText()): null

2018-07-05 20:46:57 - [TEST_STEP][PASSED] - Statement - actualgroupList.add(i, groupHierarchyList.get(i).getText()): null

2018-07-05 20:46:57 - [TEST_STEP][PASSED] - Statement - actualgroupList.add(i, groupHierarchyList.get(i).getText()): null

2018-07-05 20:46:57 - [TEST_STEP][PASSED] - Statement - actualgroupList.add(i, groupHierarchyList.get(i).getText()): null

2018-07-05 20:46:57 - [TEST_STEP][PASSED] - Statement - actualgroupList.add(i, groupHierarchyList.get(i).getText()): null

2018-07-05 20:46:57 - [TEST_STEP][PASSED] - Statement - actualgroupList.add(i, groupHierarchyList.get(i).getText()): null

2018-07-05 20:46:57 - [TEST_STEP][PASSED] - Statement - actualgroupList.add(i, groupHierarchyList.get(i).getText()): null

2018-07-05 20:46:57 - [TEST_STEP][PASSED] - Statement - actualgroupList.add(i, groupHierarchyList.get(i).getText()): null

2018-07-05 20:46:57 - [TEST_STEP][PASSED] - Statement - actualgroupList.add(i, groupHierarchyList.get(i).getText()): null

2018-07-05 20:46:57 - [TEST_STEP][PASSED] - Statement - actualgroupList.add(i, groupHierarchyList.get(i).getText()): null

2018-07-05 20:46:57 - [TEST_STEP][PASSED] - Statement - actualgroupList.add(i, groupHierarchyList.get(i).getText()): null

2018-07-05 20:46:57 - [TEST_STEP][PASSED] - Statement - actualgroupList.add(i, groupHierarchyList.get(i).getText()): null

2018-07-05 20:46:57 - [TEST_STEP][PASSED] - Statement - actualgroupList.add(i, groupHierarchyList.get(i).getText()): null

2018-07-05 20:46:57 - [TEST_STEP][PASSED] - Statement - actualgroupList.add(i, groupHierarchyList.get(i).getText()): null

2018-07-05 20:46:57 - [TEST_STEP][PASSED] - Statement - actualgroupList.add(i, groupHierarchyList.get(i).getText()): null

2018-07-05 20:46:57 - [TEST_STEP][PASSED] - Statement - actualgroupList.add(i, groupHierarchyList.get(i).getText()): null

2018-07-05 20:46:57 - [TEST_STEP][PASSED] - Statement - actualgroupList.add(i, groupHierarchyList.get(i).getText()): null

2018-07-05 20:46:57 - [TEST_STEP][PASSED] - Statement - actualgroupList.add(i, groupHierarchyList.get(i).getText()): null

2018-07-05 20:46:57 - [TEST_STEP][PASSED] - Statement - actualgroupList.add(i, groupHierarchyList.get(i).getText()): null

2018-07-05 20:46:57 - [TEST_STEP][PASSED] - Statement - actualgroupList.add(i, groupHierarchyList.get(i).getText()): null

2018-07-05 20:46:57 - [TEST_STEP][PASSED] - Statement - out.println(actualgroupList): null

2018-07-05 20:46:57 - [TEST_STEP][PASSED] - delay: Delayed 10 second(s)

2018-07-05 20:47:07 - [MESSAGE][PASSED] - Delayed 10 second(s)

2018-07-05 20:47:07 - [TEST_STEP][PASSED] - Statement - groupName = CustomKeywords.projectSpecific.Reusability.getTestData("ReportingGroupManagementPage", "GroupName"): projectSpecific.Reusability.getTestData is PASSED

2018-07-05 20:47:07 - [MESSAGE][PASSED] - projectSpecific.Reusability.getTestData is PASSED

2018-07-05 20:47:07 - [TEST_STEP][PASSED] - Statement - If (actualgroupList.contains(groupName)): null

2018-07-05 20:47:07 - [TEST_STEP][PASSED] - uiaction.CommonUIActions.click: uiaction.CommonUIActions.click is PASSED

2018-07-05 20:47:07 - [MESSAGE][PASSED] - uiaction.CommonUIActions.click is PASSED

2018-07-05 20:47:07 - [TEST_STEP][PASSED] - Statement - println("Automation Group is available in group hierarchy"): null

2018-07-05 20:47:07 - [TEST_STEP][PASSED] - verifyElementPresent: Object 'Object Repository/ReportingGroupManagement/reportingGroupDetails' is present

2018-07-05 20:47:07 - [MESSAGE][PASSED] - Object 'Object Repository/ReportingGroupManagement/reportingGroupDetails' is present

2018-07-05 20:47:07 - [TEST_STEP][PASSED] - delay: Delayed 5 second(s)

2018-07-05 20:47:12 - [MESSAGE][PASSED] - Delayed 5 second(s)

2018-07-05 20:47:12 - [TEST_STEP][PASSED] - uiaction.CommonUIActions.verifyMatch: uiaction.CommonUIActions.verifyMatch is PASSED

2018-07-05 20:47:13 - [MESSAGE][PASSED] - projectSpecific.Reusability.getTestData is PASSED

2018-07-05 20:47:13 - [MESSAGE][PASSED] - Attribute 'value' of object 'Object Repository/ReportingGroupManagement/groupNameTxt' is: 'AutomationGroup'

2018-07-05 20:47:13 - [MESSAGE][PASSED] - Actual text 'AutomationGroup' and expected text 'AutomationGroup' are matched 

2018-07-05 20:47:13 - [MESSAGE][PASSED] - uiaction.CommonUIActions.verifyMatch is PASSED

2018-07-05 20:47:13 - [TEST_STEP][PASSED] - delay: Delayed 5 second(s)

2018-07-05 20:47:18 - [MESSAGE][PASSED] - Delayed 5 second(s)

2018-07-05 20:47:18 - [TEST_STEP][PASSED] - uiaction.CommonUIActions.verifyMatch: uiaction.CommonUIActions.verifyMatch is PASSED

2018-07-05 20:47:18 - [MESSAGE][PASSED] - projectSpecific.Reusability.getTestData is PASSED

2018-07-05 20:47:18 - [MESSAGE][PASSED] - Attribute 'value' of object 'Object Repository/ReportingGroupManagement/groupDescTxt' is: 'South west branch Group 11'

2018-07-05 20:47:18 - [MESSAGE][PASSED] - Actual text 'South west branch Group 11' and expected text 'South west branch Group 11' are matched 

2018-07-05 20:47:18 - [MESSAGE][PASSED] - uiaction.CommonUIActions.verifyMatch is PASSED

2018-07-05 20:47:18 - [TEST_STEP][PASSED] - uiaction.CommonUIActions.click: uiaction.CommonUIActions.click is PASSED

2018-07-05 20:47:18 - [MESSAGE][PASSED] - uiaction.CommonUIActions.click is PASSED

2018-07-05 20:47:18 - [TEST_STEP][PASSED] - delay: Delayed 5 second(s)

2018-07-05 20:47:23 - [MESSAGE][PASSED] - Delayed 5 second(s)

2018-07-05 20:47:23 - [TEST_STEP][PASSED] - uiaction.CommonUIActions.click: uiaction.CommonUIActions.click is PASSED

2018-07-05 20:47:23 - [MESSAGE][PASSED] - uiaction.CommonUIActions.click is PASSED

2018-07-05 20:47:23 - [TEST_STEP][PASSED] - uiaction.CommonUIActions.enter: uiaction.CommonUIActions.enter is PASSED

2018-07-05 20:47:23 - [MESSAGE][PASSED] - projectSpecific.Reusability.getTestData is PASSED

2018-07-05 20:47:23 - [MESSAGE][PASSED] - uiaction.CommonUIActions.enter is PASSED

2018-07-05 20:47:23 - [TEST_STEP][PASSED] - uiaction.CommonUIActions.enter: uiaction.CommonUIActions.enter is PASSED

2018-07-05 20:47:23 - [MESSAGE][PASSED] - projectSpecific.Reusability.getTestData is PASSED

2018-07-05 20:47:23 - [MESSAGE][PASSED] - uiaction.CommonUIActions.enter is PASSED

2018-07-05 20:47:23 - [TEST_STEP][PASSED] - uiaction.CommonUIActions.click: uiaction.CommonUIActions.click is PASSED

2018-07-05 20:47:23 - [MESSAGE][PASSED] - uiaction.CommonUIActions.click is PASSED

2018-07-05 20:47:23 - [TEST_STEP][PASSED] - delay: Delayed 10 second(s)

2018-07-05 20:47:33 - [MESSAGE][PASSED] - Delayed 10 second(s)

2018-07-05 20:47:33 - [TEST_STEP][PASSED] - uiaction.CommonUIActions.back: uiaction.CommonUIActions.back is PASSED

2018-07-05 20:47:33 - [MESSAGE][PASSED] - Navigate back successfully

2018-07-05 20:47:33 - [MESSAGE][PASSED] - uiaction.CommonUIActions.back is PASSED

2018-07-05 20:47:33 - [TEST_STEP][PASSED] - delay: Delayed 5 second(s)

2018-07-05 20:47:38 - [MESSAGE][PASSED] - Delayed 5 second(s)

2018-07-05 20:47:38 - [TEST_STEP][PASSED] - uiaction.CommonUIActions.back: uiaction.CommonUIActions.back is PASSED

2018-07-05 20:47:39 - [MESSAGE][PASSED] - Navigate back successfully

2018-07-05 20:47:39 - [MESSAGE][PASSED] - uiaction.CommonUIActions.back is PASSED

2018-07-05 20:47:39 - [TEST_STEP][PASSED] - delay: Delayed 5 second(s)

2018-07-05 20:47:44 - [MESSAGE][PASSED] - Delayed 5 second(s)

2018-07-05 20:47:44 - [TEST_STEP][PASSED] - uiaction.CommonUIActions.click: uiaction.CommonUIActions.click is PASSED

2018-07-05 20:47:44 - [MESSAGE][PASSED] - uiaction.CommonUIActions.click is PASSED

2018-07-05 20:47:44 - [TEST_STEP][PASSED] - uiaction.CommonUIActions.enter: uiaction.CommonUIActions.enter is PASSED

2018-07-05 20:47:44 - [MESSAGE][PASSED] - projectSpecific.Reusability.getTestData is PASSED

2018-07-05 20:47:44 - [MESSAGE][PASSED] - uiaction.CommonUIActions.enter is PASSED

2018-07-05 20:47:44 - [TEST_STEP][PASSED] - uiaction.CommonUIActions.enter: uiaction.CommonUIActions.enter is PASSED

2018-07-05 20:47:44 - [MESSAGE][PASSED] - projectSpecific.Reusability.getTestData is PASSED

2018-07-05 20:47:44 - [MESSAGE][PASSED] - uiaction.CommonUIActions.enter is PASSED

2018-07-05 20:47:44 - [TEST_STEP][PASSED] - uiaction.CommonUIActions.click: uiaction.CommonUIActions.click is PASSED

2018-07-05 20:47:44 - [MESSAGE][PASSED] - uiaction.CommonUIActions.click is PASSED

2018-07-05 20:47:44 - [TEST_STEP][PASSED] - delay: Delayed 10 second(s)

2018-07-05 20:47:54 - [MESSAGE][PASSED] - Delayed 10 second(s)

2018-07-05 20:47:54 - [TEST_STEP][PASSED] - uiaction.CommonUIActions.back: uiaction.CommonUIActions.back is PASSED

2018-07-05 20:47:54 - [MESSAGE][PASSED] - Navigate back successfully

2018-07-05 20:47:54 - [MESSAGE][PASSED] - uiaction.CommonUIActions.back is PASSED

2018-07-05 20:47:54 - [TEST_STEP][PASSED] - delay: Delayed 5 second(s)

2018-07-05 20:47:59 - [MESSAGE][PASSED] - Delayed 5 second(s)

2018-07-05 20:47:59 - [TEST_STEP][PASSED] - uiaction.CommonUIActions.back: uiaction.CommonUIActions.back is PASSED

2018-07-05 20:47:59 - [MESSAGE][PASSED] - Navigate back successfully

2018-07-05 20:47:59 - [MESSAGE][PASSED] - uiaction.CommonUIActions.back is PASSED

2018-07-05 20:47:59 - [TEST_STEP][PASSED] - delay: Delayed 5 second(s)

2018-07-05 20:48:04 - [MESSAGE][PASSED] - Delayed 5 second(s)

2018-07-05 20:48:04 - [TEST_STEP][PASSED] - uiaction.CommonUIActions.click: uiaction.CommonUIActions.click is PASSED

2018-07-05 20:48:04 - [MESSAGE][PASSED] - uiaction.CommonUIActions.click is PASSED

2018-07-05 20:48:04 - [TEST_STEP][PASSED] - Statement - StoreList = CustomKeywords.projectSpecific.Reusability.getTestData("ReportingGroupManagementPage", "dummyGroupName2"): projectSpecific.Reusability.getTestData is PASSED

2018-07-05 20:48:04 - [MESSAGE][PASSED] - projectSpecific.Reusability.getTestData is PASSED

2018-07-05 20:48:04 - [TEST_STEP][PASSED] - Statement - listOfStores = new java.util.ArrayList(java.util.Arrays.asList(StoreList)): null

2018-07-05 20:48:04 - [TEST_STEP][PASSED] - Statement - out.println(listOfStores): null

2018-07-05 20:48:04 - [TEST_STEP][PASSED] - delay: Delayed 10 second(s)

2018-07-05 20:48:14 - [MESSAGE][PASSED] - Delayed 10 second(s)

2018-07-05 20:48:14 - [TEST_STEP][PASSED] - Statement - availableStoreList = driver.findElements(org.openqa.selenium.By.xpath(com.kms.katalon.core.testdata.TestDataFactory.findTestData(OR_file).getValue(2, 10))): Reading excel file with source file 'C:\Users\shalinin\Katalon Studio\HME_DEVScripts\Data Files\HME_OR.xlsx' and sheet name 'Sheet1'

2018-07-05 20:48:14 - [TEST_STEP][PASSED] - Statement - actualList = new java.util.ArrayList(): null

2018-07-05 20:48:14 - [TEST_STEP][PASSED] - Statement - For ([i = 0, i < availableStoreList.size(), (i++)]): null

2018-07-05 20:48:14 - [TEST_STEP][PASSED] - Statement - actualList.add(i, availableStoreList.get(i).getText()): null

2018-07-05 20:48:14 - [TEST_STEP][PASSED] - Statement - actualList.add(i, availableStoreList.get(i).getText()): null

2018-07-05 20:48:14 - [TEST_STEP][PASSED] - Statement - actualList.add(i, availableStoreList.get(i).getText()): null

2018-07-05 20:48:14 - [TEST_STEP][PASSED] - Statement - actualList.add(i, availableStoreList.get(i).getText()): null

2018-07-05 20:48:14 - [TEST_STEP][PASSED] - Statement - actualList.add(i, availableStoreList.get(i).getText()): null

2018-07-05 20:48:14 - [TEST_STEP][PASSED] - Statement - actualList.add(i, availableStoreList.get(i).getText()): null

2018-07-05 20:48:14 - [TEST_STEP][PASSED] - Statement - actualList.add(i, availableStoreList.get(i).getText()): null

2018-07-05 20:48:15 - [TEST_STEP][PASSED] - Statement - actualList.add(i, availableStoreList.get(i).getText()): null

2018-07-05 20:48:15 - [TEST_STEP][PASSED] - Statement - actualList.add(i, availableStoreList.get(i).getText()): null

2018-07-05 20:48:15 - [TEST_STEP][PASSED] - Statement - actualList.add(i, availableStoreList.get(i).getText()): null

2018-07-05 20:48:15 - [TEST_STEP][PASSED] - Statement - actualList.add(i, availableStoreList.get(i).getText()): null

2018-07-05 20:48:15 - [TEST_STEP][PASSED] - Statement - actualList.add(i, availableStoreList.get(i).getText()): null

2018-07-05 20:48:15 - [TEST_STEP][PASSED] - Statement - actualList.add(i, availableStoreList.get(i).getText()): null

2018-07-05 20:48:15 - [TEST_STEP][PASSED] - Statement - actualList.add(i, availableStoreList.get(i).getText()): null

2018-07-05 20:48:15 - [TEST_STEP][PASSED] - Statement - actualList.add(i, availableStoreList.get(i).getText()): null

2018-07-05 20:48:15 - [TEST_STEP][PASSED] - Statement - actualList.add(i, availableStoreList.get(i).getText()): null

2018-07-05 20:48:15 - [TEST_STEP][PASSED] - Statement - actualList.add(i, availableStoreList.get(i).getText()): null

2018-07-05 20:48:15 - [TEST_STEP][PASSED] - Statement - actualList.add(i, availableStoreList.get(i).getText()): null

2018-07-05 20:48:15 - [TEST_STEP][PASSED] - Statement - actualList.add(i, availableStoreList.get(i).getText()): null

2018-07-05 20:48:15 - [TEST_STEP][PASSED] - Statement - actualList.add(i, availableStoreList.get(i).getText()): null

2018-07-05 20:48:15 - [TEST_STEP][PASSED] - Statement - actualList.add(i, availableStoreList.get(i).getText()): null

2018-07-05 20:48:15 - [TEST_STEP][PASSED] - Statement - actualList.add(i, availableStoreList.get(i).getText()): null

2018-07-05 20:48:15 - [TEST_STEP][PASSED] - Statement - actualList.add(i, availableStoreList.get(i).getText()): null

2018-07-05 20:48:15 - [TEST_STEP][PASSED] - Statement - actualList.add(i, availableStoreList.get(i).getText()): null

2018-07-05 20:48:15 - [TEST_STEP][PASSED] - Statement - actualList.add(i, availableStoreList.get(i).getText()): null

2018-07-05 20:48:15 - [TEST_STEP][PASSED] - Statement - actualList.add(i, availableStoreList.get(i).getText()): null

2018-07-05 20:48:15 - [TEST_STEP][PASSED] - Statement - actualList.add(i, availableStoreList.get(i).getText()): null

2018-07-05 20:48:15 - [TEST_STEP][PASSED] - Statement - actualList.add(i, availableStoreList.get(i).getText()): null

2018-07-05 20:48:15 - [TEST_STEP][PASSED] - Statement - actualList.add(i, availableStoreList.get(i).getText()): null

2018-07-05 20:48:15 - [TEST_STEP][PASSED] - Statement - actualList.add(i, availableStoreList.get(i).getText()): null

2018-07-05 20:48:15 - [TEST_STEP][PASSED] - Statement - actualList.add(i, availableStoreList.get(i).getText()): null

2018-07-05 20:48:15 - [TEST_STEP][PASSED] - Statement - actualList.add(i, availableStoreList.get(i).getText()): null

2018-07-05 20:48:15 - [TEST_STEP][PASSED] - Statement - actualList.add(i, availableStoreList.get(i).getText()): null

2018-07-05 20:48:15 - [TEST_STEP][PASSED] - Statement - actualList.add(i, availableStoreList.get(i).getText()): null

2018-07-05 20:48:15 - [TEST_STEP][PASSED] - Statement - actualList.add(i, availableStoreList.get(i).getText()): null

2018-07-05 20:48:15 - [TEST_STEP][PASSED] - Statement - actualList.add(i, availableStoreList.get(i).getText()): null

2018-07-05 20:48:15 - [TEST_STEP][PASSED] - Statement - actualList.add(i, availableStoreList.get(i).getText()): null

2018-07-05 20:48:15 - [TEST_STEP][PASSED] - Statement - actualList.add(i, availableStoreList.get(i).getText()): null

2018-07-05 20:48:15 - [TEST_STEP][PASSED] - Statement - actualList.add(i, availableStoreList.get(i).getText()): null

2018-07-05 20:48:15 - [TEST_STEP][PASSED] - Statement - actualList.add(i, availableStoreList.get(i).getText()): null

2018-07-05 20:48:15 - [TEST_STEP][PASSED] - Statement - actualList.add(i, availableStoreList.get(i).getText()): null

2018-07-05 20:48:15 - [TEST_STEP][PASSED] - Statement - actualList.add(i, availableStoreList.get(i).getText()): null

2018-07-05 20:48:15 - [TEST_STEP][PASSED] - Statement - actualList.add(i, availableStoreList.get(i).getText()): null

2018-07-05 20:48:15 - [TEST_STEP][PASSED] - Statement - actualList.add(i, availableStoreList.get(i).getText()): null

2018-07-05 20:48:15 - [TEST_STEP][PASSED] - Statement - actualList.add(i, availableStoreList.get(i).getText()): null

2018-07-05 20:48:15 - [TEST_STEP][PASSED] - Statement - actualList.add(i, availableStoreList.get(i).getText()): null

2018-07-05 20:48:15 - [TEST_STEP][PASSED] - Statement - actualList.add(i, availableStoreList.get(i).getText()): null

2018-07-05 20:48:15 - [TEST_STEP][PASSED] - Statement - actualList.add(i, availableStoreList.get(i).getText()): null

2018-07-05 20:48:15 - [TEST_STEP][PASSED] - Statement - actualList.add(i, availableStoreList.get(i).getText()): null

2018-07-05 20:48:15 - [TEST_STEP][PASSED] - Statement - actualList.add(i, availableStoreList.get(i).getText()): null

2018-07-05 20:48:15 - [TEST_STEP][PASSED] - Statement - actualList.add(i, availableStoreList.get(i).getText()): null

2018-07-05 20:48:15 - [TEST_STEP][PASSED] - Statement - actualList.add(i, availableStoreList.get(i).getText()): null

2018-07-05 20:48:15 - [TEST_STEP][PASSED] - Statement - actualList.add(i, availableStoreList.get(i).getText()): null

2018-07-05 20:48:15 - [TEST_STEP][PASSED] - Statement - actualList.add(i, availableStoreList.get(i).getText()): null

2018-07-05 20:48:15 - [TEST_STEP][PASSED] - Statement - actualList.add(i, availableStoreList.get(i).getText()): null

2018-07-05 20:48:15 - [TEST_STEP][PASSED] - Statement - actualList.add(i, availableStoreList.get(i).getText()): null

2018-07-05 20:48:15 - [TEST_STEP][PASSED] - Statement - actualList.add(i, availableStoreList.get(i).getText()): null

2018-07-05 20:48:15 - [TEST_STEP][PASSED] - Statement - actualList.add(i, availableStoreList.get(i).getText()): null

2018-07-05 20:48:15 - [TEST_STEP][PASSED] - Statement - actualList.add(i, availableStoreList.get(i).getText()): null

2018-07-05 20:48:15 - [TEST_STEP][PASSED] - Statement - actualList.add(i, availableStoreList.get(i).getText()): null

2018-07-05 20:48:15 - [TEST_STEP][PASSED] - Statement - actualList.add(i, availableStoreList.get(i).getText()): null

2018-07-05 20:48:15 - [TEST_STEP][PASSED] - Statement - actualList.add(i, availableStoreList.get(i).getText()): null

2018-07-05 20:48:15 - [TEST_STEP][PASSED] - Statement - actualList.add(i, availableStoreList.get(i).getText()): null

2018-07-05 20:48:15 - [TEST_STEP][PASSED] - Statement - actualList.add(i, availableStoreList.get(i).getText()): null

2018-07-05 20:48:15 - [TEST_STEP][PASSED] - Statement - actualList.add(i, availableStoreList.get(i).getText()): null

2018-07-05 20:48:15 - [TEST_STEP][PASSED] - Statement - actualList.add(i, availableStoreList.get(i).getText()): null

2018-07-05 20:48:15 - [TEST_STEP][PASSED] - Statement - actualList.add(i, availableStoreList.get(i).getText()): null

2018-07-05 20:48:15 - [TEST_STEP][PASSED] - Statement - actualList.add(i, availableStoreList.get(i).getText()): null

2018-07-05 20:48:15 - [TEST_STEP][PASSED] - Statement - actualList.add(i, availableStoreList.get(i).getText()): null

2018-07-05 20:48:15 - [TEST_STEP][PASSED] - Statement - actualList.add(i, availableStoreList.get(i).getText()): null

2018-07-05 20:48:15 - [TEST_STEP][PASSED] - Statement - actualList.add(i, availableStoreList.get(i).getText()): null

2018-07-05 20:48:16 - [TEST_STEP][PASSED] - Statement - actualList.add(i, availableStoreList.get(i).getText()): null

2018-07-05 20:48:16 - [TEST_STEP][PASSED] - Statement - actualList.add(i, availableStoreList.get(i).getText()): null

2018-07-05 20:48:16 - [TEST_STEP][PASSED] - Statement - actualList.add(i, availableStoreList.get(i).getText()): null

2018-07-05 20:48:16 - [TEST_STEP][PASSED] - Statement - actualList.add(i, availableStoreList.get(i).getText()): null

2018-07-05 20:48:16 - [TEST_STEP][PASSED] - Statement - actualList.add(i, availableStoreList.get(i).getText()): null

2018-07-05 20:48:16 - [TEST_STEP][PASSED] - Statement - actualList.add(i, availableStoreList.get(i).getText()): null

2018-07-05 20:48:16 - [TEST_STEP][PASSED] - Statement - actualList.add(i, availableStoreList.get(i).getText()): null

2018-07-05 20:48:16 - [TEST_STEP][PASSED] - Statement - actualList.add(i, availableStoreList.get(i).getText()): null

2018-07-05 20:48:16 - [TEST_STEP][PASSED] - Statement - actualList.add(i, availableStoreList.get(i).getText()): null

2018-07-05 20:48:16 - [TEST_STEP][PASSED] - Statement - actualList.add(i, availableStoreList.get(i).getText()): null

2018-07-05 20:48:16 - [TEST_STEP][PASSED] - Statement - actualList.add(i, availableStoreList.get(i).getText()): null

2018-07-05 20:48:16 - [TEST_STEP][PASSED] - Statement - actualList.add(i, availableStoreList.get(i).getText()): null

2018-07-05 20:48:16 - [TEST_STEP][PASSED] - Statement - actualList.add(i, availableStoreList.get(i).getText()): null

2018-07-05 20:48:16 - [TEST_STEP][PASSED] - Statement - actualList.add(i, availableStoreList.get(i).getText()): null

2018-07-05 20:48:16 - [TEST_STEP][PASSED] - Statement - actualList.add(i, availableStoreList.get(i).getText()): null

2018-07-05 20:48:16 - [TEST_STEP][PASSED] - Statement - actualList.add(i, availableStoreList.get(i).getText()): null

2018-07-05 20:48:16 - [TEST_STEP][PASSED] - Statement - actualList.add(i, availableStoreList.get(i).getText()): null

2018-07-05 20:48:16 - [TEST_STEP][PASSED] - Statement - actualList.add(i, availableStoreList.get(i).getText()): null

2018-07-05 20:48:16 - [TEST_STEP][PASSED] - Statement - actualList.add(i, availableStoreList.get(i).getText()): null

2018-07-05 20:48:16 - [TEST_STEP][PASSED] - Statement - actualList.add(i, availableStoreList.get(i).getText()): null

2018-07-05 20:48:16 - [TEST_STEP][PASSED] - Statement - actualList.add(i, availableStoreList.get(i).getText()): null

2018-07-05 20:48:16 - [TEST_STEP][PASSED] - Statement - actualList.add(i, availableStoreList.get(i).getText()): null

2018-07-05 20:48:16 - [TEST_STEP][PASSED] - Statement - actualList.add(i, availableStoreList.get(i).getText()): null

2018-07-05 20:48:16 - [TEST_STEP][PASSED] - Statement - actualList.add(i, availableStoreList.get(i).getText()): null

2018-07-05 20:48:16 - [TEST_STEP][PASSED] - Statement - actualList.add(i, availableStoreList.get(i).getText()): null

2018-07-05 20:48:16 - [TEST_STEP][PASSED] - Statement - actualList.add(i, availableStoreList.get(i).getText()): null

2018-07-05 20:48:16 - [TEST_STEP][PASSED] - Statement - actualList.add(i, availableStoreList.get(i).getText()): null

2018-07-05 20:48:16 - [TEST_STEP][PASSED] - Statement - actualList.add(i, availableStoreList.get(i).getText()): null

2018-07-05 20:48:16 - [TEST_STEP][PASSED] - Statement - actualList.add(i, availableStoreList.get(i).getText()): null

2018-07-05 20:48:16 - [TEST_STEP][PASSED] - Statement - actualList.add(i, availableStoreList.get(i).getText()): null

2018-07-05 20:48:16 - [TEST_STEP][PASSED] - Statement - actualList.add(i, availableStoreList.get(i).getText()): null

2018-07-05 20:48:16 - [TEST_STEP][PASSED] - Statement - actualList.add(i, availableStoreList.get(i).getText()): null

2018-07-05 20:48:16 - [TEST_STEP][PASSED] - Statement - actualList.add(i, availableStoreList.get(i).getText()): null

2018-07-05 20:48:16 - [TEST_STEP][PASSED] - Statement - actualList.add(i, availableStoreList.get(i).getText()): null

2018-07-05 20:48:16 - [TEST_STEP][PASSED] - Statement - actualList.add(i, availableStoreList.get(i).getText()): null

2018-07-05 20:48:16 - [TEST_STEP][PASSED] - Statement - actualList.add(i, availableStoreList.get(i).getText()): null

2018-07-05 20:48:16 - [TEST_STEP][PASSED] - Statement - actualList.add(i, availableStoreList.get(i).getText()): null

2018-07-05 20:48:16 - [TEST_STEP][PASSED] - Statement - actualList.add(i, availableStoreList.get(i).getText()): null

2018-07-05 20:48:16 - [TEST_STEP][PASSED] - Statement - actualList.add(i, availableStoreList.get(i).getText()): null

2018-07-05 20:48:16 - [TEST_STEP][PASSED] - Statement - actualList.add(i, availableStoreList.get(i).getText()): null

2018-07-05 20:48:16 - [TEST_STEP][PASSED] - Statement - actualList.add(i, availableStoreList.get(i).getText()): null

2018-07-05 20:48:16 - [TEST_STEP][PASSED] - Statement - actualList.add(i, availableStoreList.get(i).getText()): null

2018-07-05 20:48:16 - [TEST_STEP][PASSED] - Statement - actualList.add(i, availableStoreList.get(i).getText()): null

2018-07-05 20:48:16 - [TEST_STEP][PASSED] - Statement - actualList.add(i, availableStoreList.get(i).getText()): null

2018-07-05 20:48:16 - [TEST_STEP][PASSED] - Statement - actualList.add(i, availableStoreList.get(i).getText()): null

2018-07-05 20:48:16 - [TEST_STEP][PASSED] - Statement - actualList.add(i, availableStoreList.get(i).getText()): null

2018-07-05 20:48:16 - [TEST_STEP][PASSED] - Statement - actualList.add(i, availableStoreList.get(i).getText()): null

2018-07-05 20:48:16 - [TEST_STEP][PASSED] - Statement - actualList.add(i, availableStoreList.get(i).getText()): null

2018-07-05 20:48:16 - [TEST_STEP][PASSED] - Statement - actualList.add(i, availableStoreList.get(i).getText()): null

2018-07-05 20:48:16 - [TEST_STEP][PASSED] - Statement - actualList.add(i, availableStoreList.get(i).getText()): null

2018-07-05 20:48:16 - [TEST_STEP][PASSED] - Statement - actualList.add(i, availableStoreList.get(i).getText()): null

2018-07-05 20:48:16 - [TEST_STEP][PASSED] - Statement - actualList.add(i, availableStoreList.get(i).getText()): null

2018-07-05 20:48:16 - [TEST_STEP][PASSED] - Statement - actualList.add(i, availableStoreList.get(i).getText()): null

2018-07-05 20:48:16 - [TEST_STEP][PASSED] - Statement - actualList.add(i, availableStoreList.get(i).getText()): null

2018-07-05 20:48:16 - [TEST_STEP][PASSED] - Statement - actualList.add(i, availableStoreList.get(i).getText()): null

2018-07-05 20:48:16 - [TEST_STEP][PASSED] - Statement - actualList.add(i, availableStoreList.get(i).getText()): null

2018-07-05 20:48:16 - [TEST_STEP][PASSED] - Statement - actualList.add(i, availableStoreList.get(i).getText()): null

2018-07-05 20:48:16 - [TEST_STEP][PASSED] - Statement - actualList.add(i, availableStoreList.get(i).getText()): null

2018-07-05 20:48:16 - [TEST_STEP][PASSED] - Statement - actualList.add(i, availableStoreList.get(i).getText()): null

2018-07-05 20:48:16 - [TEST_STEP][PASSED] - Statement - actualList.add(i, availableStoreList.get(i).getText()): null

2018-07-05 20:48:16 - [TEST_STEP][PASSED] - Statement - actualList.add(i, availableStoreList.get(i).getText()): null

2018-07-05 20:48:16 - [TEST_STEP][PASSED] - Statement - actualList.add(i, availableStoreList.get(i).getText()): null

2018-07-05 20:48:16 - [TEST_STEP][PASSED] - Statement - actualList.add(i, availableStoreList.get(i).getText()): null

2018-07-05 20:48:16 - [TEST_STEP][PASSED] - Statement - actualList.add(i, availableStoreList.get(i).getText()): null

2018-07-05 20:48:16 - [TEST_STEP][PASSED] - Statement - actualList.add(i, availableStoreList.get(i).getText()): null

2018-07-05 20:48:17 - [TEST_STEP][PASSED] - Statement - actualList.add(i, availableStoreList.get(i).getText()): null

2018-07-05 20:48:17 - [TEST_STEP][PASSED] - Statement - actualList.add(i, availableStoreList.get(i).getText()): null

2018-07-05 20:48:17 - [TEST_STEP][PASSED] - Statement - actualList.add(i, availableStoreList.get(i).getText()): null

2018-07-05 20:48:17 - [TEST_STEP][PASSED] - Statement - actualList.add(i, availableStoreList.get(i).getText()): null

2018-07-05 20:48:17 - [TEST_STEP][PASSED] - Statement - actualList.add(i, availableStoreList.get(i).getText()): null

2018-07-05 20:48:17 - [TEST_STEP][PASSED] - Statement - actualList.add(i, availableStoreList.get(i).getText()): null

2018-07-05 20:48:17 - [TEST_STEP][PASSED] - Statement - actualList.add(i, availableStoreList.get(i).getText()): null

2018-07-05 20:48:17 - [TEST_STEP][PASSED] - Statement - actualList.add(i, availableStoreList.get(i).getText()): null

2018-07-05 20:48:17 - [TEST_STEP][PASSED] - Statement - actualList.add(i, availableStoreList.get(i).getText()): null

2018-07-05 20:48:17 - [TEST_STEP][PASSED] - Statement - actualList.add(i, availableStoreList.get(i).getText()): null

2018-07-05 20:48:17 - [TEST_STEP][PASSED] - Statement - actualList.add(i, availableStoreList.get(i).getText()): null

2018-07-05 20:48:17 - [TEST_STEP][PASSED] - Statement - actualList.add(i, availableStoreList.get(i).getText()): null

2018-07-05 20:48:17 - [TEST_STEP][PASSED] - Statement - actualList.add(i, availableStoreList.get(i).getText()): null

2018-07-05 20:48:17 - [TEST_STEP][PASSED] - Statement - actualList.add(i, availableStoreList.get(i).getText()): null

2018-07-05 20:48:17 - [TEST_STEP][PASSED] - Statement - actualList.add(i, availableStoreList.get(i).getText()): null

2018-07-05 20:48:17 - [TEST_STEP][PASSED] - Statement - actualList.add(i, availableStoreList.get(i).getText()): null

2018-07-05 20:48:17 - [TEST_STEP][PASSED] - Statement - actualList.add(i, availableStoreList.get(i).getText()): null

2018-07-05 20:48:17 - [TEST_STEP][PASSED] - Statement - actualList.add(i, availableStoreList.get(i).getText()): null

2018-07-05 20:48:17 - [TEST_STEP][PASSED] - Statement - actualList.add(i, availableStoreList.get(i).getText()): null

2018-07-05 20:48:17 - [TEST_STEP][PASSED] - Statement - actualList.add(i, availableStoreList.get(i).getText()): null

2018-07-05 20:48:17 - [TEST_STEP][PASSED] - Statement - actualList.add(i, availableStoreList.get(i).getText()): null

2018-07-05 20:48:17 - [TEST_STEP][PASSED] - Statement - actualList.add(i, availableStoreList.get(i).getText()): null

2018-07-05 20:48:17 - [TEST_STEP][PASSED] - Statement - actualList.add(i, availableStoreList.get(i).getText()): null

2018-07-05 20:48:17 - [TEST_STEP][PASSED] - Statement - actualList.add(i, availableStoreList.get(i).getText()): null

2018-07-05 20:48:17 - [TEST_STEP][PASSED] - Statement - actualList.add(i, availableStoreList.get(i).getText()): null

2018-07-05 20:48:17 - [TEST_STEP][PASSED] - Statement - actualList.add(i, availableStoreList.get(i).getText()): null

2018-07-05 20:48:17 - [TEST_STEP][PASSED] - Statement - actualList.add(i, availableStoreList.get(i).getText()): null

2018-07-05 20:48:17 - [TEST_STEP][PASSED] - Statement - actualList.add(i, availableStoreList.get(i).getText()): null

2018-07-05 20:48:17 - [TEST_STEP][PASSED] - Statement - actualList.add(i, availableStoreList.get(i).getText()): null

2018-07-05 20:48:17 - [TEST_STEP][PASSED] - Statement - actualList.add(i, availableStoreList.get(i).getText()): null

2018-07-05 20:48:17 - [TEST_STEP][PASSED] - Statement - actualList.add(i, availableStoreList.get(i).getText()): null

2018-07-05 20:48:17 - [TEST_STEP][PASSED] - Statement - actualList.add(i, availableStoreList.get(i).getText()): null

2018-07-05 20:48:17 - [TEST_STEP][PASSED] - Statement - actualList.add(i, availableStoreList.get(i).getText()): null

2018-07-05 20:48:17 - [TEST_STEP][PASSED] - Statement - actualList.add(i, availableStoreList.get(i).getText()): null

2018-07-05 20:48:17 - [TEST_STEP][PASSED] - Statement - actualList.add(i, availableStoreList.get(i).getText()): null

2018-07-05 20:48:17 - [TEST_STEP][PASSED] - Statement - actualList.add(i, availableStoreList.get(i).getText()): null

2018-07-05 20:48:17 - [TEST_STEP][PASSED] - Statement - actualList.add(i, availableStoreList.get(i).getText()): null

2018-07-05 20:48:17 - [TEST_STEP][PASSED] - Statement - actualList.add(i, availableStoreList.get(i).getText()): null

2018-07-05 20:48:17 - [TEST_STEP][PASSED] - Statement - actualList.add(i, availableStoreList.get(i).getText()): null

2018-07-05 20:48:17 - [TEST_STEP][PASSED] - Statement - actualList.add(i, availableStoreList.get(i).getText()): null

2018-07-05 20:48:17 - [TEST_STEP][PASSED] - Statement - actualList.add(i, availableStoreList.get(i).getText()): null

2018-07-05 20:48:17 - [TEST_STEP][PASSED] - Statement - actualList.add(i, availableStoreList.get(i).getText()): null

2018-07-05 20:48:17 - [TEST_STEP][PASSED] - Statement - actualList.add(i, availableStoreList.get(i).getText()): null

2018-07-05 20:48:17 - [TEST_STEP][PASSED] - Statement - actualList.add(i, availableStoreList.get(i).getText()): null

2018-07-05 20:48:17 - [TEST_STEP][PASSED] - Statement - actualList.add(i, availableStoreList.get(i).getText()): null

2018-07-05 20:48:17 - [TEST_STEP][PASSED] - Statement - actualList.add(i, availableStoreList.get(i).getText()): null

2018-07-05 20:48:17 - [TEST_STEP][PASSED] - Statement - actualList.add(i, availableStoreList.get(i).getText()): null

2018-07-05 20:48:17 - [TEST_STEP][PASSED] - Statement - actualList.add(i, availableStoreList.get(i).getText()): null

2018-07-05 20:48:17 - [TEST_STEP][PASSED] - Statement - actualList.add(i, availableStoreList.get(i).getText()): null

2018-07-05 20:48:17 - [TEST_STEP][PASSED] - Statement - actualList.add(i, availableStoreList.get(i).getText()): null

2018-07-05 20:48:17 - [TEST_STEP][PASSED] - Statement - actualList.add(i, availableStoreList.get(i).getText()): null

2018-07-05 20:48:17 - [TEST_STEP][PASSED] - Statement - actualList.add(i, availableStoreList.get(i).getText()): null

2018-07-05 20:48:17 - [TEST_STEP][PASSED] - Statement - actualList.add(i, availableStoreList.get(i).getText()): null

2018-07-05 20:48:17 - [TEST_STEP][PASSED] - Statement - actualList.add(i, availableStoreList.get(i).getText()): null

2018-07-05 20:48:17 - [TEST_STEP][PASSED] - Statement - actualList.add(i, availableStoreList.get(i).getText()): null

2018-07-05 20:48:17 - [TEST_STEP][PASSED] - Statement - actualList.add(i, availableStoreList.get(i).getText()): null

2018-07-05 20:48:17 - [TEST_STEP][PASSED] - Statement - actualList.add(i, availableStoreList.get(i).getText()): null

2018-07-05 20:48:17 - [TEST_STEP][PASSED] - Statement - actualList.add(i, availableStoreList.get(i).getText()): null

2018-07-05 20:48:17 - [TEST_STEP][PASSED] - Statement - actualList.add(i, availableStoreList.get(i).getText()): null

2018-07-05 20:48:17 - [TEST_STEP][PASSED] - Statement - actualList.add(i, availableStoreList.get(i).getText()): null

2018-07-05 20:48:17 - [TEST_STEP][PASSED] - Statement - actualList.add(i, availableStoreList.get(i).getText()): null

2018-07-05 20:48:17 - [TEST_STEP][PASSED] - Statement - actualList.add(i, availableStoreList.get(i).getText()): null

2018-07-05 20:48:17 - [TEST_STEP][PASSED] - Statement - actualList.add(i, availableStoreList.get(i).getText()): null

2018-07-05 20:48:17 - [TEST_STEP][PASSED] - Statement - actualList.add(i, availableStoreList.get(i).getText()): null

2018-07-05 20:48:18 - [TEST_STEP][PASSED] - Statement - actualList.add(i, availableStoreList.get(i).getText()): null

2018-07-05 20:48:18 - [TEST_STEP][PASSED] - Statement - actualList.add(i, availableStoreList.get(i).getText()): null

2018-07-05 20:48:18 - [TEST_STEP][PASSED] - Statement - actualList.add(i, availableStoreList.get(i).getText()): null

2018-07-05 20:48:18 - [TEST_STEP][PASSED] - Statement - actualList.add(i, availableStoreList.get(i).getText()): null

2018-07-05 20:48:18 - [TEST_STEP][PASSED] - Statement - actualList.add(i, availableStoreList.get(i).getText()): null

2018-07-05 20:48:18 - [TEST_STEP][PASSED] - Statement - actualList.add(i, availableStoreList.get(i).getText()): null

2018-07-05 20:48:18 - [TEST_STEP][PASSED] - Statement - actualList.add(i, availableStoreList.get(i).getText()): null

2018-07-05 20:48:18 - [TEST_STEP][PASSED] - Statement - actualList.add(i, availableStoreList.get(i).getText()): null

2018-07-05 20:48:18 - [TEST_STEP][PASSED] - Statement - actualList.add(i, availableStoreList.get(i).getText()): null

2018-07-05 20:48:18 - [TEST_STEP][PASSED] - Statement - actualList.add(i, availableStoreList.get(i).getText()): null

2018-07-05 20:48:18 - [TEST_STEP][PASSED] - Statement - actualList.add(i, availableStoreList.get(i).getText()): null

2018-07-05 20:48:18 - [TEST_STEP][PASSED] - Statement - actualList.add(i, availableStoreList.get(i).getText()): null

2018-07-05 20:48:18 - [TEST_STEP][PASSED] - Statement - actualList.add(i, availableStoreList.get(i).getText()): null

2018-07-05 20:48:18 - [TEST_STEP][PASSED] - Statement - actualList.add(i, availableStoreList.get(i).getText()): null

2018-07-05 20:48:18 - [TEST_STEP][PASSED] - Statement - actualList.add(i, availableStoreList.get(i).getText()): null

2018-07-05 20:48:18 - [TEST_STEP][PASSED] - Statement - actualList.add(i, availableStoreList.get(i).getText()): null

2018-07-05 20:48:18 - [TEST_STEP][PASSED] - Statement - actualList.add(i, availableStoreList.get(i).getText()): null

2018-07-05 20:48:18 - [TEST_STEP][PASSED] - Statement - actualList.add(i, availableStoreList.get(i).getText()): null

2018-07-05 20:48:18 - [TEST_STEP][PASSED] - Statement - actualList.add(i, availableStoreList.get(i).getText()): null

2018-07-05 20:48:18 - [TEST_STEP][PASSED] - Statement - actualList.add(i, availableStoreList.get(i).getText()): null

2018-07-05 20:48:18 - [TEST_STEP][PASSED] - Statement - actualList.add(i, availableStoreList.get(i).getText()): null

2018-07-05 20:48:18 - [TEST_STEP][PASSED] - Statement - actualList.add(i, availableStoreList.get(i).getText()): null

2018-07-05 20:48:18 - [TEST_STEP][PASSED] - Statement - actualList.add(i, availableStoreList.get(i).getText()): null

2018-07-05 20:48:18 - [TEST_STEP][PASSED] - Statement - actualList.add(i, availableStoreList.get(i).getText()): null

2018-07-05 20:48:18 - [TEST_STEP][PASSED] - Statement - actualList.add(i, availableStoreList.get(i).getText()): null

2018-07-05 20:48:18 - [TEST_STEP][PASSED] - Statement - actualList.add(i, availableStoreList.get(i).getText()): null

2018-07-05 20:48:18 - [TEST_STEP][PASSED] - Statement - actualList.add(i, availableStoreList.get(i).getText()): null

2018-07-05 20:48:18 - [TEST_STEP][PASSED] - Statement - actualList.add(i, availableStoreList.get(i).getText()): null

2018-07-05 20:48:18 - [TEST_STEP][PASSED] - Statement - actualList.add(i, availableStoreList.get(i).getText()): null

2018-07-05 20:48:18 - [TEST_STEP][PASSED] - Statement - actualList.add(i, availableStoreList.get(i).getText()): null

2018-07-05 20:48:18 - [TEST_STEP][PASSED] - Statement - actualList.add(i, availableStoreList.get(i).getText()): null

2018-07-05 20:48:18 - [TEST_STEP][PASSED] - Statement - actualList.add(i, availableStoreList.get(i).getText()): null

2018-07-05 20:48:18 - [TEST_STEP][PASSED] - Statement - actualList.add(i, availableStoreList.get(i).getText()): null

2018-07-05 20:48:18 - [TEST_STEP][PASSED] - Statement - actualList.add(i, availableStoreList.get(i).getText()): null

2018-07-05 20:48:18 - [TEST_STEP][PASSED] - Statement - actualList.add(i, availableStoreList.get(i).getText()): null

2018-07-05 20:48:18 - [TEST_STEP][PASSED] - Statement - actualList.add(i, availableStoreList.get(i).getText()): null

2018-07-05 20:48:18 - [TEST_STEP][PASSED] - Statement - actualList.add(i, availableStoreList.get(i).getText()): null

2018-07-05 20:48:18 - [TEST_STEP][PASSED] - Statement - actualList.add(i, availableStoreList.get(i).getText()): null

2018-07-05 20:48:18 - [TEST_STEP][PASSED] - Statement - actualList.add(i, availableStoreList.get(i).getText()): null

2018-07-05 20:48:18 - [TEST_STEP][PASSED] - Statement - actualList.add(i, availableStoreList.get(i).getText()): null

2018-07-05 20:48:18 - [TEST_STEP][PASSED] - Statement - actualList.add(i, availableStoreList.get(i).getText()): null

2018-07-05 20:48:18 - [TEST_STEP][PASSED] - Statement - actualList.add(i, availableStoreList.get(i).getText()): null

2018-07-05 20:48:18 - [TEST_STEP][PASSED] - Statement - actualList.add(i, availableStoreList.get(i).getText()): null

2018-07-05 20:48:18 - [TEST_STEP][PASSED] - Statement - actualList.add(i, availableStoreList.get(i).getText()): null

2018-07-05 20:48:18 - [TEST_STEP][PASSED] - Statement - actualList.add(i, availableStoreList.get(i).getText()): null

2018-07-05 20:48:18 - [TEST_STEP][PASSED] - Statement - actualList.add(i, availableStoreList.get(i).getText()): null

2018-07-05 20:48:18 - [TEST_STEP][PASSED] - Statement - actualList.add(i, availableStoreList.get(i).getText()): null

2018-07-05 20:48:18 - [TEST_STEP][PASSED] - Statement - actualList.add(i, availableStoreList.get(i).getText()): null

2018-07-05 20:48:18 - [TEST_STEP][PASSED] - Statement - actualList.add(i, availableStoreList.get(i).getText()): null

2018-07-05 20:48:18 - [TEST_STEP][PASSED] - Statement - actualList.add(i, availableStoreList.get(i).getText()): null

2018-07-05 20:48:18 - [TEST_STEP][PASSED] - Statement - actualList.add(i, availableStoreList.get(i).getText()): null

2018-07-05 20:48:18 - [TEST_STEP][PASSED] - Statement - actualList.add(i, availableStoreList.get(i).getText()): null

2018-07-05 20:48:18 - [TEST_STEP][PASSED] - Statement - actualList.add(i, availableStoreList.get(i).getText()): null

2018-07-05 20:48:18 - [TEST_STEP][PASSED] - Statement - actualList.add(i, availableStoreList.get(i).getText()): null

2018-07-05 20:48:18 - [TEST_STEP][PASSED] - Statement - actualList.add(i, availableStoreList.get(i).getText()): null

2018-07-05 20:48:18 - [TEST_STEP][PASSED] - Statement - actualList.add(i, availableStoreList.get(i).getText()): null

2018-07-05 20:48:18 - [TEST_STEP][PASSED] - Statement - actualList.add(i, availableStoreList.get(i).getText()): null

2018-07-05 20:48:18 - [TEST_STEP][PASSED] - Statement - actualList.add(i, availableStoreList.get(i).getText()): null

2018-07-05 20:48:18 - [TEST_STEP][PASSED] - Statement - actualList.add(i, availableStoreList.get(i).getText()): null

2018-07-05 20:48:18 - [TEST_STEP][PASSED] - Statement - actualList.add(i, availableStoreList.get(i).getText()): null

2018-07-05 20:48:18 - [TEST_STEP][PASSED] - Statement - out.println(actualList): null

2018-07-05 20:48:18 - [TEST_STEP][PASSED] - Statement - If (actualList.containsAll(listOfStores)): null

2018-07-05 20:48:18 - [TEST_STEP][PASSED] - Statement - println("Actual list contains the required stores or groups"): null

2018-07-05 20:48:18 - [TEST_STEP][PASSED] - uiaction.CommonUIActions.click: uiaction.CommonUIActions.click is PASSED

2018-07-05 20:48:19 - [MESSAGE][PASSED] - uiaction.CommonUIActions.click is PASSED

2018-07-05 20:48:19 - [TEST_STEP][PASSED] - uiaction.CommonUIActions.click: uiaction.CommonUIActions.click is PASSED

2018-07-05 20:48:19 - [MESSAGE][PASSED] - uiaction.CommonUIActions.click is PASSED

2018-07-05 20:48:19 - [TEST_STEP][PASSED] - uiaction.CommonUIActions.back: uiaction.CommonUIActions.back is PASSED

2018-07-05 20:48:19 - [MESSAGE][PASSED] - Navigate back successfully

2018-07-05 20:48:19 - [MESSAGE][PASSED] - uiaction.CommonUIActions.back is PASSED

2018-07-05 20:48:19 - [TEST_STEP][PASSED] - delay: Delayed 5 second(s)

2018-07-05 20:48:24 - [MESSAGE][PASSED] - Delayed 5 second(s)

2018-07-05 20:48:24 - [TEST_STEP][PASSED] - uiaction.CommonUIActions.back: uiaction.CommonUIActions.back is PASSED

2018-07-05 20:48:24 - [MESSAGE][PASSED] - Navigate back successfully

2018-07-05 20:48:24 - [MESSAGE][PASSED] - uiaction.CommonUIActions.back is PASSED

2018-07-05 20:48:24 - [TEST_STEP][PASSED] - delay: Delayed 5 second(s)

2018-07-05 20:48:29 - [MESSAGE][PASSED] - Delayed 5 second(s)

2018-07-05 20:48:29 - [TEST_STEP][PASSED] - uiaction.CommonUIActions.click: uiaction.CommonUIActions.click is PASSED

2018-07-05 20:48:29 - [MESSAGE][PASSED] - uiaction.CommonUIActions.click is PASSED

2018-07-05 20:48:29 - [TEST_STEP][PASSED] - uiaction.CommonUIActions.click: uiaction.CommonUIActions.click is PASSED

2018-07-05 20:48:29 - [MESSAGE][PASSED] - uiaction.CommonUIActions.click is PASSED

2018-07-05 20:48:29 - [TEST_STEP][PASSED] - uiaction.CommonUIActions.click: uiaction.CommonUIActions.click is PASSED

2018-07-05 20:48:29 - [MESSAGE][PASSED] - uiaction.CommonUIActions.click is PASSED

2018-07-05 20:48:29 - [TEST_STEP][PASSED] - uiaction.CommonUIActions.back: uiaction.CommonUIActions.back is PASSED

2018-07-05 20:48:29 - [MESSAGE][PASSED] - Navigate back successfully

2018-07-05 20:48:29 - [MESSAGE][PASSED] - uiaction.CommonUIActions.back is PASSED

2018-07-05 20:48:29 - [TEST_STEP][PASSED] - delay: Delayed 5 second(s)

2018-07-05 20:48:34 - [MESSAGE][PASSED] - Delayed 5 second(s)

2018-07-05 20:48:34 - [TEST_STEP][PASSED] - uiaction.CommonUIActions.back: uiaction.CommonUIActions.back is PASSED

2018-07-05 20:48:34 - [MESSAGE][PASSED] - Navigate back successfully

2018-07-05 20:48:34 - [MESSAGE][PASSED] - uiaction.CommonUIActions.back is PASSED

2018-07-05 20:48:34 - [TEST_STEP][PASSED] - delay: Delayed 5 second(s)

2018-07-05 20:48:39 - [MESSAGE][PASSED] - Delayed 5 second(s)

2018-07-05 20:48:39 - [TEST_STEP][PASSED] - uiaction.CommonUIActions.click: uiaction.CommonUIActions.click is PASSED

2018-07-05 20:48:39 - [MESSAGE][PASSED] - uiaction.CommonUIActions.click is PASSED

2018-07-05 20:48:39 - [TEST_STEP][PASSED] - delay: Delayed 10 second(s)

2018-07-05 20:48:49 - [MESSAGE][PASSED] - Delayed 10 second(s)

2018-07-05 20:48:49 - [TEST_STEP][PASSED] - Statement - StoresCBList = driver.findElements(org.openqa.selenium.By.xpath(com.kms.katalon.core.testdata.TestDataFactory.findTestData(OR_file).getValue(2, 12))): Reading excel file with source file 'C:\Users\shalinin\Katalon Studio\HME_DEVScripts\Data Files\HME_OR.xlsx' and sheet name 'Sheet1'

2018-07-05 20:48:49 - [TEST_STEP][PASSED] - Statement - storesLabel = driver.findElements(org.openqa.selenium.By.xpath(com.kms.katalon.core.testdata.TestDataFactory.findTestData(OR_file).getValue(2, 10))): Reading excel file with source file 'C:\Users\shalinin\Katalon Studio\HME_DEVScripts\Data Files\HME_OR.xlsx' and sheet name 'Sheet1'

2018-07-05 20:48:49 - [TEST_STEP][PASSED] - Statement - groupStoresList = new java.util.ArrayList(): null

2018-07-05 20:48:49 - [TEST_STEP][PASSED] - Statement - groupStoresList1 = new java.util.ArrayList(): null

2018-07-05 20:48:49 - [TEST_STEP][PASSED] - Statement - out.println(StoresCBList.size()): null

2018-07-05 20:48:49 - [TEST_STEP][PASSED] - delay: Delayed 10 second(s)

2018-07-05 20:48:59 - [MESSAGE][PASSED] - Delayed 10 second(s)

2018-07-05 20:48:59 - [TEST_STEP][PASSED] - Statement - For ([i = 0, i < StoresCBList.size(), (i++)]): null

2018-07-05 20:48:59 - [TEST_STEP][PASSED] - Statement - groupStoresList[i] = storesLabel.get(i).getText(): null

2018-07-05 20:48:59 - [TEST_STEP][PASSED] - Statement - StoresCBList.get(i).click(): null

2018-07-05 20:49:00 - [TEST_STEP][PASSED] - Statement - groupStoresList[i] = storesLabel.get(i).getText(): null

2018-07-05 20:49:00 - [TEST_STEP][PASSED] - Statement - StoresCBList.get(i).click(): null

2018-07-05 20:49:00 - [TEST_STEP][PASSED] - Statement - groupStoresList[i] = storesLabel.get(i).getText(): null

2018-07-05 20:49:00 - [TEST_STEP][PASSED] - Statement - StoresCBList.get(i).click(): null

2018-07-05 20:49:00 - [TEST_STEP][PASSED] - Statement - groupStoresList[i] = storesLabel.get(i).getText(): null

2018-07-05 20:49:00 - [TEST_STEP][PASSED] - Statement - StoresCBList.get(i).click(): null

2018-07-05 20:49:00 - [TEST_STEP][PASSED] - Statement - groupStoresList[i] = storesLabel.get(i).getText(): null

2018-07-05 20:49:00 - [TEST_STEP][PASSED] - Statement - StoresCBList.get(i).click(): null

2018-07-05 20:49:00 - [TEST_STEP][PASSED] - Statement - groupStoresList[i] = storesLabel.get(i).getText(): null

2018-07-05 20:49:00 - [TEST_STEP][PASSED] - Statement - StoresCBList.get(i).click(): null

2018-07-05 20:49:00 - [TEST_STEP][PASSED] - Statement - groupStoresList[i] = storesLabel.get(i).getText(): null

2018-07-05 20:49:00 - [TEST_STEP][PASSED] - Statement - StoresCBList.get(i).click(): null

2018-07-05 20:49:00 - [TEST_STEP][PASSED] - Statement - groupStoresList[i] = storesLabel.get(i).getText(): null

2018-07-05 20:49:00 - [TEST_STEP][PASSED] - Statement - StoresCBList.get(i).click(): null

2018-07-05 20:49:00 - [TEST_STEP][PASSED] - Statement - groupStoresList[i] = storesLabel.get(i).getText(): null

2018-07-05 20:49:00 - [TEST_STEP][PASSED] - Statement - StoresCBList.get(i).click(): null

2018-07-05 20:49:00 - [TEST_STEP][PASSED] - Statement - groupStoresList[i] = storesLabel.get(i).getText(): null

2018-07-05 20:49:00 - [TEST_STEP][PASSED] - Statement - StoresCBList.get(i).click(): null

2018-07-05 20:49:00 - [TEST_STEP][PASSED] - Statement - groupStoresList[i] = storesLabel.get(i).getText(): null

2018-07-05 20:49:00 - [TEST_STEP][PASSED] - Statement - StoresCBList.get(i).click(): null

2018-07-05 20:49:00 - [TEST_STEP][PASSED] - Statement - groupStoresList[i] = storesLabel.get(i).getText(): null

2018-07-05 20:49:00 - [TEST_STEP][PASSED] - Statement - StoresCBList.get(i).click(): null

2018-07-05 20:49:00 - [TEST_STEP][PASSED] - Statement - groupStoresList[i] = storesLabel.get(i).getText(): null

2018-07-05 20:49:00 - [TEST_STEP][PASSED] - Statement - StoresCBList.get(i).click(): null

2018-07-05 20:49:00 - [TEST_STEP][PASSED] - Statement - groupStoresList[i] = storesLabel.get(i).getText(): null

2018-07-05 20:49:00 - [TEST_STEP][PASSED] - Statement - StoresCBList.get(i).click(): null

2018-07-05 20:49:00 - [TEST_STEP][PASSED] - Statement - groupStoresList[i] = storesLabel.get(i).getText(): null

2018-07-05 20:49:00 - [TEST_STEP][PASSED] - Statement - StoresCBList.get(i).click(): null

2018-07-05 20:49:00 - [TEST_STEP][PASSED] - Statement - groupStoresList[i] = storesLabel.get(i).getText(): null

2018-07-05 20:49:01 - [TEST_STEP][PASSED] - Statement - StoresCBList.get(i).click(): null

2018-07-05 20:49:01 - [TEST_STEP][PASSED] - Statement - groupStoresList[i] = storesLabel.get(i).getText(): null

2018-07-05 20:49:01 - [TEST_STEP][PASSED] - Statement - StoresCBList.get(i).click(): null

2018-07-05 20:49:01 - [TEST_STEP][PASSED] - Statement - groupStoresList[i] = storesLabel.get(i).getText(): null

2018-07-05 20:49:01 - [TEST_STEP][PASSED] - Statement - StoresCBList.get(i).click(): null

2018-07-05 20:49:01 - [TEST_STEP][PASSED] - Statement - groupStoresList[i] = storesLabel.get(i).getText(): null

2018-07-05 20:49:01 - [TEST_STEP][PASSED] - Statement - StoresCBList.get(i).click(): null

2018-07-05 20:49:01 - [TEST_STEP][PASSED] - Statement - groupStoresList[i] = storesLabel.get(i).getText(): null

2018-07-05 20:49:01 - [TEST_STEP][PASSED] - Statement - StoresCBList.get(i).click(): null

2018-07-05 20:49:01 - [TEST_STEP][PASSED] - Statement - groupStoresList[i] = storesLabel.get(i).getText(): null

2018-07-05 20:49:01 - [TEST_STEP][PASSED] - Statement - StoresCBList.get(i).click(): null

2018-07-05 20:49:01 - [TEST_STEP][PASSED] - Statement - groupStoresList[i] = storesLabel.get(i).getText(): null

2018-07-05 20:49:01 - [TEST_STEP][PASSED] - Statement - StoresCBList.get(i).click(): null

2018-07-05 20:49:01 - [TEST_STEP][PASSED] - Statement - groupStoresList[i] = storesLabel.get(i).getText(): null

2018-07-05 20:49:01 - [TEST_STEP][PASSED] - Statement - StoresCBList.get(i).click(): null

2018-07-05 20:49:01 - [TEST_STEP][PASSED] - Statement - groupStoresList[i] = storesLabel.get(i).getText(): null

2018-07-05 20:49:01 - [TEST_STEP][PASSED] - Statement - StoresCBList.get(i).click(): null

2018-07-05 20:49:01 - [TEST_STEP][PASSED] - Statement - groupStoresList[i] = storesLabel.get(i).getText(): null

2018-07-05 20:49:01 - [TEST_STEP][PASSED] - Statement - StoresCBList.get(i).click(): null

2018-07-05 20:49:01 - [TEST_STEP][PASSED] - Statement - groupStoresList[i] = storesLabel.get(i).getText(): null

2018-07-05 20:49:01 - [TEST_STEP][PASSED] - Statement - StoresCBList.get(i).click(): null

2018-07-05 20:49:01 - [TEST_STEP][PASSED] - Statement - groupStoresList[i] = storesLabel.get(i).getText(): null

2018-07-05 20:49:01 - [TEST_STEP][PASSED] - Statement - StoresCBList.get(i).click(): null

2018-07-05 20:49:01 - [TEST_STEP][PASSED] - Statement - groupStoresList[i] = storesLabel.get(i).getText(): null

2018-07-05 20:49:01 - [TEST_STEP][PASSED] - Statement - StoresCBList.get(i).click(): null

2018-07-05 20:49:01 - [TEST_STEP][PASSED] - Statement - groupStoresList[i] = storesLabel.get(i).getText(): null

2018-07-05 20:49:01 - [TEST_STEP][PASSED] - Statement - StoresCBList.get(i).click(): null

2018-07-05 20:49:01 - [TEST_STEP][PASSED] - Statement - groupStoresList[i] = storesLabel.get(i).getText(): null

2018-07-05 20:49:01 - [TEST_STEP][PASSED] - Statement - StoresCBList.get(i).click(): null

2018-07-05 20:49:01 - [TEST_STEP][PASSED] - Statement - groupStoresList[i] = storesLabel.get(i).getText(): null

2018-07-05 20:49:02 - [TEST_STEP][PASSED] - Statement - StoresCBList.get(i).click(): null

2018-07-05 20:49:02 - [TEST_STEP][PASSED] - Statement - groupStoresList[i] = storesLabel.get(i).getText(): null

2018-07-05 20:49:02 - [TEST_STEP][PASSED] - Statement - StoresCBList.get(i).click(): null

2018-07-05 20:49:02 - [TEST_STEP][PASSED] - Statement - groupStoresList[i] = storesLabel.get(i).getText(): null

2018-07-05 20:49:02 - [TEST_STEP][PASSED] - Statement - StoresCBList.get(i).click(): null

2018-07-05 20:49:02 - [TEST_STEP][PASSED] - Statement - groupStoresList[i] = storesLabel.get(i).getText(): null

2018-07-05 20:49:02 - [TEST_STEP][PASSED] - Statement - StoresCBList.get(i).click(): null

2018-07-05 20:49:02 - [TEST_STEP][PASSED] - Statement - groupStoresList[i] = storesLabel.get(i).getText(): null

2018-07-05 20:49:02 - [TEST_STEP][PASSED] - Statement - StoresCBList.get(i).click(): null

2018-07-05 20:49:02 - [TEST_STEP][PASSED] - Statement - groupStoresList[i] = storesLabel.get(i).getText(): null

2018-07-05 20:49:02 - [TEST_STEP][PASSED] - Statement - StoresCBList.get(i).click(): null

2018-07-05 20:49:02 - [TEST_STEP][PASSED] - Statement - groupStoresList[i] = storesLabel.get(i).getText(): null

2018-07-05 20:49:02 - [TEST_STEP][PASSED] - Statement - StoresCBList.get(i).click(): null

2018-07-05 20:49:02 - [TEST_STEP][PASSED] - Statement - groupStoresList[i] = storesLabel.get(i).getText(): null

2018-07-05 20:49:02 - [TEST_STEP][PASSED] - Statement - StoresCBList.get(i).click(): null

2018-07-05 20:49:02 - [TEST_STEP][PASSED] - Statement - groupStoresList[i] = storesLabel.get(i).getText(): null

2018-07-05 20:49:02 - [TEST_STEP][PASSED] - Statement - StoresCBList.get(i).click(): null

2018-07-05 20:49:02 - [TEST_STEP][PASSED] - Statement - groupStoresList[i] = storesLabel.get(i).getText(): null

2018-07-05 20:49:02 - [TEST_STEP][PASSED] - Statement - StoresCBList.get(i).click(): null

2018-07-05 20:49:02 - [TEST_STEP][PASSED] - Statement - groupStoresList[i] = storesLabel.get(i).getText(): null

2018-07-05 20:49:02 - [TEST_STEP][PASSED] - Statement - StoresCBList.get(i).click(): null

2018-07-05 20:49:02 - [TEST_STEP][PASSED] - Statement - groupStoresList[i] = storesLabel.get(i).getText(): null

2018-07-05 20:49:02 - [TEST_STEP][PASSED] - Statement - StoresCBList.get(i).click(): null

2018-07-05 20:49:02 - [TEST_STEP][PASSED] - Statement - groupStoresList[i] = storesLabel.get(i).getText(): null

2018-07-05 20:49:02 - [TEST_STEP][PASSED] - Statement - StoresCBList.get(i).click(): null

2018-07-05 20:49:02 - [TEST_STEP][PASSED] - Statement - groupStoresList[i] = storesLabel.get(i).getText(): null

2018-07-05 20:49:02 - [TEST_STEP][PASSED] - Statement - StoresCBList.get(i).click(): null

2018-07-05 20:49:02 - [TEST_STEP][PASSED] - Statement - groupStoresList[i] = storesLabel.get(i).getText(): null

2018-07-05 20:49:02 - [TEST_STEP][PASSED] - Statement - StoresCBList.get(i).click(): null

2018-07-05 20:49:03 - [TEST_STEP][PASSED] - Statement - groupStoresList[i] = storesLabel.get(i).getText(): null

2018-07-05 20:49:03 - [TEST_STEP][PASSED] - Statement - StoresCBList.get(i).click(): null

2018-07-05 20:49:03 - [TEST_STEP][PASSED] - Statement - groupStoresList[i] = storesLabel.get(i).getText(): null

2018-07-05 20:49:03 - [TEST_STEP][PASSED] - Statement - StoresCBList.get(i).click(): null

2018-07-05 20:49:03 - [TEST_STEP][PASSED] - Statement - groupStoresList[i] = storesLabel.get(i).getText(): null

2018-07-05 20:49:03 - [TEST_STEP][PASSED] - Statement - StoresCBList.get(i).click(): null

2018-07-05 20:49:03 - [TEST_STEP][PASSED] - Statement - groupStoresList[i] = storesLabel.get(i).getText(): null

2018-07-05 20:49:03 - [TEST_STEP][PASSED] - Statement - StoresCBList.get(i).click(): null

2018-07-05 20:49:03 - [TEST_STEP][PASSED] - Statement - groupStoresList[i] = storesLabel.get(i).getText(): null

2018-07-05 20:49:03 - [TEST_STEP][PASSED] - Statement - StoresCBList.get(i).click(): null

2018-07-05 20:49:03 - [TEST_STEP][PASSED] - Statement - groupStoresList[i] = storesLabel.get(i).getText(): null

2018-07-05 20:49:03 - [TEST_STEP][PASSED] - Statement - StoresCBList.get(i).click(): null

2018-07-05 20:49:03 - [TEST_STEP][PASSED] - Statement - groupStoresList[i] = storesLabel.get(i).getText(): null

2018-07-05 20:49:03 - [TEST_STEP][PASSED] - Statement - StoresCBList.get(i).click(): null

2018-07-05 20:49:03 - [TEST_STEP][PASSED] - Statement - groupStoresList[i] = storesLabel.get(i).getText(): null

2018-07-05 20:49:03 - [TEST_STEP][PASSED] - Statement - StoresCBList.get(i).click(): null

2018-07-05 20:49:03 - [TEST_STEP][PASSED] - Statement - groupStoresList[i] = storesLabel.get(i).getText(): null

2018-07-05 20:49:03 - [TEST_STEP][PASSED] - Statement - StoresCBList.get(i).click(): null

2018-07-05 20:49:03 - [TEST_STEP][PASSED] - Statement - groupStoresList[i] = storesLabel.get(i).getText(): null

2018-07-05 20:49:03 - [TEST_STEP][PASSED] - Statement - StoresCBList.get(i).click(): null

2018-07-05 20:49:03 - [TEST_STEP][PASSED] - Statement - groupStoresList[i] = storesLabel.get(i).getText(): null

2018-07-05 20:49:03 - [TEST_STEP][PASSED] - Statement - StoresCBList.get(i).click(): null

2018-07-05 20:49:03 - [TEST_STEP][PASSED] - Statement - groupStoresList[i] = storesLabel.get(i).getText(): null

2018-07-05 20:49:03 - [TEST_STEP][PASSED] - Statement - StoresCBList.get(i).click(): null

2018-07-05 20:49:03 - [TEST_STEP][PASSED] - Statement - groupStoresList[i] = storesLabel.get(i).getText(): null

2018-07-05 20:49:03 - [TEST_STEP][PASSED] - Statement - StoresCBList.get(i).click(): null

2018-07-05 20:49:03 - [TEST_STEP][PASSED] - Statement - groupStoresList[i] = storesLabel.get(i).getText(): null

2018-07-05 20:49:03 - [TEST_STEP][PASSED] - Statement - StoresCBList.get(i).click(): null

2018-07-05 20:49:03 - [TEST_STEP][PASSED] - Statement - groupStoresList[i] = storesLabel.get(i).getText(): null

2018-07-05 20:49:03 - [TEST_STEP][PASSED] - Statement - StoresCBList.get(i).click(): null

2018-07-05 20:49:04 - [TEST_STEP][PASSED] - Statement - groupStoresList[i] = storesLabel.get(i).getText(): null

2018-07-05 20:49:04 - [TEST_STEP][PASSED] - Statement - StoresCBList.get(i).click(): null

2018-07-05 20:49:04 - [TEST_STEP][PASSED] - Statement - groupStoresList[i] = storesLabel.get(i).getText(): null

2018-07-05 20:49:04 - [TEST_STEP][PASSED] - Statement - StoresCBList.get(i).click(): null

2018-07-05 20:49:04 - [TEST_STEP][PASSED] - Statement - groupStoresList[i] = storesLabel.get(i).getText(): null

2018-07-05 20:49:04 - [TEST_STEP][PASSED] - Statement - StoresCBList.get(i).click(): null

2018-07-05 20:49:04 - [TEST_STEP][PASSED] - Statement - groupStoresList[i] = storesLabel.get(i).getText(): null

2018-07-05 20:49:04 - [TEST_STEP][PASSED] - Statement - StoresCBList.get(i).click(): null

2018-07-05 20:49:04 - [TEST_STEP][PASSED] - Statement - groupStoresList[i] = storesLabel.get(i).getText(): null

2018-07-05 20:49:04 - [TEST_STEP][PASSED] - Statement - StoresCBList.get(i).click(): null

2018-07-05 20:49:04 - [TEST_STEP][PASSED] - Statement - groupStoresList[i] = storesLabel.get(i).getText(): null

2018-07-05 20:49:04 - [TEST_STEP][PASSED] - Statement - StoresCBList.get(i).click(): null

2018-07-05 20:49:04 - [TEST_STEP][PASSED] - Statement - groupStoresList[i] = storesLabel.get(i).getText(): null

2018-07-05 20:49:04 - [TEST_STEP][PASSED] - Statement - StoresCBList.get(i).click(): null

2018-07-05 20:49:04 - [TEST_STEP][PASSED] - Statement - groupStoresList[i] = storesLabel.get(i).getText(): null

2018-07-05 20:49:04 - [TEST_STEP][PASSED] - Statement - StoresCBList.get(i).click(): null

2018-07-05 20:49:04 - [TEST_STEP][PASSED] - Statement - groupStoresList[i] = storesLabel.get(i).getText(): null

2018-07-05 20:49:04 - [TEST_STEP][PASSED] - Statement - StoresCBList.get(i).click(): null

2018-07-05 20:49:04 - [TEST_STEP][PASSED] - Statement - groupStoresList[i] = storesLabel.get(i).getText(): null

2018-07-05 20:49:04 - [TEST_STEP][PASSED] - Statement - StoresCBList.get(i).click(): null

2018-07-05 20:49:04 - [TEST_STEP][PASSED] - Statement - groupStoresList[i] = storesLabel.get(i).getText(): null

2018-07-05 20:49:04 - [TEST_STEP][PASSED] - Statement - StoresCBList.get(i).click(): null

2018-07-05 20:49:04 - [TEST_STEP][PASSED] - Statement - groupStoresList[i] = storesLabel.get(i).getText(): null

2018-07-05 20:49:04 - [TEST_STEP][PASSED] - Statement - StoresCBList.get(i).click(): null

2018-07-05 20:49:04 - [TEST_STEP][PASSED] - Statement - groupStoresList[i] = storesLabel.get(i).getText(): null

2018-07-05 20:49:04 - [TEST_STEP][PASSED] - Statement - StoresCBList.get(i).click(): null

2018-07-05 20:49:04 - [TEST_STEP][PASSED] - Statement - groupStoresList[i] = storesLabel.get(i).getText(): null

2018-07-05 20:49:04 - [TEST_STEP][PASSED] - Statement - StoresCBList.get(i).click(): null

2018-07-05 20:49:04 - [TEST_STEP][PASSED] - Statement - groupStoresList[i] = storesLabel.get(i).getText(): null

2018-07-05 20:49:05 - [TEST_STEP][PASSED] - Statement - StoresCBList.get(i).click(): null

2018-07-05 20:49:05 - [TEST_STEP][PASSED] - Statement - groupStoresList[i] = storesLabel.get(i).getText(): null

2018-07-05 20:49:05 - [TEST_STEP][PASSED] - Statement - StoresCBList.get(i).click(): null

2018-07-05 20:49:05 - [TEST_STEP][PASSED] - Statement - groupStoresList[i] = storesLabel.get(i).getText(): null

2018-07-05 20:49:05 - [TEST_STEP][PASSED] - Statement - StoresCBList.get(i).click(): null

2018-07-05 20:49:05 - [TEST_STEP][PASSED] - Statement - groupStoresList[i] = storesLabel.get(i).getText(): null

2018-07-05 20:49:05 - [TEST_STEP][PASSED] - Statement - StoresCBList.get(i).click(): null

2018-07-05 20:49:05 - [TEST_STEP][PASSED] - Statement - groupStoresList[i] = storesLabel.get(i).getText(): null

2018-07-05 20:49:05 - [TEST_STEP][PASSED] - Statement - StoresCBList.get(i).click(): null

2018-07-05 20:49:05 - [TEST_STEP][PASSED] - Statement - groupStoresList[i] = storesLabel.get(i).getText(): null

2018-07-05 20:49:05 - [TEST_STEP][PASSED] - Statement - StoresCBList.get(i).click(): null

2018-07-05 20:49:05 - [TEST_STEP][PASSED] - Statement - groupStoresList[i] = storesLabel.get(i).getText(): null

2018-07-05 20:49:05 - [TEST_STEP][PASSED] - Statement - StoresCBList.get(i).click(): null

2018-07-05 20:49:05 - [TEST_STEP][PASSED] - Statement - groupStoresList[i] = storesLabel.get(i).getText(): null

2018-07-05 20:49:05 - [TEST_STEP][PASSED] - Statement - StoresCBList.get(i).click(): null

2018-07-05 20:49:05 - [TEST_STEP][PASSED] - Statement - groupStoresList[i] = storesLabel.get(i).getText(): null

2018-07-05 20:49:05 - [TEST_STEP][PASSED] - Statement - StoresCBList.get(i).click(): null

2018-07-05 20:49:05 - [TEST_STEP][PASSED] - Statement - groupStoresList[i] = storesLabel.get(i).getText(): null

2018-07-05 20:49:05 - [TEST_STEP][PASSED] - Statement - StoresCBList.get(i).click(): null

2018-07-05 20:49:05 - [TEST_STEP][PASSED] - Statement - groupStoresList[i] = storesLabel.get(i).getText(): null

2018-07-05 20:49:05 - [TEST_STEP][PASSED] - Statement - StoresCBList.get(i).click(): null

2018-07-05 20:49:05 - [TEST_STEP][PASSED] - Statement - groupStoresList[i] = storesLabel.get(i).getText(): null

2018-07-05 20:49:05 - [TEST_STEP][PASSED] - Statement - StoresCBList.get(i).click(): null

2018-07-05 20:49:05 - [TEST_STEP][PASSED] - Statement - groupStoresList[i] = storesLabel.get(i).getText(): null

2018-07-05 20:49:05 - [TEST_STEP][PASSED] - Statement - StoresCBList.get(i).click(): null

2018-07-05 20:49:05 - [TEST_STEP][PASSED] - Statement - groupStoresList[i] = storesLabel.get(i).getText(): null

2018-07-05 20:49:05 - [TEST_STEP][PASSED] - Statement - StoresCBList.get(i).click(): null

2018-07-05 20:49:05 - [TEST_STEP][PASSED] - Statement - groupStoresList[i] = storesLabel.get(i).getText(): null

2018-07-05 20:49:05 - [TEST_STEP][PASSED] - Statement - StoresCBList.get(i).click(): null

2018-07-05 20:49:06 - [TEST_STEP][PASSED] - Statement - groupStoresList[i] = storesLabel.get(i).getText(): null

2018-07-05 20:49:06 - [TEST_STEP][PASSED] - Statement - StoresCBList.get(i).click(): null

2018-07-05 20:49:06 - [TEST_STEP][PASSED] - Statement - groupStoresList[i] = storesLabel.get(i).getText(): null

2018-07-05 20:49:06 - [TEST_STEP][PASSED] - Statement - StoresCBList.get(i).click(): null

2018-07-05 20:49:06 - [TEST_STEP][PASSED] - Statement - groupStoresList[i] = storesLabel.get(i).getText(): null

2018-07-05 20:49:06 - [TEST_STEP][PASSED] - Statement - StoresCBList.get(i).click(): null

2018-07-05 20:49:06 - [TEST_STEP][PASSED] - Statement - groupStoresList[i] = storesLabel.get(i).getText(): null

2018-07-05 20:49:06 - [TEST_STEP][PASSED] - Statement - StoresCBList.get(i).click(): null

2018-07-05 20:49:06 - [TEST_STEP][PASSED] - Statement - groupStoresList[i] = storesLabel.get(i).getText(): null

2018-07-05 20:49:06 - [TEST_STEP][PASSED] - Statement - StoresCBList.get(i).click(): null

2018-07-05 20:49:06 - [TEST_STEP][PASSED] - Statement - groupStoresList[i] = storesLabel.get(i).getText(): null

2018-07-05 20:49:06 - [TEST_STEP][PASSED] - Statement - StoresCBList.get(i).click(): null

2018-07-05 20:49:06 - [TEST_STEP][PASSED] - Statement - groupStoresList[i] = storesLabel.get(i).getText(): null

2018-07-05 20:49:06 - [TEST_STEP][PASSED] - Statement - StoresCBList.get(i).click(): null

2018-07-05 20:49:06 - [TEST_STEP][PASSED] - Statement - groupStoresList[i] = storesLabel.get(i).getText(): null

2018-07-05 20:49:06 - [TEST_STEP][PASSED] - Statement - StoresCBList.get(i).click(): null

2018-07-05 20:49:06 - [TEST_STEP][PASSED] - Statement - groupStoresList[i] = storesLabel.get(i).getText(): null

2018-07-05 20:49:06 - [TEST_STEP][PASSED] - Statement - StoresCBList.get(i).click(): null

2018-07-05 20:49:06 - [TEST_STEP][PASSED] - Statement - groupStoresList[i] = storesLabel.get(i).getText(): null

2018-07-05 20:49:06 - [TEST_STEP][PASSED] - Statement - StoresCBList.get(i).click(): null

2018-07-05 20:49:06 - [TEST_STEP][PASSED] - Statement - groupStoresList[i] = storesLabel.get(i).getText(): null

2018-07-05 20:49:06 - [TEST_STEP][PASSED] - Statement - StoresCBList.get(i).click(): null

2018-07-05 20:49:06 - [TEST_STEP][PASSED] - Statement - groupStoresList[i] = storesLabel.get(i).getText(): null

2018-07-05 20:49:06 - [TEST_STEP][PASSED] - Statement - StoresCBList.get(i).click(): null

2018-07-05 20:49:06 - [TEST_STEP][PASSED] - Statement - groupStoresList[i] = storesLabel.get(i).getText(): null

2018-07-05 20:49:06 - [TEST_STEP][PASSED] - Statement - StoresCBList.get(i).click(): null

2018-07-05 20:49:06 - [TEST_STEP][PASSED] - Statement - groupStoresList[i] = storesLabel.get(i).getText(): null

2018-07-05 20:49:06 - [TEST_STEP][PASSED] - Statement - StoresCBList.get(i).click(): null

2018-07-05 20:49:06 - [TEST_STEP][PASSED] - Statement - groupStoresList[i] = storesLabel.get(i).getText(): null

2018-07-05 20:49:06 - [TEST_STEP][PASSED] - Statement - StoresCBList.get(i).click(): null

2018-07-05 20:49:07 - [TEST_STEP][PASSED] - Statement - groupStoresList[i] = storesLabel.get(i).getText(): null

2018-07-05 20:49:07 - [TEST_STEP][PASSED] - Statement - StoresCBList.get(i).click(): null

2018-07-05 20:49:07 - [TEST_STEP][PASSED] - Statement - groupStoresList[i] = storesLabel.get(i).getText(): null

2018-07-05 20:49:07 - [TEST_STEP][PASSED] - Statement - StoresCBList.get(i).click(): null

2018-07-05 20:49:07 - [TEST_STEP][PASSED] - Statement - groupStoresList[i] = storesLabel.get(i).getText(): null

2018-07-05 20:49:07 - [TEST_STEP][PASSED] - Statement - StoresCBList.get(i).click(): null

2018-07-05 20:49:07 - [TEST_STEP][PASSED] - Statement - groupStoresList[i] = storesLabel.get(i).getText(): null

2018-07-05 20:49:07 - [TEST_STEP][PASSED] - Statement - StoresCBList.get(i).click(): null

2018-07-05 20:49:07 - [TEST_STEP][PASSED] - Statement - groupStoresList[i] = storesLabel.get(i).getText(): null

2018-07-05 20:49:07 - [TEST_STEP][PASSED] - Statement - StoresCBList.get(i).click(): null

2018-07-05 20:49:07 - [TEST_STEP][PASSED] - Statement - groupStoresList[i] = storesLabel.get(i).getText(): null

2018-07-05 20:49:07 - [TEST_STEP][PASSED] - Statement - StoresCBList.get(i).click(): null

2018-07-05 20:49:07 - [TEST_STEP][PASSED] - Statement - groupStoresList[i] = storesLabel.get(i).getText(): null

2018-07-05 20:49:07 - [TEST_STEP][PASSED] - Statement - StoresCBList.get(i).click(): null

2018-07-05 20:49:07 - [TEST_STEP][PASSED] - Statement - groupStoresList[i] = storesLabel.get(i).getText(): null

2018-07-05 20:49:07 - [TEST_STEP][PASSED] - Statement - StoresCBList.get(i).click(): null

2018-07-05 20:49:07 - [TEST_STEP][PASSED] - Statement - groupStoresList[i] = storesLabel.get(i).getText(): null

2018-07-05 20:49:07 - [TEST_STEP][PASSED] - Statement - StoresCBList.get(i).click(): null

2018-07-05 20:49:07 - [TEST_STEP][PASSED] - Statement - groupStoresList[i] = storesLabel.get(i).getText(): null

2018-07-05 20:49:07 - [TEST_STEP][PASSED] - Statement - StoresCBList.get(i).click(): null

2018-07-05 20:49:07 - [TEST_STEP][PASSED] - Statement - groupStoresList[i] = storesLabel.get(i).getText(): null

2018-07-05 20:49:07 - [TEST_STEP][PASSED] - Statement - StoresCBList.get(i).click(): null

2018-07-05 20:49:07 - [TEST_STEP][PASSED] - Statement - groupStoresList[i] = storesLabel.get(i).getText(): null

2018-07-05 20:49:07 - [TEST_STEP][PASSED] - Statement - StoresCBList.get(i).click(): null

2018-07-05 20:49:07 - [TEST_STEP][PASSED] - Statement - groupStoresList[i] = storesLabel.get(i).getText(): null

2018-07-05 20:49:07 - [TEST_STEP][PASSED] - Statement - StoresCBList.get(i).click(): null

2018-07-05 20:49:07 - [TEST_STEP][PASSED] - Statement - groupStoresList[i] = storesLabel.get(i).getText(): null

2018-07-05 20:49:07 - [TEST_STEP][PASSED] - Statement - StoresCBList.get(i).click(): null

2018-07-05 20:49:07 - [TEST_STEP][PASSED] - Statement - groupStoresList[i] = storesLabel.get(i).getText(): null

2018-07-05 20:49:08 - [TEST_STEP][PASSED] - Statement - StoresCBList.get(i).click(): null

2018-07-05 20:49:08 - [TEST_STEP][PASSED] - Statement - groupStoresList[i] = storesLabel.get(i).getText(): null

2018-07-05 20:49:08 - [TEST_STEP][PASSED] - Statement - StoresCBList.get(i).click(): null

2018-07-05 20:49:08 - [TEST_STEP][PASSED] - Statement - groupStoresList[i] = storesLabel.get(i).getText(): null

2018-07-05 20:49:08 - [TEST_STEP][PASSED] - Statement - StoresCBList.get(i).click(): null

2018-07-05 20:49:08 - [TEST_STEP][PASSED] - Statement - groupStoresList[i] = storesLabel.get(i).getText(): null

2018-07-05 20:49:08 - [TEST_STEP][PASSED] - Statement - StoresCBList.get(i).click(): null

2018-07-05 20:49:08 - [TEST_STEP][PASSED] - Statement - groupStoresList[i] = storesLabel.get(i).getText(): null

2018-07-05 20:49:08 - [TEST_STEP][PASSED] - Statement - StoresCBList.get(i).click(): null

2018-07-05 20:49:08 - [TEST_STEP][PASSED] - Statement - groupStoresList[i] = storesLabel.get(i).getText(): null

2018-07-05 20:49:08 - [TEST_STEP][PASSED] - Statement - StoresCBList.get(i).click(): null

2018-07-05 20:49:08 - [TEST_STEP][PASSED] - Statement - groupStoresList[i] = storesLabel.get(i).getText(): null

2018-07-05 20:49:08 - [TEST_STEP][PASSED] - Statement - StoresCBList.get(i).click(): null

2018-07-05 20:49:08 - [TEST_STEP][PASSED] - Statement - groupStoresList[i] = storesLabel.get(i).getText(): null

2018-07-05 20:49:08 - [TEST_STEP][PASSED] - Statement - StoresCBList.get(i).click(): null

2018-07-05 20:49:08 - [TEST_STEP][PASSED] - Statement - groupStoresList[i] = storesLabel.get(i).getText(): null

2018-07-05 20:49:08 - [TEST_STEP][PASSED] - Statement - StoresCBList.get(i).click(): null

2018-07-05 20:49:08 - [TEST_STEP][PASSED] - Statement - groupStoresList[i] = storesLabel.get(i).getText(): null

2018-07-05 20:49:08 - [TEST_STEP][PASSED] - Statement - StoresCBList.get(i).click(): null

2018-07-05 20:49:08 - [TEST_STEP][PASSED] - Statement - groupStoresList[i] = storesLabel.get(i).getText(): null

2018-07-05 20:49:08 - [TEST_STEP][PASSED] - Statement - StoresCBList.get(i).click(): null

2018-07-05 20:49:08 - [TEST_STEP][PASSED] - Statement - groupStoresList[i] = storesLabel.get(i).getText(): null

2018-07-05 20:49:08 - [TEST_STEP][PASSED] - Statement - StoresCBList.get(i).click(): null

2018-07-05 20:49:08 - [TEST_STEP][PASSED] - Statement - groupStoresList[i] = storesLabel.get(i).getText(): null

2018-07-05 20:49:08 - [TEST_STEP][PASSED] - Statement - StoresCBList.get(i).click(): null

2018-07-05 20:49:08 - [TEST_STEP][PASSED] - Statement - groupStoresList[i] = storesLabel.get(i).getText(): null

2018-07-05 20:49:08 - [TEST_STEP][PASSED] - Statement - StoresCBList.get(i).click(): null

2018-07-05 20:49:08 - [TEST_STEP][PASSED] - Statement - groupStoresList[i] = storesLabel.get(i).getText(): null

2018-07-05 20:49:08 - [TEST_STEP][PASSED] - Statement - StoresCBList.get(i).click(): null

2018-07-05 20:49:08 - [TEST_STEP][PASSED] - Statement - groupStoresList[i] = storesLabel.get(i).getText(): null

2018-07-05 20:49:09 - [TEST_STEP][PASSED] - Statement - StoresCBList.get(i).click(): null

2018-07-05 20:49:09 - [TEST_STEP][PASSED] - Statement - groupStoresList[i] = storesLabel.get(i).getText(): null

2018-07-05 20:49:09 - [TEST_STEP][PASSED] - Statement - StoresCBList.get(i).click(): null

2018-07-05 20:49:09 - [TEST_STEP][PASSED] - Statement - groupStoresList[i] = storesLabel.get(i).getText(): null

2018-07-05 20:49:09 - [TEST_STEP][PASSED] - Statement - StoresCBList.get(i).click(): null

2018-07-05 20:49:09 - [TEST_STEP][PASSED] - Statement - groupStoresList[i] = storesLabel.get(i).getText(): null

2018-07-05 20:49:09 - [TEST_STEP][PASSED] - Statement - StoresCBList.get(i).click(): null

2018-07-05 20:49:09 - [TEST_STEP][PASSED] - Statement - groupStoresList[i] = storesLabel.get(i).getText(): null

2018-07-05 20:49:09 - [TEST_STEP][PASSED] - Statement - StoresCBList.get(i).click(): null

2018-07-05 20:49:09 - [TEST_STEP][PASSED] - Statement - groupStoresList[i] = storesLabel.get(i).getText(): null

2018-07-05 20:49:09 - [TEST_STEP][PASSED] - Statement - StoresCBList.get(i).click(): null

2018-07-05 20:49:09 - [TEST_STEP][PASSED] - Statement - groupStoresList[i] = storesLabel.get(i).getText(): null

2018-07-05 20:49:09 - [TEST_STEP][PASSED] - Statement - StoresCBList.get(i).click(): null

2018-07-05 20:49:09 - [TEST_STEP][PASSED] - Statement - groupStoresList[i] = storesLabel.get(i).getText(): null

2018-07-05 20:49:09 - [TEST_STEP][PASSED] - Statement - StoresCBList.get(i).click(): null

2018-07-05 20:49:09 - [TEST_STEP][PASSED] - Statement - groupStoresList[i] = storesLabel.get(i).getText(): null

2018-07-05 20:49:09 - [TEST_STEP][PASSED] - Statement - StoresCBList.get(i).click(): null

2018-07-05 20:49:09 - [TEST_STEP][PASSED] - Statement - groupStoresList[i] = storesLabel.get(i).getText(): null

2018-07-05 20:49:09 - [TEST_STEP][PASSED] - Statement - StoresCBList.get(i).click(): null

2018-07-05 20:49:09 - [TEST_STEP][PASSED] - Statement - groupStoresList[i] = storesLabel.get(i).getText(): null

2018-07-05 20:49:09 - [TEST_STEP][PASSED] - Statement - StoresCBList.get(i).click(): null

2018-07-05 20:49:09 - [TEST_STEP][PASSED] - Statement - groupStoresList[i] = storesLabel.get(i).getText(): null

2018-07-05 20:49:09 - [TEST_STEP][PASSED] - Statement - StoresCBList.get(i).click(): null

2018-07-05 20:49:09 - [TEST_STEP][PASSED] - Statement - groupStoresList[i] = storesLabel.get(i).getText(): null

2018-07-05 20:49:09 - [TEST_STEP][PASSED] - Statement - StoresCBList.get(i).click(): null

2018-07-05 20:49:09 - [TEST_STEP][PASSED] - Statement - groupStoresList[i] = storesLabel.get(i).getText(): null

2018-07-05 20:49:09 - [TEST_STEP][PASSED] - Statement - StoresCBList.get(i).click(): null

2018-07-05 20:49:09 - [TEST_STEP][PASSED] - Statement - groupStoresList[i] = storesLabel.get(i).getText(): null

2018-07-05 20:49:09 - [TEST_STEP][PASSED] - Statement - StoresCBList.get(i).click(): null

2018-07-05 20:49:10 - [TEST_STEP][PASSED] - Statement - groupStoresList[i] = storesLabel.get(i).getText(): null

2018-07-05 20:49:10 - [TEST_STEP][PASSED] - Statement - StoresCBList.get(i).click(): null

2018-07-05 20:49:10 - [TEST_STEP][PASSED] - Statement - groupStoresList[i] = storesLabel.get(i).getText(): null

2018-07-05 20:49:10 - [TEST_STEP][PASSED] - Statement - StoresCBList.get(i).click(): null

2018-07-05 20:49:10 - [TEST_STEP][PASSED] - Statement - groupStoresList[i] = storesLabel.get(i).getText(): null

2018-07-05 20:49:10 - [TEST_STEP][PASSED] - Statement - StoresCBList.get(i).click(): null

2018-07-05 20:49:10 - [TEST_STEP][PASSED] - Statement - groupStoresList[i] = storesLabel.get(i).getText(): null

2018-07-05 20:49:10 - [TEST_STEP][PASSED] - Statement - StoresCBList.get(i).click(): null

2018-07-05 20:49:10 - [TEST_STEP][PASSED] - Statement - groupStoresList[i] = storesLabel.get(i).getText(): null

2018-07-05 20:49:10 - [TEST_STEP][PASSED] - Statement - StoresCBList.get(i).click(): null

2018-07-05 20:49:10 - [TEST_STEP][PASSED] - Statement - groupStoresList[i] = storesLabel.get(i).getText(): null

2018-07-05 20:49:10 - [TEST_STEP][PASSED] - Statement - StoresCBList.get(i).click(): null

2018-07-05 20:49:10 - [TEST_STEP][PASSED] - Statement - groupStoresList[i] = storesLabel.get(i).getText(): null

2018-07-05 20:49:10 - [TEST_STEP][PASSED] - Statement - StoresCBList.get(i).click(): null

2018-07-05 20:49:10 - [TEST_STEP][PASSED] - Statement - groupStoresList[i] = storesLabel.get(i).getText(): null

2018-07-05 20:49:10 - [TEST_STEP][PASSED] - Statement - StoresCBList.get(i).click(): null

2018-07-05 20:49:10 - [TEST_STEP][PASSED] - Statement - groupStoresList[i] = storesLabel.get(i).getText(): null

2018-07-05 20:49:10 - [TEST_STEP][PASSED] - Statement - StoresCBList.get(i).click(): null

2018-07-05 20:49:10 - [TEST_STEP][PASSED] - Statement - groupStoresList[i] = storesLabel.get(i).getText(): null

2018-07-05 20:49:10 - [TEST_STEP][PASSED] - Statement - StoresCBList.get(i).click(): null

2018-07-05 20:49:10 - [TEST_STEP][PASSED] - Statement - groupStoresList[i] = storesLabel.get(i).getText(): null

2018-07-05 20:49:10 - [TEST_STEP][PASSED] - Statement - StoresCBList.get(i).click(): null

2018-07-05 20:49:10 - [TEST_STEP][PASSED] - Statement - groupStoresList[i] = storesLabel.get(i).getText(): null

2018-07-05 20:49:10 - [TEST_STEP][PASSED] - Statement - StoresCBList.get(i).click(): null

2018-07-05 20:49:10 - [TEST_STEP][PASSED] - Statement - groupStoresList[i] = storesLabel.get(i).getText(): null

2018-07-05 20:49:10 - [TEST_STEP][PASSED] - Statement - StoresCBList.get(i).click(): null

2018-07-05 20:49:10 - [TEST_STEP][PASSED] - Statement - groupStoresList[i] = storesLabel.get(i).getText(): null

2018-07-05 20:49:10 - [TEST_STEP][PASSED] - Statement - StoresCBList.get(i).click(): null

2018-07-05 20:49:10 - [TEST_STEP][PASSED] - Statement - groupStoresList[i] = storesLabel.get(i).getText(): null

2018-07-05 20:49:10 - [TEST_STEP][PASSED] - Statement - StoresCBList.get(i).click(): null

2018-07-05 20:49:11 - [TEST_STEP][PASSED] - Statement - groupStoresList[i] = storesLabel.get(i).getText(): null

2018-07-05 20:49:11 - [TEST_STEP][PASSED] - Statement - StoresCBList.get(i).click(): null

2018-07-05 20:49:11 - [TEST_STEP][PASSED] - Statement - groupStoresList[i] = storesLabel.get(i).getText(): null

2018-07-05 20:49:11 - [TEST_STEP][PASSED] - Statement - StoresCBList.get(i).click(): null

2018-07-05 20:49:11 - [TEST_STEP][PASSED] - Statement - groupStoresList[i] = storesLabel.get(i).getText(): null

2018-07-05 20:49:11 - [TEST_STEP][PASSED] - Statement - StoresCBList.get(i).click(): null

2018-07-05 20:49:11 - [TEST_STEP][PASSED] - Statement - groupStoresList[i] = storesLabel.get(i).getText(): null

2018-07-05 20:49:11 - [TEST_STEP][PASSED] - Statement - StoresCBList.get(i).click(): null

2018-07-05 20:49:11 - [TEST_STEP][PASSED] - Statement - groupStoresList[i] = storesLabel.get(i).getText(): null

2018-07-05 20:49:11 - [TEST_STEP][PASSED] - Statement - StoresCBList.get(i).click(): null

2018-07-05 20:49:11 - [TEST_STEP][PASSED] - Statement - groupStoresList[i] = storesLabel.get(i).getText(): null

2018-07-05 20:49:11 - [TEST_STEP][PASSED] - Statement - StoresCBList.get(i).click(): null

2018-07-05 20:49:11 - [TEST_STEP][PASSED] - Statement - groupStoresList[i] = storesLabel.get(i).getText(): null

2018-07-05 20:49:11 - [TEST_STEP][PASSED] - Statement - StoresCBList.get(i).click(): null

2018-07-05 20:49:11 - [TEST_STEP][PASSED] - Statement - groupStoresList[i] = storesLabel.get(i).getText(): null

2018-07-05 20:49:11 - [TEST_STEP][PASSED] - Statement - StoresCBList.get(i).click(): null

2018-07-05 20:49:11 - [TEST_STEP][PASSED] - Statement - groupStoresList[i] = storesLabel.get(i).getText(): null

2018-07-05 20:49:11 - [TEST_STEP][PASSED] - Statement - StoresCBList.get(i).click(): null

2018-07-05 20:49:11 - [TEST_STEP][PASSED] - Statement - groupStoresList[i] = storesLabel.get(i).getText(): null

2018-07-05 20:49:11 - [TEST_STEP][PASSED] - Statement - StoresCBList.get(i).click(): null

2018-07-05 20:49:11 - [TEST_STEP][PASSED] - Statement - groupStoresList[i] = storesLabel.get(i).getText(): null

2018-07-05 20:49:11 - [TEST_STEP][PASSED] - Statement - StoresCBList.get(i).click(): null

2018-07-05 20:49:11 - [TEST_STEP][PASSED] - Statement - groupStoresList[i] = storesLabel.get(i).getText(): null

2018-07-05 20:49:11 - [TEST_STEP][PASSED] - Statement - StoresCBList.get(i).click(): null

2018-07-05 20:49:11 - [TEST_STEP][PASSED] - Statement - groupStoresList[i] = storesLabel.get(i).getText(): null

2018-07-05 20:49:11 - [TEST_STEP][PASSED] - Statement - StoresCBList.get(i).click(): null

2018-07-05 20:49:11 - [TEST_STEP][PASSED] - Statement - groupStoresList[i] = storesLabel.get(i).getText(): null

2018-07-05 20:49:11 - [TEST_STEP][PASSED] - Statement - StoresCBList.get(i).click(): null

2018-07-05 20:49:11 - [TEST_STEP][PASSED] - Statement - groupStoresList[i] = storesLabel.get(i).getText(): null

2018-07-05 20:49:11 - [TEST_STEP][PASSED] - Statement - StoresCBList.get(i).click(): null

2018-07-05 20:49:12 - [TEST_STEP][PASSED] - Statement - groupStoresList[i] = storesLabel.get(i).getText(): null

2018-07-05 20:49:12 - [TEST_STEP][PASSED] - Statement - StoresCBList.get(i).click(): null

2018-07-05 20:49:12 - [TEST_STEP][PASSED] - Statement - groupStoresList[i] = storesLabel.get(i).getText(): null

2018-07-05 20:49:12 - [TEST_STEP][PASSED] - Statement - StoresCBList.get(i).click(): null

2018-07-05 20:49:12 - [TEST_STEP][PASSED] - Statement - groupStoresList[i] = storesLabel.get(i).getText(): null

2018-07-05 20:49:12 - [TEST_STEP][PASSED] - Statement - StoresCBList.get(i).click(): null

2018-07-05 20:49:12 - [TEST_STEP][PASSED] - Statement - groupStoresList[i] = storesLabel.get(i).getText(): null

2018-07-05 20:49:12 - [TEST_STEP][PASSED] - Statement - StoresCBList.get(i).click(): null

2018-07-05 20:49:12 - [TEST_STEP][PASSED] - Statement - groupStoresList[i] = storesLabel.get(i).getText(): null

2018-07-05 20:49:12 - [TEST_STEP][PASSED] - Statement - StoresCBList.get(i).click(): null

2018-07-05 20:49:12 - [TEST_STEP][PASSED] - Statement - groupStoresList[i] = storesLabel.get(i).getText(): null

2018-07-05 20:49:12 - [TEST_STEP][PASSED] - Statement - StoresCBList.get(i).click(): null

2018-07-05 20:49:12 - [TEST_STEP][PASSED] - Statement - groupStoresList[i] = storesLabel.get(i).getText(): null

2018-07-05 20:49:12 - [TEST_STEP][PASSED] - Statement - StoresCBList.get(i).click(): null

2018-07-05 20:49:12 - [TEST_STEP][PASSED] - Statement - groupStoresList[i] = storesLabel.get(i).getText(): null

2018-07-05 20:49:12 - [TEST_STEP][PASSED] - Statement - StoresCBList.get(i).click(): null

2018-07-05 20:49:12 - [TEST_STEP][PASSED] - Statement - groupStoresList[i] = storesLabel.get(i).getText(): null

2018-07-05 20:49:12 - [TEST_STEP][PASSED] - Statement - StoresCBList.get(i).click(): null

2018-07-05 20:49:12 - [TEST_STEP][PASSED] - Statement - groupStoresList[i] = storesLabel.get(i).getText(): null

2018-07-05 20:49:12 - [TEST_STEP][PASSED] - Statement - StoresCBList.get(i).click(): null

2018-07-05 20:49:12 - [TEST_STEP][PASSED] - Statement - groupStoresList[i] = storesLabel.get(i).getText(): null

2018-07-05 20:49:12 - [TEST_STEP][PASSED] - Statement - StoresCBList.get(i).click(): null

2018-07-05 20:49:12 - [TEST_STEP][PASSED] - Statement - groupStoresList[i] = storesLabel.get(i).getText(): null

2018-07-05 20:49:12 - [TEST_STEP][PASSED] - Statement - StoresCBList.get(i).click(): null

2018-07-05 20:49:12 - [TEST_STEP][PASSED] - Statement - groupStoresList[i] = storesLabel.get(i).getText(): null

2018-07-05 20:49:12 - [TEST_STEP][PASSED] - Statement - StoresCBList.get(i).click(): null

2018-07-05 20:49:12 - [TEST_STEP][PASSED] - Statement - groupStoresList[i] = storesLabel.get(i).getText(): null

2018-07-05 20:49:12 - [TEST_STEP][PASSED] - Statement - StoresCBList.get(i).click(): null

2018-07-05 20:49:12 - [TEST_STEP][PASSED] - Statement - groupStoresList[i] = storesLabel.get(i).getText(): null

2018-07-05 20:49:12 - [TEST_STEP][PASSED] - Statement - StoresCBList.get(i).click(): null

2018-07-05 20:49:13 - [TEST_STEP][PASSED] - Statement - groupStoresList[i] = storesLabel.get(i).getText(): null

2018-07-05 20:49:13 - [TEST_STEP][PASSED] - Statement - StoresCBList.get(i).click(): null

2018-07-05 20:49:13 - [TEST_STEP][PASSED] - Statement - groupStoresList[i] = storesLabel.get(i).getText(): null

2018-07-05 20:49:13 - [TEST_STEP][PASSED] - Statement - StoresCBList.get(i).click(): null

2018-07-05 20:49:13 - [TEST_STEP][PASSED] - Statement - groupStoresList[i] = storesLabel.get(i).getText(): null

2018-07-05 20:49:13 - [TEST_STEP][PASSED] - Statement - StoresCBList.get(i).click(): null

2018-07-05 20:49:13 - [TEST_STEP][PASSED] - Statement - groupStoresList[i] = storesLabel.get(i).getText(): null

2018-07-05 20:49:13 - [TEST_STEP][PASSED] - Statement - StoresCBList.get(i).click(): null

2018-07-05 20:49:13 - [TEST_STEP][PASSED] - Statement - groupStoresList[i] = storesLabel.get(i).getText(): null

2018-07-05 20:49:13 - [TEST_STEP][PASSED] - Statement - StoresCBList.get(i).click(): null

2018-07-05 20:49:13 - [TEST_STEP][PASSED] - Statement - groupStoresList[i] = storesLabel.get(i).getText(): null

2018-07-05 20:49:13 - [TEST_STEP][PASSED] - Statement - StoresCBList.get(i).click(): null

2018-07-05 20:49:13 - [TEST_STEP][PASSED] - Statement - groupStoresList[i] = storesLabel.get(i).getText(): null

2018-07-05 20:49:13 - [TEST_STEP][PASSED] - Statement - StoresCBList.get(i).click(): null

2018-07-05 20:49:13 - [TEST_STEP][PASSED] - Statement - groupStoresList[i] = storesLabel.get(i).getText(): null

2018-07-05 20:49:13 - [TEST_STEP][PASSED] - Statement - StoresCBList.get(i).click(): null

2018-07-05 20:49:13 - [TEST_STEP][PASSED] - Statement - groupStoresList[i] = storesLabel.get(i).getText(): null

2018-07-05 20:49:13 - [TEST_STEP][PASSED] - Statement - StoresCBList.get(i).click(): null

2018-07-05 20:49:13 - [TEST_STEP][PASSED] - Statement - groupStoresList[i] = storesLabel.get(i).getText(): null

2018-07-05 20:49:13 - [TEST_STEP][PASSED] - Statement - StoresCBList.get(i).click(): null

2018-07-05 20:49:13 - [TEST_STEP][PASSED] - Statement - groupStoresList[i] = storesLabel.get(i).getText(): null

2018-07-05 20:49:13 - [TEST_STEP][PASSED] - Statement - StoresCBList.get(i).click(): null

2018-07-05 20:49:13 - [TEST_STEP][PASSED] - Statement - groupStoresList[i] = storesLabel.get(i).getText(): null

2018-07-05 20:49:13 - [TEST_STEP][PASSED] - Statement - StoresCBList.get(i).click(): null

2018-07-05 20:49:13 - [TEST_STEP][PASSED] - Statement - groupStoresList[i] = storesLabel.get(i).getText(): null

2018-07-05 20:49:13 - [TEST_STEP][PASSED] - Statement - StoresCBList.get(i).click(): null

2018-07-05 20:49:13 - [TEST_STEP][PASSED] - Statement - groupStoresList[i] = storesLabel.get(i).getText(): null

2018-07-05 20:49:13 - [TEST_STEP][PASSED] - Statement - StoresCBList.get(i).click(): null

2018-07-05 20:49:13 - [TEST_STEP][PASSED] - Statement - groupStoresList[i] = storesLabel.get(i).getText(): null

2018-07-05 20:49:13 - [TEST_STEP][PASSED] - Statement - StoresCBList.get(i).click(): null

2018-07-05 20:49:14 - [TEST_STEP][PASSED] - Statement - groupStoresList[i] = storesLabel.get(i).getText(): null

2018-07-05 20:49:14 - [TEST_STEP][PASSED] - Statement - StoresCBList.get(i).click(): null

2018-07-05 20:49:14 - [TEST_STEP][PASSED] - Statement - groupStoresList[i] = storesLabel.get(i).getText(): null

2018-07-05 20:49:14 - [TEST_STEP][PASSED] - Statement - StoresCBList.get(i).click(): null

2018-07-05 20:49:14 - [TEST_STEP][PASSED] - Statement - groupStoresList[i] = storesLabel.get(i).getText(): null

2018-07-05 20:49:14 - [TEST_STEP][PASSED] - Statement - StoresCBList.get(i).click(): null

2018-07-05 20:49:14 - [TEST_STEP][PASSED] - Statement - groupStoresList[i] = storesLabel.get(i).getText(): null

2018-07-05 20:49:14 - [TEST_STEP][PASSED] - Statement - StoresCBList.get(i).click(): null

2018-07-05 20:49:14 - [TEST_STEP][PASSED] - Statement - groupStoresList[i] = storesLabel.get(i).getText(): null

2018-07-05 20:49:14 - [TEST_STEP][PASSED] - Statement - StoresCBList.get(i).click(): null

2018-07-05 20:49:14 - [TEST_STEP][PASSED] - Statement - groupStoresList[i] = storesLabel.get(i).getText(): null

2018-07-05 20:49:14 - [TEST_STEP][PASSED] - Statement - StoresCBList.get(i).click(): null

2018-07-05 20:49:14 - [TEST_STEP][PASSED] - Statement - groupStoresList[i] = storesLabel.get(i).getText(): null

2018-07-05 20:49:14 - [TEST_STEP][PASSED] - Statement - StoresCBList.get(i).click(): null

2018-07-05 20:49:14 - [TEST_STEP][PASSED] - Statement - groupStoresList[i] = storesLabel.get(i).getText(): null

2018-07-05 20:49:14 - [TEST_STEP][PASSED] - Statement - StoresCBList.get(i).click(): null

2018-07-05 20:49:14 - [TEST_STEP][PASSED] - Statement - groupStoresList[i] = storesLabel.get(i).getText(): null

2018-07-05 20:49:14 - [TEST_STEP][PASSED] - Statement - StoresCBList.get(i).click(): null

2018-07-05 20:49:14 - [TEST_STEP][PASSED] - Statement - groupStoresList[i] = storesLabel.get(i).getText(): null

2018-07-05 20:49:14 - [TEST_STEP][PASSED] - Statement - StoresCBList.get(i).click(): null

2018-07-05 20:49:14 - [TEST_STEP][PASSED] - Statement - groupStoresList[i] = storesLabel.get(i).getText(): null

2018-07-05 20:49:14 - [TEST_STEP][PASSED] - Statement - StoresCBList.get(i).click(): null

2018-07-05 20:49:14 - [TEST_STEP][PASSED] - Statement - groupStoresList[i] = storesLabel.get(i).getText(): null

2018-07-05 20:49:14 - [TEST_STEP][PASSED] - Statement - StoresCBList.get(i).click(): null

2018-07-05 20:49:14 - [TEST_STEP][PASSED] - Statement - groupStoresList[i] = storesLabel.get(i).getText(): null

2018-07-05 20:49:14 - [TEST_STEP][PASSED] - Statement - StoresCBList.get(i).click(): null

2018-07-05 20:49:14 - [TEST_STEP][PASSED] - Statement - groupStoresList[i] = storesLabel.get(i).getText(): null

2018-07-05 20:49:14 - [TEST_STEP][PASSED] - Statement - StoresCBList.get(i).click(): null

2018-07-05 20:49:14 - [TEST_STEP][PASSED] - Statement - groupStoresList[i] = storesLabel.get(i).getText(): null

2018-07-05 20:49:14 - [TEST_STEP][PASSED] - Statement - StoresCBList.get(i).click(): null

2018-07-05 20:49:15 - [TEST_STEP][PASSED] - Statement - groupStoresList[i] = storesLabel.get(i).getText(): null

2018-07-05 20:49:15 - [TEST_STEP][PASSED] - Statement - StoresCBList.get(i).click(): null

2018-07-05 20:49:15 - [TEST_STEP][PASSED] - Statement - groupStoresList[i] = storesLabel.get(i).getText(): null

2018-07-05 20:49:15 - [TEST_STEP][PASSED] - Statement - StoresCBList.get(i).click(): null

2018-07-05 20:49:15 - [TEST_STEP][PASSED] - Statement - groupStoresList[i] = storesLabel.get(i).getText(): null

2018-07-05 20:49:15 - [TEST_STEP][PASSED] - Statement - StoresCBList.get(i).click(): null

2018-07-05 20:49:15 - [TEST_STEP][PASSED] - Statement - groupStoresList[i] = storesLabel.get(i).getText(): null

2018-07-05 20:49:15 - [TEST_STEP][PASSED] - Statement - StoresCBList.get(i).click(): null

2018-07-05 20:49:15 - [TEST_STEP][PASSED] - Statement - groupStoresList[i] = storesLabel.get(i).getText(): null

2018-07-05 20:49:15 - [TEST_STEP][PASSED] - Statement - StoresCBList.get(i).click(): null

2018-07-05 20:49:15 - [TEST_STEP][PASSED] - Statement - groupStoresList[i] = storesLabel.get(i).getText(): null

2018-07-05 20:49:15 - [TEST_STEP][PASSED] - Statement - StoresCBList.get(i).click(): null

2018-07-05 20:49:15 - [TEST_STEP][PASSED] - Statement - groupStoresList[i] = storesLabel.get(i).getText(): null

2018-07-05 20:49:15 - [TEST_STEP][PASSED] - Statement - StoresCBList.get(i).click(): null

2018-07-05 20:49:15 - [TEST_STEP][PASSED] - Statement - groupStoresList[i] = storesLabel.get(i).getText(): null

2018-07-05 20:49:15 - [TEST_STEP][PASSED] - Statement - StoresCBList.get(i).click(): null

2018-07-05 20:49:15 - [TEST_STEP][PASSED] - Statement - groupStoresList[i] = storesLabel.get(i).getText(): null

2018-07-05 20:49:15 - [TEST_STEP][PASSED] - Statement - StoresCBList.get(i).click(): null

2018-07-05 20:49:15 - [TEST_STEP][PASSED] - Statement - groupStoresList[i] = storesLabel.get(i).getText(): null

2018-07-05 20:49:15 - [TEST_STEP][PASSED] - Statement - StoresCBList.get(i).click(): null

2018-07-05 20:49:15 - [TEST_STEP][PASSED] - Statement - groupStoresList[i] = storesLabel.get(i).getText(): null

2018-07-05 20:49:15 - [TEST_STEP][PASSED] - Statement - StoresCBList.get(i).click(): null

2018-07-05 20:49:15 - [TEST_STEP][PASSED] - Statement - groupStoresList[i] = storesLabel.get(i).getText(): null

2018-07-05 20:49:15 - [TEST_STEP][PASSED] - Statement - StoresCBList.get(i).click(): null

2018-07-05 20:49:15 - [TEST_STEP][PASSED] - Statement - groupStoresList[i] = storesLabel.get(i).getText(): null

2018-07-05 20:49:15 - [TEST_STEP][PASSED] - Statement - StoresCBList.get(i).click(): null

2018-07-05 20:49:15 - [TEST_STEP][PASSED] - Statement - groupStoresList[i] = storesLabel.get(i).getText(): null

2018-07-05 20:49:15 - [TEST_STEP][PASSED] - Statement - StoresCBList.get(i).click(): null

2018-07-05 20:49:15 - [TEST_STEP][PASSED] - Statement - groupStoresList[i] = storesLabel.get(i).getText(): null

2018-07-05 20:49:15 - [TEST_STEP][PASSED] - Statement - StoresCBList.get(i).click(): null

2018-07-05 20:49:16 - [TEST_STEP][PASSED] - Statement - groupStoresList[i] = storesLabel.get(i).getText(): null

2018-07-05 20:49:16 - [TEST_STEP][PASSED] - Statement - StoresCBList.get(i).click(): null

2018-07-05 20:49:16 - [TEST_STEP][PASSED] - Statement - groupStoresList[i] = storesLabel.get(i).getText(): null

2018-07-05 20:49:16 - [TEST_STEP][PASSED] - Statement - StoresCBList.get(i).click(): null

2018-07-05 20:49:16 - [TEST_STEP][PASSED] - Statement - groupStoresList[i] = storesLabel.get(i).getText(): null

2018-07-05 20:49:16 - [TEST_STEP][PASSED] - Statement - StoresCBList.get(i).click(): null

2018-07-05 20:49:16 - [TEST_STEP][PASSED] - Statement - groupStoresList[i] = storesLabel.get(i).getText(): null

2018-07-05 20:49:16 - [TEST_STEP][PASSED] - Statement - StoresCBList.get(i).click(): null

2018-07-05 20:49:16 - [TEST_STEP][PASSED] - Statement - groupStoresList[i] = storesLabel.get(i).getText(): null

2018-07-05 20:49:16 - [TEST_STEP][PASSED] - Statement - StoresCBList.get(i).click(): null

2018-07-05 20:49:16 - [TEST_STEP][PASSED] - Statement - groupStoresList[i] = storesLabel.get(i).getText(): null

2018-07-05 20:49:16 - [TEST_STEP][PASSED] - Statement - StoresCBList.get(i).click(): null

2018-07-05 20:49:16 - [TEST_STEP][PASSED] - Statement - groupStoresList[i] = storesLabel.get(i).getText(): null

2018-07-05 20:49:16 - [TEST_STEP][PASSED] - Statement - StoresCBList.get(i).click(): null

2018-07-05 20:49:16 - [TEST_STEP][PASSED] - Statement - groupStoresList[i] = storesLabel.get(i).getText(): null

2018-07-05 20:49:16 - [TEST_STEP][PASSED] - Statement - StoresCBList.get(i).click(): null

2018-07-05 20:49:16 - [TEST_STEP][PASSED] - Statement - groupStoresList[i] = storesLabel.get(i).getText(): null

2018-07-05 20:49:16 - [TEST_STEP][PASSED] - Statement - StoresCBList.get(i).click(): null

2018-07-05 20:49:16 - [TEST_STEP][PASSED] - Statement - groupStoresList[i] = storesLabel.get(i).getText(): null

2018-07-05 20:49:16 - [TEST_STEP][PASSED] - Statement - StoresCBList.get(i).click(): null

2018-07-05 20:49:16 - [TEST_STEP][PASSED] - Statement - groupStoresList[i] = storesLabel.get(i).getText(): null

2018-07-05 20:49:16 - [TEST_STEP][PASSED] - Statement - StoresCBList.get(i).click(): null

2018-07-05 20:49:16 - [TEST_STEP][PASSED] - Statement - groupStoresList[i] = storesLabel.get(i).getText(): null

2018-07-05 20:49:16 - [TEST_STEP][PASSED] - Statement - StoresCBList.get(i).click(): null

2018-07-05 20:49:16 - [TEST_STEP][PASSED] - Statement - groupStoresList[i] = storesLabel.get(i).getText(): null

2018-07-05 20:49:16 - [TEST_STEP][PASSED] - Statement - StoresCBList.get(i).click(): null

2018-07-05 20:49:16 - [TEST_STEP][PASSED] - Statement - groupStoresList[i] = storesLabel.get(i).getText(): null

2018-07-05 20:49:16 - [TEST_STEP][PASSED] - Statement - StoresCBList.get(i).click(): null

2018-07-05 20:49:17 - [TEST_STEP][PASSED] - Statement - groupStoresList[i] = storesLabel.get(i).getText(): null

2018-07-05 20:49:17 - [TEST_STEP][PASSED] - Statement - StoresCBList.get(i).click(): null

2018-07-05 20:49:17 - [TEST_STEP][PASSED] - Statement - groupStoresList[i] = storesLabel.get(i).getText(): null

2018-07-05 20:49:17 - [TEST_STEP][PASSED] - Statement - StoresCBList.get(i).click(): null

2018-07-05 20:49:17 - [TEST_STEP][PASSED] - Statement - groupStoresList[i] = storesLabel.get(i).getText(): null

2018-07-05 20:49:17 - [TEST_STEP][PASSED] - Statement - StoresCBList.get(i).click(): null

2018-07-05 20:49:17 - [TEST_STEP][PASSED] - Statement - groupStoresList[i] = storesLabel.get(i).getText(): null

2018-07-05 20:49:17 - [TEST_STEP][PASSED] - Statement - StoresCBList.get(i).click(): null

2018-07-05 20:49:17 - [TEST_STEP][PASSED] - Statement - groupStoresList[i] = storesLabel.get(i).getText(): null

2018-07-05 20:49:17 - [TEST_STEP][PASSED] - Statement - StoresCBList.get(i).click(): null

2018-07-05 20:49:17 - [TEST_STEP][PASSED] - Statement - groupStoresList[i] = storesLabel.get(i).getText(): null

2018-07-05 20:49:17 - [TEST_STEP][PASSED] - Statement - StoresCBList.get(i).click(): null

2018-07-05 20:49:17 - [TEST_STEP][PASSED] - Statement - out.println(groupStoresList): null

2018-07-05 20:49:17 - [TEST_STEP][PASSED] - Statement - size = groupStoresList.size(): null

2018-07-05 20:49:17 - [TEST_STEP][PASSED] - Statement - For ([i = 0, i < StoresCBList.size() - 10, (i++)]): null

2018-07-05 20:49:17 - [TEST_STEP][PASSED] - Statement - groupStoresList1[i] = storesLabel.get(i).getText(): null

2018-07-05 20:49:17 - [TEST_STEP][PASSED] - Statement - groupStoresList1[i] = storesLabel.get(i).getText(): null

2018-07-05 20:49:17 - [TEST_STEP][PASSED] - Statement - groupStoresList1[i] = storesLabel.get(i).getText(): null

2018-07-05 20:49:17 - [TEST_STEP][PASSED] - Statement - groupStoresList1[i] = storesLabel.get(i).getText(): null

2018-07-05 20:49:17 - [TEST_STEP][PASSED] - Statement - groupStoresList1[i] = storesLabel.get(i).getText(): null

2018-07-05 20:49:17 - [TEST_STEP][PASSED] - Statement - groupStoresList1[i] = storesLabel.get(i).getText(): null

2018-07-05 20:49:17 - [TEST_STEP][PASSED] - Statement - groupStoresList1[i] = storesLabel.get(i).getText(): null

2018-07-05 20:49:17 - [TEST_STEP][PASSED] - Statement - groupStoresList1[i] = storesLabel.get(i).getText(): null

2018-07-05 20:49:17 - [TEST_STEP][PASSED] - Statement - groupStoresList1[i] = storesLabel.get(i).getText(): null

2018-07-05 20:49:17 - [TEST_STEP][PASSED] - Statement - groupStoresList1[i] = storesLabel.get(i).getText(): null

2018-07-05 20:49:17 - [TEST_STEP][PASSED] - Statement - groupStoresList1[i] = storesLabel.get(i).getText(): null

2018-07-05 20:49:17 - [TEST_STEP][PASSED] - Statement - groupStoresList1[i] = storesLabel.get(i).getText(): null

2018-07-05 20:49:17 - [TEST_STEP][PASSED] - Statement - groupStoresList1[i] = storesLabel.get(i).getText(): null

2018-07-05 20:49:17 - [TEST_STEP][PASSED] - Statement - groupStoresList1[i] = storesLabel.get(i).getText(): null

2018-07-05 20:49:17 - [TEST_STEP][PASSED] - Statement - groupStoresList1[i] = storesLabel.get(i).getText(): null

2018-07-05 20:49:17 - [TEST_STEP][PASSED] - Statement - groupStoresList1[i] = storesLabel.get(i).getText(): null

2018-07-05 20:49:17 - [TEST_STEP][PASSED] - Statement - groupStoresList1[i] = storesLabel.get(i).getText(): null

2018-07-05 20:49:17 - [TEST_STEP][PASSED] - Statement - groupStoresList1[i] = storesLabel.get(i).getText(): null

2018-07-05 20:49:17 - [TEST_STEP][PASSED] - Statement - groupStoresList1[i] = storesLabel.get(i).getText(): null

2018-07-05 20:49:17 - [TEST_STEP][PASSED] - Statement - groupStoresList1[i] = storesLabel.get(i).getText(): null

2018-07-05 20:49:17 - [TEST_STEP][PASSED] - Statement - groupStoresList1[i] = storesLabel.get(i).getText(): null

2018-07-05 20:49:17 - [TEST_STEP][PASSED] - Statement - groupStoresList1[i] = storesLabel.get(i).getText(): null

2018-07-05 20:49:17 - [TEST_STEP][PASSED] - Statement - groupStoresList1[i] = storesLabel.get(i).getText(): null

2018-07-05 20:49:17 - [TEST_STEP][PASSED] - Statement - groupStoresList1[i] = storesLabel.get(i).getText(): null

2018-07-05 20:49:17 - [TEST_STEP][PASSED] - Statement - groupStoresList1[i] = storesLabel.get(i).getText(): null

2018-07-05 20:49:17 - [TEST_STEP][PASSED] - Statement - groupStoresList1[i] = storesLabel.get(i).getText(): null

2018-07-05 20:49:17 - [TEST_STEP][PASSED] - Statement - groupStoresList1[i] = storesLabel.get(i).getText(): null

2018-07-05 20:49:17 - [TEST_STEP][PASSED] - Statement - groupStoresList1[i] = storesLabel.get(i).getText(): null

2018-07-05 20:49:17 - [TEST_STEP][PASSED] - Statement - groupStoresList1[i] = storesLabel.get(i).getText(): null

2018-07-05 20:49:17 - [TEST_STEP][PASSED] - Statement - groupStoresList1[i] = storesLabel.get(i).getText(): null

2018-07-05 20:49:17 - [TEST_STEP][PASSED] - Statement - groupStoresList1[i] = storesLabel.get(i).getText(): null

2018-07-05 20:49:17 - [TEST_STEP][PASSED] - Statement - groupStoresList1[i] = storesLabel.get(i).getText(): null

2018-07-05 20:49:17 - [TEST_STEP][PASSED] - Statement - groupStoresList1[i] = storesLabel.get(i).getText(): null

2018-07-05 20:49:17 - [TEST_STEP][PASSED] - Statement - groupStoresList1[i] = storesLabel.get(i).getText(): null

2018-07-05 20:49:17 - [TEST_STEP][PASSED] - Statement - groupStoresList1[i] = storesLabel.get(i).getText(): null

2018-07-05 20:49:18 - [TEST_STEP][PASSED] - Statement - groupStoresList1[i] = storesLabel.get(i).getText(): null

2018-07-05 20:49:18 - [TEST_STEP][PASSED] - Statement - groupStoresList1[i] = storesLabel.get(i).getText(): null

2018-07-05 20:49:18 - [TEST_STEP][PASSED] - Statement - groupStoresList1[i] = storesLabel.get(i).getText(): null

2018-07-05 20:49:18 - [TEST_STEP][PASSED] - Statement - groupStoresList1[i] = storesLabel.get(i).getText(): null

2018-07-05 20:49:18 - [TEST_STEP][PASSED] - Statement - groupStoresList1[i] = storesLabel.get(i).getText(): null

2018-07-05 20:49:18 - [TEST_STEP][PASSED] - Statement - groupStoresList1[i] = storesLabel.get(i).getText(): null

2018-07-05 20:49:18 - [TEST_STEP][PASSED] - Statement - groupStoresList1[i] = storesLabel.get(i).getText(): null

2018-07-05 20:49:18 - [TEST_STEP][PASSED] - Statement - groupStoresList1[i] = storesLabel.get(i).getText(): null

2018-07-05 20:49:18 - [TEST_STEP][PASSED] - Statement - groupStoresList1[i] = storesLabel.get(i).getText(): null

2018-07-05 20:49:18 - [TEST_STEP][PASSED] - Statement - groupStoresList1[i] = storesLabel.get(i).getText(): null

2018-07-05 20:49:18 - [TEST_STEP][PASSED] - Statement - groupStoresList1[i] = storesLabel.get(i).getText(): null

2018-07-05 20:49:18 - [TEST_STEP][PASSED] - Statement - groupStoresList1[i] = storesLabel.get(i).getText(): null

2018-07-05 20:49:18 - [TEST_STEP][PASSED] - Statement - groupStoresList1[i] = storesLabel.get(i).getText(): null

2018-07-05 20:49:18 - [TEST_STEP][PASSED] - Statement - groupStoresList1[i] = storesLabel.get(i).getText(): null

2018-07-05 20:49:18 - [TEST_STEP][PASSED] - Statement - groupStoresList1[i] = storesLabel.get(i).getText(): null

2018-07-05 20:49:18 - [TEST_STEP][PASSED] - Statement - groupStoresList1[i] = storesLabel.get(i).getText(): null

2018-07-05 20:49:18 - [TEST_STEP][PASSED] - Statement - groupStoresList1[i] = storesLabel.get(i).getText(): null

2018-07-05 20:49:18 - [TEST_STEP][PASSED] - Statement - groupStoresList1[i] = storesLabel.get(i).getText(): null

2018-07-05 20:49:18 - [TEST_STEP][PASSED] - Statement - groupStoresList1[i] = storesLabel.get(i).getText(): null

2018-07-05 20:49:18 - [TEST_STEP][PASSED] - Statement - groupStoresList1[i] = storesLabel.get(i).getText(): null

2018-07-05 20:49:18 - [TEST_STEP][PASSED] - Statement - groupStoresList1[i] = storesLabel.get(i).getText(): null

2018-07-05 20:49:18 - [TEST_STEP][PASSED] - Statement - groupStoresList1[i] = storesLabel.get(i).getText(): null

2018-07-05 20:49:18 - [TEST_STEP][PASSED] - Statement - groupStoresList1[i] = storesLabel.get(i).getText(): null

2018-07-05 20:49:18 - [TEST_STEP][PASSED] - Statement - groupStoresList1[i] = storesLabel.get(i).getText(): null

2018-07-05 20:49:18 - [TEST_STEP][PASSED] - Statement - groupStoresList1[i] = storesLabel.get(i).getText(): null

2018-07-05 20:49:18 - [TEST_STEP][PASSED] - Statement - groupStoresList1[i] = storesLabel.get(i).getText(): null

2018-07-05 20:49:18 - [TEST_STEP][PASSED] - Statement - groupStoresList1[i] = storesLabel.get(i).getText(): null

2018-07-05 20:49:18 - [TEST_STEP][PASSED] - Statement - groupStoresList1[i] = storesLabel.get(i).getText(): null

2018-07-05 20:49:18 - [TEST_STEP][PASSED] - Statement - groupStoresList1[i] = storesLabel.get(i).getText(): null

2018-07-05 20:49:18 - [TEST_STEP][PASSED] - Statement - groupStoresList1[i] = storesLabel.get(i).getText(): null

2018-07-05 20:49:18 - [TEST_STEP][PASSED] - Statement - groupStoresList1[i] = storesLabel.get(i).getText(): null

2018-07-05 20:49:18 - [TEST_STEP][PASSED] - Statement - groupStoresList1[i] = storesLabel.get(i).getText(): null

2018-07-05 20:49:18 - [TEST_STEP][PASSED] - Statement - groupStoresList1[i] = storesLabel.get(i).getText(): null

2018-07-05 20:49:18 - [TEST_STEP][PASSED] - Statement - groupStoresList1[i] = storesLabel.get(i).getText(): null

2018-07-05 20:49:18 - [TEST_STEP][PASSED] - Statement - groupStoresList1[i] = storesLabel.get(i).getText(): null

2018-07-05 20:49:18 - [TEST_STEP][PASSED] - Statement - groupStoresList1[i] = storesLabel.get(i).getText(): null

2018-07-05 20:49:18 - [TEST_STEP][PASSED] - Statement - groupStoresList1[i] = storesLabel.get(i).getText(): null

2018-07-05 20:49:18 - [TEST_STEP][PASSED] - Statement - groupStoresList1[i] = storesLabel.get(i).getText(): null

2018-07-05 20:49:18 - [TEST_STEP][PASSED] - Statement - groupStoresList1[i] = storesLabel.get(i).getText(): null

2018-07-05 20:49:18 - [TEST_STEP][PASSED] - Statement - groupStoresList1[i] = storesLabel.get(i).getText(): null

2018-07-05 20:49:18 - [TEST_STEP][PASSED] - Statement - groupStoresList1[i] = storesLabel.get(i).getText(): null

2018-07-05 20:49:18 - [TEST_STEP][PASSED] - Statement - groupStoresList1[i] = storesLabel.get(i).getText(): null

2018-07-05 20:49:18 - [TEST_STEP][PASSED] - Statement - groupStoresList1[i] = storesLabel.get(i).getText(): null

2018-07-05 20:49:18 - [TEST_STEP][PASSED] - Statement - groupStoresList1[i] = storesLabel.get(i).getText(): null

2018-07-05 20:49:18 - [TEST_STEP][PASSED] - Statement - groupStoresList1[i] = storesLabel.get(i).getText(): null

2018-07-05 20:49:18 - [TEST_STEP][PASSED] - Statement - groupStoresList1[i] = storesLabel.get(i).getText(): null

2018-07-05 20:49:18 - [TEST_STEP][PASSED] - Statement - groupStoresList1[i] = storesLabel.get(i).getText(): null

2018-07-05 20:49:18 - [TEST_STEP][PASSED] - Statement - groupStoresList1[i] = storesLabel.get(i).getText(): null

2018-07-05 20:49:18 - [TEST_STEP][PASSED] - Statement - groupStoresList1[i] = storesLabel.get(i).getText(): null

2018-07-05 20:49:18 - [TEST_STEP][PASSED] - Statement - groupStoresList1[i] = storesLabel.get(i).getText(): null

2018-07-05 20:49:18 - [TEST_STEP][PASSED] - Statement - groupStoresList1[i] = storesLabel.get(i).getText(): null

2018-07-05 20:49:18 - [TEST_STEP][PASSED] - Statement - groupStoresList1[i] = storesLabel.get(i).getText(): null

2018-07-05 20:49:18 - [TEST_STEP][PASSED] - Statement - groupStoresList1[i] = storesLabel.get(i).getText(): null

2018-07-05 20:49:18 - [TEST_STEP][PASSED] - Statement - groupStoresList1[i] = storesLabel.get(i).getText(): null

2018-07-05 20:49:18 - [TEST_STEP][PASSED] - Statement - groupStoresList1[i] = storesLabel.get(i).getText(): null

2018-07-05 20:49:18 - [TEST_STEP][PASSED] - Statement - groupStoresList1[i] = storesLabel.get(i).getText(): null

2018-07-05 20:49:18 - [TEST_STEP][PASSED] - Statement - groupStoresList1[i] = storesLabel.get(i).getText(): null

2018-07-05 20:49:18 - [TEST_STEP][PASSED] - Statement - groupStoresList1[i] = storesLabel.get(i).getText(): null

2018-07-05 20:49:18 - [TEST_STEP][PASSED] - Statement - groupStoresList1[i] = storesLabel.get(i).getText(): null

2018-07-05 20:49:18 - [TEST_STEP][PASSED] - Statement - groupStoresList1[i] = storesLabel.get(i).getText(): null

2018-07-05 20:49:18 - [TEST_STEP][PASSED] - Statement - groupStoresList1[i] = storesLabel.get(i).getText(): null

2018-07-05 20:49:19 - [TEST_STEP][PASSED] - Statement - groupStoresList1[i] = storesLabel.get(i).getText(): null

2018-07-05 20:49:19 - [TEST_STEP][PASSED] - Statement - groupStoresList1[i] = storesLabel.get(i).getText(): null

2018-07-05 20:49:19 - [TEST_STEP][PASSED] - Statement - groupStoresList1[i] = storesLabel.get(i).getText(): null

2018-07-05 20:49:19 - [TEST_STEP][PASSED] - Statement - groupStoresList1[i] = storesLabel.get(i).getText(): null

2018-07-05 20:49:19 - [TEST_STEP][PASSED] - Statement - groupStoresList1[i] = storesLabel.get(i).getText(): null

2018-07-05 20:49:19 - [TEST_STEP][PASSED] - Statement - groupStoresList1[i] = storesLabel.get(i).getText(): null

2018-07-05 20:49:19 - [TEST_STEP][PASSED] - Statement - groupStoresList1[i] = storesLabel.get(i).getText(): null

2018-07-05 20:49:19 - [TEST_STEP][PASSED] - Statement - groupStoresList1[i] = storesLabel.get(i).getText(): null

2018-07-05 20:49:19 - [TEST_STEP][PASSED] - Statement - groupStoresList1[i] = storesLabel.get(i).getText(): null

2018-07-05 20:49:19 - [TEST_STEP][PASSED] - Statement - groupStoresList1[i] = storesLabel.get(i).getText(): null

2018-07-05 20:49:19 - [TEST_STEP][PASSED] - Statement - groupStoresList1[i] = storesLabel.get(i).getText(): null

2018-07-05 20:49:19 - [TEST_STEP][PASSED] - Statement - groupStoresList1[i] = storesLabel.get(i).getText(): null

2018-07-05 20:49:19 - [TEST_STEP][PASSED] - Statement - groupStoresList1[i] = storesLabel.get(i).getText(): null

2018-07-05 20:49:19 - [TEST_STEP][PASSED] - Statement - groupStoresList1[i] = storesLabel.get(i).getText(): null

2018-07-05 20:49:19 - [TEST_STEP][PASSED] - Statement - groupStoresList1[i] = storesLabel.get(i).getText(): null

2018-07-05 20:49:19 - [TEST_STEP][PASSED] - Statement - groupStoresList1[i] = storesLabel.get(i).getText(): null

2018-07-05 20:49:19 - [TEST_STEP][PASSED] - Statement - groupStoresList1[i] = storesLabel.get(i).getText(): null

2018-07-05 20:49:19 - [TEST_STEP][PASSED] - Statement - groupStoresList1[i] = storesLabel.get(i).getText(): null

2018-07-05 20:49:19 - [TEST_STEP][PASSED] - Statement - groupStoresList1[i] = storesLabel.get(i).getText(): null

2018-07-05 20:49:19 - [TEST_STEP][PASSED] - Statement - groupStoresList1[i] = storesLabel.get(i).getText(): null

2018-07-05 20:49:19 - [TEST_STEP][PASSED] - Statement - groupStoresList1[i] = storesLabel.get(i).getText(): null

2018-07-05 20:49:19 - [TEST_STEP][PASSED] - Statement - groupStoresList1[i] = storesLabel.get(i).getText(): null

2018-07-05 20:49:19 - [TEST_STEP][PASSED] - Statement - groupStoresList1[i] = storesLabel.get(i).getText(): null

2018-07-05 20:49:19 - [TEST_STEP][PASSED] - Statement - groupStoresList1[i] = storesLabel.get(i).getText(): null

2018-07-05 20:49:19 - [TEST_STEP][PASSED] - Statement - groupStoresList1[i] = storesLabel.get(i).getText(): null

2018-07-05 20:49:19 - [TEST_STEP][PASSED] - Statement - groupStoresList1[i] = storesLabel.get(i).getText(): null

2018-07-05 20:49:19 - [TEST_STEP][PASSED] - Statement - groupStoresList1[i] = storesLabel.get(i).getText(): null

2018-07-05 20:49:19 - [TEST_STEP][PASSED] - Statement - groupStoresList1[i] = storesLabel.get(i).getText(): null

2018-07-05 20:49:19 - [TEST_STEP][PASSED] - Statement - groupStoresList1[i] = storesLabel.get(i).getText(): null

2018-07-05 20:49:19 - [TEST_STEP][PASSED] - Statement - groupStoresList1[i] = storesLabel.get(i).getText(): null

2018-07-05 20:49:19 - [TEST_STEP][PASSED] - Statement - groupStoresList1[i] = storesLabel.get(i).getText(): null

2018-07-05 20:49:19 - [TEST_STEP][PASSED] - Statement - groupStoresList1[i] = storesLabel.get(i).getText(): null

2018-07-05 20:49:19 - [TEST_STEP][PASSED] - Statement - groupStoresList1[i] = storesLabel.get(i).getText(): null

2018-07-05 20:49:19 - [TEST_STEP][PASSED] - Statement - groupStoresList1[i] = storesLabel.get(i).getText(): null

2018-07-05 20:49:19 - [TEST_STEP][PASSED] - Statement - groupStoresList1[i] = storesLabel.get(i).getText(): null

2018-07-05 20:49:19 - [TEST_STEP][PASSED] - Statement - groupStoresList1[i] = storesLabel.get(i).getText(): null

2018-07-05 20:49:19 - [TEST_STEP][PASSED] - Statement - groupStoresList1[i] = storesLabel.get(i).getText(): null

2018-07-05 20:49:19 - [TEST_STEP][PASSED] - Statement - groupStoresList1[i] = storesLabel.get(i).getText(): null

2018-07-05 20:49:19 - [TEST_STEP][PASSED] - Statement - groupStoresList1[i] = storesLabel.get(i).getText(): null

2018-07-05 20:49:19 - [TEST_STEP][PASSED] - Statement - groupStoresList1[i] = storesLabel.get(i).getText(): null

2018-07-05 20:49:19 - [TEST_STEP][PASSED] - Statement - groupStoresList1[i] = storesLabel.get(i).getText(): null

2018-07-05 20:49:19 - [TEST_STEP][PASSED] - Statement - groupStoresList1[i] = storesLabel.get(i).getText(): null

2018-07-05 20:49:19 - [TEST_STEP][PASSED] - Statement - groupStoresList1[i] = storesLabel.get(i).getText(): null

2018-07-05 20:49:19 - [TEST_STEP][PASSED] - Statement - groupStoresList1[i] = storesLabel.get(i).getText(): null

2018-07-05 20:49:19 - [TEST_STEP][PASSED] - Statement - groupStoresList1[i] = storesLabel.get(i).getText(): null

2018-07-05 20:49:19 - [TEST_STEP][PASSED] - Statement - groupStoresList1[i] = storesLabel.get(i).getText(): null

2018-07-05 20:49:19 - [TEST_STEP][PASSED] - Statement - groupStoresList1[i] = storesLabel.get(i).getText(): null

2018-07-05 20:49:19 - [TEST_STEP][PASSED] - Statement - groupStoresList1[i] = storesLabel.get(i).getText(): null

2018-07-05 20:49:19 - [TEST_STEP][PASSED] - Statement - groupStoresList1[i] = storesLabel.get(i).getText(): null

2018-07-05 20:49:19 - [TEST_STEP][PASSED] - Statement - groupStoresList1[i] = storesLabel.get(i).getText(): null

2018-07-05 20:49:19 - [TEST_STEP][PASSED] - Statement - groupStoresList1[i] = storesLabel.get(i).getText(): null

2018-07-05 20:49:19 - [TEST_STEP][PASSED] - Statement - groupStoresList1[i] = storesLabel.get(i).getText(): null

2018-07-05 20:49:19 - [TEST_STEP][PASSED] - Statement - groupStoresList1[i] = storesLabel.get(i).getText(): null

2018-07-05 20:49:19 - [TEST_STEP][PASSED] - Statement - groupStoresList1[i] = storesLabel.get(i).getText(): null

2018-07-05 20:49:19 - [TEST_STEP][PASSED] - Statement - groupStoresList1[i] = storesLabel.get(i).getText(): null

2018-07-05 20:49:19 - [TEST_STEP][PASSED] - Statement - groupStoresList1[i] = storesLabel.get(i).getText(): null

2018-07-05 20:49:19 - [TEST_STEP][PASSED] - Statement - groupStoresList1[i] = storesLabel.get(i).getText(): null

2018-07-05 20:49:19 - [TEST_STEP][PASSED] - Statement - groupStoresList1[i] = storesLabel.get(i).getText(): null

2018-07-05 20:49:19 - [TEST_STEP][PASSED] - Statement - groupStoresList1[i] = storesLabel.get(i).getText(): null

2018-07-05 20:49:19 - [TEST_STEP][PASSED] - Statement - groupStoresList1[i] = storesLabel.get(i).getText(): null

2018-07-05 20:49:19 - [TEST_STEP][PASSED] - Statement - groupStoresList1[i] = storesLabel.get(i).getText(): null

2018-07-05 20:49:19 - [TEST_STEP][PASSED] - Statement - groupStoresList1[i] = storesLabel.get(i).getText(): null

2018-07-05 20:49:19 - [TEST_STEP][PASSED] - Statement - groupStoresList1[i] = storesLabel.get(i).getText(): null

2018-07-05 20:49:19 - [TEST_STEP][PASSED] - Statement - groupStoresList1[i] = storesLabel.get(i).getText(): null

2018-07-05 20:49:19 - [TEST_STEP][PASSED] - Statement - groupStoresList1[i] = storesLabel.get(i).getText(): null

2018-07-05 20:49:19 - [TEST_STEP][PASSED] - Statement - groupStoresList1[i] = storesLabel.get(i).getText(): null

2018-07-05 20:49:19 - [TEST_STEP][PASSED] - Statement - groupStoresList1[i] = storesLabel.get(i).getText(): null

2018-07-05 20:49:19 - [TEST_STEP][PASSED] - Statement - groupStoresList1[i] = storesLabel.get(i).getText(): null

2018-07-05 20:49:19 - [TEST_STEP][PASSED] - Statement - groupStoresList1[i] = storesLabel.get(i).getText(): null

2018-07-05 20:49:19 - [TEST_STEP][PASSED] - Statement - groupStoresList1[i] = storesLabel.get(i).getText(): null

2018-07-05 20:49:19 - [TEST_STEP][PASSED] - Statement - groupStoresList1[i] = storesLabel.get(i).getText(): null

2018-07-05 20:49:19 - [TEST_STEP][PASSED] - Statement - groupStoresList1[i] = storesLabel.get(i).getText(): null

2018-07-05 20:49:19 - [TEST_STEP][PASSED] - Statement - groupStoresList1[i] = storesLabel.get(i).getText(): null

2018-07-05 20:49:19 - [TEST_STEP][PASSED] - Statement - groupStoresList1[i] = storesLabel.get(i).getText(): null

2018-07-05 20:49:19 - [TEST_STEP][PASSED] - Statement - groupStoresList1[i] = storesLabel.get(i).getText(): null

2018-07-05 20:49:19 - [TEST_STEP][PASSED] - Statement - groupStoresList1[i] = storesLabel.get(i).getText(): null

2018-07-05 20:49:19 - [TEST_STEP][PASSED] - Statement - groupStoresList1[i] = storesLabel.get(i).getText(): null

2018-07-05 20:49:19 - [TEST_STEP][PASSED] - Statement - groupStoresList1[i] = storesLabel.get(i).getText(): null

2018-07-05 20:49:19 - [TEST_STEP][PASSED] - Statement - groupStoresList1[i] = storesLabel.get(i).getText(): null

2018-07-05 20:49:19 - [TEST_STEP][PASSED] - Statement - groupStoresList1[i] = storesLabel.get(i).getText(): null

2018-07-05 20:49:19 - [TEST_STEP][PASSED] - Statement - groupStoresList1[i] = storesLabel.get(i).getText(): null

2018-07-05 20:49:19 - [TEST_STEP][PASSED] - Statement - groupStoresList1[i] = storesLabel.get(i).getText(): null

2018-07-05 20:49:19 - [TEST_STEP][PASSED] - Statement - groupStoresList1[i] = storesLabel.get(i).getText(): null

2018-07-05 20:49:19 - [TEST_STEP][PASSED] - Statement - groupStoresList1[i] = storesLabel.get(i).getText(): null

2018-07-05 20:49:19 - [TEST_STEP][PASSED] - Statement - groupStoresList1[i] = storesLabel.get(i).getText(): null

2018-07-05 20:49:19 - [TEST_STEP][PASSED] - Statement - groupStoresList1[i] = storesLabel.get(i).getText(): null

2018-07-05 20:49:19 - [TEST_STEP][PASSED] - Statement - groupStoresList1[i] = storesLabel.get(i).getText(): null

2018-07-05 20:49:19 - [TEST_STEP][PASSED] - Statement - groupStoresList1[i] = storesLabel.get(i).getText(): null

2018-07-05 20:49:19 - [TEST_STEP][PASSED] - Statement - groupStoresList1[i] = storesLabel.get(i).getText(): null

2018-07-05 20:49:19 - [TEST_STEP][PASSED] - Statement - groupStoresList1[i] = storesLabel.get(i).getText(): null

2018-07-05 20:49:19 - [TEST_STEP][PASSED] - Statement - groupStoresList1[i] = storesLabel.get(i).getText(): null

2018-07-05 20:49:19 - [TEST_STEP][PASSED] - Statement - groupStoresList1[i] = storesLabel.get(i).getText(): null

2018-07-05 20:49:19 - [TEST_STEP][PASSED] - Statement - groupStoresList1[i] = storesLabel.get(i).getText(): null

2018-07-05 20:49:19 - [TEST_STEP][PASSED] - Statement - groupStoresList1[i] = storesLabel.get(i).getText(): null

2018-07-05 20:49:19 - [TEST_STEP][PASSED] - Statement - groupStoresList1[i] = storesLabel.get(i).getText(): null

2018-07-05 20:49:20 - [TEST_STEP][PASSED] - Statement - groupStoresList1[i] = storesLabel.get(i).getText(): null

2018-07-05 20:49:20 - [TEST_STEP][PASSED] - Statement - groupStoresList1[i] = storesLabel.get(i).getText(): null

2018-07-05 20:49:20 - [TEST_STEP][PASSED] - Statement - groupStoresList1[i] = storesLabel.get(i).getText(): null

2018-07-05 20:49:20 - [TEST_STEP][PASSED] - Statement - groupStoresList1[i] = storesLabel.get(i).getText(): null

2018-07-05 20:49:20 - [TEST_STEP][PASSED] - Statement - groupStoresList1[i] = storesLabel.get(i).getText(): null

2018-07-05 20:49:20 - [TEST_STEP][PASSED] - Statement - groupStoresList1[i] = storesLabel.get(i).getText(): null

2018-07-05 20:49:20 - [TEST_STEP][PASSED] - Statement - groupStoresList1[i] = storesLabel.get(i).getText(): null

2018-07-05 20:49:20 - [TEST_STEP][PASSED] - Statement - groupStoresList1[i] = storesLabel.get(i).getText(): null

2018-07-05 20:49:20 - [TEST_STEP][PASSED] - Statement - groupStoresList1[i] = storesLabel.get(i).getText(): null

2018-07-05 20:49:20 - [TEST_STEP][PASSED] - Statement - groupStoresList1[i] = storesLabel.get(i).getText(): null

2018-07-05 20:49:20 - [TEST_STEP][PASSED] - Statement - groupStoresList1[i] = storesLabel.get(i).getText(): null

2018-07-05 20:49:20 - [TEST_STEP][PASSED] - Statement - groupStoresList1[i] = storesLabel.get(i).getText(): null

2018-07-05 20:49:20 - [TEST_STEP][PASSED] - Statement - groupStoresList1[i] = storesLabel.get(i).getText(): null

2018-07-05 20:49:20 - [TEST_STEP][PASSED] - Statement - groupStoresList1[i] = storesLabel.get(i).getText(): null

2018-07-05 20:49:20 - [TEST_STEP][PASSED] - Statement - groupStoresList1[i] = storesLabel.get(i).getText(): null

2018-07-05 20:49:20 - [TEST_STEP][PASSED] - Statement - groupStoresList1[i] = storesLabel.get(i).getText(): null

2018-07-05 20:49:20 - [TEST_STEP][PASSED] - Statement - groupStoresList1[i] = storesLabel.get(i).getText(): null

2018-07-05 20:49:20 - [TEST_STEP][PASSED] - Statement - groupStoresList1[i] = storesLabel.get(i).getText(): null

2018-07-05 20:49:20 - [TEST_STEP][PASSED] - Statement - groupStoresList1[i] = storesLabel.get(i).getText(): null

2018-07-05 20:49:20 - [TEST_STEP][PASSED] - Statement - groupStoresList1[i] = storesLabel.get(i).getText(): null

2018-07-05 20:49:20 - [TEST_STEP][PASSED] - Statement - groupStoresList1[i] = storesLabel.get(i).getText(): null

2018-07-05 20:49:20 - [TEST_STEP][PASSED] - Statement - groupStoresList1[i] = storesLabel.get(i).getText(): null

2018-07-05 20:49:20 - [TEST_STEP][PASSED] - Statement - groupStoresList1[i] = storesLabel.get(i).getText(): null

2018-07-05 20:49:20 - [TEST_STEP][PASSED] - Statement - groupStoresList1[i] = storesLabel.get(i).getText(): null

2018-07-05 20:49:20 - [TEST_STEP][PASSED] - Statement - groupStoresList1[i] = storesLabel.get(i).getText(): null

2018-07-05 20:49:20 - [TEST_STEP][PASSED] - Statement - groupStoresList1[i] = storesLabel.get(i).getText(): null

2018-07-05 20:49:20 - [TEST_STEP][PASSED] - Statement - groupStoresList1[i] = storesLabel.get(i).getText(): null

2018-07-05 20:49:20 - [TEST_STEP][PASSED] - Statement - groupStoresList1[i] = storesLabel.get(i).getText(): null

2018-07-05 20:49:20 - [TEST_STEP][PASSED] - Statement - groupStoresList1[i] = storesLabel.get(i).getText(): null

2018-07-05 20:49:20 - [TEST_STEP][PASSED] - Statement - groupStoresList1[i] = storesLabel.get(i).getText(): null

2018-07-05 20:49:20 - [TEST_STEP][PASSED] - Statement - groupStoresList1[i] = storesLabel.get(i).getText(): null

2018-07-05 20:49:20 - [TEST_STEP][PASSED] - Statement - groupStoresList1[i] = storesLabel.get(i).getText(): null

2018-07-05 20:49:20 - [TEST_STEP][PASSED] - Statement - groupStoresList1[i] = storesLabel.get(i).getText(): null

2018-07-05 20:49:20 - [TEST_STEP][PASSED] - Statement - groupStoresList1[i] = storesLabel.get(i).getText(): null

2018-07-05 20:49:20 - [TEST_STEP][PASSED] - Statement - groupStoresList1[i] = storesLabel.get(i).getText(): null

2018-07-05 20:49:20 - [TEST_STEP][PASSED] - Statement - groupStoresList1[i] = storesLabel.get(i).getText(): null

2018-07-05 20:49:20 - [TEST_STEP][PASSED] - Statement - groupStoresList1[i] = storesLabel.get(i).getText(): null

2018-07-05 20:49:20 - [TEST_STEP][PASSED] - Statement - groupStoresList1[i] = storesLabel.get(i).getText(): null

2018-07-05 20:49:20 - [TEST_STEP][PASSED] - Statement - groupStoresList1[i] = storesLabel.get(i).getText(): null

2018-07-05 20:49:20 - [TEST_STEP][PASSED] - Statement - groupStoresList1[i] = storesLabel.get(i).getText(): null

2018-07-05 20:49:20 - [TEST_STEP][PASSED] - Statement - groupStoresList1[i] = storesLabel.get(i).getText(): null

2018-07-05 20:49:20 - [TEST_STEP][PASSED] - Statement - groupStoresList1[i] = storesLabel.get(i).getText(): null

2018-07-05 20:49:20 - [TEST_STEP][PASSED] - Statement - groupStoresList1[i] = storesLabel.get(i).getText(): null

2018-07-05 20:49:20 - [TEST_STEP][PASSED] - Statement - groupStoresList1[i] = storesLabel.get(i).getText(): null

2018-07-05 20:49:20 - [TEST_STEP][PASSED] - Statement - groupStoresList1[i] = storesLabel.get(i).getText(): null

2018-07-05 20:49:20 - [TEST_STEP][PASSED] - Statement - groupStoresList1[i] = storesLabel.get(i).getText(): null

2018-07-05 20:49:20 - [TEST_STEP][PASSED] - Statement - groupStoresList1[i] = storesLabel.get(i).getText(): null

2018-07-05 20:49:20 - [TEST_STEP][PASSED] - Statement - groupStoresList1[i] = storesLabel.get(i).getText(): null

2018-07-05 20:49:20 - [TEST_STEP][PASSED] - Statement - groupStoresList1[i] = storesLabel.get(i).getText(): null

2018-07-05 20:49:20 - [TEST_STEP][PASSED] - Statement - groupStoresList1[i] = storesLabel.get(i).getText(): null

2018-07-05 20:49:20 - [TEST_STEP][PASSED] - Statement - groupStoresList1[i] = storesLabel.get(i).getText(): null

2018-07-05 20:49:20 - [TEST_STEP][PASSED] - Statement - groupStoresList1[i] = storesLabel.get(i).getText(): null

2018-07-05 20:49:20 - [TEST_STEP][PASSED] - Statement - groupStoresList1[i] = storesLabel.get(i).getText(): null

2018-07-05 20:49:20 - [TEST_STEP][PASSED] - Statement - groupStoresList1[i] = storesLabel.get(i).getText(): null

2018-07-05 20:49:20 - [TEST_STEP][PASSED] - Statement - groupStoresList1[i] = storesLabel.get(i).getText(): null

2018-07-05 20:49:20 - [TEST_STEP][PASSED] - Statement - groupStoresList1[i] = storesLabel.get(i).getText(): null

2018-07-05 20:49:20 - [TEST_STEP][PASSED] - Statement - groupStoresList1[i] = storesLabel.get(i).getText(): null

2018-07-05 20:49:20 - [TEST_STEP][PASSED] - delay: Delayed 10 second(s)

2018-07-05 20:49:30 - [MESSAGE][PASSED] - Delayed 10 second(s)

2018-07-05 20:49:30 - [TEST_STEP][PASSED] - uiaction.CommonUIActions.click: uiaction.CommonUIActions.click is PASSED

2018-07-05 20:49:30 - [MESSAGE][PASSED] - uiaction.CommonUIActions.click is PASSED

2018-07-05 20:49:30 - [TEST_STEP][PASSED] - delay: Delayed 5 second(s)

2018-07-05 20:49:35 - [MESSAGE][PASSED] - Delayed 5 second(s)

2018-07-05 20:49:35 - [TEST_STEP][PASSED] - Statement - secondStoreListBox = driver.findElements(org.openqa.selenium.By.xpath(com.kms.katalon.core.testdata.TestDataFactory.findTestData(OR_file).getValue(2, 11))): Reading excel file with source file 'C:\Users\shalinin\Katalon Studio\HME_DEVScripts\Data Files\HME_OR.xlsx' and sheet name 'Sheet1'

2018-07-05 20:49:35 - [TEST_STEP][PASSED] - Statement - actualList1 = new java.util.ArrayList(): null

2018-07-05 20:49:35 - [TEST_STEP][PASSED] - Statement - For ([i = 0, i < secondStoreListBox.size(), (i++)]): null

2018-07-05 20:49:35 - [TEST_STEP][PASSED] - Statement - actualList1.add(i, secondStoreListBox.get(i).getText()): null

2018-07-05 20:49:35 - [TEST_STEP][PASSED] - Statement - actualList1.add(i, secondStoreListBox.get(i).getText()): null

2018-07-05 20:49:35 - [TEST_STEP][PASSED] - Statement - actualList1.add(i, secondStoreListBox.get(i).getText()): null

2018-07-05 20:49:35 - [TEST_STEP][PASSED] - Statement - actualList1.add(i, secondStoreListBox.get(i).getText()): null

2018-07-05 20:49:35 - [TEST_STEP][PASSED] - Statement - actualList1.add(i, secondStoreListBox.get(i).getText()): null

2018-07-05 20:49:35 - [TEST_STEP][PASSED] - Statement - actualList1.add(i, secondStoreListBox.get(i).getText()): null

2018-07-05 20:49:35 - [TEST_STEP][PASSED] - Statement - actualList1.add(i, secondStoreListBox.get(i).getText()): null

2018-07-05 20:49:36 - [TEST_STEP][PASSED] - Statement - actualList1.add(i, secondStoreListBox.get(i).getText()): null

2018-07-05 20:49:36 - [TEST_STEP][PASSED] - Statement - actualList1.add(i, secondStoreListBox.get(i).getText()): null

2018-07-05 20:49:36 - [TEST_STEP][PASSED] - Statement - actualList1.add(i, secondStoreListBox.get(i).getText()): null

2018-07-05 20:49:36 - [TEST_STEP][PASSED] - Statement - actualList1.add(i, secondStoreListBox.get(i).getText()): null

2018-07-05 20:49:36 - [TEST_STEP][PASSED] - Statement - actualList1.add(i, secondStoreListBox.get(i).getText()): null

2018-07-05 20:49:36 - [TEST_STEP][PASSED] - Statement - actualList1.add(i, secondStoreListBox.get(i).getText()): null

2018-07-05 20:49:36 - [TEST_STEP][PASSED] - Statement - actualList1.add(i, secondStoreListBox.get(i).getText()): null

2018-07-05 20:49:36 - [TEST_STEP][PASSED] - Statement - actualList1.add(i, secondStoreListBox.get(i).getText()): null

2018-07-05 20:49:36 - [TEST_STEP][PASSED] - Statement - actualList1.add(i, secondStoreListBox.get(i).getText()): null

2018-07-05 20:49:36 - [TEST_STEP][PASSED] - Statement - actualList1.add(i, secondStoreListBox.get(i).getText()): null

2018-07-05 20:49:36 - [TEST_STEP][PASSED] - Statement - actualList1.add(i, secondStoreListBox.get(i).getText()): null

2018-07-05 20:49:36 - [TEST_STEP][PASSED] - Statement - actualList1.add(i, secondStoreListBox.get(i).getText()): null

2018-07-05 20:49:36 - [TEST_STEP][PASSED] - Statement - actualList1.add(i, secondStoreListBox.get(i).getText()): null

2018-07-05 20:49:36 - [TEST_STEP][PASSED] - Statement - actualList1.add(i, secondStoreListBox.get(i).getText()): null

2018-07-05 20:49:36 - [TEST_STEP][PASSED] - Statement - actualList1.add(i, secondStoreListBox.get(i).getText()): null

2018-07-05 20:49:36 - [TEST_STEP][PASSED] - Statement - actualList1.add(i, secondStoreListBox.get(i).getText()): null

2018-07-05 20:49:36 - [TEST_STEP][PASSED] - Statement - actualList1.add(i, secondStoreListBox.get(i).getText()): null

2018-07-05 20:49:36 - [TEST_STEP][PASSED] - Statement - actualList1.add(i, secondStoreListBox.get(i).getText()): null

2018-07-05 20:49:36 - [TEST_STEP][PASSED] - Statement - actualList1.add(i, secondStoreListBox.get(i).getText()): null

2018-07-05 20:49:36 - [TEST_STEP][PASSED] - Statement - actualList1.add(i, secondStoreListBox.get(i).getText()): null

2018-07-05 20:49:36 - [TEST_STEP][PASSED] - Statement - actualList1.add(i, secondStoreListBox.get(i).getText()): null

2018-07-05 20:49:36 - [TEST_STEP][PASSED] - Statement - actualList1.add(i, secondStoreListBox.get(i).getText()): null

2018-07-05 20:49:36 - [TEST_STEP][PASSED] - Statement - actualList1.add(i, secondStoreListBox.get(i).getText()): null

2018-07-05 20:49:36 - [TEST_STEP][PASSED] - Statement - actualList1.add(i, secondStoreListBox.get(i).getText()): null

2018-07-05 20:49:36 - [TEST_STEP][PASSED] - Statement - actualList1.add(i, secondStoreListBox.get(i).getText()): null

2018-07-05 20:49:36 - [TEST_STEP][PASSED] - Statement - actualList1.add(i, secondStoreListBox.get(i).getText()): null

2018-07-05 20:49:36 - [TEST_STEP][PASSED] - Statement - actualList1.add(i, secondStoreListBox.get(i).getText()): null

2018-07-05 20:49:36 - [TEST_STEP][PASSED] - Statement - actualList1.add(i, secondStoreListBox.get(i).getText()): null

2018-07-05 20:49:36 - [TEST_STEP][PASSED] - Statement - actualList1.add(i, secondStoreListBox.get(i).getText()): null

2018-07-05 20:49:36 - [TEST_STEP][PASSED] - Statement - actualList1.add(i, secondStoreListBox.get(i).getText()): null

2018-07-05 20:49:36 - [TEST_STEP][PASSED] - Statement - actualList1.add(i, secondStoreListBox.get(i).getText()): null

2018-07-05 20:49:36 - [TEST_STEP][PASSED] - Statement - actualList1.add(i, secondStoreListBox.get(i).getText()): null

2018-07-05 20:49:36 - [TEST_STEP][PASSED] - Statement - actualList1.add(i, secondStoreListBox.get(i).getText()): null

2018-07-05 20:49:36 - [TEST_STEP][PASSED] - Statement - actualList1.add(i, secondStoreListBox.get(i).getText()): null

2018-07-05 20:49:36 - [TEST_STEP][PASSED] - Statement - actualList1.add(i, secondStoreListBox.get(i).getText()): null

2018-07-05 20:49:36 - [TEST_STEP][PASSED] - Statement - actualList1.add(i, secondStoreListBox.get(i).getText()): null

2018-07-05 20:49:36 - [TEST_STEP][PASSED] - Statement - actualList1.add(i, secondStoreListBox.get(i).getText()): null

2018-07-05 20:49:36 - [TEST_STEP][PASSED] - Statement - actualList1.add(i, secondStoreListBox.get(i).getText()): null

2018-07-05 20:49:36 - [TEST_STEP][PASSED] - Statement - actualList1.add(i, secondStoreListBox.get(i).getText()): null

2018-07-05 20:49:36 - [TEST_STEP][PASSED] - Statement - actualList1.add(i, secondStoreListBox.get(i).getText()): null

2018-07-05 20:49:36 - [TEST_STEP][PASSED] - Statement - actualList1.add(i, secondStoreListBox.get(i).getText()): null

2018-07-05 20:49:36 - [TEST_STEP][PASSED] - Statement - actualList1.add(i, secondStoreListBox.get(i).getText()): null

2018-07-05 20:49:36 - [TEST_STEP][PASSED] - Statement - actualList1.add(i, secondStoreListBox.get(i).getText()): null

2018-07-05 20:49:36 - [TEST_STEP][PASSED] - Statement - actualList1.add(i, secondStoreListBox.get(i).getText()): null

2018-07-05 20:49:36 - [TEST_STEP][PASSED] - Statement - actualList1.add(i, secondStoreListBox.get(i).getText()): null

2018-07-05 20:49:36 - [TEST_STEP][PASSED] - Statement - actualList1.add(i, secondStoreListBox.get(i).getText()): null

2018-07-05 20:49:36 - [TEST_STEP][PASSED] - Statement - actualList1.add(i, secondStoreListBox.get(i).getText()): null

2018-07-05 20:49:36 - [TEST_STEP][PASSED] - Statement - actualList1.add(i, secondStoreListBox.get(i).getText()): null

2018-07-05 20:49:36 - [TEST_STEP][PASSED] - Statement - actualList1.add(i, secondStoreListBox.get(i).getText()): null

2018-07-05 20:49:36 - [TEST_STEP][PASSED] - Statement - actualList1.add(i, secondStoreListBox.get(i).getText()): null

2018-07-05 20:49:36 - [TEST_STEP][PASSED] - Statement - actualList1.add(i, secondStoreListBox.get(i).getText()): null

2018-07-05 20:49:36 - [TEST_STEP][PASSED] - Statement - actualList1.add(i, secondStoreListBox.get(i).getText()): null

2018-07-05 20:49:36 - [TEST_STEP][PASSED] - Statement - actualList1.add(i, secondStoreListBox.get(i).getText()): null

2018-07-05 20:49:36 - [TEST_STEP][PASSED] - Statement - actualList1.add(i, secondStoreListBox.get(i).getText()): null

2018-07-05 20:49:36 - [TEST_STEP][PASSED] - Statement - actualList1.add(i, secondStoreListBox.get(i).getText()): null

2018-07-05 20:49:36 - [TEST_STEP][PASSED] - Statement - actualList1.add(i, secondStoreListBox.get(i).getText()): null

2018-07-05 20:49:36 - [TEST_STEP][PASSED] - Statement - actualList1.add(i, secondStoreListBox.get(i).getText()): null

2018-07-05 20:49:37 - [TEST_STEP][PASSED] - Statement - actualList1.add(i, secondStoreListBox.get(i).getText()): null

2018-07-05 20:49:37 - [TEST_STEP][PASSED] - Statement - actualList1.add(i, secondStoreListBox.get(i).getText()): null

2018-07-05 20:49:37 - [TEST_STEP][PASSED] - Statement - actualList1.add(i, secondStoreListBox.get(i).getText()): null

2018-07-05 20:49:37 - [TEST_STEP][PASSED] - Statement - actualList1.add(i, secondStoreListBox.get(i).getText()): null

2018-07-05 20:49:37 - [TEST_STEP][PASSED] - Statement - actualList1.add(i, secondStoreListBox.get(i).getText()): null

2018-07-05 20:49:37 - [TEST_STEP][PASSED] - Statement - actualList1.add(i, secondStoreListBox.get(i).getText()): null

2018-07-05 20:49:37 - [TEST_STEP][PASSED] - Statement - actualList1.add(i, secondStoreListBox.get(i).getText()): null

2018-07-05 20:49:37 - [TEST_STEP][PASSED] - Statement - actualList1.add(i, secondStoreListBox.get(i).getText()): null

2018-07-05 20:49:37 - [TEST_STEP][PASSED] - Statement - actualList1.add(i, secondStoreListBox.get(i).getText()): null

2018-07-05 20:49:37 - [TEST_STEP][PASSED] - Statement - actualList1.add(i, secondStoreListBox.get(i).getText()): null

2018-07-05 20:49:37 - [TEST_STEP][PASSED] - Statement - actualList1.add(i, secondStoreListBox.get(i).getText()): null

2018-07-05 20:49:37 - [TEST_STEP][PASSED] - Statement - actualList1.add(i, secondStoreListBox.get(i).getText()): null

2018-07-05 20:49:37 - [TEST_STEP][PASSED] - Statement - actualList1.add(i, secondStoreListBox.get(i).getText()): null

2018-07-05 20:49:37 - [TEST_STEP][PASSED] - Statement - actualList1.add(i, secondStoreListBox.get(i).getText()): null

2018-07-05 20:49:37 - [TEST_STEP][PASSED] - Statement - actualList1.add(i, secondStoreListBox.get(i).getText()): null

2018-07-05 20:49:37 - [TEST_STEP][PASSED] - Statement - actualList1.add(i, secondStoreListBox.get(i).getText()): null

2018-07-05 20:49:37 - [TEST_STEP][PASSED] - Statement - actualList1.add(i, secondStoreListBox.get(i).getText()): null

2018-07-05 20:49:37 - [TEST_STEP][PASSED] - Statement - actualList1.add(i, secondStoreListBox.get(i).getText()): null

2018-07-05 20:49:37 - [TEST_STEP][PASSED] - Statement - actualList1.add(i, secondStoreListBox.get(i).getText()): null

2018-07-05 20:49:37 - [TEST_STEP][PASSED] - Statement - actualList1.add(i, secondStoreListBox.get(i).getText()): null

2018-07-05 20:49:37 - [TEST_STEP][PASSED] - Statement - actualList1.add(i, secondStoreListBox.get(i).getText()): null

2018-07-05 20:49:37 - [TEST_STEP][PASSED] - Statement - actualList1.add(i, secondStoreListBox.get(i).getText()): null

2018-07-05 20:49:37 - [TEST_STEP][PASSED] - Statement - actualList1.add(i, secondStoreListBox.get(i).getText()): null

2018-07-05 20:49:37 - [TEST_STEP][PASSED] - Statement - actualList1.add(i, secondStoreListBox.get(i).getText()): null

2018-07-05 20:49:37 - [TEST_STEP][PASSED] - Statement - actualList1.add(i, secondStoreListBox.get(i).getText()): null

2018-07-05 20:49:37 - [TEST_STEP][PASSED] - Statement - actualList1.add(i, secondStoreListBox.get(i).getText()): null

2018-07-05 20:49:37 - [TEST_STEP][PASSED] - Statement - actualList1.add(i, secondStoreListBox.get(i).getText()): null

2018-07-05 20:49:37 - [TEST_STEP][PASSED] - Statement - actualList1.add(i, secondStoreListBox.get(i).getText()): null

2018-07-05 20:49:37 - [TEST_STEP][PASSED] - Statement - actualList1.add(i, secondStoreListBox.get(i).getText()): null

2018-07-05 20:49:37 - [TEST_STEP][PASSED] - Statement - actualList1.add(i, secondStoreListBox.get(i).getText()): null

2018-07-05 20:49:37 - [TEST_STEP][PASSED] - Statement - actualList1.add(i, secondStoreListBox.get(i).getText()): null

2018-07-05 20:49:37 - [TEST_STEP][PASSED] - Statement - actualList1.add(i, secondStoreListBox.get(i).getText()): null

2018-07-05 20:49:37 - [TEST_STEP][PASSED] - Statement - actualList1.add(i, secondStoreListBox.get(i).getText()): null

2018-07-05 20:49:37 - [TEST_STEP][PASSED] - Statement - actualList1.add(i, secondStoreListBox.get(i).getText()): null

2018-07-05 20:49:37 - [TEST_STEP][PASSED] - Statement - actualList1.add(i, secondStoreListBox.get(i).getText()): null

2018-07-05 20:49:37 - [TEST_STEP][PASSED] - Statement - actualList1.add(i, secondStoreListBox.get(i).getText()): null

2018-07-05 20:49:37 - [TEST_STEP][PASSED] - Statement - actualList1.add(i, secondStoreListBox.get(i).getText()): null

2018-07-05 20:49:37 - [TEST_STEP][PASSED] - Statement - actualList1.add(i, secondStoreListBox.get(i).getText()): null

2018-07-05 20:49:37 - [TEST_STEP][PASSED] - Statement - actualList1.add(i, secondStoreListBox.get(i).getText()): null

2018-07-05 20:49:37 - [TEST_STEP][PASSED] - Statement - actualList1.add(i, secondStoreListBox.get(i).getText()): null

2018-07-05 20:49:37 - [TEST_STEP][PASSED] - Statement - actualList1.add(i, secondStoreListBox.get(i).getText()): null

2018-07-05 20:49:37 - [TEST_STEP][PASSED] - Statement - actualList1.add(i, secondStoreListBox.get(i).getText()): null

2018-07-05 20:49:37 - [TEST_STEP][PASSED] - Statement - actualList1.add(i, secondStoreListBox.get(i).getText()): null

2018-07-05 20:49:37 - [TEST_STEP][PASSED] - Statement - actualList1.add(i, secondStoreListBox.get(i).getText()): null

2018-07-05 20:49:37 - [TEST_STEP][PASSED] - Statement - actualList1.add(i, secondStoreListBox.get(i).getText()): null

2018-07-05 20:49:37 - [TEST_STEP][PASSED] - Statement - actualList1.add(i, secondStoreListBox.get(i).getText()): null

2018-07-05 20:49:37 - [TEST_STEP][PASSED] - Statement - actualList1.add(i, secondStoreListBox.get(i).getText()): null

2018-07-05 20:49:37 - [TEST_STEP][PASSED] - Statement - actualList1.add(i, secondStoreListBox.get(i).getText()): null

2018-07-05 20:49:37 - [TEST_STEP][PASSED] - Statement - actualList1.add(i, secondStoreListBox.get(i).getText()): null

2018-07-05 20:49:37 - [TEST_STEP][PASSED] - Statement - actualList1.add(i, secondStoreListBox.get(i).getText()): null

2018-07-05 20:49:37 - [TEST_STEP][PASSED] - Statement - actualList1.add(i, secondStoreListBox.get(i).getText()): null

2018-07-05 20:49:37 - [TEST_STEP][PASSED] - Statement - actualList1.add(i, secondStoreListBox.get(i).getText()): null

2018-07-05 20:49:37 - [TEST_STEP][PASSED] - Statement - actualList1.add(i, secondStoreListBox.get(i).getText()): null

2018-07-05 20:49:37 - [TEST_STEP][PASSED] - Statement - actualList1.add(i, secondStoreListBox.get(i).getText()): null

2018-07-05 20:49:37 - [TEST_STEP][PASSED] - Statement - actualList1.add(i, secondStoreListBox.get(i).getText()): null

2018-07-05 20:49:38 - [TEST_STEP][PASSED] - Statement - actualList1.add(i, secondStoreListBox.get(i).getText()): null

2018-07-05 20:49:38 - [TEST_STEP][PASSED] - Statement - actualList1.add(i, secondStoreListBox.get(i).getText()): null

2018-07-05 20:49:38 - [TEST_STEP][PASSED] - Statement - actualList1.add(i, secondStoreListBox.get(i).getText()): null

2018-07-05 20:49:38 - [TEST_STEP][PASSED] - Statement - actualList1.add(i, secondStoreListBox.get(i).getText()): null

2018-07-05 20:49:38 - [TEST_STEP][PASSED] - Statement - actualList1.add(i, secondStoreListBox.get(i).getText()): null

2018-07-05 20:49:38 - [TEST_STEP][PASSED] - Statement - actualList1.add(i, secondStoreListBox.get(i).getText()): null

2018-07-05 20:49:38 - [TEST_STEP][PASSED] - Statement - actualList1.add(i, secondStoreListBox.get(i).getText()): null

2018-07-05 20:49:38 - [TEST_STEP][PASSED] - Statement - actualList1.add(i, secondStoreListBox.get(i).getText()): null

2018-07-05 20:49:38 - [TEST_STEP][PASSED] - Statement - actualList1.add(i, secondStoreListBox.get(i).getText()): null

2018-07-05 20:49:38 - [TEST_STEP][PASSED] - Statement - actualList1.add(i, secondStoreListBox.get(i).getText()): null

2018-07-05 20:49:38 - [TEST_STEP][PASSED] - Statement - actualList1.add(i, secondStoreListBox.get(i).getText()): null

2018-07-05 20:49:38 - [TEST_STEP][PASSED] - Statement - actualList1.add(i, secondStoreListBox.get(i).getText()): null

2018-07-05 20:49:38 - [TEST_STEP][PASSED] - Statement - actualList1.add(i, secondStoreListBox.get(i).getText()): null

2018-07-05 20:49:38 - [TEST_STEP][PASSED] - Statement - actualList1.add(i, secondStoreListBox.get(i).getText()): null

2018-07-05 20:49:38 - [TEST_STEP][PASSED] - Statement - actualList1.add(i, secondStoreListBox.get(i).getText()): null

2018-07-05 20:49:38 - [TEST_STEP][PASSED] - Statement - actualList1.add(i, secondStoreListBox.get(i).getText()): null

2018-07-05 20:49:38 - [TEST_STEP][PASSED] - Statement - actualList1.add(i, secondStoreListBox.get(i).getText()): null

2018-07-05 20:49:38 - [TEST_STEP][PASSED] - Statement - actualList1.add(i, secondStoreListBox.get(i).getText()): null

2018-07-05 20:49:38 - [TEST_STEP][PASSED] - Statement - actualList1.add(i, secondStoreListBox.get(i).getText()): null

2018-07-05 20:49:38 - [TEST_STEP][PASSED] - Statement - actualList1.add(i, secondStoreListBox.get(i).getText()): null

2018-07-05 20:49:38 - [TEST_STEP][PASSED] - Statement - actualList1.add(i, secondStoreListBox.get(i).getText()): null

2018-07-05 20:49:38 - [TEST_STEP][PASSED] - Statement - actualList1.add(i, secondStoreListBox.get(i).getText()): null

2018-07-05 20:49:38 - [TEST_STEP][PASSED] - Statement - actualList1.add(i, secondStoreListBox.get(i).getText()): null

2018-07-05 20:49:38 - [TEST_STEP][PASSED] - Statement - actualList1.add(i, secondStoreListBox.get(i).getText()): null

2018-07-05 20:49:38 - [TEST_STEP][PASSED] - Statement - actualList1.add(i, secondStoreListBox.get(i).getText()): null

2018-07-05 20:49:38 - [TEST_STEP][PASSED] - Statement - actualList1.add(i, secondStoreListBox.get(i).getText()): null

2018-07-05 20:49:38 - [TEST_STEP][PASSED] - Statement - actualList1.add(i, secondStoreListBox.get(i).getText()): null

2018-07-05 20:49:38 - [TEST_STEP][PASSED] - Statement - actualList1.add(i, secondStoreListBox.get(i).getText()): null

2018-07-05 20:49:38 - [TEST_STEP][PASSED] - Statement - actualList1.add(i, secondStoreListBox.get(i).getText()): null

2018-07-05 20:49:38 - [TEST_STEP][PASSED] - Statement - actualList1.add(i, secondStoreListBox.get(i).getText()): null

2018-07-05 20:49:38 - [TEST_STEP][PASSED] - Statement - actualList1.add(i, secondStoreListBox.get(i).getText()): null

2018-07-05 20:49:38 - [TEST_STEP][PASSED] - Statement - actualList1.add(i, secondStoreListBox.get(i).getText()): null

2018-07-05 20:49:38 - [TEST_STEP][PASSED] - Statement - actualList1.add(i, secondStoreListBox.get(i).getText()): null

2018-07-05 20:49:38 - [TEST_STEP][PASSED] - Statement - actualList1.add(i, secondStoreListBox.get(i).getText()): null

2018-07-05 20:49:38 - [TEST_STEP][PASSED] - Statement - actualList1.add(i, secondStoreListBox.get(i).getText()): null

2018-07-05 20:49:38 - [TEST_STEP][PASSED] - Statement - actualList1.add(i, secondStoreListBox.get(i).getText()): null

2018-07-05 20:49:38 - [TEST_STEP][PASSED] - Statement - actualList1.add(i, secondStoreListBox.get(i).getText()): null

2018-07-05 20:49:38 - [TEST_STEP][PASSED] - Statement - actualList1.add(i, secondStoreListBox.get(i).getText()): null

2018-07-05 20:49:38 - [TEST_STEP][PASSED] - Statement - actualList1.add(i, secondStoreListBox.get(i).getText()): null

2018-07-05 20:49:38 - [TEST_STEP][PASSED] - Statement - actualList1.add(i, secondStoreListBox.get(i).getText()): null

2018-07-05 20:49:38 - [TEST_STEP][PASSED] - Statement - actualList1.add(i, secondStoreListBox.get(i).getText()): null

2018-07-05 20:49:38 - [TEST_STEP][PASSED] - Statement - actualList1.add(i, secondStoreListBox.get(i).getText()): null

2018-07-05 20:49:38 - [TEST_STEP][PASSED] - Statement - actualList1.add(i, secondStoreListBox.get(i).getText()): null

2018-07-05 20:49:38 - [TEST_STEP][PASSED] - Statement - actualList1.add(i, secondStoreListBox.get(i).getText()): null

2018-07-05 20:49:38 - [TEST_STEP][PASSED] - Statement - actualList1.add(i, secondStoreListBox.get(i).getText()): null

2018-07-05 20:49:38 - [TEST_STEP][PASSED] - Statement - actualList1.add(i, secondStoreListBox.get(i).getText()): null

2018-07-05 20:49:38 - [TEST_STEP][PASSED] - Statement - actualList1.add(i, secondStoreListBox.get(i).getText()): null

2018-07-05 20:49:38 - [TEST_STEP][PASSED] - Statement - actualList1.add(i, secondStoreListBox.get(i).getText()): null

2018-07-05 20:49:38 - [TEST_STEP][PASSED] - Statement - actualList1.add(i, secondStoreListBox.get(i).getText()): null

2018-07-05 20:49:38 - [TEST_STEP][PASSED] - Statement - actualList1.add(i, secondStoreListBox.get(i).getText()): null

2018-07-05 20:49:38 - [TEST_STEP][PASSED] - Statement - actualList1.add(i, secondStoreListBox.get(i).getText()): null

2018-07-05 20:49:38 - [TEST_STEP][PASSED] - Statement - actualList1.add(i, secondStoreListBox.get(i).getText()): null

2018-07-05 20:49:38 - [TEST_STEP][PASSED] - Statement - actualList1.add(i, secondStoreListBox.get(i).getText()): null

2018-07-05 20:49:38 - [TEST_STEP][PASSED] - Statement - actualList1.add(i, secondStoreListBox.get(i).getText()): null

2018-07-05 20:49:38 - [TEST_STEP][PASSED] - Statement - actualList1.add(i, secondStoreListBox.get(i).getText()): null

2018-07-05 20:49:38 - [TEST_STEP][PASSED] - Statement - actualList1.add(i, secondStoreListBox.get(i).getText()): null

2018-07-05 20:49:38 - [TEST_STEP][PASSED] - Statement - actualList1.add(i, secondStoreListBox.get(i).getText()): null

2018-07-05 20:49:38 - [TEST_STEP][PASSED] - Statement - actualList1.add(i, secondStoreListBox.get(i).getText()): null

2018-07-05 20:49:39 - [TEST_STEP][PASSED] - Statement - actualList1.add(i, secondStoreListBox.get(i).getText()): null

2018-07-05 20:49:39 - [TEST_STEP][PASSED] - Statement - actualList1.add(i, secondStoreListBox.get(i).getText()): null

2018-07-05 20:49:39 - [TEST_STEP][PASSED] - Statement - actualList1.add(i, secondStoreListBox.get(i).getText()): null

2018-07-05 20:49:39 - [TEST_STEP][PASSED] - Statement - actualList1.add(i, secondStoreListBox.get(i).getText()): null

2018-07-05 20:49:39 - [TEST_STEP][PASSED] - Statement - actualList1.add(i, secondStoreListBox.get(i).getText()): null

2018-07-05 20:49:39 - [TEST_STEP][PASSED] - Statement - actualList1.add(i, secondStoreListBox.get(i).getText()): null

2018-07-05 20:49:39 - [TEST_STEP][PASSED] - Statement - actualList1.add(i, secondStoreListBox.get(i).getText()): null

2018-07-05 20:49:39 - [TEST_STEP][PASSED] - Statement - actualList1.add(i, secondStoreListBox.get(i).getText()): null

2018-07-05 20:49:39 - [TEST_STEP][PASSED] - Statement - actualList1.add(i, secondStoreListBox.get(i).getText()): null

2018-07-05 20:49:39 - [TEST_STEP][PASSED] - Statement - actualList1.add(i, secondStoreListBox.get(i).getText()): null

2018-07-05 20:49:39 - [TEST_STEP][PASSED] - Statement - actualList1.add(i, secondStoreListBox.get(i).getText()): null

2018-07-05 20:49:39 - [TEST_STEP][PASSED] - Statement - actualList1.add(i, secondStoreListBox.get(i).getText()): null

2018-07-05 20:49:39 - [TEST_STEP][PASSED] - Statement - actualList1.add(i, secondStoreListBox.get(i).getText()): null

2018-07-05 20:49:39 - [TEST_STEP][PASSED] - Statement - actualList1.add(i, secondStoreListBox.get(i).getText()): null

2018-07-05 20:49:39 - [TEST_STEP][PASSED] - Statement - actualList1.add(i, secondStoreListBox.get(i).getText()): null

2018-07-05 20:49:39 - [TEST_STEP][PASSED] - Statement - actualList1.add(i, secondStoreListBox.get(i).getText()): null

2018-07-05 20:49:39 - [TEST_STEP][PASSED] - Statement - actualList1.add(i, secondStoreListBox.get(i).getText()): null

2018-07-05 20:49:39 - [TEST_STEP][PASSED] - Statement - actualList1.add(i, secondStoreListBox.get(i).getText()): null

2018-07-05 20:49:39 - [TEST_STEP][PASSED] - Statement - actualList1.add(i, secondStoreListBox.get(i).getText()): null

2018-07-05 20:49:39 - [TEST_STEP][PASSED] - Statement - actualList1.add(i, secondStoreListBox.get(i).getText()): null

2018-07-05 20:49:39 - [TEST_STEP][PASSED] - Statement - actualList1.add(i, secondStoreListBox.get(i).getText()): null

2018-07-05 20:49:39 - [TEST_STEP][PASSED] - Statement - actualList1.add(i, secondStoreListBox.get(i).getText()): null

2018-07-05 20:49:39 - [TEST_STEP][PASSED] - Statement - actualList1.add(i, secondStoreListBox.get(i).getText()): null

2018-07-05 20:49:39 - [TEST_STEP][PASSED] - Statement - actualList1.add(i, secondStoreListBox.get(i).getText()): null

2018-07-05 20:49:39 - [TEST_STEP][PASSED] - Statement - actualList1.add(i, secondStoreListBox.get(i).getText()): null

2018-07-05 20:49:39 - [TEST_STEP][PASSED] - Statement - actualList1.add(i, secondStoreListBox.get(i).getText()): null

2018-07-05 20:49:39 - [TEST_STEP][PASSED] - Statement - actualList1.add(i, secondStoreListBox.get(i).getText()): null

2018-07-05 20:49:39 - [TEST_STEP][PASSED] - Statement - actualList1.add(i, secondStoreListBox.get(i).getText()): null

2018-07-05 20:49:39 - [TEST_STEP][PASSED] - Statement - actualList1.add(i, secondStoreListBox.get(i).getText()): null

2018-07-05 20:49:39 - [TEST_STEP][PASSED] - Statement - actualList1.add(i, secondStoreListBox.get(i).getText()): null

2018-07-05 20:49:39 - [TEST_STEP][PASSED] - Statement - actualList1.add(i, secondStoreListBox.get(i).getText()): null

2018-07-05 20:49:39 - [TEST_STEP][PASSED] - Statement - actualList1.add(i, secondStoreListBox.get(i).getText()): null

2018-07-05 20:49:39 - [TEST_STEP][PASSED] - Statement - actualList1.add(i, secondStoreListBox.get(i).getText()): null

2018-07-05 20:49:39 - [TEST_STEP][PASSED] - Statement - actualList1.add(i, secondStoreListBox.get(i).getText()): null

2018-07-05 20:49:39 - [TEST_STEP][PASSED] - Statement - actualList1.add(i, secondStoreListBox.get(i).getText()): null

2018-07-05 20:49:39 - [TEST_STEP][PASSED] - Statement - actualList1.add(i, secondStoreListBox.get(i).getText()): null

2018-07-05 20:49:39 - [TEST_STEP][PASSED] - Statement - actualList1.add(i, secondStoreListBox.get(i).getText()): null

2018-07-05 20:49:39 - [TEST_STEP][PASSED] - Statement - actualList1.add(i, secondStoreListBox.get(i).getText()): null

2018-07-05 20:49:39 - [TEST_STEP][PASSED] - Statement - actualList1.add(i, secondStoreListBox.get(i).getText()): null

2018-07-05 20:49:39 - [TEST_STEP][PASSED] - Statement - actualList1.add(i, secondStoreListBox.get(i).getText()): null

2018-07-05 20:49:39 - [TEST_STEP][PASSED] - Statement - actualList1.add(i, secondStoreListBox.get(i).getText()): null

2018-07-05 20:49:39 - [TEST_STEP][PASSED] - Statement - actualList1.add(i, secondStoreListBox.get(i).getText()): null

2018-07-05 20:49:39 - [TEST_STEP][PASSED] - Statement - actualList1.add(i, secondStoreListBox.get(i).getText()): null

2018-07-05 20:49:39 - [TEST_STEP][PASSED] - Statement - actualList1.add(i, secondStoreListBox.get(i).getText()): null

2018-07-05 20:49:39 - [TEST_STEP][PASSED] - Statement - actualList1.add(i, secondStoreListBox.get(i).getText()): null

2018-07-05 20:49:39 - [TEST_STEP][PASSED] - Statement - actualList1.add(i, secondStoreListBox.get(i).getText()): null

2018-07-05 20:49:39 - [TEST_STEP][PASSED] - Statement - actualList1.add(i, secondStoreListBox.get(i).getText()): null

2018-07-05 20:49:39 - [TEST_STEP][PASSED] - Statement - actualList1.add(i, secondStoreListBox.get(i).getText()): null

2018-07-05 20:49:39 - [TEST_STEP][PASSED] - Statement - actualList1.add(i, secondStoreListBox.get(i).getText()): null

2018-07-05 20:49:39 - [TEST_STEP][PASSED] - Statement - actualList1.add(i, secondStoreListBox.get(i).getText()): null

2018-07-05 20:49:39 - [TEST_STEP][PASSED] - Statement - actualList1.add(i, secondStoreListBox.get(i).getText()): null

2018-07-05 20:49:39 - [TEST_STEP][PASSED] - Statement - actualList1.add(i, secondStoreListBox.get(i).getText()): null

2018-07-05 20:49:39 - [TEST_STEP][PASSED] - Statement - actualList1.add(i, secondStoreListBox.get(i).getText()): null

2018-07-05 20:49:39 - [TEST_STEP][PASSED] - Statement - actualList1.add(i, secondStoreListBox.get(i).getText()): null

2018-07-05 20:49:39 - [TEST_STEP][PASSED] - Statement - actualList1.add(i, secondStoreListBox.get(i).getText()): null

2018-07-05 20:49:39 - [TEST_STEP][PASSED] - Statement - actualList1.add(i, secondStoreListBox.get(i).getText()): null

2018-07-05 20:49:39 - [TEST_STEP][PASSED] - Statement - actualList1.add(i, secondStoreListBox.get(i).getText()): null

2018-07-05 20:49:39 - [TEST_STEP][PASSED] - Statement - actualList1.add(i, secondStoreListBox.get(i).getText()): null

2018-07-05 20:49:40 - [TEST_STEP][PASSED] - Statement - actualList1.add(i, secondStoreListBox.get(i).getText()): null

2018-07-05 20:49:40 - [TEST_STEP][PASSED] - Statement - actualList1.add(i, secondStoreListBox.get(i).getText()): null

2018-07-05 20:49:40 - [TEST_STEP][PASSED] - Statement - actualList1.add(i, secondStoreListBox.get(i).getText()): null

2018-07-05 20:49:40 - [TEST_STEP][PASSED] - Statement - actualList1.add(i, secondStoreListBox.get(i).getText()): null

2018-07-05 20:49:40 - [TEST_STEP][PASSED] - Statement - actualList1.add(i, secondStoreListBox.get(i).getText()): null

2018-07-05 20:49:40 - [TEST_STEP][PASSED] - Statement - actualList1.add(i, secondStoreListBox.get(i).getText()): null

2018-07-05 20:49:40 - [TEST_STEP][PASSED] - Statement - actualList1.add(i, secondStoreListBox.get(i).getText()): null

2018-07-05 20:49:40 - [TEST_STEP][PASSED] - Statement - actualList1.add(i, secondStoreListBox.get(i).getText()): null

2018-07-05 20:49:40 - [TEST_STEP][PASSED] - Statement - actualList1.add(i, secondStoreListBox.get(i).getText()): null

2018-07-05 20:49:40 - [TEST_STEP][PASSED] - Statement - actualList1.add(i, secondStoreListBox.get(i).getText()): null

2018-07-05 20:49:40 - [TEST_STEP][PASSED] - Statement - actualList1.add(i, secondStoreListBox.get(i).getText()): null

2018-07-05 20:49:40 - [TEST_STEP][PASSED] - Statement - actualList1.add(i, secondStoreListBox.get(i).getText()): null

2018-07-05 20:49:40 - [TEST_STEP][PASSED] - Statement - actualList1.add(i, secondStoreListBox.get(i).getText()): null

2018-07-05 20:49:40 - [TEST_STEP][PASSED] - Statement - actualList1.add(i, secondStoreListBox.get(i).getText()): null

2018-07-05 20:49:40 - [TEST_STEP][PASSED] - Statement - actualList1.add(i, secondStoreListBox.get(i).getText()): null

2018-07-05 20:49:40 - [TEST_STEP][PASSED] - Statement - actualList1.add(i, secondStoreListBox.get(i).getText()): null

2018-07-05 20:49:40 - [TEST_STEP][PASSED] - Statement - actualList1.add(i, secondStoreListBox.get(i).getText()): null

2018-07-05 20:49:40 - [TEST_STEP][PASSED] - Statement - actualList1.add(i, secondStoreListBox.get(i).getText()): null

2018-07-05 20:49:40 - [TEST_STEP][PASSED] - Statement - actualList1.add(i, secondStoreListBox.get(i).getText()): null

2018-07-05 20:49:40 - [TEST_STEP][PASSED] - Statement - actualList1.add(i, secondStoreListBox.get(i).getText()): null

2018-07-05 20:49:40 - [TEST_STEP][PASSED] - Statement - actualList1.add(i, secondStoreListBox.get(i).getText()): null

2018-07-05 20:49:40 - [TEST_STEP][PASSED] - Statement - actualList1.add(i, secondStoreListBox.get(i).getText()): null

2018-07-05 20:49:40 - [TEST_STEP][PASSED] - Statement - actualList1.add(i, secondStoreListBox.get(i).getText()): null

2018-07-05 20:49:40 - [TEST_STEP][PASSED] - Statement - out.println(actualList1): null

2018-07-05 20:49:40 - [TEST_STEP][PASSED] - delay: Delayed 10 second(s)

2018-07-05 20:49:50 - [MESSAGE][PASSED] - Delayed 10 second(s)

2018-07-05 20:49:50 - [TEST_STEP][PASSED] - Statement - If (actualList1.containsAll(groupStoresList)): null

2018-07-05 20:49:50 - [TEST_STEP][PASSED] - Statement - println("Moved stores are displayed in Group/Stores in Group listbox"): null

2018-07-05 20:49:50 - [TEST_STEP][PASSED] - uiaction.CommonUIActions.click: uiaction.CommonUIActions.click is PASSED

2018-07-05 20:49:50 - [MESSAGE][PASSED] - uiaction.CommonUIActions.click is PASSED

2018-07-05 20:49:50 - [TEST_STEP][PASSED] - delay: Delayed 10 second(s)

2018-07-05 20:50:00 - [MESSAGE][PASSED] - Delayed 10 second(s)

2018-07-05 20:50:00 - [TEST_STEP][PASSED] - uiaction.CommonUIActions.back: uiaction.CommonUIActions.back is PASSED

2018-07-05 20:50:00 - [MESSAGE][PASSED] - Navigate back successfully

2018-07-05 20:50:00 - [MESSAGE][PASSED] - uiaction.CommonUIActions.back is PASSED

2018-07-05 20:50:00 - [TEST_STEP][PASSED] - delay: Delayed 5 second(s)

2018-07-05 20:50:05 - [MESSAGE][PASSED] - Delayed 5 second(s)

2018-07-05 20:50:05 - [TEST_STEP][PASSED] - uiaction.CommonUIActions.back: uiaction.CommonUIActions.back is PASSED

2018-07-05 20:50:05 - [MESSAGE][PASSED] - Navigate back successfully

2018-07-05 20:50:05 - [MESSAGE][PASSED] - uiaction.CommonUIActions.back is PASSED

2018-07-05 20:50:05 - [TEST_STEP][PASSED] - delay: Delayed 5 second(s)

2018-07-05 20:50:10 - [MESSAGE][PASSED] - Delayed 5 second(s)

2018-07-05 20:50:10 - [TEST_STEP][PASSED] - uiaction.CommonUIActions.click: uiaction.CommonUIActions.click is PASSED

2018-07-05 20:50:10 - [MESSAGE][PASSED] - uiaction.CommonUIActions.click is PASSED

2018-07-05 20:50:10 - [TEST_STEP][PASSED] - Statement - subGroupList = new java.util.ArrayList(): null

2018-07-05 20:50:10 - [TEST_STEP][PASSED] - Statement - For ([i = 1, i <= size, (i++)]): null

2018-07-05 20:50:10 - [TEST_STEP][PASSED] - Statement - groupXpath = "(//span[@title='" + groupName + "']/following-sibling::ul/li/span[3]/span[2])[" + i + "]": null

2018-07-05 20:50:10 - [TEST_STEP][PASSED] - Statement - println(groupXpath): null

2018-07-05 20:50:10 - [TEST_STEP][PASSED] - Statement - childgroup = driver.findElement(org.openqa.selenium.By.xpath(groupXpath)).getText(): null

2018-07-05 20:50:10 - [TEST_STEP][PASSED] - Statement - println(childgroup): null

2018-07-05 20:50:10 - [TEST_STEP][PASSED] - Statement - subGroupList[i - 1] = childgroup: null

2018-07-05 20:50:10 - [TEST_STEP][PASSED] - Statement - groupXpath = "(//span[@title='" + groupName + "']/following-sibling::ul/li/span[3]/span[2])[" + i + "]": null

2018-07-05 20:50:10 - [TEST_STEP][PASSED] - Statement - println(groupXpath): null

2018-07-05 20:50:10 - [TEST_STEP][PASSED] - Statement - childgroup = driver.findElement(org.openqa.selenium.By.xpath(groupXpath)).getText(): null

2018-07-05 20:50:10 - [TEST_STEP][PASSED] - Statement - println(childgroup): null

2018-07-05 20:50:10 - [TEST_STEP][PASSED] - Statement - subGroupList[i - 1] = childgroup: null

2018-07-05 20:50:10 - [TEST_STEP][PASSED] - Statement - groupXpath = "(//span[@title='" + groupName + "']/following-sibling::ul/li/span[3]/span[2])[" + i + "]": null

2018-07-05 20:50:10 - [TEST_STEP][PASSED] - Statement - println(groupXpath): null

2018-07-05 20:50:10 - [TEST_STEP][PASSED] - Statement - childgroup = driver.findElement(org.openqa.selenium.By.xpath(groupXpath)).getText(): null

2018-07-05 20:50:10 - [TEST_STEP][PASSED] - Statement - println(childgroup): null

2018-07-05 20:50:10 - [TEST_STEP][PASSED] - Statement - subGroupList[i - 1] = childgroup: null

2018-07-05 20:50:10 - [TEST_STEP][PASSED] - Statement - groupXpath = "(//span[@title='" + groupName + "']/following-sibling::ul/li/span[3]/span[2])[" + i + "]": null

2018-07-05 20:50:10 - [TEST_STEP][PASSED] - Statement - println(groupXpath): null

2018-07-05 20:50:10 - [TEST_STEP][PASSED] - Statement - childgroup = driver.findElement(org.openqa.selenium.By.xpath(groupXpath)).getText(): null

2018-07-05 20:50:10 - [TEST_STEP][PASSED] - Statement - println(childgroup): null

2018-07-05 20:50:10 - [TEST_STEP][PASSED] - Statement - subGroupList[i - 1] = childgroup: null

2018-07-05 20:50:10 - [TEST_STEP][PASSED] - Statement - groupXpath = "(//span[@title='" + groupName + "']/following-sibling::ul/li/span[3]/span[2])[" + i + "]": null

2018-07-05 20:50:10 - [TEST_STEP][PASSED] - Statement - println(groupXpath): null

2018-07-05 20:50:10 - [TEST_STEP][PASSED] - Statement - childgroup = driver.findElement(org.openqa.selenium.By.xpath(groupXpath)).getText(): null

2018-07-05 20:50:10 - [TEST_STEP][PASSED] - Statement - println(childgroup): null

2018-07-05 20:50:10 - [TEST_STEP][PASSED] - Statement - subGroupList[i - 1] = childgroup: null

2018-07-05 20:50:10 - [TEST_STEP][PASSED] - Statement - groupXpath = "(//span[@title='" + groupName + "']/following-sibling::ul/li/span[3]/span[2])[" + i + "]": null

2018-07-05 20:50:10 - [TEST_STEP][PASSED] - Statement - println(groupXpath): null

2018-07-05 20:50:10 - [TEST_STEP][PASSED] - Statement - childgroup = driver.findElement(org.openqa.selenium.By.xpath(groupXpath)).getText(): null

2018-07-05 20:50:11 - [TEST_STEP][PASSED] - Statement - println(childgroup): null

2018-07-05 20:50:11 - [TEST_STEP][PASSED] - Statement - subGroupList[i - 1] = childgroup: null

2018-07-05 20:50:11 - [TEST_STEP][PASSED] - Statement - groupXpath = "(//span[@title='" + groupName + "']/following-sibling::ul/li/span[3]/span[2])[" + i + "]": null

2018-07-05 20:50:11 - [TEST_STEP][PASSED] - Statement - println(groupXpath): null

2018-07-05 20:50:11 - [TEST_STEP][PASSED] - Statement - childgroup = driver.findElement(org.openqa.selenium.By.xpath(groupXpath)).getText(): null

2018-07-05 20:50:11 - [TEST_STEP][PASSED] - Statement - println(childgroup): null

2018-07-05 20:50:11 - [TEST_STEP][PASSED] - Statement - subGroupList[i - 1] = childgroup: null

2018-07-05 20:50:11 - [TEST_STEP][PASSED] - Statement - groupXpath = "(//span[@title='" + groupName + "']/following-sibling::ul/li/span[3]/span[2])[" + i + "]": null

2018-07-05 20:50:11 - [TEST_STEP][PASSED] - Statement - println(groupXpath): null

2018-07-05 20:50:11 - [TEST_STEP][PASSED] - Statement - childgroup = driver.findElement(org.openqa.selenium.By.xpath(groupXpath)).getText(): null

2018-07-05 20:50:11 - [TEST_STEP][PASSED] - Statement - println(childgroup): null

2018-07-05 20:50:11 - [TEST_STEP][PASSED] - Statement - subGroupList[i - 1] = childgroup: null

2018-07-05 20:50:11 - [TEST_STEP][PASSED] - Statement - groupXpath = "(//span[@title='" + groupName + "']/following-sibling::ul/li/span[3]/span[2])[" + i + "]": null

2018-07-05 20:50:11 - [TEST_STEP][PASSED] - Statement - println(groupXpath): null

2018-07-05 20:50:11 - [TEST_STEP][PASSED] - Statement - childgroup = driver.findElement(org.openqa.selenium.By.xpath(groupXpath)).getText(): null

2018-07-05 20:50:11 - [TEST_STEP][PASSED] - Statement - println(childgroup): null

2018-07-05 20:50:11 - [TEST_STEP][PASSED] - Statement - subGroupList[i - 1] = childgroup: null

2018-07-05 20:50:11 - [TEST_STEP][PASSED] - Statement - groupXpath = "(//span[@title='" + groupName + "']/following-sibling::ul/li/span[3]/span[2])[" + i + "]": null

2018-07-05 20:50:11 - [TEST_STEP][PASSED] - Statement - println(groupXpath): null

2018-07-05 20:50:11 - [TEST_STEP][PASSED] - Statement - childgroup = driver.findElement(org.openqa.selenium.By.xpath(groupXpath)).getText(): null

2018-07-05 20:50:11 - [TEST_STEP][PASSED] - Statement - println(childgroup): null

2018-07-05 20:50:11 - [TEST_STEP][PASSED] - Statement - subGroupList[i - 1] = childgroup: null

2018-07-05 20:50:11 - [TEST_STEP][PASSED] - Statement - groupXpath = "(//span[@title='" + groupName + "']/following-sibling::ul/li/span[3]/span[2])[" + i + "]": null

2018-07-05 20:50:11 - [TEST_STEP][PASSED] - Statement - println(groupXpath): null

2018-07-05 20:50:11 - [TEST_STEP][PASSED] - Statement - childgroup = driver.findElement(org.openqa.selenium.By.xpath(groupXpath)).getText(): null

2018-07-05 20:50:11 - [TEST_STEP][PASSED] - Statement - println(childgroup): null

2018-07-05 20:50:11 - [TEST_STEP][PASSED] - Statement - subGroupList[i - 1] = childgroup: null

2018-07-05 20:50:11 - [TEST_STEP][PASSED] - Statement - groupXpath = "(//span[@title='" + groupName + "']/following-sibling::ul/li/span[3]/span[2])[" + i + "]": null

2018-07-05 20:50:11 - [TEST_STEP][PASSED] - Statement - println(groupXpath): null

2018-07-05 20:50:11 - [TEST_STEP][PASSED] - Statement - childgroup = driver.findElement(org.openqa.selenium.By.xpath(groupXpath)).getText(): null

2018-07-05 20:50:11 - [TEST_STEP][PASSED] - Statement - println(childgroup): null

2018-07-05 20:50:11 - [TEST_STEP][PASSED] - Statement - subGroupList[i - 1] = childgroup: null

2018-07-05 20:50:11 - [TEST_STEP][PASSED] - Statement - groupXpath = "(//span[@title='" + groupName + "']/following-sibling::ul/li/span[3]/span[2])[" + i + "]": null

2018-07-05 20:50:11 - [TEST_STEP][PASSED] - Statement - println(groupXpath): null

2018-07-05 20:50:11 - [TEST_STEP][PASSED] - Statement - childgroup = driver.findElement(org.openqa.selenium.By.xpath(groupXpath)).getText(): null

2018-07-05 20:50:11 - [TEST_STEP][PASSED] - Statement - println(childgroup): null

2018-07-05 20:50:11 - [TEST_STEP][PASSED] - Statement - subGroupList[i - 1] = childgroup: null

2018-07-05 20:50:11 - [TEST_STEP][PASSED] - Statement - groupXpath = "(//span[@title='" + groupName + "']/following-sibling::ul/li/span[3]/span[2])[" + i + "]": null

2018-07-05 20:50:11 - [TEST_STEP][PASSED] - Statement - println(groupXpath): null

2018-07-05 20:50:11 - [TEST_STEP][PASSED] - Statement - childgroup = driver.findElement(org.openqa.selenium.By.xpath(groupXpath)).getText(): null

2018-07-05 20:50:11 - [TEST_STEP][PASSED] - Statement - println(childgroup): null

2018-07-05 20:50:11 - [TEST_STEP][PASSED] - Statement - subGroupList[i - 1] = childgroup: null

2018-07-05 20:50:11 - [TEST_STEP][PASSED] - Statement - groupXpath = "(//span[@title='" + groupName + "']/following-sibling::ul/li/span[3]/span[2])[" + i + "]": null

2018-07-05 20:50:11 - [TEST_STEP][PASSED] - Statement - println(groupXpath): null

2018-07-05 20:50:11 - [TEST_STEP][PASSED] - Statement - childgroup = driver.findElement(org.openqa.selenium.By.xpath(groupXpath)).getText(): null

2018-07-05 20:50:11 - [TEST_STEP][PASSED] - Statement - println(childgroup): null

2018-07-05 20:50:11 - [TEST_STEP][PASSED] - Statement - subGroupList[i - 1] = childgroup: null

2018-07-05 20:50:11 - [TEST_STEP][PASSED] - Statement - groupXpath = "(//span[@title='" + groupName + "']/following-sibling::ul/li/span[3]/span[2])[" + i + "]": null

2018-07-05 20:50:11 - [TEST_STEP][PASSED] - Statement - println(groupXpath): null

2018-07-05 20:50:11 - [TEST_STEP][PASSED] - Statement - childgroup = driver.findElement(org.openqa.selenium.By.xpath(groupXpath)).getText(): null

2018-07-05 20:50:11 - [TEST_STEP][PASSED] - Statement - println(childgroup): null

2018-07-05 20:50:11 - [TEST_STEP][PASSED] - Statement - subGroupList[i - 1] = childgroup: null

2018-07-05 20:50:11 - [TEST_STEP][PASSED] - Statement - groupXpath = "(//span[@title='" + groupName + "']/following-sibling::ul/li/span[3]/span[2])[" + i + "]": null

2018-07-05 20:50:11 - [TEST_STEP][PASSED] - Statement - println(groupXpath): null

2018-07-05 20:50:11 - [TEST_STEP][PASSED] - Statement - childgroup = driver.findElement(org.openqa.selenium.By.xpath(groupXpath)).getText(): null

2018-07-05 20:50:11 - [TEST_STEP][PASSED] - Statement - println(childgroup): null

2018-07-05 20:50:11 - [TEST_STEP][PASSED] - Statement - subGroupList[i - 1] = childgroup: null

2018-07-05 20:50:11 - [TEST_STEP][PASSED] - Statement - groupXpath = "(//span[@title='" + groupName + "']/following-sibling::ul/li/span[3]/span[2])[" + i + "]": null

2018-07-05 20:50:11 - [TEST_STEP][PASSED] - Statement - println(groupXpath): null

2018-07-05 20:50:11 - [TEST_STEP][PASSED] - Statement - childgroup = driver.findElement(org.openqa.selenium.By.xpath(groupXpath)).getText(): null

2018-07-05 20:50:11 - [TEST_STEP][PASSED] - Statement - println(childgroup): null

2018-07-05 20:50:11 - [TEST_STEP][PASSED] - Statement - subGroupList[i - 1] = childgroup: null

2018-07-05 20:50:11 - [TEST_STEP][PASSED] - Statement - groupXpath = "(//span[@title='" + groupName + "']/following-sibling::ul/li/span[3]/span[2])[" + i + "]": null

2018-07-05 20:50:11 - [TEST_STEP][PASSED] - Statement - println(groupXpath): null

2018-07-05 20:50:11 - [TEST_STEP][PASSED] - Statement - childgroup = driver.findElement(org.openqa.selenium.By.xpath(groupXpath)).getText(): null

2018-07-05 20:50:11 - [TEST_STEP][PASSED] - Statement - println(childgroup): null

2018-07-05 20:50:11 - [TEST_STEP][PASSED] - Statement - subGroupList[i - 1] = childgroup: null

2018-07-05 20:50:11 - [TEST_STEP][PASSED] - Statement - groupXpath = "(//span[@title='" + groupName + "']/following-sibling::ul/li/span[3]/span[2])[" + i + "]": null

2018-07-05 20:50:11 - [TEST_STEP][PASSED] - Statement - println(groupXpath): null

2018-07-05 20:50:11 - [TEST_STEP][PASSED] - Statement - childgroup = driver.findElement(org.openqa.selenium.By.xpath(groupXpath)).getText(): null

2018-07-05 20:50:11 - [TEST_STEP][PASSED] - Statement - println(childgroup): null

2018-07-05 20:50:11 - [TEST_STEP][PASSED] - Statement - subGroupList[i - 1] = childgroup: null

2018-07-05 20:50:11 - [TEST_STEP][PASSED] - Statement - groupXpath = "(//span[@title='" + groupName + "']/following-sibling::ul/li/span[3]/span[2])[" + i + "]": null

2018-07-05 20:50:11 - [TEST_STEP][PASSED] - Statement - println(groupXpath): null

2018-07-05 20:50:11 - [TEST_STEP][PASSED] - Statement - childgroup = driver.findElement(org.openqa.selenium.By.xpath(groupXpath)).getText(): null

2018-07-05 20:50:11 - [TEST_STEP][PASSED] - Statement - println(childgroup): null

2018-07-05 20:50:11 - [TEST_STEP][PASSED] - Statement - subGroupList[i - 1] = childgroup: null

2018-07-05 20:50:11 - [TEST_STEP][PASSED] - Statement - groupXpath = "(//span[@title='" + groupName + "']/following-sibling::ul/li/span[3]/span[2])[" + i + "]": null

2018-07-05 20:50:11 - [TEST_STEP][PASSED] - Statement - println(groupXpath): null

2018-07-05 20:50:11 - [TEST_STEP][PASSED] - Statement - childgroup = driver.findElement(org.openqa.selenium.By.xpath(groupXpath)).getText(): null

2018-07-05 20:50:11 - [TEST_STEP][PASSED] - Statement - println(childgroup): null

2018-07-05 20:50:11 - [TEST_STEP][PASSED] - Statement - subGroupList[i - 1] = childgroup: null

2018-07-05 20:50:11 - [TEST_STEP][PASSED] - Statement - groupXpath = "(//span[@title='" + groupName + "']/following-sibling::ul/li/span[3]/span[2])[" + i + "]": null

2018-07-05 20:50:11 - [TEST_STEP][PASSED] - Statement - println(groupXpath): null

2018-07-05 20:50:11 - [TEST_STEP][PASSED] - Statement - childgroup = driver.findElement(org.openqa.selenium.By.xpath(groupXpath)).getText(): null

2018-07-05 20:50:11 - [TEST_STEP][PASSED] - Statement - println(childgroup): null

2018-07-05 20:50:11 - [TEST_STEP][PASSED] - Statement - subGroupList[i - 1] = childgroup: null

2018-07-05 20:50:11 - [TEST_STEP][PASSED] - Statement - groupXpath = "(//span[@title='" + groupName + "']/following-sibling::ul/li/span[3]/span[2])[" + i + "]": null

2018-07-05 20:50:11 - [TEST_STEP][PASSED] - Statement - println(groupXpath): null

2018-07-05 20:50:11 - [TEST_STEP][PASSED] - Statement - childgroup = driver.findElement(org.openqa.selenium.By.xpath(groupXpath)).getText(): null

2018-07-05 20:50:11 - [TEST_STEP][PASSED] - Statement - println(childgroup): null

2018-07-05 20:50:11 - [TEST_STEP][PASSED] - Statement - subGroupList[i - 1] = childgroup: null

2018-07-05 20:50:11 - [TEST_STEP][PASSED] - Statement - groupXpath = "(//span[@title='" + groupName + "']/following-sibling::ul/li/span[3]/span[2])[" + i + "]": null

2018-07-05 20:50:11 - [TEST_STEP][PASSED] - Statement - println(groupXpath): null

2018-07-05 20:50:11 - [TEST_STEP][PASSED] - Statement - childgroup = driver.findElement(org.openqa.selenium.By.xpath(groupXpath)).getText(): null

2018-07-05 20:50:11 - [TEST_STEP][PASSED] - Statement - println(childgroup): null

2018-07-05 20:50:11 - [TEST_STEP][PASSED] - Statement - subGroupList[i - 1] = childgroup: null

2018-07-05 20:50:11 - [TEST_STEP][PASSED] - Statement - groupXpath = "(//span[@title='" + groupName + "']/following-sibling::ul/li/span[3]/span[2])[" + i + "]": null

2018-07-05 20:50:11 - [TEST_STEP][PASSED] - Statement - println(groupXpath): null

2018-07-05 20:50:11 - [TEST_STEP][PASSED] - Statement - childgroup = driver.findElement(org.openqa.selenium.By.xpath(groupXpath)).getText(): null

2018-07-05 20:50:11 - [TEST_STEP][PASSED] - Statement - println(childgroup): null

2018-07-05 20:50:11 - [TEST_STEP][PASSED] - Statement - subGroupList[i - 1] = childgroup: null

2018-07-05 20:50:11 - [TEST_STEP][PASSED] - Statement - groupXpath = "(//span[@title='" + groupName + "']/following-sibling::ul/li/span[3]/span[2])[" + i + "]": null

2018-07-05 20:50:11 - [TEST_STEP][PASSED] - Statement - println(groupXpath): null

2018-07-05 20:50:11 - [TEST_STEP][PASSED] - Statement - childgroup = driver.findElement(org.openqa.selenium.By.xpath(groupXpath)).getText(): null

2018-07-05 20:50:11 - [TEST_STEP][PASSED] - Statement - println(childgroup): null

2018-07-05 20:50:11 - [TEST_STEP][PASSED] - Statement - subGroupList[i - 1] = childgroup: null

2018-07-05 20:50:11 - [TEST_STEP][PASSED] - Statement - groupXpath = "(//span[@title='" + groupName + "']/following-sibling::ul/li/span[3]/span[2])[" + i + "]": null

2018-07-05 20:50:11 - [TEST_STEP][PASSED] - Statement - println(groupXpath): null

2018-07-05 20:50:11 - [TEST_STEP][PASSED] - Statement - childgroup = driver.findElement(org.openqa.selenium.By.xpath(groupXpath)).getText(): null

2018-07-05 20:50:11 - [TEST_STEP][PASSED] - Statement - println(childgroup): null

2018-07-05 20:50:11 - [TEST_STEP][PASSED] - Statement - subGroupList[i - 1] = childgroup: null

2018-07-05 20:50:11 - [TEST_STEP][PASSED] - Statement - groupXpath = "(//span[@title='" + groupName + "']/following-sibling::ul/li/span[3]/span[2])[" + i + "]": null

2018-07-05 20:50:11 - [TEST_STEP][PASSED] - Statement - println(groupXpath): null

2018-07-05 20:50:11 - [TEST_STEP][PASSED] - Statement - childgroup = driver.findElement(org.openqa.selenium.By.xpath(groupXpath)).getText(): null

2018-07-05 20:50:11 - [TEST_STEP][PASSED] - Statement - println(childgroup): null

2018-07-05 20:50:11 - [TEST_STEP][PASSED] - Statement - subGroupList[i - 1] = childgroup: null

2018-07-05 20:50:11 - [TEST_STEP][PASSED] - Statement - groupXpath = "(//span[@title='" + groupName + "']/following-sibling::ul/li/span[3]/span[2])[" + i + "]": null

2018-07-05 20:50:11 - [TEST_STEP][PASSED] - Statement - println(groupXpath): null

2018-07-05 20:50:11 - [TEST_STEP][PASSED] - Statement - childgroup = driver.findElement(org.openqa.selenium.By.xpath(groupXpath)).getText(): null

2018-07-05 20:50:11 - [TEST_STEP][PASSED] - Statement - println(childgroup): null

2018-07-05 20:50:11 - [TEST_STEP][PASSED] - Statement - subGroupList[i - 1] = childgroup: null

2018-07-05 20:50:11 - [TEST_STEP][PASSED] - Statement - groupXpath = "(//span[@title='" + groupName + "']/following-sibling::ul/li/span[3]/span[2])[" + i + "]": null

2018-07-05 20:50:11 - [TEST_STEP][PASSED] - Statement - println(groupXpath): null

2018-07-05 20:50:11 - [TEST_STEP][PASSED] - Statement - childgroup = driver.findElement(org.openqa.selenium.By.xpath(groupXpath)).getText(): null

2018-07-05 20:50:11 - [TEST_STEP][PASSED] - Statement - println(childgroup): null

2018-07-05 20:50:11 - [TEST_STEP][PASSED] - Statement - subGroupList[i - 1] = childgroup: null

2018-07-05 20:50:11 - [TEST_STEP][PASSED] - Statement - groupXpath = "(//span[@title='" + groupName + "']/following-sibling::ul/li/span[3]/span[2])[" + i + "]": null

2018-07-05 20:50:11 - [TEST_STEP][PASSED] - Statement - println(groupXpath): null

2018-07-05 20:50:11 - [TEST_STEP][PASSED] - Statement - childgroup = driver.findElement(org.openqa.selenium.By.xpath(groupXpath)).getText(): null

2018-07-05 20:50:11 - [TEST_STEP][PASSED] - Statement - println(childgroup): null

2018-07-05 20:50:11 - [TEST_STEP][PASSED] - Statement - subGroupList[i - 1] = childgroup: null

2018-07-05 20:50:11 - [TEST_STEP][PASSED] - Statement - groupXpath = "(//span[@title='" + groupName + "']/following-sibling::ul/li/span[3]/span[2])[" + i + "]": null

2018-07-05 20:50:11 - [TEST_STEP][PASSED] - Statement - println(groupXpath): null

2018-07-05 20:50:11 - [TEST_STEP][PASSED] - Statement - childgroup = driver.findElement(org.openqa.selenium.By.xpath(groupXpath)).getText(): null

2018-07-05 20:50:11 - [TEST_STEP][PASSED] - Statement - println(childgroup): null

2018-07-05 20:50:11 - [TEST_STEP][PASSED] - Statement - subGroupList[i - 1] = childgroup: null

2018-07-05 20:50:11 - [TEST_STEP][PASSED] - Statement - groupXpath = "(//span[@title='" + groupName + "']/following-sibling::ul/li/span[3]/span[2])[" + i + "]": null

2018-07-05 20:50:11 - [TEST_STEP][PASSED] - Statement - println(groupXpath): null

2018-07-05 20:50:11 - [TEST_STEP][PASSED] - Statement - childgroup = driver.findElement(org.openqa.selenium.By.xpath(groupXpath)).getText(): null

2018-07-05 20:50:11 - [TEST_STEP][PASSED] - Statement - println(childgroup): null

2018-07-05 20:50:11 - [TEST_STEP][PASSED] - Statement - subGroupList[i - 1] = childgroup: null

2018-07-05 20:50:11 - [TEST_STEP][PASSED] - Statement - groupXpath = "(//span[@title='" + groupName + "']/following-sibling::ul/li/span[3]/span[2])[" + i + "]": null

2018-07-05 20:50:11 - [TEST_STEP][PASSED] - Statement - println(groupXpath): null

2018-07-05 20:50:11 - [TEST_STEP][PASSED] - Statement - childgroup = driver.findElement(org.openqa.selenium.By.xpath(groupXpath)).getText(): null

2018-07-05 20:50:11 - [TEST_STEP][PASSED] - Statement - println(childgroup): null

2018-07-05 20:50:11 - [TEST_STEP][PASSED] - Statement - subGroupList[i - 1] = childgroup: null

2018-07-05 20:50:11 - [TEST_STEP][PASSED] - Statement - groupXpath = "(//span[@title='" + groupName + "']/following-sibling::ul/li/span[3]/span[2])[" + i + "]": null

2018-07-05 20:50:11 - [TEST_STEP][PASSED] - Statement - println(groupXpath): null

2018-07-05 20:50:11 - [TEST_STEP][PASSED] - Statement - childgroup = driver.findElement(org.openqa.selenium.By.xpath(groupXpath)).getText(): null

2018-07-05 20:50:11 - [TEST_STEP][PASSED] - Statement - println(childgroup): null

2018-07-05 20:50:11 - [TEST_STEP][PASSED] - Statement - subGroupList[i - 1] = childgroup: null

2018-07-05 20:50:11 - [TEST_STEP][PASSED] - Statement - groupXpath = "(//span[@title='" + groupName + "']/following-sibling::ul/li/span[3]/span[2])[" + i + "]": null

2018-07-05 20:50:11 - [TEST_STEP][PASSED] - Statement - println(groupXpath): null

2018-07-05 20:50:11 - [TEST_STEP][PASSED] - Statement - childgroup = driver.findElement(org.openqa.selenium.By.xpath(groupXpath)).getText(): null

2018-07-05 20:50:11 - [TEST_STEP][PASSED] - Statement - println(childgroup): null

2018-07-05 20:50:11 - [TEST_STEP][PASSED] - Statement - subGroupList[i - 1] = childgroup: null

2018-07-05 20:50:11 - [TEST_STEP][PASSED] - Statement - groupXpath = "(//span[@title='" + groupName + "']/following-sibling::ul/li/span[3]/span[2])[" + i + "]": null

2018-07-05 20:50:11 - [TEST_STEP][PASSED] - Statement - println(groupXpath): null

2018-07-05 20:50:11 - [TEST_STEP][PASSED] - Statement - childgroup = driver.findElement(org.openqa.selenium.By.xpath(groupXpath)).getText(): null

2018-07-05 20:50:11 - [TEST_STEP][PASSED] - Statement - println(childgroup): null

2018-07-05 20:50:11 - [TEST_STEP][PASSED] - Statement - subGroupList[i - 1] = childgroup: null

2018-07-05 20:50:11 - [TEST_STEP][PASSED] - Statement - groupXpath = "(//span[@title='" + groupName + "']/following-sibling::ul/li/span[3]/span[2])[" + i + "]": null

2018-07-05 20:50:11 - [TEST_STEP][PASSED] - Statement - println(groupXpath): null

2018-07-05 20:50:11 - [TEST_STEP][PASSED] - Statement - childgroup = driver.findElement(org.openqa.selenium.By.xpath(groupXpath)).getText(): null

2018-07-05 20:50:11 - [TEST_STEP][PASSED] - Statement - println(childgroup): null

2018-07-05 20:50:11 - [TEST_STEP][PASSED] - Statement - subGroupList[i - 1] = childgroup: null

2018-07-05 20:50:11 - [TEST_STEP][PASSED] - Statement - groupXpath = "(//span[@title='" + groupName + "']/following-sibling::ul/li/span[3]/span[2])[" + i + "]": null

2018-07-05 20:50:11 - [TEST_STEP][PASSED] - Statement - println(groupXpath): null

2018-07-05 20:50:11 - [TEST_STEP][PASSED] - Statement - childgroup = driver.findElement(org.openqa.selenium.By.xpath(groupXpath)).getText(): null

2018-07-05 20:50:12 - [TEST_STEP][PASSED] - Statement - println(childgroup): null

2018-07-05 20:50:12 - [TEST_STEP][PASSED] - Statement - subGroupList[i - 1] = childgroup: null

2018-07-05 20:50:12 - [TEST_STEP][PASSED] - Statement - groupXpath = "(//span[@title='" + groupName + "']/following-sibling::ul/li/span[3]/span[2])[" + i + "]": null

2018-07-05 20:50:12 - [TEST_STEP][PASSED] - Statement - println(groupXpath): null

2018-07-05 20:50:12 - [TEST_STEP][PASSED] - Statement - childgroup = driver.findElement(org.openqa.selenium.By.xpath(groupXpath)).getText(): null

2018-07-05 20:50:12 - [TEST_STEP][PASSED] - Statement - println(childgroup): null

2018-07-05 20:50:12 - [TEST_STEP][PASSED] - Statement - subGroupList[i - 1] = childgroup: null

2018-07-05 20:50:12 - [TEST_STEP][PASSED] - Statement - groupXpath = "(//span[@title='" + groupName + "']/following-sibling::ul/li/span[3]/span[2])[" + i + "]": null

2018-07-05 20:50:12 - [TEST_STEP][PASSED] - Statement - println(groupXpath): null

2018-07-05 20:50:12 - [TEST_STEP][PASSED] - Statement - childgroup = driver.findElement(org.openqa.selenium.By.xpath(groupXpath)).getText(): null

2018-07-05 20:50:12 - [TEST_STEP][PASSED] - Statement - println(childgroup): null

2018-07-05 20:50:12 - [TEST_STEP][PASSED] - Statement - subGroupList[i - 1] = childgroup: null

2018-07-05 20:50:12 - [TEST_STEP][PASSED] - Statement - groupXpath = "(//span[@title='" + groupName + "']/following-sibling::ul/li/span[3]/span[2])[" + i + "]": null

2018-07-05 20:50:12 - [TEST_STEP][PASSED] - Statement - println(groupXpath): null

2018-07-05 20:50:12 - [TEST_STEP][PASSED] - Statement - childgroup = driver.findElement(org.openqa.selenium.By.xpath(groupXpath)).getText(): null

2018-07-05 20:50:12 - [TEST_STEP][PASSED] - Statement - println(childgroup): null

2018-07-05 20:50:12 - [TEST_STEP][PASSED] - Statement - subGroupList[i - 1] = childgroup: null

2018-07-05 20:50:12 - [TEST_STEP][PASSED] - Statement - groupXpath = "(//span[@title='" + groupName + "']/following-sibling::ul/li/span[3]/span[2])[" + i + "]": null

2018-07-05 20:50:12 - [TEST_STEP][PASSED] - Statement - println(groupXpath): null

2018-07-05 20:50:12 - [TEST_STEP][PASSED] - Statement - childgroup = driver.findElement(org.openqa.selenium.By.xpath(groupXpath)).getText(): null

2018-07-05 20:50:12 - [TEST_STEP][PASSED] - Statement - println(childgroup): null

2018-07-05 20:50:12 - [TEST_STEP][PASSED] - Statement - subGroupList[i - 1] = childgroup: null

2018-07-05 20:50:12 - [TEST_STEP][PASSED] - Statement - groupXpath = "(//span[@title='" + groupName + "']/following-sibling::ul/li/span[3]/span[2])[" + i + "]": null

2018-07-05 20:50:12 - [TEST_STEP][PASSED] - Statement - println(groupXpath): null

2018-07-05 20:50:12 - [TEST_STEP][PASSED] - Statement - childgroup = driver.findElement(org.openqa.selenium.By.xpath(groupXpath)).getText(): null

2018-07-05 20:50:12 - [TEST_STEP][PASSED] - Statement - println(childgroup): null

2018-07-05 20:50:12 - [TEST_STEP][PASSED] - Statement - subGroupList[i - 1] = childgroup: null

2018-07-05 20:50:12 - [TEST_STEP][PASSED] - Statement - groupXpath = "(//span[@title='" + groupName + "']/following-sibling::ul/li/span[3]/span[2])[" + i + "]": null

2018-07-05 20:50:12 - [TEST_STEP][PASSED] - Statement - println(groupXpath): null

2018-07-05 20:50:12 - [TEST_STEP][PASSED] - Statement - childgroup = driver.findElement(org.openqa.selenium.By.xpath(groupXpath)).getText(): null

2018-07-05 20:50:12 - [TEST_STEP][PASSED] - Statement - println(childgroup): null

2018-07-05 20:50:12 - [TEST_STEP][PASSED] - Statement - subGroupList[i - 1] = childgroup: null

2018-07-05 20:50:12 - [TEST_STEP][PASSED] - Statement - groupXpath = "(//span[@title='" + groupName + "']/following-sibling::ul/li/span[3]/span[2])[" + i + "]": null

2018-07-05 20:50:12 - [TEST_STEP][PASSED] - Statement - println(groupXpath): null

2018-07-05 20:50:12 - [TEST_STEP][PASSED] - Statement - childgroup = driver.findElement(org.openqa.selenium.By.xpath(groupXpath)).getText(): null

2018-07-05 20:50:12 - [TEST_STEP][PASSED] - Statement - println(childgroup): null

2018-07-05 20:50:12 - [TEST_STEP][PASSED] - Statement - subGroupList[i - 1] = childgroup: null

2018-07-05 20:50:12 - [TEST_STEP][PASSED] - Statement - groupXpath = "(//span[@title='" + groupName + "']/following-sibling::ul/li/span[3]/span[2])[" + i + "]": null

2018-07-05 20:50:12 - [TEST_STEP][PASSED] - Statement - println(groupXpath): null

2018-07-05 20:50:12 - [TEST_STEP][PASSED] - Statement - childgroup = driver.findElement(org.openqa.selenium.By.xpath(groupXpath)).getText(): null

2018-07-05 20:50:12 - [TEST_STEP][PASSED] - Statement - println(childgroup): null

2018-07-05 20:50:12 - [TEST_STEP][PASSED] - Statement - subGroupList[i - 1] = childgroup: null

2018-07-05 20:50:12 - [TEST_STEP][PASSED] - Statement - groupXpath = "(//span[@title='" + groupName + "']/following-sibling::ul/li/span[3]/span[2])[" + i + "]": null

2018-07-05 20:50:12 - [TEST_STEP][PASSED] - Statement - println(groupXpath): null

2018-07-05 20:50:12 - [TEST_STEP][PASSED] - Statement - childgroup = driver.findElement(org.openqa.selenium.By.xpath(groupXpath)).getText(): null

2018-07-05 20:50:12 - [TEST_STEP][PASSED] - Statement - println(childgroup): null

2018-07-05 20:50:12 - [TEST_STEP][PASSED] - Statement - subGroupList[i - 1] = childgroup: null

2018-07-05 20:50:12 - [TEST_STEP][PASSED] - Statement - groupXpath = "(//span[@title='" + groupName + "']/following-sibling::ul/li/span[3]/span[2])[" + i + "]": null

2018-07-05 20:50:12 - [TEST_STEP][PASSED] - Statement - println(groupXpath): null

2018-07-05 20:50:12 - [TEST_STEP][PASSED] - Statement - childgroup = driver.findElement(org.openqa.selenium.By.xpath(groupXpath)).getText(): null

2018-07-05 20:50:12 - [TEST_STEP][PASSED] - Statement - println(childgroup): null

2018-07-05 20:50:12 - [TEST_STEP][PASSED] - Statement - subGroupList[i - 1] = childgroup: null

2018-07-05 20:50:12 - [TEST_STEP][PASSED] - Statement - groupXpath = "(//span[@title='" + groupName + "']/following-sibling::ul/li/span[3]/span[2])[" + i + "]": null

2018-07-05 20:50:12 - [TEST_STEP][PASSED] - Statement - println(groupXpath): null

2018-07-05 20:50:12 - [TEST_STEP][PASSED] - Statement - childgroup = driver.findElement(org.openqa.selenium.By.xpath(groupXpath)).getText(): null

2018-07-05 20:50:12 - [TEST_STEP][PASSED] - Statement - println(childgroup): null

2018-07-05 20:50:12 - [TEST_STEP][PASSED] - Statement - subGroupList[i - 1] = childgroup: null

2018-07-05 20:50:12 - [TEST_STEP][PASSED] - Statement - groupXpath = "(//span[@title='" + groupName + "']/following-sibling::ul/li/span[3]/span[2])[" + i + "]": null

2018-07-05 20:50:12 - [TEST_STEP][PASSED] - Statement - println(groupXpath): null

2018-07-05 20:50:12 - [TEST_STEP][PASSED] - Statement - childgroup = driver.findElement(org.openqa.selenium.By.xpath(groupXpath)).getText(): null

2018-07-05 20:50:12 - [TEST_STEP][PASSED] - Statement - println(childgroup): null

2018-07-05 20:50:12 - [TEST_STEP][PASSED] - Statement - subGroupList[i - 1] = childgroup: null

2018-07-05 20:50:12 - [TEST_STEP][PASSED] - Statement - groupXpath = "(//span[@title='" + groupName + "']/following-sibling::ul/li/span[3]/span[2])[" + i + "]": null

2018-07-05 20:50:12 - [TEST_STEP][PASSED] - Statement - println(groupXpath): null

2018-07-05 20:50:12 - [TEST_STEP][PASSED] - Statement - childgroup = driver.findElement(org.openqa.selenium.By.xpath(groupXpath)).getText(): null

2018-07-05 20:50:12 - [TEST_STEP][PASSED] - Statement - println(childgroup): null

2018-07-05 20:50:12 - [TEST_STEP][PASSED] - Statement - subGroupList[i - 1] = childgroup: null

2018-07-05 20:50:12 - [TEST_STEP][PASSED] - Statement - groupXpath = "(//span[@title='" + groupName + "']/following-sibling::ul/li/span[3]/span[2])[" + i + "]": null

2018-07-05 20:50:12 - [TEST_STEP][PASSED] - Statement - println(groupXpath): null

2018-07-05 20:50:12 - [TEST_STEP][PASSED] - Statement - childgroup = driver.findElement(org.openqa.selenium.By.xpath(groupXpath)).getText(): null

2018-07-05 20:50:12 - [TEST_STEP][PASSED] - Statement - println(childgroup): null

2018-07-05 20:50:12 - [TEST_STEP][PASSED] - Statement - subGroupList[i - 1] = childgroup: null

2018-07-05 20:50:12 - [TEST_STEP][PASSED] - Statement - groupXpath = "(//span[@title='" + groupName + "']/following-sibling::ul/li/span[3]/span[2])[" + i + "]": null

2018-07-05 20:50:12 - [TEST_STEP][PASSED] - Statement - println(groupXpath): null

2018-07-05 20:50:12 - [TEST_STEP][PASSED] - Statement - childgroup = driver.findElement(org.openqa.selenium.By.xpath(groupXpath)).getText(): null

2018-07-05 20:50:12 - [TEST_STEP][PASSED] - Statement - println(childgroup): null

2018-07-05 20:50:12 - [TEST_STEP][PASSED] - Statement - subGroupList[i - 1] = childgroup: null

2018-07-05 20:50:12 - [TEST_STEP][PASSED] - Statement - groupXpath = "(//span[@title='" + groupName + "']/following-sibling::ul/li/span[3]/span[2])[" + i + "]": null

2018-07-05 20:50:12 - [TEST_STEP][PASSED] - Statement - println(groupXpath): null

2018-07-05 20:50:12 - [TEST_STEP][PASSED] - Statement - childgroup = driver.findElement(org.openqa.selenium.By.xpath(groupXpath)).getText(): null

2018-07-05 20:50:12 - [TEST_STEP][PASSED] - Statement - println(childgroup): null

2018-07-05 20:50:12 - [TEST_STEP][PASSED] - Statement - subGroupList[i - 1] = childgroup: null

2018-07-05 20:50:12 - [TEST_STEP][PASSED] - Statement - groupXpath = "(//span[@title='" + groupName + "']/following-sibling::ul/li/span[3]/span[2])[" + i + "]": null

2018-07-05 20:50:12 - [TEST_STEP][PASSED] - Statement - println(groupXpath): null

2018-07-05 20:50:12 - [TEST_STEP][PASSED] - Statement - childgroup = driver.findElement(org.openqa.selenium.By.xpath(groupXpath)).getText(): null

2018-07-05 20:50:12 - [TEST_STEP][PASSED] - Statement - println(childgroup): null

2018-07-05 20:50:12 - [TEST_STEP][PASSED] - Statement - subGroupList[i - 1] = childgroup: null

2018-07-05 20:50:12 - [TEST_STEP][PASSED] - Statement - groupXpath = "(//span[@title='" + groupName + "']/following-sibling::ul/li/span[3]/span[2])[" + i + "]": null

2018-07-05 20:50:12 - [TEST_STEP][PASSED] - Statement - println(groupXpath): null

2018-07-05 20:50:12 - [TEST_STEP][PASSED] - Statement - childgroup = driver.findElement(org.openqa.selenium.By.xpath(groupXpath)).getText(): null

2018-07-05 20:50:12 - [TEST_STEP][PASSED] - Statement - println(childgroup): null

2018-07-05 20:50:12 - [TEST_STEP][PASSED] - Statement - subGroupList[i - 1] = childgroup: null

2018-07-05 20:50:12 - [TEST_STEP][PASSED] - Statement - groupXpath = "(//span[@title='" + groupName + "']/following-sibling::ul/li/span[3]/span[2])[" + i + "]": null

2018-07-05 20:50:12 - [TEST_STEP][PASSED] - Statement - println(groupXpath): null

2018-07-05 20:50:12 - [TEST_STEP][PASSED] - Statement - childgroup = driver.findElement(org.openqa.selenium.By.xpath(groupXpath)).getText(): null

2018-07-05 20:50:12 - [TEST_STEP][PASSED] - Statement - println(childgroup): null

2018-07-05 20:50:12 - [TEST_STEP][PASSED] - Statement - subGroupList[i - 1] = childgroup: null

2018-07-05 20:50:12 - [TEST_STEP][PASSED] - Statement - groupXpath = "(//span[@title='" + groupName + "']/following-sibling::ul/li/span[3]/span[2])[" + i + "]": null

2018-07-05 20:50:12 - [TEST_STEP][PASSED] - Statement - println(groupXpath): null

2018-07-05 20:50:12 - [TEST_STEP][PASSED] - Statement - childgroup = driver.findElement(org.openqa.selenium.By.xpath(groupXpath)).getText(): null

2018-07-05 20:50:12 - [TEST_STEP][PASSED] - Statement - println(childgroup): null

2018-07-05 20:50:12 - [TEST_STEP][PASSED] - Statement - subGroupList[i - 1] = childgroup: null

2018-07-05 20:50:12 - [TEST_STEP][PASSED] - Statement - groupXpath = "(//span[@title='" + groupName + "']/following-sibling::ul/li/span[3]/span[2])[" + i + "]": null

2018-07-05 20:50:12 - [TEST_STEP][PASSED] - Statement - println(groupXpath): null

2018-07-05 20:50:12 - [TEST_STEP][PASSED] - Statement - childgroup = driver.findElement(org.openqa.selenium.By.xpath(groupXpath)).getText(): null

2018-07-05 20:50:12 - [TEST_STEP][PASSED] - Statement - println(childgroup): null

2018-07-05 20:50:12 - [TEST_STEP][PASSED] - Statement - subGroupList[i - 1] = childgroup: null

2018-07-05 20:50:12 - [TEST_STEP][PASSED] - Statement - groupXpath = "(//span[@title='" + groupName + "']/following-sibling::ul/li/span[3]/span[2])[" + i + "]": null

2018-07-05 20:50:12 - [TEST_STEP][PASSED] - Statement - println(groupXpath): null

2018-07-05 20:50:12 - [TEST_STEP][PASSED] - Statement - childgroup = driver.findElement(org.openqa.selenium.By.xpath(groupXpath)).getText(): null

2018-07-05 20:50:12 - [TEST_STEP][PASSED] - Statement - println(childgroup): null

2018-07-05 20:50:12 - [TEST_STEP][PASSED] - Statement - subGroupList[i - 1] = childgroup: null

2018-07-05 20:50:12 - [TEST_STEP][PASSED] - Statement - groupXpath = "(//span[@title='" + groupName + "']/following-sibling::ul/li/span[3]/span[2])[" + i + "]": null

2018-07-05 20:50:12 - [TEST_STEP][PASSED] - Statement - println(groupXpath): null

2018-07-05 20:50:12 - [TEST_STEP][PASSED] - Statement - childgroup = driver.findElement(org.openqa.selenium.By.xpath(groupXpath)).getText(): null

2018-07-05 20:50:12 - [TEST_STEP][PASSED] - Statement - println(childgroup): null

2018-07-05 20:50:12 - [TEST_STEP][PASSED] - Statement - subGroupList[i - 1] = childgroup: null

2018-07-05 20:50:12 - [TEST_STEP][PASSED] - Statement - groupXpath = "(//span[@title='" + groupName + "']/following-sibling::ul/li/span[3]/span[2])[" + i + "]": null

2018-07-05 20:50:12 - [TEST_STEP][PASSED] - Statement - println(groupXpath): null

2018-07-05 20:50:12 - [TEST_STEP][PASSED] - Statement - childgroup = driver.findElement(org.openqa.selenium.By.xpath(groupXpath)).getText(): null

2018-07-05 20:50:12 - [TEST_STEP][PASSED] - Statement - println(childgroup): null

2018-07-05 20:50:12 - [TEST_STEP][PASSED] - Statement - subGroupList[i - 1] = childgroup: null

2018-07-05 20:50:12 - [TEST_STEP][PASSED] - Statement - groupXpath = "(//span[@title='" + groupName + "']/following-sibling::ul/li/span[3]/span[2])[" + i + "]": null

2018-07-05 20:50:12 - [TEST_STEP][PASSED] - Statement - println(groupXpath): null

2018-07-05 20:50:12 - [TEST_STEP][PASSED] - Statement - childgroup = driver.findElement(org.openqa.selenium.By.xpath(groupXpath)).getText(): null

2018-07-05 20:50:12 - [TEST_STEP][PASSED] - Statement - println(childgroup): null

2018-07-05 20:50:12 - [TEST_STEP][PASSED] - Statement - subGroupList[i - 1] = childgroup: null

2018-07-05 20:50:12 - [TEST_STEP][PASSED] - Statement - groupXpath = "(//span[@title='" + groupName + "']/following-sibling::ul/li/span[3]/span[2])[" + i + "]": null

2018-07-05 20:50:12 - [TEST_STEP][PASSED] - Statement - println(groupXpath): null

2018-07-05 20:50:12 - [TEST_STEP][PASSED] - Statement - childgroup = driver.findElement(org.openqa.selenium.By.xpath(groupXpath)).getText(): null

2018-07-05 20:50:12 - [TEST_STEP][PASSED] - Statement - println(childgroup): null

2018-07-05 20:50:12 - [TEST_STEP][PASSED] - Statement - subGroupList[i - 1] = childgroup: null

2018-07-05 20:50:12 - [TEST_STEP][PASSED] - Statement - groupXpath = "(//span[@title='" + groupName + "']/following-sibling::ul/li/span[3]/span[2])[" + i + "]": null

2018-07-05 20:50:12 - [TEST_STEP][PASSED] - Statement - println(groupXpath): null

2018-07-05 20:50:12 - [TEST_STEP][PASSED] - Statement - childgroup = driver.findElement(org.openqa.selenium.By.xpath(groupXpath)).getText(): null

2018-07-05 20:50:12 - [TEST_STEP][PASSED] - Statement - println(childgroup): null

2018-07-05 20:50:12 - [TEST_STEP][PASSED] - Statement - subGroupList[i - 1] = childgroup: null

2018-07-05 20:50:12 - [TEST_STEP][PASSED] - Statement - groupXpath = "(//span[@title='" + groupName + "']/following-sibling::ul/li/span[3]/span[2])[" + i + "]": null

2018-07-05 20:50:12 - [TEST_STEP][PASSED] - Statement - println(groupXpath): null

2018-07-05 20:50:12 - [TEST_STEP][PASSED] - Statement - childgroup = driver.findElement(org.openqa.selenium.By.xpath(groupXpath)).getText(): null

2018-07-05 20:50:12 - [TEST_STEP][PASSED] - Statement - println(childgroup): null

2018-07-05 20:50:12 - [TEST_STEP][PASSED] - Statement - subGroupList[i - 1] = childgroup: null

2018-07-05 20:50:12 - [TEST_STEP][PASSED] - Statement - groupXpath = "(//span[@title='" + groupName + "']/following-sibling::ul/li/span[3]/span[2])[" + i + "]": null

2018-07-05 20:50:12 - [TEST_STEP][PASSED] - Statement - println(groupXpath): null

2018-07-05 20:50:12 - [TEST_STEP][PASSED] - Statement - childgroup = driver.findElement(org.openqa.selenium.By.xpath(groupXpath)).getText(): null

2018-07-05 20:50:12 - [TEST_STEP][PASSED] - Statement - println(childgroup): null

2018-07-05 20:50:12 - [TEST_STEP][PASSED] - Statement - subGroupList[i - 1] = childgroup: null

2018-07-05 20:50:12 - [TEST_STEP][PASSED] - Statement - groupXpath = "(//span[@title='" + groupName + "']/following-sibling::ul/li/span[3]/span[2])[" + i + "]": null

2018-07-05 20:50:12 - [TEST_STEP][PASSED] - Statement - println(groupXpath): null

2018-07-05 20:50:12 - [TEST_STEP][PASSED] - Statement - childgroup = driver.findElement(org.openqa.selenium.By.xpath(groupXpath)).getText(): null

2018-07-05 20:50:12 - [TEST_STEP][PASSED] - Statement - println(childgroup): null

2018-07-05 20:50:12 - [TEST_STEP][PASSED] - Statement - subGroupList[i - 1] = childgroup: null

2018-07-05 20:50:12 - [TEST_STEP][PASSED] - Statement - groupXpath = "(//span[@title='" + groupName + "']/following-sibling::ul/li/span[3]/span[2])[" + i + "]": null

2018-07-05 20:50:12 - [TEST_STEP][PASSED] - Statement - println(groupXpath): null

2018-07-05 20:50:12 - [TEST_STEP][PASSED] - Statement - childgroup = driver.findElement(org.openqa.selenium.By.xpath(groupXpath)).getText(): null

2018-07-05 20:50:12 - [TEST_STEP][PASSED] - Statement - println(childgroup): null

2018-07-05 20:50:12 - [TEST_STEP][PASSED] - Statement - subGroupList[i - 1] = childgroup: null

2018-07-05 20:50:12 - [TEST_STEP][PASSED] - Statement - groupXpath = "(//span[@title='" + groupName + "']/following-sibling::ul/li/span[3]/span[2])[" + i + "]": null

2018-07-05 20:50:12 - [TEST_STEP][PASSED] - Statement - println(groupXpath): null

2018-07-05 20:50:12 - [TEST_STEP][PASSED] - Statement - childgroup = driver.findElement(org.openqa.selenium.By.xpath(groupXpath)).getText(): null

2018-07-05 20:50:12 - [TEST_STEP][PASSED] - Statement - println(childgroup): null

2018-07-05 20:50:12 - [TEST_STEP][PASSED] - Statement - subGroupList[i - 1] = childgroup: null

2018-07-05 20:50:12 - [TEST_STEP][PASSED] - Statement - groupXpath = "(//span[@title='" + groupName + "']/following-sibling::ul/li/span[3]/span[2])[" + i + "]": null

2018-07-05 20:50:12 - [TEST_STEP][PASSED] - Statement - println(groupXpath): null

2018-07-05 20:50:12 - [TEST_STEP][PASSED] - Statement - childgroup = driver.findElement(org.openqa.selenium.By.xpath(groupXpath)).getText(): null

2018-07-05 20:50:12 - [TEST_STEP][PASSED] - Statement - println(childgroup): null

2018-07-05 20:50:12 - [TEST_STEP][PASSED] - Statement - subGroupList[i - 1] = childgroup: null

2018-07-05 20:50:12 - [TEST_STEP][PASSED] - Statement - groupXpath = "(//span[@title='" + groupName + "']/following-sibling::ul/li/span[3]/span[2])[" + i + "]": null

2018-07-05 20:50:12 - [TEST_STEP][PASSED] - Statement - println(groupXpath): null

2018-07-05 20:50:12 - [TEST_STEP][PASSED] - Statement - childgroup = driver.findElement(org.openqa.selenium.By.xpath(groupXpath)).getText(): null

2018-07-05 20:50:13 - [TEST_STEP][PASSED] - Statement - println(childgroup): null

2018-07-05 20:50:13 - [TEST_STEP][PASSED] - Statement - subGroupList[i - 1] = childgroup: null

2018-07-05 20:50:13 - [TEST_STEP][PASSED] - Statement - groupXpath = "(//span[@title='" + groupName + "']/following-sibling::ul/li/span[3]/span[2])[" + i + "]": null

2018-07-05 20:50:13 - [TEST_STEP][PASSED] - Statement - println(groupXpath): null

2018-07-05 20:50:13 - [TEST_STEP][PASSED] - Statement - childgroup = driver.findElement(org.openqa.selenium.By.xpath(groupXpath)).getText(): null

2018-07-05 20:50:13 - [TEST_STEP][PASSED] - Statement - println(childgroup): null

2018-07-05 20:50:13 - [TEST_STEP][PASSED] - Statement - subGroupList[i - 1] = childgroup: null

2018-07-05 20:50:13 - [TEST_STEP][PASSED] - Statement - groupXpath = "(//span[@title='" + groupName + "']/following-sibling::ul/li/span[3]/span[2])[" + i + "]": null

2018-07-05 20:50:13 - [TEST_STEP][PASSED] - Statement - println(groupXpath): null

2018-07-05 20:50:13 - [TEST_STEP][PASSED] - Statement - childgroup = driver.findElement(org.openqa.selenium.By.xpath(groupXpath)).getText(): null

2018-07-05 20:50:13 - [TEST_STEP][PASSED] - Statement - println(childgroup): null

2018-07-05 20:50:13 - [TEST_STEP][PASSED] - Statement - subGroupList[i - 1] = childgroup: null

2018-07-05 20:50:13 - [TEST_STEP][PASSED] - Statement - groupXpath = "(//span[@title='" + groupName + "']/following-sibling::ul/li/span[3]/span[2])[" + i + "]": null

2018-07-05 20:50:13 - [TEST_STEP][PASSED] - Statement - println(groupXpath): null

2018-07-05 20:50:13 - [TEST_STEP][PASSED] - Statement - childgroup = driver.findElement(org.openqa.selenium.By.xpath(groupXpath)).getText(): null

2018-07-05 20:50:13 - [TEST_STEP][PASSED] - Statement - println(childgroup): null

2018-07-05 20:50:13 - [TEST_STEP][PASSED] - Statement - subGroupList[i - 1] = childgroup: null

2018-07-05 20:50:13 - [TEST_STEP][PASSED] - Statement - groupXpath = "(//span[@title='" + groupName + "']/following-sibling::ul/li/span[3]/span[2])[" + i + "]": null

2018-07-05 20:50:13 - [TEST_STEP][PASSED] - Statement - println(groupXpath): null

2018-07-05 20:50:13 - [TEST_STEP][PASSED] - Statement - childgroup = driver.findElement(org.openqa.selenium.By.xpath(groupXpath)).getText(): null

2018-07-05 20:50:13 - [TEST_STEP][PASSED] - Statement - println(childgroup): null

2018-07-05 20:50:13 - [TEST_STEP][PASSED] - Statement - subGroupList[i - 1] = childgroup: null

2018-07-05 20:50:13 - [TEST_STEP][PASSED] - Statement - groupXpath = "(//span[@title='" + groupName + "']/following-sibling::ul/li/span[3]/span[2])[" + i + "]": null

2018-07-05 20:50:13 - [TEST_STEP][PASSED] - Statement - println(groupXpath): null

2018-07-05 20:50:13 - [TEST_STEP][PASSED] - Statement - childgroup = driver.findElement(org.openqa.selenium.By.xpath(groupXpath)).getText(): null

2018-07-05 20:50:13 - [TEST_STEP][PASSED] - Statement - println(childgroup): null

2018-07-05 20:50:13 - [TEST_STEP][PASSED] - Statement - subGroupList[i - 1] = childgroup: null

2018-07-05 20:50:13 - [TEST_STEP][PASSED] - Statement - groupXpath = "(//span[@title='" + groupName + "']/following-sibling::ul/li/span[3]/span[2])[" + i + "]": null

2018-07-05 20:50:13 - [TEST_STEP][PASSED] - Statement - println(groupXpath): null

2018-07-05 20:50:13 - [TEST_STEP][PASSED] - Statement - childgroup = driver.findElement(org.openqa.selenium.By.xpath(groupXpath)).getText(): null

2018-07-05 20:50:13 - [TEST_STEP][PASSED] - Statement - println(childgroup): null

2018-07-05 20:50:13 - [TEST_STEP][PASSED] - Statement - subGroupList[i - 1] = childgroup: null

2018-07-05 20:50:13 - [TEST_STEP][PASSED] - Statement - groupXpath = "(//span[@title='" + groupName + "']/following-sibling::ul/li/span[3]/span[2])[" + i + "]": null

2018-07-05 20:50:13 - [TEST_STEP][PASSED] - Statement - println(groupXpath): null

2018-07-05 20:50:13 - [TEST_STEP][PASSED] - Statement - childgroup = driver.findElement(org.openqa.selenium.By.xpath(groupXpath)).getText(): null

2018-07-05 20:50:13 - [TEST_STEP][PASSED] - Statement - println(childgroup): null

2018-07-05 20:50:13 - [TEST_STEP][PASSED] - Statement - subGroupList[i - 1] = childgroup: null

2018-07-05 20:50:13 - [TEST_STEP][PASSED] - Statement - groupXpath = "(//span[@title='" + groupName + "']/following-sibling::ul/li/span[3]/span[2])[" + i + "]": null

2018-07-05 20:50:13 - [TEST_STEP][PASSED] - Statement - println(groupXpath): null

2018-07-05 20:50:13 - [TEST_STEP][PASSED] - Statement - childgroup = driver.findElement(org.openqa.selenium.By.xpath(groupXpath)).getText(): null

2018-07-05 20:50:13 - [TEST_STEP][PASSED] - Statement - println(childgroup): null

2018-07-05 20:50:13 - [TEST_STEP][PASSED] - Statement - subGroupList[i - 1] = childgroup: null

2018-07-05 20:50:13 - [TEST_STEP][PASSED] - Statement - groupXpath = "(//span[@title='" + groupName + "']/following-sibling::ul/li/span[3]/span[2])[" + i + "]": null

2018-07-05 20:50:13 - [TEST_STEP][PASSED] - Statement - println(groupXpath): null

2018-07-05 20:50:13 - [TEST_STEP][PASSED] - Statement - childgroup = driver.findElement(org.openqa.selenium.By.xpath(groupXpath)).getText(): null

2018-07-05 20:50:13 - [TEST_STEP][PASSED] - Statement - println(childgroup): null

2018-07-05 20:50:13 - [TEST_STEP][PASSED] - Statement - subGroupList[i - 1] = childgroup: null

2018-07-05 20:50:13 - [TEST_STEP][PASSED] - Statement - groupXpath = "(//span[@title='" + groupName + "']/following-sibling::ul/li/span[3]/span[2])[" + i + "]": null

2018-07-05 20:50:13 - [TEST_STEP][PASSED] - Statement - println(groupXpath): null

2018-07-05 20:50:13 - [TEST_STEP][PASSED] - Statement - childgroup = driver.findElement(org.openqa.selenium.By.xpath(groupXpath)).getText(): null

2018-07-05 20:50:13 - [TEST_STEP][PASSED] - Statement - println(childgroup): null

2018-07-05 20:50:13 - [TEST_STEP][PASSED] - Statement - subGroupList[i - 1] = childgroup: null

2018-07-05 20:50:13 - [TEST_STEP][PASSED] - Statement - groupXpath = "(//span[@title='" + groupName + "']/following-sibling::ul/li/span[3]/span[2])[" + i + "]": null

2018-07-05 20:50:13 - [TEST_STEP][PASSED] - Statement - println(groupXpath): null

2018-07-05 20:50:13 - [TEST_STEP][PASSED] - Statement - childgroup = driver.findElement(org.openqa.selenium.By.xpath(groupXpath)).getText(): null

2018-07-05 20:50:13 - [TEST_STEP][PASSED] - Statement - println(childgroup): null

2018-07-05 20:50:13 - [TEST_STEP][PASSED] - Statement - subGroupList[i - 1] = childgroup: null

2018-07-05 20:50:13 - [TEST_STEP][PASSED] - Statement - groupXpath = "(//span[@title='" + groupName + "']/following-sibling::ul/li/span[3]/span[2])[" + i + "]": null

2018-07-05 20:50:13 - [TEST_STEP][PASSED] - Statement - println(groupXpath): null

2018-07-05 20:50:13 - [TEST_STEP][PASSED] - Statement - childgroup = driver.findElement(org.openqa.selenium.By.xpath(groupXpath)).getText(): null

2018-07-05 20:50:13 - [TEST_STEP][PASSED] - Statement - println(childgroup): null

2018-07-05 20:50:13 - [TEST_STEP][PASSED] - Statement - subGroupList[i - 1] = childgroup: null

2018-07-05 20:50:13 - [TEST_STEP][PASSED] - Statement - groupXpath = "(//span[@title='" + groupName + "']/following-sibling::ul/li/span[3]/span[2])[" + i + "]": null

2018-07-05 20:50:13 - [TEST_STEP][PASSED] - Statement - println(groupXpath): null

2018-07-05 20:50:13 - [TEST_STEP][PASSED] - Statement - childgroup = driver.findElement(org.openqa.selenium.By.xpath(groupXpath)).getText(): null

2018-07-05 20:50:13 - [TEST_STEP][PASSED] - Statement - println(childgroup): null

2018-07-05 20:50:13 - [TEST_STEP][PASSED] - Statement - subGroupList[i - 1] = childgroup: null

2018-07-05 20:50:13 - [TEST_STEP][PASSED] - Statement - groupXpath = "(//span[@title='" + groupName + "']/following-sibling::ul/li/span[3]/span[2])[" + i + "]": null

2018-07-05 20:50:13 - [TEST_STEP][PASSED] - Statement - println(groupXpath): null

2018-07-05 20:50:13 - [TEST_STEP][PASSED] - Statement - childgroup = driver.findElement(org.openqa.selenium.By.xpath(groupXpath)).getText(): null

2018-07-05 20:50:13 - [TEST_STEP][PASSED] - Statement - println(childgroup): null

2018-07-05 20:50:13 - [TEST_STEP][PASSED] - Statement - subGroupList[i - 1] = childgroup: null

2018-07-05 20:50:13 - [TEST_STEP][PASSED] - Statement - groupXpath = "(//span[@title='" + groupName + "']/following-sibling::ul/li/span[3]/span[2])[" + i + "]": null

2018-07-05 20:50:13 - [TEST_STEP][PASSED] - Statement - println(groupXpath): null

2018-07-05 20:50:13 - [TEST_STEP][PASSED] - Statement - childgroup = driver.findElement(org.openqa.selenium.By.xpath(groupXpath)).getText(): null

2018-07-05 20:50:13 - [TEST_STEP][PASSED] - Statement - println(childgroup): null

2018-07-05 20:50:13 - [TEST_STEP][PASSED] - Statement - subGroupList[i - 1] = childgroup: null

2018-07-05 20:50:13 - [TEST_STEP][PASSED] - Statement - groupXpath = "(//span[@title='" + groupName + "']/following-sibling::ul/li/span[3]/span[2])[" + i + "]": null

2018-07-05 20:50:13 - [TEST_STEP][PASSED] - Statement - println(groupXpath): null

2018-07-05 20:50:13 - [TEST_STEP][PASSED] - Statement - childgroup = driver.findElement(org.openqa.selenium.By.xpath(groupXpath)).getText(): null

2018-07-05 20:50:13 - [TEST_STEP][PASSED] - Statement - println(childgroup): null

2018-07-05 20:50:13 - [TEST_STEP][PASSED] - Statement - subGroupList[i - 1] = childgroup: null

2018-07-05 20:50:13 - [TEST_STEP][PASSED] - Statement - groupXpath = "(//span[@title='" + groupName + "']/following-sibling::ul/li/span[3]/span[2])[" + i + "]": null

2018-07-05 20:50:13 - [TEST_STEP][PASSED] - Statement - println(groupXpath): null

2018-07-05 20:50:13 - [TEST_STEP][PASSED] - Statement - childgroup = driver.findElement(org.openqa.selenium.By.xpath(groupXpath)).getText(): null

2018-07-05 20:50:13 - [TEST_STEP][PASSED] - Statement - println(childgroup): null

2018-07-05 20:50:13 - [TEST_STEP][PASSED] - Statement - subGroupList[i - 1] = childgroup: null

2018-07-05 20:50:13 - [TEST_STEP][PASSED] - Statement - groupXpath = "(//span[@title='" + groupName + "']/following-sibling::ul/li/span[3]/span[2])[" + i + "]": null

2018-07-05 20:50:13 - [TEST_STEP][PASSED] - Statement - println(groupXpath): null

2018-07-05 20:50:13 - [TEST_STEP][PASSED] - Statement - childgroup = driver.findElement(org.openqa.selenium.By.xpath(groupXpath)).getText(): null

2018-07-05 20:50:13 - [TEST_STEP][PASSED] - Statement - println(childgroup): null

2018-07-05 20:50:13 - [TEST_STEP][PASSED] - Statement - subGroupList[i - 1] = childgroup: null

2018-07-05 20:50:13 - [TEST_STEP][PASSED] - Statement - groupXpath = "(//span[@title='" + groupName + "']/following-sibling::ul/li/span[3]/span[2])[" + i + "]": null

2018-07-05 20:50:13 - [TEST_STEP][PASSED] - Statement - println(groupXpath): null

2018-07-05 20:50:13 - [TEST_STEP][PASSED] - Statement - childgroup = driver.findElement(org.openqa.selenium.By.xpath(groupXpath)).getText(): null

2018-07-05 20:50:13 - [TEST_STEP][PASSED] - Statement - println(childgroup): null

2018-07-05 20:50:13 - [TEST_STEP][PASSED] - Statement - subGroupList[i - 1] = childgroup: null

2018-07-05 20:50:13 - [TEST_STEP][PASSED] - Statement - groupXpath = "(//span[@title='" + groupName + "']/following-sibling::ul/li/span[3]/span[2])[" + i + "]": null

2018-07-05 20:50:13 - [TEST_STEP][PASSED] - Statement - println(groupXpath): null

2018-07-05 20:50:13 - [TEST_STEP][PASSED] - Statement - childgroup = driver.findElement(org.openqa.selenium.By.xpath(groupXpath)).getText(): null

2018-07-05 20:50:13 - [TEST_STEP][PASSED] - Statement - println(childgroup): null

2018-07-05 20:50:13 - [TEST_STEP][PASSED] - Statement - subGroupList[i - 1] = childgroup: null

2018-07-05 20:50:13 - [TEST_STEP][PASSED] - Statement - groupXpath = "(//span[@title='" + groupName + "']/following-sibling::ul/li/span[3]/span[2])[" + i + "]": null

2018-07-05 20:50:13 - [TEST_STEP][PASSED] - Statement - println(groupXpath): null

2018-07-05 20:50:13 - [TEST_STEP][PASSED] - Statement - childgroup = driver.findElement(org.openqa.selenium.By.xpath(groupXpath)).getText(): null

2018-07-05 20:50:13 - [TEST_STEP][PASSED] - Statement - println(childgroup): null

2018-07-05 20:50:13 - [TEST_STEP][PASSED] - Statement - subGroupList[i - 1] = childgroup: null

2018-07-05 20:50:13 - [TEST_STEP][PASSED] - Statement - groupXpath = "(//span[@title='" + groupName + "']/following-sibling::ul/li/span[3]/span[2])[" + i + "]": null

2018-07-05 20:50:13 - [TEST_STEP][PASSED] - Statement - println(groupXpath): null

2018-07-05 20:50:13 - [TEST_STEP][PASSED] - Statement - childgroup = driver.findElement(org.openqa.selenium.By.xpath(groupXpath)).getText(): null

2018-07-05 20:50:13 - [TEST_STEP][PASSED] - Statement - println(childgroup): null

2018-07-05 20:50:13 - [TEST_STEP][PASSED] - Statement - subGroupList[i - 1] = childgroup: null

2018-07-05 20:50:13 - [TEST_STEP][PASSED] - Statement - groupXpath = "(//span[@title='" + groupName + "']/following-sibling::ul/li/span[3]/span[2])[" + i + "]": null

2018-07-05 20:50:13 - [TEST_STEP][PASSED] - Statement - println(groupXpath): null

2018-07-05 20:50:13 - [TEST_STEP][PASSED] - Statement - childgroup = driver.findElement(org.openqa.selenium.By.xpath(groupXpath)).getText(): null

2018-07-05 20:50:13 - [TEST_STEP][PASSED] - Statement - println(childgroup): null

2018-07-05 20:50:13 - [TEST_STEP][PASSED] - Statement - subGroupList[i - 1] = childgroup: null

2018-07-05 20:50:13 - [TEST_STEP][PASSED] - Statement - groupXpath = "(//span[@title='" + groupName + "']/following-sibling::ul/li/span[3]/span[2])[" + i + "]": null

2018-07-05 20:50:13 - [TEST_STEP][PASSED] - Statement - println(groupXpath): null

2018-07-05 20:50:13 - [TEST_STEP][PASSED] - Statement - childgroup = driver.findElement(org.openqa.selenium.By.xpath(groupXpath)).getText(): null

2018-07-05 20:50:13 - [TEST_STEP][PASSED] - Statement - println(childgroup): null

2018-07-05 20:50:13 - [TEST_STEP][PASSED] - Statement - subGroupList[i - 1] = childgroup: null

2018-07-05 20:50:13 - [TEST_STEP][PASSED] - Statement - groupXpath = "(//span[@title='" + groupName + "']/following-sibling::ul/li/span[3]/span[2])[" + i + "]": null

2018-07-05 20:50:13 - [TEST_STEP][PASSED] - Statement - println(groupXpath): null

2018-07-05 20:50:13 - [TEST_STEP][PASSED] - Statement - childgroup = driver.findElement(org.openqa.selenium.By.xpath(groupXpath)).getText(): null

2018-07-05 20:50:13 - [TEST_STEP][PASSED] - Statement - println(childgroup): null

2018-07-05 20:50:13 - [TEST_STEP][PASSED] - Statement - subGroupList[i - 1] = childgroup: null

2018-07-05 20:50:13 - [TEST_STEP][PASSED] - Statement - groupXpath = "(//span[@title='" + groupName + "']/following-sibling::ul/li/span[3]/span[2])[" + i + "]": null

2018-07-05 20:50:13 - [TEST_STEP][PASSED] - Statement - println(groupXpath): null

2018-07-05 20:50:13 - [TEST_STEP][PASSED] - Statement - childgroup = driver.findElement(org.openqa.selenium.By.xpath(groupXpath)).getText(): null

2018-07-05 20:50:13 - [TEST_STEP][PASSED] - Statement - println(childgroup): null

2018-07-05 20:50:13 - [TEST_STEP][PASSED] - Statement - subGroupList[i - 1] = childgroup: null

2018-07-05 20:50:13 - [TEST_STEP][PASSED] - Statement - groupXpath = "(//span[@title='" + groupName + "']/following-sibling::ul/li/span[3]/span[2])[" + i + "]": null

2018-07-05 20:50:13 - [TEST_STEP][PASSED] - Statement - println(groupXpath): null

2018-07-05 20:50:13 - [TEST_STEP][PASSED] - Statement - childgroup = driver.findElement(org.openqa.selenium.By.xpath(groupXpath)).getText(): null

2018-07-05 20:50:13 - [TEST_STEP][PASSED] - Statement - println(childgroup): null

2018-07-05 20:50:13 - [TEST_STEP][PASSED] - Statement - subGroupList[i - 1] = childgroup: null

2018-07-05 20:50:13 - [TEST_STEP][PASSED] - Statement - groupXpath = "(//span[@title='" + groupName + "']/following-sibling::ul/li/span[3]/span[2])[" + i + "]": null

2018-07-05 20:50:13 - [TEST_STEP][PASSED] - Statement - println(groupXpath): null

2018-07-05 20:50:13 - [TEST_STEP][PASSED] - Statement - childgroup = driver.findElement(org.openqa.selenium.By.xpath(groupXpath)).getText(): null

2018-07-05 20:50:13 - [TEST_STEP][PASSED] - Statement - println(childgroup): null

2018-07-05 20:50:13 - [TEST_STEP][PASSED] - Statement - subGroupList[i - 1] = childgroup: null

2018-07-05 20:50:13 - [TEST_STEP][PASSED] - Statement - groupXpath = "(//span[@title='" + groupName + "']/following-sibling::ul/li/span[3]/span[2])[" + i + "]": null

2018-07-05 20:50:13 - [TEST_STEP][PASSED] - Statement - println(groupXpath): null

2018-07-05 20:50:13 - [TEST_STEP][PASSED] - Statement - childgroup = driver.findElement(org.openqa.selenium.By.xpath(groupXpath)).getText(): null

2018-07-05 20:50:13 - [TEST_STEP][PASSED] - Statement - println(childgroup): null

2018-07-05 20:50:13 - [TEST_STEP][PASSED] - Statement - subGroupList[i - 1] = childgroup: null

2018-07-05 20:50:13 - [TEST_STEP][PASSED] - Statement - groupXpath = "(//span[@title='" + groupName + "']/following-sibling::ul/li/span[3]/span[2])[" + i + "]": null

2018-07-05 20:50:13 - [TEST_STEP][PASSED] - Statement - println(groupXpath): null

2018-07-05 20:50:13 - [TEST_STEP][PASSED] - Statement - childgroup = driver.findElement(org.openqa.selenium.By.xpath(groupXpath)).getText(): null

2018-07-05 20:50:13 - [TEST_STEP][PASSED] - Statement - println(childgroup): null

2018-07-05 20:50:13 - [TEST_STEP][PASSED] - Statement - subGroupList[i - 1] = childgroup: null

2018-07-05 20:50:13 - [TEST_STEP][PASSED] - Statement - groupXpath = "(//span[@title='" + groupName + "']/following-sibling::ul/li/span[3]/span[2])[" + i + "]": null

2018-07-05 20:50:13 - [TEST_STEP][PASSED] - Statement - println(groupXpath): null

2018-07-05 20:50:13 - [TEST_STEP][PASSED] - Statement - childgroup = driver.findElement(org.openqa.selenium.By.xpath(groupXpath)).getText(): null

2018-07-05 20:50:13 - [TEST_STEP][PASSED] - Statement - println(childgroup): null

2018-07-05 20:50:13 - [TEST_STEP][PASSED] - Statement - subGroupList[i - 1] = childgroup: null

2018-07-05 20:50:13 - [TEST_STEP][PASSED] - Statement - groupXpath = "(//span[@title='" + groupName + "']/following-sibling::ul/li/span[3]/span[2])[" + i + "]": null

2018-07-05 20:50:13 - [TEST_STEP][PASSED] - Statement - println(groupXpath): null

2018-07-05 20:50:13 - [TEST_STEP][PASSED] - Statement - childgroup = driver.findElement(org.openqa.selenium.By.xpath(groupXpath)).getText(): null

2018-07-05 20:50:13 - [TEST_STEP][PASSED] - Statement - println(childgroup): null

2018-07-05 20:50:13 - [TEST_STEP][PASSED] - Statement - subGroupList[i - 1] = childgroup: null

2018-07-05 20:50:13 - [TEST_STEP][PASSED] - Statement - groupXpath = "(//span[@title='" + groupName + "']/following-sibling::ul/li/span[3]/span[2])[" + i + "]": null

2018-07-05 20:50:13 - [TEST_STEP][PASSED] - Statement - println(groupXpath): null

2018-07-05 20:50:13 - [TEST_STEP][PASSED] - Statement - childgroup = driver.findElement(org.openqa.selenium.By.xpath(groupXpath)).getText(): null

2018-07-05 20:50:14 - [TEST_STEP][PASSED] - Statement - println(childgroup): null

2018-07-05 20:50:14 - [TEST_STEP][PASSED] - Statement - subGroupList[i - 1] = childgroup: null

2018-07-05 20:50:14 - [TEST_STEP][PASSED] - Statement - groupXpath = "(//span[@title='" + groupName + "']/following-sibling::ul/li/span[3]/span[2])[" + i + "]": null

2018-07-05 20:50:14 - [TEST_STEP][PASSED] - Statement - println(groupXpath): null

2018-07-05 20:50:14 - [TEST_STEP][PASSED] - Statement - childgroup = driver.findElement(org.openqa.selenium.By.xpath(groupXpath)).getText(): null

2018-07-05 20:50:14 - [TEST_STEP][PASSED] - Statement - println(childgroup): null

2018-07-05 20:50:14 - [TEST_STEP][PASSED] - Statement - subGroupList[i - 1] = childgroup: null

2018-07-05 20:50:14 - [TEST_STEP][PASSED] - Statement - groupXpath = "(//span[@title='" + groupName + "']/following-sibling::ul/li/span[3]/span[2])[" + i + "]": null

2018-07-05 20:50:14 - [TEST_STEP][PASSED] - Statement - println(groupXpath): null

2018-07-05 20:50:14 - [TEST_STEP][PASSED] - Statement - childgroup = driver.findElement(org.openqa.selenium.By.xpath(groupXpath)).getText(): null

2018-07-05 20:50:14 - [TEST_STEP][PASSED] - Statement - println(childgroup): null

2018-07-05 20:50:14 - [TEST_STEP][PASSED] - Statement - subGroupList[i - 1] = childgroup: null

2018-07-05 20:50:14 - [TEST_STEP][PASSED] - Statement - groupXpath = "(//span[@title='" + groupName + "']/following-sibling::ul/li/span[3]/span[2])[" + i + "]": null

2018-07-05 20:50:14 - [TEST_STEP][PASSED] - Statement - println(groupXpath): null

2018-07-05 20:50:14 - [TEST_STEP][PASSED] - Statement - childgroup = driver.findElement(org.openqa.selenium.By.xpath(groupXpath)).getText(): null

2018-07-05 20:50:14 - [TEST_STEP][PASSED] - Statement - println(childgroup): null

2018-07-05 20:50:14 - [TEST_STEP][PASSED] - Statement - subGroupList[i - 1] = childgroup: null

2018-07-05 20:50:14 - [TEST_STEP][PASSED] - Statement - groupXpath = "(//span[@title='" + groupName + "']/following-sibling::ul/li/span[3]/span[2])[" + i + "]": null

2018-07-05 20:50:14 - [TEST_STEP][PASSED] - Statement - println(groupXpath): null

2018-07-05 20:50:14 - [TEST_STEP][PASSED] - Statement - childgroup = driver.findElement(org.openqa.selenium.By.xpath(groupXpath)).getText(): null

2018-07-05 20:50:14 - [TEST_STEP][PASSED] - Statement - println(childgroup): null

2018-07-05 20:50:14 - [TEST_STEP][PASSED] - Statement - subGroupList[i - 1] = childgroup: null

2018-07-05 20:50:14 - [TEST_STEP][PASSED] - Statement - groupXpath = "(//span[@title='" + groupName + "']/following-sibling::ul/li/span[3]/span[2])[" + i + "]": null

2018-07-05 20:50:14 - [TEST_STEP][PASSED] - Statement - println(groupXpath): null

2018-07-05 20:50:14 - [TEST_STEP][PASSED] - Statement - childgroup = driver.findElement(org.openqa.selenium.By.xpath(groupXpath)).getText(): null

2018-07-05 20:50:14 - [TEST_STEP][PASSED] - Statement - println(childgroup): null

2018-07-05 20:50:14 - [TEST_STEP][PASSED] - Statement - subGroupList[i - 1] = childgroup: null

2018-07-05 20:50:14 - [TEST_STEP][PASSED] - Statement - groupXpath = "(//span[@title='" + groupName + "']/following-sibling::ul/li/span[3]/span[2])[" + i + "]": null

2018-07-05 20:50:14 - [TEST_STEP][PASSED] - Statement - println(groupXpath): null

2018-07-05 20:50:14 - [TEST_STEP][PASSED] - Statement - childgroup = driver.findElement(org.openqa.selenium.By.xpath(groupXpath)).getText(): null

2018-07-05 20:50:14 - [TEST_STEP][PASSED] - Statement - println(childgroup): null

2018-07-05 20:50:14 - [TEST_STEP][PASSED] - Statement - subGroupList[i - 1] = childgroup: null

2018-07-05 20:50:14 - [TEST_STEP][PASSED] - Statement - groupXpath = "(//span[@title='" + groupName + "']/following-sibling::ul/li/span[3]/span[2])[" + i + "]": null

2018-07-05 20:50:14 - [TEST_STEP][PASSED] - Statement - println(groupXpath): null

2018-07-05 20:50:14 - [TEST_STEP][PASSED] - Statement - childgroup = driver.findElement(org.openqa.selenium.By.xpath(groupXpath)).getText(): null

2018-07-05 20:50:14 - [TEST_STEP][PASSED] - Statement - println(childgroup): null

2018-07-05 20:50:14 - [TEST_STEP][PASSED] - Statement - subGroupList[i - 1] = childgroup: null

2018-07-05 20:50:14 - [TEST_STEP][PASSED] - Statement - groupXpath = "(//span[@title='" + groupName + "']/following-sibling::ul/li/span[3]/span[2])[" + i + "]": null

2018-07-05 20:50:14 - [TEST_STEP][PASSED] - Statement - println(groupXpath): null

2018-07-05 20:50:14 - [TEST_STEP][PASSED] - Statement - childgroup = driver.findElement(org.openqa.selenium.By.xpath(groupXpath)).getText(): null

2018-07-05 20:50:14 - [TEST_STEP][PASSED] - Statement - println(childgroup): null

2018-07-05 20:50:14 - [TEST_STEP][PASSED] - Statement - subGroupList[i - 1] = childgroup: null

2018-07-05 20:50:14 - [TEST_STEP][PASSED] - Statement - groupXpath = "(//span[@title='" + groupName + "']/following-sibling::ul/li/span[3]/span[2])[" + i + "]": null

2018-07-05 20:50:14 - [TEST_STEP][PASSED] - Statement - println(groupXpath): null

2018-07-05 20:50:14 - [TEST_STEP][PASSED] - Statement - childgroup = driver.findElement(org.openqa.selenium.By.xpath(groupXpath)).getText(): null

2018-07-05 20:50:14 - [TEST_STEP][PASSED] - Statement - println(childgroup): null

2018-07-05 20:50:14 - [TEST_STEP][PASSED] - Statement - subGroupList[i - 1] = childgroup: null

2018-07-05 20:50:14 - [TEST_STEP][PASSED] - Statement - groupXpath = "(//span[@title='" + groupName + "']/following-sibling::ul/li/span[3]/span[2])[" + i + "]": null

2018-07-05 20:50:14 - [TEST_STEP][PASSED] - Statement - println(groupXpath): null

2018-07-05 20:50:14 - [TEST_STEP][PASSED] - Statement - childgroup = driver.findElement(org.openqa.selenium.By.xpath(groupXpath)).getText(): null

2018-07-05 20:50:14 - [TEST_STEP][PASSED] - Statement - println(childgroup): null

2018-07-05 20:50:14 - [TEST_STEP][PASSED] - Statement - subGroupList[i - 1] = childgroup: null

2018-07-05 20:50:14 - [TEST_STEP][PASSED] - Statement - groupXpath = "(//span[@title='" + groupName + "']/following-sibling::ul/li/span[3]/span[2])[" + i + "]": null

2018-07-05 20:50:14 - [TEST_STEP][PASSED] - Statement - println(groupXpath): null

2018-07-05 20:50:14 - [TEST_STEP][PASSED] - Statement - childgroup = driver.findElement(org.openqa.selenium.By.xpath(groupXpath)).getText(): null

2018-07-05 20:50:14 - [TEST_STEP][PASSED] - Statement - println(childgroup): null

2018-07-05 20:50:14 - [TEST_STEP][PASSED] - Statement - subGroupList[i - 1] = childgroup: null

2018-07-05 20:50:14 - [TEST_STEP][PASSED] - Statement - groupXpath = "(//span[@title='" + groupName + "']/following-sibling::ul/li/span[3]/span[2])[" + i + "]": null

2018-07-05 20:50:14 - [TEST_STEP][PASSED] - Statement - println(groupXpath): null

2018-07-05 20:50:14 - [TEST_STEP][PASSED] - Statement - childgroup = driver.findElement(org.openqa.selenium.By.xpath(groupXpath)).getText(): null

2018-07-05 20:50:14 - [TEST_STEP][PASSED] - Statement - println(childgroup): null

2018-07-05 20:50:14 - [TEST_STEP][PASSED] - Statement - subGroupList[i - 1] = childgroup: null

2018-07-05 20:50:14 - [TEST_STEP][PASSED] - Statement - groupXpath = "(//span[@title='" + groupName + "']/following-sibling::ul/li/span[3]/span[2])[" + i + "]": null

2018-07-05 20:50:14 - [TEST_STEP][PASSED] - Statement - println(groupXpath): null

2018-07-05 20:50:14 - [TEST_STEP][PASSED] - Statement - childgroup = driver.findElement(org.openqa.selenium.By.xpath(groupXpath)).getText(): null

2018-07-05 20:50:14 - [TEST_STEP][PASSED] - Statement - println(childgroup): null

2018-07-05 20:50:14 - [TEST_STEP][PASSED] - Statement - subGroupList[i - 1] = childgroup: null

2018-07-05 20:50:14 - [TEST_STEP][PASSED] - Statement - groupXpath = "(//span[@title='" + groupName + "']/following-sibling::ul/li/span[3]/span[2])[" + i + "]": null

2018-07-05 20:50:14 - [TEST_STEP][PASSED] - Statement - println(groupXpath): null

2018-07-05 20:50:14 - [TEST_STEP][PASSED] - Statement - childgroup = driver.findElement(org.openqa.selenium.By.xpath(groupXpath)).getText(): null

2018-07-05 20:50:14 - [TEST_STEP][PASSED] - Statement - println(childgroup): null

2018-07-05 20:50:14 - [TEST_STEP][PASSED] - Statement - subGroupList[i - 1] = childgroup: null

2018-07-05 20:50:14 - [TEST_STEP][PASSED] - Statement - groupXpath = "(//span[@title='" + groupName + "']/following-sibling::ul/li/span[3]/span[2])[" + i + "]": null

2018-07-05 20:50:14 - [TEST_STEP][PASSED] - Statement - println(groupXpath): null

2018-07-05 20:50:14 - [TEST_STEP][PASSED] - Statement - childgroup = driver.findElement(org.openqa.selenium.By.xpath(groupXpath)).getText(): null

2018-07-05 20:50:14 - [TEST_STEP][PASSED] - Statement - println(childgroup): null

2018-07-05 20:50:14 - [TEST_STEP][PASSED] - Statement - subGroupList[i - 1] = childgroup: null

2018-07-05 20:50:14 - [TEST_STEP][PASSED] - Statement - groupXpath = "(//span[@title='" + groupName + "']/following-sibling::ul/li/span[3]/span[2])[" + i + "]": null

2018-07-05 20:50:14 - [TEST_STEP][PASSED] - Statement - println(groupXpath): null

2018-07-05 20:50:14 - [TEST_STEP][PASSED] - Statement - childgroup = driver.findElement(org.openqa.selenium.By.xpath(groupXpath)).getText(): null

2018-07-05 20:50:14 - [TEST_STEP][PASSED] - Statement - println(childgroup): null

2018-07-05 20:50:14 - [TEST_STEP][PASSED] - Statement - subGroupList[i - 1] = childgroup: null

2018-07-05 20:50:14 - [TEST_STEP][PASSED] - Statement - groupXpath = "(//span[@title='" + groupName + "']/following-sibling::ul/li/span[3]/span[2])[" + i + "]": null

2018-07-05 20:50:14 - [TEST_STEP][PASSED] - Statement - println(groupXpath): null

2018-07-05 20:50:14 - [TEST_STEP][PASSED] - Statement - childgroup = driver.findElement(org.openqa.selenium.By.xpath(groupXpath)).getText(): null

2018-07-05 20:50:14 - [TEST_STEP][PASSED] - Statement - println(childgroup): null

2018-07-05 20:50:14 - [TEST_STEP][PASSED] - Statement - subGroupList[i - 1] = childgroup: null

2018-07-05 20:50:14 - [TEST_STEP][PASSED] - Statement - groupXpath = "(//span[@title='" + groupName + "']/following-sibling::ul/li/span[3]/span[2])[" + i + "]": null

2018-07-05 20:50:14 - [TEST_STEP][PASSED] - Statement - println(groupXpath): null

2018-07-05 20:50:14 - [TEST_STEP][PASSED] - Statement - childgroup = driver.findElement(org.openqa.selenium.By.xpath(groupXpath)).getText(): null

2018-07-05 20:50:14 - [TEST_STEP][PASSED] - Statement - println(childgroup): null

2018-07-05 20:50:14 - [TEST_STEP][PASSED] - Statement - subGroupList[i - 1] = childgroup: null

2018-07-05 20:50:14 - [TEST_STEP][PASSED] - Statement - groupXpath = "(//span[@title='" + groupName + "']/following-sibling::ul/li/span[3]/span[2])[" + i + "]": null

2018-07-05 20:50:14 - [TEST_STEP][PASSED] - Statement - println(groupXpath): null

2018-07-05 20:50:14 - [TEST_STEP][PASSED] - Statement - childgroup = driver.findElement(org.openqa.selenium.By.xpath(groupXpath)).getText(): null

2018-07-05 20:50:14 - [TEST_STEP][PASSED] - Statement - println(childgroup): null

2018-07-05 20:50:14 - [TEST_STEP][PASSED] - Statement - subGroupList[i - 1] = childgroup: null

2018-07-05 20:50:14 - [TEST_STEP][PASSED] - Statement - groupXpath = "(//span[@title='" + groupName + "']/following-sibling::ul/li/span[3]/span[2])[" + i + "]": null

2018-07-05 20:50:14 - [TEST_STEP][PASSED] - Statement - println(groupXpath): null

2018-07-05 20:50:14 - [TEST_STEP][PASSED] - Statement - childgroup = driver.findElement(org.openqa.selenium.By.xpath(groupXpath)).getText(): null

2018-07-05 20:50:14 - [TEST_STEP][PASSED] - Statement - println(childgroup): null

2018-07-05 20:50:14 - [TEST_STEP][PASSED] - Statement - subGroupList[i - 1] = childgroup: null

2018-07-05 20:50:14 - [TEST_STEP][PASSED] - Statement - groupXpath = "(//span[@title='" + groupName + "']/following-sibling::ul/li/span[3]/span[2])[" + i + "]": null

2018-07-05 20:50:14 - [TEST_STEP][PASSED] - Statement - println(groupXpath): null

2018-07-05 20:50:14 - [TEST_STEP][PASSED] - Statement - childgroup = driver.findElement(org.openqa.selenium.By.xpath(groupXpath)).getText(): null

2018-07-05 20:50:14 - [TEST_STEP][PASSED] - Statement - println(childgroup): null

2018-07-05 20:50:14 - [TEST_STEP][PASSED] - Statement - subGroupList[i - 1] = childgroup: null

2018-07-05 20:50:14 - [TEST_STEP][PASSED] - Statement - groupXpath = "(//span[@title='" + groupName + "']/following-sibling::ul/li/span[3]/span[2])[" + i + "]": null

2018-07-05 20:50:14 - [TEST_STEP][PASSED] - Statement - println(groupXpath): null

2018-07-05 20:50:14 - [TEST_STEP][PASSED] - Statement - childgroup = driver.findElement(org.openqa.selenium.By.xpath(groupXpath)).getText(): null

2018-07-05 20:50:14 - [TEST_STEP][PASSED] - Statement - println(childgroup): null

2018-07-05 20:50:14 - [TEST_STEP][PASSED] - Statement - subGroupList[i - 1] = childgroup: null

2018-07-05 20:50:14 - [TEST_STEP][PASSED] - Statement - groupXpath = "(//span[@title='" + groupName + "']/following-sibling::ul/li/span[3]/span[2])[" + i + "]": null

2018-07-05 20:50:14 - [TEST_STEP][PASSED] - Statement - println(groupXpath): null

2018-07-05 20:50:14 - [TEST_STEP][PASSED] - Statement - childgroup = driver.findElement(org.openqa.selenium.By.xpath(groupXpath)).getText(): null

2018-07-05 20:50:14 - [TEST_STEP][PASSED] - Statement - println(childgroup): null

2018-07-05 20:50:14 - [TEST_STEP][PASSED] - Statement - subGroupList[i - 1] = childgroup: null

2018-07-05 20:50:14 - [TEST_STEP][PASSED] - Statement - groupXpath = "(//span[@title='" + groupName + "']/following-sibling::ul/li/span[3]/span[2])[" + i + "]": null

2018-07-05 20:50:14 - [TEST_STEP][PASSED] - Statement - println(groupXpath): null

2018-07-05 20:50:14 - [TEST_STEP][PASSED] - Statement - childgroup = driver.findElement(org.openqa.selenium.By.xpath(groupXpath)).getText(): null

2018-07-05 20:50:14 - [TEST_STEP][PASSED] - Statement - println(childgroup): null

2018-07-05 20:50:14 - [TEST_STEP][PASSED] - Statement - subGroupList[i - 1] = childgroup: null

2018-07-05 20:50:14 - [TEST_STEP][PASSED] - Statement - groupXpath = "(//span[@title='" + groupName + "']/following-sibling::ul/li/span[3]/span[2])[" + i + "]": null

2018-07-05 20:50:14 - [TEST_STEP][PASSED] - Statement - println(groupXpath): null

2018-07-05 20:50:14 - [TEST_STEP][PASSED] - Statement - childgroup = driver.findElement(org.openqa.selenium.By.xpath(groupXpath)).getText(): null

2018-07-05 20:50:14 - [TEST_STEP][PASSED] - Statement - println(childgroup): null

2018-07-05 20:50:14 - [TEST_STEP][PASSED] - Statement - subGroupList[i - 1] = childgroup: null

2018-07-05 20:50:14 - [TEST_STEP][PASSED] - Statement - groupXpath = "(//span[@title='" + groupName + "']/following-sibling::ul/li/span[3]/span[2])[" + i + "]": null

2018-07-05 20:50:14 - [TEST_STEP][PASSED] - Statement - println(groupXpath): null

2018-07-05 20:50:14 - [TEST_STEP][PASSED] - Statement - childgroup = driver.findElement(org.openqa.selenium.By.xpath(groupXpath)).getText(): null

2018-07-05 20:50:14 - [TEST_STEP][PASSED] - Statement - println(childgroup): null

2018-07-05 20:50:14 - [TEST_STEP][PASSED] - Statement - subGroupList[i - 1] = childgroup: null

2018-07-05 20:50:14 - [TEST_STEP][PASSED] - Statement - groupXpath = "(//span[@title='" + groupName + "']/following-sibling::ul/li/span[3]/span[2])[" + i + "]": null

2018-07-05 20:50:14 - [TEST_STEP][PASSED] - Statement - println(groupXpath): null

2018-07-05 20:50:14 - [TEST_STEP][PASSED] - Statement - childgroup = driver.findElement(org.openqa.selenium.By.xpath(groupXpath)).getText(): null

2018-07-05 20:50:14 - [TEST_STEP][PASSED] - Statement - println(childgroup): null

2018-07-05 20:50:14 - [TEST_STEP][PASSED] - Statement - subGroupList[i - 1] = childgroup: null

2018-07-05 20:50:14 - [TEST_STEP][PASSED] - Statement - groupXpath = "(//span[@title='" + groupName + "']/following-sibling::ul/li/span[3]/span[2])[" + i + "]": null

2018-07-05 20:50:14 - [TEST_STEP][PASSED] - Statement - println(groupXpath): null

2018-07-05 20:50:14 - [TEST_STEP][PASSED] - Statement - childgroup = driver.findElement(org.openqa.selenium.By.xpath(groupXpath)).getText(): null

2018-07-05 20:50:14 - [TEST_STEP][PASSED] - Statement - println(childgroup): null

2018-07-05 20:50:14 - [TEST_STEP][PASSED] - Statement - subGroupList[i - 1] = childgroup: null

2018-07-05 20:50:14 - [TEST_STEP][PASSED] - Statement - groupXpath = "(//span[@title='" + groupName + "']/following-sibling::ul/li/span[3]/span[2])[" + i + "]": null

2018-07-05 20:50:14 - [TEST_STEP][PASSED] - Statement - println(groupXpath): null

2018-07-05 20:50:14 - [TEST_STEP][PASSED] - Statement - childgroup = driver.findElement(org.openqa.selenium.By.xpath(groupXpath)).getText(): null

2018-07-05 20:50:14 - [TEST_STEP][PASSED] - Statement - println(childgroup): null

2018-07-05 20:50:14 - [TEST_STEP][PASSED] - Statement - subGroupList[i - 1] = childgroup: null

2018-07-05 20:50:14 - [TEST_STEP][PASSED] - Statement - groupXpath = "(//span[@title='" + groupName + "']/following-sibling::ul/li/span[3]/span[2])[" + i + "]": null

2018-07-05 20:50:14 - [TEST_STEP][PASSED] - Statement - println(groupXpath): null

2018-07-05 20:50:14 - [TEST_STEP][PASSED] - Statement - childgroup = driver.findElement(org.openqa.selenium.By.xpath(groupXpath)).getText(): null

2018-07-05 20:50:14 - [TEST_STEP][PASSED] - Statement - println(childgroup): null

2018-07-05 20:50:14 - [TEST_STEP][PASSED] - Statement - subGroupList[i - 1] = childgroup: null

2018-07-05 20:50:14 - [TEST_STEP][PASSED] - Statement - groupXpath = "(//span[@title='" + groupName + "']/following-sibling::ul/li/span[3]/span[2])[" + i + "]": null

2018-07-05 20:50:14 - [TEST_STEP][PASSED] - Statement - println(groupXpath): null

2018-07-05 20:50:14 - [TEST_STEP][PASSED] - Statement - childgroup = driver.findElement(org.openqa.selenium.By.xpath(groupXpath)).getText(): null

2018-07-05 20:50:14 - [TEST_STEP][PASSED] - Statement - println(childgroup): null

2018-07-05 20:50:14 - [TEST_STEP][PASSED] - Statement - subGroupList[i - 1] = childgroup: null

2018-07-05 20:50:14 - [TEST_STEP][PASSED] - Statement - groupXpath = "(//span[@title='" + groupName + "']/following-sibling::ul/li/span[3]/span[2])[" + i + "]": null

2018-07-05 20:50:14 - [TEST_STEP][PASSED] - Statement - println(groupXpath): null

2018-07-05 20:50:14 - [TEST_STEP][PASSED] - Statement - childgroup = driver.findElement(org.openqa.selenium.By.xpath(groupXpath)).getText(): null

2018-07-05 20:50:14 - [TEST_STEP][PASSED] - Statement - println(childgroup): null

2018-07-05 20:50:14 - [TEST_STEP][PASSED] - Statement - subGroupList[i - 1] = childgroup: null

2018-07-05 20:50:14 - [TEST_STEP][PASSED] - Statement - groupXpath = "(//span[@title='" + groupName + "']/following-sibling::ul/li/span[3]/span[2])[" + i + "]": null

2018-07-05 20:50:14 - [TEST_STEP][PASSED] - Statement - println(groupXpath): null

2018-07-05 20:50:14 - [TEST_STEP][PASSED] - Statement - childgroup = driver.findElement(org.openqa.selenium.By.xpath(groupXpath)).getText(): null

2018-07-05 20:50:14 - [TEST_STEP][PASSED] - Statement - println(childgroup): null

2018-07-05 20:50:14 - [TEST_STEP][PASSED] - Statement - subGroupList[i - 1] = childgroup: null

2018-07-05 20:50:14 - [TEST_STEP][PASSED] - Statement - groupXpath = "(//span[@title='" + groupName + "']/following-sibling::ul/li/span[3]/span[2])[" + i + "]": null

2018-07-05 20:50:14 - [TEST_STEP][PASSED] - Statement - println(groupXpath): null

2018-07-05 20:50:14 - [TEST_STEP][PASSED] - Statement - childgroup = driver.findElement(org.openqa.selenium.By.xpath(groupXpath)).getText(): null

2018-07-05 20:50:15 - [TEST_STEP][PASSED] - Statement - println(childgroup): null

2018-07-05 20:50:15 - [TEST_STEP][PASSED] - Statement - subGroupList[i - 1] = childgroup: null

2018-07-05 20:50:15 - [TEST_STEP][PASSED] - Statement - groupXpath = "(//span[@title='" + groupName + "']/following-sibling::ul/li/span[3]/span[2])[" + i + "]": null

2018-07-05 20:50:15 - [TEST_STEP][PASSED] - Statement - println(groupXpath): null

2018-07-05 20:50:15 - [TEST_STEP][PASSED] - Statement - childgroup = driver.findElement(org.openqa.selenium.By.xpath(groupXpath)).getText(): null

2018-07-05 20:50:15 - [TEST_STEP][PASSED] - Statement - println(childgroup): null

2018-07-05 20:50:15 - [TEST_STEP][PASSED] - Statement - subGroupList[i - 1] = childgroup: null

2018-07-05 20:50:15 - [TEST_STEP][PASSED] - Statement - groupXpath = "(//span[@title='" + groupName + "']/following-sibling::ul/li/span[3]/span[2])[" + i + "]": null

2018-07-05 20:50:15 - [TEST_STEP][PASSED] - Statement - println(groupXpath): null

2018-07-05 20:50:15 - [TEST_STEP][PASSED] - Statement - childgroup = driver.findElement(org.openqa.selenium.By.xpath(groupXpath)).getText(): null

2018-07-05 20:50:15 - [TEST_STEP][PASSED] - Statement - println(childgroup): null

2018-07-05 20:50:15 - [TEST_STEP][PASSED] - Statement - subGroupList[i - 1] = childgroup: null

2018-07-05 20:50:15 - [TEST_STEP][PASSED] - Statement - groupXpath = "(//span[@title='" + groupName + "']/following-sibling::ul/li/span[3]/span[2])[" + i + "]": null

2018-07-05 20:50:15 - [TEST_STEP][PASSED] - Statement - println(groupXpath): null

2018-07-05 20:50:15 - [TEST_STEP][PASSED] - Statement - childgroup = driver.findElement(org.openqa.selenium.By.xpath(groupXpath)).getText(): null

2018-07-05 20:50:15 - [TEST_STEP][PASSED] - Statement - println(childgroup): null

2018-07-05 20:50:15 - [TEST_STEP][PASSED] - Statement - subGroupList[i - 1] = childgroup: null

2018-07-05 20:50:15 - [TEST_STEP][PASSED] - Statement - groupXpath = "(//span[@title='" + groupName + "']/following-sibling::ul/li/span[3]/span[2])[" + i + "]": null

2018-07-05 20:50:15 - [TEST_STEP][PASSED] - Statement - println(groupXpath): null

2018-07-05 20:50:15 - [TEST_STEP][PASSED] - Statement - childgroup = driver.findElement(org.openqa.selenium.By.xpath(groupXpath)).getText(): null

2018-07-05 20:50:15 - [TEST_STEP][PASSED] - Statement - println(childgroup): null

2018-07-05 20:50:15 - [TEST_STEP][PASSED] - Statement - subGroupList[i - 1] = childgroup: null

2018-07-05 20:50:15 - [TEST_STEP][PASSED] - Statement - groupXpath = "(//span[@title='" + groupName + "']/following-sibling::ul/li/span[3]/span[2])[" + i + "]": null

2018-07-05 20:50:15 - [TEST_STEP][PASSED] - Statement - println(groupXpath): null

2018-07-05 20:50:15 - [TEST_STEP][PASSED] - Statement - childgroup = driver.findElement(org.openqa.selenium.By.xpath(groupXpath)).getText(): null

2018-07-05 20:50:15 - [TEST_STEP][PASSED] - Statement - println(childgroup): null

2018-07-05 20:50:15 - [TEST_STEP][PASSED] - Statement - subGroupList[i - 1] = childgroup: null

2018-07-05 20:50:15 - [TEST_STEP][PASSED] - Statement - groupXpath = "(//span[@title='" + groupName + "']/following-sibling::ul/li/span[3]/span[2])[" + i + "]": null

2018-07-05 20:50:15 - [TEST_STEP][PASSED] - Statement - println(groupXpath): null

2018-07-05 20:50:15 - [TEST_STEP][PASSED] - Statement - childgroup = driver.findElement(org.openqa.selenium.By.xpath(groupXpath)).getText(): null

2018-07-05 20:50:15 - [TEST_STEP][PASSED] - Statement - println(childgroup): null

2018-07-05 20:50:15 - [TEST_STEP][PASSED] - Statement - subGroupList[i - 1] = childgroup: null

2018-07-05 20:50:15 - [TEST_STEP][PASSED] - Statement - groupXpath = "(//span[@title='" + groupName + "']/following-sibling::ul/li/span[3]/span[2])[" + i + "]": null

2018-07-05 20:50:15 - [TEST_STEP][PASSED] - Statement - println(groupXpath): null

2018-07-05 20:50:15 - [TEST_STEP][PASSED] - Statement - childgroup = driver.findElement(org.openqa.selenium.By.xpath(groupXpath)).getText(): null

2018-07-05 20:50:15 - [TEST_STEP][PASSED] - Statement - println(childgroup): null

2018-07-05 20:50:15 - [TEST_STEP][PASSED] - Statement - subGroupList[i - 1] = childgroup: null

2018-07-05 20:50:15 - [TEST_STEP][PASSED] - Statement - groupXpath = "(//span[@title='" + groupName + "']/following-sibling::ul/li/span[3]/span[2])[" + i + "]": null

2018-07-05 20:50:15 - [TEST_STEP][PASSED] - Statement - println(groupXpath): null

2018-07-05 20:50:15 - [TEST_STEP][PASSED] - Statement - childgroup = driver.findElement(org.openqa.selenium.By.xpath(groupXpath)).getText(): null

2018-07-05 20:50:15 - [TEST_STEP][PASSED] - Statement - println(childgroup): null

2018-07-05 20:50:15 - [TEST_STEP][PASSED] - Statement - subGroupList[i - 1] = childgroup: null

2018-07-05 20:50:15 - [TEST_STEP][PASSED] - Statement - groupXpath = "(//span[@title='" + groupName + "']/following-sibling::ul/li/span[3]/span[2])[" + i + "]": null

2018-07-05 20:50:15 - [TEST_STEP][PASSED] - Statement - println(groupXpath): null

2018-07-05 20:50:15 - [TEST_STEP][PASSED] - Statement - childgroup = driver.findElement(org.openqa.selenium.By.xpath(groupXpath)).getText(): null

2018-07-05 20:50:15 - [TEST_STEP][PASSED] - Statement - println(childgroup): null

2018-07-05 20:50:15 - [TEST_STEP][PASSED] - Statement - subGroupList[i - 1] = childgroup: null

2018-07-05 20:50:15 - [TEST_STEP][PASSED] - Statement - groupXpath = "(//span[@title='" + groupName + "']/following-sibling::ul/li/span[3]/span[2])[" + i + "]": null

2018-07-05 20:50:15 - [TEST_STEP][PASSED] - Statement - println(groupXpath): null

2018-07-05 20:50:15 - [TEST_STEP][PASSED] - Statement - childgroup = driver.findElement(org.openqa.selenium.By.xpath(groupXpath)).getText(): null

2018-07-05 20:50:15 - [TEST_STEP][PASSED] - Statement - println(childgroup): null

2018-07-05 20:50:15 - [TEST_STEP][PASSED] - Statement - subGroupList[i - 1] = childgroup: null

2018-07-05 20:50:15 - [TEST_STEP][PASSED] - Statement - groupXpath = "(//span[@title='" + groupName + "']/following-sibling::ul/li/span[3]/span[2])[" + i + "]": null

2018-07-05 20:50:15 - [TEST_STEP][PASSED] - Statement - println(groupXpath): null

2018-07-05 20:50:15 - [TEST_STEP][PASSED] - Statement - childgroup = driver.findElement(org.openqa.selenium.By.xpath(groupXpath)).getText(): null

2018-07-05 20:50:15 - [TEST_STEP][PASSED] - Statement - println(childgroup): null

2018-07-05 20:50:15 - [TEST_STEP][PASSED] - Statement - subGroupList[i - 1] = childgroup: null

2018-07-05 20:50:15 - [TEST_STEP][PASSED] - Statement - groupXpath = "(//span[@title='" + groupName + "']/following-sibling::ul/li/span[3]/span[2])[" + i + "]": null

2018-07-05 20:50:15 - [TEST_STEP][PASSED] - Statement - println(groupXpath): null

2018-07-05 20:50:15 - [TEST_STEP][PASSED] - Statement - childgroup = driver.findElement(org.openqa.selenium.By.xpath(groupXpath)).getText(): null

2018-07-05 20:50:15 - [TEST_STEP][PASSED] - Statement - println(childgroup): null

2018-07-05 20:50:15 - [TEST_STEP][PASSED] - Statement - subGroupList[i - 1] = childgroup: null

2018-07-05 20:50:15 - [TEST_STEP][PASSED] - Statement - groupXpath = "(//span[@title='" + groupName + "']/following-sibling::ul/li/span[3]/span[2])[" + i + "]": null

2018-07-05 20:50:15 - [TEST_STEP][PASSED] - Statement - println(groupXpath): null

2018-07-05 20:50:15 - [TEST_STEP][PASSED] - Statement - childgroup = driver.findElement(org.openqa.selenium.By.xpath(groupXpath)).getText(): null

2018-07-05 20:50:15 - [TEST_STEP][PASSED] - Statement - println(childgroup): null

2018-07-05 20:50:15 - [TEST_STEP][PASSED] - Statement - subGroupList[i - 1] = childgroup: null

2018-07-05 20:50:15 - [TEST_STEP][PASSED] - Statement - groupXpath = "(//span[@title='" + groupName + "']/following-sibling::ul/li/span[3]/span[2])[" + i + "]": null

2018-07-05 20:50:15 - [TEST_STEP][PASSED] - Statement - println(groupXpath): null

2018-07-05 20:50:15 - [TEST_STEP][PASSED] - Statement - childgroup = driver.findElement(org.openqa.selenium.By.xpath(groupXpath)).getText(): null

2018-07-05 20:50:15 - [TEST_STEP][PASSED] - Statement - println(childgroup): null

2018-07-05 20:50:15 - [TEST_STEP][PASSED] - Statement - subGroupList[i - 1] = childgroup: null

2018-07-05 20:50:15 - [TEST_STEP][PASSED] - Statement - groupXpath = "(//span[@title='" + groupName + "']/following-sibling::ul/li/span[3]/span[2])[" + i + "]": null

2018-07-05 20:50:15 - [TEST_STEP][PASSED] - Statement - println(groupXpath): null

2018-07-05 20:50:15 - [TEST_STEP][PASSED] - Statement - childgroup = driver.findElement(org.openqa.selenium.By.xpath(groupXpath)).getText(): null

2018-07-05 20:50:15 - [TEST_STEP][PASSED] - Statement - println(childgroup): null

2018-07-05 20:50:15 - [TEST_STEP][PASSED] - Statement - subGroupList[i - 1] = childgroup: null

2018-07-05 20:50:15 - [TEST_STEP][PASSED] - Statement - groupXpath = "(//span[@title='" + groupName + "']/following-sibling::ul/li/span[3]/span[2])[" + i + "]": null

2018-07-05 20:50:15 - [TEST_STEP][PASSED] - Statement - println(groupXpath): null

2018-07-05 20:50:15 - [TEST_STEP][PASSED] - Statement - childgroup = driver.findElement(org.openqa.selenium.By.xpath(groupXpath)).getText(): null

2018-07-05 20:50:15 - [TEST_STEP][PASSED] - Statement - println(childgroup): null

2018-07-05 20:50:15 - [TEST_STEP][PASSED] - Statement - subGroupList[i - 1] = childgroup: null

2018-07-05 20:50:15 - [TEST_STEP][PASSED] - Statement - groupXpath = "(//span[@title='" + groupName + "']/following-sibling::ul/li/span[3]/span[2])[" + i + "]": null

2018-07-05 20:50:15 - [TEST_STEP][PASSED] - Statement - println(groupXpath): null

2018-07-05 20:50:15 - [TEST_STEP][PASSED] - Statement - childgroup = driver.findElement(org.openqa.selenium.By.xpath(groupXpath)).getText(): null

2018-07-05 20:50:15 - [TEST_STEP][PASSED] - Statement - println(childgroup): null

2018-07-05 20:50:15 - [TEST_STEP][PASSED] - Statement - subGroupList[i - 1] = childgroup: null

2018-07-05 20:50:15 - [TEST_STEP][PASSED] - Statement - groupXpath = "(//span[@title='" + groupName + "']/following-sibling::ul/li/span[3]/span[2])[" + i + "]": null

2018-07-05 20:50:15 - [TEST_STEP][PASSED] - Statement - println(groupXpath): null

2018-07-05 20:50:15 - [TEST_STEP][PASSED] - Statement - childgroup = driver.findElement(org.openqa.selenium.By.xpath(groupXpath)).getText(): null

2018-07-05 20:50:15 - [TEST_STEP][PASSED] - Statement - println(childgroup): null

2018-07-05 20:50:15 - [TEST_STEP][PASSED] - Statement - subGroupList[i - 1] = childgroup: null

2018-07-05 20:50:15 - [TEST_STEP][PASSED] - Statement - groupXpath = "(//span[@title='" + groupName + "']/following-sibling::ul/li/span[3]/span[2])[" + i + "]": null

2018-07-05 20:50:15 - [TEST_STEP][PASSED] - Statement - println(groupXpath): null

2018-07-05 20:50:15 - [TEST_STEP][PASSED] - Statement - childgroup = driver.findElement(org.openqa.selenium.By.xpath(groupXpath)).getText(): null

2018-07-05 20:50:15 - [TEST_STEP][PASSED] - Statement - println(childgroup): null

2018-07-05 20:50:15 - [TEST_STEP][PASSED] - Statement - subGroupList[i - 1] = childgroup: null

2018-07-05 20:50:15 - [TEST_STEP][PASSED] - Statement - groupXpath = "(//span[@title='" + groupName + "']/following-sibling::ul/li/span[3]/span[2])[" + i + "]": null

2018-07-05 20:50:15 - [TEST_STEP][PASSED] - Statement - println(groupXpath): null

2018-07-05 20:50:15 - [TEST_STEP][PASSED] - Statement - childgroup = driver.findElement(org.openqa.selenium.By.xpath(groupXpath)).getText(): null

2018-07-05 20:50:15 - [TEST_STEP][PASSED] - Statement - println(childgroup): null

2018-07-05 20:50:15 - [TEST_STEP][PASSED] - Statement - subGroupList[i - 1] = childgroup: null

2018-07-05 20:50:15 - [TEST_STEP][PASSED] - Statement - groupXpath = "(//span[@title='" + groupName + "']/following-sibling::ul/li/span[3]/span[2])[" + i + "]": null

2018-07-05 20:50:15 - [TEST_STEP][PASSED] - Statement - println(groupXpath): null

2018-07-05 20:50:15 - [TEST_STEP][PASSED] - Statement - childgroup = driver.findElement(org.openqa.selenium.By.xpath(groupXpath)).getText(): null

2018-07-05 20:50:15 - [TEST_STEP][PASSED] - Statement - println(childgroup): null

2018-07-05 20:50:15 - [TEST_STEP][PASSED] - Statement - subGroupList[i - 1] = childgroup: null

2018-07-05 20:50:15 - [TEST_STEP][PASSED] - Statement - groupXpath = "(//span[@title='" + groupName + "']/following-sibling::ul/li/span[3]/span[2])[" + i + "]": null

2018-07-05 20:50:15 - [TEST_STEP][PASSED] - Statement - println(groupXpath): null

2018-07-05 20:50:15 - [TEST_STEP][PASSED] - Statement - childgroup = driver.findElement(org.openqa.selenium.By.xpath(groupXpath)).getText(): null

2018-07-05 20:50:15 - [TEST_STEP][PASSED] - Statement - println(childgroup): null

2018-07-05 20:50:15 - [TEST_STEP][PASSED] - Statement - subGroupList[i - 1] = childgroup: null

2018-07-05 20:50:15 - [TEST_STEP][PASSED] - Statement - groupXpath = "(//span[@title='" + groupName + "']/following-sibling::ul/li/span[3]/span[2])[" + i + "]": null

2018-07-05 20:50:15 - [TEST_STEP][PASSED] - Statement - println(groupXpath): null

2018-07-05 20:50:15 - [TEST_STEP][PASSED] - Statement - childgroup = driver.findElement(org.openqa.selenium.By.xpath(groupXpath)).getText(): null

2018-07-05 20:50:15 - [TEST_STEP][PASSED] - Statement - println(childgroup): null

2018-07-05 20:50:15 - [TEST_STEP][PASSED] - Statement - subGroupList[i - 1] = childgroup: null

2018-07-05 20:50:15 - [TEST_STEP][PASSED] - Statement - groupXpath = "(//span[@title='" + groupName + "']/following-sibling::ul/li/span[3]/span[2])[" + i + "]": null

2018-07-05 20:50:15 - [TEST_STEP][PASSED] - Statement - println(groupXpath): null

2018-07-05 20:50:15 - [TEST_STEP][PASSED] - Statement - childgroup = driver.findElement(org.openqa.selenium.By.xpath(groupXpath)).getText(): null

2018-07-05 20:50:15 - [TEST_STEP][PASSED] - Statement - println(childgroup): null

2018-07-05 20:50:15 - [TEST_STEP][PASSED] - Statement - subGroupList[i - 1] = childgroup: null

2018-07-05 20:50:15 - [TEST_STEP][PASSED] - Statement - groupXpath = "(//span[@title='" + groupName + "']/following-sibling::ul/li/span[3]/span[2])[" + i + "]": null

2018-07-05 20:50:15 - [TEST_STEP][PASSED] - Statement - println(groupXpath): null

2018-07-05 20:50:15 - [TEST_STEP][PASSED] - Statement - childgroup = driver.findElement(org.openqa.selenium.By.xpath(groupXpath)).getText(): null

2018-07-05 20:50:15 - [TEST_STEP][PASSED] - Statement - println(childgroup): null

2018-07-05 20:50:15 - [TEST_STEP][PASSED] - Statement - subGroupList[i - 1] = childgroup: null

2018-07-05 20:50:15 - [TEST_STEP][PASSED] - Statement - groupXpath = "(//span[@title='" + groupName + "']/following-sibling::ul/li/span[3]/span[2])[" + i + "]": null

2018-07-05 20:50:15 - [TEST_STEP][PASSED] - Statement - println(groupXpath): null

2018-07-05 20:50:15 - [TEST_STEP][PASSED] - Statement - childgroup = driver.findElement(org.openqa.selenium.By.xpath(groupXpath)).getText(): null

2018-07-05 20:50:15 - [TEST_STEP][PASSED] - Statement - println(childgroup): null

2018-07-05 20:50:15 - [TEST_STEP][PASSED] - Statement - subGroupList[i - 1] = childgroup: null

2018-07-05 20:50:15 - [TEST_STEP][PASSED] - Statement - groupXpath = "(//span[@title='" + groupName + "']/following-sibling::ul/li/span[3]/span[2])[" + i + "]": null

2018-07-05 20:50:15 - [TEST_STEP][PASSED] - Statement - println(groupXpath): null

2018-07-05 20:50:15 - [TEST_STEP][PASSED] - Statement - childgroup = driver.findElement(org.openqa.selenium.By.xpath(groupXpath)).getText(): null

2018-07-05 20:50:15 - [TEST_STEP][PASSED] - Statement - println(childgroup): null

2018-07-05 20:50:15 - [TEST_STEP][PASSED] - Statement - subGroupList[i - 1] = childgroup: null

2018-07-05 20:50:15 - [TEST_STEP][PASSED] - Statement - groupXpath = "(//span[@title='" + groupName + "']/following-sibling::ul/li/span[3]/span[2])[" + i + "]": null

2018-07-05 20:50:15 - [TEST_STEP][PASSED] - Statement - println(groupXpath): null

2018-07-05 20:50:15 - [TEST_STEP][PASSED] - Statement - childgroup = driver.findElement(org.openqa.selenium.By.xpath(groupXpath)).getText(): null

2018-07-05 20:50:15 - [TEST_STEP][PASSED] - Statement - println(childgroup): null

2018-07-05 20:50:15 - [TEST_STEP][PASSED] - Statement - subGroupList[i - 1] = childgroup: null

2018-07-05 20:50:15 - [TEST_STEP][PASSED] - Statement - groupXpath = "(//span[@title='" + groupName + "']/following-sibling::ul/li/span[3]/span[2])[" + i + "]": null

2018-07-05 20:50:15 - [TEST_STEP][PASSED] - Statement - println(groupXpath): null

2018-07-05 20:50:15 - [TEST_STEP][PASSED] - Statement - childgroup = driver.findElement(org.openqa.selenium.By.xpath(groupXpath)).getText(): null

2018-07-05 20:50:15 - [TEST_STEP][PASSED] - Statement - println(childgroup): null

2018-07-05 20:50:15 - [TEST_STEP][PASSED] - Statement - subGroupList[i - 1] = childgroup: null

2018-07-05 20:50:15 - [TEST_STEP][PASSED] - Statement - groupXpath = "(//span[@title='" + groupName + "']/following-sibling::ul/li/span[3]/span[2])[" + i + "]": null

2018-07-05 20:50:15 - [TEST_STEP][PASSED] - Statement - println(groupXpath): null

2018-07-05 20:50:15 - [TEST_STEP][PASSED] - Statement - childgroup = driver.findElement(org.openqa.selenium.By.xpath(groupXpath)).getText(): null

2018-07-05 20:50:15 - [TEST_STEP][PASSED] - Statement - println(childgroup): null

2018-07-05 20:50:15 - [TEST_STEP][PASSED] - Statement - subGroupList[i - 1] = childgroup: null

2018-07-05 20:50:15 - [TEST_STEP][PASSED] - Statement - groupXpath = "(//span[@title='" + groupName + "']/following-sibling::ul/li/span[3]/span[2])[" + i + "]": null

2018-07-05 20:50:15 - [TEST_STEP][PASSED] - Statement - println(groupXpath): null

2018-07-05 20:50:15 - [TEST_STEP][PASSED] - Statement - childgroup = driver.findElement(org.openqa.selenium.By.xpath(groupXpath)).getText(): null

2018-07-05 20:50:15 - [TEST_STEP][PASSED] - Statement - println(childgroup): null

2018-07-05 20:50:15 - [TEST_STEP][PASSED] - Statement - subGroupList[i - 1] = childgroup: null

2018-07-05 20:50:15 - [TEST_STEP][PASSED] - Statement - groupXpath = "(//span[@title='" + groupName + "']/following-sibling::ul/li/span[3]/span[2])[" + i + "]": null

2018-07-05 20:50:15 - [TEST_STEP][PASSED] - Statement - println(groupXpath): null

2018-07-05 20:50:15 - [TEST_STEP][PASSED] - Statement - childgroup = driver.findElement(org.openqa.selenium.By.xpath(groupXpath)).getText(): null

2018-07-05 20:50:15 - [TEST_STEP][PASSED] - Statement - println(childgroup): null

2018-07-05 20:50:15 - [TEST_STEP][PASSED] - Statement - subGroupList[i - 1] = childgroup: null

2018-07-05 20:50:15 - [TEST_STEP][PASSED] - Statement - groupXpath = "(//span[@title='" + groupName + "']/following-sibling::ul/li/span[3]/span[2])[" + i + "]": null

2018-07-05 20:50:15 - [TEST_STEP][PASSED] - Statement - println(groupXpath): null

2018-07-05 20:50:15 - [TEST_STEP][PASSED] - Statement - childgroup = driver.findElement(org.openqa.selenium.By.xpath(groupXpath)).getText(): null

2018-07-05 20:50:16 - [TEST_STEP][PASSED] - Statement - println(childgroup): null

2018-07-05 20:50:16 - [TEST_STEP][PASSED] - Statement - subGroupList[i - 1] = childgroup: null

2018-07-05 20:50:16 - [TEST_STEP][PASSED] - Statement - groupXpath = "(//span[@title='" + groupName + "']/following-sibling::ul/li/span[3]/span[2])[" + i + "]": null

2018-07-05 20:50:16 - [TEST_STEP][PASSED] - Statement - println(groupXpath): null

2018-07-05 20:50:16 - [TEST_STEP][PASSED] - Statement - childgroup = driver.findElement(org.openqa.selenium.By.xpath(groupXpath)).getText(): null

2018-07-05 20:50:16 - [TEST_STEP][PASSED] - Statement - println(childgroup): null

2018-07-05 20:50:16 - [TEST_STEP][PASSED] - Statement - subGroupList[i - 1] = childgroup: null

2018-07-05 20:50:16 - [TEST_STEP][PASSED] - Statement - groupXpath = "(//span[@title='" + groupName + "']/following-sibling::ul/li/span[3]/span[2])[" + i + "]": null

2018-07-05 20:50:16 - [TEST_STEP][PASSED] - Statement - println(groupXpath): null

2018-07-05 20:50:16 - [TEST_STEP][PASSED] - Statement - childgroup = driver.findElement(org.openqa.selenium.By.xpath(groupXpath)).getText(): null

2018-07-05 20:50:16 - [TEST_STEP][PASSED] - Statement - println(childgroup): null

2018-07-05 20:50:16 - [TEST_STEP][PASSED] - Statement - subGroupList[i - 1] = childgroup: null

2018-07-05 20:50:16 - [TEST_STEP][PASSED] - Statement - groupXpath = "(//span[@title='" + groupName + "']/following-sibling::ul/li/span[3]/span[2])[" + i + "]": null

2018-07-05 20:50:16 - [TEST_STEP][PASSED] - Statement - println(groupXpath): null

2018-07-05 20:50:16 - [TEST_STEP][PASSED] - Statement - childgroup = driver.findElement(org.openqa.selenium.By.xpath(groupXpath)).getText(): null

2018-07-05 20:50:16 - [TEST_STEP][PASSED] - Statement - println(childgroup): null

2018-07-05 20:50:16 - [TEST_STEP][PASSED] - Statement - subGroupList[i - 1] = childgroup: null

2018-07-05 20:50:16 - [TEST_STEP][PASSED] - Statement - groupXpath = "(//span[@title='" + groupName + "']/following-sibling::ul/li/span[3]/span[2])[" + i + "]": null

2018-07-05 20:50:16 - [TEST_STEP][PASSED] - Statement - println(groupXpath): null

2018-07-05 20:50:16 - [TEST_STEP][PASSED] - Statement - childgroup = driver.findElement(org.openqa.selenium.By.xpath(groupXpath)).getText(): null

2018-07-05 20:50:16 - [TEST_STEP][PASSED] - Statement - println(childgroup): null

2018-07-05 20:50:16 - [TEST_STEP][PASSED] - Statement - subGroupList[i - 1] = childgroup: null

2018-07-05 20:50:16 - [TEST_STEP][PASSED] - Statement - groupXpath = "(//span[@title='" + groupName + "']/following-sibling::ul/li/span[3]/span[2])[" + i + "]": null

2018-07-05 20:50:16 - [TEST_STEP][PASSED] - Statement - println(groupXpath): null

2018-07-05 20:50:16 - [TEST_STEP][PASSED] - Statement - childgroup = driver.findElement(org.openqa.selenium.By.xpath(groupXpath)).getText(): null

2018-07-05 20:50:16 - [TEST_STEP][PASSED] - Statement - println(childgroup): null

2018-07-05 20:50:16 - [TEST_STEP][PASSED] - Statement - subGroupList[i - 1] = childgroup: null

2018-07-05 20:50:16 - [TEST_STEP][PASSED] - Statement - groupXpath = "(//span[@title='" + groupName + "']/following-sibling::ul/li/span[3]/span[2])[" + i + "]": null

2018-07-05 20:50:16 - [TEST_STEP][PASSED] - Statement - println(groupXpath): null

2018-07-05 20:50:16 - [TEST_STEP][PASSED] - Statement - childgroup = driver.findElement(org.openqa.selenium.By.xpath(groupXpath)).getText(): null

2018-07-05 20:50:16 - [TEST_STEP][PASSED] - Statement - println(childgroup): null

2018-07-05 20:50:16 - [TEST_STEP][PASSED] - Statement - subGroupList[i - 1] = childgroup: null

2018-07-05 20:50:16 - [TEST_STEP][PASSED] - Statement - groupXpath = "(//span[@title='" + groupName + "']/following-sibling::ul/li/span[3]/span[2])[" + i + "]": null

2018-07-05 20:50:16 - [TEST_STEP][PASSED] - Statement - println(groupXpath): null

2018-07-05 20:50:16 - [TEST_STEP][PASSED] - Statement - childgroup = driver.findElement(org.openqa.selenium.By.xpath(groupXpath)).getText(): null

2018-07-05 20:50:16 - [TEST_STEP][PASSED] - Statement - println(childgroup): null

2018-07-05 20:50:16 - [TEST_STEP][PASSED] - Statement - subGroupList[i - 1] = childgroup: null

2018-07-05 20:50:16 - [TEST_STEP][PASSED] - Statement - groupXpath = "(//span[@title='" + groupName + "']/following-sibling::ul/li/span[3]/span[2])[" + i + "]": null

2018-07-05 20:50:16 - [TEST_STEP][PASSED] - Statement - println(groupXpath): null

2018-07-05 20:50:16 - [TEST_STEP][PASSED] - Statement - childgroup = driver.findElement(org.openqa.selenium.By.xpath(groupXpath)).getText(): null

2018-07-05 20:50:16 - [TEST_STEP][PASSED] - Statement - println(childgroup): null

2018-07-05 20:50:16 - [TEST_STEP][PASSED] - Statement - subGroupList[i - 1] = childgroup: null

2018-07-05 20:50:16 - [TEST_STEP][PASSED] - Statement - groupXpath = "(//span[@title='" + groupName + "']/following-sibling::ul/li/span[3]/span[2])[" + i + "]": null

2018-07-05 20:50:16 - [TEST_STEP][PASSED] - Statement - println(groupXpath): null

2018-07-05 20:50:16 - [TEST_STEP][PASSED] - Statement - childgroup = driver.findElement(org.openqa.selenium.By.xpath(groupXpath)).getText(): null

2018-07-05 20:50:16 - [TEST_STEP][PASSED] - Statement - println(childgroup): null

2018-07-05 20:50:16 - [TEST_STEP][PASSED] - Statement - subGroupList[i - 1] = childgroup: null

2018-07-05 20:50:16 - [TEST_STEP][PASSED] - Statement - groupXpath = "(//span[@title='" + groupName + "']/following-sibling::ul/li/span[3]/span[2])[" + i + "]": null

2018-07-05 20:50:16 - [TEST_STEP][PASSED] - Statement - println(groupXpath): null

2018-07-05 20:50:16 - [TEST_STEP][PASSED] - Statement - childgroup = driver.findElement(org.openqa.selenium.By.xpath(groupXpath)).getText(): null

2018-07-05 20:50:16 - [TEST_STEP][PASSED] - Statement - println(childgroup): null

2018-07-05 20:50:16 - [TEST_STEP][PASSED] - Statement - subGroupList[i - 1] = childgroup: null

2018-07-05 20:50:16 - [TEST_STEP][PASSED] - Statement - groupXpath = "(//span[@title='" + groupName + "']/following-sibling::ul/li/span[3]/span[2])[" + i + "]": null

2018-07-05 20:50:16 - [TEST_STEP][PASSED] - Statement - println(groupXpath): null

2018-07-05 20:50:16 - [TEST_STEP][PASSED] - Statement - childgroup = driver.findElement(org.openqa.selenium.By.xpath(groupXpath)).getText(): null

2018-07-05 20:50:16 - [TEST_STEP][PASSED] - Statement - println(childgroup): null

2018-07-05 20:50:16 - [TEST_STEP][PASSED] - Statement - subGroupList[i - 1] = childgroup: null

2018-07-05 20:50:16 - [TEST_STEP][PASSED] - Statement - groupXpath = "(//span[@title='" + groupName + "']/following-sibling::ul/li/span[3]/span[2])[" + i + "]": null

2018-07-05 20:50:16 - [TEST_STEP][PASSED] - Statement - println(groupXpath): null

2018-07-05 20:50:16 - [TEST_STEP][PASSED] - Statement - childgroup = driver.findElement(org.openqa.selenium.By.xpath(groupXpath)).getText(): null

2018-07-05 20:50:16 - [TEST_STEP][PASSED] - Statement - println(childgroup): null

2018-07-05 20:50:16 - [TEST_STEP][PASSED] - Statement - subGroupList[i - 1] = childgroup: null

2018-07-05 20:50:16 - [TEST_STEP][PASSED] - Statement - groupXpath = "(//span[@title='" + groupName + "']/following-sibling::ul/li/span[3]/span[2])[" + i + "]": null

2018-07-05 20:50:16 - [TEST_STEP][PASSED] - Statement - println(groupXpath): null

2018-07-05 20:50:16 - [TEST_STEP][PASSED] - Statement - childgroup = driver.findElement(org.openqa.selenium.By.xpath(groupXpath)).getText(): null

2018-07-05 20:50:16 - [TEST_STEP][PASSED] - Statement - println(childgroup): null

2018-07-05 20:50:16 - [TEST_STEP][PASSED] - Statement - subGroupList[i - 1] = childgroup: null

2018-07-05 20:50:16 - [TEST_STEP][PASSED] - Statement - groupXpath = "(//span[@title='" + groupName + "']/following-sibling::ul/li/span[3]/span[2])[" + i + "]": null

2018-07-05 20:50:16 - [TEST_STEP][PASSED] - Statement - println(groupXpath): null

2018-07-05 20:50:16 - [TEST_STEP][PASSED] - Statement - childgroup = driver.findElement(org.openqa.selenium.By.xpath(groupXpath)).getText(): null

2018-07-05 20:50:16 - [TEST_STEP][PASSED] - Statement - println(childgroup): null

2018-07-05 20:50:16 - [TEST_STEP][PASSED] - Statement - subGroupList[i - 1] = childgroup: null

2018-07-05 20:50:16 - [TEST_STEP][PASSED] - Statement - groupXpath = "(//span[@title='" + groupName + "']/following-sibling::ul/li/span[3]/span[2])[" + i + "]": null

2018-07-05 20:50:16 - [TEST_STEP][PASSED] - Statement - println(groupXpath): null

2018-07-05 20:50:16 - [TEST_STEP][PASSED] - Statement - childgroup = driver.findElement(org.openqa.selenium.By.xpath(groupXpath)).getText(): null

2018-07-05 20:50:16 - [TEST_STEP][PASSED] - Statement - println(childgroup): null

2018-07-05 20:50:16 - [TEST_STEP][PASSED] - Statement - subGroupList[i - 1] = childgroup: null

2018-07-05 20:50:16 - [TEST_STEP][PASSED] - Statement - groupXpath = "(//span[@title='" + groupName + "']/following-sibling::ul/li/span[3]/span[2])[" + i + "]": null

2018-07-05 20:50:16 - [TEST_STEP][PASSED] - Statement - println(groupXpath): null

2018-07-05 20:50:16 - [TEST_STEP][PASSED] - Statement - childgroup = driver.findElement(org.openqa.selenium.By.xpath(groupXpath)).getText(): null

2018-07-05 20:50:16 - [TEST_STEP][PASSED] - Statement - println(childgroup): null

2018-07-05 20:50:16 - [TEST_STEP][PASSED] - Statement - subGroupList[i - 1] = childgroup: null

2018-07-05 20:50:16 - [TEST_STEP][PASSED] - Statement - groupXpath = "(//span[@title='" + groupName + "']/following-sibling::ul/li/span[3]/span[2])[" + i + "]": null

2018-07-05 20:50:16 - [TEST_STEP][PASSED] - Statement - println(groupXpath): null

2018-07-05 20:50:16 - [TEST_STEP][PASSED] - Statement - childgroup = driver.findElement(org.openqa.selenium.By.xpath(groupXpath)).getText(): null

2018-07-05 20:50:16 - [TEST_STEP][PASSED] - Statement - println(childgroup): null

2018-07-05 20:50:16 - [TEST_STEP][PASSED] - Statement - subGroupList[i - 1] = childgroup: null

2018-07-05 20:50:16 - [TEST_STEP][PASSED] - Statement - groupXpath = "(//span[@title='" + groupName + "']/following-sibling::ul/li/span[3]/span[2])[" + i + "]": null

2018-07-05 20:50:16 - [TEST_STEP][PASSED] - Statement - println(groupXpath): null

2018-07-05 20:50:16 - [TEST_STEP][PASSED] - Statement - childgroup = driver.findElement(org.openqa.selenium.By.xpath(groupXpath)).getText(): null

2018-07-05 20:50:16 - [TEST_STEP][PASSED] - Statement - println(childgroup): null

2018-07-05 20:50:16 - [TEST_STEP][PASSED] - Statement - subGroupList[i - 1] = childgroup: null

2018-07-05 20:50:16 - [TEST_STEP][PASSED] - Statement - groupXpath = "(//span[@title='" + groupName + "']/following-sibling::ul/li/span[3]/span[2])[" + i + "]": null

2018-07-05 20:50:16 - [TEST_STEP][PASSED] - Statement - println(groupXpath): null

2018-07-05 20:50:16 - [TEST_STEP][PASSED] - Statement - childgroup = driver.findElement(org.openqa.selenium.By.xpath(groupXpath)).getText(): null

2018-07-05 20:50:16 - [TEST_STEP][PASSED] - Statement - println(childgroup): null

2018-07-05 20:50:16 - [TEST_STEP][PASSED] - Statement - subGroupList[i - 1] = childgroup: null

2018-07-05 20:50:16 - [TEST_STEP][PASSED] - Statement - groupXpath = "(//span[@title='" + groupName + "']/following-sibling::ul/li/span[3]/span[2])[" + i + "]": null

2018-07-05 20:50:16 - [TEST_STEP][PASSED] - Statement - println(groupXpath): null

2018-07-05 20:50:16 - [TEST_STEP][PASSED] - Statement - childgroup = driver.findElement(org.openqa.selenium.By.xpath(groupXpath)).getText(): null

2018-07-05 20:50:16 - [TEST_STEP][PASSED] - Statement - println(childgroup): null

2018-07-05 20:50:16 - [TEST_STEP][PASSED] - Statement - subGroupList[i - 1] = childgroup: null

2018-07-05 20:50:16 - [TEST_STEP][PASSED] - Statement - groupXpath = "(//span[@title='" + groupName + "']/following-sibling::ul/li/span[3]/span[2])[" + i + "]": null

2018-07-05 20:50:16 - [TEST_STEP][PASSED] - Statement - println(groupXpath): null

2018-07-05 20:50:16 - [TEST_STEP][PASSED] - Statement - childgroup = driver.findElement(org.openqa.selenium.By.xpath(groupXpath)).getText(): null

2018-07-05 20:50:16 - [TEST_STEP][PASSED] - Statement - println(childgroup): null

2018-07-05 20:50:16 - [TEST_STEP][PASSED] - Statement - subGroupList[i - 1] = childgroup: null

2018-07-05 20:50:16 - [TEST_STEP][PASSED] - Statement - groupXpath = "(//span[@title='" + groupName + "']/following-sibling::ul/li/span[3]/span[2])[" + i + "]": null

2018-07-05 20:50:16 - [TEST_STEP][PASSED] - Statement - println(groupXpath): null

2018-07-05 20:50:16 - [TEST_STEP][PASSED] - Statement - childgroup = driver.findElement(org.openqa.selenium.By.xpath(groupXpath)).getText(): null

2018-07-05 20:50:16 - [TEST_STEP][PASSED] - Statement - println(childgroup): null

2018-07-05 20:50:16 - [TEST_STEP][PASSED] - Statement - subGroupList[i - 1] = childgroup: null

2018-07-05 20:50:16 - [TEST_STEP][PASSED] - Statement - groupXpath = "(//span[@title='" + groupName + "']/following-sibling::ul/li/span[3]/span[2])[" + i + "]": null

2018-07-05 20:50:16 - [TEST_STEP][PASSED] - Statement - println(groupXpath): null

2018-07-05 20:50:16 - [TEST_STEP][PASSED] - Statement - childgroup = driver.findElement(org.openqa.selenium.By.xpath(groupXpath)).getText(): null

2018-07-05 20:50:16 - [TEST_STEP][PASSED] - Statement - println(childgroup): null

2018-07-05 20:50:16 - [TEST_STEP][PASSED] - Statement - subGroupList[i - 1] = childgroup: null

2018-07-05 20:50:16 - [TEST_STEP][PASSED] - Statement - groupXpath = "(//span[@title='" + groupName + "']/following-sibling::ul/li/span[3]/span[2])[" + i + "]": null

2018-07-05 20:50:16 - [TEST_STEP][PASSED] - Statement - println(groupXpath): null

2018-07-05 20:50:16 - [TEST_STEP][PASSED] - Statement - childgroup = driver.findElement(org.openqa.selenium.By.xpath(groupXpath)).getText(): null

2018-07-05 20:50:16 - [TEST_STEP][PASSED] - Statement - println(childgroup): null

2018-07-05 20:50:16 - [TEST_STEP][PASSED] - Statement - subGroupList[i - 1] = childgroup: null

2018-07-05 20:50:16 - [TEST_STEP][PASSED] - Statement - groupXpath = "(//span[@title='" + groupName + "']/following-sibling::ul/li/span[3]/span[2])[" + i + "]": null

2018-07-05 20:50:16 - [TEST_STEP][PASSED] - Statement - println(groupXpath): null

2018-07-05 20:50:16 - [TEST_STEP][PASSED] - Statement - childgroup = driver.findElement(org.openqa.selenium.By.xpath(groupXpath)).getText(): null

2018-07-05 20:50:16 - [TEST_STEP][PASSED] - Statement - println(childgroup): null

2018-07-05 20:50:16 - [TEST_STEP][PASSED] - Statement - subGroupList[i - 1] = childgroup: null

2018-07-05 20:50:16 - [TEST_STEP][PASSED] - Statement - groupXpath = "(//span[@title='" + groupName + "']/following-sibling::ul/li/span[3]/span[2])[" + i + "]": null

2018-07-05 20:50:16 - [TEST_STEP][PASSED] - Statement - println(groupXpath): null

2018-07-05 20:50:16 - [TEST_STEP][PASSED] - Statement - childgroup = driver.findElement(org.openqa.selenium.By.xpath(groupXpath)).getText(): null

2018-07-05 20:50:16 - [TEST_STEP][PASSED] - Statement - println(childgroup): null

2018-07-05 20:50:16 - [TEST_STEP][PASSED] - Statement - subGroupList[i - 1] = childgroup: null

2018-07-05 20:50:16 - [TEST_STEP][PASSED] - Statement - groupXpath = "(//span[@title='" + groupName + "']/following-sibling::ul/li/span[3]/span[2])[" + i + "]": null

2018-07-05 20:50:16 - [TEST_STEP][PASSED] - Statement - println(groupXpath): null

2018-07-05 20:50:16 - [TEST_STEP][PASSED] - Statement - childgroup = driver.findElement(org.openqa.selenium.By.xpath(groupXpath)).getText(): null

2018-07-05 20:50:16 - [TEST_STEP][PASSED] - Statement - println(childgroup): null

2018-07-05 20:50:16 - [TEST_STEP][PASSED] - Statement - subGroupList[i - 1] = childgroup: null

2018-07-05 20:50:16 - [TEST_STEP][PASSED] - Statement - groupXpath = "(//span[@title='" + groupName + "']/following-sibling::ul/li/span[3]/span[2])[" + i + "]": null

2018-07-05 20:50:16 - [TEST_STEP][PASSED] - Statement - println(groupXpath): null

2018-07-05 20:50:16 - [TEST_STEP][PASSED] - Statement - childgroup = driver.findElement(org.openqa.selenium.By.xpath(groupXpath)).getText(): null

2018-07-05 20:50:16 - [TEST_STEP][PASSED] - Statement - println(childgroup): null

2018-07-05 20:50:16 - [TEST_STEP][PASSED] - Statement - subGroupList[i - 1] = childgroup: null

2018-07-05 20:50:16 - [TEST_STEP][PASSED] - Statement - groupXpath = "(//span[@title='" + groupName + "']/following-sibling::ul/li/span[3]/span[2])[" + i + "]": null

2018-07-05 20:50:16 - [TEST_STEP][PASSED] - Statement - println(groupXpath): null

2018-07-05 20:50:16 - [TEST_STEP][PASSED] - Statement - childgroup = driver.findElement(org.openqa.selenium.By.xpath(groupXpath)).getText(): null

2018-07-05 20:50:16 - [TEST_STEP][PASSED] - Statement - println(childgroup): null

2018-07-05 20:50:16 - [TEST_STEP][PASSED] - Statement - subGroupList[i - 1] = childgroup: null

2018-07-05 20:50:16 - [TEST_STEP][PASSED] - Statement - groupXpath = "(//span[@title='" + groupName + "']/following-sibling::ul/li/span[3]/span[2])[" + i + "]": null

2018-07-05 20:50:16 - [TEST_STEP][PASSED] - Statement - println(groupXpath): null

2018-07-05 20:50:16 - [TEST_STEP][PASSED] - Statement - childgroup = driver.findElement(org.openqa.selenium.By.xpath(groupXpath)).getText(): null

2018-07-05 20:50:16 - [TEST_STEP][PASSED] - Statement - println(childgroup): null

2018-07-05 20:50:16 - [TEST_STEP][PASSED] - Statement - subGroupList[i - 1] = childgroup: null

2018-07-05 20:50:16 - [TEST_STEP][PASSED] - Statement - groupXpath = "(//span[@title='" + groupName + "']/following-sibling::ul/li/span[3]/span[2])[" + i + "]": null

2018-07-05 20:50:16 - [TEST_STEP][PASSED] - Statement - println(groupXpath): null

2018-07-05 20:50:16 - [TEST_STEP][PASSED] - Statement - childgroup = driver.findElement(org.openqa.selenium.By.xpath(groupXpath)).getText(): null

2018-07-05 20:50:16 - [TEST_STEP][PASSED] - Statement - println(childgroup): null

2018-07-05 20:50:16 - [TEST_STEP][PASSED] - Statement - subGroupList[i - 1] = childgroup: null

2018-07-05 20:50:16 - [TEST_STEP][PASSED] - Statement - groupXpath = "(//span[@title='" + groupName + "']/following-sibling::ul/li/span[3]/span[2])[" + i + "]": null

2018-07-05 20:50:16 - [TEST_STEP][PASSED] - Statement - println(groupXpath): null

2018-07-05 20:50:16 - [TEST_STEP][PASSED] - Statement - childgroup = driver.findElement(org.openqa.selenium.By.xpath(groupXpath)).getText(): null

2018-07-05 20:50:17 - [TEST_STEP][PASSED] - Statement - println(childgroup): null

2018-07-05 20:50:17 - [TEST_STEP][PASSED] - Statement - subGroupList[i - 1] = childgroup: null

2018-07-05 20:50:17 - [TEST_STEP][PASSED] - Statement - groupXpath = "(//span[@title='" + groupName + "']/following-sibling::ul/li/span[3]/span[2])[" + i + "]": null

2018-07-05 20:50:17 - [TEST_STEP][PASSED] - Statement - println(groupXpath): null

2018-07-05 20:50:17 - [TEST_STEP][PASSED] - Statement - childgroup = driver.findElement(org.openqa.selenium.By.xpath(groupXpath)).getText(): null

2018-07-05 20:50:17 - [TEST_STEP][PASSED] - Statement - println(childgroup): null

2018-07-05 20:50:17 - [TEST_STEP][PASSED] - Statement - subGroupList[i - 1] = childgroup: null

2018-07-05 20:50:17 - [TEST_STEP][PASSED] - Statement - groupXpath = "(//span[@title='" + groupName + "']/following-sibling::ul/li/span[3]/span[2])[" + i + "]": null

2018-07-05 20:50:17 - [TEST_STEP][PASSED] - Statement - println(groupXpath): null

2018-07-05 20:50:17 - [TEST_STEP][PASSED] - Statement - childgroup = driver.findElement(org.openqa.selenium.By.xpath(groupXpath)).getText(): null

2018-07-05 20:50:17 - [TEST_STEP][PASSED] - Statement - println(childgroup): null

2018-07-05 20:50:17 - [TEST_STEP][PASSED] - Statement - subGroupList[i - 1] = childgroup: null

2018-07-05 20:50:17 - [TEST_STEP][PASSED] - Statement - groupXpath = "(//span[@title='" + groupName + "']/following-sibling::ul/li/span[3]/span[2])[" + i + "]": null

2018-07-05 20:50:17 - [TEST_STEP][PASSED] - Statement - println(groupXpath): null

2018-07-05 20:50:17 - [TEST_STEP][PASSED] - Statement - childgroup = driver.findElement(org.openqa.selenium.By.xpath(groupXpath)).getText(): null

2018-07-05 20:50:17 - [TEST_STEP][PASSED] - Statement - println(childgroup): null

2018-07-05 20:50:17 - [TEST_STEP][PASSED] - Statement - subGroupList[i - 1] = childgroup: null

2018-07-05 20:50:17 - [TEST_STEP][PASSED] - Statement - groupXpath = "(//span[@title='" + groupName + "']/following-sibling::ul/li/span[3]/span[2])[" + i + "]": null

2018-07-05 20:50:17 - [TEST_STEP][PASSED] - Statement - println(groupXpath): null

2018-07-05 20:50:17 - [TEST_STEP][PASSED] - Statement - childgroup = driver.findElement(org.openqa.selenium.By.xpath(groupXpath)).getText(): null

2018-07-05 20:50:17 - [TEST_STEP][PASSED] - Statement - println(childgroup): null

2018-07-05 20:50:17 - [TEST_STEP][PASSED] - Statement - subGroupList[i - 1] = childgroup: null

2018-07-05 20:50:17 - [TEST_STEP][PASSED] - Statement - groupXpath = "(//span[@title='" + groupName + "']/following-sibling::ul/li/span[3]/span[2])[" + i + "]": null

2018-07-05 20:50:17 - [TEST_STEP][PASSED] - Statement - println(groupXpath): null

2018-07-05 20:50:17 - [TEST_STEP][PASSED] - Statement - childgroup = driver.findElement(org.openqa.selenium.By.xpath(groupXpath)).getText(): null

2018-07-05 20:50:17 - [TEST_STEP][PASSED] - Statement - println(childgroup): null

2018-07-05 20:50:17 - [TEST_STEP][PASSED] - Statement - subGroupList[i - 1] = childgroup: null

2018-07-05 20:50:17 - [TEST_STEP][PASSED] - Statement - groupXpath = "(//span[@title='" + groupName + "']/following-sibling::ul/li/span[3]/span[2])[" + i + "]": null

2018-07-05 20:50:17 - [TEST_STEP][PASSED] - Statement - println(groupXpath): null

2018-07-05 20:50:17 - [TEST_STEP][PASSED] - Statement - childgroup = driver.findElement(org.openqa.selenium.By.xpath(groupXpath)).getText(): null

2018-07-05 20:50:17 - [TEST_STEP][PASSED] - Statement - println(childgroup): null

2018-07-05 20:50:17 - [TEST_STEP][PASSED] - Statement - subGroupList[i - 1] = childgroup: null

2018-07-05 20:50:17 - [TEST_STEP][PASSED] - Statement - groupXpath = "(//span[@title='" + groupName + "']/following-sibling::ul/li/span[3]/span[2])[" + i + "]": null

2018-07-05 20:50:17 - [TEST_STEP][PASSED] - Statement - println(groupXpath): null

2018-07-05 20:50:17 - [TEST_STEP][PASSED] - Statement - childgroup = driver.findElement(org.openqa.selenium.By.xpath(groupXpath)).getText(): null

2018-07-05 20:50:17 - [TEST_STEP][PASSED] - Statement - println(childgroup): null

2018-07-05 20:50:17 - [TEST_STEP][PASSED] - Statement - subGroupList[i - 1] = childgroup: null

2018-07-05 20:50:17 - [TEST_STEP][PASSED] - Statement - groupXpath = "(//span[@title='" + groupName + "']/following-sibling::ul/li/span[3]/span[2])[" + i + "]": null

2018-07-05 20:50:17 - [TEST_STEP][PASSED] - Statement - println(groupXpath): null

2018-07-05 20:50:17 - [TEST_STEP][PASSED] - Statement - childgroup = driver.findElement(org.openqa.selenium.By.xpath(groupXpath)).getText(): null

2018-07-05 20:50:17 - [TEST_STEP][PASSED] - Statement - println(childgroup): null

2018-07-05 20:50:17 - [TEST_STEP][PASSED] - Statement - subGroupList[i - 1] = childgroup: null

2018-07-05 20:50:17 - [TEST_STEP][PASSED] - Statement - groupXpath = "(//span[@title='" + groupName + "']/following-sibling::ul/li/span[3]/span[2])[" + i + "]": null

2018-07-05 20:50:17 - [TEST_STEP][PASSED] - Statement - println(groupXpath): null

2018-07-05 20:50:17 - [TEST_STEP][PASSED] - Statement - childgroup = driver.findElement(org.openqa.selenium.By.xpath(groupXpath)).getText(): null

2018-07-05 20:50:17 - [TEST_STEP][PASSED] - Statement - println(childgroup): null

2018-07-05 20:50:17 - [TEST_STEP][PASSED] - Statement - subGroupList[i - 1] = childgroup: null

2018-07-05 20:50:17 - [TEST_STEP][PASSED] - Statement - groupXpath = "(//span[@title='" + groupName + "']/following-sibling::ul/li/span[3]/span[2])[" + i + "]": null

2018-07-05 20:50:17 - [TEST_STEP][PASSED] - Statement - println(groupXpath): null

2018-07-05 20:50:17 - [TEST_STEP][PASSED] - Statement - childgroup = driver.findElement(org.openqa.selenium.By.xpath(groupXpath)).getText(): null

2018-07-05 20:50:17 - [TEST_STEP][PASSED] - Statement - println(childgroup): null

2018-07-05 20:50:17 - [TEST_STEP][PASSED] - Statement - subGroupList[i - 1] = childgroup: null

2018-07-05 20:50:17 - [TEST_STEP][PASSED] - Statement - groupXpath = "(//span[@title='" + groupName + "']/following-sibling::ul/li/span[3]/span[2])[" + i + "]": null

2018-07-05 20:50:17 - [TEST_STEP][PASSED] - Statement - println(groupXpath): null

2018-07-05 20:50:17 - [TEST_STEP][PASSED] - Statement - childgroup = driver.findElement(org.openqa.selenium.By.xpath(groupXpath)).getText(): null

2018-07-05 20:50:17 - [TEST_STEP][PASSED] - Statement - println(childgroup): null

2018-07-05 20:50:17 - [TEST_STEP][PASSED] - Statement - subGroupList[i - 1] = childgroup: null

2018-07-05 20:50:17 - [TEST_STEP][PASSED] - Statement - groupXpath = "(//span[@title='" + groupName + "']/following-sibling::ul/li/span[3]/span[2])[" + i + "]": null

2018-07-05 20:50:17 - [TEST_STEP][PASSED] - Statement - println(groupXpath): null

2018-07-05 20:50:17 - [TEST_STEP][PASSED] - Statement - childgroup = driver.findElement(org.openqa.selenium.By.xpath(groupXpath)).getText(): null

2018-07-05 20:50:17 - [TEST_STEP][PASSED] - Statement - println(childgroup): null

2018-07-05 20:50:17 - [TEST_STEP][PASSED] - Statement - subGroupList[i - 1] = childgroup: null

2018-07-05 20:50:17 - [TEST_STEP][PASSED] - Statement - groupXpath = "(//span[@title='" + groupName + "']/following-sibling::ul/li/span[3]/span[2])[" + i + "]": null

2018-07-05 20:50:17 - [TEST_STEP][PASSED] - Statement - println(groupXpath): null

2018-07-05 20:50:17 - [TEST_STEP][PASSED] - Statement - childgroup = driver.findElement(org.openqa.selenium.By.xpath(groupXpath)).getText(): null

2018-07-05 20:50:17 - [TEST_STEP][PASSED] - Statement - println(childgroup): null

2018-07-05 20:50:17 - [TEST_STEP][PASSED] - Statement - subGroupList[i - 1] = childgroup: null

2018-07-05 20:50:17 - [TEST_STEP][PASSED] - Statement - groupXpath = "(//span[@title='" + groupName + "']/following-sibling::ul/li/span[3]/span[2])[" + i + "]": null

2018-07-05 20:50:17 - [TEST_STEP][PASSED] - Statement - println(groupXpath): null

2018-07-05 20:50:17 - [TEST_STEP][PASSED] - Statement - childgroup = driver.findElement(org.openqa.selenium.By.xpath(groupXpath)).getText(): null

2018-07-05 20:50:17 - [TEST_STEP][PASSED] - Statement - println(childgroup): null

2018-07-05 20:50:17 - [TEST_STEP][PASSED] - Statement - subGroupList[i - 1] = childgroup: null

2018-07-05 20:50:17 - [TEST_STEP][PASSED] - Statement - groupXpath = "(//span[@title='" + groupName + "']/following-sibling::ul/li/span[3]/span[2])[" + i + "]": null

2018-07-05 20:50:17 - [TEST_STEP][PASSED] - Statement - println(groupXpath): null

2018-07-05 20:50:17 - [TEST_STEP][PASSED] - Statement - childgroup = driver.findElement(org.openqa.selenium.By.xpath(groupXpath)).getText(): null

2018-07-05 20:50:17 - [TEST_STEP][PASSED] - Statement - println(childgroup): null

2018-07-05 20:50:17 - [TEST_STEP][PASSED] - Statement - subGroupList[i - 1] = childgroup: null

2018-07-05 20:50:17 - [TEST_STEP][PASSED] - Statement - groupXpath = "(//span[@title='" + groupName + "']/following-sibling::ul/li/span[3]/span[2])[" + i + "]": null

2018-07-05 20:50:17 - [TEST_STEP][PASSED] - Statement - println(groupXpath): null

2018-07-05 20:50:17 - [TEST_STEP][PASSED] - Statement - childgroup = driver.findElement(org.openqa.selenium.By.xpath(groupXpath)).getText(): null

2018-07-05 20:50:17 - [TEST_STEP][PASSED] - Statement - println(childgroup): null

2018-07-05 20:50:17 - [TEST_STEP][PASSED] - Statement - subGroupList[i - 1] = childgroup: null

2018-07-05 20:50:17 - [TEST_STEP][PASSED] - Statement - groupXpath = "(//span[@title='" + groupName + "']/following-sibling::ul/li/span[3]/span[2])[" + i + "]": null

2018-07-05 20:50:17 - [TEST_STEP][PASSED] - Statement - println(groupXpath): null

2018-07-05 20:50:17 - [TEST_STEP][PASSED] - Statement - childgroup = driver.findElement(org.openqa.selenium.By.xpath(groupXpath)).getText(): null

2018-07-05 20:50:17 - [TEST_STEP][PASSED] - Statement - println(childgroup): null

2018-07-05 20:50:17 - [TEST_STEP][PASSED] - Statement - subGroupList[i - 1] = childgroup: null

2018-07-05 20:50:17 - [TEST_STEP][PASSED] - Statement - groupXpath = "(//span[@title='" + groupName + "']/following-sibling::ul/li/span[3]/span[2])[" + i + "]": null

2018-07-05 20:50:17 - [TEST_STEP][PASSED] - Statement - println(groupXpath): null

2018-07-05 20:50:17 - [TEST_STEP][PASSED] - Statement - childgroup = driver.findElement(org.openqa.selenium.By.xpath(groupXpath)).getText(): null

2018-07-05 20:50:17 - [TEST_STEP][PASSED] - Statement - println(childgroup): null

2018-07-05 20:50:17 - [TEST_STEP][PASSED] - Statement - subGroupList[i - 1] = childgroup: null

2018-07-05 20:50:17 - [TEST_STEP][PASSED] - Statement - groupXpath = "(//span[@title='" + groupName + "']/following-sibling::ul/li/span[3]/span[2])[" + i + "]": null

2018-07-05 20:50:17 - [TEST_STEP][PASSED] - Statement - println(groupXpath): null

2018-07-05 20:50:17 - [TEST_STEP][PASSED] - Statement - childgroup = driver.findElement(org.openqa.selenium.By.xpath(groupXpath)).getText(): null

2018-07-05 20:50:17 - [TEST_STEP][PASSED] - Statement - println(childgroup): null

2018-07-05 20:50:17 - [TEST_STEP][PASSED] - Statement - subGroupList[i - 1] = childgroup: null

2018-07-05 20:50:17 - [TEST_STEP][PASSED] - Statement - groupXpath = "(//span[@title='" + groupName + "']/following-sibling::ul/li/span[3]/span[2])[" + i + "]": null

2018-07-05 20:50:17 - [TEST_STEP][PASSED] - Statement - println(groupXpath): null

2018-07-05 20:50:17 - [TEST_STEP][PASSED] - Statement - childgroup = driver.findElement(org.openqa.selenium.By.xpath(groupXpath)).getText(): null

2018-07-05 20:50:17 - [TEST_STEP][PASSED] - Statement - println(childgroup): null

2018-07-05 20:50:17 - [TEST_STEP][PASSED] - Statement - subGroupList[i - 1] = childgroup: null

2018-07-05 20:50:17 - [TEST_STEP][PASSED] - Statement - groupXpath = "(//span[@title='" + groupName + "']/following-sibling::ul/li/span[3]/span[2])[" + i + "]": null

2018-07-05 20:50:17 - [TEST_STEP][PASSED] - Statement - println(groupXpath): null

2018-07-05 20:50:17 - [TEST_STEP][PASSED] - Statement - childgroup = driver.findElement(org.openqa.selenium.By.xpath(groupXpath)).getText(): null

2018-07-05 20:50:17 - [TEST_STEP][PASSED] - Statement - println(childgroup): null

2018-07-05 20:50:17 - [TEST_STEP][PASSED] - Statement - subGroupList[i - 1] = childgroup: null

2018-07-05 20:50:17 - [TEST_STEP][PASSED] - Statement - groupXpath = "(//span[@title='" + groupName + "']/following-sibling::ul/li/span[3]/span[2])[" + i + "]": null

2018-07-05 20:50:17 - [TEST_STEP][PASSED] - Statement - println(groupXpath): null

2018-07-05 20:50:17 - [TEST_STEP][PASSED] - Statement - childgroup = driver.findElement(org.openqa.selenium.By.xpath(groupXpath)).getText(): null

2018-07-05 20:50:17 - [TEST_STEP][PASSED] - Statement - println(childgroup): null

2018-07-05 20:50:17 - [TEST_STEP][PASSED] - Statement - subGroupList[i - 1] = childgroup: null

2018-07-05 20:50:17 - [TEST_STEP][PASSED] - Statement - groupXpath = "(//span[@title='" + groupName + "']/following-sibling::ul/li/span[3]/span[2])[" + i + "]": null

2018-07-05 20:50:17 - [TEST_STEP][PASSED] - Statement - println(groupXpath): null

2018-07-05 20:50:17 - [TEST_STEP][PASSED] - Statement - childgroup = driver.findElement(org.openqa.selenium.By.xpath(groupXpath)).getText(): null

2018-07-05 20:50:17 - [TEST_STEP][PASSED] - Statement - println(childgroup): null

2018-07-05 20:50:17 - [TEST_STEP][PASSED] - Statement - subGroupList[i - 1] = childgroup: null

2018-07-05 20:50:17 - [TEST_STEP][PASSED] - Statement - groupXpath = "(//span[@title='" + groupName + "']/following-sibling::ul/li/span[3]/span[2])[" + i + "]": null

2018-07-05 20:50:17 - [TEST_STEP][PASSED] - Statement - println(groupXpath): null

2018-07-05 20:50:17 - [TEST_STEP][PASSED] - Statement - childgroup = driver.findElement(org.openqa.selenium.By.xpath(groupXpath)).getText(): null

2018-07-05 20:50:17 - [TEST_STEP][PASSED] - Statement - println(childgroup): null

2018-07-05 20:50:17 - [TEST_STEP][PASSED] - Statement - subGroupList[i - 1] = childgroup: null

2018-07-05 20:50:17 - [TEST_STEP][PASSED] - Statement - groupXpath = "(//span[@title='" + groupName + "']/following-sibling::ul/li/span[3]/span[2])[" + i + "]": null

2018-07-05 20:50:17 - [TEST_STEP][PASSED] - Statement - println(groupXpath): null

2018-07-05 20:50:17 - [TEST_STEP][PASSED] - Statement - childgroup = driver.findElement(org.openqa.selenium.By.xpath(groupXpath)).getText(): null

2018-07-05 20:50:17 - [TEST_STEP][PASSED] - Statement - println(childgroup): null

2018-07-05 20:50:17 - [TEST_STEP][PASSED] - Statement - subGroupList[i - 1] = childgroup: null

2018-07-05 20:50:17 - [TEST_STEP][PASSED] - Statement - groupXpath = "(//span[@title='" + groupName + "']/following-sibling::ul/li/span[3]/span[2])[" + i + "]": null

2018-07-05 20:50:17 - [TEST_STEP][PASSED] - Statement - println(groupXpath): null

2018-07-05 20:50:17 - [TEST_STEP][PASSED] - Statement - childgroup = driver.findElement(org.openqa.selenium.By.xpath(groupXpath)).getText(): null

2018-07-05 20:50:17 - [TEST_STEP][PASSED] - Statement - println(childgroup): null

2018-07-05 20:50:17 - [TEST_STEP][PASSED] - Statement - subGroupList[i - 1] = childgroup: null

2018-07-05 20:50:17 - [TEST_STEP][PASSED] - Statement - groupXpath = "(//span[@title='" + groupName + "']/following-sibling::ul/li/span[3]/span[2])[" + i + "]": null

2018-07-05 20:50:17 - [TEST_STEP][PASSED] - Statement - println(groupXpath): null

2018-07-05 20:50:17 - [TEST_STEP][PASSED] - Statement - childgroup = driver.findElement(org.openqa.selenium.By.xpath(groupXpath)).getText(): null

2018-07-05 20:50:17 - [TEST_STEP][PASSED] - Statement - println(childgroup): null

2018-07-05 20:50:17 - [TEST_STEP][PASSED] - Statement - subGroupList[i - 1] = childgroup: null

2018-07-05 20:50:17 - [TEST_STEP][PASSED] - Statement - groupXpath = "(//span[@title='" + groupName + "']/following-sibling::ul/li/span[3]/span[2])[" + i + "]": null

2018-07-05 20:50:17 - [TEST_STEP][PASSED] - Statement - println(groupXpath): null

2018-07-05 20:50:17 - [TEST_STEP][PASSED] - Statement - childgroup = driver.findElement(org.openqa.selenium.By.xpath(groupXpath)).getText(): null

2018-07-05 20:50:17 - [TEST_STEP][PASSED] - Statement - println(childgroup): null

2018-07-05 20:50:17 - [TEST_STEP][PASSED] - Statement - subGroupList[i - 1] = childgroup: null

2018-07-05 20:50:17 - [TEST_STEP][PASSED] - Statement - groupXpath = "(//span[@title='" + groupName + "']/following-sibling::ul/li/span[3]/span[2])[" + i + "]": null

2018-07-05 20:50:17 - [TEST_STEP][PASSED] - Statement - println(groupXpath): null

2018-07-05 20:50:17 - [TEST_STEP][PASSED] - Statement - childgroup = driver.findElement(org.openqa.selenium.By.xpath(groupXpath)).getText(): null

2018-07-05 20:50:17 - [TEST_STEP][PASSED] - Statement - println(childgroup): null

2018-07-05 20:50:17 - [TEST_STEP][PASSED] - Statement - subGroupList[i - 1] = childgroup: null

2018-07-05 20:50:17 - [TEST_STEP][PASSED] - Statement - groupXpath = "(//span[@title='" + groupName + "']/following-sibling::ul/li/span[3]/span[2])[" + i + "]": null

2018-07-05 20:50:17 - [TEST_STEP][PASSED] - Statement - println(groupXpath): null

2018-07-05 20:50:17 - [TEST_STEP][PASSED] - Statement - childgroup = driver.findElement(org.openqa.selenium.By.xpath(groupXpath)).getText(): null

2018-07-05 20:50:17 - [TEST_STEP][PASSED] - Statement - println(childgroup): null

2018-07-05 20:50:17 - [TEST_STEP][PASSED] - Statement - subGroupList[i - 1] = childgroup: null

2018-07-05 20:50:17 - [TEST_STEP][PASSED] - Statement - groupXpath = "(//span[@title='" + groupName + "']/following-sibling::ul/li/span[3]/span[2])[" + i + "]": null

2018-07-05 20:50:17 - [TEST_STEP][PASSED] - Statement - println(groupXpath): null

2018-07-05 20:50:17 - [TEST_STEP][PASSED] - Statement - childgroup = driver.findElement(org.openqa.selenium.By.xpath(groupXpath)).getText(): null

2018-07-05 20:50:17 - [TEST_STEP][PASSED] - Statement - println(childgroup): null

2018-07-05 20:50:17 - [TEST_STEP][PASSED] - Statement - subGroupList[i - 1] = childgroup: null

2018-07-05 20:50:17 - [TEST_STEP][PASSED] - Statement - groupXpath = "(//span[@title='" + groupName + "']/following-sibling::ul/li/span[3]/span[2])[" + i + "]": null

2018-07-05 20:50:17 - [TEST_STEP][PASSED] - Statement - println(groupXpath): null

2018-07-05 20:50:17 - [TEST_STEP][PASSED] - Statement - childgroup = driver.findElement(org.openqa.selenium.By.xpath(groupXpath)).getText(): null

2018-07-05 20:50:18 - [TEST_STEP][PASSED] - Statement - println(childgroup): null

2018-07-05 20:50:18 - [TEST_STEP][PASSED] - Statement - subGroupList[i - 1] = childgroup: null

2018-07-05 20:50:18 - [TEST_STEP][PASSED] - Statement - groupXpath = "(//span[@title='" + groupName + "']/following-sibling::ul/li/span[3]/span[2])[" + i + "]": null

2018-07-05 20:50:18 - [TEST_STEP][PASSED] - Statement - println(groupXpath): null

2018-07-05 20:50:18 - [TEST_STEP][PASSED] - Statement - childgroup = driver.findElement(org.openqa.selenium.By.xpath(groupXpath)).getText(): null

2018-07-05 20:50:18 - [TEST_STEP][PASSED] - Statement - println(childgroup): null

2018-07-05 20:50:18 - [TEST_STEP][PASSED] - Statement - subGroupList[i - 1] = childgroup: null

2018-07-05 20:50:18 - [TEST_STEP][PASSED] - Statement - groupXpath = "(//span[@title='" + groupName + "']/following-sibling::ul/li/span[3]/span[2])[" + i + "]": null

2018-07-05 20:50:18 - [TEST_STEP][PASSED] - Statement - println(groupXpath): null

2018-07-05 20:50:18 - [TEST_STEP][PASSED] - Statement - childgroup = driver.findElement(org.openqa.selenium.By.xpath(groupXpath)).getText(): null

2018-07-05 20:50:18 - [TEST_STEP][PASSED] - Statement - println(childgroup): null

2018-07-05 20:50:18 - [TEST_STEP][PASSED] - Statement - subGroupList[i - 1] = childgroup: null

2018-07-05 20:50:18 - [TEST_STEP][PASSED] - Statement - groupXpath = "(//span[@title='" + groupName + "']/following-sibling::ul/li/span[3]/span[2])[" + i + "]": null

2018-07-05 20:50:18 - [TEST_STEP][PASSED] - Statement - println(groupXpath): null

2018-07-05 20:50:18 - [TEST_STEP][PASSED] - Statement - childgroup = driver.findElement(org.openqa.selenium.By.xpath(groupXpath)).getText(): null

2018-07-05 20:50:18 - [TEST_STEP][PASSED] - Statement - println(childgroup): null

2018-07-05 20:50:18 - [TEST_STEP][PASSED] - Statement - subGroupList[i - 1] = childgroup: null

2018-07-05 20:50:18 - [TEST_STEP][PASSED] - Statement - groupXpath = "(//span[@title='" + groupName + "']/following-sibling::ul/li/span[3]/span[2])[" + i + "]": null

2018-07-05 20:50:18 - [TEST_STEP][PASSED] - Statement - println(groupXpath): null

2018-07-05 20:50:18 - [TEST_STEP][PASSED] - Statement - childgroup = driver.findElement(org.openqa.selenium.By.xpath(groupXpath)).getText(): null

2018-07-05 20:50:18 - [TEST_STEP][PASSED] - Statement - println(childgroup): null

2018-07-05 20:50:18 - [TEST_STEP][PASSED] - Statement - subGroupList[i - 1] = childgroup: null

2018-07-05 20:50:18 - [TEST_STEP][PASSED] - Statement - groupXpath = "(//span[@title='" + groupName + "']/following-sibling::ul/li/span[3]/span[2])[" + i + "]": null

2018-07-05 20:50:18 - [TEST_STEP][PASSED] - Statement - println(groupXpath): null

2018-07-05 20:50:18 - [TEST_STEP][PASSED] - Statement - childgroup = driver.findElement(org.openqa.selenium.By.xpath(groupXpath)).getText(): null

2018-07-05 20:50:18 - [TEST_STEP][PASSED] - Statement - println(childgroup): null

2018-07-05 20:50:18 - [TEST_STEP][PASSED] - Statement - subGroupList[i - 1] = childgroup: null

2018-07-05 20:50:18 - [TEST_STEP][PASSED] - Statement - groupXpath = "(//span[@title='" + groupName + "']/following-sibling::ul/li/span[3]/span[2])[" + i + "]": null

2018-07-05 20:50:18 - [TEST_STEP][PASSED] - Statement - println(groupXpath): null

2018-07-05 20:50:18 - [TEST_STEP][PASSED] - Statement - childgroup = driver.findElement(org.openqa.selenium.By.xpath(groupXpath)).getText(): null

2018-07-05 20:50:18 - [TEST_STEP][PASSED] - Statement - println(childgroup): null

2018-07-05 20:50:18 - [TEST_STEP][PASSED] - Statement - subGroupList[i - 1] = childgroup: null

2018-07-05 20:50:18 - [TEST_STEP][PASSED] - Statement - groupXpath = "(//span[@title='" + groupName + "']/following-sibling::ul/li/span[3]/span[2])[" + i + "]": null

2018-07-05 20:50:18 - [TEST_STEP][PASSED] - Statement - println(groupXpath): null

2018-07-05 20:50:18 - [TEST_STEP][PASSED] - Statement - childgroup = driver.findElement(org.openqa.selenium.By.xpath(groupXpath)).getText(): null

2018-07-05 20:50:18 - [TEST_STEP][PASSED] - Statement - println(childgroup): null

2018-07-05 20:50:18 - [TEST_STEP][PASSED] - Statement - subGroupList[i - 1] = childgroup: null

2018-07-05 20:50:18 - [TEST_STEP][PASSED] - Statement - groupXpath = "(//span[@title='" + groupName + "']/following-sibling::ul/li/span[3]/span[2])[" + i + "]": null

2018-07-05 20:50:18 - [TEST_STEP][PASSED] - Statement - println(groupXpath): null

2018-07-05 20:50:18 - [TEST_STEP][PASSED] - Statement - childgroup = driver.findElement(org.openqa.selenium.By.xpath(groupXpath)).getText(): null

2018-07-05 20:50:18 - [TEST_STEP][PASSED] - Statement - println(childgroup): null

2018-07-05 20:50:18 - [TEST_STEP][PASSED] - Statement - subGroupList[i - 1] = childgroup: null

2018-07-05 20:50:18 - [TEST_STEP][PASSED] - Statement - groupXpath = "(//span[@title='" + groupName + "']/following-sibling::ul/li/span[3]/span[2])[" + i + "]": null

2018-07-05 20:50:18 - [TEST_STEP][PASSED] - Statement - println(groupXpath): null

2018-07-05 20:50:18 - [TEST_STEP][PASSED] - Statement - childgroup = driver.findElement(org.openqa.selenium.By.xpath(groupXpath)).getText(): null

2018-07-05 20:50:18 - [TEST_STEP][PASSED] - Statement - println(childgroup): null

2018-07-05 20:50:18 - [TEST_STEP][PASSED] - Statement - subGroupList[i - 1] = childgroup: null

2018-07-05 20:50:18 - [TEST_STEP][PASSED] - Statement - groupXpath = "(//span[@title='" + groupName + "']/following-sibling::ul/li/span[3]/span[2])[" + i + "]": null

2018-07-05 20:50:18 - [TEST_STEP][PASSED] - Statement - println(groupXpath): null

2018-07-05 20:50:18 - [TEST_STEP][PASSED] - Statement - childgroup = driver.findElement(org.openqa.selenium.By.xpath(groupXpath)).getText(): null

2018-07-05 20:50:18 - [TEST_STEP][PASSED] - Statement - println(childgroup): null

2018-07-05 20:50:18 - [TEST_STEP][PASSED] - Statement - subGroupList[i - 1] = childgroup: null

2018-07-05 20:50:18 - [TEST_STEP][PASSED] - Statement - groupXpath = "(//span[@title='" + groupName + "']/following-sibling::ul/li/span[3]/span[2])[" + i + "]": null

2018-07-05 20:50:18 - [TEST_STEP][PASSED] - Statement - println(groupXpath): null

2018-07-05 20:50:18 - [TEST_STEP][PASSED] - Statement - childgroup = driver.findElement(org.openqa.selenium.By.xpath(groupXpath)).getText(): null

2018-07-05 20:50:18 - [TEST_STEP][PASSED] - Statement - println(childgroup): null

2018-07-05 20:50:18 - [TEST_STEP][PASSED] - Statement - subGroupList[i - 1] = childgroup: null

2018-07-05 20:50:18 - [TEST_STEP][PASSED] - Statement - groupXpath = "(//span[@title='" + groupName + "']/following-sibling::ul/li/span[3]/span[2])[" + i + "]": null

2018-07-05 20:50:18 - [TEST_STEP][PASSED] - Statement - println(groupXpath): null

2018-07-05 20:50:18 - [TEST_STEP][PASSED] - Statement - childgroup = driver.findElement(org.openqa.selenium.By.xpath(groupXpath)).getText(): null

2018-07-05 20:50:18 - [TEST_STEP][PASSED] - Statement - println(childgroup): null

2018-07-05 20:50:18 - [TEST_STEP][PASSED] - Statement - subGroupList[i - 1] = childgroup: null

2018-07-05 20:50:18 - [TEST_STEP][PASSED] - Statement - groupXpath = "(//span[@title='" + groupName + "']/following-sibling::ul/li/span[3]/span[2])[" + i + "]": null

2018-07-05 20:50:18 - [TEST_STEP][PASSED] - Statement - println(groupXpath): null

2018-07-05 20:50:18 - [TEST_STEP][PASSED] - Statement - childgroup = driver.findElement(org.openqa.selenium.By.xpath(groupXpath)).getText(): null

2018-07-05 20:50:18 - [TEST_STEP][PASSED] - Statement - println(childgroup): null

2018-07-05 20:50:18 - [TEST_STEP][PASSED] - Statement - subGroupList[i - 1] = childgroup: null

2018-07-05 20:50:18 - [TEST_STEP][PASSED] - Statement - groupXpath = "(//span[@title='" + groupName + "']/following-sibling::ul/li/span[3]/span[2])[" + i + "]": null

2018-07-05 20:50:18 - [TEST_STEP][PASSED] - Statement - println(groupXpath): null

2018-07-05 20:50:18 - [TEST_STEP][PASSED] - Statement - childgroup = driver.findElement(org.openqa.selenium.By.xpath(groupXpath)).getText(): null

2018-07-05 20:50:18 - [TEST_STEP][PASSED] - Statement - println(childgroup): null

2018-07-05 20:50:18 - [TEST_STEP][PASSED] - Statement - subGroupList[i - 1] = childgroup: null

2018-07-05 20:50:18 - [TEST_STEP][PASSED] - Statement - groupXpath = "(//span[@title='" + groupName + "']/following-sibling::ul/li/span[3]/span[2])[" + i + "]": null

2018-07-05 20:50:18 - [TEST_STEP][PASSED] - Statement - println(groupXpath): null

2018-07-05 20:50:18 - [TEST_STEP][PASSED] - Statement - childgroup = driver.findElement(org.openqa.selenium.By.xpath(groupXpath)).getText(): null

2018-07-05 20:50:18 - [TEST_STEP][PASSED] - Statement - println(childgroup): null

2018-07-05 20:50:18 - [TEST_STEP][PASSED] - Statement - subGroupList[i - 1] = childgroup: null

2018-07-05 20:50:18 - [TEST_STEP][PASSED] - Statement - groupXpath = "(//span[@title='" + groupName + "']/following-sibling::ul/li/span[3]/span[2])[" + i + "]": null

2018-07-05 20:50:18 - [TEST_STEP][PASSED] - Statement - println(groupXpath): null

2018-07-05 20:50:18 - [TEST_STEP][PASSED] - Statement - childgroup = driver.findElement(org.openqa.selenium.By.xpath(groupXpath)).getText(): null

2018-07-05 20:50:18 - [TEST_STEP][PASSED] - Statement - println(childgroup): null

2018-07-05 20:50:18 - [TEST_STEP][PASSED] - Statement - subGroupList[i - 1] = childgroup: null

2018-07-05 20:50:18 - [TEST_STEP][PASSED] - Statement - groupXpath = "(//span[@title='" + groupName + "']/following-sibling::ul/li/span[3]/span[2])[" + i + "]": null

2018-07-05 20:50:18 - [TEST_STEP][PASSED] - Statement - println(groupXpath): null

2018-07-05 20:50:18 - [TEST_STEP][PASSED] - Statement - childgroup = driver.findElement(org.openqa.selenium.By.xpath(groupXpath)).getText(): null

2018-07-05 20:50:18 - [TEST_STEP][PASSED] - Statement - println(childgroup): null

2018-07-05 20:50:18 - [TEST_STEP][PASSED] - Statement - subGroupList[i - 1] = childgroup: null

2018-07-05 20:50:18 - [TEST_STEP][PASSED] - Statement - groupXpath = "(//span[@title='" + groupName + "']/following-sibling::ul/li/span[3]/span[2])[" + i + "]": null

2018-07-05 20:50:18 - [TEST_STEP][PASSED] - Statement - println(groupXpath): null

2018-07-05 20:50:18 - [TEST_STEP][PASSED] - Statement - childgroup = driver.findElement(org.openqa.selenium.By.xpath(groupXpath)).getText(): null

2018-07-05 20:50:18 - [TEST_STEP][PASSED] - Statement - println(childgroup): null

2018-07-05 20:50:18 - [TEST_STEP][PASSED] - Statement - subGroupList[i - 1] = childgroup: null

2018-07-05 20:50:18 - [TEST_STEP][PASSED] - Statement - groupXpath = "(//span[@title='" + groupName + "']/following-sibling::ul/li/span[3]/span[2])[" + i + "]": null

2018-07-05 20:50:18 - [TEST_STEP][PASSED] - Statement - println(groupXpath): null

2018-07-05 20:50:18 - [TEST_STEP][PASSED] - Statement - childgroup = driver.findElement(org.openqa.selenium.By.xpath(groupXpath)).getText(): null

2018-07-05 20:50:18 - [TEST_STEP][PASSED] - Statement - println(childgroup): null

2018-07-05 20:50:18 - [TEST_STEP][PASSED] - Statement - subGroupList[i - 1] = childgroup: null

2018-07-05 20:50:18 - [TEST_STEP][PASSED] - Statement - groupXpath = "(//span[@title='" + groupName + "']/following-sibling::ul/li/span[3]/span[2])[" + i + "]": null

2018-07-05 20:50:18 - [TEST_STEP][PASSED] - Statement - println(groupXpath): null

2018-07-05 20:50:18 - [TEST_STEP][PASSED] - Statement - childgroup = driver.findElement(org.openqa.selenium.By.xpath(groupXpath)).getText(): null

2018-07-05 20:50:18 - [TEST_STEP][PASSED] - Statement - println(childgroup): null

2018-07-05 20:50:18 - [TEST_STEP][PASSED] - Statement - subGroupList[i - 1] = childgroup: null

2018-07-05 20:50:18 - [TEST_STEP][PASSED] - Statement - println(subGroupList): null

2018-07-05 20:50:18 - [TEST_STEP][PASSED] - Statement - println(groupStoresList1): null

2018-07-05 20:50:18 - [TEST_STEP][PASSED] - Statement - If (subGroupList.containsAll(groupStoresList1)): null

2018-07-05 20:50:18 - [TEST_STEP][PASSED] - Statement - println("Parent group have all the associated stores and groups"): null

2018-07-05 20:50:18 - [TEST_STEP][PASSED] - uiaction.CommonUIActions.click: uiaction.CommonUIActions.click is PASSED

2018-07-05 20:50:33 - [MESSAGE][PASSED] - uiaction.CommonUIActions.click is PASSED

2018-07-05 20:50:33 - [TEST_STEP][PASSED] - Statement - storesList = driver.findElements(org.openqa.selenium.By.xpath(com.kms.katalon.core.testdata.TestDataFactory.findTestData(OR_file).getValue(2, 16))): Reading excel file with source file 'C:\Users\shalinin\Katalon Studio\HME_DEVScripts\Data Files\HME_OR.xlsx' and sheet name 'Sheet1'

2018-07-05 20:50:33 - [TEST_STEP][PASSED] - Statement - For ([i = 1, i < storesList.size(), (i++)]): null

2018-07-05 20:50:33 - [TEST_STEP][PASSED] - Statement - reportgroup = "(//div[@class='ctable']/table/tbody/tr[@class='tdata clear'])[" + i + "]/td[7]": null

2018-07-05 20:50:33 - [TEST_STEP][PASSED] - Statement - reportgroupTxt = driver.findElement(org.openqa.selenium.By.xpath(reportgroup)).getText(): null

2018-07-05 20:50:33 - [TEST_STEP][PASSED] - Statement - If (reportgroupTxt == "AutomationGroup"): null

2018-07-05 20:50:33 - [TEST_STEP][PASSED] - Statement - println("Report group has right group name"): null

2018-07-05 20:50:33 - [TEST_STEP][PASSED] - Statement - reportgroup = "(//div[@class='ctable']/table/tbody/tr[@class='tdata clear'])[" + i + "]/td[7]": null

2018-07-05 20:50:33 - [TEST_STEP][PASSED] - Statement - reportgroupTxt = driver.findElement(org.openqa.selenium.By.xpath(reportgroup)).getText(): null

2018-07-05 20:50:33 - [TEST_STEP][PASSED] - Statement - If (reportgroupTxt == "AutomationGroup"): null

2018-07-05 20:50:33 - [TEST_STEP][PASSED] - Statement - println("Report group has right group name"): null

2018-07-05 20:50:33 - [TEST_STEP][PASSED] - Statement - reportgroup = "(//div[@class='ctable']/table/tbody/tr[@class='tdata clear'])[" + i + "]/td[7]": null

2018-07-05 20:50:33 - [TEST_STEP][PASSED] - Statement - reportgroupTxt = driver.findElement(org.openqa.selenium.By.xpath(reportgroup)).getText(): null

2018-07-05 20:50:33 - [TEST_STEP][PASSED] - Statement - If (reportgroupTxt == "AutomationGroup"): null

2018-07-05 20:50:33 - [TEST_STEP][PASSED] - Statement - println("Report group has right group name"): null

2018-07-05 20:50:33 - [TEST_STEP][PASSED] - Statement - reportgroup = "(//div[@class='ctable']/table/tbody/tr[@class='tdata clear'])[" + i + "]/td[7]": null

2018-07-05 20:50:33 - [TEST_STEP][PASSED] - Statement - reportgroupTxt = driver.findElement(org.openqa.selenium.By.xpath(reportgroup)).getText(): null

2018-07-05 20:50:33 - [TEST_STEP][PASSED] - Statement - If (reportgroupTxt == "AutomationGroup"): null

2018-07-05 20:50:33 - [TEST_STEP][PASSED] - Statement - println("Report group has right group name"): null

2018-07-05 20:50:33 - [TEST_STEP][PASSED] - Statement - reportgroup = "(//div[@class='ctable']/table/tbody/tr[@class='tdata clear'])[" + i + "]/td[7]": null

2018-07-05 20:50:33 - [TEST_STEP][PASSED] - Statement - reportgroupTxt = driver.findElement(org.openqa.selenium.By.xpath(reportgroup)).getText(): null

2018-07-05 20:50:33 - [TEST_STEP][PASSED] - Statement - If (reportgroupTxt == "AutomationGroup"): null

2018-07-05 20:50:33 - [TEST_STEP][PASSED] - Statement - println("Report group has right group name"): null

2018-07-05 20:50:33 - [TEST_STEP][PASSED] - Statement - reportgroup = "(//div[@class='ctable']/table/tbody/tr[@class='tdata clear'])[" + i + "]/td[7]": null

2018-07-05 20:50:33 - [TEST_STEP][PASSED] - Statement - reportgroupTxt = driver.findElement(org.openqa.selenium.By.xpath(reportgroup)).getText(): null

2018-07-05 20:50:33 - [TEST_STEP][PASSED] - Statement - If (reportgroupTxt == "AutomationGroup"): null

2018-07-05 20:50:33 - [TEST_STEP][PASSED] - Statement - Else: null

2018-07-05 20:50:33 - [TEST_STEP][PASSED] - Statement - If (!(TCflag)): null

2018-07-05 20:50:33 - [TEST_STEP][PASSED] - Statement - reportgroup = "(//div[@class='ctable']/table/tbody/tr[@class='tdata clear'])[" + i + "]/td[7]": null

2018-07-05 20:50:33 - [TEST_STEP][PASSED] - Statement - reportgroupTxt = driver.findElement(org.openqa.selenium.By.xpath(reportgroup)).getText(): null

2018-07-05 20:50:33 - [TEST_STEP][PASSED] - Statement - If (reportgroupTxt == "AutomationGroup"): null

2018-07-05 20:50:33 - [TEST_STEP][PASSED] - Statement - println("Report group has right group name"): null

2018-07-05 20:50:33 - [TEST_STEP][PASSED] - Statement - reportgroup = "(//div[@class='ctable']/table/tbody/tr[@class='tdata clear'])[" + i + "]/td[7]": null

2018-07-05 20:50:33 - [TEST_STEP][PASSED] - Statement - reportgroupTxt = driver.findElement(org.openqa.selenium.By.xpath(reportgroup)).getText(): null

2018-07-05 20:50:33 - [TEST_STEP][PASSED] - Statement - If (reportgroupTxt == "AutomationGroup"): null

2018-07-05 20:50:33 - [TEST_STEP][PASSED] - Statement - println("Report group has right group name"): null

2018-07-05 20:50:33 - [TEST_STEP][PASSED] - Statement - reportgroup = "(//div[@class='ctable']/table/tbody/tr[@class='tdata clear'])[" + i + "]/td[7]": null

2018-07-05 20:50:33 - [TEST_STEP][PASSED] - Statement - reportgroupTxt = driver.findElement(org.openqa.selenium.By.xpath(reportgroup)).getText(): null

2018-07-05 20:50:33 - [TEST_STEP][PASSED] - Statement - If (reportgroupTxt == "AutomationGroup"): null

2018-07-05 20:50:33 - [TEST_STEP][PASSED] - Statement - println("Report group has right group name"): null

2018-07-05 20:50:33 - [TEST_STEP][PASSED] - Statement - reportgroup = "(//div[@class='ctable']/table/tbody/tr[@class='tdata clear'])[" + i + "]/td[7]": null

2018-07-05 20:50:33 - [TEST_STEP][PASSED] - Statement - reportgroupTxt = driver.findElement(org.openqa.selenium.By.xpath(reportgroup)).getText(): null

2018-07-05 20:50:33 - [TEST_STEP][PASSED] - Statement - If (reportgroupTxt == "AutomationGroup"): null

2018-07-05 20:50:33 - [TEST_STEP][PASSED] - Statement - println("Report group has right group name"): null

2018-07-05 20:50:33 - [TEST_STEP][PASSED] - Statement - reportgroup = "(//div[@class='ctable']/table/tbody/tr[@class='tdata clear'])[" + i + "]/td[7]": null

2018-07-05 20:50:33 - [TEST_STEP][PASSED] - Statement - reportgroupTxt = driver.findElement(org.openqa.selenium.By.xpath(reportgroup)).getText(): null

2018-07-05 20:50:33 - [TEST_STEP][PASSED] - Statement - If (reportgroupTxt == "AutomationGroup"): null

2018-07-05 20:50:33 - [TEST_STEP][PASSED] - Statement - println("Report group has right group name"): null

2018-07-05 20:50:33 - [TEST_STEP][PASSED] - Statement - reportgroup = "(//div[@class='ctable']/table/tbody/tr[@class='tdata clear'])[" + i + "]/td[7]": null

2018-07-05 20:50:33 - [TEST_STEP][PASSED] - Statement - reportgroupTxt = driver.findElement(org.openqa.selenium.By.xpath(reportgroup)).getText(): null

2018-07-05 20:50:33 - [TEST_STEP][PASSED] - Statement - If (reportgroupTxt == "AutomationGroup"): null

2018-07-05 20:50:33 - [TEST_STEP][PASSED] - Statement - println("Report group has right group name"): null

2018-07-05 20:50:33 - [TEST_STEP][PASSED] - Statement - reportgroup = "(//div[@class='ctable']/table/tbody/tr[@class='tdata clear'])[" + i + "]/td[7]": null

2018-07-05 20:50:33 - [TEST_STEP][PASSED] - Statement - reportgroupTxt = driver.findElement(org.openqa.selenium.By.xpath(reportgroup)).getText(): null

2018-07-05 20:50:33 - [TEST_STEP][PASSED] - Statement - If (reportgroupTxt == "AutomationGroup"): null

2018-07-05 20:50:33 - [TEST_STEP][PASSED] - Statement - println("Report group has right group name"): null

2018-07-05 20:50:33 - [TEST_STEP][PASSED] - Statement - reportgroup = "(//div[@class='ctable']/table/tbody/tr[@class='tdata clear'])[" + i + "]/td[7]": null

2018-07-05 20:50:33 - [TEST_STEP][PASSED] - Statement - reportgroupTxt = driver.findElement(org.openqa.selenium.By.xpath(reportgroup)).getText(): null

2018-07-05 20:50:33 - [TEST_STEP][PASSED] - Statement - If (reportgroupTxt == "AutomationGroup"): null

2018-07-05 20:50:33 - [TEST_STEP][PASSED] - Statement - println("Report group has right group name"): null

2018-07-05 20:50:33 - [TEST_STEP][PASSED] - Statement - reportgroup = "(//div[@class='ctable']/table/tbody/tr[@class='tdata clear'])[" + i + "]/td[7]": null

2018-07-05 20:50:33 - [TEST_STEP][PASSED] - Statement - reportgroupTxt = driver.findElement(org.openqa.selenium.By.xpath(reportgroup)).getText(): null

2018-07-05 20:50:33 - [TEST_STEP][PASSED] - Statement - If (reportgroupTxt == "AutomationGroup"): null

2018-07-05 20:50:33 - [TEST_STEP][PASSED] - Statement - println("Report group has right group name"): null

2018-07-05 20:50:33 - [TEST_STEP][PASSED] - Statement - reportgroup = "(//div[@class='ctable']/table/tbody/tr[@class='tdata clear'])[" + i + "]/td[7]": null

2018-07-05 20:50:33 - [TEST_STEP][PASSED] - Statement - reportgroupTxt = driver.findElement(org.openqa.selenium.By.xpath(reportgroup)).getText(): null

2018-07-05 20:50:33 - [TEST_STEP][PASSED] - Statement - If (reportgroupTxt == "AutomationGroup"): null

2018-07-05 20:50:33 - [TEST_STEP][PASSED] - Statement - println("Report group has right group name"): null

2018-07-05 20:50:33 - [TEST_STEP][PASSED] - Statement - reportgroup = "(//div[@class='ctable']/table/tbody/tr[@class='tdata clear'])[" + i + "]/td[7]": null

2018-07-05 20:50:33 - [TEST_STEP][PASSED] - Statement - reportgroupTxt = driver.findElement(org.openqa.selenium.By.xpath(reportgroup)).getText(): null

2018-07-05 20:50:33 - [TEST_STEP][PASSED] - Statement - If (reportgroupTxt == "AutomationGroup"): null

2018-07-05 20:50:33 - [TEST_STEP][PASSED] - Statement - println("Report group has right group name"): null

2018-07-05 20:50:33 - [TEST_STEP][PASSED] - Statement - reportgroup = "(//div[@class='ctable']/table/tbody/tr[@class='tdata clear'])[" + i + "]/td[7]": null

2018-07-05 20:50:33 - [TEST_STEP][PASSED] - Statement - reportgroupTxt = driver.findElement(org.openqa.selenium.By.xpath(reportgroup)).getText(): null

2018-07-05 20:50:33 - [TEST_STEP][PASSED] - Statement - If (reportgroupTxt == "AutomationGroup"): null

2018-07-05 20:50:33 - [TEST_STEP][PASSED] - Statement - println("Report group has right group name"): null

2018-07-05 20:50:33 - [TEST_STEP][PASSED] - Statement - reportgroup = "(//div[@class='ctable']/table/tbody/tr[@class='tdata clear'])[" + i + "]/td[7]": null

2018-07-05 20:50:33 - [TEST_STEP][PASSED] - Statement - reportgroupTxt = driver.findElement(org.openqa.selenium.By.xpath(reportgroup)).getText(): null

2018-07-05 20:50:34 - [TEST_STEP][PASSED] - Statement - If (reportgroupTxt == "AutomationGroup"): null

2018-07-05 20:50:34 - [TEST_STEP][PASSED] - Statement - println("Report group has right group name"): null

2018-07-05 20:50:34 - [TEST_STEP][PASSED] - Statement - reportgroup = "(//div[@class='ctable']/table/tbody/tr[@class='tdata clear'])[" + i + "]/td[7]": null

2018-07-05 20:50:34 - [TEST_STEP][PASSED] - Statement - reportgroupTxt = driver.findElement(org.openqa.selenium.By.xpath(reportgroup)).getText(): null

2018-07-05 20:50:34 - [TEST_STEP][PASSED] - Statement - If (reportgroupTxt == "AutomationGroup"): null

2018-07-05 20:50:34 - [TEST_STEP][PASSED] - Statement - println("Report group has right group name"): null

2018-07-05 20:50:34 - [TEST_STEP][PASSED] - Statement - reportgroup = "(//div[@class='ctable']/table/tbody/tr[@class='tdata clear'])[" + i + "]/td[7]": null

2018-07-05 20:50:34 - [TEST_STEP][PASSED] - Statement - reportgroupTxt = driver.findElement(org.openqa.selenium.By.xpath(reportgroup)).getText(): null

2018-07-05 20:50:34 - [TEST_STEP][PASSED] - Statement - If (reportgroupTxt == "AutomationGroup"): null

2018-07-05 20:50:34 - [TEST_STEP][PASSED] - Statement - println("Report group has right group name"): null

2018-07-05 20:50:34 - [TEST_STEP][PASSED] - Statement - reportgroup = "(//div[@class='ctable']/table/tbody/tr[@class='tdata clear'])[" + i + "]/td[7]": null

2018-07-05 20:50:34 - [TEST_STEP][PASSED] - Statement - reportgroupTxt = driver.findElement(org.openqa.selenium.By.xpath(reportgroup)).getText(): null

2018-07-05 20:50:34 - [TEST_STEP][PASSED] - Statement - If (reportgroupTxt == "AutomationGroup"): null

2018-07-05 20:50:34 - [TEST_STEP][PASSED] - Statement - println("Report group has right group name"): null

2018-07-05 20:50:34 - [TEST_STEP][PASSED] - Statement - reportgroup = "(//div[@class='ctable']/table/tbody/tr[@class='tdata clear'])[" + i + "]/td[7]": null

2018-07-05 20:50:34 - [TEST_STEP][PASSED] - Statement - reportgroupTxt = driver.findElement(org.openqa.selenium.By.xpath(reportgroup)).getText(): null

2018-07-05 20:50:34 - [TEST_STEP][PASSED] - Statement - If (reportgroupTxt == "AutomationGroup"): null

2018-07-05 20:50:34 - [TEST_STEP][PASSED] - Statement - println("Report group has right group name"): null

2018-07-05 20:50:34 - [TEST_STEP][PASSED] - Statement - reportgroup = "(//div[@class='ctable']/table/tbody/tr[@class='tdata clear'])[" + i + "]/td[7]": null

2018-07-05 20:50:34 - [TEST_STEP][PASSED] - Statement - reportgroupTxt = driver.findElement(org.openqa.selenium.By.xpath(reportgroup)).getText(): null

2018-07-05 20:50:34 - [TEST_STEP][PASSED] - Statement - If (reportgroupTxt == "AutomationGroup"): null

2018-07-05 20:50:34 - [TEST_STEP][PASSED] - Statement - println("Report group has right group name"): null

2018-07-05 20:50:34 - [TEST_STEP][PASSED] - Statement - reportgroup = "(//div[@class='ctable']/table/tbody/tr[@class='tdata clear'])[" + i + "]/td[7]": null

2018-07-05 20:50:34 - [TEST_STEP][PASSED] - Statement - reportgroupTxt = driver.findElement(org.openqa.selenium.By.xpath(reportgroup)).getText(): null

2018-07-05 20:50:34 - [TEST_STEP][PASSED] - Statement - If (reportgroupTxt == "AutomationGroup"): null

2018-07-05 20:50:34 - [TEST_STEP][PASSED] - Statement - println("Report group has right group name"): null

2018-07-05 20:50:34 - [TEST_STEP][PASSED] - Statement - reportgroup = "(//div[@class='ctable']/table/tbody/tr[@class='tdata clear'])[" + i + "]/td[7]": null

2018-07-05 20:50:34 - [TEST_STEP][PASSED] - Statement - reportgroupTxt = driver.findElement(org.openqa.selenium.By.xpath(reportgroup)).getText(): null

2018-07-05 20:50:34 - [TEST_STEP][PASSED] - Statement - If (reportgroupTxt == "AutomationGroup"): null

2018-07-05 20:50:34 - [TEST_STEP][PASSED] - Statement - println("Report group has right group name"): null

2018-07-05 20:50:34 - [TEST_STEP][PASSED] - Statement - reportgroup = "(//div[@class='ctable']/table/tbody/tr[@class='tdata clear'])[" + i + "]/td[7]": null

2018-07-05 20:50:34 - [TEST_STEP][PASSED] - Statement - reportgroupTxt = driver.findElement(org.openqa.selenium.By.xpath(reportgroup)).getText(): null

2018-07-05 20:50:34 - [TEST_STEP][PASSED] - Statement - If (reportgroupTxt == "AutomationGroup"): null

2018-07-05 20:50:34 - [TEST_STEP][PASSED] - Statement - println("Report group has right group name"): null

2018-07-05 20:50:34 - [TEST_STEP][PASSED] - Statement - reportgroup = "(//div[@class='ctable']/table/tbody/tr[@class='tdata clear'])[" + i + "]/td[7]": null

2018-07-05 20:50:34 - [TEST_STEP][PASSED] - Statement - reportgroupTxt = driver.findElement(org.openqa.selenium.By.xpath(reportgroup)).getText(): null

2018-07-05 20:50:34 - [TEST_STEP][PASSED] - Statement - If (reportgroupTxt == "AutomationGroup"): null

2018-07-05 20:50:34 - [TEST_STEP][PASSED] - Statement - println("Report group has right group name"): null

2018-07-05 20:50:34 - [TEST_STEP][PASSED] - Statement - reportgroup = "(//div[@class='ctable']/table/tbody/tr[@class='tdata clear'])[" + i + "]/td[7]": null

2018-07-05 20:50:34 - [TEST_STEP][PASSED] - Statement - reportgroupTxt = driver.findElement(org.openqa.selenium.By.xpath(reportgroup)).getText(): null

2018-07-05 20:50:34 - [TEST_STEP][PASSED] - Statement - If (reportgroupTxt == "AutomationGroup"): null

2018-07-05 20:50:34 - [TEST_STEP][PASSED] - Statement - println("Report group has right group name"): null

2018-07-05 20:50:34 - [TEST_STEP][PASSED] - Statement - reportgroup = "(//div[@class='ctable']/table/tbody/tr[@class='tdata clear'])[" + i + "]/td[7]": null

2018-07-05 20:50:34 - [TEST_STEP][PASSED] - Statement - reportgroupTxt = driver.findElement(org.openqa.selenium.By.xpath(reportgroup)).getText(): null

2018-07-05 20:50:34 - [TEST_STEP][PASSED] - Statement - If (reportgroupTxt == "AutomationGroup"): null

2018-07-05 20:50:34 - [TEST_STEP][PASSED] - Statement - println("Report group has right group name"): null

2018-07-05 20:50:34 - [TEST_STEP][PASSED] - Statement - reportgroup = "(//div[@class='ctable']/table/tbody/tr[@class='tdata clear'])[" + i + "]/td[7]": null

2018-07-05 20:50:34 - [TEST_STEP][PASSED] - Statement - reportgroupTxt = driver.findElement(org.openqa.selenium.By.xpath(reportgroup)).getText(): null

2018-07-05 20:50:34 - [TEST_STEP][PASSED] - Statement - If (reportgroupTxt == "AutomationGroup"): null

2018-07-05 20:50:34 - [TEST_STEP][PASSED] - Statement - println("Report group has right group name"): null

2018-07-05 20:50:34 - [TEST_STEP][PASSED] - Statement - reportgroup = "(//div[@class='ctable']/table/tbody/tr[@class='tdata clear'])[" + i + "]/td[7]": null

2018-07-05 20:50:34 - [TEST_STEP][PASSED] - Statement - reportgroupTxt = driver.findElement(org.openqa.selenium.By.xpath(reportgroup)).getText(): null

2018-07-05 20:50:34 - [TEST_STEP][PASSED] - Statement - If (reportgroupTxt == "AutomationGroup"): null

2018-07-05 20:50:34 - [TEST_STEP][PASSED] - Statement - println("Report group has right group name"): null

2018-07-05 20:50:34 - [TEST_STEP][PASSED] - Statement - reportgroup = "(//div[@class='ctable']/table/tbody/tr[@class='tdata clear'])[" + i + "]/td[7]": null

2018-07-05 20:50:34 - [TEST_STEP][PASSED] - Statement - reportgroupTxt = driver.findElement(org.openqa.selenium.By.xpath(reportgroup)).getText(): null

2018-07-05 20:50:34 - [TEST_STEP][PASSED] - Statement - If (reportgroupTxt == "AutomationGroup"): null

2018-07-05 20:50:34 - [TEST_STEP][PASSED] - Statement - println("Report group has right group name"): null

2018-07-05 20:50:34 - [TEST_STEP][PASSED] - Statement - reportgroup = "(//div[@class='ctable']/table/tbody/tr[@class='tdata clear'])[" + i + "]/td[7]": null

2018-07-05 20:50:34 - [TEST_STEP][PASSED] - Statement - reportgroupTxt = driver.findElement(org.openqa.selenium.By.xpath(reportgroup)).getText(): null

2018-07-05 20:50:34 - [TEST_STEP][PASSED] - Statement - If (reportgroupTxt == "AutomationGroup"): null

2018-07-05 20:50:34 - [TEST_STEP][PASSED] - Statement - println("Report group has right group name"): null

2018-07-05 20:50:34 - [TEST_STEP][PASSED] - Statement - reportgroup = "(//div[@class='ctable']/table/tbody/tr[@class='tdata clear'])[" + i + "]/td[7]": null

2018-07-05 20:50:34 - [TEST_STEP][PASSED] - Statement - reportgroupTxt = driver.findElement(org.openqa.selenium.By.xpath(reportgroup)).getText(): null

2018-07-05 20:50:34 - [TEST_STEP][PASSED] - Statement - If (reportgroupTxt == "AutomationGroup"): null

2018-07-05 20:50:34 - [TEST_STEP][PASSED] - Statement - println("Report group has right group name"): null

2018-07-05 20:50:34 - [TEST_STEP][PASSED] - Statement - reportgroup = "(//div[@class='ctable']/table/tbody/tr[@class='tdata clear'])[" + i + "]/td[7]": null

2018-07-05 20:50:34 - [TEST_STEP][PASSED] - Statement - reportgroupTxt = driver.findElement(org.openqa.selenium.By.xpath(reportgroup)).getText(): null

2018-07-05 20:50:34 - [TEST_STEP][PASSED] - Statement - If (reportgroupTxt == "AutomationGroup"): null

2018-07-05 20:50:34 - [TEST_STEP][PASSED] - Statement - println("Report group has right group name"): null

2018-07-05 20:50:34 - [TEST_STEP][PASSED] - Statement - reportgroup = "(//div[@class='ctable']/table/tbody/tr[@class='tdata clear'])[" + i + "]/td[7]": null

2018-07-05 20:50:34 - [TEST_STEP][PASSED] - Statement - reportgroupTxt = driver.findElement(org.openqa.selenium.By.xpath(reportgroup)).getText(): null

2018-07-05 20:50:34 - [TEST_STEP][PASSED] - Statement - If (reportgroupTxt == "AutomationGroup"): null

2018-07-05 20:50:34 - [TEST_STEP][PASSED] - Statement - println("Report group has right group name"): null

2018-07-05 20:50:34 - [TEST_STEP][PASSED] - Statement - reportgroup = "(//div[@class='ctable']/table/tbody/tr[@class='tdata clear'])[" + i + "]/td[7]": null

2018-07-05 20:50:34 - [TEST_STEP][PASSED] - Statement - reportgroupTxt = driver.findElement(org.openqa.selenium.By.xpath(reportgroup)).getText(): null

2018-07-05 20:50:34 - [TEST_STEP][PASSED] - Statement - If (reportgroupTxt == "AutomationGroup"): null

2018-07-05 20:50:34 - [TEST_STEP][PASSED] - Statement - println("Report group has right group name"): null

2018-07-05 20:50:34 - [TEST_STEP][PASSED] - Statement - reportgroup = "(//div[@class='ctable']/table/tbody/tr[@class='tdata clear'])[" + i + "]/td[7]": null

2018-07-05 20:50:34 - [TEST_STEP][PASSED] - Statement - reportgroupTxt = driver.findElement(org.openqa.selenium.By.xpath(reportgroup)).getText(): null

2018-07-05 20:50:34 - [TEST_STEP][PASSED] - Statement - If (reportgroupTxt == "AutomationGroup"): null

2018-07-05 20:50:34 - [TEST_STEP][PASSED] - Statement - println("Report group has right group name"): null

2018-07-05 20:50:34 - [TEST_STEP][PASSED] - Statement - reportgroup = "(//div[@class='ctable']/table/tbody/tr[@class='tdata clear'])[" + i + "]/td[7]": null

2018-07-05 20:50:34 - [TEST_STEP][PASSED] - Statement - reportgroupTxt = driver.findElement(org.openqa.selenium.By.xpath(reportgroup)).getText(): null

2018-07-05 20:50:34 - [TEST_STEP][PASSED] - Statement - If (reportgroupTxt == "AutomationGroup"): null

2018-07-05 20:50:34 - [TEST_STEP][PASSED] - Statement - println("Report group has right group name"): null

2018-07-05 20:50:34 - [TEST_STEP][PASSED] - Statement - reportgroup = "(//div[@class='ctable']/table/tbody/tr[@class='tdata clear'])[" + i + "]/td[7]": null

2018-07-05 20:50:34 - [TEST_STEP][PASSED] - Statement - reportgroupTxt = driver.findElement(org.openqa.selenium.By.xpath(reportgroup)).getText(): null

2018-07-05 20:50:34 - [TEST_STEP][PASSED] - Statement - If (reportgroupTxt == "AutomationGroup"): null

2018-07-05 20:50:34 - [TEST_STEP][PASSED] - Statement - println("Report group has right group name"): null

2018-07-05 20:50:34 - [TEST_STEP][PASSED] - Statement - reportgroup = "(//div[@class='ctable']/table/tbody/tr[@class='tdata clear'])[" + i + "]/td[7]": null

2018-07-05 20:50:34 - [TEST_STEP][PASSED] - Statement - reportgroupTxt = driver.findElement(org.openqa.selenium.By.xpath(reportgroup)).getText(): null

2018-07-05 20:50:34 - [TEST_STEP][PASSED] - Statement - If (reportgroupTxt == "AutomationGroup"): null

2018-07-05 20:50:34 - [TEST_STEP][PASSED] - Statement - println("Report group has right group name"): null

2018-07-05 20:50:34 - [TEST_STEP][PASSED] - Statement - reportgroup = "(//div[@class='ctable']/table/tbody/tr[@class='tdata clear'])[" + i + "]/td[7]": null

2018-07-05 20:50:34 - [TEST_STEP][PASSED] - Statement - reportgroupTxt = driver.findElement(org.openqa.selenium.By.xpath(reportgroup)).getText(): null

2018-07-05 20:50:34 - [TEST_STEP][PASSED] - Statement - If (reportgroupTxt == "AutomationGroup"): null

2018-07-05 20:50:34 - [TEST_STEP][PASSED] - Statement - println("Report group has right group name"): null

2018-07-05 20:50:34 - [TEST_STEP][PASSED] - Statement - reportgroup = "(//div[@class='ctable']/table/tbody/tr[@class='tdata clear'])[" + i + "]/td[7]": null

2018-07-05 20:50:34 - [TEST_STEP][PASSED] - Statement - reportgroupTxt = driver.findElement(org.openqa.selenium.By.xpath(reportgroup)).getText(): null

2018-07-05 20:50:34 - [TEST_STEP][PASSED] - Statement - If (reportgroupTxt == "AutomationGroup"): null

2018-07-05 20:50:34 - [TEST_STEP][PASSED] - Statement - println("Report group has right group name"): null

2018-07-05 20:50:34 - [TEST_STEP][PASSED] - Statement - reportgroup = "(//div[@class='ctable']/table/tbody/tr[@class='tdata clear'])[" + i + "]/td[7]": null

2018-07-05 20:50:34 - [TEST_STEP][PASSED] - Statement - reportgroupTxt = driver.findElement(org.openqa.selenium.By.xpath(reportgroup)).getText(): null

2018-07-05 20:50:34 - [TEST_STEP][PASSED] - Statement - If (reportgroupTxt == "AutomationGroup"): null

2018-07-05 20:50:34 - [TEST_STEP][PASSED] - Statement - println("Report group has right group name"): null

2018-07-05 20:50:34 - [TEST_STEP][PASSED] - Statement - reportgroup = "(//div[@class='ctable']/table/tbody/tr[@class='tdata clear'])[" + i + "]/td[7]": null

2018-07-05 20:50:34 - [TEST_STEP][PASSED] - Statement - reportgroupTxt = driver.findElement(org.openqa.selenium.By.xpath(reportgroup)).getText(): null

2018-07-05 20:50:34 - [TEST_STEP][PASSED] - Statement - If (reportgroupTxt == "AutomationGroup"): null

2018-07-05 20:50:34 - [TEST_STEP][PASSED] - Statement - println("Report group has right group name"): null

2018-07-05 20:50:34 - [TEST_STEP][PASSED] - Statement - reportgroup = "(//div[@class='ctable']/table/tbody/tr[@class='tdata clear'])[" + i + "]/td[7]": null

2018-07-05 20:50:34 - [TEST_STEP][PASSED] - Statement - reportgroupTxt = driver.findElement(org.openqa.selenium.By.xpath(reportgroup)).getText(): null

2018-07-05 20:50:34 - [TEST_STEP][PASSED] - Statement - If (reportgroupTxt == "AutomationGroup"): null

2018-07-05 20:50:34 - [TEST_STEP][PASSED] - Statement - println("Report group has right group name"): null

2018-07-05 20:50:34 - [TEST_STEP][PASSED] - Statement - reportgroup = "(//div[@class='ctable']/table/tbody/tr[@class='tdata clear'])[" + i + "]/td[7]": null

2018-07-05 20:50:34 - [TEST_STEP][PASSED] - Statement - reportgroupTxt = driver.findElement(org.openqa.selenium.By.xpath(reportgroup)).getText(): null

2018-07-05 20:50:34 - [TEST_STEP][PASSED] - Statement - If (reportgroupTxt == "AutomationGroup"): null

2018-07-05 20:50:34 - [TEST_STEP][PASSED] - Statement - println("Report group has right group name"): null

2018-07-05 20:50:34 - [TEST_STEP][PASSED] - Statement - reportgroup = "(//div[@class='ctable']/table/tbody/tr[@class='tdata clear'])[" + i + "]/td[7]": null

2018-07-05 20:50:34 - [TEST_STEP][PASSED] - Statement - reportgroupTxt = driver.findElement(org.openqa.selenium.By.xpath(reportgroup)).getText(): null

2018-07-05 20:50:34 - [TEST_STEP][PASSED] - Statement - If (reportgroupTxt == "AutomationGroup"): null

2018-07-05 20:50:34 - [TEST_STEP][PASSED] - Statement - println("Report group has right group name"): null

2018-07-05 20:50:34 - [TEST_STEP][PASSED] - Statement - reportgroup = "(//div[@class='ctable']/table/tbody/tr[@class='tdata clear'])[" + i + "]/td[7]": null

2018-07-05 20:50:34 - [TEST_STEP][PASSED] - Statement - reportgroupTxt = driver.findElement(org.openqa.selenium.By.xpath(reportgroup)).getText(): null

2018-07-05 20:50:34 - [TEST_STEP][PASSED] - Statement - If (reportgroupTxt == "AutomationGroup"): null

2018-07-05 20:50:34 - [TEST_STEP][PASSED] - Statement - println("Report group has right group name"): null

2018-07-05 20:50:34 - [TEST_STEP][PASSED] - Statement - reportgroup = "(//div[@class='ctable']/table/tbody/tr[@class='tdata clear'])[" + i + "]/td[7]": null

2018-07-05 20:50:34 - [TEST_STEP][PASSED] - Statement - reportgroupTxt = driver.findElement(org.openqa.selenium.By.xpath(reportgroup)).getText(): null

2018-07-05 20:50:34 - [TEST_STEP][PASSED] - Statement - If (reportgroupTxt == "AutomationGroup"): null

2018-07-05 20:50:34 - [TEST_STEP][PASSED] - Statement - println("Report group has right group name"): null

2018-07-05 20:50:34 - [TEST_STEP][PASSED] - Statement - reportgroup = "(//div[@class='ctable']/table/tbody/tr[@class='tdata clear'])[" + i + "]/td[7]": null

2018-07-05 20:50:34 - [TEST_STEP][PASSED] - Statement - reportgroupTxt = driver.findElement(org.openqa.selenium.By.xpath(reportgroup)).getText(): null

2018-07-05 20:50:34 - [TEST_STEP][PASSED] - Statement - If (reportgroupTxt == "AutomationGroup"): null

2018-07-05 20:50:34 - [TEST_STEP][PASSED] - Statement - println("Report group has right group name"): null

2018-07-05 20:50:34 - [TEST_STEP][PASSED] - Statement - reportgroup = "(//div[@class='ctable']/table/tbody/tr[@class='tdata clear'])[" + i + "]/td[7]": null

2018-07-05 20:50:34 - [TEST_STEP][PASSED] - Statement - reportgroupTxt = driver.findElement(org.openqa.selenium.By.xpath(reportgroup)).getText(): null

2018-07-05 20:50:35 - [TEST_STEP][PASSED] - Statement - If (reportgroupTxt == "AutomationGroup"): null

2018-07-05 20:50:35 - [TEST_STEP][PASSED] - Statement - println("Report group has right group name"): null

2018-07-05 20:50:35 - [TEST_STEP][PASSED] - Statement - reportgroup = "(//div[@class='ctable']/table/tbody/tr[@class='tdata clear'])[" + i + "]/td[7]": null

2018-07-05 20:50:35 - [TEST_STEP][PASSED] - Statement - reportgroupTxt = driver.findElement(org.openqa.selenium.By.xpath(reportgroup)).getText(): null

2018-07-05 20:50:35 - [TEST_STEP][PASSED] - Statement - If (reportgroupTxt == "AutomationGroup"): null

2018-07-05 20:50:35 - [TEST_STEP][PASSED] - Statement - println("Report group has right group name"): null

2018-07-05 20:50:35 - [TEST_STEP][PASSED] - Statement - reportgroup = "(//div[@class='ctable']/table/tbody/tr[@class='tdata clear'])[" + i + "]/td[7]": null

2018-07-05 20:50:35 - [TEST_STEP][PASSED] - Statement - reportgroupTxt = driver.findElement(org.openqa.selenium.By.xpath(reportgroup)).getText(): null

2018-07-05 20:50:35 - [TEST_STEP][PASSED] - Statement - If (reportgroupTxt == "AutomationGroup"): null

2018-07-05 20:50:35 - [TEST_STEP][PASSED] - Statement - println("Report group has right group name"): null

2018-07-05 20:50:35 - [TEST_STEP][PASSED] - Statement - reportgroup = "(//div[@class='ctable']/table/tbody/tr[@class='tdata clear'])[" + i + "]/td[7]": null

2018-07-05 20:50:35 - [TEST_STEP][PASSED] - Statement - reportgroupTxt = driver.findElement(org.openqa.selenium.By.xpath(reportgroup)).getText(): null

2018-07-05 20:50:35 - [TEST_STEP][PASSED] - Statement - If (reportgroupTxt == "AutomationGroup"): null

2018-07-05 20:50:35 - [TEST_STEP][PASSED] - Statement - println("Report group has right group name"): null

2018-07-05 20:50:35 - [TEST_STEP][PASSED] - Statement - reportgroup = "(//div[@class='ctable']/table/tbody/tr[@class='tdata clear'])[" + i + "]/td[7]": null

2018-07-05 20:50:35 - [TEST_STEP][PASSED] - Statement - reportgroupTxt = driver.findElement(org.openqa.selenium.By.xpath(reportgroup)).getText(): null

2018-07-05 20:50:35 - [TEST_STEP][PASSED] - Statement - If (reportgroupTxt == "AutomationGroup"): null

2018-07-05 20:50:35 - [TEST_STEP][PASSED] - Statement - println("Report group has right group name"): null

2018-07-05 20:50:35 - [TEST_STEP][PASSED] - Statement - reportgroup = "(//div[@class='ctable']/table/tbody/tr[@class='tdata clear'])[" + i + "]/td[7]": null

2018-07-05 20:50:35 - [TEST_STEP][PASSED] - Statement - reportgroupTxt = driver.findElement(org.openqa.selenium.By.xpath(reportgroup)).getText(): null

2018-07-05 20:50:35 - [TEST_STEP][PASSED] - Statement - If (reportgroupTxt == "AutomationGroup"): null

2018-07-05 20:50:35 - [TEST_STEP][PASSED] - Statement - println("Report group has right group name"): null

2018-07-05 20:50:35 - [TEST_STEP][PASSED] - Statement - reportgroup = "(//div[@class='ctable']/table/tbody/tr[@class='tdata clear'])[" + i + "]/td[7]": null

2018-07-05 20:50:35 - [TEST_STEP][PASSED] - Statement - reportgroupTxt = driver.findElement(org.openqa.selenium.By.xpath(reportgroup)).getText(): null

2018-07-05 20:50:35 - [TEST_STEP][PASSED] - Statement - If (reportgroupTxt == "AutomationGroup"): null

2018-07-05 20:50:35 - [TEST_STEP][PASSED] - Statement - println("Report group has right group name"): null

2018-07-05 20:50:35 - [TEST_STEP][PASSED] - Statement - reportgroup = "(//div[@class='ctable']/table/tbody/tr[@class='tdata clear'])[" + i + "]/td[7]": null

2018-07-05 20:50:35 - [TEST_STEP][PASSED] - Statement - reportgroupTxt = driver.findElement(org.openqa.selenium.By.xpath(reportgroup)).getText(): null

2018-07-05 20:50:35 - [TEST_STEP][PASSED] - Statement - If (reportgroupTxt == "AutomationGroup"): null

2018-07-05 20:50:35 - [TEST_STEP][PASSED] - Statement - println("Report group has right group name"): null

2018-07-05 20:50:35 - [TEST_STEP][PASSED] - Statement - reportgroup = "(//div[@class='ctable']/table/tbody/tr[@class='tdata clear'])[" + i + "]/td[7]": null

2018-07-05 20:50:35 - [TEST_STEP][PASSED] - Statement - reportgroupTxt = driver.findElement(org.openqa.selenium.By.xpath(reportgroup)).getText(): null

2018-07-05 20:50:35 - [TEST_STEP][PASSED] - Statement - If (reportgroupTxt == "AutomationGroup"): null

2018-07-05 20:50:35 - [TEST_STEP][PASSED] - Statement - println("Report group has right group name"): null

2018-07-05 20:50:35 - [TEST_STEP][PASSED] - Statement - reportgroup = "(//div[@class='ctable']/table/tbody/tr[@class='tdata clear'])[" + i + "]/td[7]": null

2018-07-05 20:50:35 - [TEST_STEP][PASSED] - Statement - reportgroupTxt = driver.findElement(org.openqa.selenium.By.xpath(reportgroup)).getText(): null

2018-07-05 20:50:35 - [TEST_STEP][PASSED] - Statement - If (reportgroupTxt == "AutomationGroup"): null

2018-07-05 20:50:35 - [TEST_STEP][PASSED] - Statement - println("Report group has right group name"): null

2018-07-05 20:50:35 - [TEST_STEP][PASSED] - Statement - reportgroup = "(//div[@class='ctable']/table/tbody/tr[@class='tdata clear'])[" + i + "]/td[7]": null

2018-07-05 20:50:35 - [TEST_STEP][PASSED] - Statement - reportgroupTxt = driver.findElement(org.openqa.selenium.By.xpath(reportgroup)).getText(): null

2018-07-05 20:50:35 - [TEST_STEP][PASSED] - Statement - If (reportgroupTxt == "AutomationGroup"): null

2018-07-05 20:50:35 - [TEST_STEP][PASSED] - Statement - println("Report group has right group name"): null

2018-07-05 20:50:35 - [TEST_STEP][PASSED] - Statement - reportgroup = "(//div[@class='ctable']/table/tbody/tr[@class='tdata clear'])[" + i + "]/td[7]": null

2018-07-05 20:50:35 - [TEST_STEP][PASSED] - Statement - reportgroupTxt = driver.findElement(org.openqa.selenium.By.xpath(reportgroup)).getText(): null

2018-07-05 20:50:35 - [TEST_STEP][PASSED] - Statement - If (reportgroupTxt == "AutomationGroup"): null

2018-07-05 20:50:35 - [TEST_STEP][PASSED] - Statement - println("Report group has right group name"): null

2018-07-05 20:50:35 - [TEST_STEP][PASSED] - Statement - reportgroup = "(//div[@class='ctable']/table/tbody/tr[@class='tdata clear'])[" + i + "]/td[7]": null

2018-07-05 20:50:35 - [TEST_STEP][PASSED] - Statement - reportgroupTxt = driver.findElement(org.openqa.selenium.By.xpath(reportgroup)).getText(): null

2018-07-05 20:50:35 - [TEST_STEP][PASSED] - Statement - If (reportgroupTxt == "AutomationGroup"): null

2018-07-05 20:50:35 - [TEST_STEP][PASSED] - Statement - println("Report group has right group name"): null

2018-07-05 20:50:35 - [TEST_STEP][PASSED] - Statement - reportgroup = "(//div[@class='ctable']/table/tbody/tr[@class='tdata clear'])[" + i + "]/td[7]": null

2018-07-05 20:50:35 - [TEST_STEP][PASSED] - Statement - reportgroupTxt = driver.findElement(org.openqa.selenium.By.xpath(reportgroup)).getText(): null

2018-07-05 20:50:35 - [TEST_STEP][PASSED] - Statement - If (reportgroupTxt == "AutomationGroup"): null

2018-07-05 20:50:35 - [TEST_STEP][PASSED] - Statement - println("Report group has right group name"): null

2018-07-05 20:50:35 - [TEST_STEP][PASSED] - Statement - reportgroup = "(//div[@class='ctable']/table/tbody/tr[@class='tdata clear'])[" + i + "]/td[7]": null

2018-07-05 20:50:35 - [TEST_STEP][PASSED] - Statement - reportgroupTxt = driver.findElement(org.openqa.selenium.By.xpath(reportgroup)).getText(): null

2018-07-05 20:50:35 - [TEST_STEP][PASSED] - Statement - If (reportgroupTxt == "AutomationGroup"): null

2018-07-05 20:50:35 - [TEST_STEP][PASSED] - Statement - println("Report group has right group name"): null

2018-07-05 20:50:35 - [TEST_STEP][PASSED] - Statement - reportgroup = "(//div[@class='ctable']/table/tbody/tr[@class='tdata clear'])[" + i + "]/td[7]": null

2018-07-05 20:50:35 - [TEST_STEP][PASSED] - Statement - reportgroupTxt = driver.findElement(org.openqa.selenium.By.xpath(reportgroup)).getText(): null

2018-07-05 20:50:35 - [TEST_STEP][PASSED] - Statement - If (reportgroupTxt == "AutomationGroup"): null

2018-07-05 20:50:35 - [TEST_STEP][PASSED] - Statement - println("Report group has right group name"): null

2018-07-05 20:50:35 - [TEST_STEP][PASSED] - Statement - reportgroup = "(//div[@class='ctable']/table/tbody/tr[@class='tdata clear'])[" + i + "]/td[7]": null

2018-07-05 20:50:35 - [TEST_STEP][PASSED] - Statement - reportgroupTxt = driver.findElement(org.openqa.selenium.By.xpath(reportgroup)).getText(): null

2018-07-05 20:50:35 - [TEST_STEP][PASSED] - Statement - If (reportgroupTxt == "AutomationGroup"): null

2018-07-05 20:50:35 - [TEST_STEP][PASSED] - Statement - println("Report group has right group name"): null

2018-07-05 20:50:35 - [TEST_STEP][PASSED] - Statement - reportgroup = "(//div[@class='ctable']/table/tbody/tr[@class='tdata clear'])[" + i + "]/td[7]": null

2018-07-05 20:50:35 - [TEST_STEP][PASSED] - Statement - reportgroupTxt = driver.findElement(org.openqa.selenium.By.xpath(reportgroup)).getText(): null

2018-07-05 20:50:35 - [TEST_STEP][PASSED] - Statement - If (reportgroupTxt == "AutomationGroup"): null

2018-07-05 20:50:35 - [TEST_STEP][PASSED] - Statement - println("Report group has right group name"): null

2018-07-05 20:50:35 - [TEST_STEP][PASSED] - Statement - reportgroup = "(//div[@class='ctable']/table/tbody/tr[@class='tdata clear'])[" + i + "]/td[7]": null

2018-07-05 20:50:35 - [TEST_STEP][PASSED] - Statement - reportgroupTxt = driver.findElement(org.openqa.selenium.By.xpath(reportgroup)).getText(): null

2018-07-05 20:50:35 - [TEST_STEP][PASSED] - Statement - If (reportgroupTxt == "AutomationGroup"): null

2018-07-05 20:50:35 - [TEST_STEP][PASSED] - Statement - println("Report group has right group name"): null

2018-07-05 20:50:35 - [TEST_STEP][PASSED] - Statement - reportgroup = "(//div[@class='ctable']/table/tbody/tr[@class='tdata clear'])[" + i + "]/td[7]": null

2018-07-05 20:50:35 - [TEST_STEP][PASSED] - Statement - reportgroupTxt = driver.findElement(org.openqa.selenium.By.xpath(reportgroup)).getText(): null

2018-07-05 20:50:35 - [TEST_STEP][PASSED] - Statement - If (reportgroupTxt == "AutomationGroup"): null

2018-07-05 20:50:35 - [TEST_STEP][PASSED] - Statement - println("Report group has right group name"): null

2018-07-05 20:50:35 - [TEST_STEP][PASSED] - Statement - reportgroup = "(//div[@class='ctable']/table/tbody/tr[@class='tdata clear'])[" + i + "]/td[7]": null

2018-07-05 20:50:35 - [TEST_STEP][PASSED] - Statement - reportgroupTxt = driver.findElement(org.openqa.selenium.By.xpath(reportgroup)).getText(): null

2018-07-05 20:50:35 - [TEST_STEP][PASSED] - Statement - If (reportgroupTxt == "AutomationGroup"): null

2018-07-05 20:50:35 - [TEST_STEP][PASSED] - Statement - println("Report group has right group name"): null

2018-07-05 20:50:35 - [TEST_STEP][PASSED] - Statement - reportgroup = "(//div[@class='ctable']/table/tbody/tr[@class='tdata clear'])[" + i + "]/td[7]": null

2018-07-05 20:50:35 - [TEST_STEP][PASSED] - Statement - reportgroupTxt = driver.findElement(org.openqa.selenium.By.xpath(reportgroup)).getText(): null

2018-07-05 20:50:35 - [TEST_STEP][PASSED] - Statement - If (reportgroupTxt == "AutomationGroup"): null

2018-07-05 20:50:35 - [TEST_STEP][PASSED] - Statement - println("Report group has right group name"): null

2018-07-05 20:50:35 - [TEST_STEP][PASSED] - Statement - reportgroup = "(//div[@class='ctable']/table/tbody/tr[@class='tdata clear'])[" + i + "]/td[7]": null

2018-07-05 20:50:35 - [TEST_STEP][PASSED] - Statement - reportgroupTxt = driver.findElement(org.openqa.selenium.By.xpath(reportgroup)).getText(): null

2018-07-05 20:50:35 - [TEST_STEP][PASSED] - Statement - If (reportgroupTxt == "AutomationGroup"): null

2018-07-05 20:50:35 - [TEST_STEP][PASSED] - Statement - println("Report group has right group name"): null

2018-07-05 20:50:35 - [TEST_STEP][PASSED] - Statement - reportgroup = "(//div[@class='ctable']/table/tbody/tr[@class='tdata clear'])[" + i + "]/td[7]": null

2018-07-05 20:50:35 - [TEST_STEP][PASSED] - Statement - reportgroupTxt = driver.findElement(org.openqa.selenium.By.xpath(reportgroup)).getText(): null

2018-07-05 20:50:35 - [TEST_STEP][PASSED] - Statement - If (reportgroupTxt == "AutomationGroup"): null

2018-07-05 20:50:35 - [TEST_STEP][PASSED] - Statement - println("Report group has right group name"): null

2018-07-05 20:50:35 - [TEST_STEP][PASSED] - Statement - reportgroup = "(//div[@class='ctable']/table/tbody/tr[@class='tdata clear'])[" + i + "]/td[7]": null

2018-07-05 20:50:35 - [TEST_STEP][PASSED] - Statement - reportgroupTxt = driver.findElement(org.openqa.selenium.By.xpath(reportgroup)).getText(): null

2018-07-05 20:50:35 - [TEST_STEP][PASSED] - Statement - If (reportgroupTxt == "AutomationGroup"): null

2018-07-05 20:50:35 - [TEST_STEP][PASSED] - Statement - println("Report group has right group name"): null

2018-07-05 20:50:35 - [TEST_STEP][PASSED] - Statement - reportgroup = "(//div[@class='ctable']/table/tbody/tr[@class='tdata clear'])[" + i + "]/td[7]": null

2018-07-05 20:50:35 - [TEST_STEP][PASSED] - Statement - reportgroupTxt = driver.findElement(org.openqa.selenium.By.xpath(reportgroup)).getText(): null

2018-07-05 20:50:35 - [TEST_STEP][PASSED] - Statement - If (reportgroupTxt == "AutomationGroup"): null

2018-07-05 20:50:35 - [TEST_STEP][PASSED] - Statement - println("Report group has right group name"): null

2018-07-05 20:50:35 - [TEST_STEP][PASSED] - Statement - reportgroup = "(//div[@class='ctable']/table/tbody/tr[@class='tdata clear'])[" + i + "]/td[7]": null

2018-07-05 20:50:35 - [TEST_STEP][PASSED] - Statement - reportgroupTxt = driver.findElement(org.openqa.selenium.By.xpath(reportgroup)).getText(): null

2018-07-05 20:50:35 - [TEST_STEP][PASSED] - Statement - If (reportgroupTxt == "AutomationGroup"): null

2018-07-05 20:50:35 - [TEST_STEP][PASSED] - Statement - println("Report group has right group name"): null

2018-07-05 20:50:35 - [TEST_STEP][PASSED] - Statement - reportgroup = "(//div[@class='ctable']/table/tbody/tr[@class='tdata clear'])[" + i + "]/td[7]": null

2018-07-05 20:50:35 - [TEST_STEP][PASSED] - Statement - reportgroupTxt = driver.findElement(org.openqa.selenium.By.xpath(reportgroup)).getText(): null

2018-07-05 20:50:35 - [TEST_STEP][PASSED] - Statement - If (reportgroupTxt == "AutomationGroup"): null

2018-07-05 20:50:35 - [TEST_STEP][PASSED] - Statement - println("Report group has right group name"): null

2018-07-05 20:50:35 - [TEST_STEP][PASSED] - Statement - reportgroup = "(//div[@class='ctable']/table/tbody/tr[@class='tdata clear'])[" + i + "]/td[7]": null

2018-07-05 20:50:35 - [TEST_STEP][PASSED] - Statement - reportgroupTxt = driver.findElement(org.openqa.selenium.By.xpath(reportgroup)).getText(): null

2018-07-05 20:50:35 - [TEST_STEP][PASSED] - Statement - If (reportgroupTxt == "AutomationGroup"): null

2018-07-05 20:50:35 - [TEST_STEP][PASSED] - Statement - println("Report group has right group name"): null

2018-07-05 20:50:35 - [TEST_STEP][PASSED] - Statement - reportgroup = "(//div[@class='ctable']/table/tbody/tr[@class='tdata clear'])[" + i + "]/td[7]": null

2018-07-05 20:50:35 - [TEST_STEP][PASSED] - Statement - reportgroupTxt = driver.findElement(org.openqa.selenium.By.xpath(reportgroup)).getText(): null

2018-07-05 20:50:35 - [TEST_STEP][PASSED] - Statement - If (reportgroupTxt == "AutomationGroup"): null

2018-07-05 20:50:35 - [TEST_STEP][PASSED] - Statement - println("Report group has right group name"): null

2018-07-05 20:50:35 - [TEST_STEP][PASSED] - Statement - reportgroup = "(//div[@class='ctable']/table/tbody/tr[@class='tdata clear'])[" + i + "]/td[7]": null

2018-07-05 20:50:35 - [TEST_STEP][PASSED] - Statement - reportgroupTxt = driver.findElement(org.openqa.selenium.By.xpath(reportgroup)).getText(): null

2018-07-05 20:50:35 - [TEST_STEP][PASSED] - Statement - If (reportgroupTxt == "AutomationGroup"): null

2018-07-05 20:50:35 - [TEST_STEP][PASSED] - Statement - println("Report group has right group name"): null

2018-07-05 20:50:35 - [TEST_STEP][PASSED] - Statement - reportgroup = "(//div[@class='ctable']/table/tbody/tr[@class='tdata clear'])[" + i + "]/td[7]": null

2018-07-05 20:50:35 - [TEST_STEP][PASSED] - Statement - reportgroupTxt = driver.findElement(org.openqa.selenium.By.xpath(reportgroup)).getText(): null

2018-07-05 20:50:35 - [TEST_STEP][PASSED] - Statement - If (reportgroupTxt == "AutomationGroup"): null

2018-07-05 20:50:35 - [TEST_STEP][PASSED] - Statement - println("Report group has right group name"): null

2018-07-05 20:50:35 - [TEST_STEP][PASSED] - Statement - reportgroup = "(//div[@class='ctable']/table/tbody/tr[@class='tdata clear'])[" + i + "]/td[7]": null

2018-07-05 20:50:35 - [TEST_STEP][PASSED] - Statement - reportgroupTxt = driver.findElement(org.openqa.selenium.By.xpath(reportgroup)).getText(): null

2018-07-05 20:50:35 - [TEST_STEP][PASSED] - Statement - If (reportgroupTxt == "AutomationGroup"): null

2018-07-05 20:50:35 - [TEST_STEP][PASSED] - Statement - println("Report group has right group name"): null

2018-07-05 20:50:35 - [TEST_STEP][PASSED] - Statement - reportgroup = "(//div[@class='ctable']/table/tbody/tr[@class='tdata clear'])[" + i + "]/td[7]": null

2018-07-05 20:50:35 - [TEST_STEP][PASSED] - Statement - reportgroupTxt = driver.findElement(org.openqa.selenium.By.xpath(reportgroup)).getText(): null

2018-07-05 20:50:36 - [TEST_STEP][PASSED] - Statement - If (reportgroupTxt == "AutomationGroup"): null

2018-07-05 20:50:36 - [TEST_STEP][PASSED] - Statement - println("Report group has right group name"): null

2018-07-05 20:50:36 - [TEST_STEP][PASSED] - Statement - reportgroup = "(//div[@class='ctable']/table/tbody/tr[@class='tdata clear'])[" + i + "]/td[7]": null

2018-07-05 20:50:36 - [TEST_STEP][PASSED] - Statement - reportgroupTxt = driver.findElement(org.openqa.selenium.By.xpath(reportgroup)).getText(): null

2018-07-05 20:50:36 - [TEST_STEP][PASSED] - Statement - If (reportgroupTxt == "AutomationGroup"): null

2018-07-05 20:50:36 - [TEST_STEP][PASSED] - Statement - println("Report group has right group name"): null

2018-07-05 20:50:36 - [TEST_STEP][PASSED] - Statement - reportgroup = "(//div[@class='ctable']/table/tbody/tr[@class='tdata clear'])[" + i + "]/td[7]": null

2018-07-05 20:50:36 - [TEST_STEP][PASSED] - Statement - reportgroupTxt = driver.findElement(org.openqa.selenium.By.xpath(reportgroup)).getText(): null

2018-07-05 20:50:36 - [TEST_STEP][PASSED] - Statement - If (reportgroupTxt == "AutomationGroup"): null

2018-07-05 20:50:36 - [TEST_STEP][PASSED] - Statement - println("Report group has right group name"): null

2018-07-05 20:50:36 - [TEST_STEP][PASSED] - Statement - reportgroup = "(//div[@class='ctable']/table/tbody/tr[@class='tdata clear'])[" + i + "]/td[7]": null

2018-07-05 20:50:36 - [TEST_STEP][PASSED] - Statement - reportgroupTxt = driver.findElement(org.openqa.selenium.By.xpath(reportgroup)).getText(): null

2018-07-05 20:50:36 - [TEST_STEP][PASSED] - Statement - If (reportgroupTxt == "AutomationGroup"): null

2018-07-05 20:50:36 - [TEST_STEP][PASSED] - Statement - println("Report group has right group name"): null

2018-07-05 20:50:36 - [TEST_STEP][PASSED] - Statement - reportgroup = "(//div[@class='ctable']/table/tbody/tr[@class='tdata clear'])[" + i + "]/td[7]": null

2018-07-05 20:50:36 - [TEST_STEP][PASSED] - Statement - reportgroupTxt = driver.findElement(org.openqa.selenium.By.xpath(reportgroup)).getText(): null

2018-07-05 20:50:36 - [TEST_STEP][PASSED] - Statement - If (reportgroupTxt == "AutomationGroup"): null

2018-07-05 20:50:36 - [TEST_STEP][PASSED] - Statement - println("Report group has right group name"): null

2018-07-05 20:50:36 - [TEST_STEP][PASSED] - Statement - reportgroup = "(//div[@class='ctable']/table/tbody/tr[@class='tdata clear'])[" + i + "]/td[7]": null

2018-07-05 20:50:36 - [TEST_STEP][PASSED] - Statement - reportgroupTxt = driver.findElement(org.openqa.selenium.By.xpath(reportgroup)).getText(): null

2018-07-05 20:50:36 - [TEST_STEP][PASSED] - Statement - If (reportgroupTxt == "AutomationGroup"): null

2018-07-05 20:50:36 - [TEST_STEP][PASSED] - Statement - println("Report group has right group name"): null

2018-07-05 20:50:36 - [TEST_STEP][PASSED] - Statement - reportgroup = "(//div[@class='ctable']/table/tbody/tr[@class='tdata clear'])[" + i + "]/td[7]": null

2018-07-05 20:50:36 - [TEST_STEP][PASSED] - Statement - reportgroupTxt = driver.findElement(org.openqa.selenium.By.xpath(reportgroup)).getText(): null

2018-07-05 20:50:36 - [TEST_STEP][PASSED] - Statement - If (reportgroupTxt == "AutomationGroup"): null

2018-07-05 20:50:36 - [TEST_STEP][PASSED] - Statement - println("Report group has right group name"): null

2018-07-05 20:50:36 - [TEST_STEP][PASSED] - Statement - reportgroup = "(//div[@class='ctable']/table/tbody/tr[@class='tdata clear'])[" + i + "]/td[7]": null

2018-07-05 20:50:36 - [TEST_STEP][PASSED] - Statement - reportgroupTxt = driver.findElement(org.openqa.selenium.By.xpath(reportgroup)).getText(): null

2018-07-05 20:50:36 - [TEST_STEP][PASSED] - Statement - If (reportgroupTxt == "AutomationGroup"): null

2018-07-05 20:50:36 - [TEST_STEP][PASSED] - Statement - println("Report group has right group name"): null

2018-07-05 20:50:36 - [TEST_STEP][PASSED] - Statement - reportgroup = "(//div[@class='ctable']/table/tbody/tr[@class='tdata clear'])[" + i + "]/td[7]": null

2018-07-05 20:50:36 - [TEST_STEP][PASSED] - Statement - reportgroupTxt = driver.findElement(org.openqa.selenium.By.xpath(reportgroup)).getText(): null

2018-07-05 20:50:36 - [TEST_STEP][PASSED] - Statement - If (reportgroupTxt == "AutomationGroup"): null

2018-07-05 20:50:36 - [TEST_STEP][PASSED] - Statement - println("Report group has right group name"): null

2018-07-05 20:50:36 - [TEST_STEP][PASSED] - Statement - reportgroup = "(//div[@class='ctable']/table/tbody/tr[@class='tdata clear'])[" + i + "]/td[7]": null

2018-07-05 20:50:36 - [TEST_STEP][PASSED] - Statement - reportgroupTxt = driver.findElement(org.openqa.selenium.By.xpath(reportgroup)).getText(): null

2018-07-05 20:50:36 - [TEST_STEP][PASSED] - Statement - If (reportgroupTxt == "AutomationGroup"): null

2018-07-05 20:50:36 - [TEST_STEP][PASSED] - Statement - println("Report group has right group name"): null

2018-07-05 20:50:36 - [TEST_STEP][PASSED] - Statement - reportgroup = "(//div[@class='ctable']/table/tbody/tr[@class='tdata clear'])[" + i + "]/td[7]": null

2018-07-05 20:50:36 - [TEST_STEP][PASSED] - Statement - reportgroupTxt = driver.findElement(org.openqa.selenium.By.xpath(reportgroup)).getText(): null

2018-07-05 20:50:36 - [TEST_STEP][PASSED] - Statement - If (reportgroupTxt == "AutomationGroup"): null

2018-07-05 20:50:36 - [TEST_STEP][PASSED] - Statement - println("Report group has right group name"): null

2018-07-05 20:50:36 - [TEST_STEP][PASSED] - Statement - reportgroup = "(//div[@class='ctable']/table/tbody/tr[@class='tdata clear'])[" + i + "]/td[7]": null

2018-07-05 20:50:36 - [TEST_STEP][PASSED] - Statement - reportgroupTxt = driver.findElement(org.openqa.selenium.By.xpath(reportgroup)).getText(): null

2018-07-05 20:50:36 - [TEST_STEP][PASSED] - Statement - If (reportgroupTxt == "AutomationGroup"): null

2018-07-05 20:50:36 - [TEST_STEP][PASSED] - Statement - println("Report group has right group name"): null

2018-07-05 20:50:36 - [TEST_STEP][PASSED] - Statement - reportgroup = "(//div[@class='ctable']/table/tbody/tr[@class='tdata clear'])[" + i + "]/td[7]": null

2018-07-05 20:50:36 - [TEST_STEP][PASSED] - Statement - reportgroupTxt = driver.findElement(org.openqa.selenium.By.xpath(reportgroup)).getText(): null

2018-07-05 20:50:36 - [TEST_STEP][PASSED] - Statement - If (reportgroupTxt == "AutomationGroup"): null

2018-07-05 20:50:36 - [TEST_STEP][PASSED] - Statement - println("Report group has right group name"): null

2018-07-05 20:50:36 - [TEST_STEP][PASSED] - Statement - reportgroup = "(//div[@class='ctable']/table/tbody/tr[@class='tdata clear'])[" + i + "]/td[7]": null

2018-07-05 20:50:36 - [TEST_STEP][PASSED] - Statement - reportgroupTxt = driver.findElement(org.openqa.selenium.By.xpath(reportgroup)).getText(): null

2018-07-05 20:50:36 - [TEST_STEP][PASSED] - Statement - If (reportgroupTxt == "AutomationGroup"): null

2018-07-05 20:50:36 - [TEST_STEP][PASSED] - Statement - println("Report group has right group name"): null

2018-07-05 20:50:36 - [TEST_STEP][PASSED] - Statement - reportgroup = "(//div[@class='ctable']/table/tbody/tr[@class='tdata clear'])[" + i + "]/td[7]": null

2018-07-05 20:50:36 - [TEST_STEP][PASSED] - Statement - reportgroupTxt = driver.findElement(org.openqa.selenium.By.xpath(reportgroup)).getText(): null

2018-07-05 20:50:36 - [TEST_STEP][PASSED] - Statement - If (reportgroupTxt == "AutomationGroup"): null

2018-07-05 20:50:36 - [TEST_STEP][PASSED] - Statement - println("Report group has right group name"): null

2018-07-05 20:50:36 - [TEST_STEP][PASSED] - Statement - reportgroup = "(//div[@class='ctable']/table/tbody/tr[@class='tdata clear'])[" + i + "]/td[7]": null

2018-07-05 20:50:36 - [TEST_STEP][PASSED] - Statement - reportgroupTxt = driver.findElement(org.openqa.selenium.By.xpath(reportgroup)).getText(): null

2018-07-05 20:50:36 - [TEST_STEP][PASSED] - Statement - If (reportgroupTxt == "AutomationGroup"): null

2018-07-05 20:50:36 - [TEST_STEP][PASSED] - Statement - println("Report group has right group name"): null

2018-07-05 20:50:36 - [TEST_STEP][PASSED] - Statement - reportgroup = "(//div[@class='ctable']/table/tbody/tr[@class='tdata clear'])[" + i + "]/td[7]": null

2018-07-05 20:50:36 - [TEST_STEP][PASSED] - Statement - reportgroupTxt = driver.findElement(org.openqa.selenium.By.xpath(reportgroup)).getText(): null

2018-07-05 20:50:36 - [TEST_STEP][PASSED] - Statement - If (reportgroupTxt == "AutomationGroup"): null

2018-07-05 20:50:36 - [TEST_STEP][PASSED] - Statement - println("Report group has right group name"): null

2018-07-05 20:50:36 - [TEST_STEP][PASSED] - Statement - reportgroup = "(//div[@class='ctable']/table/tbody/tr[@class='tdata clear'])[" + i + "]/td[7]": null

2018-07-05 20:50:36 - [TEST_STEP][PASSED] - Statement - reportgroupTxt = driver.findElement(org.openqa.selenium.By.xpath(reportgroup)).getText(): null

2018-07-05 20:50:36 - [TEST_STEP][PASSED] - Statement - If (reportgroupTxt == "AutomationGroup"): null

2018-07-05 20:50:36 - [TEST_STEP][PASSED] - Statement - println("Report group has right group name"): null

2018-07-05 20:50:36 - [TEST_STEP][PASSED] - Statement - reportgroup = "(//div[@class='ctable']/table/tbody/tr[@class='tdata clear'])[" + i + "]/td[7]": null

2018-07-05 20:50:36 - [TEST_STEP][PASSED] - Statement - reportgroupTxt = driver.findElement(org.openqa.selenium.By.xpath(reportgroup)).getText(): null

2018-07-05 20:50:36 - [TEST_STEP][PASSED] - Statement - If (reportgroupTxt == "AutomationGroup"): null

2018-07-05 20:50:36 - [TEST_STEP][PASSED] - Statement - println("Report group has right group name"): null

2018-07-05 20:50:36 - [TEST_STEP][PASSED] - Statement - reportgroup = "(//div[@class='ctable']/table/tbody/tr[@class='tdata clear'])[" + i + "]/td[7]": null

2018-07-05 20:50:36 - [TEST_STEP][PASSED] - Statement - reportgroupTxt = driver.findElement(org.openqa.selenium.By.xpath(reportgroup)).getText(): null

2018-07-05 20:50:36 - [TEST_STEP][PASSED] - Statement - If (reportgroupTxt == "AutomationGroup"): null

2018-07-05 20:50:36 - [TEST_STEP][PASSED] - Statement - println("Report group has right group name"): null

2018-07-05 20:50:36 - [TEST_STEP][PASSED] - Statement - reportgroup = "(//div[@class='ctable']/table/tbody/tr[@class='tdata clear'])[" + i + "]/td[7]": null

2018-07-05 20:50:36 - [TEST_STEP][PASSED] - Statement - reportgroupTxt = driver.findElement(org.openqa.selenium.By.xpath(reportgroup)).getText(): null

2018-07-05 20:50:36 - [TEST_STEP][PASSED] - Statement - If (reportgroupTxt == "AutomationGroup"): null

2018-07-05 20:50:36 - [TEST_STEP][PASSED] - Statement - println("Report group has right group name"): null

2018-07-05 20:50:36 - [TEST_STEP][PASSED] - Statement - reportgroup = "(//div[@class='ctable']/table/tbody/tr[@class='tdata clear'])[" + i + "]/td[7]": null

2018-07-05 20:50:36 - [TEST_STEP][PASSED] - Statement - reportgroupTxt = driver.findElement(org.openqa.selenium.By.xpath(reportgroup)).getText(): null

2018-07-05 20:50:36 - [TEST_STEP][PASSED] - Statement - If (reportgroupTxt == "AutomationGroup"): null

2018-07-05 20:50:36 - [TEST_STEP][PASSED] - Statement - println("Report group has right group name"): null

2018-07-05 20:50:36 - [TEST_STEP][PASSED] - Statement - reportgroup = "(//div[@class='ctable']/table/tbody/tr[@class='tdata clear'])[" + i + "]/td[7]": null

2018-07-05 20:50:36 - [TEST_STEP][PASSED] - Statement - reportgroupTxt = driver.findElement(org.openqa.selenium.By.xpath(reportgroup)).getText(): null

2018-07-05 20:50:36 - [TEST_STEP][PASSED] - Statement - If (reportgroupTxt == "AutomationGroup"): null

2018-07-05 20:50:36 - [TEST_STEP][PASSED] - Statement - println("Report group has right group name"): null

2018-07-05 20:50:36 - [TEST_STEP][PASSED] - Statement - reportgroup = "(//div[@class='ctable']/table/tbody/tr[@class='tdata clear'])[" + i + "]/td[7]": null

2018-07-05 20:50:36 - [TEST_STEP][PASSED] - Statement - reportgroupTxt = driver.findElement(org.openqa.selenium.By.xpath(reportgroup)).getText(): null

2018-07-05 20:50:36 - [TEST_STEP][PASSED] - Statement - If (reportgroupTxt == "AutomationGroup"): null

2018-07-05 20:50:36 - [TEST_STEP][PASSED] - Statement - println("Report group has right group name"): null

2018-07-05 20:50:36 - [TEST_STEP][PASSED] - Statement - reportgroup = "(//div[@class='ctable']/table/tbody/tr[@class='tdata clear'])[" + i + "]/td[7]": null

2018-07-05 20:50:36 - [TEST_STEP][PASSED] - Statement - reportgroupTxt = driver.findElement(org.openqa.selenium.By.xpath(reportgroup)).getText(): null

2018-07-05 20:50:36 - [TEST_STEP][PASSED] - Statement - If (reportgroupTxt == "AutomationGroup"): null

2018-07-05 20:50:36 - [TEST_STEP][PASSED] - Statement - println("Report group has right group name"): null

2018-07-05 20:50:36 - [TEST_STEP][PASSED] - Statement - reportgroup = "(//div[@class='ctable']/table/tbody/tr[@class='tdata clear'])[" + i + "]/td[7]": null

2018-07-05 20:50:36 - [TEST_STEP][PASSED] - Statement - reportgroupTxt = driver.findElement(org.openqa.selenium.By.xpath(reportgroup)).getText(): null

2018-07-05 20:50:36 - [TEST_STEP][PASSED] - Statement - If (reportgroupTxt == "AutomationGroup"): null

2018-07-05 20:50:36 - [TEST_STEP][PASSED] - Statement - println("Report group has right group name"): null

2018-07-05 20:50:36 - [TEST_STEP][PASSED] - Statement - reportgroup = "(//div[@class='ctable']/table/tbody/tr[@class='tdata clear'])[" + i + "]/td[7]": null

2018-07-05 20:50:36 - [TEST_STEP][PASSED] - Statement - reportgroupTxt = driver.findElement(org.openqa.selenium.By.xpath(reportgroup)).getText(): null

2018-07-05 20:50:36 - [TEST_STEP][PASSED] - Statement - If (reportgroupTxt == "AutomationGroup"): null

2018-07-05 20:50:36 - [TEST_STEP][PASSED] - Statement - println("Report group has right group name"): null

2018-07-05 20:50:36 - [TEST_STEP][PASSED] - Statement - reportgroup = "(//div[@class='ctable']/table/tbody/tr[@class='tdata clear'])[" + i + "]/td[7]": null

2018-07-05 20:50:36 - [TEST_STEP][PASSED] - Statement - reportgroupTxt = driver.findElement(org.openqa.selenium.By.xpath(reportgroup)).getText(): null

2018-07-05 20:50:36 - [TEST_STEP][PASSED] - Statement - If (reportgroupTxt == "AutomationGroup"): null

2018-07-05 20:50:36 - [TEST_STEP][PASSED] - Statement - println("Report group has right group name"): null

2018-07-05 20:50:36 - [TEST_STEP][PASSED] - Statement - reportgroup = "(//div[@class='ctable']/table/tbody/tr[@class='tdata clear'])[" + i + "]/td[7]": null

2018-07-05 20:50:36 - [TEST_STEP][PASSED] - Statement - reportgroupTxt = driver.findElement(org.openqa.selenium.By.xpath(reportgroup)).getText(): null

2018-07-05 20:50:36 - [TEST_STEP][PASSED] - Statement - If (reportgroupTxt == "AutomationGroup"): null

2018-07-05 20:50:36 - [TEST_STEP][PASSED] - Statement - println("Report group has right group name"): null

2018-07-05 20:50:36 - [TEST_STEP][PASSED] - Statement - reportgroup = "(//div[@class='ctable']/table/tbody/tr[@class='tdata clear'])[" + i + "]/td[7]": null

2018-07-05 20:50:36 - [TEST_STEP][PASSED] - Statement - reportgroupTxt = driver.findElement(org.openqa.selenium.By.xpath(reportgroup)).getText(): null

2018-07-05 20:50:36 - [TEST_STEP][PASSED] - Statement - If (reportgroupTxt == "AutomationGroup"): null

2018-07-05 20:50:36 - [TEST_STEP][PASSED] - Statement - println("Report group has right group name"): null

2018-07-05 20:50:36 - [TEST_STEP][PASSED] - Statement - reportgroup = "(//div[@class='ctable']/table/tbody/tr[@class='tdata clear'])[" + i + "]/td[7]": null

2018-07-05 20:50:36 - [TEST_STEP][PASSED] - Statement - reportgroupTxt = driver.findElement(org.openqa.selenium.By.xpath(reportgroup)).getText(): null

2018-07-05 20:50:36 - [TEST_STEP][PASSED] - Statement - If (reportgroupTxt == "AutomationGroup"): null

2018-07-05 20:50:36 - [TEST_STEP][PASSED] - Statement - println("Report group has right group name"): null

2018-07-05 20:50:36 - [TEST_STEP][PASSED] - Statement - reportgroup = "(//div[@class='ctable']/table/tbody/tr[@class='tdata clear'])[" + i + "]/td[7]": null

2018-07-05 20:50:36 - [TEST_STEP][PASSED] - Statement - reportgroupTxt = driver.findElement(org.openqa.selenium.By.xpath(reportgroup)).getText(): null

2018-07-05 20:50:36 - [TEST_STEP][PASSED] - Statement - If (reportgroupTxt == "AutomationGroup"): null

2018-07-05 20:50:36 - [TEST_STEP][PASSED] - Statement - println("Report group has right group name"): null

2018-07-05 20:50:36 - [TEST_STEP][PASSED] - Statement - reportgroup = "(//div[@class='ctable']/table/tbody/tr[@class='tdata clear'])[" + i + "]/td[7]": null

2018-07-05 20:50:36 - [TEST_STEP][PASSED] - Statement - reportgroupTxt = driver.findElement(org.openqa.selenium.By.xpath(reportgroup)).getText(): null

2018-07-05 20:50:36 - [TEST_STEP][PASSED] - Statement - If (reportgroupTxt == "AutomationGroup"): null

2018-07-05 20:50:36 - [TEST_STEP][PASSED] - Statement - println("Report group has right group name"): null

2018-07-05 20:50:36 - [TEST_STEP][PASSED] - Statement - reportgroup = "(//div[@class='ctable']/table/tbody/tr[@class='tdata clear'])[" + i + "]/td[7]": null

2018-07-05 20:50:36 - [TEST_STEP][PASSED] - Statement - reportgroupTxt = driver.findElement(org.openqa.selenium.By.xpath(reportgroup)).getText(): null

2018-07-05 20:50:37 - [TEST_STEP][PASSED] - Statement - If (reportgroupTxt == "AutomationGroup"): null

2018-07-05 20:50:37 - [TEST_STEP][PASSED] - Statement - println("Report group has right group name"): null

2018-07-05 20:50:37 - [TEST_STEP][PASSED] - Statement - reportgroup = "(//div[@class='ctable']/table/tbody/tr[@class='tdata clear'])[" + i + "]/td[7]": null

2018-07-05 20:50:37 - [TEST_STEP][PASSED] - Statement - reportgroupTxt = driver.findElement(org.openqa.selenium.By.xpath(reportgroup)).getText(): null

2018-07-05 20:50:37 - [TEST_STEP][PASSED] - Statement - If (reportgroupTxt == "AutomationGroup"): null

2018-07-05 20:50:37 - [TEST_STEP][PASSED] - Statement - println("Report group has right group name"): null

2018-07-05 20:50:37 - [TEST_STEP][PASSED] - Statement - reportgroup = "(//div[@class='ctable']/table/tbody/tr[@class='tdata clear'])[" + i + "]/td[7]": null

2018-07-05 20:50:37 - [TEST_STEP][PASSED] - Statement - reportgroupTxt = driver.findElement(org.openqa.selenium.By.xpath(reportgroup)).getText(): null

2018-07-05 20:50:37 - [TEST_STEP][PASSED] - Statement - If (reportgroupTxt == "AutomationGroup"): null

2018-07-05 20:50:37 - [TEST_STEP][PASSED] - Statement - println("Report group has right group name"): null

2018-07-05 20:50:37 - [TEST_STEP][PASSED] - Statement - reportgroup = "(//div[@class='ctable']/table/tbody/tr[@class='tdata clear'])[" + i + "]/td[7]": null

2018-07-05 20:50:37 - [TEST_STEP][PASSED] - Statement - reportgroupTxt = driver.findElement(org.openqa.selenium.By.xpath(reportgroup)).getText(): null

2018-07-05 20:50:37 - [TEST_STEP][PASSED] - Statement - If (reportgroupTxt == "AutomationGroup"): null

2018-07-05 20:50:37 - [TEST_STEP][PASSED] - Statement - println("Report group has right group name"): null

2018-07-05 20:50:37 - [TEST_STEP][PASSED] - Statement - reportgroup = "(//div[@class='ctable']/table/tbody/tr[@class='tdata clear'])[" + i + "]/td[7]": null

2018-07-05 20:50:37 - [TEST_STEP][PASSED] - Statement - reportgroupTxt = driver.findElement(org.openqa.selenium.By.xpath(reportgroup)).getText(): null

2018-07-05 20:50:37 - [TEST_STEP][PASSED] - Statement - If (reportgroupTxt == "AutomationGroup"): null

2018-07-05 20:50:37 - [TEST_STEP][PASSED] - Statement - println("Report group has right group name"): null

2018-07-05 20:50:37 - [TEST_STEP][PASSED] - Statement - reportgroup = "(//div[@class='ctable']/table/tbody/tr[@class='tdata clear'])[" + i + "]/td[7]": null

2018-07-05 20:50:37 - [TEST_STEP][PASSED] - Statement - reportgroupTxt = driver.findElement(org.openqa.selenium.By.xpath(reportgroup)).getText(): null

2018-07-05 20:50:37 - [TEST_STEP][PASSED] - Statement - If (reportgroupTxt == "AutomationGroup"): null

2018-07-05 20:50:37 - [TEST_STEP][PASSED] - Statement - println("Report group has right group name"): null

2018-07-05 20:50:37 - [TEST_STEP][PASSED] - Statement - reportgroup = "(//div[@class='ctable']/table/tbody/tr[@class='tdata clear'])[" + i + "]/td[7]": null

2018-07-05 20:50:37 - [TEST_STEP][PASSED] - Statement - reportgroupTxt = driver.findElement(org.openqa.selenium.By.xpath(reportgroup)).getText(): null

2018-07-05 20:50:37 - [TEST_STEP][PASSED] - Statement - If (reportgroupTxt == "AutomationGroup"): null

2018-07-05 20:50:37 - [TEST_STEP][PASSED] - Statement - println("Report group has right group name"): null

2018-07-05 20:50:37 - [TEST_STEP][PASSED] - Statement - reportgroup = "(//div[@class='ctable']/table/tbody/tr[@class='tdata clear'])[" + i + "]/td[7]": null

2018-07-05 20:50:37 - [TEST_STEP][PASSED] - Statement - reportgroupTxt = driver.findElement(org.openqa.selenium.By.xpath(reportgroup)).getText(): null

2018-07-05 20:50:37 - [TEST_STEP][PASSED] - Statement - If (reportgroupTxt == "AutomationGroup"): null

2018-07-05 20:50:37 - [TEST_STEP][PASSED] - Statement - println("Report group has right group name"): null

2018-07-05 20:50:37 - [TEST_STEP][PASSED] - Statement - reportgroup = "(//div[@class='ctable']/table/tbody/tr[@class='tdata clear'])[" + i + "]/td[7]": null

2018-07-05 20:50:37 - [TEST_STEP][PASSED] - Statement - reportgroupTxt = driver.findElement(org.openqa.selenium.By.xpath(reportgroup)).getText(): null

2018-07-05 20:50:37 - [TEST_STEP][PASSED] - Statement - If (reportgroupTxt == "AutomationGroup"): null

2018-07-05 20:50:37 - [TEST_STEP][PASSED] - Statement - println("Report group has right group name"): null

2018-07-05 20:50:37 - [TEST_STEP][PASSED] - Statement - reportgroup = "(//div[@class='ctable']/table/tbody/tr[@class='tdata clear'])[" + i + "]/td[7]": null

2018-07-05 20:50:37 - [TEST_STEP][PASSED] - Statement - reportgroupTxt = driver.findElement(org.openqa.selenium.By.xpath(reportgroup)).getText(): null

2018-07-05 20:50:37 - [TEST_STEP][PASSED] - Statement - If (reportgroupTxt == "AutomationGroup"): null

2018-07-05 20:50:37 - [TEST_STEP][PASSED] - Statement - println("Report group has right group name"): null

2018-07-05 20:50:37 - [TEST_STEP][PASSED] - Statement - reportgroup = "(//div[@class='ctable']/table/tbody/tr[@class='tdata clear'])[" + i + "]/td[7]": null

2018-07-05 20:50:37 - [TEST_STEP][PASSED] - Statement - reportgroupTxt = driver.findElement(org.openqa.selenium.By.xpath(reportgroup)).getText(): null

2018-07-05 20:50:37 - [TEST_STEP][PASSED] - Statement - If (reportgroupTxt == "AutomationGroup"): null

2018-07-05 20:50:37 - [TEST_STEP][PASSED] - Statement - println("Report group has right group name"): null

2018-07-05 20:50:37 - [TEST_STEP][PASSED] - Statement - reportgroup = "(//div[@class='ctable']/table/tbody/tr[@class='tdata clear'])[" + i + "]/td[7]": null

2018-07-05 20:50:37 - [TEST_STEP][PASSED] - Statement - reportgroupTxt = driver.findElement(org.openqa.selenium.By.xpath(reportgroup)).getText(): null

2018-07-05 20:50:37 - [TEST_STEP][PASSED] - Statement - If (reportgroupTxt == "AutomationGroup"): null

2018-07-05 20:50:37 - [TEST_STEP][PASSED] - Statement - println("Report group has right group name"): null

2018-07-05 20:50:37 - [TEST_STEP][PASSED] - Statement - reportgroup = "(//div[@class='ctable']/table/tbody/tr[@class='tdata clear'])[" + i + "]/td[7]": null

2018-07-05 20:50:37 - [TEST_STEP][PASSED] - Statement - reportgroupTxt = driver.findElement(org.openqa.selenium.By.xpath(reportgroup)).getText(): null

2018-07-05 20:50:37 - [TEST_STEP][PASSED] - Statement - If (reportgroupTxt == "AutomationGroup"): null

2018-07-05 20:50:37 - [TEST_STEP][PASSED] - Statement - println("Report group has right group name"): null

2018-07-05 20:50:37 - [TEST_STEP][PASSED] - Statement - reportgroup = "(//div[@class='ctable']/table/tbody/tr[@class='tdata clear'])[" + i + "]/td[7]": null

2018-07-05 20:50:37 - [TEST_STEP][PASSED] - Statement - reportgroupTxt = driver.findElement(org.openqa.selenium.By.xpath(reportgroup)).getText(): null

2018-07-05 20:50:37 - [TEST_STEP][PASSED] - Statement - If (reportgroupTxt == "AutomationGroup"): null

2018-07-05 20:50:37 - [TEST_STEP][PASSED] - Statement - println("Report group has right group name"): null

2018-07-05 20:50:37 - [TEST_STEP][PASSED] - Statement - reportgroup = "(//div[@class='ctable']/table/tbody/tr[@class='tdata clear'])[" + i + "]/td[7]": null

2018-07-05 20:50:37 - [TEST_STEP][PASSED] - Statement - reportgroupTxt = driver.findElement(org.openqa.selenium.By.xpath(reportgroup)).getText(): null

2018-07-05 20:50:37 - [TEST_STEP][PASSED] - Statement - If (reportgroupTxt == "AutomationGroup"): null

2018-07-05 20:50:37 - [TEST_STEP][PASSED] - Statement - println("Report group has right group name"): null

2018-07-05 20:50:37 - [TEST_STEP][PASSED] - Statement - reportgroup = "(//div[@class='ctable']/table/tbody/tr[@class='tdata clear'])[" + i + "]/td[7]": null

2018-07-05 20:50:37 - [TEST_STEP][PASSED] - Statement - reportgroupTxt = driver.findElement(org.openqa.selenium.By.xpath(reportgroup)).getText(): null

2018-07-05 20:50:37 - [TEST_STEP][PASSED] - Statement - If (reportgroupTxt == "AutomationGroup"): null

2018-07-05 20:50:37 - [TEST_STEP][PASSED] - Statement - println("Report group has right group name"): null

2018-07-05 20:50:37 - [TEST_STEP][PASSED] - Statement - reportgroup = "(//div[@class='ctable']/table/tbody/tr[@class='tdata clear'])[" + i + "]/td[7]": null

2018-07-05 20:50:37 - [TEST_STEP][PASSED] - Statement - reportgroupTxt = driver.findElement(org.openqa.selenium.By.xpath(reportgroup)).getText(): null

2018-07-05 20:50:37 - [TEST_STEP][PASSED] - Statement - If (reportgroupTxt == "AutomationGroup"): null

2018-07-05 20:50:37 - [TEST_STEP][PASSED] - Statement - println("Report group has right group name"): null

2018-07-05 20:50:37 - [TEST_STEP][PASSED] - Statement - reportgroup = "(//div[@class='ctable']/table/tbody/tr[@class='tdata clear'])[" + i + "]/td[7]": null

2018-07-05 20:50:37 - [TEST_STEP][PASSED] - Statement - reportgroupTxt = driver.findElement(org.openqa.selenium.By.xpath(reportgroup)).getText(): null

2018-07-05 20:50:37 - [TEST_STEP][PASSED] - Statement - If (reportgroupTxt == "AutomationGroup"): null

2018-07-05 20:50:37 - [TEST_STEP][PASSED] - Statement - println("Report group has right group name"): null

2018-07-05 20:50:37 - [TEST_STEP][PASSED] - Statement - reportgroup = "(//div[@class='ctable']/table/tbody/tr[@class='tdata clear'])[" + i + "]/td[7]": null

2018-07-05 20:50:37 - [TEST_STEP][PASSED] - Statement - reportgroupTxt = driver.findElement(org.openqa.selenium.By.xpath(reportgroup)).getText(): null

2018-07-05 20:50:37 - [TEST_STEP][PASSED] - Statement - If (reportgroupTxt == "AutomationGroup"): null

2018-07-05 20:50:37 - [TEST_STEP][PASSED] - Statement - println("Report group has right group name"): null

2018-07-05 20:50:37 - [TEST_STEP][PASSED] - Statement - reportgroup = "(//div[@class='ctable']/table/tbody/tr[@class='tdata clear'])[" + i + "]/td[7]": null

2018-07-05 20:50:37 - [TEST_STEP][PASSED] - Statement - reportgroupTxt = driver.findElement(org.openqa.selenium.By.xpath(reportgroup)).getText(): null

2018-07-05 20:50:37 - [TEST_STEP][PASSED] - Statement - If (reportgroupTxt == "AutomationGroup"): null

2018-07-05 20:50:37 - [TEST_STEP][PASSED] - Statement - println("Report group has right group name"): null

2018-07-05 20:50:37 - [TEST_STEP][PASSED] - Statement - reportgroup = "(//div[@class='ctable']/table/tbody/tr[@class='tdata clear'])[" + i + "]/td[7]": null

2018-07-05 20:50:37 - [TEST_STEP][PASSED] - Statement - reportgroupTxt = driver.findElement(org.openqa.selenium.By.xpath(reportgroup)).getText(): null

2018-07-05 20:50:37 - [TEST_STEP][PASSED] - Statement - If (reportgroupTxt == "AutomationGroup"): null

2018-07-05 20:50:37 - [TEST_STEP][PASSED] - Statement - println("Report group has right group name"): null

2018-07-05 20:50:37 - [TEST_STEP][PASSED] - Statement - reportgroup = "(//div[@class='ctable']/table/tbody/tr[@class='tdata clear'])[" + i + "]/td[7]": null

2018-07-05 20:50:37 - [TEST_STEP][PASSED] - Statement - reportgroupTxt = driver.findElement(org.openqa.selenium.By.xpath(reportgroup)).getText(): null

2018-07-05 20:50:37 - [TEST_STEP][PASSED] - Statement - If (reportgroupTxt == "AutomationGroup"): null

2018-07-05 20:50:37 - [TEST_STEP][PASSED] - Statement - println("Report group has right group name"): null

2018-07-05 20:50:37 - [TEST_STEP][PASSED] - Statement - reportgroup = "(//div[@class='ctable']/table/tbody/tr[@class='tdata clear'])[" + i + "]/td[7]": null

2018-07-05 20:50:37 - [TEST_STEP][PASSED] - Statement - reportgroupTxt = driver.findElement(org.openqa.selenium.By.xpath(reportgroup)).getText(): null

2018-07-05 20:50:37 - [TEST_STEP][PASSED] - Statement - If (reportgroupTxt == "AutomationGroup"): null

2018-07-05 20:50:37 - [TEST_STEP][PASSED] - Statement - println("Report group has right group name"): null

2018-07-05 20:50:37 - [TEST_STEP][PASSED] - Statement - reportgroup = "(//div[@class='ctable']/table/tbody/tr[@class='tdata clear'])[" + i + "]/td[7]": null

2018-07-05 20:50:37 - [TEST_STEP][PASSED] - Statement - reportgroupTxt = driver.findElement(org.openqa.selenium.By.xpath(reportgroup)).getText(): null

2018-07-05 20:50:37 - [TEST_STEP][PASSED] - Statement - If (reportgroupTxt == "AutomationGroup"): null

2018-07-05 20:50:37 - [TEST_STEP][PASSED] - Statement - println("Report group has right group name"): null

2018-07-05 20:50:37 - [TEST_STEP][PASSED] - Statement - reportgroup = "(//div[@class='ctable']/table/tbody/tr[@class='tdata clear'])[" + i + "]/td[7]": null

2018-07-05 20:50:37 - [TEST_STEP][PASSED] - Statement - reportgroupTxt = driver.findElement(org.openqa.selenium.By.xpath(reportgroup)).getText(): null

2018-07-05 20:50:37 - [TEST_STEP][PASSED] - Statement - If (reportgroupTxt == "AutomationGroup"): null

2018-07-05 20:50:37 - [TEST_STEP][PASSED] - Statement - println("Report group has right group name"): null

2018-07-05 20:50:37 - [TEST_STEP][PASSED] - Statement - reportgroup = "(//div[@class='ctable']/table/tbody/tr[@class='tdata clear'])[" + i + "]/td[7]": null

2018-07-05 20:50:37 - [TEST_STEP][PASSED] - Statement - reportgroupTxt = driver.findElement(org.openqa.selenium.By.xpath(reportgroup)).getText(): null

2018-07-05 20:50:37 - [TEST_STEP][PASSED] - Statement - If (reportgroupTxt == "AutomationGroup"): null

2018-07-05 20:50:37 - [TEST_STEP][PASSED] - Statement - println("Report group has right group name"): null

2018-07-05 20:50:37 - [TEST_STEP][PASSED] - Statement - reportgroup = "(//div[@class='ctable']/table/tbody/tr[@class='tdata clear'])[" + i + "]/td[7]": null

2018-07-05 20:50:37 - [TEST_STEP][PASSED] - Statement - reportgroupTxt = driver.findElement(org.openqa.selenium.By.xpath(reportgroup)).getText(): null

2018-07-05 20:50:37 - [TEST_STEP][PASSED] - Statement - If (reportgroupTxt == "AutomationGroup"): null

2018-07-05 20:50:37 - [TEST_STEP][PASSED] - Statement - println("Report group has right group name"): null

2018-07-05 20:50:37 - [TEST_STEP][PASSED] - Statement - reportgroup = "(//div[@class='ctable']/table/tbody/tr[@class='tdata clear'])[" + i + "]/td[7]": null

2018-07-05 20:50:37 - [TEST_STEP][PASSED] - Statement - reportgroupTxt = driver.findElement(org.openqa.selenium.By.xpath(reportgroup)).getText(): null

2018-07-05 20:50:37 - [TEST_STEP][PASSED] - Statement - If (reportgroupTxt == "AutomationGroup"): null

2018-07-05 20:50:37 - [TEST_STEP][PASSED] - Statement - println("Report group has right group name"): null

2018-07-05 20:50:37 - [TEST_STEP][PASSED] - Statement - reportgroup = "(//div[@class='ctable']/table/tbody/tr[@class='tdata clear'])[" + i + "]/td[7]": null

2018-07-05 20:50:37 - [TEST_STEP][PASSED] - Statement - reportgroupTxt = driver.findElement(org.openqa.selenium.By.xpath(reportgroup)).getText(): null

2018-07-05 20:50:37 - [TEST_STEP][PASSED] - Statement - If (reportgroupTxt == "AutomationGroup"): null

2018-07-05 20:50:37 - [TEST_STEP][PASSED] - Statement - println("Report group has right group name"): null

2018-07-05 20:50:37 - [TEST_STEP][PASSED] - Statement - reportgroup = "(//div[@class='ctable']/table/tbody/tr[@class='tdata clear'])[" + i + "]/td[7]": null

2018-07-05 20:50:37 - [TEST_STEP][PASSED] - Statement - reportgroupTxt = driver.findElement(org.openqa.selenium.By.xpath(reportgroup)).getText(): null

2018-07-05 20:50:37 - [TEST_STEP][PASSED] - Statement - If (reportgroupTxt == "AutomationGroup"): null

2018-07-05 20:50:37 - [TEST_STEP][PASSED] - Statement - println("Report group has right group name"): null

2018-07-05 20:50:37 - [TEST_STEP][PASSED] - Statement - reportgroup = "(//div[@class='ctable']/table/tbody/tr[@class='tdata clear'])[" + i + "]/td[7]": null

2018-07-05 20:50:37 - [TEST_STEP][PASSED] - Statement - reportgroupTxt = driver.findElement(org.openqa.selenium.By.xpath(reportgroup)).getText(): null

2018-07-05 20:50:37 - [TEST_STEP][PASSED] - Statement - If (reportgroupTxt == "AutomationGroup"): null

2018-07-05 20:50:37 - [TEST_STEP][PASSED] - Statement - println("Report group has right group name"): null

2018-07-05 20:50:37 - [TEST_STEP][PASSED] - Statement - reportgroup = "(//div[@class='ctable']/table/tbody/tr[@class='tdata clear'])[" + i + "]/td[7]": null

2018-07-05 20:50:37 - [TEST_STEP][PASSED] - Statement - reportgroupTxt = driver.findElement(org.openqa.selenium.By.xpath(reportgroup)).getText(): null

2018-07-05 20:50:37 - [TEST_STEP][PASSED] - Statement - If (reportgroupTxt == "AutomationGroup"): null

2018-07-05 20:50:37 - [TEST_STEP][PASSED] - Statement - println("Report group has right group name"): null

2018-07-05 20:50:37 - [TEST_STEP][PASSED] - Statement - reportgroup = "(//div[@class='ctable']/table/tbody/tr[@class='tdata clear'])[" + i + "]/td[7]": null

2018-07-05 20:50:37 - [TEST_STEP][PASSED] - Statement - reportgroupTxt = driver.findElement(org.openqa.selenium.By.xpath(reportgroup)).getText(): null

2018-07-05 20:50:37 - [TEST_STEP][PASSED] - Statement - If (reportgroupTxt == "AutomationGroup"): null

2018-07-05 20:50:37 - [TEST_STEP][PASSED] - Statement - println("Report group has right group name"): null

2018-07-05 20:50:37 - [TEST_STEP][PASSED] - Statement - reportgroup = "(//div[@class='ctable']/table/tbody/tr[@class='tdata clear'])[" + i + "]/td[7]": null

2018-07-05 20:50:37 - [TEST_STEP][PASSED] - Statement - reportgroupTxt = driver.findElement(org.openqa.selenium.By.xpath(reportgroup)).getText(): null

2018-07-05 20:50:37 - [TEST_STEP][PASSED] - Statement - If (reportgroupTxt == "AutomationGroup"): null

2018-07-05 20:50:37 - [TEST_STEP][PASSED] - Statement - println("Report group has right group name"): null

2018-07-05 20:50:37 - [TEST_STEP][PASSED] - Statement - reportgroup = "(//div[@class='ctable']/table/tbody/tr[@class='tdata clear'])[" + i + "]/td[7]": null

2018-07-05 20:50:37 - [TEST_STEP][PASSED] - Statement - reportgroupTxt = driver.findElement(org.openqa.selenium.By.xpath(reportgroup)).getText(): null

2018-07-05 20:50:38 - [TEST_STEP][PASSED] - Statement - If (reportgroupTxt == "AutomationGroup"): null

2018-07-05 20:50:38 - [TEST_STEP][PASSED] - Statement - println("Report group has right group name"): null

2018-07-05 20:50:38 - [TEST_STEP][PASSED] - Statement - reportgroup = "(//div[@class='ctable']/table/tbody/tr[@class='tdata clear'])[" + i + "]/td[7]": null

2018-07-05 20:50:38 - [TEST_STEP][PASSED] - Statement - reportgroupTxt = driver.findElement(org.openqa.selenium.By.xpath(reportgroup)).getText(): null

2018-07-05 20:50:38 - [TEST_STEP][PASSED] - Statement - If (reportgroupTxt == "AutomationGroup"): null

2018-07-05 20:50:38 - [TEST_STEP][PASSED] - Statement - println("Report group has right group name"): null

2018-07-05 20:50:38 - [TEST_STEP][PASSED] - Statement - reportgroup = "(//div[@class='ctable']/table/tbody/tr[@class='tdata clear'])[" + i + "]/td[7]": null

2018-07-05 20:50:38 - [TEST_STEP][PASSED] - Statement - reportgroupTxt = driver.findElement(org.openqa.selenium.By.xpath(reportgroup)).getText(): null

2018-07-05 20:50:38 - [TEST_STEP][PASSED] - Statement - If (reportgroupTxt == "AutomationGroup"): null

2018-07-05 20:50:38 - [TEST_STEP][PASSED] - Statement - println("Report group has right group name"): null

2018-07-05 20:50:38 - [TEST_STEP][PASSED] - Statement - reportgroup = "(//div[@class='ctable']/table/tbody/tr[@class='tdata clear'])[" + i + "]/td[7]": null

2018-07-05 20:50:38 - [TEST_STEP][PASSED] - Statement - reportgroupTxt = driver.findElement(org.openqa.selenium.By.xpath(reportgroup)).getText(): null

2018-07-05 20:50:38 - [TEST_STEP][PASSED] - Statement - If (reportgroupTxt == "AutomationGroup"): null

2018-07-05 20:50:38 - [TEST_STEP][PASSED] - Statement - println("Report group has right group name"): null

2018-07-05 20:50:38 - [TEST_STEP][PASSED] - Statement - reportgroup = "(//div[@class='ctable']/table/tbody/tr[@class='tdata clear'])[" + i + "]/td[7]": null

2018-07-05 20:50:38 - [TEST_STEP][PASSED] - Statement - reportgroupTxt = driver.findElement(org.openqa.selenium.By.xpath(reportgroup)).getText(): null

2018-07-05 20:50:38 - [TEST_STEP][PASSED] - Statement - If (reportgroupTxt == "AutomationGroup"): null

2018-07-05 20:50:38 - [TEST_STEP][PASSED] - Statement - println("Report group has right group name"): null

2018-07-05 20:50:38 - [TEST_STEP][PASSED] - Statement - reportgroup = "(//div[@class='ctable']/table/tbody/tr[@class='tdata clear'])[" + i + "]/td[7]": null

2018-07-05 20:50:38 - [TEST_STEP][PASSED] - Statement - reportgroupTxt = driver.findElement(org.openqa.selenium.By.xpath(reportgroup)).getText(): null

2018-07-05 20:50:38 - [TEST_STEP][PASSED] - Statement - If (reportgroupTxt == "AutomationGroup"): null

2018-07-05 20:50:38 - [TEST_STEP][PASSED] - Statement - println("Report group has right group name"): null

2018-07-05 20:50:38 - [TEST_STEP][PASSED] - Statement - reportgroup = "(//div[@class='ctable']/table/tbody/tr[@class='tdata clear'])[" + i + "]/td[7]": null

2018-07-05 20:50:38 - [TEST_STEP][PASSED] - Statement - reportgroupTxt = driver.findElement(org.openqa.selenium.By.xpath(reportgroup)).getText(): null

2018-07-05 20:50:38 - [TEST_STEP][PASSED] - Statement - If (reportgroupTxt == "AutomationGroup"): null

2018-07-05 20:50:38 - [TEST_STEP][PASSED] - Statement - println("Report group has right group name"): null

2018-07-05 20:50:38 - [TEST_STEP][PASSED] - Statement - reportgroup = "(//div[@class='ctable']/table/tbody/tr[@class='tdata clear'])[" + i + "]/td[7]": null

2018-07-05 20:50:38 - [TEST_STEP][PASSED] - Statement - reportgroupTxt = driver.findElement(org.openqa.selenium.By.xpath(reportgroup)).getText(): null

2018-07-05 20:50:38 - [TEST_STEP][PASSED] - Statement - If (reportgroupTxt == "AutomationGroup"): null

2018-07-05 20:50:38 - [TEST_STEP][PASSED] - Statement - println("Report group has right group name"): null

2018-07-05 20:50:38 - [TEST_STEP][PASSED] - Statement - reportgroup = "(//div[@class='ctable']/table/tbody/tr[@class='tdata clear'])[" + i + "]/td[7]": null

2018-07-05 20:50:38 - [TEST_STEP][PASSED] - Statement - reportgroupTxt = driver.findElement(org.openqa.selenium.By.xpath(reportgroup)).getText(): null

2018-07-05 20:50:38 - [TEST_STEP][PASSED] - Statement - If (reportgroupTxt == "AutomationGroup"): null

2018-07-05 20:50:38 - [TEST_STEP][PASSED] - Statement - println("Report group has right group name"): null

2018-07-05 20:50:38 - [TEST_STEP][PASSED] - Statement - reportgroup = "(//div[@class='ctable']/table/tbody/tr[@class='tdata clear'])[" + i + "]/td[7]": null

2018-07-05 20:50:38 - [TEST_STEP][PASSED] - Statement - reportgroupTxt = driver.findElement(org.openqa.selenium.By.xpath(reportgroup)).getText(): null

2018-07-05 20:50:38 - [TEST_STEP][PASSED] - Statement - If (reportgroupTxt == "AutomationGroup"): null

2018-07-05 20:50:38 - [TEST_STEP][PASSED] - Statement - println("Report group has right group name"): null

2018-07-05 20:50:38 - [TEST_STEP][PASSED] - Statement - reportgroup = "(//div[@class='ctable']/table/tbody/tr[@class='tdata clear'])[" + i + "]/td[7]": null

2018-07-05 20:50:38 - [TEST_STEP][PASSED] - Statement - reportgroupTxt = driver.findElement(org.openqa.selenium.By.xpath(reportgroup)).getText(): null

2018-07-05 20:50:38 - [TEST_STEP][PASSED] - Statement - If (reportgroupTxt == "AutomationGroup"): null

2018-07-05 20:50:38 - [TEST_STEP][PASSED] - Statement - println("Report group has right group name"): null

2018-07-05 20:50:38 - [TEST_STEP][PASSED] - Statement - reportgroup = "(//div[@class='ctable']/table/tbody/tr[@class='tdata clear'])[" + i + "]/td[7]": null

2018-07-05 20:50:38 - [TEST_STEP][PASSED] - Statement - reportgroupTxt = driver.findElement(org.openqa.selenium.By.xpath(reportgroup)).getText(): null

2018-07-05 20:50:38 - [TEST_STEP][PASSED] - Statement - If (reportgroupTxt == "AutomationGroup"): null

2018-07-05 20:50:38 - [TEST_STEP][PASSED] - Statement - println("Report group has right group name"): null

2018-07-05 20:50:38 - [TEST_STEP][PASSED] - Statement - reportgroup = "(//div[@class='ctable']/table/tbody/tr[@class='tdata clear'])[" + i + "]/td[7]": null

2018-07-05 20:50:38 - [TEST_STEP][PASSED] - Statement - reportgroupTxt = driver.findElement(org.openqa.selenium.By.xpath(reportgroup)).getText(): null

2018-07-05 20:50:38 - [TEST_STEP][PASSED] - Statement - If (reportgroupTxt == "AutomationGroup"): null

2018-07-05 20:50:38 - [TEST_STEP][PASSED] - Statement - println("Report group has right group name"): null

2018-07-05 20:50:38 - [TEST_STEP][PASSED] - Statement - reportgroup = "(//div[@class='ctable']/table/tbody/tr[@class='tdata clear'])[" + i + "]/td[7]": null

2018-07-05 20:50:38 - [TEST_STEP][PASSED] - Statement - reportgroupTxt = driver.findElement(org.openqa.selenium.By.xpath(reportgroup)).getText(): null

2018-07-05 20:50:38 - [TEST_STEP][PASSED] - Statement - If (reportgroupTxt == "AutomationGroup"): null

2018-07-05 20:50:38 - [TEST_STEP][PASSED] - Statement - println("Report group has right group name"): null

2018-07-05 20:50:38 - [TEST_STEP][PASSED] - Statement - reportgroup = "(//div[@class='ctable']/table/tbody/tr[@class='tdata clear'])[" + i + "]/td[7]": null

2018-07-05 20:50:38 - [TEST_STEP][PASSED] - Statement - reportgroupTxt = driver.findElement(org.openqa.selenium.By.xpath(reportgroup)).getText(): null

2018-07-05 20:50:38 - [TEST_STEP][PASSED] - Statement - If (reportgroupTxt == "AutomationGroup"): null

2018-07-05 20:50:38 - [TEST_STEP][PASSED] - Statement - println("Report group has right group name"): null

2018-07-05 20:50:38 - [TEST_STEP][PASSED] - Statement - reportgroup = "(//div[@class='ctable']/table/tbody/tr[@class='tdata clear'])[" + i + "]/td[7]": null

2018-07-05 20:50:38 - [TEST_STEP][PASSED] - Statement - reportgroupTxt = driver.findElement(org.openqa.selenium.By.xpath(reportgroup)).getText(): null

2018-07-05 20:50:38 - [TEST_STEP][PASSED] - Statement - If (reportgroupTxt == "AutomationGroup"): null

2018-07-05 20:50:38 - [TEST_STEP][PASSED] - Statement - println("Report group has right group name"): null

2018-07-05 20:50:38 - [TEST_STEP][PASSED] - Statement - reportgroup = "(//div[@class='ctable']/table/tbody/tr[@class='tdata clear'])[" + i + "]/td[7]": null

2018-07-05 20:50:38 - [TEST_STEP][PASSED] - Statement - reportgroupTxt = driver.findElement(org.openqa.selenium.By.xpath(reportgroup)).getText(): null

2018-07-05 20:50:38 - [TEST_STEP][PASSED] - Statement - If (reportgroupTxt == "AutomationGroup"): null

2018-07-05 20:50:38 - [TEST_STEP][PASSED] - Statement - println("Report group has right group name"): null

2018-07-05 20:50:38 - [TEST_STEP][PASSED] - Statement - reportgroup = "(//div[@class='ctable']/table/tbody/tr[@class='tdata clear'])[" + i + "]/td[7]": null

2018-07-05 20:50:38 - [TEST_STEP][PASSED] - Statement - reportgroupTxt = driver.findElement(org.openqa.selenium.By.xpath(reportgroup)).getText(): null

2018-07-05 20:50:38 - [TEST_STEP][PASSED] - Statement - If (reportgroupTxt == "AutomationGroup"): null

2018-07-05 20:50:38 - [TEST_STEP][PASSED] - Statement - println("Report group has right group name"): null

2018-07-05 20:50:38 - [TEST_STEP][PASSED] - Statement - reportgroup = "(//div[@class='ctable']/table/tbody/tr[@class='tdata clear'])[" + i + "]/td[7]": null

2018-07-05 20:50:38 - [TEST_STEP][PASSED] - Statement - reportgroupTxt = driver.findElement(org.openqa.selenium.By.xpath(reportgroup)).getText(): null

2018-07-05 20:50:38 - [TEST_STEP][PASSED] - Statement - If (reportgroupTxt == "AutomationGroup"): null

2018-07-05 20:50:38 - [TEST_STEP][PASSED] - Statement - println("Report group has right group name"): null

2018-07-05 20:50:38 - [TEST_STEP][PASSED] - Statement - reportgroup = "(//div[@class='ctable']/table/tbody/tr[@class='tdata clear'])[" + i + "]/td[7]": null

2018-07-05 20:50:38 - [TEST_STEP][PASSED] - Statement - reportgroupTxt = driver.findElement(org.openqa.selenium.By.xpath(reportgroup)).getText(): null

2018-07-05 20:50:38 - [TEST_STEP][PASSED] - Statement - If (reportgroupTxt == "AutomationGroup"): null

2018-07-05 20:50:38 - [TEST_STEP][PASSED] - Statement - println("Report group has right group name"): null

2018-07-05 20:50:38 - [TEST_STEP][PASSED] - Statement - reportgroup = "(//div[@class='ctable']/table/tbody/tr[@class='tdata clear'])[" + i + "]/td[7]": null

2018-07-05 20:50:38 - [TEST_STEP][PASSED] - Statement - reportgroupTxt = driver.findElement(org.openqa.selenium.By.xpath(reportgroup)).getText(): null

2018-07-05 20:50:38 - [TEST_STEP][PASSED] - Statement - If (reportgroupTxt == "AutomationGroup"): null

2018-07-05 20:50:38 - [TEST_STEP][PASSED] - Statement - println("Report group has right group name"): null

2018-07-05 20:50:38 - [TEST_STEP][PASSED] - Statement - reportgroup = "(//div[@class='ctable']/table/tbody/tr[@class='tdata clear'])[" + i + "]/td[7]": null

2018-07-05 20:50:38 - [TEST_STEP][PASSED] - Statement - reportgroupTxt = driver.findElement(org.openqa.selenium.By.xpath(reportgroup)).getText(): null

2018-07-05 20:50:38 - [TEST_STEP][PASSED] - Statement - If (reportgroupTxt == "AutomationGroup"): null

2018-07-05 20:50:38 - [TEST_STEP][PASSED] - Statement - println("Report group has right group name"): null

2018-07-05 20:50:38 - [TEST_STEP][PASSED] - Statement - reportgroup = "(//div[@class='ctable']/table/tbody/tr[@class='tdata clear'])[" + i + "]/td[7]": null

2018-07-05 20:50:38 - [TEST_STEP][PASSED] - Statement - reportgroupTxt = driver.findElement(org.openqa.selenium.By.xpath(reportgroup)).getText(): null

2018-07-05 20:50:38 - [TEST_STEP][PASSED] - Statement - If (reportgroupTxt == "AutomationGroup"): null

2018-07-05 20:50:38 - [TEST_STEP][PASSED] - Statement - println("Report group has right group name"): null

2018-07-05 20:50:38 - [TEST_STEP][PASSED] - Statement - reportgroup = "(//div[@class='ctable']/table/tbody/tr[@class='tdata clear'])[" + i + "]/td[7]": null

2018-07-05 20:50:38 - [TEST_STEP][PASSED] - Statement - reportgroupTxt = driver.findElement(org.openqa.selenium.By.xpath(reportgroup)).getText(): null

2018-07-05 20:50:38 - [TEST_STEP][PASSED] - Statement - If (reportgroupTxt == "AutomationGroup"): null

2018-07-05 20:50:38 - [TEST_STEP][PASSED] - Statement - println("Report group has right group name"): null

2018-07-05 20:50:38 - [TEST_STEP][PASSED] - Statement - reportgroup = "(//div[@class='ctable']/table/tbody/tr[@class='tdata clear'])[" + i + "]/td[7]": null

2018-07-05 20:50:38 - [TEST_STEP][PASSED] - Statement - reportgroupTxt = driver.findElement(org.openqa.selenium.By.xpath(reportgroup)).getText(): null

2018-07-05 20:50:38 - [TEST_STEP][PASSED] - Statement - If (reportgroupTxt == "AutomationGroup"): null

2018-07-05 20:50:38 - [TEST_STEP][PASSED] - Statement - println("Report group has right group name"): null

2018-07-05 20:50:38 - [TEST_STEP][PASSED] - Statement - reportgroup = "(//div[@class='ctable']/table/tbody/tr[@class='tdata clear'])[" + i + "]/td[7]": null

2018-07-05 20:50:38 - [TEST_STEP][PASSED] - Statement - reportgroupTxt = driver.findElement(org.openqa.selenium.By.xpath(reportgroup)).getText(): null

2018-07-05 20:50:38 - [TEST_STEP][PASSED] - Statement - If (reportgroupTxt == "AutomationGroup"): null

2018-07-05 20:50:38 - [TEST_STEP][PASSED] - Statement - println("Report group has right group name"): null

2018-07-05 20:50:38 - [TEST_STEP][PASSED] - Statement - reportgroup = "(//div[@class='ctable']/table/tbody/tr[@class='tdata clear'])[" + i + "]/td[7]": null

2018-07-05 20:50:38 - [TEST_STEP][PASSED] - Statement - reportgroupTxt = driver.findElement(org.openqa.selenium.By.xpath(reportgroup)).getText(): null

2018-07-05 20:50:38 - [TEST_STEP][PASSED] - Statement - If (reportgroupTxt == "AutomationGroup"): null

2018-07-05 20:50:38 - [TEST_STEP][PASSED] - Statement - println("Report group has right group name"): null

2018-07-05 20:50:38 - [TEST_STEP][PASSED] - Statement - reportgroup = "(//div[@class='ctable']/table/tbody/tr[@class='tdata clear'])[" + i + "]/td[7]": null

2018-07-05 20:50:38 - [TEST_STEP][PASSED] - Statement - reportgroupTxt = driver.findElement(org.openqa.selenium.By.xpath(reportgroup)).getText(): null

2018-07-05 20:50:38 - [TEST_STEP][PASSED] - Statement - If (reportgroupTxt == "AutomationGroup"): null

2018-07-05 20:50:38 - [TEST_STEP][PASSED] - Statement - println("Report group has right group name"): null

2018-07-05 20:50:38 - [TEST_STEP][PASSED] - Statement - reportgroup = "(//div[@class='ctable']/table/tbody/tr[@class='tdata clear'])[" + i + "]/td[7]": null

2018-07-05 20:50:38 - [TEST_STEP][PASSED] - Statement - reportgroupTxt = driver.findElement(org.openqa.selenium.By.xpath(reportgroup)).getText(): null

2018-07-05 20:50:38 - [TEST_STEP][PASSED] - Statement - If (reportgroupTxt == "AutomationGroup"): null

2018-07-05 20:50:38 - [TEST_STEP][PASSED] - Statement - println("Report group has right group name"): null

2018-07-05 20:50:38 - [TEST_STEP][PASSED] - Statement - reportgroup = "(//div[@class='ctable']/table/tbody/tr[@class='tdata clear'])[" + i + "]/td[7]": null

2018-07-05 20:50:38 - [TEST_STEP][PASSED] - Statement - reportgroupTxt = driver.findElement(org.openqa.selenium.By.xpath(reportgroup)).getText(): null

2018-07-05 20:50:38 - [TEST_STEP][PASSED] - Statement - If (reportgroupTxt == "AutomationGroup"): null

2018-07-05 20:50:38 - [TEST_STEP][PASSED] - Statement - println("Report group has right group name"): null

2018-07-05 20:50:38 - [TEST_STEP][PASSED] - Statement - reportgroup = "(//div[@class='ctable']/table/tbody/tr[@class='tdata clear'])[" + i + "]/td[7]": null

2018-07-05 20:50:38 - [TEST_STEP][PASSED] - Statement - reportgroupTxt = driver.findElement(org.openqa.selenium.By.xpath(reportgroup)).getText(): null

2018-07-05 20:50:38 - [TEST_STEP][PASSED] - Statement - If (reportgroupTxt == "AutomationGroup"): null

2018-07-05 20:50:38 - [TEST_STEP][PASSED] - Statement - println("Report group has right group name"): null

2018-07-05 20:50:38 - [TEST_STEP][PASSED] - Statement - reportgroup = "(//div[@class='ctable']/table/tbody/tr[@class='tdata clear'])[" + i + "]/td[7]": null

2018-07-05 20:50:38 - [TEST_STEP][PASSED] - Statement - reportgroupTxt = driver.findElement(org.openqa.selenium.By.xpath(reportgroup)).getText(): null

2018-07-05 20:50:38 - [TEST_STEP][PASSED] - Statement - If (reportgroupTxt == "AutomationGroup"): null

2018-07-05 20:50:38 - [TEST_STEP][PASSED] - Statement - println("Report group has right group name"): null

2018-07-05 20:50:38 - [TEST_STEP][PASSED] - Statement - reportgroup = "(//div[@class='ctable']/table/tbody/tr[@class='tdata clear'])[" + i + "]/td[7]": null

2018-07-05 20:50:38 - [TEST_STEP][PASSED] - Statement - reportgroupTxt = driver.findElement(org.openqa.selenium.By.xpath(reportgroup)).getText(): null

2018-07-05 20:50:38 - [TEST_STEP][PASSED] - Statement - If (reportgroupTxt == "AutomationGroup"): null

2018-07-05 20:50:38 - [TEST_STEP][PASSED] - Statement - println("Report group has right group name"): null

2018-07-05 20:50:38 - [TEST_STEP][PASSED] - Statement - reportgroup = "(//div[@class='ctable']/table/tbody/tr[@class='tdata clear'])[" + i + "]/td[7]": null

2018-07-05 20:50:38 - [TEST_STEP][PASSED] - Statement - reportgroupTxt = driver.findElement(org.openqa.selenium.By.xpath(reportgroup)).getText(): null

2018-07-05 20:50:38 - [TEST_STEP][PASSED] - Statement - If (reportgroupTxt == "AutomationGroup"): null

2018-07-05 20:50:38 - [TEST_STEP][PASSED] - Statement - println("Report group has right group name"): null

2018-07-05 20:50:38 - [TEST_STEP][PASSED] - Statement - reportgroup = "(//div[@class='ctable']/table/tbody/tr[@class='tdata clear'])[" + i + "]/td[7]": null

2018-07-05 20:50:38 - [TEST_STEP][PASSED] - Statement - reportgroupTxt = driver.findElement(org.openqa.selenium.By.xpath(reportgroup)).getText(): null

2018-07-05 20:50:39 - [TEST_STEP][PASSED] - Statement - If (reportgroupTxt == "AutomationGroup"): null

2018-07-05 20:50:39 - [TEST_STEP][PASSED] - Statement - println("Report group has right group name"): null

2018-07-05 20:50:39 - [TEST_STEP][PASSED] - Statement - reportgroup = "(//div[@class='ctable']/table/tbody/tr[@class='tdata clear'])[" + i + "]/td[7]": null

2018-07-05 20:50:39 - [TEST_STEP][PASSED] - Statement - reportgroupTxt = driver.findElement(org.openqa.selenium.By.xpath(reportgroup)).getText(): null

2018-07-05 20:50:39 - [TEST_STEP][PASSED] - Statement - If (reportgroupTxt == "AutomationGroup"): null

2018-07-05 20:50:39 - [TEST_STEP][PASSED] - Statement - println("Report group has right group name"): null

2018-07-05 20:50:39 - [TEST_STEP][PASSED] - Statement - reportgroup = "(//div[@class='ctable']/table/tbody/tr[@class='tdata clear'])[" + i + "]/td[7]": null

2018-07-05 20:50:39 - [TEST_STEP][PASSED] - Statement - reportgroupTxt = driver.findElement(org.openqa.selenium.By.xpath(reportgroup)).getText(): null

2018-07-05 20:50:39 - [TEST_STEP][PASSED] - Statement - If (reportgroupTxt == "AutomationGroup"): null

2018-07-05 20:50:39 - [TEST_STEP][PASSED] - Statement - println("Report group has right group name"): null

2018-07-05 20:50:39 - [TEST_STEP][PASSED] - Statement - reportgroup = "(//div[@class='ctable']/table/tbody/tr[@class='tdata clear'])[" + i + "]/td[7]": null

2018-07-05 20:50:39 - [TEST_STEP][PASSED] - Statement - reportgroupTxt = driver.findElement(org.openqa.selenium.By.xpath(reportgroup)).getText(): null

2018-07-05 20:50:39 - [TEST_STEP][PASSED] - Statement - If (reportgroupTxt == "AutomationGroup"): null

2018-07-05 20:50:39 - [TEST_STEP][PASSED] - Statement - println("Report group has right group name"): null

2018-07-05 20:50:39 - [TEST_STEP][PASSED] - Statement - reportgroup = "(//div[@class='ctable']/table/tbody/tr[@class='tdata clear'])[" + i + "]/td[7]": null

2018-07-05 20:50:39 - [TEST_STEP][PASSED] - Statement - reportgroupTxt = driver.findElement(org.openqa.selenium.By.xpath(reportgroup)).getText(): null

2018-07-05 20:50:39 - [TEST_STEP][PASSED] - Statement - If (reportgroupTxt == "AutomationGroup"): null

2018-07-05 20:50:39 - [TEST_STEP][PASSED] - Statement - println("Report group has right group name"): null

2018-07-05 20:50:39 - [TEST_STEP][PASSED] - Statement - reportgroup = "(//div[@class='ctable']/table/tbody/tr[@class='tdata clear'])[" + i + "]/td[7]": null

2018-07-05 20:50:39 - [TEST_STEP][PASSED] - Statement - reportgroupTxt = driver.findElement(org.openqa.selenium.By.xpath(reportgroup)).getText(): null

2018-07-05 20:50:39 - [TEST_STEP][PASSED] - Statement - If (reportgroupTxt == "AutomationGroup"): null

2018-07-05 20:50:39 - [TEST_STEP][PASSED] - Statement - println("Report group has right group name"): null

2018-07-05 20:50:39 - [TEST_STEP][PASSED] - Statement - reportgroup = "(//div[@class='ctable']/table/tbody/tr[@class='tdata clear'])[" + i + "]/td[7]": null

2018-07-05 20:50:39 - [TEST_STEP][PASSED] - Statement - reportgroupTxt = driver.findElement(org.openqa.selenium.By.xpath(reportgroup)).getText(): null

2018-07-05 20:50:39 - [TEST_STEP][PASSED] - Statement - If (reportgroupTxt == "AutomationGroup"): null

2018-07-05 20:50:39 - [TEST_STEP][PASSED] - Statement - println("Report group has right group name"): null

2018-07-05 20:50:39 - [TEST_STEP][PASSED] - Statement - reportgroup = "(//div[@class='ctable']/table/tbody/tr[@class='tdata clear'])[" + i + "]/td[7]": null

2018-07-05 20:50:39 - [TEST_STEP][PASSED] - Statement - reportgroupTxt = driver.findElement(org.openqa.selenium.By.xpath(reportgroup)).getText(): null

2018-07-05 20:50:39 - [TEST_STEP][PASSED] - Statement - If (reportgroupTxt == "AutomationGroup"): null

2018-07-05 20:50:39 - [TEST_STEP][PASSED] - Statement - println("Report group has right group name"): null

2018-07-05 20:50:39 - [TEST_STEP][PASSED] - Statement - reportgroup = "(//div[@class='ctable']/table/tbody/tr[@class='tdata clear'])[" + i + "]/td[7]": null

2018-07-05 20:50:39 - [TEST_STEP][PASSED] - Statement - reportgroupTxt = driver.findElement(org.openqa.selenium.By.xpath(reportgroup)).getText(): null

2018-07-05 20:50:39 - [TEST_STEP][PASSED] - Statement - If (reportgroupTxt == "AutomationGroup"): null

2018-07-05 20:50:39 - [TEST_STEP][PASSED] - Statement - println("Report group has right group name"): null

2018-07-05 20:50:39 - [TEST_STEP][PASSED] - Statement - reportgroup = "(//div[@class='ctable']/table/tbody/tr[@class='tdata clear'])[" + i + "]/td[7]": null

2018-07-05 20:50:39 - [TEST_STEP][PASSED] - Statement - reportgroupTxt = driver.findElement(org.openqa.selenium.By.xpath(reportgroup)).getText(): null

2018-07-05 20:50:39 - [TEST_STEP][PASSED] - Statement - If (reportgroupTxt == "AutomationGroup"): null

2018-07-05 20:50:39 - [TEST_STEP][PASSED] - Statement - println("Report group has right group name"): null

2018-07-05 20:50:39 - [TEST_STEP][PASSED] - Statement - reportgroup = "(//div[@class='ctable']/table/tbody/tr[@class='tdata clear'])[" + i + "]/td[7]": null

2018-07-05 20:50:39 - [TEST_STEP][PASSED] - Statement - reportgroupTxt = driver.findElement(org.openqa.selenium.By.xpath(reportgroup)).getText(): null

2018-07-05 20:50:39 - [TEST_STEP][PASSED] - Statement - If (reportgroupTxt == "AutomationGroup"): null

2018-07-05 20:50:39 - [TEST_STEP][PASSED] - Statement - println("Report group has right group name"): null

2018-07-05 20:50:39 - [TEST_STEP][PASSED] - Statement - reportgroup = "(//div[@class='ctable']/table/tbody/tr[@class='tdata clear'])[" + i + "]/td[7]": null

2018-07-05 20:50:39 - [TEST_STEP][PASSED] - Statement - reportgroupTxt = driver.findElement(org.openqa.selenium.By.xpath(reportgroup)).getText(): null

2018-07-05 20:50:39 - [TEST_STEP][PASSED] - Statement - If (reportgroupTxt == "AutomationGroup"): null

2018-07-05 20:50:39 - [TEST_STEP][PASSED] - Statement - println("Report group has right group name"): null

2018-07-05 20:50:39 - [TEST_STEP][PASSED] - Statement - reportgroup = "(//div[@class='ctable']/table/tbody/tr[@class='tdata clear'])[" + i + "]/td[7]": null

2018-07-05 20:50:39 - [TEST_STEP][PASSED] - Statement - reportgroupTxt = driver.findElement(org.openqa.selenium.By.xpath(reportgroup)).getText(): null

2018-07-05 20:50:39 - [TEST_STEP][PASSED] - Statement - If (reportgroupTxt == "AutomationGroup"): null

2018-07-05 20:50:39 - [TEST_STEP][PASSED] - Statement - println("Report group has right group name"): null

2018-07-05 20:50:39 - [TEST_STEP][PASSED] - Statement - reportgroup = "(//div[@class='ctable']/table/tbody/tr[@class='tdata clear'])[" + i + "]/td[7]": null

2018-07-05 20:50:39 - [TEST_STEP][PASSED] - Statement - reportgroupTxt = driver.findElement(org.openqa.selenium.By.xpath(reportgroup)).getText(): null

2018-07-05 20:50:39 - [TEST_STEP][PASSED] - Statement - If (reportgroupTxt == "AutomationGroup"): null

2018-07-05 20:50:39 - [TEST_STEP][PASSED] - Statement - println("Report group has right group name"): null

2018-07-05 20:50:39 - [TEST_STEP][PASSED] - Statement - reportgroup = "(//div[@class='ctable']/table/tbody/tr[@class='tdata clear'])[" + i + "]/td[7]": null

2018-07-05 20:50:39 - [TEST_STEP][PASSED] - Statement - reportgroupTxt = driver.findElement(org.openqa.selenium.By.xpath(reportgroup)).getText(): null

2018-07-05 20:50:39 - [TEST_STEP][PASSED] - Statement - If (reportgroupTxt == "AutomationGroup"): null

2018-07-05 20:50:39 - [TEST_STEP][PASSED] - Statement - println("Report group has right group name"): null

2018-07-05 20:50:39 - [TEST_STEP][PASSED] - Statement - reportgroup = "(//div[@class='ctable']/table/tbody/tr[@class='tdata clear'])[" + i + "]/td[7]": null

2018-07-05 20:50:39 - [TEST_STEP][PASSED] - Statement - reportgroupTxt = driver.findElement(org.openqa.selenium.By.xpath(reportgroup)).getText(): null

2018-07-05 20:50:39 - [TEST_STEP][PASSED] - Statement - If (reportgroupTxt == "AutomationGroup"): null

2018-07-05 20:50:39 - [TEST_STEP][PASSED] - Statement - println("Report group has right group name"): null

2018-07-05 20:50:39 - [TEST_STEP][PASSED] - Statement - reportgroup = "(//div[@class='ctable']/table/tbody/tr[@class='tdata clear'])[" + i + "]/td[7]": null

2018-07-05 20:50:39 - [TEST_STEP][PASSED] - Statement - reportgroupTxt = driver.findElement(org.openqa.selenium.By.xpath(reportgroup)).getText(): null

2018-07-05 20:50:39 - [TEST_STEP][PASSED] - Statement - If (reportgroupTxt == "AutomationGroup"): null

2018-07-05 20:50:39 - [TEST_STEP][PASSED] - Statement - println("Report group has right group name"): null

2018-07-05 20:50:39 - [TEST_STEP][PASSED] - Statement - reportgroup = "(//div[@class='ctable']/table/tbody/tr[@class='tdata clear'])[" + i + "]/td[7]": null

2018-07-05 20:50:39 - [TEST_STEP][PASSED] - Statement - reportgroupTxt = driver.findElement(org.openqa.selenium.By.xpath(reportgroup)).getText(): null

2018-07-05 20:50:39 - [TEST_STEP][PASSED] - Statement - If (reportgroupTxt == "AutomationGroup"): null

2018-07-05 20:50:39 - [TEST_STEP][PASSED] - Statement - println("Report group has right group name"): null

2018-07-05 20:50:39 - [TEST_STEP][PASSED] - Statement - reportgroup = "(//div[@class='ctable']/table/tbody/tr[@class='tdata clear'])[" + i + "]/td[7]": null

2018-07-05 20:50:39 - [TEST_STEP][PASSED] - Statement - reportgroupTxt = driver.findElement(org.openqa.selenium.By.xpath(reportgroup)).getText(): null

2018-07-05 20:50:39 - [TEST_STEP][PASSED] - Statement - If (reportgroupTxt == "AutomationGroup"): null

2018-07-05 20:50:39 - [TEST_STEP][PASSED] - Statement - println("Report group has right group name"): null

2018-07-05 20:50:39 - [TEST_STEP][PASSED] - Statement - reportgroup = "(//div[@class='ctable']/table/tbody/tr[@class='tdata clear'])[" + i + "]/td[7]": null

2018-07-05 20:50:39 - [TEST_STEP][PASSED] - Statement - reportgroupTxt = driver.findElement(org.openqa.selenium.By.xpath(reportgroup)).getText(): null

2018-07-05 20:50:39 - [TEST_STEP][PASSED] - Statement - If (reportgroupTxt == "AutomationGroup"): null

2018-07-05 20:50:39 - [TEST_STEP][PASSED] - Statement - println("Report group has right group name"): null

2018-07-05 20:50:39 - [TEST_STEP][PASSED] - Statement - reportgroup = "(//div[@class='ctable']/table/tbody/tr[@class='tdata clear'])[" + i + "]/td[7]": null

2018-07-05 20:50:39 - [TEST_STEP][PASSED] - Statement - reportgroupTxt = driver.findElement(org.openqa.selenium.By.xpath(reportgroup)).getText(): null

2018-07-05 20:50:39 - [TEST_STEP][PASSED] - Statement - If (reportgroupTxt == "AutomationGroup"): null

2018-07-05 20:50:39 - [TEST_STEP][PASSED] - Statement - println("Report group has right group name"): null

2018-07-05 20:50:39 - [TEST_STEP][PASSED] - Statement - reportgroup = "(//div[@class='ctable']/table/tbody/tr[@class='tdata clear'])[" + i + "]/td[7]": null

2018-07-05 20:50:39 - [TEST_STEP][PASSED] - Statement - reportgroupTxt = driver.findElement(org.openqa.selenium.By.xpath(reportgroup)).getText(): null

2018-07-05 20:50:39 - [TEST_STEP][PASSED] - Statement - If (reportgroupTxt == "AutomationGroup"): null

2018-07-05 20:50:39 - [TEST_STEP][PASSED] - Statement - println("Report group has right group name"): null

2018-07-05 20:50:39 - [TEST_STEP][PASSED] - Statement - reportgroup = "(//div[@class='ctable']/table/tbody/tr[@class='tdata clear'])[" + i + "]/td[7]": null

2018-07-05 20:50:39 - [TEST_STEP][PASSED] - Statement - reportgroupTxt = driver.findElement(org.openqa.selenium.By.xpath(reportgroup)).getText(): null

2018-07-05 20:50:39 - [TEST_STEP][PASSED] - Statement - If (reportgroupTxt == "AutomationGroup"): null

2018-07-05 20:50:39 - [TEST_STEP][PASSED] - Statement - println("Report group has right group name"): null

2018-07-05 20:50:39 - [TEST_STEP][PASSED] - Statement - reportgroup = "(//div[@class='ctable']/table/tbody/tr[@class='tdata clear'])[" + i + "]/td[7]": null

2018-07-05 20:50:39 - [TEST_STEP][PASSED] - Statement - reportgroupTxt = driver.findElement(org.openqa.selenium.By.xpath(reportgroup)).getText(): null

2018-07-05 20:50:39 - [TEST_STEP][PASSED] - Statement - If (reportgroupTxt == "AutomationGroup"): null

2018-07-05 20:50:39 - [TEST_STEP][PASSED] - Statement - println("Report group has right group name"): null

2018-07-05 20:50:39 - [TEST_STEP][PASSED] - Statement - reportgroup = "(//div[@class='ctable']/table/tbody/tr[@class='tdata clear'])[" + i + "]/td[7]": null

2018-07-05 20:50:39 - [TEST_STEP][PASSED] - Statement - reportgroupTxt = driver.findElement(org.openqa.selenium.By.xpath(reportgroup)).getText(): null

2018-07-05 20:50:39 - [TEST_STEP][PASSED] - Statement - If (reportgroupTxt == "AutomationGroup"): null

2018-07-05 20:50:39 - [TEST_STEP][PASSED] - Statement - println("Report group has right group name"): null

2018-07-05 20:50:39 - [TEST_STEP][PASSED] - Statement - reportgroup = "(//div[@class='ctable']/table/tbody/tr[@class='tdata clear'])[" + i + "]/td[7]": null

2018-07-05 20:50:39 - [TEST_STEP][PASSED] - Statement - reportgroupTxt = driver.findElement(org.openqa.selenium.By.xpath(reportgroup)).getText(): null

2018-07-05 20:50:39 - [TEST_STEP][PASSED] - Statement - If (reportgroupTxt == "AutomationGroup"): null

2018-07-05 20:50:39 - [TEST_STEP][PASSED] - Statement - println("Report group has right group name"): null

2018-07-05 20:50:39 - [TEST_STEP][PASSED] - Statement - reportgroup = "(//div[@class='ctable']/table/tbody/tr[@class='tdata clear'])[" + i + "]/td[7]": null

2018-07-05 20:50:39 - [TEST_STEP][PASSED] - Statement - reportgroupTxt = driver.findElement(org.openqa.selenium.By.xpath(reportgroup)).getText(): null

2018-07-05 20:50:39 - [TEST_STEP][PASSED] - Statement - If (reportgroupTxt == "AutomationGroup"): null

2018-07-05 20:50:39 - [TEST_STEP][PASSED] - Statement - println("Report group has right group name"): null

2018-07-05 20:50:39 - [TEST_STEP][PASSED] - Statement - reportgroup = "(//div[@class='ctable']/table/tbody/tr[@class='tdata clear'])[" + i + "]/td[7]": null

2018-07-05 20:50:39 - [TEST_STEP][PASSED] - Statement - reportgroupTxt = driver.findElement(org.openqa.selenium.By.xpath(reportgroup)).getText(): null

2018-07-05 20:50:39 - [TEST_STEP][PASSED] - Statement - If (reportgroupTxt == "AutomationGroup"): null

2018-07-05 20:50:39 - [TEST_STEP][PASSED] - Statement - println("Report group has right group name"): null

2018-07-05 20:50:39 - [TEST_STEP][PASSED] - Statement - reportgroup = "(//div[@class='ctable']/table/tbody/tr[@class='tdata clear'])[" + i + "]/td[7]": null

2018-07-05 20:50:39 - [TEST_STEP][PASSED] - Statement - reportgroupTxt = driver.findElement(org.openqa.selenium.By.xpath(reportgroup)).getText(): null

2018-07-05 20:50:39 - [TEST_STEP][PASSED] - Statement - If (reportgroupTxt == "AutomationGroup"): null

2018-07-05 20:50:39 - [TEST_STEP][PASSED] - Statement - println("Report group has right group name"): null

2018-07-05 20:50:39 - [TEST_STEP][PASSED] - Statement - reportgroup = "(//div[@class='ctable']/table/tbody/tr[@class='tdata clear'])[" + i + "]/td[7]": null

2018-07-05 20:50:39 - [TEST_STEP][PASSED] - Statement - reportgroupTxt = driver.findElement(org.openqa.selenium.By.xpath(reportgroup)).getText(): null

2018-07-05 20:50:39 - [TEST_STEP][PASSED] - Statement - If (reportgroupTxt == "AutomationGroup"): null

2018-07-05 20:50:39 - [TEST_STEP][PASSED] - Statement - println("Report group has right group name"): null

2018-07-05 20:50:39 - [TEST_STEP][PASSED] - Statement - reportgroup = "(//div[@class='ctable']/table/tbody/tr[@class='tdata clear'])[" + i + "]/td[7]": null

2018-07-05 20:50:39 - [TEST_STEP][PASSED] - Statement - reportgroupTxt = driver.findElement(org.openqa.selenium.By.xpath(reportgroup)).getText(): null

2018-07-05 20:50:39 - [TEST_STEP][PASSED] - Statement - If (reportgroupTxt == "AutomationGroup"): null

2018-07-05 20:50:39 - [TEST_STEP][PASSED] - Statement - println("Report group has right group name"): null

2018-07-05 20:50:39 - [TEST_STEP][PASSED] - Statement - reportgroup = "(//div[@class='ctable']/table/tbody/tr[@class='tdata clear'])[" + i + "]/td[7]": null

2018-07-05 20:50:39 - [TEST_STEP][PASSED] - Statement - reportgroupTxt = driver.findElement(org.openqa.selenium.By.xpath(reportgroup)).getText(): null

2018-07-05 20:50:39 - [TEST_STEP][PASSED] - Statement - If (reportgroupTxt == "AutomationGroup"): null

2018-07-05 20:50:39 - [TEST_STEP][PASSED] - Statement - println("Report group has right group name"): null

2018-07-05 20:50:39 - [TEST_STEP][PASSED] - Statement - reportgroup = "(//div[@class='ctable']/table/tbody/tr[@class='tdata clear'])[" + i + "]/td[7]": null

2018-07-05 20:50:39 - [TEST_STEP][PASSED] - Statement - reportgroupTxt = driver.findElement(org.openqa.selenium.By.xpath(reportgroup)).getText(): null

2018-07-05 20:50:40 - [TEST_STEP][PASSED] - Statement - If (reportgroupTxt == "AutomationGroup"): null

2018-07-05 20:50:40 - [TEST_STEP][PASSED] - Statement - println("Report group has right group name"): null

2018-07-05 20:50:40 - [TEST_STEP][PASSED] - Statement - reportgroup = "(//div[@class='ctable']/table/tbody/tr[@class='tdata clear'])[" + i + "]/td[7]": null

2018-07-05 20:50:40 - [TEST_STEP][PASSED] - Statement - reportgroupTxt = driver.findElement(org.openqa.selenium.By.xpath(reportgroup)).getText(): null

2018-07-05 20:50:40 - [TEST_STEP][PASSED] - Statement - If (reportgroupTxt == "AutomationGroup"): null

2018-07-05 20:50:40 - [TEST_STEP][PASSED] - Statement - println("Report group has right group name"): null

2018-07-05 20:50:40 - [TEST_STEP][PASSED] - Statement - reportgroup = "(//div[@class='ctable']/table/tbody/tr[@class='tdata clear'])[" + i + "]/td[7]": null

2018-07-05 20:50:40 - [TEST_STEP][PASSED] - Statement - reportgroupTxt = driver.findElement(org.openqa.selenium.By.xpath(reportgroup)).getText(): null

2018-07-05 20:50:40 - [TEST_STEP][PASSED] - Statement - If (reportgroupTxt == "AutomationGroup"): null

2018-07-05 20:50:40 - [TEST_STEP][PASSED] - Statement - println("Report group has right group name"): null

2018-07-05 20:50:40 - [TEST_STEP][PASSED] - Statement - reportgroup = "(//div[@class='ctable']/table/tbody/tr[@class='tdata clear'])[" + i + "]/td[7]": null

2018-07-05 20:50:40 - [TEST_STEP][PASSED] - Statement - reportgroupTxt = driver.findElement(org.openqa.selenium.By.xpath(reportgroup)).getText(): null

2018-07-05 20:50:40 - [TEST_STEP][PASSED] - Statement - If (reportgroupTxt == "AutomationGroup"): null

2018-07-05 20:50:40 - [TEST_STEP][PASSED] - Statement - println("Report group has right group name"): null

2018-07-05 20:50:40 - [TEST_STEP][PASSED] - Statement - reportgroup = "(//div[@class='ctable']/table/tbody/tr[@class='tdata clear'])[" + i + "]/td[7]": null

2018-07-05 20:50:40 - [TEST_STEP][PASSED] - Statement - reportgroupTxt = driver.findElement(org.openqa.selenium.By.xpath(reportgroup)).getText(): null

2018-07-05 20:50:40 - [TEST_STEP][PASSED] - Statement - If (reportgroupTxt == "AutomationGroup"): null

2018-07-05 20:50:40 - [TEST_STEP][PASSED] - Statement - println("Report group has right group name"): null

2018-07-05 20:50:40 - [TEST_STEP][PASSED] - Statement - reportgroup = "(//div[@class='ctable']/table/tbody/tr[@class='tdata clear'])[" + i + "]/td[7]": null

2018-07-05 20:50:40 - [TEST_STEP][PASSED] - Statement - reportgroupTxt = driver.findElement(org.openqa.selenium.By.xpath(reportgroup)).getText(): null

2018-07-05 20:50:40 - [TEST_STEP][PASSED] - Statement - If (reportgroupTxt == "AutomationGroup"): null

2018-07-05 20:50:40 - [TEST_STEP][PASSED] - Statement - println("Report group has right group name"): null

2018-07-05 20:50:40 - [TEST_STEP][PASSED] - Statement - reportgroup = "(//div[@class='ctable']/table/tbody/tr[@class='tdata clear'])[" + i + "]/td[7]": null

2018-07-05 20:50:40 - [TEST_STEP][PASSED] - Statement - reportgroupTxt = driver.findElement(org.openqa.selenium.By.xpath(reportgroup)).getText(): null

2018-07-05 20:50:40 - [TEST_STEP][PASSED] - Statement - If (reportgroupTxt == "AutomationGroup"): null

2018-07-05 20:50:40 - [TEST_STEP][PASSED] - Statement - println("Report group has right group name"): null

2018-07-05 20:50:40 - [TEST_STEP][PASSED] - Statement - reportgroup = "(//div[@class='ctable']/table/tbody/tr[@class='tdata clear'])[" + i + "]/td[7]": null

2018-07-05 20:50:40 - [TEST_STEP][PASSED] - Statement - reportgroupTxt = driver.findElement(org.openqa.selenium.By.xpath(reportgroup)).getText(): null

2018-07-05 20:50:40 - [TEST_STEP][PASSED] - Statement - If (reportgroupTxt == "AutomationGroup"): null

2018-07-05 20:50:40 - [TEST_STEP][PASSED] - Statement - println("Report group has right group name"): null

2018-07-05 20:50:40 - [TEST_STEP][PASSED] - Statement - reportgroup = "(//div[@class='ctable']/table/tbody/tr[@class='tdata clear'])[" + i + "]/td[7]": null

2018-07-05 20:50:40 - [TEST_STEP][PASSED] - Statement - reportgroupTxt = driver.findElement(org.openqa.selenium.By.xpath(reportgroup)).getText(): null

2018-07-05 20:50:40 - [TEST_STEP][PASSED] - Statement - If (reportgroupTxt == "AutomationGroup"): null

2018-07-05 20:50:40 - [TEST_STEP][PASSED] - Statement - println("Report group has right group name"): null

2018-07-05 20:50:40 - [TEST_STEP][PASSED] - Statement - reportgroup = "(//div[@class='ctable']/table/tbody/tr[@class='tdata clear'])[" + i + "]/td[7]": null

2018-07-05 20:50:40 - [TEST_STEP][PASSED] - Statement - reportgroupTxt = driver.findElement(org.openqa.selenium.By.xpath(reportgroup)).getText(): null

2018-07-05 20:50:40 - [TEST_STEP][PASSED] - Statement - If (reportgroupTxt == "AutomationGroup"): null

2018-07-05 20:50:40 - [TEST_STEP][PASSED] - Statement - println("Report group has right group name"): null

2018-07-05 20:50:40 - [TEST_STEP][PASSED] - Statement - reportgroup = "(//div[@class='ctable']/table/tbody/tr[@class='tdata clear'])[" + i + "]/td[7]": null

2018-07-05 20:50:40 - [TEST_STEP][PASSED] - Statement - reportgroupTxt = driver.findElement(org.openqa.selenium.By.xpath(reportgroup)).getText(): null

2018-07-05 20:50:40 - [TEST_STEP][PASSED] - Statement - If (reportgroupTxt == "AutomationGroup"): null

2018-07-05 20:50:40 - [TEST_STEP][PASSED] - Statement - println("Report group has right group name"): null

2018-07-05 20:50:40 - [TEST_STEP][PASSED] - Statement - reportgroup = "(//div[@class='ctable']/table/tbody/tr[@class='tdata clear'])[" + i + "]/td[7]": null

2018-07-05 20:50:40 - [TEST_STEP][PASSED] - Statement - reportgroupTxt = driver.findElement(org.openqa.selenium.By.xpath(reportgroup)).getText(): null

2018-07-05 20:50:40 - [TEST_STEP][PASSED] - Statement - If (reportgroupTxt == "AutomationGroup"): null

2018-07-05 20:50:40 - [TEST_STEP][PASSED] - Statement - println("Report group has right group name"): null

2018-07-05 20:50:40 - [TEST_STEP][PASSED] - Statement - reportgroup = "(//div[@class='ctable']/table/tbody/tr[@class='tdata clear'])[" + i + "]/td[7]": null

2018-07-05 20:50:40 - [TEST_STEP][PASSED] - Statement - reportgroupTxt = driver.findElement(org.openqa.selenium.By.xpath(reportgroup)).getText(): null

2018-07-05 20:50:40 - [TEST_STEP][PASSED] - Statement - If (reportgroupTxt == "AutomationGroup"): null

2018-07-05 20:50:40 - [TEST_STEP][PASSED] - Statement - println("Report group has right group name"): null

2018-07-05 20:50:40 - [TEST_STEP][PASSED] - Statement - reportgroup = "(//div[@class='ctable']/table/tbody/tr[@class='tdata clear'])[" + i + "]/td[7]": null

2018-07-05 20:50:40 - [TEST_STEP][PASSED] - Statement - reportgroupTxt = driver.findElement(org.openqa.selenium.By.xpath(reportgroup)).getText(): null

2018-07-05 20:50:40 - [TEST_STEP][PASSED] - Statement - If (reportgroupTxt == "AutomationGroup"): null

2018-07-05 20:50:40 - [TEST_STEP][PASSED] - Statement - println("Report group has right group name"): null

2018-07-05 20:50:40 - [TEST_STEP][PASSED] - Statement - reportgroup = "(//div[@class='ctable']/table/tbody/tr[@class='tdata clear'])[" + i + "]/td[7]": null

2018-07-05 20:50:40 - [TEST_STEP][PASSED] - Statement - reportgroupTxt = driver.findElement(org.openqa.selenium.By.xpath(reportgroup)).getText(): null

2018-07-05 20:50:40 - [TEST_STEP][PASSED] - Statement - If (reportgroupTxt == "AutomationGroup"): null

2018-07-05 20:50:40 - [TEST_STEP][PASSED] - Statement - println("Report group has right group name"): null

2018-07-05 20:50:40 - [TEST_STEP][PASSED] - Statement - reportgroup = "(//div[@class='ctable']/table/tbody/tr[@class='tdata clear'])[" + i + "]/td[7]": null

2018-07-05 20:50:40 - [TEST_STEP][PASSED] - Statement - reportgroupTxt = driver.findElement(org.openqa.selenium.By.xpath(reportgroup)).getText(): null

2018-07-05 20:50:40 - [TEST_STEP][PASSED] - Statement - If (reportgroupTxt == "AutomationGroup"): null

2018-07-05 20:50:40 - [TEST_STEP][PASSED] - Statement - println("Report group has right group name"): null

2018-07-05 20:50:40 - [TEST_STEP][PASSED] - Statement - reportgroup = "(//div[@class='ctable']/table/tbody/tr[@class='tdata clear'])[" + i + "]/td[7]": null

2018-07-05 20:50:40 - [TEST_STEP][PASSED] - Statement - reportgroupTxt = driver.findElement(org.openqa.selenium.By.xpath(reportgroup)).getText(): null

2018-07-05 20:50:40 - [TEST_STEP][PASSED] - Statement - If (reportgroupTxt == "AutomationGroup"): null

2018-07-05 20:50:40 - [TEST_STEP][PASSED] - Statement - println("Report group has right group name"): null

2018-07-05 20:50:40 - [TEST_STEP][PASSED] - Statement - reportgroup = "(//div[@class='ctable']/table/tbody/tr[@class='tdata clear'])[" + i + "]/td[7]": null

2018-07-05 20:50:40 - [TEST_STEP][PASSED] - Statement - reportgroupTxt = driver.findElement(org.openqa.selenium.By.xpath(reportgroup)).getText(): null

2018-07-05 20:50:40 - [TEST_STEP][PASSED] - Statement - If (reportgroupTxt == "AutomationGroup"): null

2018-07-05 20:50:40 - [TEST_STEP][PASSED] - Statement - println("Report group has right group name"): null

2018-07-05 20:50:40 - [TEST_STEP][PASSED] - Statement - reportgroup = "(//div[@class='ctable']/table/tbody/tr[@class='tdata clear'])[" + i + "]/td[7]": null

2018-07-05 20:50:40 - [TEST_STEP][PASSED] - Statement - reportgroupTxt = driver.findElement(org.openqa.selenium.By.xpath(reportgroup)).getText(): null

2018-07-05 20:50:40 - [TEST_STEP][PASSED] - Statement - If (reportgroupTxt == "AutomationGroup"): null

2018-07-05 20:50:40 - [TEST_STEP][PASSED] - Statement - println("Report group has right group name"): null

2018-07-05 20:50:40 - [TEST_STEP][PASSED] - Statement - reportgroup = "(//div[@class='ctable']/table/tbody/tr[@class='tdata clear'])[" + i + "]/td[7]": null

2018-07-05 20:50:40 - [TEST_STEP][PASSED] - Statement - reportgroupTxt = driver.findElement(org.openqa.selenium.By.xpath(reportgroup)).getText(): null

2018-07-05 20:50:40 - [TEST_STEP][PASSED] - Statement - If (reportgroupTxt == "AutomationGroup"): null

2018-07-05 20:50:40 - [TEST_STEP][PASSED] - Statement - println("Report group has right group name"): null

2018-07-05 20:50:40 - [TEST_STEP][PASSED] - Statement - reportgroup = "(//div[@class='ctable']/table/tbody/tr[@class='tdata clear'])[" + i + "]/td[7]": null

2018-07-05 20:50:40 - [TEST_STEP][PASSED] - Statement - reportgroupTxt = driver.findElement(org.openqa.selenium.By.xpath(reportgroup)).getText(): null

2018-07-05 20:50:40 - [TEST_STEP][PASSED] - Statement - If (reportgroupTxt == "AutomationGroup"): null

2018-07-05 20:50:40 - [TEST_STEP][PASSED] - Statement - println("Report group has right group name"): null

2018-07-05 20:50:40 - [TEST_STEP][PASSED] - Statement - reportgroup = "(//div[@class='ctable']/table/tbody/tr[@class='tdata clear'])[" + i + "]/td[7]": null

2018-07-05 20:50:40 - [TEST_STEP][PASSED] - Statement - reportgroupTxt = driver.findElement(org.openqa.selenium.By.xpath(reportgroup)).getText(): null

2018-07-05 20:50:40 - [TEST_STEP][PASSED] - Statement - If (reportgroupTxt == "AutomationGroup"): null

2018-07-05 20:50:40 - [TEST_STEP][PASSED] - Statement - println("Report group has right group name"): null

2018-07-05 20:50:40 - [TEST_STEP][PASSED] - Statement - reportgroup = "(//div[@class='ctable']/table/tbody/tr[@class='tdata clear'])[" + i + "]/td[7]": null

2018-07-05 20:50:40 - [TEST_STEP][PASSED] - Statement - reportgroupTxt = driver.findElement(org.openqa.selenium.By.xpath(reportgroup)).getText(): null

2018-07-05 20:50:40 - [TEST_STEP][PASSED] - Statement - If (reportgroupTxt == "AutomationGroup"): null

2018-07-05 20:50:40 - [TEST_STEP][PASSED] - Statement - println("Report group has right group name"): null

2018-07-05 20:50:40 - [TEST_STEP][PASSED] - Statement - reportgroup = "(//div[@class='ctable']/table/tbody/tr[@class='tdata clear'])[" + i + "]/td[7]": null

2018-07-05 20:50:40 - [TEST_STEP][PASSED] - Statement - reportgroupTxt = driver.findElement(org.openqa.selenium.By.xpath(reportgroup)).getText(): null

2018-07-05 20:50:40 - [TEST_STEP][PASSED] - Statement - If (reportgroupTxt == "AutomationGroup"): null

2018-07-05 20:50:40 - [TEST_STEP][PASSED] - Statement - println("Report group has right group name"): null

2018-07-05 20:50:40 - [TEST_STEP][PASSED] - Statement - reportgroup = "(//div[@class='ctable']/table/tbody/tr[@class='tdata clear'])[" + i + "]/td[7]": null

2018-07-05 20:50:40 - [TEST_STEP][PASSED] - Statement - reportgroupTxt = driver.findElement(org.openqa.selenium.By.xpath(reportgroup)).getText(): null

2018-07-05 20:50:40 - [TEST_STEP][PASSED] - Statement - If (reportgroupTxt == "AutomationGroup"): null

2018-07-05 20:50:40 - [TEST_STEP][PASSED] - Statement - println("Report group has right group name"): null

2018-07-05 20:50:40 - [TEST_STEP][PASSED] - Statement - reportgroup = "(//div[@class='ctable']/table/tbody/tr[@class='tdata clear'])[" + i + "]/td[7]": null

2018-07-05 20:50:40 - [TEST_STEP][PASSED] - Statement - reportgroupTxt = driver.findElement(org.openqa.selenium.By.xpath(reportgroup)).getText(): null

2018-07-05 20:50:40 - [TEST_STEP][PASSED] - Statement - If (reportgroupTxt == "AutomationGroup"): null

2018-07-05 20:50:40 - [TEST_STEP][PASSED] - Statement - println("Report group has right group name"): null

2018-07-05 20:50:40 - [TEST_STEP][PASSED] - Statement - reportgroup = "(//div[@class='ctable']/table/tbody/tr[@class='tdata clear'])[" + i + "]/td[7]": null

2018-07-05 20:50:40 - [TEST_STEP][PASSED] - Statement - reportgroupTxt = driver.findElement(org.openqa.selenium.By.xpath(reportgroup)).getText(): null

2018-07-05 20:50:40 - [TEST_STEP][PASSED] - Statement - If (reportgroupTxt == "AutomationGroup"): null

2018-07-05 20:50:40 - [TEST_STEP][PASSED] - Statement - println("Report group has right group name"): null

2018-07-05 20:50:40 - [TEST_STEP][PASSED] - Statement - reportgroup = "(//div[@class='ctable']/table/tbody/tr[@class='tdata clear'])[" + i + "]/td[7]": null

2018-07-05 20:50:40 - [TEST_STEP][PASSED] - Statement - reportgroupTxt = driver.findElement(org.openqa.selenium.By.xpath(reportgroup)).getText(): null

2018-07-05 20:50:40 - [TEST_STEP][PASSED] - Statement - If (reportgroupTxt == "AutomationGroup"): null

2018-07-05 20:50:40 - [TEST_STEP][PASSED] - Statement - println("Report group has right group name"): null

2018-07-05 20:50:40 - [TEST_STEP][PASSED] - Statement - reportgroup = "(//div[@class='ctable']/table/tbody/tr[@class='tdata clear'])[" + i + "]/td[7]": null

2018-07-05 20:50:40 - [TEST_STEP][PASSED] - Statement - reportgroupTxt = driver.findElement(org.openqa.selenium.By.xpath(reportgroup)).getText(): null

2018-07-05 20:50:40 - [TEST_STEP][PASSED] - Statement - If (reportgroupTxt == "AutomationGroup"): null

2018-07-05 20:50:40 - [TEST_STEP][PASSED] - Statement - println("Report group has right group name"): null

2018-07-05 20:50:40 - [TEST_STEP][PASSED] - Statement - reportgroup = "(//div[@class='ctable']/table/tbody/tr[@class='tdata clear'])[" + i + "]/td[7]": null

2018-07-05 20:50:40 - [TEST_STEP][PASSED] - Statement - reportgroupTxt = driver.findElement(org.openqa.selenium.By.xpath(reportgroup)).getText(): null

2018-07-05 20:50:40 - [TEST_STEP][PASSED] - Statement - If (reportgroupTxt == "AutomationGroup"): null

2018-07-05 20:50:40 - [TEST_STEP][PASSED] - Statement - println("Report group has right group name"): null

2018-07-05 20:50:40 - [TEST_STEP][PASSED] - Statement - reportgroup = "(//div[@class='ctable']/table/tbody/tr[@class='tdata clear'])[" + i + "]/td[7]": null

2018-07-05 20:50:40 - [TEST_STEP][PASSED] - Statement - reportgroupTxt = driver.findElement(org.openqa.selenium.By.xpath(reportgroup)).getText(): null

2018-07-05 20:50:40 - [TEST_STEP][PASSED] - Statement - If (reportgroupTxt == "AutomationGroup"): null

2018-07-05 20:50:40 - [TEST_STEP][PASSED] - Statement - println("Report group has right group name"): null

2018-07-05 20:50:40 - [TEST_STEP][PASSED] - Statement - reportgroup = "(//div[@class='ctable']/table/tbody/tr[@class='tdata clear'])[" + i + "]/td[7]": null

2018-07-05 20:50:40 - [TEST_STEP][PASSED] - Statement - reportgroupTxt = driver.findElement(org.openqa.selenium.By.xpath(reportgroup)).getText(): null

2018-07-05 20:50:40 - [TEST_STEP][PASSED] - Statement - If (reportgroupTxt == "AutomationGroup"): null

2018-07-05 20:50:40 - [TEST_STEP][PASSED] - Statement - println("Report group has right group name"): null

2018-07-05 20:50:40 - [TEST_STEP][PASSED] - Statement - reportgroup = "(//div[@class='ctable']/table/tbody/tr[@class='tdata clear'])[" + i + "]/td[7]": null

2018-07-05 20:50:40 - [TEST_STEP][PASSED] - Statement - reportgroupTxt = driver.findElement(org.openqa.selenium.By.xpath(reportgroup)).getText(): null

2018-07-05 20:50:41 - [TEST_STEP][PASSED] - Statement - If (reportgroupTxt == "AutomationGroup"): null

2018-07-05 20:50:41 - [TEST_STEP][PASSED] - Statement - println("Report group has right group name"): null

2018-07-05 20:50:41 - [TEST_STEP][PASSED] - Statement - reportgroup = "(//div[@class='ctable']/table/tbody/tr[@class='tdata clear'])[" + i + "]/td[7]": null

2018-07-05 20:50:41 - [TEST_STEP][PASSED] - Statement - reportgroupTxt = driver.findElement(org.openqa.selenium.By.xpath(reportgroup)).getText(): null

2018-07-05 20:50:41 - [TEST_STEP][PASSED] - Statement - If (reportgroupTxt == "AutomationGroup"): null

2018-07-05 20:50:41 - [TEST_STEP][PASSED] - Statement - println("Report group has right group name"): null

2018-07-05 20:50:41 - [TEST_STEP][PASSED] - Statement - reportgroup = "(//div[@class='ctable']/table/tbody/tr[@class='tdata clear'])[" + i + "]/td[7]": null

2018-07-05 20:50:41 - [TEST_STEP][PASSED] - Statement - reportgroupTxt = driver.findElement(org.openqa.selenium.By.xpath(reportgroup)).getText(): null

2018-07-05 20:50:41 - [TEST_STEP][PASSED] - Statement - If (reportgroupTxt == "AutomationGroup"): null

2018-07-05 20:50:41 - [TEST_STEP][PASSED] - Statement - println("Report group has right group name"): null

2018-07-05 20:50:41 - [TEST_STEP][PASSED] - Statement - reportgroup = "(//div[@class='ctable']/table/tbody/tr[@class='tdata clear'])[" + i + "]/td[7]": null

2018-07-05 20:50:41 - [TEST_STEP][PASSED] - Statement - reportgroupTxt = driver.findElement(org.openqa.selenium.By.xpath(reportgroup)).getText(): null

2018-07-05 20:50:41 - [TEST_STEP][PASSED] - Statement - If (reportgroupTxt == "AutomationGroup"): null

2018-07-05 20:50:41 - [TEST_STEP][PASSED] - Statement - println("Report group has right group name"): null

2018-07-05 20:50:41 - [TEST_STEP][PASSED] - uiaction.CommonUIActions.click: uiaction.CommonUIActions.click is PASSED

2018-07-05 20:50:41 - [MESSAGE][PASSED] - uiaction.CommonUIActions.click is PASSED

2018-07-05 20:50:41 - [TEST_STEP][PASSED] - uiaction.CommonUIActions.click: uiaction.CommonUIActions.click is PASSED

2018-07-05 20:50:47 - [MESSAGE][PASSED] - uiaction.CommonUIActions.click is PASSED

2018-07-05 20:50:47 - [TEST_STEP][PASSED] - uiaction.CommonUIActions.click: uiaction.CommonUIActions.click is PASSED

2018-07-05 20:50:47 - [MESSAGE][PASSED] - uiaction.CommonUIActions.click is PASSED

2018-07-05 20:50:47 - [TEST_STEP][PASSED] - delay: Delayed 10 second(s)

2018-07-05 20:50:57 - [MESSAGE][PASSED] - Delayed 10 second(s)

2018-07-05 20:50:57 - [TEST_STEP][PASSED] - uiaction.CommonUIActions.click: uiaction.CommonUIActions.click is PASSED

2018-07-05 20:50:57 - [MESSAGE][PASSED] - uiaction.CommonUIActions.click is PASSED

2018-07-05 20:50:57 - [TEST_STEP][PASSED] - uiaction.CommonUIActions.click: uiaction.CommonUIActions.click is PASSED

2018-07-05 20:50:57 - [MESSAGE][PASSED] - uiaction.CommonUIActions.click is PASSED

2018-07-05 20:50:57 - [TEST_STEP][PASSED] - uiaction.CommonUIActions.click: uiaction.CommonUIActions.click is PASSED

2018-07-05 20:50:57 - [MESSAGE][PASSED] - uiaction.CommonUIActions.click is PASSED

2018-07-05 20:50:57 - [TEST_STEP][PASSED] - delay: Delayed 10 second(s)

2018-07-05 20:51:07 - [MESSAGE][PASSED] - Delayed 10 second(s)

2018-07-05 20:51:07 - [TEST_STEP][PASSED] - uiaction.CommonUIActions.back: uiaction.CommonUIActions.back is PASSED

2018-07-05 20:51:07 - [MESSAGE][PASSED] - Navigate back successfully

2018-07-05 20:51:07 - [MESSAGE][PASSED] - uiaction.CommonUIActions.back is PASSED

2018-07-05 20:51:07 - [TEST_STEP][PASSED] - delay: Delayed 5 second(s)

2018-07-05 20:51:12 - [MESSAGE][PASSED] - Delayed 5 second(s)

2018-07-05 20:51:12 - [TEST_STEP][PASSED] - uiaction.CommonUIActions.back: uiaction.CommonUIActions.back is PASSED

2018-07-05 20:51:13 - [MESSAGE][PASSED] - Navigate back successfully

2018-07-05 20:51:13 - [MESSAGE][PASSED] - uiaction.CommonUIActions.back is PASSED

2018-07-05 20:51:13 - [TEST_STEP][PASSED] - uiaction.CommonUIActions.click: uiaction.CommonUIActions.click is PASSED

2018-07-05 20:51:14 - [MESSAGE][PASSED] - uiaction.CommonUIActions.click is PASSED

2018-07-05 20:51:14 - [TEST_STEP][PASSED] - uiaction.CommonUIActions.click: uiaction.CommonUIActions.click is PASSED

2018-07-05 20:51:14 - [MESSAGE][PASSED] - uiaction.CommonUIActions.click is PASSED

2018-07-05 20:51:14 - [TEST_STEP][PASSED] - uiaction.CommonUIActions.click: uiaction.CommonUIActions.click is PASSED

2018-07-05 20:51:14 - [MESSAGE][PASSED] - uiaction.CommonUIActions.click is PASSED

2018-07-05 20:51:14 - [TEST_STEP][PASSED] - uiaction.CommonUIActions.click: uiaction.CommonUIActions.click is PASSED

2018-07-05 20:51:18 - [MESSAGE][PASSED] - uiaction.CommonUIActions.click is PASSED

2018-07-05 20:51:18 - [TEST_STEP][PASSED] - Statement - assert TCflag == true: null

2018-07-05 20:51:18 - [TEST_STEP][PASSED] - Start listener action : sampleAfterTestCase: Browser is closed

2018-07-05 20:51:18 - [TEST_STEP][PASSED] - Statement - println(testCaseContext.getTestCaseId()): null

2018-07-05 20:51:18 - [TEST_STEP][PASSED] - Statement - println(testCaseContext.getTestCaseStatus()): null

2018-07-05 20:51:18 - [TEST_STEP][PASSED] - closeBrowser: Browser is closed

2018-07-05 20:51:18 - [MESSAGE][PASSED] - Browser is closed]]></system-out>
         <system-err><![CDATA[]]></system-err>
      </testcase>
      <testcase name="Test Cases/CreateGroupTC/HME-ReportingGroupManagement-03" classname="Test Cases/CreateGroupTC/HME-ReportingGroupManagement-03" status="PASSED">
         <system-out><![CDATA[2018-07-05 20:51:18 - [TEST_CASE][PASSED] - Test Cases/CreateGroupTC/HME-ReportingGroupManagement-03: Browser is closed

2018-07-05 20:51:18 - [TEST_STEP][PASSED] - Start listener action : sampleBeforeTestCase: uiaction.CommonUIActions.deleteAllCookies is PASSED

2018-07-05 20:51:18 - [TEST_STEP][PASSED] - openBrowser: Browser is opened with url: ''

2018-07-05 20:51:21 - [MESSAGE][PASSED] - Browser is opened with url: ''

2018-07-05 20:51:21 - [TEST_STEP][PASSED] - maximizeWindow: Current window maximized

2018-07-05 20:51:22 - [MESSAGE][PASSED] - Current window maximized

2018-07-05 20:51:22 - [TEST_STEP][PASSED] - uiaction.CommonUIActions.deleteAllCookies: uiaction.CommonUIActions.deleteAllCookies is PASSED

2018-07-05 20:51:22 - [MESSAGE][PASSED] - Delete all cookies successfully

2018-07-05 20:51:22 - [MESSAGE][PASSED] - uiaction.CommonUIActions.deleteAllCookies is PASSED

2018-07-05 20:51:22 - [TEST_STEP][PASSED] - Statement - TCflag = true: null

2018-07-05 20:51:22 - [TEST_STEP][PASSED] - Statement - Try: uiaction.CommonUIActions.click is PASSED

2018-07-05 20:51:22 - [TEST_STEP][PASSED] - navigateToUrl: Navigate to 'https://engdev.hmedtcloud.com/?pg=Login' successfully

2018-07-05 20:51:31 - [MESSAGE][PASSED] - Navigate to 'https://engdev.hmedtcloud.com/?pg=Login' successfully

2018-07-05 20:51:31 - [TEST_STEP][PASSED] - Statement - driver = com.kms.katalon.core.webui.driver.DriverFactory.getWebDriver(): null

2018-07-05 20:51:31 - [TEST_STEP][PASSED] - projectSpecific.Reusability.login: projectSpecific.Reusability.login is PASSED

2018-07-05 20:51:31 - [MESSAGE][PASSED] - projectSpecific.Reusability.getTestData is PASSED

2018-07-05 20:51:31 - [MESSAGE][PASSED] - projectSpecific.Reusability.getTestData is PASSED

2018-07-05 20:51:31 - [MESSAGE][PASSED] - Text 'selvendrank@nousinfo.com' is set on object 'Object Repository/LoginPage/Username'

2018-07-05 20:51:31 - [MESSAGE][PASSED] - Text 'Nous;123' is set on object 'Object Repository/LoginPage/Password'

2018-07-05 20:51:45 - [MESSAGE][PASSED] - Object: 'Object Repository/LoginPage/Login' is clicked on

2018-07-05 20:51:45 - [MESSAGE][PASSED] - projectSpecific.Reusability.login is PASSED

2018-07-05 20:51:45 - [TEST_STEP][PASSED] - delay: Delayed 10 second(s)

2018-07-05 20:51:55 - [MESSAGE][PASSED] - Delayed 10 second(s)

2018-07-05 20:51:55 - [TEST_STEP][PASSED] - uiaction.CommonUIActions.click: uiaction.CommonUIActions.click is PASSED

2018-07-05 20:51:57 - [MESSAGE][PASSED] - uiaction.CommonUIActions.click is PASSED

2018-07-05 20:51:57 - [TEST_STEP][PASSED] - delay: Delayed 10 second(s)

2018-07-05 20:52:07 - [MESSAGE][PASSED] - Delayed 10 second(s)

2018-07-05 20:52:07 - [TEST_STEP][PASSED] - uiaction.CommonUIActions.click: uiaction.CommonUIActions.click is PASSED

2018-07-05 20:53:08 - [MESSAGE][PASSED] - uiaction.CommonUIActions.click is PASSED

2018-07-05 20:53:08 - [TEST_STEP][PASSED] - verifyElementPresent: Object 'Object Repository/StorePage/StoreListHeading' is present

2018-07-05 20:53:08 - [MESSAGE][PASSED] - Object 'Object Repository/StorePage/StoreListHeading' is present

2018-07-05 20:53:08 - [TEST_STEP][PASSED] - uiaction.CommonUIActions.click: uiaction.CommonUIActions.click is PASSED

2018-07-05 20:53:19 - [MESSAGE][PASSED] - uiaction.CommonUIActions.click is PASSED

2018-07-05 20:53:19 - [TEST_STEP][PASSED] - verifyElementPresent: Object 'Object Repository/StorePage/ManageLeaderGroupsButton' is present

2018-07-05 20:53:20 - [MESSAGE][PASSED] - Object 'Object Repository/StorePage/ManageLeaderGroupsButton' is present

2018-07-05 20:53:20 - [TEST_STEP][PASSED] - verifyElementPresent: Object 'Object Repository/StorePage/ManageReportGroupsButtton' is present

2018-07-05 20:53:20 - [MESSAGE][PASSED] - Object 'Object Repository/StorePage/ManageReportGroupsButtton' is present

2018-07-05 20:53:20 - [TEST_STEP][PASSED] - uiaction.CommonUIActions.click: uiaction.CommonUIActions.click is PASSED

2018-07-05 20:53:24 - [MESSAGE][PASSED] - uiaction.CommonUIActions.click is PASSED

2018-07-05 20:53:24 - [TEST_STEP][PASSED] - verifyElementPresent: Object 'Object Repository/ReportingGroupManagement/addNewGroup' is present

2018-07-05 20:53:24 - [MESSAGE][PASSED] - Object 'Object Repository/ReportingGroupManagement/addNewGroup' is present

2018-07-05 20:53:24 - [TEST_STEP][PASSED] - uiaction.CommonUIActions.click: uiaction.CommonUIActions.click is PASSED

2018-07-05 20:53:24 - [MESSAGE][PASSED] - uiaction.CommonUIActions.click is PASSED

2018-07-05 20:53:24 - [TEST_STEP][PASSED] - uiaction.CommonUIActions.click: uiaction.CommonUIActions.click is PASSED

2018-07-05 20:53:24 - [MESSAGE][PASSED] - uiaction.CommonUIActions.click is PASSED

2018-07-05 20:53:24 - [TEST_STEP][PASSED] - uiaction.CommonUIActions.enter: uiaction.CommonUIActions.enter is PASSED

2018-07-05 20:53:24 - [MESSAGE][PASSED] - projectSpecific.Reusability.getTestData is PASSED

2018-07-05 20:53:24 - [MESSAGE][PASSED] - uiaction.CommonUIActions.enter is PASSED

2018-07-05 20:53:24 - [TEST_STEP][PASSED] - uiaction.CommonUIActions.click: uiaction.CommonUIActions.click is PASSED

2018-07-05 20:53:24 - [MESSAGE][PASSED] - uiaction.CommonUIActions.click is PASSED

2018-07-05 20:53:24 - [TEST_STEP][PASSED] - uiaction.CommonUIActions.enter: uiaction.CommonUIActions.enter is PASSED

2018-07-05 20:53:24 - [MESSAGE][PASSED] - projectSpecific.Reusability.getTestData is PASSED

2018-07-05 20:53:24 - [MESSAGE][PASSED] - uiaction.CommonUIActions.enter is PASSED

2018-07-05 20:53:24 - [TEST_STEP][PASSED] - uiaction.CommonUIActions.click: uiaction.CommonUIActions.click is PASSED

2018-07-05 20:53:24 - [MESSAGE][PASSED] - uiaction.CommonUIActions.click is PASSED

2018-07-05 20:53:24 - [TEST_STEP][PASSED] - delay: Delayed 10 second(s)

2018-07-05 20:53:34 - [MESSAGE][PASSED] - Delayed 10 second(s)

2018-07-05 20:53:34 - [TEST_STEP][PASSED] - back: Navigate back successfully

2018-07-05 20:53:34 - [MESSAGE][PASSED] - Navigate back successfully

2018-07-05 20:53:34 - [TEST_STEP][PASSED] - delay: Delayed 5 second(s)

2018-07-05 20:53:40 - [MESSAGE][PASSED] - Delayed 5 second(s)

2018-07-05 20:53:40 - [TEST_STEP][PASSED] - back: Navigate back successfully

2018-07-05 20:53:40 - [MESSAGE][PASSED] - Navigate back successfully

2018-07-05 20:53:40 - [TEST_STEP][PASSED] - delay: Delayed 5 second(s)

2018-07-05 20:53:45 - [MESSAGE][PASSED] - Delayed 5 second(s)

2018-07-05 20:53:45 - [TEST_STEP][PASSED] - Statement - index = 0: null

2018-07-05 20:53:45 - [TEST_STEP][PASSED] - Statement - groupName = CustomKeywords.projectSpecific.Reusability.getTestData("ReportingGroupManagementPage", "groupNameTC3"): projectSpecific.Reusability.getTestData is PASSED

2018-07-05 20:53:45 - [MESSAGE][PASSED] - projectSpecific.Reusability.getTestData is PASSED

2018-07-05 20:53:45 - [TEST_STEP][PASSED] - Statement - groupHierarchyList = driver.findElements(org.openqa.selenium.By.xpath(com.kms.katalon.core.testdata.TestDataFactory.findTestData(OR_file).getValue(2, 13))): Reading excel file with source file 'C:\Users\shalinin\Katalon Studio\HME_DEVScripts\Data Files\HME_OR.xlsx' and sheet name 'Sheet1'

2018-07-05 20:53:45 - [TEST_STEP][PASSED] - Statement - For ([i = 0, i < groupHierarchyList.size(), (i++)]): null

2018-07-05 20:53:45 - [TEST_STEP][PASSED] - Statement - If (groupHierarchyList.get(i).getText().equals(groupName)): null

2018-07-05 20:53:45 - [TEST_STEP][PASSED] - Statement - If (groupHierarchyList.get(i).getText().equals(groupName)): null

2018-07-05 20:53:45 - [TEST_STEP][PASSED] - Statement - If (groupHierarchyList.get(i).getText().equals(groupName)): null

2018-07-05 20:53:45 - [TEST_STEP][PASSED] - Statement - index = 5: null

2018-07-05 20:53:45 - [TEST_STEP][PASSED] - Statement - Break: null

2018-07-05 20:53:45 - [TEST_STEP][PASSED] - delay: Delayed 10 second(s)

2018-07-05 20:53:55 - [MESSAGE][PASSED] - Delayed 10 second(s)

2018-07-05 20:53:55 - [TEST_STEP][PASSED] - Statement - If (index == 5): uiaction.CommonUIActions.click is PASSED

2018-07-05 20:53:55 - [TEST_STEP][PASSED] - Statement - println("Group is available in group hierarchy"): null

2018-07-05 20:53:55 - [TEST_STEP][PASSED] - Statement - xpath = "//span[text()='" + groupName + "']": null

2018-07-05 20:53:55 - [TEST_STEP][PASSED] - Statement - out.println(xpath): null

2018-07-05 20:53:55 - [TEST_STEP][PASSED] - Statement - driver.findElement(org.openqa.selenium.By.xpath(xpath)).click(): null

2018-07-05 20:53:55 - [TEST_STEP][PASSED] - delay: Delayed 10 second(s)

2018-07-05 20:54:05 - [MESSAGE][PASSED] - Delayed 10 second(s)

2018-07-05 20:54:05 - [TEST_STEP][PASSED] - uiaction.CommonUIActions.click: uiaction.CommonUIActions.click is PASSED

2018-07-05 20:54:05 - [MESSAGE][PASSED] - uiaction.CommonUIActions.click is PASSED

2018-07-05 20:54:05 - [TEST_STEP][PASSED] - uiaction.CommonUIActions.click: uiaction.CommonUIActions.click is PASSED

2018-07-05 20:54:05 - [MESSAGE][PASSED] - uiaction.CommonUIActions.click is PASSED

2018-07-05 20:54:05 - [TEST_STEP][PASSED] - uiaction.CommonUIActions.click: uiaction.CommonUIActions.click is PASSED

2018-07-05 20:54:09 - [MESSAGE][PASSED] - uiaction.CommonUIActions.click is PASSED

2018-07-05 20:54:09 - [TEST_STEP][PASSED] - Statement - assert TCflag == true: null

2018-07-05 20:54:09 - [TEST_STEP][PASSED] - Start listener action : sampleAfterTestCase: Browser is closed

2018-07-05 20:54:09 - [TEST_STEP][PASSED] - Statement - println(testCaseContext.getTestCaseId()): null

2018-07-05 20:54:09 - [TEST_STEP][PASSED] - Statement - println(testCaseContext.getTestCaseStatus()): null

2018-07-05 20:54:09 - [TEST_STEP][PASSED] - closeBrowser: Browser is closed

2018-07-05 20:54:10 - [MESSAGE][PASSED] - Browser is closed]]></system-out>
         <system-err><![CDATA[]]></system-err>
      </testcase>
      <testcase name="Test Cases/CreateGroupTC/HME-StoreDetailsPage-09" classname="Test Cases/CreateGroupTC/HME-StoreDetailsPage-09" status="FAILED">
         <failure type="FAILED" message="com.kms.katalon.core.webui.exception.WebElementNotFoundException: Web element with id: 'Object Repository/StorePage/StoreListHeading' located by 'By.xpath: //div[@class='settings_search clear']/h3' not found"/>
         <system-out><![CDATA[2018-07-05 20:54:10 - [TEST_CASE][FAILED] - Test Cases/CreateGroupTC/HME-StoreDetailsPage-09: Test Cases/CreateGroupTC/HME-StoreDetailsPage-09 FAILED because (of) com.kms.katalon.core.webui.exception.WebElementNotFoundException: Web element with id: 'Object Repository/StorePage/StoreListHeading' located by 'By.xpath: //div[@class='settings_search clear']/h3' not found

2018-07-05 20:54:10 - [TEST_STEP][PASSED] - Start listener action : sampleBeforeTestCase: uiaction.CommonUIActions.deleteAllCookies is PASSED

2018-07-05 20:54:10 - [TEST_STEP][PASSED] - openBrowser: Browser is opened with url: ''

2018-07-05 20:54:12 - [MESSAGE][PASSED] - Browser is opened with url: ''

2018-07-05 20:54:12 - [TEST_STEP][PASSED] - maximizeWindow: Current window maximized

2018-07-05 20:54:13 - [MESSAGE][PASSED] - Current window maximized

2018-07-05 20:54:13 - [TEST_STEP][PASSED] - uiaction.CommonUIActions.deleteAllCookies: uiaction.CommonUIActions.deleteAllCookies is PASSED

2018-07-05 20:54:13 - [MESSAGE][PASSED] - Delete all cookies successfully

2018-07-05 20:54:13 - [MESSAGE][PASSED] - uiaction.CommonUIActions.deleteAllCookies is PASSED

2018-07-05 20:54:13 - [TEST_STEP][PASSED] - Statement - TCflag = true: null

2018-07-05 20:54:13 - [TEST_STEP][FAILED] - Statement - Try: Taking screenshot successfully

2018-07-05 20:54:13 - [TEST_STEP][PASSED] - navigateToUrl: Navigate to 'https://engdev.hmedtcloud.com/?pg=Login' successfully

2018-07-05 20:54:38 - [MESSAGE][PASSED] - Navigate to 'https://engdev.hmedtcloud.com/?pg=Login' successfully

2018-07-05 20:54:38 - [TEST_STEP][PASSED] - projectSpecific.Reusability.login: projectSpecific.Reusability.login is PASSED

2018-07-05 20:54:38 - [MESSAGE][PASSED] - projectSpecific.Reusability.getTestData is PASSED

2018-07-05 20:54:38 - [MESSAGE][PASSED] - projectSpecific.Reusability.getTestData is PASSED

2018-07-05 20:54:38 - [MESSAGE][PASSED] - Text 'selvendrank@nousinfo.com' is set on object 'Object Repository/LoginPage/Username'

2018-07-05 20:54:38 - [MESSAGE][PASSED] - Text 'Nous;123' is set on object 'Object Repository/LoginPage/Password'

2018-07-05 20:54:59 - [MESSAGE][PASSED] - Object: 'Object Repository/LoginPage/Login' is clicked on

2018-07-05 20:54:59 - [MESSAGE][PASSED] - projectSpecific.Reusability.login is PASSED

2018-07-05 20:54:59 - [TEST_STEP][PASSED] - delay: Delayed 10 second(s)

2018-07-05 20:55:09 - [MESSAGE][PASSED] - Delayed 10 second(s)

2018-07-05 20:55:09 - [TEST_STEP][PASSED] - uiaction.CommonUIActions.click: uiaction.CommonUIActions.click is PASSED

2018-07-05 20:55:30 - [MESSAGE][PASSED] - uiaction.CommonUIActions.click is PASSED

2018-07-05 20:55:30 - [TEST_STEP][PASSED] - delay: Delayed 10 second(s)

2018-07-05 20:55:40 - [MESSAGE][PASSED] - Delayed 10 second(s)

2018-07-05 20:55:40 - [TEST_STEP][PASSED] - uiaction.CommonUIActions.click: uiaction.CommonUIActions.click is PASSED

2018-07-05 20:56:01 - [MESSAGE][PASSED] - uiaction.CommonUIActions.click is PASSED

2018-07-05 20:56:01 - [TEST_STEP][PASSED] - delay: Delayed 10 second(s)

2018-07-05 20:56:11 - [MESSAGE][PASSED] - Delayed 10 second(s)

2018-07-05 20:56:11 - [TEST_STEP][FAILED] - verifyElementPresent: com.kms.katalon.core.webui.exception.WebElementNotFoundException: Web element with id: 'Object Repository/StorePage/StoreListHeading' located by 'By.xpath: //div[@class='settings_search clear']/h3' not found

2018-07-05 20:56:16 - [MESSAGE][FAILED] - com.kms.katalon.core.webui.exception.WebElementNotFoundException: Web element with id: 'Object Repository/StorePage/StoreListHeading' located by 'By.xpath: //div[@class='settings_search clear']/h3' not found
[[ATTACHMENT|C:\\Users\\shalinin\\Katalon Studio\\HME_DEVScripts\\Reports\\RegressionSuite\\20180705_200517\\1530804376452.png]]

2018-07-05 20:56:16 - [TEST_STEP][PASSED] - Statement - storeDetails = CustomKeywords.projectSpecific.Reusability.getTestData("StorePage", "StoreDetails"): projectSpecific.Reusability.getTestData is PASSED

2018-07-05 20:56:16 - [MESSAGE][PASSED] - projectSpecific.Reusability.getTestData is PASSED

2018-07-05 20:56:16 - [TEST_STEP][PASSED] - Statement - storedetail_label = CustomKeywords.projectSpecific.Reusability.getTestData("StorePage", "Store_labels"): projectSpecific.Reusability.getTestData is PASSED

2018-07-05 20:56:16 - [MESSAGE][PASSED] - projectSpecific.Reusability.getTestData is PASSED

2018-07-05 20:56:16 - [TEST_STEP][PASSED] - uiaction.CommonUIActions.click: uiaction.CommonUIActions.click is PASSED

2018-07-05 20:56:37 - [MESSAGE][PASSED] - uiaction.CommonUIActions.click is PASSED

2018-07-05 20:56:37 - [TEST_STEP][FAILED] - verifyElementPresent: com.kms.katalon.core.webui.exception.WebElementNotFoundException: Web element with id: 'Object Repository/HomePage/Verify_store' located by 'By.xpath: //h3[contains(text(),'Store')]' not found

2018-07-05 20:56:43 - [MESSAGE][FAILED] - com.kms.katalon.core.webui.exception.WebElementNotFoundException: Web element with id: 'Object Repository/HomePage/Verify_store' located by 'By.xpath: //h3[contains(text(),'Store')]' not found
[[ATTACHMENT|C:\\Users\\shalinin\\Katalon Studio\\HME_DEVScripts\\Reports\\RegressionSuite\\20180705_200517\\1530804402968.png]]

2018-07-05 20:56:43 - [TEST_STEP][PASSED] - Statement - driver = com.kms.katalon.core.webui.driver.DriverFactory.getWebDriver(): null

2018-07-05 20:56:43 - [TEST_STEP][PASSED] - Statement - storeHeaders = driver.findElements(org.openqa.selenium.By.xpath(com.kms.katalon.core.testdata.TestDataFactory.findTestData(OR_file).getValue(2, 1))): Reading excel file with source file 'C:\Users\shalinin\Katalon Studio\HME_DEVScripts\Data Files\HME_OR.xlsx' and sheet name 'Sheet1'

2018-07-05 20:56:43 - [TEST_STEP][PASSED] - Statement - storeArraylabels = storedetail_label.split(",,"): null

2018-07-05 20:56:43 - [TEST_STEP][PASSED] - Statement - storeListlabels = new java.util.ArrayList(java.util.Arrays.asList(storeArraylabels)): null

2018-07-05 20:56:43 - [TEST_STEP][PASSED] - Statement - storeListlabels.unique(): null

2018-07-05 20:56:43 - [TEST_STEP][PASSED] - Statement - out.println(storeListlabels): null

2018-07-05 20:56:43 - [TEST_STEP][PASSED] - Statement - count = 1: null

2018-07-05 20:56:43 - [TEST_STEP][PASSED] - Statement - For ([i = 1, i < storeHeaders.size(), (i++)]): null

2018-07-05 20:56:43 - [TEST_STEP][PASSED] - Statement - If (count == storeHeaders.size()): null

2018-07-05 20:56:43 - [TEST_STEP][PASSED] - Statement - Else: Taking screenshot successfully

2018-07-05 20:56:43 - [TEST_STEP][PASSED] - Statement - TCflag = false: null

2018-07-05 20:56:43 - [TEST_STEP][PASSED] - takeScreenshot: Taking screenshot successfully

2018-07-05 20:56:43 - [MESSAGE][PASSED] - Taking screenshot successfully
[[ATTACHMENT|C:\\Users\\shalinin\\Katalon Studio\\HME_DEVScripts\\Reports\\RegressionSuite\\20180705_200517\\1530804403325.png]]

2018-07-05 20:56:43 - [TEST_STEP][PASSED] - uiaction.CommonUIActions.click: uiaction.CommonUIActions.click is PASSED

2018-07-05 20:57:04 - [MESSAGE][PASSED] - uiaction.CommonUIActions.click is PASSED

2018-07-05 20:57:04 - [TEST_STEP][FAILED] - verifyElementPresent: com.kms.katalon.core.webui.exception.WebElementNotFoundException: Web element with id: 'Object Repository/StorePage/storedetailslabel' located by 'By.xpath: //span[contains(text(),'Store Details')]' not found

2018-07-05 20:57:10 - [MESSAGE][FAILED] - com.kms.katalon.core.webui.exception.WebElementNotFoundException: Web element with id: 'Object Repository/StorePage/storedetailslabel' located by 'By.xpath: //span[contains(text(),'Store Details')]' not found
[[ATTACHMENT|C:\\Users\\shalinin\\Katalon Studio\\HME_DEVScripts\\Reports\\RegressionSuite\\20180705_200517\\1530804429842.png]]

2018-07-05 20:57:10 - [TEST_STEP][FAILED] - verifyElementPresent: com.kms.katalon.core.webui.exception.WebElementNotFoundException: Web element with id: 'Object Repository/StorePage/zoomlabel' located by 'By.xpath: //span[text()='ZOOM']' not found

2018-07-05 20:57:15 - [MESSAGE][FAILED] - com.kms.katalon.core.webui.exception.WebElementNotFoundException: Web element with id: 'Object Repository/StorePage/zoomlabel' located by 'By.xpath: //span[text()='ZOOM']' not found
[[ATTACHMENT|C:\\Users\\shalinin\\Katalon Studio\\HME_DEVScripts\\Reports\\RegressionSuite\\20180705_200517\\1530804435378.png]]

2018-07-05 20:57:15 - [TEST_STEP][FAILED] - Statement - defaultareaselected = com.kms.katalon.core.webui.keyword.WebUiBuiltInKeywords.getAttribute(com.kms.katalon.core.testobject.ObjectRepository.findTestObject(StorePage/defaultstoredetsails), "aria-selected"): Unable to get attribute 'aria-selected' of object 'Object Repository/StorePage/defaultstoredetsails' (Root cause: com.kms.katalon.core.webui.exception.WebElementNotFoundException: Web element with id: 'Object Repository/StorePage/defaultstoredetsails' located by 'By.xpath: //div[@id='tabs']/ul/li[1]' not found)

2018-07-05 20:57:47 - [MESSAGE][FAILED] - Unable to get attribute 'aria-selected' of object 'Object Repository/StorePage/defaultstoredetsails' (Root cause: com.kms.katalon.core.webui.exception.WebElementNotFoundException: Web element with id: 'Object Repository/StorePage/defaultstoredetsails' located by 'By.xpath: //div[@id='tabs']/ul/li[1]' not found)
[[ATTACHMENT|C:\\Users\\shalinin\\Katalon Studio\\HME_DEVScripts\\Reports\\RegressionSuite\\20180705_200517\\1530804467084.png]]

2018-07-05 20:57:47 - [TEST_STEP][PASSED] - Statement - If (defaultareaselected): null

2018-07-05 20:57:47 - [TEST_STEP][PASSED] - Statement - Else: Taking screenshot successfully

2018-07-05 20:57:47 - [TEST_STEP][PASSED] - Statement - If (TCflag): null

2018-07-05 20:57:47 - [TEST_STEP][PASSED] - Statement - out.println("Store Details is not set by default"): null

2018-07-05 20:57:47 - [TEST_STEP][PASSED] - takeScreenshot: Taking screenshot successfully

2018-07-05 20:57:47 - [MESSAGE][PASSED] - Taking screenshot successfully
[[ATTACHMENT|C:\\Users\\shalinin\\Katalon Studio\\HME_DEVScripts\\Reports\\RegressionSuite\\20180705_200517\\1530804467425.png]]

2018-07-05 20:57:47 - [TEST_STEP][PASSED] - Statement - storeArray = storeDetails.split(","): null

2018-07-05 20:57:47 - [TEST_STEP][PASSED] - Statement - storeList = new java.util.ArrayList(java.util.Arrays.asList(storeArray)): null

2018-07-05 20:57:47 - [TEST_STEP][PASSED] - Statement - storeList.unique(): null

2018-07-05 20:57:47 - [TEST_STEP][PASSED] - Statement - out.println(storeList): null

2018-07-05 20:57:47 - [TEST_STEP][PASSED] - Statement - storeElements = driver.findElements(org.openqa.selenium.By.xpath(com.kms.katalon.core.testdata.TestDataFactory.findTestData(OR_file).getValue(2, 2))): Reading excel file with source file 'C:\Users\shalinin\Katalon Studio\HME_DEVScripts\Data Files\HME_OR.xlsx' and sheet name 'Sheet1'

2018-07-05 20:57:47 - [TEST_STEP][PASSED] - Statement - actualList = new java.util.ArrayList(): null

2018-07-05 20:57:47 - [TEST_STEP][PASSED] - Statement - For ([i = 0, i < storeElements.size(), (i++)]): null

2018-07-05 20:57:47 - [TEST_STEP][PASSED] - Statement - out.println(actualList): null

2018-07-05 20:57:47 - [TEST_STEP][PASSED] - Statement - execFlag1 = true: null

2018-07-05 20:57:47 - [TEST_STEP][PASSED] - Statement - For ([j = 0, j < actualList.size(), (j++)]): null

2018-07-05 20:57:47 - [TEST_STEP][PASSED] - Statement - If (execFlag1): null

2018-07-05 20:57:47 - [TEST_STEP][PASSED] - Statement - out.println("Store details labels are verified"): null

2018-07-05 20:57:47 - [TEST_STEP][FAILED] - Statement - editfield = com.kms.katalon.core.webui.keyword.WebUiBuiltInKeywords.clearText(com.kms.katalon.core.testobject.ObjectRepository.findTestObject(StorePage/storeName)): Unable to clear text of object 'Object Repository/StorePage/storeName' (Root cause: com.kms.katalon.core.webui.exception.WebElementNotFoundException: Web element with id: 'Object Repository/StorePage/storeName' located by 'By.xpath: //input[@id='Store_Name']' not found)

2018-07-05 20:58:19 - [MESSAGE][FAILED] - Unable to clear text of object 'Object Repository/StorePage/storeName' (Root cause: com.kms.katalon.core.webui.exception.WebElementNotFoundException: Web element with id: 'Object Repository/StorePage/storeName' located by 'By.xpath: //input[@id='Store_Name']' not found)
[[ATTACHMENT|C:\\Users\\shalinin\\Katalon Studio\\HME_DEVScripts\\Reports\\RegressionSuite\\20180705_200517\\1530804499097.png]]

2018-07-05 20:58:19 - [TEST_STEP][PASSED] - Statement - If (editfield): null

2018-07-05 20:58:19 - [TEST_STEP][PASSED] - Statement - Else: Taking screenshot successfully

2018-07-05 20:58:19 - [TEST_STEP][PASSED] - Statement - If (TCflag): null

2018-07-05 20:58:19 - [TEST_STEP][PASSED] - Statement - out.println("The store name is not editable field"): null

2018-07-05 20:58:19 - [TEST_STEP][PASSED] - takeScreenshot: Taking screenshot successfully

2018-07-05 20:58:19 - [MESSAGE][PASSED] - Taking screenshot successfully
[[ATTACHMENT|C:\\Users\\shalinin\\Katalon Studio\\HME_DEVScripts\\Reports\\RegressionSuite\\20180705_200517\\1530804499427.png]]

2018-07-05 20:58:19 - [TEST_STEP][PASSED] - Statement - inputFields = driver.findElements(org.openqa.selenium.By.xpath(com.kms.katalon.core.testdata.TestDataFactory.findTestData(OR_file).getValue(2, 3))): Reading excel file with source file 'C:\Users\shalinin\Katalon Studio\HME_DEVScripts\Data Files\HME_OR.xlsx' and sheet name 'Sheet1'

2018-07-05 20:58:19 - [TEST_STEP][PASSED] - Statement - inputFieldsResults = new java.util.ArrayList(): null

2018-07-05 20:58:19 - [TEST_STEP][PASSED] - Statement - index = 3: null

2018-07-05 20:58:19 - [TEST_STEP][PASSED] - Statement - For ([i = 0, i < inputFields.size(), (i++)]): null

2018-07-05 20:58:19 - [TEST_STEP][PASSED] - Statement - s = inputFieldsResults[1]: null

2018-07-05 20:58:19 - [TEST_STEP][PASSED] - Statement - isEditable = false: null

2018-07-05 20:58:19 - [TEST_STEP][PASSED] - Statement - For ([j = 2, j < inputFieldsResults.size(), (j++)]): null

2018-07-05 20:58:19 - [TEST_STEP][PASSED] - Statement - If (!(isEditable)): null

2018-07-05 20:58:19 - [TEST_STEP][PASSED] - Statement - out.println("Store fields are not editable"): null

2018-07-05 20:58:19 - [TEST_STEP][FAILED] - Statement - attrDisabled = com.kms.katalon.core.webui.keyword.WebUiBuiltInKeywords.getAttribute(com.kms.katalon.core.testobject.ObjectRepository.findTestObject(StorePage/storebrandName), "disabled"): Unable to get attribute 'disabled' of object 'Object Repository/StorePage/storebrandName' (Root cause: com.kms.katalon.core.webui.exception.WebElementNotFoundException: Web element with id: 'Object Repository/StorePage/storebrandName' located by 'By.xpath: //select[@name='Store_Brand_ID']' not found)

2018-07-05 20:58:51 - [MESSAGE][FAILED] - Unable to get attribute 'disabled' of object 'Object Repository/StorePage/storebrandName' (Root cause: com.kms.katalon.core.webui.exception.WebElementNotFoundException: Web element with id: 'Object Repository/StorePage/storebrandName' located by 'By.xpath: //select[@name='Store_Brand_ID']' not found)
[[ATTACHMENT|C:\\Users\\shalinin\\Katalon Studio\\HME_DEVScripts\\Reports\\RegressionSuite\\20180705_200517\\1530804531079.png]]

2018-07-05 20:58:51 - [TEST_STEP][PASSED] - Statement - If (attrDisabled): null

2018-07-05 20:58:51 - [TEST_STEP][PASSED] - Statement - Else: Taking screenshot successfully

2018-07-05 20:58:51 - [TEST_STEP][PASSED] - Statement - If (TCflag): null

2018-07-05 20:58:51 - [TEST_STEP][PASSED] - Statement - out.println("Store brand is not disabled"): null

2018-07-05 20:58:51 - [TEST_STEP][PASSED] - takeScreenshot: Taking screenshot successfully

2018-07-05 20:58:51 - [MESSAGE][PASSED] - Taking screenshot successfully
[[ATTACHMENT|C:\\Users\\shalinin\\Katalon Studio\\HME_DEVScripts\\Reports\\RegressionSuite\\20180705_200517\\1530804531416.png]]

2018-07-05 20:58:51 - [TEST_STEP][FAILED] - Statement - attrDisabled = com.kms.katalon.core.webui.keyword.WebUiBuiltInKeywords.getAttribute(com.kms.katalon.core.testobject.ObjectRepository.findTestObject(StorePage/storeCountryName), "disabled"): Unable to get attribute 'disabled' of object 'Object Repository/StorePage/storeCountryName' (Root cause: com.kms.katalon.core.webui.exception.WebElementNotFoundException: Web element with id: 'Object Repository/StorePage/storeCountryName' located by 'By.xpath: //select[@name='Store_Country_ID']' not found)

2018-07-05 20:59:23 - [MESSAGE][FAILED] - Unable to get attribute 'disabled' of object 'Object Repository/StorePage/storeCountryName' (Root cause: com.kms.katalon.core.webui.exception.WebElementNotFoundException: Web element with id: 'Object Repository/StorePage/storeCountryName' located by 'By.xpath: //select[@name='Store_Country_ID']' not found)
[[ATTACHMENT|C:\\Users\\shalinin\\Katalon Studio\\HME_DEVScripts\\Reports\\RegressionSuite\\20180705_200517\\1530804563097.png]]

2018-07-05 20:59:23 - [TEST_STEP][PASSED] - Statement - If (attrDisabled): null

2018-07-05 20:59:23 - [TEST_STEP][PASSED] - Statement - Else: Taking screenshot successfully

2018-07-05 20:59:23 - [TEST_STEP][PASSED] - Statement - If (TCflag): null

2018-07-05 20:59:23 - [TEST_STEP][PASSED] - Statement - out.println("Store countryName is not disabled"): null

2018-07-05 20:59:23 - [TEST_STEP][PASSED] - takeScreenshot: Taking screenshot successfully

2018-07-05 20:59:23 - [MESSAGE][PASSED] - Taking screenshot successfully
[[ATTACHMENT|C:\\Users\\shalinin\\Katalon Studio\\HME_DEVScripts\\Reports\\RegressionSuite\\20180705_200517\\1530804563429.png]]

2018-07-05 20:59:23 - [TEST_STEP][PASSED] - Statement - assert TCflag == true: null

2018-07-05 20:59:23 - [TEST_STEP][PASSED] - Start listener action : sampleAfterTestCase: Browser is closed

2018-07-05 20:59:23 - [TEST_STEP][PASSED] - Statement - println(testCaseContext.getTestCaseId()): null

2018-07-05 20:59:23 - [TEST_STEP][PASSED] - Statement - println(testCaseContext.getTestCaseStatus()): null

2018-07-05 20:59:23 - [TEST_STEP][PASSED] - closeBrowser: Browser is closed

2018-07-05 20:59:24 - [MESSAGE][PASSED] - Browser is closed]]></system-out>
         <system-err><![CDATA[2018-07-05 20:54:10 - [TEST_CASE][FAILED] - Test Cases/CreateGroupTC/HME-StoreDetailsPage-09: Test Cases/CreateGroupTC/HME-StoreDetailsPage-09 FAILED because (of) com.kms.katalon.core.webui.exception.WebElementNotFoundException: Web element with id: 'Object Repository/StorePage/StoreListHeading' located by 'By.xpath: //div[@class='settings_search clear']/h3' not found]]></system-err>
      </testcase>
      <testcase name="Test Cases/CreateGroupTC/HME-StoreListPage-01" classname="Test Cases/CreateGroupTC/HME-StoreListPage-01" status="PASSED">
         <system-out><![CDATA[2018-07-05 20:59:24 - [TEST_CASE][PASSED] - Test Cases/CreateGroupTC/HME-StoreListPage-01: Browser is closed

2018-07-05 20:59:24 - [TEST_STEP][PASSED] - Start listener action : sampleBeforeTestCase: uiaction.CommonUIActions.deleteAllCookies is PASSED

2018-07-05 20:59:24 - [TEST_STEP][PASSED] - openBrowser: Browser is opened with url: ''

2018-07-05 20:59:26 - [MESSAGE][PASSED] - Browser is opened with url: ''

2018-07-05 20:59:26 - [TEST_STEP][PASSED] - maximizeWindow: Current window maximized

2018-07-05 20:59:27 - [MESSAGE][PASSED] - Current window maximized

2018-07-05 20:59:27 - [TEST_STEP][PASSED] - uiaction.CommonUIActions.deleteAllCookies: uiaction.CommonUIActions.deleteAllCookies is PASSED

2018-07-05 20:59:27 - [MESSAGE][PASSED] - Delete all cookies successfully

2018-07-05 20:59:27 - [MESSAGE][PASSED] - uiaction.CommonUIActions.deleteAllCookies is PASSED

2018-07-05 20:59:27 - [TEST_STEP][PASSED] - Statement - TCflag = true: null

2018-07-05 20:59:27 - [TEST_STEP][PASSED] - Statement - Try: uiaction.CommonUIActions.click is PASSED

2018-07-05 20:59:27 - [TEST_STEP][PASSED] - navigateToUrl: Navigate to 'https://engdev.hmedtcloud.com/?pg=Login' successfully

2018-07-05 20:59:49 - [MESSAGE][PASSED] - Navigate to 'https://engdev.hmedtcloud.com/?pg=Login' successfully

2018-07-05 20:59:49 - [TEST_STEP][PASSED] - Statement - driver = com.kms.katalon.core.webui.driver.DriverFactory.getWebDriver(): null

2018-07-05 20:59:49 - [TEST_STEP][PASSED] - projectSpecific.Reusability.login: projectSpecific.Reusability.login is PASSED

2018-07-05 20:59:49 - [MESSAGE][PASSED] - projectSpecific.Reusability.getTestData is PASSED

2018-07-05 20:59:49 - [MESSAGE][PASSED] - projectSpecific.Reusability.getTestData is PASSED

2018-07-05 20:59:49 - [MESSAGE][PASSED] - Text 'selvendrank@nousinfo.com' is set on object 'Object Repository/LoginPage/Username'

2018-07-05 20:59:49 - [MESSAGE][PASSED] - Text 'Nous;123' is set on object 'Object Repository/LoginPage/Password'

2018-07-05 21:00:05 - [MESSAGE][PASSED] - Object: 'Object Repository/LoginPage/Login' is clicked on

2018-07-05 21:00:05 - [MESSAGE][PASSED] - projectSpecific.Reusability.login is PASSED

2018-07-05 21:00:05 - [TEST_STEP][PASSED] - uiaction.CommonUIActions.click: uiaction.CommonUIActions.click is PASSED

2018-07-05 21:00:09 - [MESSAGE][PASSED] - uiaction.CommonUIActions.click is PASSED

2018-07-05 21:00:09 - [TEST_STEP][PASSED] - delay: Delayed 10 second(s)

2018-07-05 21:00:19 - [MESSAGE][PASSED] - Delayed 10 second(s)

2018-07-05 21:00:19 - [TEST_STEP][PASSED] - uiaction.CommonUIActions.click: uiaction.CommonUIActions.click is PASSED

2018-07-05 21:00:32 - [MESSAGE][PASSED] - uiaction.CommonUIActions.click is PASSED

2018-07-05 21:00:32 - [TEST_STEP][PASSED] - verifyElementPresent: Object 'Object Repository/StorePage/StoreListHeading' is present

2018-07-05 21:00:32 - [MESSAGE][PASSED] - Object 'Object Repository/StorePage/StoreListHeading' is present

2018-07-05 21:00:32 - [TEST_STEP][PASSED] - uiaction.CommonUIActions.click: uiaction.CommonUIActions.click is PASSED

2018-07-05 21:01:31 - [MESSAGE][PASSED] - uiaction.CommonUIActions.click is PASSED

2018-07-05 21:01:31 - [TEST_STEP][PASSED] - verifyElementPresent: Object 'Object Repository/StorePage/ManageLeaderGroupsButton' is present

2018-07-05 21:01:31 - [MESSAGE][PASSED] - Object 'Object Repository/StorePage/ManageLeaderGroupsButton' is present

2018-07-05 21:01:31 - [TEST_STEP][PASSED] - verifyElementPresent: Object 'Object Repository/StorePage/ManageReportGroupsButtton' is present

2018-07-05 21:01:31 - [MESSAGE][PASSED] - Object 'Object Repository/StorePage/ManageReportGroupsButtton' is present

2018-07-05 21:01:31 - [TEST_STEP][PASSED] - uiaction.CommonUIActions.click: uiaction.CommonUIActions.click is PASSED

2018-07-05 21:01:32 - [MESSAGE][PASSED] - uiaction.CommonUIActions.click is PASSED

2018-07-05 21:01:32 - [TEST_STEP][PASSED] - Statement - assert TCflag == true: null

2018-07-05 21:01:32 - [TEST_STEP][PASSED] - Start listener action : sampleAfterTestCase: Browser is closed

2018-07-05 21:01:32 - [TEST_STEP][PASSED] - Statement - println(testCaseContext.getTestCaseId()): null

2018-07-05 21:01:32 - [TEST_STEP][PASSED] - Statement - println(testCaseContext.getTestCaseStatus()): null

2018-07-05 21:01:32 - [TEST_STEP][PASSED] - closeBrowser: Browser is closed

2018-07-05 21:01:33 - [MESSAGE][PASSED] - Browser is closed]]></system-out>
         <system-err><![CDATA[]]></system-err>
      </testcase>
      <testcase name="Test Cases/CreateGroupTC/HME-StoreListPage-02" classname="Test Cases/CreateGroupTC/HME-StoreListPage-02" status="FAILED">
         <failure type="FAILED" message="com.kms.katalon.core.webui.exception.WebElementNotFoundException: Web element with id: 'Object Repository/StorePage/StoreListHeading' located by 'By.xpath: //div[@class='settings_search clear']/h3' not found"/>
         <system-out><![CDATA[2018-07-05 21:01:33 - [TEST_CASE][FAILED] - Test Cases/CreateGroupTC/HME-StoreListPage-02: Test Cases/CreateGroupTC/HME-StoreListPage-02 FAILED because (of) com.kms.katalon.core.webui.exception.WebElementNotFoundException: Web element with id: 'Object Repository/StorePage/StoreListHeading' located by 'By.xpath: //div[@class='settings_search clear']/h3' not found

2018-07-05 21:01:33 - [TEST_STEP][PASSED] - Start listener action : sampleBeforeTestCase: uiaction.CommonUIActions.deleteAllCookies is PASSED

2018-07-05 21:01:33 - [TEST_STEP][PASSED] - openBrowser: Browser is opened with url: ''

2018-07-05 21:01:35 - [MESSAGE][PASSED] - Browser is opened with url: ''

2018-07-05 21:01:35 - [TEST_STEP][PASSED] - maximizeWindow: Current window maximized

2018-07-05 21:01:36 - [MESSAGE][PASSED] - Current window maximized

2018-07-05 21:01:36 - [TEST_STEP][PASSED] - uiaction.CommonUIActions.deleteAllCookies: uiaction.CommonUIActions.deleteAllCookies is PASSED

2018-07-05 21:01:36 - [MESSAGE][PASSED] - Delete all cookies successfully

2018-07-05 21:01:36 - [MESSAGE][PASSED] - uiaction.CommonUIActions.deleteAllCookies is PASSED

2018-07-05 21:01:37 - [TEST_STEP][PASSED] - Statement - TCflag = true: null

2018-07-05 21:01:37 - [TEST_STEP][FAILED] - Statement - Try: uiaction.CommonUIActions.click is PASSED

2018-07-05 21:01:37 - [TEST_STEP][PASSED] - navigateToUrl: Navigate to 'https://engdev.hmedtcloud.com/?pg=Login' successfully

2018-07-05 21:01:45 - [MESSAGE][PASSED] - Navigate to 'https://engdev.hmedtcloud.com/?pg=Login' successfully

2018-07-05 21:01:45 - [TEST_STEP][PASSED] - projectSpecific.Reusability.login: projectSpecific.Reusability.login is PASSED

2018-07-05 21:01:45 - [MESSAGE][PASSED] - projectSpecific.Reusability.getTestData is PASSED

2018-07-05 21:01:45 - [MESSAGE][PASSED] - projectSpecific.Reusability.getTestData is PASSED

2018-07-05 21:01:45 - [MESSAGE][PASSED] - Text 'ravim.ckd@gmail.com' is set on object 'Object Repository/LoginPage/Username'

2018-07-05 21:01:45 - [MESSAGE][PASSED] - Text 'Ravi@123' is set on object 'Object Repository/LoginPage/Password'

2018-07-05 21:01:48 - [MESSAGE][PASSED] - Object: 'Object Repository/LoginPage/Login' is clicked on

2018-07-05 21:01:48 - [MESSAGE][PASSED] - projectSpecific.Reusability.login is PASSED

2018-07-05 21:01:48 - [TEST_STEP][PASSED] - delay: Delayed 10 second(s)

2018-07-05 21:01:58 - [MESSAGE][PASSED] - Delayed 10 second(s)

2018-07-05 21:01:58 - [TEST_STEP][PASSED] - uiaction.CommonUIActions.click: uiaction.CommonUIActions.click is PASSED

2018-07-05 21:02:19 - [MESSAGE][PASSED] - uiaction.CommonUIActions.click is PASSED

2018-07-05 21:02:19 - [TEST_STEP][PASSED] - delay: Delayed 10 second(s)

2018-07-05 21:02:29 - [MESSAGE][PASSED] - Delayed 10 second(s)

2018-07-05 21:02:29 - [TEST_STEP][PASSED] - uiaction.CommonUIActions.click: uiaction.CommonUIActions.click is PASSED

2018-07-05 21:02:50 - [MESSAGE][PASSED] - uiaction.CommonUIActions.click is PASSED

2018-07-05 21:02:50 - [TEST_STEP][FAILED] - verifyElementPresent: com.kms.katalon.core.webui.exception.WebElementNotFoundException: Web element with id: 'Object Repository/StorePage/StoreListHeading' located by 'By.xpath: //div[@class='settings_search clear']/h3' not found

2018-07-05 21:02:56 - [MESSAGE][FAILED] - com.kms.katalon.core.webui.exception.WebElementNotFoundException: Web element with id: 'Object Repository/StorePage/StoreListHeading' located by 'By.xpath: //div[@class='settings_search clear']/h3' not found
[[ATTACHMENT|C:\\Users\\shalinin\\Katalon Studio\\HME_DEVScripts\\Reports\\RegressionSuite\\20180705_200517\\1530804775804.png]]

2018-07-05 21:02:56 - [TEST_STEP][PASSED] - uiaction.CommonUIActions.click: uiaction.CommonUIActions.click is PASSED

2018-07-05 21:03:16 - [MESSAGE][PASSED] - uiaction.CommonUIActions.click is PASSED

2018-07-05 21:03:16 - [TEST_STEP][PASSED] - verifyElementNotPresent: Web element with id: 'Object Repository/StorePage/ManageLeaderGroupsButton' located by 'By.xpath: //span[text()='Manage Leaderboard Groups']/..' is not present after '5' second(s)

2018-07-05 21:03:17 - [MESSAGE][PASSED] - Web element with id: 'Object Repository/StorePage/ManageLeaderGroupsButton' located by 'By.xpath: //span[text()='Manage Leaderboard Groups']/..' is not present after '5' second(s)

2018-07-05 21:03:17 - [TEST_STEP][PASSED] - verifyElementNotPresent: Web element with id: 'Object Repository/StorePage/ManageReportGroupsButtton' located by 'By.xpath: //span[text()='Manage Hierarchy']/..' is not present after '5' second(s)

2018-07-05 21:03:17 - [MESSAGE][PASSED] - Web element with id: 'Object Repository/StorePage/ManageReportGroupsButtton' located by 'By.xpath: //span[text()='Manage Hierarchy']/..' is not present after '5' second(s)

2018-07-05 21:03:17 - [TEST_STEP][PASSED] - uiaction.CommonUIActions.click: uiaction.CommonUIActions.click is PASSED

2018-07-05 21:03:37 - [MESSAGE][PASSED] - uiaction.CommonUIActions.click is PASSED

2018-07-05 21:03:37 - [TEST_STEP][PASSED] - Statement - assert TCflag == true: null

2018-07-05 21:03:37 - [TEST_STEP][PASSED] - Start listener action : sampleAfterTestCase: Browser is closed

2018-07-05 21:03:37 - [TEST_STEP][PASSED] - Statement - println(testCaseContext.getTestCaseId()): null

2018-07-05 21:03:37 - [TEST_STEP][PASSED] - Statement - println(testCaseContext.getTestCaseStatus()): null

2018-07-05 21:03:37 - [TEST_STEP][PASSED] - closeBrowser: Browser is closed

2018-07-05 21:03:38 - [MESSAGE][PASSED] - Browser is closed]]></system-out>
         <system-err><![CDATA[2018-07-05 21:01:33 - [TEST_CASE][FAILED] - Test Cases/CreateGroupTC/HME-StoreListPage-02: Test Cases/CreateGroupTC/HME-StoreListPage-02 FAILED because (of) com.kms.katalon.core.webui.exception.WebElementNotFoundException: Web element with id: 'Object Repository/StorePage/StoreListHeading' located by 'By.xpath: //div[@class='settings_search clear']/h3' not found]]></system-err>
      </testcase>
      <testcase name="Test Cases/GoalStatisticsTC/HME-Goal Statistics Report-01" classname="Test Cases/GoalStatisticsTC/HME-Goal Statistics Report-01" status="PASSED">
         <system-out><![CDATA[2018-07-05 21:03:38 - [TEST_CASE][PASSED] - Test Cases/GoalStatisticsTC/HME-Goal Statistics Report-01: Browser is closed

2018-07-05 21:03:38 - [TEST_STEP][PASSED] - Start listener action : sampleBeforeTestCase: uiaction.CommonUIActions.deleteAllCookies is PASSED

2018-07-05 21:03:38 - [TEST_STEP][PASSED] - openBrowser: Browser is opened with url: ''

2018-07-05 21:03:40 - [MESSAGE][PASSED] - Browser is opened with url: ''

2018-07-05 21:03:40 - [TEST_STEP][PASSED] - maximizeWindow: Current window maximized

2018-07-05 21:03:41 - [MESSAGE][PASSED] - Current window maximized

2018-07-05 21:03:41 - [TEST_STEP][PASSED] - uiaction.CommonUIActions.deleteAllCookies: uiaction.CommonUIActions.deleteAllCookies is PASSED

2018-07-05 21:03:41 - [MESSAGE][PASSED] - Delete all cookies successfully

2018-07-05 21:03:41 - [MESSAGE][PASSED] - uiaction.CommonUIActions.deleteAllCookies is PASSED

2018-07-05 21:03:42 - [TEST_STEP][PASSED] - Statement - TCflag = true: null

2018-07-05 21:03:42 - [TEST_STEP][PASSED] - Statement - Try: uiaction.CommonUIActions.click is PASSED

2018-07-05 21:03:42 - [TEST_STEP][PASSED] - navigateToUrl: Navigate to 'https://engdev.hmedtcloud.com/?pg=Login' successfully

2018-07-05 21:03:55 - [MESSAGE][PASSED] - Navigate to 'https://engdev.hmedtcloud.com/?pg=Login' successfully

2018-07-05 21:03:55 - [TEST_STEP][PASSED] - projectSpecific.Reusability.login: projectSpecific.Reusability.login is PASSED

2018-07-05 21:03:55 - [MESSAGE][PASSED] - projectSpecific.Reusability.getTestData is PASSED

2018-07-05 21:03:55 - [MESSAGE][PASSED] - projectSpecific.Reusability.getTestData is PASSED

2018-07-05 21:03:55 - [MESSAGE][PASSED] - Text 'selvendrank@nousinfo.com' is set on object 'Object Repository/LoginPage/Username'

2018-07-05 21:03:55 - [MESSAGE][PASSED] - Text 'Nous;123' is set on object 'Object Repository/LoginPage/Password'

2018-07-05 21:05:01 - [MESSAGE][PASSED] - Object: 'Object Repository/LoginPage/Login' is clicked on

2018-07-05 21:05:01 - [MESSAGE][PASSED] - projectSpecific.Reusability.login is PASSED

2018-07-05 21:05:01 - [TEST_STEP][PASSED] - delay: Delayed 10 second(s)

2018-07-05 21:05:11 - [MESSAGE][PASSED] - Delayed 10 second(s)

2018-07-05 21:05:11 - [TEST_STEP][PASSED] - uiaction.CommonUIActions.click: uiaction.CommonUIActions.click is PASSED

2018-07-05 21:05:23 - [MESSAGE][PASSED] - uiaction.CommonUIActions.click is PASSED

2018-07-05 21:05:23 - [TEST_STEP][PASSED] - Statement - driver = com.kms.katalon.core.webui.driver.DriverFactory.getWebDriver(): null

2018-07-05 21:05:23 - [TEST_STEP][PASSED] - delay: Delayed 10 second(s)

2018-07-05 21:05:33 - [MESSAGE][PASSED] - Delayed 10 second(s)

2018-07-05 21:05:33 - [TEST_STEP][PASSED] - Statement - driver.findElement(org.openqa.selenium.By.xpath("(//div[@class='ctable']/table//tr/td[3][contains(text(),'vijay2')]/../td//span)[1]")).click(): null

2018-07-05 21:05:35 - [TEST_STEP][PASSED] - uiaction.CommonUIActions.click: uiaction.CommonUIActions.click is PASSED

2018-07-05 21:05:36 - [MESSAGE][PASSED] - uiaction.CommonUIActions.click is PASSED

2018-07-05 21:05:36 - [TEST_STEP][PASSED] - uiaction.CommonUIActions.click: uiaction.CommonUIActions.click is PASSED

2018-07-05 21:05:41 - [MESSAGE][PASSED] - uiaction.CommonUIActions.click is PASSED

2018-07-05 21:05:41 - [TEST_STEP][PASSED] - Statement - storenumber = CustomKeywords.uiaction.CommonUIActions.getText(com.kms.katalon.core.testobject.ObjectRepository.findTestObject(StorePage/storeID)): uiaction.CommonUIActions.getText is PASSED

2018-07-05 21:05:41 - [MESSAGE][PASSED] - uiaction.CommonUIActions.getText is PASSED

2018-07-05 21:05:41 - [TEST_STEP][PASSED] - Statement - storeValue = storenumber.trim(): null

2018-07-05 21:05:41 - [TEST_STEP][PASSED] - Statement - out.println(" the store number is--" + storeValue): null

2018-07-05 21:05:41 - [TEST_STEP][PASSED] - delay: Delayed 10 second(s)

2018-07-05 21:05:51 - [MESSAGE][PASSED] - Delayed 10 second(s)

2018-07-05 21:05:51 - [TEST_STEP][PASSED] - uiaction.CommonUIActions.click: uiaction.CommonUIActions.click is PASSED

2018-07-05 21:05:55 - [MESSAGE][PASSED] - uiaction.CommonUIActions.click is PASSED

2018-07-05 21:05:55 - [TEST_STEP][PASSED] - delay: Delayed 5 second(s)

2018-07-05 21:06:00 - [MESSAGE][PASSED] - Delayed 5 second(s)

2018-07-05 21:06:00 - [TEST_STEP][PASSED] - verifyElementPresent: Object 'Object Repository/SummarizedReportPage/SummaryReportheader' is present

2018-07-05 21:06:00 - [MESSAGE][PASSED] - Object 'Object Repository/SummarizedReportPage/SummaryReportheader' is present

2018-07-05 21:06:00 - [TEST_STEP][PASSED] - Statement - println("Summary Reports screen will be displayed"): null

2018-07-05 21:06:00 - [TEST_STEP][PASSED] - delay: Delayed 10 second(s)

2018-07-05 21:06:10 - [MESSAGE][PASSED] - Delayed 10 second(s)

2018-07-05 21:06:10 - [TEST_STEP][PASSED] - uiaction.CommonUIActions.click: uiaction.CommonUIActions.click is PASSED

2018-07-05 21:06:25 - [MESSAGE][PASSED] - uiaction.CommonUIActions.click is PASSED

2018-07-05 21:06:25 - [TEST_STEP][PASSED] - delay: Delayed 5 second(s)

2018-07-05 21:06:30 - [MESSAGE][PASSED] - Delayed 5 second(s)

2018-07-05 21:06:30 - [TEST_STEP][PASSED] - uiaction.CommonUIActions.click: uiaction.CommonUIActions.click is PASSED

2018-07-05 21:07:51 - [MESSAGE][PASSED] - uiaction.CommonUIActions.click is PASSED

2018-07-05 21:07:51 - [TEST_STEP][PASSED] - delay: Delayed 5 second(s)

2018-07-05 21:07:56 - [MESSAGE][PASSED] - Delayed 5 second(s)

2018-07-05 21:07:56 - [TEST_STEP][PASSED] - uiaction.CommonUIActions.click: uiaction.CommonUIActions.click is PASSED

2018-07-05 21:07:58 - [MESSAGE][PASSED] - uiaction.CommonUIActions.click is PASSED

2018-07-05 21:07:58 - [TEST_STEP][PASSED] - delay: Delayed 5 second(s)

2018-07-05 21:08:03 - [MESSAGE][PASSED] - Delayed 5 second(s)

2018-07-05 21:08:03 - [TEST_STEP][PASSED] - uiaction.CommonUIActions.click: uiaction.CommonUIActions.click is PASSED

2018-07-05 21:08:03 - [MESSAGE][PASSED] - uiaction.CommonUIActions.click is PASSED

2018-07-05 21:08:03 - [TEST_STEP][PASSED] - delay: Delayed 5 second(s)

2018-07-05 21:08:08 - [MESSAGE][PASSED] - Delayed 5 second(s)

2018-07-05 21:08:08 - [TEST_STEP][PASSED] - uiaction.CommonUIActions.enter: uiaction.CommonUIActions.enter is PASSED

2018-07-05 21:08:08 - [MESSAGE][PASSED] - projectSpecific.Reusability.getTestData is PASSED

2018-07-05 21:08:08 - [MESSAGE][PASSED] - uiaction.CommonUIActions.enter is PASSED

2018-07-05 21:08:08 - [TEST_STEP][PASSED] - uiaction.CommonUIActions.enter: uiaction.CommonUIActions.enter is PASSED

2018-07-05 21:08:08 - [MESSAGE][PASSED] - projectSpecific.Reusability.getTestData is PASSED

2018-07-05 21:08:08 - [MESSAGE][PASSED] - uiaction.CommonUIActions.enter is PASSED

2018-07-05 21:08:08 - [TEST_STEP][PASSED] - uiaction.CommonUIActions.click: uiaction.CommonUIActions.click is PASSED

2018-07-05 21:08:08 - [MESSAGE][PASSED] - uiaction.CommonUIActions.click is PASSED

2018-07-05 21:08:08 - [TEST_STEP][PASSED] - delay: Delayed 10 second(s)

2018-07-05 21:08:18 - [MESSAGE][PASSED] - Delayed 10 second(s)

2018-07-05 21:08:18 - [TEST_STEP][PASSED] - uiaction.CommonUIActions.back: uiaction.CommonUIActions.back is PASSED

2018-07-05 21:08:18 - [MESSAGE][PASSED] - Navigate back successfully

2018-07-05 21:08:18 - [MESSAGE][PASSED] - uiaction.CommonUIActions.back is PASSED

2018-07-05 21:08:18 - [TEST_STEP][PASSED] - delay: Delayed 5 second(s)

2018-07-05 21:08:23 - [MESSAGE][PASSED] - Delayed 5 second(s)

2018-07-05 21:08:23 - [TEST_STEP][PASSED] - uiaction.CommonUIActions.enter: uiaction.CommonUIActions.enter is PASSED

2018-07-05 21:08:24 - [MESSAGE][PASSED] - projectSpecific.Reusability.getTestData is PASSED

2018-07-05 21:08:24 - [MESSAGE][PASSED] - uiaction.CommonUIActions.enter is PASSED

2018-07-05 21:08:24 - [TEST_STEP][PASSED] - uiaction.CommonUIActions.enter: uiaction.CommonUIActions.enter is PASSED

2018-07-05 21:08:24 - [MESSAGE][PASSED] - projectSpecific.Reusability.getTestData is PASSED

2018-07-05 21:08:24 - [MESSAGE][PASSED] - uiaction.CommonUIActions.enter is PASSED

2018-07-05 21:08:24 - [TEST_STEP][PASSED] - uiaction.CommonUIActions.click: uiaction.CommonUIActions.click is PASSED

2018-07-05 21:08:24 - [MESSAGE][PASSED] - uiaction.CommonUIActions.click is PASSED

2018-07-05 21:08:24 - [TEST_STEP][PASSED] - delay: Delayed 10 second(s)

2018-07-05 21:08:34 - [MESSAGE][PASSED] - Delayed 10 second(s)

2018-07-05 21:08:34 - [TEST_STEP][PASSED] - uiaction.CommonUIActions.back: uiaction.CommonUIActions.back is PASSED

2018-07-05 21:08:34 - [MESSAGE][PASSED] - Navigate back successfully

2018-07-05 21:08:34 - [MESSAGE][PASSED] - uiaction.CommonUIActions.back is PASSED

2018-07-05 21:08:34 - [TEST_STEP][PASSED] - uiaction.CommonUIActions.enter: uiaction.CommonUIActions.enter is PASSED

2018-07-05 21:08:34 - [MESSAGE][PASSED] - projectSpecific.Reusability.getTestData is PASSED

2018-07-05 21:08:34 - [MESSAGE][PASSED] - uiaction.CommonUIActions.enter is PASSED

2018-07-05 21:08:34 - [TEST_STEP][PASSED] - uiaction.CommonUIActions.enter: uiaction.CommonUIActions.enter is PASSED

2018-07-05 21:08:34 - [MESSAGE][PASSED] - projectSpecific.Reusability.getTestData is PASSED

2018-07-05 21:08:34 - [MESSAGE][PASSED] - uiaction.CommonUIActions.enter is PASSED

2018-07-05 21:08:34 - [TEST_STEP][PASSED] - Statement - group1 = CustomKeywords.projectSpecific.Reusability.getTestData("ReportingGroupManagementPage", "Summarygrpname1"): projectSpecific.Reusability.getTestData is PASSED

2018-07-05 21:08:34 - [MESSAGE][PASSED] - projectSpecific.Reusability.getTestData is PASSED

2018-07-05 21:08:34 - [TEST_STEP][PASSED] - Statement - group2 = CustomKeywords.projectSpecific.Reusability.getTestData("ReportingGroupManagementPage", "Summarygrpname2"): projectSpecific.Reusability.getTestData is PASSED

2018-07-05 21:08:34 - [MESSAGE][PASSED] - projectSpecific.Reusability.getTestData is PASSED

2018-07-05 21:08:34 - [TEST_STEP][PASSED] - Statement - groupmain = CustomKeywords.projectSpecific.Reusability.getTestData("ReportingGroupManagementPage", "Summarygrp"): projectSpecific.Reusability.getTestData is PASSED

2018-07-05 21:08:34 - [MESSAGE][PASSED] - projectSpecific.Reusability.getTestData is PASSED

2018-07-05 21:08:34 - [TEST_STEP][PASSED] - delay: Delayed 10 second(s)

2018-07-05 21:08:44 - [MESSAGE][PASSED] - Delayed 10 second(s)

2018-07-05 21:08:44 - [TEST_STEP][PASSED] - Statement - grouplist = driver.findElements(org.openqa.selenium.By.xpath("//ul[@class='unlinked-grouplist']/li")): null

2018-07-05 21:08:44 - [TEST_STEP][PASSED] - delay: Delayed 10 second(s)

2018-07-05 21:08:54 - [MESSAGE][PASSED] - Delayed 10 second(s)

2018-07-05 21:08:54 - [TEST_STEP][PASSED] - Statement - For ([i = 0, i < grouplist.size(), (i++)]): null

2018-07-05 21:08:54 - [TEST_STEP][PASSED] - Statement - println(grouplist.get(i).getText()): null

2018-07-05 21:08:54 - [TEST_STEP][PASSED] - Statement - If (grouplist.get(i).getText().contains(storeValue.trim())): null

2018-07-05 21:08:54 - [TEST_STEP][PASSED] - Statement - println(grouplist.get(i).getText()): null

2018-07-05 21:08:54 - [TEST_STEP][PASSED] - Statement - If (grouplist.get(i).getText().contains(storeValue.trim())): null

2018-07-05 21:08:54 - [TEST_STEP][PASSED] - Statement - println(grouplist.get(i).getText()): null

2018-07-05 21:08:54 - [TEST_STEP][PASSED] - Statement - If (grouplist.get(i).getText().contains(storeValue.trim())): null

2018-07-05 21:08:54 - [TEST_STEP][PASSED] - Statement - println(grouplist.get(i).getText()): null

2018-07-05 21:08:54 - [TEST_STEP][PASSED] - Statement - If (grouplist.get(i).getText().contains(storeValue.trim())): null

2018-07-05 21:08:54 - [TEST_STEP][PASSED] - Statement - println(grouplist.get(i).getText()): null

2018-07-05 21:08:55 - [TEST_STEP][PASSED] - Statement - If (grouplist.get(i).getText().contains(storeValue.trim())): null

2018-07-05 21:08:55 - [TEST_STEP][PASSED] - Statement - println(grouplist.get(i).getText()): null

2018-07-05 21:08:55 - [TEST_STEP][PASSED] - Statement - If (grouplist.get(i).getText().contains(storeValue.trim())): null

2018-07-05 21:08:55 - [TEST_STEP][PASSED] - Statement - println(grouplist.get(i).getText()): null

2018-07-05 21:08:55 - [TEST_STEP][PASSED] - Statement - If (grouplist.get(i).getText().contains(storeValue.trim())): null

2018-07-05 21:08:55 - [TEST_STEP][PASSED] - Statement - println(grouplist.get(i).getText()): null

2018-07-05 21:08:55 - [TEST_STEP][PASSED] - Statement - If (grouplist.get(i).getText().contains(storeValue.trim())): null

2018-07-05 21:08:55 - [TEST_STEP][PASSED] - Statement - println(grouplist.get(i).getText()): null

2018-07-05 21:08:55 - [TEST_STEP][PASSED] - Statement - If (grouplist.get(i).getText().contains(storeValue.trim())): null

2018-07-05 21:08:55 - [TEST_STEP][PASSED] - Statement - println(grouplist.get(i).getText()): null

2018-07-05 21:08:55 - [TEST_STEP][PASSED] - Statement - If (grouplist.get(i).getText().contains(storeValue.trim())): null

2018-07-05 21:08:55 - [TEST_STEP][PASSED] - Statement - println(grouplist.get(i).getText()): null

2018-07-05 21:08:55 - [TEST_STEP][PASSED] - Statement - If (grouplist.get(i).getText().contains(storeValue.trim())): null

2018-07-05 21:08:55 - [TEST_STEP][PASSED] - Statement - println(grouplist.get(i).getText()): null

2018-07-05 21:08:55 - [TEST_STEP][PASSED] - Statement - If (grouplist.get(i).getText().contains(storeValue.trim())): null

2018-07-05 21:08:55 - [TEST_STEP][PASSED] - Statement - println(grouplist.get(i).getText()): null

2018-07-05 21:08:55 - [TEST_STEP][PASSED] - Statement - If (grouplist.get(i).getText().contains(storeValue.trim())): null

2018-07-05 21:08:55 - [TEST_STEP][PASSED] - Statement - println(grouplist.get(i).getText()): null

2018-07-05 21:08:55 - [TEST_STEP][PASSED] - Statement - If (grouplist.get(i).getText().contains(storeValue.trim())): null

2018-07-05 21:08:55 - [TEST_STEP][PASSED] - Statement - println(grouplist.get(i).getText()): null

2018-07-05 21:08:55 - [TEST_STEP][PASSED] - Statement - If (grouplist.get(i).getText().contains(storeValue.trim())): null

2018-07-05 21:08:55 - [TEST_STEP][PASSED] - Statement - println(grouplist.get(i).getText()): null

2018-07-05 21:08:55 - [TEST_STEP][PASSED] - Statement - If (grouplist.get(i).getText().contains(storeValue.trim())): null

2018-07-05 21:08:55 - [TEST_STEP][PASSED] - Statement - println(grouplist.get(i).getText()): null

2018-07-05 21:08:55 - [TEST_STEP][PASSED] - Statement - If (grouplist.get(i).getText().contains(storeValue.trim())): null

2018-07-05 21:08:55 - [TEST_STEP][PASSED] - Statement - println(grouplist.get(i).getText()): null

2018-07-05 21:08:55 - [TEST_STEP][PASSED] - Statement - If (grouplist.get(i).getText().contains(storeValue.trim())): null

2018-07-05 21:08:55 - [TEST_STEP][PASSED] - Statement - println(grouplist.get(i).getText()): null

2018-07-05 21:08:55 - [TEST_STEP][PASSED] - Statement - If (grouplist.get(i).getText().contains(storeValue.trim())): null

2018-07-05 21:08:55 - [TEST_STEP][PASSED] - Statement - println(grouplist.get(i).getText()): null

2018-07-05 21:08:55 - [TEST_STEP][PASSED] - Statement - If (grouplist.get(i).getText().contains(storeValue.trim())): null

2018-07-05 21:08:55 - [TEST_STEP][PASSED] - Statement - println(grouplist.get(i).getText()): null

2018-07-05 21:08:55 - [TEST_STEP][PASSED] - Statement - If (grouplist.get(i).getText().contains(storeValue.trim())): null

2018-07-05 21:08:55 - [TEST_STEP][PASSED] - Statement - println(grouplist.get(i).getText()): null

2018-07-05 21:08:55 - [TEST_STEP][PASSED] - Statement - If (grouplist.get(i).getText().contains(storeValue.trim())): null

2018-07-05 21:08:55 - [TEST_STEP][PASSED] - Statement - println(grouplist.get(i).getText()): null

2018-07-05 21:08:55 - [TEST_STEP][PASSED] - Statement - If (grouplist.get(i).getText().contains(storeValue.trim())): null

2018-07-05 21:08:55 - [TEST_STEP][PASSED] - Statement - println(grouplist.get(i).getText()): null

2018-07-05 21:08:55 - [TEST_STEP][PASSED] - Statement - If (grouplist.get(i).getText().contains(storeValue.trim())): null

2018-07-05 21:08:55 - [TEST_STEP][PASSED] - Statement - println(grouplist.get(i).getText()): null

2018-07-05 21:08:55 - [TEST_STEP][PASSED] - Statement - If (grouplist.get(i).getText().contains(storeValue.trim())): null

2018-07-05 21:08:55 - [TEST_STEP][PASSED] - Statement - println(grouplist.get(i).getText()): null

2018-07-05 21:08:55 - [TEST_STEP][PASSED] - Statement - If (grouplist.get(i).getText().contains(storeValue.trim())): null

2018-07-05 21:08:55 - [TEST_STEP][PASSED] - Statement - driver.findElement(org.openqa.selenium.By.xpath("(//ul[@class='unlinked-grouplist']/li/label)[" + i + 1 + "]")).click(): null

2018-07-05 21:08:55 - [TEST_STEP][PASSED] - Statement - driver.findElement(org.openqa.selenium.By.xpath("//button[contains(text(),'>')]")).click(): null

2018-07-05 21:08:55 - [TEST_STEP][PASSED] - Statement - Break: null

2018-07-05 21:08:55 - [TEST_STEP][PASSED] - delay: Delayed 10 second(s)

2018-07-05 21:09:05 - [MESSAGE][PASSED] - Delayed 10 second(s)

2018-07-05 21:09:05 - [TEST_STEP][PASSED] - uiaction.CommonUIActions.click: uiaction.CommonUIActions.click is PASSED

2018-07-05 21:09:05 - [MESSAGE][PASSED] - uiaction.CommonUIActions.click is PASSED

2018-07-05 21:09:05 - [TEST_STEP][PASSED] - uiaction.CommonUIActions.click: uiaction.CommonUIActions.click is PASSED

2018-07-05 21:09:05 - [MESSAGE][PASSED] - uiaction.CommonUIActions.click is PASSED

2018-07-05 21:09:05 - [TEST_STEP][PASSED] - delay: Delayed 10 second(s)

2018-07-05 21:09:15 - [MESSAGE][PASSED] - Delayed 10 second(s)

2018-07-05 21:09:15 - [TEST_STEP][PASSED] - uiaction.CommonUIActions.click: uiaction.CommonUIActions.click is PASSED

2018-07-05 21:09:16 - [MESSAGE][PASSED] - uiaction.CommonUIActions.click is PASSED

2018-07-05 21:09:16 - [TEST_STEP][PASSED] - delay: Delayed 15 second(s)

2018-07-05 21:09:31 - [MESSAGE][PASSED] - Delayed 15 second(s)

2018-07-05 21:09:31 - [TEST_STEP][PASSED] - Statement - driver.findElement(org.openqa.selenium.By.xpath("//span[contains(text(),'" + groupmain + "')]/../../../../span[1]")).click(): null

2018-07-05 21:09:31 - [TEST_STEP][PASSED] - delay: Delayed 10 second(s)

2018-07-05 21:09:41 - [MESSAGE][PASSED] - Delayed 10 second(s)

2018-07-05 21:09:41 - [TEST_STEP][PASSED] - Statement - driver.findElement(org.openqa.selenium.By.xpath("//span[contains(text(),'" + storeValue + "')]")).isDisplayed(): null

2018-07-05 21:09:41 - [TEST_STEP][PASSED] - delay: Delayed 4 second(s)

2018-07-05 21:09:45 - [MESSAGE][PASSED] - Delayed 4 second(s)

2018-07-05 21:09:45 - [TEST_STEP][PASSED] - uiaction.CommonUIActions.click: uiaction.CommonUIActions.click is PASSED

2018-07-05 21:09:45 - [MESSAGE][PASSED] - uiaction.CommonUIActions.click is PASSED

2018-07-05 21:09:45 - [TEST_STEP][PASSED] - Statement - storesCheckBoxList = driver.findElements(org.openqa.selenium.By.xpath(com.kms.katalon.core.testdata.TestDataFactory.findTestData(OR_file).getValue(2, 4))): Reading excel file with source file 'C:\Users\shalinin\Katalon Studio\HME_DEVScripts\Data Files\HME_OR.xlsx' and sheet name 'Sheet1'

2018-07-05 21:09:45 - [TEST_STEP][PASSED] - Statement - storesCheckBoxListChecked = driver.findElements(org.openqa.selenium.By.xpath(com.kms.katalon.core.testdata.TestDataFactory.findTestData(OR_file).getValue(2, 14))): Reading excel file with source file 'C:\Users\shalinin\Katalon Studio\HME_DEVScripts\Data Files\HME_OR.xlsx' and sheet name 'Sheet1'

2018-07-05 21:09:45 - [TEST_STEP][PASSED] - Statement - If (storesCheckBoxList.size() == storesCheckBoxListChecked.size()): null

2018-07-05 21:09:45 - [TEST_STEP][PASSED] - Statement - out.println("All Store checkboxes are checked after selecting SelectAll button"): null

2018-07-05 21:09:45 - [TEST_STEP][PASSED] - delay: Delayed 4 second(s)

2018-07-05 21:09:49 - [MESSAGE][PASSED] - Delayed 4 second(s)

2018-07-05 21:09:49 - [TEST_STEP][PASSED] - uiaction.CommonUIActions.click: uiaction.CommonUIActions.click is PASSED

2018-07-05 21:09:49 - [MESSAGE][PASSED] - uiaction.CommonUIActions.click is PASSED

2018-07-05 21:09:49 - [TEST_STEP][PASSED] - delay: Delayed 4 second(s)

2018-07-05 21:09:53 - [MESSAGE][PASSED] - Delayed 4 second(s)

2018-07-05 21:09:53 - [TEST_STEP][PASSED] - Statement - driver.findElement(org.openqa.selenium.By.xpath("//span[contains(text(),'" + groupmain + "')]/../../../../span[2]")).click(): null

2018-07-05 21:09:53 - [TEST_STEP][PASSED] - Statement - defaulttimemeasureoption = CustomKeywords.uiaction.CommonUIActions.getText(com.kms.katalon.core.testobject.ObjectRepository.findTestObject(ReportsPage/defaulttimemeasujreoptiondisplayed)): uiaction.CommonUIActions.getText is PASSED

2018-07-05 21:09:54 - [MESSAGE][PASSED] - uiaction.CommonUIActions.getText is PASSED

2018-07-05 21:09:54 - [TEST_STEP][PASSED] - Statement - If (defaulttimemeasureoption == "Day"): null

2018-07-05 21:09:54 - [TEST_STEP][PASSED] - Statement - out.println("Default time measure value displayed as 'Day' "): null

2018-07-05 21:09:54 - [TEST_STEP][PASSED] - Statement - timemeasureoptions = driver.findElements(org.openqa.selenium.By.xpath("//select[@class='time-measures']/option")): null

2018-07-05 21:09:54 - [TEST_STEP][PASSED] - Statement - timemeasureoption_excel = CustomKeywords.projectSpecific.Reusability.getTestData("ReportsPage", "timemeasureoptions"): projectSpecific.Reusability.getTestData is PASSED

2018-07-05 21:09:54 - [MESSAGE][PASSED] - projectSpecific.Reusability.getTestData is PASSED

2018-07-05 21:09:54 - [TEST_STEP][PASSED] - Statement - timemeasureoption_excelsplit = timemeasureoption_excel.split(","): null

2018-07-05 21:09:54 - [TEST_STEP][PASSED] - Statement - For ([i = 0, i < timemeasureoptions.size(), (i++)]): null

2018-07-05 21:09:54 - [TEST_STEP][PASSED] - Statement - If (timemeasureoptions.get(i).getText() == timemeasureoption_excelsplit[i]): null

2018-07-05 21:09:54 - [TEST_STEP][PASSED] - Statement - out.println("Options are displayed correctly "): null

2018-07-05 21:09:54 - [TEST_STEP][PASSED] - Statement - If (timemeasureoptions.get(i).getText() == timemeasureoption_excelsplit[i]): null

2018-07-05 21:09:54 - [TEST_STEP][PASSED] - Statement - out.println("Options are displayed correctly "): null

2018-07-05 21:09:54 - [TEST_STEP][PASSED] - Statement - If (timemeasureoptions.get(i).getText() == timemeasureoption_excelsplit[i]): null

2018-07-05 21:09:54 - [TEST_STEP][PASSED] - Statement - out.println("Options are displayed correctly "): null

2018-07-05 21:09:54 - [TEST_STEP][PASSED] - Statement - If (timemeasureoptions.get(i).getText() == timemeasureoption_excelsplit[i]): null

2018-07-05 21:09:54 - [TEST_STEP][PASSED] - Statement - out.println("Options are displayed correctly "): null

2018-07-05 21:09:54 - [TEST_STEP][PASSED] - Statement - default_from_date = CustomKeywords.uiaction.CommonUIActions.getAttribute(com.kms.katalon.core.testobject.ObjectRepository.findTestObject(ReportsPage/Fromdatedisplay), "value"): uiaction.CommonUIActions.getAttribute is PASSED

2018-07-05 21:09:54 - [MESSAGE][PASSED] - Attribute 'value' of object 'Object Repository/ReportsPage/Fromdatedisplay' is: '07/05/2018'

2018-07-05 21:09:54 - [MESSAGE][PASSED] - uiaction.CommonUIActions.getAttribute is PASSED

2018-07-05 21:09:54 - [TEST_STEP][PASSED] - Statement - default_to_date = CustomKeywords.uiaction.CommonUIActions.getAttribute(com.kms.katalon.core.testobject.ObjectRepository.findTestObject(ReportsPage/reporttodatedisplayed), "value"): uiaction.CommonUIActions.getAttribute is PASSED

2018-07-05 21:09:54 - [MESSAGE][PASSED] - Attribute 'value' of object 'Object Repository/ReportsPage/reporttodatedisplayed' is: '07/05/2018'

2018-07-05 21:09:54 - [MESSAGE][PASSED] - uiaction.CommonUIActions.getAttribute is PASSED

2018-07-05 21:09:54 - [TEST_STEP][PASSED] - Statement - dateFormat = new java.text.SimpleDateFormat(MM/dd/yyyy): null

2018-07-05 21:09:54 - [TEST_STEP][PASSED] - Statement - date = new java.util.Date(): null

2018-07-05 21:09:54 - [TEST_STEP][PASSED] - Statement - fromdate = dateFormat.format(date): null

2018-07-05 21:09:54 - [TEST_STEP][PASSED] - Statement - If (default_from_date == fromdate): null

2018-07-05 21:09:54 - [TEST_STEP][PASSED] - Statement - out.println("From date is displayed current date "): null

2018-07-05 21:09:54 - [TEST_STEP][PASSED] - Statement - If (default_to_date == fromdate): null

2018-07-05 21:09:54 - [TEST_STEP][PASSED] - Statement - out.println("To date is displayed current date "): null

2018-07-05 21:09:54 - [TEST_STEP][PASSED] - uiaction.CommonUIActions.click: uiaction.CommonUIActions.click is PASSED

2018-07-05 21:09:54 - [MESSAGE][PASSED] - uiaction.CommonUIActions.click is PASSED

2018-07-05 21:09:54 - [TEST_STEP][PASSED] - Statement - opencheckbox = CustomKeywords.uiaction.CommonUIActions.isEnabled(com.kms.katalon.core.testobject.ObjectRepository.findTestObject(ReportsPage/Report_opencheckbox)): uiaction.CommonUIActions.isEnabled is PASSED

2018-07-05 21:09:54 - [MESSAGE][PASSED] - uiaction.CommonUIActions.isEnabled is PASSED

2018-07-05 21:09:54 - [TEST_STEP][PASSED] - Statement - If (!(opencheckbox)): null

2018-07-05 21:09:54 - [TEST_STEP][PASSED] - Statement - out.println("Open checkbox is checked bydefault"): null

2018-07-05 21:09:54 - [TEST_STEP][PASSED] - uiaction.CommonUIActions.click: uiaction.CommonUIActions.click is PASSED

2018-07-05 21:09:54 - [MESSAGE][PASSED] - uiaction.CommonUIActions.click is PASSED

2018-07-05 21:09:54 - [TEST_STEP][PASSED] - uiaction.CommonUIActions.click: uiaction.CommonUIActions.click is PASSED

2018-07-05 21:09:54 - [MESSAGE][PASSED] - uiaction.CommonUIActions.click is PASSED

2018-07-05 21:09:54 - [TEST_STEP][PASSED] - verifyElementPresent: Object 'Object Repository/ReportsPage/advancedoption_am' is present

2018-07-05 21:09:54 - [MESSAGE][PASSED] - Object 'Object Repository/ReportsPage/advancedoption_am' is present

2018-07-05 21:09:54 - [TEST_STEP][PASSED] - verifyElementPresent: Object 'Object Repository/ReportsPage/advanceoptions_pm' is present

2018-07-05 21:09:54 - [MESSAGE][PASSED] - Object 'Object Repository/ReportsPage/advanceoptions_pm' is present

2018-07-05 21:09:54 - [TEST_STEP][PASSED] - Statement - driver.findElement(org.openqa.selenium.By.xpath("(//span[contains(text(),'?')])[3]")).click(): null

2018-07-05 21:09:54 - [TEST_STEP][PASSED] - uiaction.CommonUIActions.click: uiaction.CommonUIActions.click is PASSED

2018-07-05 21:09:54 - [MESSAGE][PASSED] - uiaction.CommonUIActions.click is PASSED

2018-07-05 21:09:54 - [TEST_STEP][PASSED] - verifyElementPresent: Object 'Object Repository/ReportsPage/type_timeslice' is present

2018-07-05 21:09:54 - [MESSAGE][PASSED] - Object 'Object Repository/ReportsPage/type_timeslice' is present

2018-07-05 21:09:54 - [TEST_STEP][PASSED] - verifyElementPresent: Object 'Object Repository/ReportsPage/Type_Cumulative' is present

2018-07-05 21:09:54 - [MESSAGE][PASSED] - Object 'Object Repository/ReportsPage/Type_Cumulative' is present

2018-07-05 21:09:54 - [TEST_STEP][PASSED] - Statement - cumulativecheckbox = CustomKeywords.uiaction.CommonUIActions.isEnabled(com.kms.katalon.core.testobject.ObjectRepository.findTestObject(ReportsPage/Type_Cumulative)): uiaction.CommonUIActions.isEnabled is PASSED

2018-07-05 21:09:54 - [MESSAGE][PASSED] - uiaction.CommonUIActions.isEnabled is PASSED

2018-07-05 21:09:54 - [TEST_STEP][PASSED] - Statement - If (cumulativecheckbox): null

2018-07-05 21:09:54 - [TEST_STEP][PASSED] - Statement - out.println("Cumulative checkbox is checked bydefault"): null

2018-07-05 21:09:54 - [TEST_STEP][PASSED] - verifyElementPresent: Object 'Object Repository/ReportsPage/Include_logesttime' is present

2018-07-05 21:09:54 - [MESSAGE][PASSED] - Object 'Object Repository/ReportsPage/Include_logesttime' is present

2018-07-05 21:09:54 - [TEST_STEP][PASSED] - verifyElementPresent: Object 'Object Repository/ReportsPage/Include_systemstatestics' is present

2018-07-05 21:09:54 - [MESSAGE][PASSED] - Object 'Object Repository/ReportsPage/Include_systemstatestics' is present

2018-07-05 21:09:54 - [TEST_STEP][PASSED] - verifyElementPresent: Object 'Object Repository/ReportsPage/Format_secands' is present

2018-07-05 21:09:54 - [MESSAGE][PASSED] - Object 'Object Repository/ReportsPage/Format_secands' is present

2018-07-05 21:09:54 - [TEST_STEP][PASSED] - verifyElementPresent: Object 'Object Repository/ReportsPage/Format_minute' is present

2018-07-05 21:09:54 - [MESSAGE][PASSED] - Object 'Object Repository/ReportsPage/Format_minute' is present

2018-07-05 21:09:54 - [TEST_STEP][PASSED] - verifyElementPresent: Object 'Object Repository/ReportsPage/Report_savedreport' is present

2018-07-05 21:09:54 - [MESSAGE][PASSED] - Object 'Object Repository/ReportsPage/Report_savedreport' is present

2018-07-05 21:09:54 - [TEST_STEP][PASSED] - Statement - fromdatecritiria = CustomKeywords.uiaction.CommonUIActions.getText(com.kms.katalon.core.testobject.ObjectRepository.findTestObject(ReportsPage/critiria_fromdate)): uiaction.CommonUIActions.getText is PASSED

2018-07-05 21:09:54 - [MESSAGE][PASSED] - uiaction.CommonUIActions.getText is PASSED

2018-07-05 21:09:54 - [TEST_STEP][PASSED] - Statement - fromdatecritiriasplit = fromdatecritiria.split(":"): null

2018-07-05 21:09:54 - [TEST_STEP][PASSED] - Statement - If (fromdatecritiriasplit[1] == fromdate): null

2018-07-05 21:09:54 - [TEST_STEP][PASSED] - Statement - out.println("From date displaying current date"): null

2018-07-05 21:09:54 - [TEST_STEP][PASSED] - Statement - todatecritiria = CustomKeywords.uiaction.CommonUIActions.getText(com.kms.katalon.core.testobject.ObjectRepository.findTestObject(ReportsPage/critiria_todate)): uiaction.CommonUIActions.getText is PASSED

2018-07-05 21:09:55 - [MESSAGE][PASSED] - uiaction.CommonUIActions.getText is PASSED

2018-07-05 21:09:55 - [TEST_STEP][PASSED] - Statement - todatecritiriasplit = todatecritiria.split(":"): null

2018-07-05 21:09:55 - [TEST_STEP][PASSED] - Statement - If (todatecritiriasplit[1] == fromdate): null

2018-07-05 21:09:55 - [TEST_STEP][PASSED] - Statement - out.println("To date displaying current date"): null

2018-07-05 21:09:55 - [TEST_STEP][PASSED] - verifyElementPresent: Object 'Object Repository/ReportsPage/report_saveastemplate' is present

2018-07-05 21:09:55 - [MESSAGE][PASSED] - Object 'Object Repository/ReportsPage/report_saveastemplate' is present

2018-07-05 21:09:55 - [TEST_STEP][PASSED] - verifyElementPresent: Object 'Object Repository/ReportsPage/templatename_field' is present

2018-07-05 21:09:55 - [MESSAGE][PASSED] - Object 'Object Repository/ReportsPage/templatename_field' is present

2018-07-05 21:09:55 - [TEST_STEP][PASSED] - delay: Delayed 5 second(s)

2018-07-05 21:10:00 - [MESSAGE][PASSED] - Delayed 5 second(s)

2018-07-05 21:10:00 - [TEST_STEP][PASSED] - click: Object: 'Object Repository/ReportsPage/fromDateSelector' is clicked on

2018-07-05 21:10:00 - [MESSAGE][PASSED] - Object: 'Object Repository/ReportsPage/fromDateSelector' is clicked on

2018-07-05 21:10:00 - [TEST_STEP][PASSED] - delay: Delayed 5 second(s)

2018-07-05 21:10:05 - [MESSAGE][PASSED] - Delayed 5 second(s)

2018-07-05 21:10:05 - [TEST_STEP][PASSED] - Statement - monthText = com.kms.katalon.core.webui.keyword.WebUiBuiltInKeywords.getText(com.kms.katalon.core.testobject.ObjectRepository.findTestObject(ReportsPage/monthText)): Text of object 'Object Repository/ReportsPage/monthText' is: 'July 2018'

2018-07-05 21:10:05 - [MESSAGE][PASSED] - Text of object 'Object Repository/ReportsPage/monthText' is: 'July 2018'

2018-07-05 21:10:05 - [TEST_STEP][PASSED] - Statement - monthTextArray = monthText.split(" "): null

2018-07-05 21:10:05 - [TEST_STEP][PASSED] - Statement - month = monthTextArray[0]: null

2018-07-05 21:10:05 - [TEST_STEP][PASSED] - Statement - monthTextValue = CustomKeywords.projectSpecific.Reusability.getTestData("ReportsPage", "Month_May"): projectSpecific.Reusability.getTestData is PASSED

2018-07-05 21:10:05 - [MESSAGE][PASSED] - projectSpecific.Reusability.getTestData is PASSED

2018-07-05 21:10:05 - [TEST_STEP][PASSED] - Statement - If (!(monthTextValue.equals(month))): null

2018-07-05 21:10:05 - [TEST_STEP][PASSED] - Statement - While (!(monthTextValue.equals(month))): null

2018-07-05 21:10:05 - [TEST_STEP][PASSED] - click: Object: 'Object Repository/ReportsPage/previousDateSelector' is clicked on

2018-07-05 21:10:05 - [MESSAGE][PASSED] - Object: 'Object Repository/ReportsPage/previousDateSelector' is clicked on

2018-07-05 21:10:05 - [TEST_STEP][PASSED] - Statement - monthText = com.kms.katalon.core.webui.keyword.WebUiBuiltInKeywords.getText(com.kms.katalon.core.testobject.ObjectRepository.findTestObject(ReportsPage/monthText)): Text of object 'Object Repository/ReportsPage/monthText' is: 'June 2018'

2018-07-05 21:10:05 - [MESSAGE][PASSED] - Text of object 'Object Repository/ReportsPage/monthText' is: 'June 2018'

2018-07-05 21:10:05 - [TEST_STEP][PASSED] - Statement - monthTextArray = monthText.split(" "): null

2018-07-05 21:10:05 - [TEST_STEP][PASSED] - Statement - month = monthTextArray[0]: null

2018-07-05 21:10:05 - [TEST_STEP][PASSED] - click: Object: 'Object Repository/ReportsPage/previousDateSelector' is clicked on

2018-07-05 21:10:05 - [MESSAGE][PASSED] - Object: 'Object Repository/ReportsPage/previousDateSelector' is clicked on

2018-07-05 21:10:05 - [TEST_STEP][PASSED] - Statement - monthText = com.kms.katalon.core.webui.keyword.WebUiBuiltInKeywords.getText(com.kms.katalon.core.testobject.ObjectRepository.findTestObject(ReportsPage/monthText)): Text of object 'Object Repository/ReportsPage/monthText' is: 'May 2018'

2018-07-05 21:10:05 - [MESSAGE][PASSED] - Text of object 'Object Repository/ReportsPage/monthText' is: 'May 2018'

2018-07-05 21:10:05 - [TEST_STEP][PASSED] - Statement - monthTextArray = monthText.split(" "): null

2018-07-05 21:10:05 - [TEST_STEP][PASSED] - Statement - month = monthTextArray[0]: null

2018-07-05 21:10:05 - [TEST_STEP][PASSED] - Statement - data = CustomKeywords.projectSpecific.Reusability.getTestData("ReportsPage", "EndDate6"): projectSpecific.Reusability.getTestData is PASSED

2018-07-05 21:10:05 - [MESSAGE][PASSED] - projectSpecific.Reusability.getTestData is PASSED

2018-07-05 21:10:05 - [TEST_STEP][PASSED] - Statement - startDate = "(//td[text()='" + data + "'])[1]": null

2018-07-05 21:10:05 - [TEST_STEP][PASSED] - Statement - println(startDate): null

2018-07-05 21:10:05 - [TEST_STEP][PASSED] - Statement - startdateEle = driver.findElement(org.openqa.selenium.By.xpath(startDate)): null

2018-07-05 21:10:05 - [TEST_STEP][PASSED] - Statement - startdateEle.click(): null

2018-07-05 21:10:05 - [TEST_STEP][PASSED] - delay: Delayed 5 second(s)

2018-07-05 21:10:10 - [MESSAGE][PASSED] - Delayed 5 second(s)

2018-07-05 21:10:10 - [TEST_STEP][PASSED] - click: Object: 'Object Repository/ReportsPage/toDateSelector' is clicked on

2018-07-05 21:10:10 - [MESSAGE][PASSED] - Object: 'Object Repository/ReportsPage/toDateSelector' is clicked on

2018-07-05 21:10:10 - [TEST_STEP][PASSED] - Statement - monthText = com.kms.katalon.core.webui.keyword.WebUiBuiltInKeywords.getText(com.kms.katalon.core.testobject.ObjectRepository.findTestObject(ReportsPage/monthText2)): Text of object 'Object Repository/ReportsPage/monthText2' is: 'July 2018'

2018-07-05 21:10:10 - [MESSAGE][PASSED] - Text of object 'Object Repository/ReportsPage/monthText2' is: 'July 2018'

2018-07-05 21:10:10 - [TEST_STEP][PASSED] - Statement - monthTextArray = monthText.split(" "): null

2018-07-05 21:10:10 - [TEST_STEP][PASSED] - Statement - month = monthTextArray[0]: null

2018-07-05 21:10:10 - [TEST_STEP][PASSED] - Statement - If (!(monthTextValue.equals(month))): null

2018-07-05 21:10:10 - [TEST_STEP][PASSED] - Statement - While (!(monthTextValue.equals(month))): null

2018-07-05 21:10:10 - [TEST_STEP][PASSED] - click: Object: 'Object Repository/ReportsPage/previousDateSelector2' is clicked on

2018-07-05 21:10:10 - [MESSAGE][PASSED] - Object: 'Object Repository/ReportsPage/previousDateSelector2' is clicked on

2018-07-05 21:10:10 - [TEST_STEP][PASSED] - Statement - monthText = com.kms.katalon.core.webui.keyword.WebUiBuiltInKeywords.getText(com.kms.katalon.core.testobject.ObjectRepository.findTestObject(ReportsPage/monthText2)): Text of object 'Object Repository/ReportsPage/monthText2' is: 'June 2018'

2018-07-05 21:10:10 - [MESSAGE][PASSED] - Text of object 'Object Repository/ReportsPage/monthText2' is: 'June 2018'

2018-07-05 21:10:10 - [TEST_STEP][PASSED] - Statement - monthTextArray = monthText.split(" "): null

2018-07-05 21:10:10 - [TEST_STEP][PASSED] - Statement - month = monthTextArray[0]: null

2018-07-05 21:10:10 - [TEST_STEP][PASSED] - click: Object: 'Object Repository/ReportsPage/previousDateSelector2' is clicked on

2018-07-05 21:10:10 - [MESSAGE][PASSED] - Object: 'Object Repository/ReportsPage/previousDateSelector2' is clicked on

2018-07-05 21:10:10 - [TEST_STEP][PASSED] - Statement - monthText = com.kms.katalon.core.webui.keyword.WebUiBuiltInKeywords.getText(com.kms.katalon.core.testobject.ObjectRepository.findTestObject(ReportsPage/monthText2)): Text of object 'Object Repository/ReportsPage/monthText2' is: 'May 2018'

2018-07-05 21:10:10 - [MESSAGE][PASSED] - Text of object 'Object Repository/ReportsPage/monthText2' is: 'May 2018'

2018-07-05 21:10:10 - [TEST_STEP][PASSED] - Statement - monthTextArray = monthText.split(" "): null

2018-07-05 21:10:10 - [TEST_STEP][PASSED] - Statement - month = monthTextArray[0]: null

2018-07-05 21:10:10 - [TEST_STEP][PASSED] - Statement - endDate = CustomKeywords.projectSpecific.Reusability.getTestData("ReportsPage", "EndDate6"): projectSpecific.Reusability.getTestData is PASSED

2018-07-05 21:10:10 - [MESSAGE][PASSED] - projectSpecific.Reusability.getTestData is PASSED

2018-07-05 21:10:10 - [TEST_STEP][PASSED] - Statement - toDate = "(//td[text()='" + endDate + "'])[2]": null

2018-07-05 21:10:10 - [TEST_STEP][PASSED] - Statement - toDateEle = driver.findElement(org.openqa.selenium.By.xpath(toDate)): null

2018-07-05 21:10:10 - [TEST_STEP][PASSED] - Statement - toDateEle.click(): null

2018-07-05 21:10:11 - [TEST_STEP][PASSED] - delay: Delayed 5 second(s)

2018-07-05 21:10:16 - [MESSAGE][PASSED] - Delayed 5 second(s)

2018-07-05 21:10:16 - [TEST_STEP][PASSED] - Statement - dateAttr = com.kms.katalon.core.webui.keyword.WebUiBuiltInKeywords.getAttribute(com.kms.katalon.core.testobject.ObjectRepository.findTestObject(ReportsPage/selectedDate1), "value"): Attribute 'value' of object 'Object Repository/ReportsPage/selectedDate1' is: '05/15/2018'

2018-07-05 21:10:16 - [MESSAGE][PASSED] - Attribute 'value' of object 'Object Repository/ReportsPage/selectedDate1' is: '05/15/2018'

2018-07-05 21:10:16 - [TEST_STEP][PASSED] - Statement - fromDateValue = CustomKeywords.projectSpecific.Reusability.getTestData("ReportsPage", "May_SelectedDate"): projectSpecific.Reusability.getTestData is PASSED

2018-07-05 21:10:16 - [MESSAGE][PASSED] - projectSpecific.Reusability.getTestData is PASSED

2018-07-05 21:10:16 - [TEST_STEP][PASSED] - Statement - If (!(dateAttr.equals(fromDateValue))): null

2018-07-05 21:10:16 - [TEST_STEP][PASSED] - Statement - dateAttr = com.kms.katalon.core.webui.keyword.WebUiBuiltInKeywords.getAttribute(com.kms.katalon.core.testobject.ObjectRepository.findTestObject(ReportsPage/selectedDate2), "value"): Attribute 'value' of object 'Object Repository/ReportsPage/selectedDate2' is: '05/15/2018'

2018-07-05 21:10:16 - [MESSAGE][PASSED] - Attribute 'value' of object 'Object Repository/ReportsPage/selectedDate2' is: '05/15/2018'

2018-07-05 21:10:16 - [TEST_STEP][PASSED] - Statement - toDateValue = CustomKeywords.projectSpecific.Reusability.getTestData("ReportsPage", "May_SelectedDate"): projectSpecific.Reusability.getTestData is PASSED

2018-07-05 21:10:16 - [MESSAGE][PASSED] - projectSpecific.Reusability.getTestData is PASSED

2018-07-05 21:10:16 - [TEST_STEP][PASSED] - Statement - If (!(dateAttr.equals(toDateValue))): null

2018-07-05 21:10:16 - [TEST_STEP][PASSED] - verifyElementPresent: Object 'Object Repository/ReportsPage/report_submit' is present

2018-07-05 21:10:16 - [MESSAGE][PASSED] - Object 'Object Repository/ReportsPage/report_submit' is present

2018-07-05 21:10:16 - [TEST_STEP][PASSED] - click: Object: 'Object Repository/ReportsPage/report_submit' is clicked on

2018-07-05 21:10:16 - [MESSAGE][PASSED] - Object: 'Object Repository/ReportsPage/report_submit' is clicked on

2018-07-05 21:10:16 - [TEST_STEP][PASSED] - delay: Delayed 15 second(s)

2018-07-05 21:10:31 - [MESSAGE][PASSED] - Delayed 15 second(s)

2018-07-05 21:10:31 - [TEST_STEP][PASSED] - Statement - summHeading = CustomKeywords.projectSpecific.Reusability.getTestData("SummarizedReportPage", "Goalstatestics"): projectSpecific.Reusability.getTestData is PASSED

2018-07-05 21:10:31 - [MESSAGE][PASSED] - projectSpecific.Reusability.getTestData is PASSED

2018-07-05 21:10:31 - [TEST_STEP][PASSED] - delay: Delayed 10 second(s)

2018-07-05 21:10:41 - [MESSAGE][PASSED] - Delayed 10 second(s)

2018-07-05 21:10:41 - [TEST_STEP][PASSED] - verifyElementText: Actual text and expected text of test object 'Object Repository/SummarizedReportPage/report_goal_stastics' are matched.

2018-07-05 21:10:41 - [MESSAGE][PASSED] - Actual text and expected text of test object 'Object Repository/SummarizedReportPage/report_goal_stastics' are matched.

2018-07-05 21:10:41 - [TEST_STEP][PASSED] - delay: Delayed 5 second(s)

2018-07-05 21:10:46 - [MESSAGE][PASSED] - Delayed 5 second(s)

2018-07-05 21:10:46 - [TEST_STEP][PASSED] - uiaction.CommonUIActions.click: uiaction.CommonUIActions.click is PASSED

2018-07-05 21:10:49 - [MESSAGE][PASSED] - uiaction.CommonUIActions.click is PASSED

2018-07-05 21:10:49 - [TEST_STEP][PASSED] - delay: Delayed 5 second(s)

2018-07-05 21:10:54 - [MESSAGE][PASSED] - Delayed 5 second(s)

2018-07-05 21:10:54 - [TEST_STEP][PASSED] - uiaction.CommonUIActions.click: uiaction.CommonUIActions.click is PASSED

2018-07-05 21:11:06 - [MESSAGE][PASSED] - uiaction.CommonUIActions.click is PASSED

2018-07-05 21:11:06 - [TEST_STEP][PASSED] - delay: Delayed 5 second(s)

2018-07-05 21:11:11 - [MESSAGE][PASSED] - Delayed 5 second(s)

2018-07-05 21:11:11 - [TEST_STEP][PASSED] - uiaction.CommonUIActions.click: uiaction.CommonUIActions.click is PASSED

2018-07-05 21:11:11 - [MESSAGE][PASSED] - uiaction.CommonUIActions.click is PASSED

2018-07-05 21:11:11 - [TEST_STEP][PASSED] - delay: Delayed 5 second(s)

2018-07-05 21:11:16 - [MESSAGE][PASSED] - Delayed 5 second(s)

2018-07-05 21:11:16 - [TEST_STEP][PASSED] - uiaction.CommonUIActions.click: uiaction.CommonUIActions.click is PASSED

2018-07-05 21:11:16 - [MESSAGE][PASSED] - uiaction.CommonUIActions.click is PASSED

2018-07-05 21:11:16 - [TEST_STEP][PASSED] - delay: Delayed 5 second(s)

2018-07-05 21:11:21 - [MESSAGE][PASSED] - Delayed 5 second(s)

2018-07-05 21:11:21 - [TEST_STEP][PASSED] - uiaction.CommonUIActions.click: uiaction.CommonUIActions.click is PASSED

2018-07-05 21:11:22 - [MESSAGE][PASSED] - uiaction.CommonUIActions.click is PASSED

2018-07-05 21:11:22 - [TEST_STEP][PASSED] - uiaction.CommonUIActions.click: uiaction.CommonUIActions.click is PASSED

2018-07-05 21:11:22 - [MESSAGE][PASSED] - uiaction.CommonUIActions.click is PASSED

2018-07-05 21:11:22 - [TEST_STEP][PASSED] - uiaction.CommonUIActions.back: uiaction.CommonUIActions.back is PASSED

2018-07-05 21:11:22 - [MESSAGE][PASSED] - Navigate back successfully

2018-07-05 21:11:22 - [MESSAGE][PASSED] - uiaction.CommonUIActions.back is PASSED

2018-07-05 21:11:22 - [TEST_STEP][PASSED] - delay: Delayed 5 second(s)

2018-07-05 21:11:27 - [MESSAGE][PASSED] - Delayed 5 second(s)

2018-07-05 21:11:27 - [TEST_STEP][PASSED] - uiaction.CommonUIActions.back: uiaction.CommonUIActions.back is PASSED

2018-07-05 21:11:27 - [MESSAGE][PASSED] - Navigate back successfully

2018-07-05 21:11:27 - [MESSAGE][PASSED] - uiaction.CommonUIActions.back is PASSED

2018-07-05 21:11:27 - [TEST_STEP][PASSED] - delay: Delayed 5 second(s)

2018-07-05 21:11:32 - [MESSAGE][PASSED] - Delayed 5 second(s)

2018-07-05 21:11:32 - [TEST_STEP][PASSED] - uiaction.CommonUIActions.click: uiaction.CommonUIActions.click is PASSED

2018-07-05 21:11:32 - [MESSAGE][PASSED] - uiaction.CommonUIActions.click is PASSED

2018-07-05 21:11:32 - [TEST_STEP][PASSED] - uiaction.CommonUIActions.click: uiaction.CommonUIActions.click is PASSED

2018-07-05 21:11:32 - [MESSAGE][PASSED] - uiaction.CommonUIActions.click is PASSED

2018-07-05 21:11:32 - [TEST_STEP][PASSED] - uiaction.CommonUIActions.click: uiaction.CommonUIActions.click is PASSED

2018-07-05 21:11:32 - [MESSAGE][PASSED] - uiaction.CommonUIActions.click is PASSED

2018-07-05 21:11:32 - [TEST_STEP][PASSED] - uiaction.CommonUIActions.back: uiaction.CommonUIActions.back is PASSED

2018-07-05 21:11:32 - [MESSAGE][PASSED] - Navigate back successfully

2018-07-05 21:11:32 - [MESSAGE][PASSED] - uiaction.CommonUIActions.back is PASSED

2018-07-05 21:11:32 - [TEST_STEP][PASSED] - delay: Delayed 5 second(s)

2018-07-05 21:11:37 - [MESSAGE][PASSED] - Delayed 5 second(s)

2018-07-05 21:11:37 - [TEST_STEP][PASSED] - uiaction.CommonUIActions.back: uiaction.CommonUIActions.back is PASSED

2018-07-05 21:11:37 - [MESSAGE][PASSED] - Navigate back successfully

2018-07-05 21:11:37 - [MESSAGE][PASSED] - uiaction.CommonUIActions.back is PASSED

2018-07-05 21:11:37 - [TEST_STEP][PASSED] - delay: Delayed 5 second(s)

2018-07-05 21:11:42 - [MESSAGE][PASSED] - Delayed 5 second(s)

2018-07-05 21:11:42 - [TEST_STEP][PASSED] - uiaction.CommonUIActions.click: uiaction.CommonUIActions.click is PASSED

2018-07-05 21:11:42 - [MESSAGE][PASSED] - uiaction.CommonUIActions.click is PASSED

2018-07-05 21:11:42 - [TEST_STEP][PASSED] - uiaction.CommonUIActions.click: uiaction.CommonUIActions.click is PASSED

2018-07-05 21:11:42 - [MESSAGE][PASSED] - uiaction.CommonUIActions.click is PASSED

2018-07-05 21:11:42 - [TEST_STEP][PASSED] - uiaction.CommonUIActions.click: uiaction.CommonUIActions.click is PASSED

2018-07-05 21:11:43 - [MESSAGE][PASSED] - uiaction.CommonUIActions.click is PASSED

2018-07-05 21:11:43 - [TEST_STEP][PASSED] - uiaction.CommonUIActions.click: uiaction.CommonUIActions.click is PASSED

2018-07-05 21:11:52 - [MESSAGE][PASSED] - uiaction.CommonUIActions.click is PASSED

2018-07-05 21:11:52 - [TEST_STEP][PASSED] - Statement - assert TCflag == true: null

2018-07-05 21:11:52 - [TEST_STEP][PASSED] - Start listener action : sampleAfterTestCase: Browser is closed

2018-07-05 21:11:52 - [TEST_STEP][PASSED] - Statement - println(testCaseContext.getTestCaseId()): null

2018-07-05 21:11:52 - [TEST_STEP][PASSED] - Statement - println(testCaseContext.getTestCaseStatus()): null

2018-07-05 21:11:52 - [TEST_STEP][PASSED] - closeBrowser: Browser is closed

2018-07-05 21:11:53 - [MESSAGE][PASSED] - Browser is closed]]></system-out>
         <system-err><![CDATA[]]></system-err>
      </testcase>
      <testcase name="Test Cases/GoalStatisticsTC/HME-Goal Statistics Report-03" classname="Test Cases/GoalStatisticsTC/HME-Goal Statistics Report-03" status="PASSED">
         <system-out><![CDATA[2018-07-05 21:11:53 - [TEST_CASE][PASSED] - Test Cases/GoalStatisticsTC/HME-Goal Statistics Report-03: Browser is closed

2018-07-05 21:11:53 - [TEST_STEP][PASSED] - Start listener action : sampleBeforeTestCase: uiaction.CommonUIActions.deleteAllCookies is PASSED

2018-07-05 21:11:53 - [TEST_STEP][PASSED] - openBrowser: Browser is opened with url: ''

2018-07-05 21:11:55 - [MESSAGE][PASSED] - Browser is opened with url: ''

2018-07-05 21:11:55 - [TEST_STEP][PASSED] - maximizeWindow: Current window maximized

2018-07-05 21:11:56 - [MESSAGE][PASSED] - Current window maximized

2018-07-05 21:11:56 - [TEST_STEP][PASSED] - uiaction.CommonUIActions.deleteAllCookies: uiaction.CommonUIActions.deleteAllCookies is PASSED

2018-07-05 21:11:56 - [MESSAGE][PASSED] - Delete all cookies successfully

2018-07-05 21:11:56 - [MESSAGE][PASSED] - uiaction.CommonUIActions.deleteAllCookies is PASSED

2018-07-05 21:11:56 - [TEST_STEP][PASSED] - Statement - TCflag = true: null

2018-07-05 21:11:56 - [TEST_STEP][PASSED] - Statement - Try: uiaction.CommonUIActions.click is PASSED

2018-07-05 21:11:56 - [TEST_STEP][PASSED] - navigateToUrl: Navigate to 'https://engdev.hmedtcloud.com/?pg=Login' successfully

2018-07-05 21:12:22 - [MESSAGE][PASSED] - Navigate to 'https://engdev.hmedtcloud.com/?pg=Login' successfully

2018-07-05 21:12:22 - [TEST_STEP][PASSED] - projectSpecific.Reusability.login: projectSpecific.Reusability.login is PASSED

2018-07-05 21:12:22 - [MESSAGE][PASSED] - projectSpecific.Reusability.getTestData is PASSED

2018-07-05 21:12:22 - [MESSAGE][PASSED] - projectSpecific.Reusability.getTestData is PASSED

2018-07-05 21:12:22 - [MESSAGE][PASSED] - Text 'selvendrank@nousinfo.com' is set on object 'Object Repository/LoginPage/Username'

2018-07-05 21:12:22 - [MESSAGE][PASSED] - Text 'Nous;123' is set on object 'Object Repository/LoginPage/Password'

2018-07-05 21:12:43 - [MESSAGE][PASSED] - Object: 'Object Repository/LoginPage/Login' is clicked on

2018-07-05 21:12:43 - [MESSAGE][PASSED] - projectSpecific.Reusability.login is PASSED

2018-07-05 21:12:43 - [TEST_STEP][PASSED] - delay: Delayed 10 second(s)

2018-07-05 21:12:53 - [MESSAGE][PASSED] - Delayed 10 second(s)

2018-07-05 21:12:53 - [TEST_STEP][PASSED] - uiaction.CommonUIActions.click: uiaction.CommonUIActions.click is PASSED

2018-07-05 21:13:06 - [MESSAGE][PASSED] - uiaction.CommonUIActions.click is PASSED

2018-07-05 21:13:06 - [TEST_STEP][PASSED] - Statement - driver = com.kms.katalon.core.webui.driver.DriverFactory.getWebDriver(): null

2018-07-05 21:13:06 - [TEST_STEP][PASSED] - delay: Delayed 10 second(s)

2018-07-05 21:13:16 - [MESSAGE][PASSED] - Delayed 10 second(s)

2018-07-05 21:13:16 - [TEST_STEP][PASSED] - Statement - driver.findElement(org.openqa.selenium.By.xpath("(//div[@class='ctable']/table//tr/td[3][contains(text(),'vijay2')]/../td//span)[1]")).click(): null

2018-07-05 21:13:18 - [TEST_STEP][PASSED] - uiaction.CommonUIActions.click: uiaction.CommonUIActions.click is PASSED

2018-07-05 21:13:18 - [MESSAGE][PASSED] - uiaction.CommonUIActions.click is PASSED

2018-07-05 21:13:18 - [TEST_STEP][PASSED] - uiaction.CommonUIActions.click: uiaction.CommonUIActions.click is PASSED

2018-07-05 21:13:49 - [MESSAGE][PASSED] - uiaction.CommonUIActions.click is PASSED

2018-07-05 21:13:49 - [TEST_STEP][PASSED] - Statement - storenumber = CustomKeywords.uiaction.CommonUIActions.getText(com.kms.katalon.core.testobject.ObjectRepository.findTestObject(StorePage/storeID)): uiaction.CommonUIActions.getText is PASSED

2018-07-05 21:13:49 - [MESSAGE][PASSED] - uiaction.CommonUIActions.getText is PASSED

2018-07-05 21:13:49 - [TEST_STEP][PASSED] - Statement - storeValue = storenumber.trim(): null

2018-07-05 21:13:49 - [TEST_STEP][PASSED] - Statement - out.println(" the store number is--" + storeValue): null

2018-07-05 21:13:49 - [TEST_STEP][PASSED] - uiaction.CommonUIActions.click: uiaction.CommonUIActions.click is PASSED

2018-07-05 21:13:53 - [MESSAGE][PASSED] - uiaction.CommonUIActions.click is PASSED

2018-07-05 21:13:53 - [TEST_STEP][PASSED] - delay: Delayed 10 second(s)

2018-07-05 21:14:03 - [MESSAGE][PASSED] - Delayed 10 second(s)

2018-07-05 21:14:03 - [TEST_STEP][PASSED] - uiaction.CommonUIActions.click: uiaction.CommonUIActions.click is PASSED

2018-07-05 21:14:06 - [MESSAGE][PASSED] - uiaction.CommonUIActions.click is PASSED

2018-07-05 21:14:06 - [TEST_STEP][PASSED] - uiaction.CommonUIActions.click: uiaction.CommonUIActions.click is PASSED

2018-07-05 21:15:06 - [MESSAGE][PASSED] - uiaction.CommonUIActions.click is PASSED

2018-07-05 21:15:06 - [TEST_STEP][PASSED] - uiaction.CommonUIActions.click: uiaction.CommonUIActions.click is PASSED

2018-07-05 21:15:08 - [MESSAGE][PASSED] - uiaction.CommonUIActions.click is PASSED

2018-07-05 21:15:08 - [TEST_STEP][PASSED] - uiaction.CommonUIActions.click: uiaction.CommonUIActions.click is PASSED

2018-07-05 21:15:08 - [MESSAGE][PASSED] - uiaction.CommonUIActions.click is PASSED

2018-07-05 21:15:08 - [TEST_STEP][PASSED] - uiaction.CommonUIActions.enter: uiaction.CommonUIActions.enter is PASSED

2018-07-05 21:15:08 - [MESSAGE][PASSED] - projectSpecific.Reusability.getTestData is PASSED

2018-07-05 21:15:08 - [MESSAGE][PASSED] - uiaction.CommonUIActions.enter is PASSED

2018-07-05 21:15:08 - [TEST_STEP][PASSED] - uiaction.CommonUIActions.enter: uiaction.CommonUIActions.enter is PASSED

2018-07-05 21:15:08 - [MESSAGE][PASSED] - projectSpecific.Reusability.getTestData is PASSED

2018-07-05 21:15:08 - [MESSAGE][PASSED] - uiaction.CommonUIActions.enter is PASSED

2018-07-05 21:15:08 - [TEST_STEP][PASSED] - delay: Delayed 10 second(s)

2018-07-05 21:15:18 - [MESSAGE][PASSED] - Delayed 10 second(s)

2018-07-05 21:15:18 - [TEST_STEP][PASSED] - Statement - groupmain = CustomKeywords.projectSpecific.Reusability.getTestData("ReportingGroupManagementPage", "Summarygrp"): projectSpecific.Reusability.getTestData is PASSED

2018-07-05 21:15:18 - [MESSAGE][PASSED] - projectSpecific.Reusability.getTestData is PASSED

2018-07-05 21:15:18 - [TEST_STEP][PASSED] - Statement - grouplist = driver.findElements(org.openqa.selenium.By.xpath("//ul[@class='unlinked-grouplist']/li")): null

2018-07-05 21:15:18 - [TEST_STEP][PASSED] - delay: Delayed 10 second(s)

2018-07-05 21:15:28 - [MESSAGE][PASSED] - Delayed 10 second(s)

2018-07-05 21:15:28 - [TEST_STEP][PASSED] - Statement - For ([i = 0, i < grouplist.size(), (i++)]): null

2018-07-05 21:15:28 - [TEST_STEP][PASSED] - Statement - println(grouplist.get(i).getText()): null

2018-07-05 21:15:28 - [TEST_STEP][PASSED] - Statement - If (grouplist.get(i).getText().contains(storeValue.trim())): null

2018-07-05 21:15:28 - [TEST_STEP][PASSED] - Statement - println(grouplist.get(i).getText()): null

2018-07-05 21:15:28 - [TEST_STEP][PASSED] - Statement - If (grouplist.get(i).getText().contains(storeValue.trim())): null

2018-07-05 21:15:28 - [TEST_STEP][PASSED] - Statement - println(grouplist.get(i).getText()): null

2018-07-05 21:15:28 - [TEST_STEP][PASSED] - Statement - If (grouplist.get(i).getText().contains(storeValue.trim())): null

2018-07-05 21:15:28 - [TEST_STEP][PASSED] - Statement - println(grouplist.get(i).getText()): null

2018-07-05 21:15:28 - [TEST_STEP][PASSED] - Statement - If (grouplist.get(i).getText().contains(storeValue.trim())): null

2018-07-05 21:15:29 - [TEST_STEP][PASSED] - Statement - println(grouplist.get(i).getText()): null

2018-07-05 21:15:29 - [TEST_STEP][PASSED] - Statement - If (grouplist.get(i).getText().contains(storeValue.trim())): null

2018-07-05 21:15:29 - [TEST_STEP][PASSED] - Statement - println(grouplist.get(i).getText()): null

2018-07-05 21:15:29 - [TEST_STEP][PASSED] - Statement - If (grouplist.get(i).getText().contains(storeValue.trim())): null

2018-07-05 21:15:29 - [TEST_STEP][PASSED] - Statement - println(grouplist.get(i).getText()): null

2018-07-05 21:15:29 - [TEST_STEP][PASSED] - Statement - If (grouplist.get(i).getText().contains(storeValue.trim())): null

2018-07-05 21:15:29 - [TEST_STEP][PASSED] - Statement - println(grouplist.get(i).getText()): null

2018-07-05 21:15:29 - [TEST_STEP][PASSED] - Statement - If (grouplist.get(i).getText().contains(storeValue.trim())): null

2018-07-05 21:15:29 - [TEST_STEP][PASSED] - Statement - println(grouplist.get(i).getText()): null

2018-07-05 21:15:29 - [TEST_STEP][PASSED] - Statement - If (grouplist.get(i).getText().contains(storeValue.trim())): null

2018-07-05 21:15:29 - [TEST_STEP][PASSED] - Statement - println(grouplist.get(i).getText()): null

2018-07-05 21:15:29 - [TEST_STEP][PASSED] - Statement - If (grouplist.get(i).getText().contains(storeValue.trim())): null

2018-07-05 21:15:29 - [TEST_STEP][PASSED] - Statement - println(grouplist.get(i).getText()): null

2018-07-05 21:15:29 - [TEST_STEP][PASSED] - Statement - If (grouplist.get(i).getText().contains(storeValue.trim())): null

2018-07-05 21:15:29 - [TEST_STEP][PASSED] - Statement - println(grouplist.get(i).getText()): null

2018-07-05 21:15:29 - [TEST_STEP][PASSED] - Statement - If (grouplist.get(i).getText().contains(storeValue.trim())): null

2018-07-05 21:15:29 - [TEST_STEP][PASSED] - Statement - println(grouplist.get(i).getText()): null

2018-07-05 21:15:29 - [TEST_STEP][PASSED] - Statement - If (grouplist.get(i).getText().contains(storeValue.trim())): null

2018-07-05 21:15:29 - [TEST_STEP][PASSED] - Statement - println(grouplist.get(i).getText()): null

2018-07-05 21:15:29 - [TEST_STEP][PASSED] - Statement - If (grouplist.get(i).getText().contains(storeValue.trim())): null

2018-07-05 21:15:29 - [TEST_STEP][PASSED] - Statement - println(grouplist.get(i).getText()): null

2018-07-05 21:15:29 - [TEST_STEP][PASSED] - Statement - If (grouplist.get(i).getText().contains(storeValue.trim())): null

2018-07-05 21:15:29 - [TEST_STEP][PASSED] - Statement - println(grouplist.get(i).getText()): null

2018-07-05 21:15:29 - [TEST_STEP][PASSED] - Statement - If (grouplist.get(i).getText().contains(storeValue.trim())): null

2018-07-05 21:15:29 - [TEST_STEP][PASSED] - Statement - println(grouplist.get(i).getText()): null

2018-07-05 21:15:29 - [TEST_STEP][PASSED] - Statement - If (grouplist.get(i).getText().contains(storeValue.trim())): null

2018-07-05 21:15:29 - [TEST_STEP][PASSED] - Statement - println(grouplist.get(i).getText()): null

2018-07-05 21:15:29 - [TEST_STEP][PASSED] - Statement - If (grouplist.get(i).getText().contains(storeValue.trim())): null

2018-07-05 21:15:29 - [TEST_STEP][PASSED] - Statement - println(grouplist.get(i).getText()): null

2018-07-05 21:15:29 - [TEST_STEP][PASSED] - Statement - If (grouplist.get(i).getText().contains(storeValue.trim())): null

2018-07-05 21:15:29 - [TEST_STEP][PASSED] - Statement - println(grouplist.get(i).getText()): null

2018-07-05 21:15:29 - [TEST_STEP][PASSED] - Statement - If (grouplist.get(i).getText().contains(storeValue.trim())): null

2018-07-05 21:15:29 - [TEST_STEP][PASSED] - Statement - println(grouplist.get(i).getText()): null

2018-07-05 21:15:29 - [TEST_STEP][PASSED] - Statement - If (grouplist.get(i).getText().contains(storeValue.trim())): null

2018-07-05 21:15:29 - [TEST_STEP][PASSED] - Statement - println(grouplist.get(i).getText()): null

2018-07-05 21:15:29 - [TEST_STEP][PASSED] - Statement - If (grouplist.get(i).getText().contains(storeValue.trim())): null

2018-07-05 21:15:29 - [TEST_STEP][PASSED] - Statement - println(grouplist.get(i).getText()): null

2018-07-05 21:15:29 - [TEST_STEP][PASSED] - Statement - If (grouplist.get(i).getText().contains(storeValue.trim())): null

2018-07-05 21:15:29 - [TEST_STEP][PASSED] - Statement - println(grouplist.get(i).getText()): null

2018-07-05 21:15:29 - [TEST_STEP][PASSED] - Statement - If (grouplist.get(i).getText().contains(storeValue.trim())): null

2018-07-05 21:15:29 - [TEST_STEP][PASSED] - Statement - driver.findElement(org.openqa.selenium.By.xpath("(//ul[@class='unlinked-grouplist']/li/label)[" + i + 1 + "]")).click(): null

2018-07-05 21:15:29 - [TEST_STEP][PASSED] - Statement - driver.findElement(org.openqa.selenium.By.xpath("//button[contains(text(),'>')]")).click(): null

2018-07-05 21:15:29 - [TEST_STEP][PASSED] - Statement - Break: null

2018-07-05 21:15:29 - [TEST_STEP][PASSED] - delay: Delayed 10 second(s)

2018-07-05 21:15:39 - [MESSAGE][PASSED] - Delayed 10 second(s)

2018-07-05 21:15:39 - [TEST_STEP][PASSED] - uiaction.CommonUIActions.click: uiaction.CommonUIActions.click is PASSED

2018-07-05 21:15:39 - [MESSAGE][PASSED] - uiaction.CommonUIActions.click is PASSED

2018-07-05 21:15:39 - [TEST_STEP][PASSED] - uiaction.CommonUIActions.click: uiaction.CommonUIActions.click is PASSED

2018-07-05 21:15:39 - [MESSAGE][PASSED] - uiaction.CommonUIActions.click is PASSED

2018-07-05 21:15:39 - [TEST_STEP][PASSED] - delay: Delayed 10 second(s)

2018-07-05 21:15:49 - [MESSAGE][PASSED] - Delayed 10 second(s)

2018-07-05 21:15:49 - [TEST_STEP][PASSED] - uiaction.CommonUIActions.click: uiaction.CommonUIActions.click is PASSED

2018-07-05 21:15:50 - [MESSAGE][PASSED] - uiaction.CommonUIActions.click is PASSED

2018-07-05 21:15:50 - [TEST_STEP][PASSED] - delay: Delayed 10 second(s)

2018-07-05 21:16:00 - [MESSAGE][PASSED] - Delayed 10 second(s)

2018-07-05 21:16:00 - [TEST_STEP][PASSED] - Statement - driver.findElement(org.openqa.selenium.By.xpath("//span[contains(text(),'" + groupmain + "')]/../../../../span[2]")).click(): null

2018-07-05 21:16:00 - [TEST_STEP][PASSED] - delay: Delayed 10 second(s)

2018-07-05 21:16:10 - [MESSAGE][PASSED] - Delayed 10 second(s)

2018-07-05 21:16:10 - [TEST_STEP][PASSED] - uiaction.CommonUIActions.click: uiaction.CommonUIActions.click is PASSED

2018-07-05 21:16:10 - [MESSAGE][PASSED] - uiaction.CommonUIActions.click is PASSED

2018-07-05 21:16:10 - [TEST_STEP][PASSED] - uiaction.CommonUIActions.click: uiaction.CommonUIActions.click is PASSED

2018-07-05 21:16:10 - [MESSAGE][PASSED] - uiaction.CommonUIActions.click is PASSED

2018-07-05 21:16:10 - [TEST_STEP][PASSED] - click: Object: 'Object Repository/ReportsPage/fromDateSelector' is clicked on

2018-07-05 21:16:10 - [MESSAGE][PASSED] - Object: 'Object Repository/ReportsPage/fromDateSelector' is clicked on

2018-07-05 21:16:10 - [TEST_STEP][PASSED] - delay: Delayed 5 second(s)

2018-07-05 21:16:15 - [MESSAGE][PASSED] - Delayed 5 second(s)

2018-07-05 21:16:15 - [TEST_STEP][PASSED] - Statement - monthText = com.kms.katalon.core.webui.keyword.WebUiBuiltInKeywords.getText(com.kms.katalon.core.testobject.ObjectRepository.findTestObject(ReportsPage/monthText)): Text of object 'Object Repository/ReportsPage/monthText' is: 'July 2018'

2018-07-05 21:16:15 - [MESSAGE][PASSED] - Text of object 'Object Repository/ReportsPage/monthText' is: 'July 2018'

2018-07-05 21:16:15 - [TEST_STEP][PASSED] - Statement - monthTextArray = monthText.split(" "): null

2018-07-05 21:16:15 - [TEST_STEP][PASSED] - Statement - month = monthTextArray[0]: null

2018-07-05 21:16:15 - [TEST_STEP][PASSED] - Statement - monthTextValue = CustomKeywords.projectSpecific.Reusability.getTestData("ReportsPage", "Month_May"): projectSpecific.Reusability.getTestData is PASSED

2018-07-05 21:16:15 - [MESSAGE][PASSED] - projectSpecific.Reusability.getTestData is PASSED

2018-07-05 21:16:15 - [TEST_STEP][PASSED] - Statement - If (!(monthTextValue.equals(month))): null

2018-07-05 21:16:15 - [TEST_STEP][PASSED] - Statement - While (!(monthTextValue.equals(month))): null

2018-07-05 21:16:15 - [TEST_STEP][PASSED] - click: Object: 'Object Repository/ReportsPage/previousDateSelector' is clicked on

2018-07-05 21:16:15 - [MESSAGE][PASSED] - Object: 'Object Repository/ReportsPage/previousDateSelector' is clicked on

2018-07-05 21:16:15 - [TEST_STEP][PASSED] - Statement - monthText = com.kms.katalon.core.webui.keyword.WebUiBuiltInKeywords.getText(com.kms.katalon.core.testobject.ObjectRepository.findTestObject(ReportsPage/monthText)): Text of object 'Object Repository/ReportsPage/monthText' is: 'June 2018'

2018-07-05 21:16:15 - [MESSAGE][PASSED] - Text of object 'Object Repository/ReportsPage/monthText' is: 'June 2018'

2018-07-05 21:16:15 - [TEST_STEP][PASSED] - Statement - monthTextArray = monthText.split(" "): null

2018-07-05 21:16:15 - [TEST_STEP][PASSED] - Statement - month = monthTextArray[0]: null

2018-07-05 21:16:15 - [TEST_STEP][PASSED] - click: Object: 'Object Repository/ReportsPage/previousDateSelector' is clicked on

2018-07-05 21:16:15 - [MESSAGE][PASSED] - Object: 'Object Repository/ReportsPage/previousDateSelector' is clicked on

2018-07-05 21:16:15 - [TEST_STEP][PASSED] - Statement - monthText = com.kms.katalon.core.webui.keyword.WebUiBuiltInKeywords.getText(com.kms.katalon.core.testobject.ObjectRepository.findTestObject(ReportsPage/monthText)): Text of object 'Object Repository/ReportsPage/monthText' is: 'May 2018'

2018-07-05 21:16:15 - [MESSAGE][PASSED] - Text of object 'Object Repository/ReportsPage/monthText' is: 'May 2018'

2018-07-05 21:16:15 - [TEST_STEP][PASSED] - Statement - monthTextArray = monthText.split(" "): null

2018-07-05 21:16:15 - [TEST_STEP][PASSED] - Statement - month = monthTextArray[0]: null

2018-07-05 21:16:15 - [TEST_STEP][PASSED] - Statement - data = CustomKeywords.projectSpecific.Reusability.getTestData("ReportsPage", "EndDate6"): projectSpecific.Reusability.getTestData is PASSED

2018-07-05 21:16:15 - [MESSAGE][PASSED] - projectSpecific.Reusability.getTestData is PASSED

2018-07-05 21:16:15 - [TEST_STEP][PASSED] - Statement - startDate = "(//div[@class='rdtPicker']/div/table/tbody/tr/td[text()='" + data + "'])[1]": null

2018-07-05 21:16:15 - [TEST_STEP][PASSED] - Statement - println(startDate): null

2018-07-05 21:16:15 - [TEST_STEP][PASSED] - Statement - startdateEle = driver.findElement(org.openqa.selenium.By.xpath(startDate)): null

2018-07-05 21:16:15 - [TEST_STEP][PASSED] - Statement - startdateEle.click(): null

2018-07-05 21:16:16 - [TEST_STEP][PASSED] - delay: Delayed 5 second(s)

2018-07-05 21:16:21 - [MESSAGE][PASSED] - Delayed 5 second(s)

2018-07-05 21:16:21 - [TEST_STEP][PASSED] - click: Object: 'Object Repository/ReportsPage/toDateSelector' is clicked on

2018-07-05 21:16:21 - [MESSAGE][PASSED] - Object: 'Object Repository/ReportsPage/toDateSelector' is clicked on

2018-07-05 21:16:21 - [TEST_STEP][PASSED] - Statement - monthText = com.kms.katalon.core.webui.keyword.WebUiBuiltInKeywords.getText(com.kms.katalon.core.testobject.ObjectRepository.findTestObject(ReportsPage/monthText2)): Text of object 'Object Repository/ReportsPage/monthText2' is: 'July 2018'

2018-07-05 21:16:21 - [MESSAGE][PASSED] - Text of object 'Object Repository/ReportsPage/monthText2' is: 'July 2018'

2018-07-05 21:16:21 - [TEST_STEP][PASSED] - Statement - monthTextArray = monthText.split(" "): null

2018-07-05 21:16:21 - [TEST_STEP][PASSED] - Statement - month = monthTextArray[0]: null

2018-07-05 21:16:21 - [TEST_STEP][PASSED] - Statement - monthTextValue1 = CustomKeywords.projectSpecific.Reusability.getTestData("ReportsPage", "Month_May"): projectSpecific.Reusability.getTestData is PASSED

2018-07-05 21:16:21 - [MESSAGE][PASSED] - projectSpecific.Reusability.getTestData is PASSED

2018-07-05 21:16:21 - [TEST_STEP][PASSED] - Statement - If (!(monthTextValue1.equals(month))): null

2018-07-05 21:16:21 - [TEST_STEP][PASSED] - Statement - While (!(monthTextValue1.equals(month))): null

2018-07-05 21:16:21 - [TEST_STEP][PASSED] - click: Object: 'Object Repository/ReportsPage/previousDateSelector2' is clicked on

2018-07-05 21:16:21 - [MESSAGE][PASSED] - Object: 'Object Repository/ReportsPage/previousDateSelector2' is clicked on

2018-07-05 21:16:21 - [TEST_STEP][PASSED] - Statement - monthText = com.kms.katalon.core.webui.keyword.WebUiBuiltInKeywords.getText(com.kms.katalon.core.testobject.ObjectRepository.findTestObject(ReportsPage/monthText2)): Text of object 'Object Repository/ReportsPage/monthText2' is: 'June 2018'

2018-07-05 21:16:21 - [MESSAGE][PASSED] - Text of object 'Object Repository/ReportsPage/monthText2' is: 'June 2018'

2018-07-05 21:16:21 - [TEST_STEP][PASSED] - Statement - monthTextArray = monthText.split(" "): null

2018-07-05 21:16:21 - [TEST_STEP][PASSED] - Statement - month = monthTextArray[0]: null

2018-07-05 21:16:21 - [TEST_STEP][PASSED] - click: Object: 'Object Repository/ReportsPage/previousDateSelector2' is clicked on

2018-07-05 21:16:21 - [MESSAGE][PASSED] - Object: 'Object Repository/ReportsPage/previousDateSelector2' is clicked on

2018-07-05 21:16:21 - [TEST_STEP][PASSED] - Statement - monthText = com.kms.katalon.core.webui.keyword.WebUiBuiltInKeywords.getText(com.kms.katalon.core.testobject.ObjectRepository.findTestObject(ReportsPage/monthText2)): Text of object 'Object Repository/ReportsPage/monthText2' is: 'May 2018'

2018-07-05 21:16:21 - [MESSAGE][PASSED] - Text of object 'Object Repository/ReportsPage/monthText2' is: 'May 2018'

2018-07-05 21:16:21 - [TEST_STEP][PASSED] - Statement - monthTextArray = monthText.split(" "): null

2018-07-05 21:16:21 - [TEST_STEP][PASSED] - Statement - month = monthTextArray[0]: null

2018-07-05 21:16:21 - [TEST_STEP][PASSED] - Statement - endDate = CustomKeywords.projectSpecific.Reusability.getTestData("ReportsPage", "EndDate6"): projectSpecific.Reusability.getTestData is PASSED

2018-07-05 21:16:21 - [MESSAGE][PASSED] - projectSpecific.Reusability.getTestData is PASSED

2018-07-05 21:16:21 - [TEST_STEP][PASSED] - Statement - toDate = "(//div[@class='rdt date-time rdtOpen']/div[@class='rdtPicker']/div/table/tbody/tr/td[text()='" + endDate + "'])[1]": null

2018-07-05 21:16:21 - [TEST_STEP][PASSED] - Statement - println(toDate): null

2018-07-05 21:16:21 - [TEST_STEP][PASSED] - Statement - toDateEle = driver.findElement(org.openqa.selenium.By.xpath(toDate)): null

2018-07-05 21:16:21 - [TEST_STEP][PASSED] - Statement - toDateEle.click(): null

2018-07-05 21:16:21 - [TEST_STEP][PASSED] - delay: Delayed 5 second(s)

2018-07-05 21:16:26 - [MESSAGE][PASSED] - Delayed 5 second(s)

2018-07-05 21:16:26 - [TEST_STEP][PASSED] - Statement - dateAttr = com.kms.katalon.core.webui.keyword.WebUiBuiltInKeywords.getAttribute(com.kms.katalon.core.testobject.ObjectRepository.findTestObject(ReportsPage/selectedDate1), "value"): Attribute 'value' of object 'Object Repository/ReportsPage/selectedDate1' is: '05/15/2018'

2018-07-05 21:16:26 - [MESSAGE][PASSED] - Attribute 'value' of object 'Object Repository/ReportsPage/selectedDate1' is: '05/15/2018'

2018-07-05 21:16:26 - [TEST_STEP][PASSED] - Statement - fromDateValue = CustomKeywords.projectSpecific.Reusability.getTestData("ReportsPage", "May_SelectedDate"): projectSpecific.Reusability.getTestData is PASSED

2018-07-05 21:16:26 - [MESSAGE][PASSED] - projectSpecific.Reusability.getTestData is PASSED

2018-07-05 21:16:26 - [TEST_STEP][PASSED] - Statement - If (!(dateAttr.equals(fromDateValue))): null

2018-07-05 21:16:26 - [TEST_STEP][PASSED] - Statement - dateAttr = com.kms.katalon.core.webui.keyword.WebUiBuiltInKeywords.getAttribute(com.kms.katalon.core.testobject.ObjectRepository.findTestObject(ReportsPage/selectedDate2), "value"): Attribute 'value' of object 'Object Repository/ReportsPage/selectedDate2' is: '05/15/2018'

2018-07-05 21:16:26 - [MESSAGE][PASSED] - Attribute 'value' of object 'Object Repository/ReportsPage/selectedDate2' is: '05/15/2018'

2018-07-05 21:16:26 - [TEST_STEP][PASSED] - Statement - toDateValue = CustomKeywords.projectSpecific.Reusability.getTestData("ReportsPage", "May_SelectedDate"): projectSpecific.Reusability.getTestData is PASSED

2018-07-05 21:16:26 - [MESSAGE][PASSED] - projectSpecific.Reusability.getTestData is PASSED

2018-07-05 21:16:26 - [TEST_STEP][PASSED] - Statement - If (!(dateAttr.equals(toDateValue))): null

2018-07-05 21:16:26 - [TEST_STEP][PASSED] - delay: Delayed 10 second(s)

2018-07-05 21:16:36 - [MESSAGE][PASSED] - Delayed 10 second(s)

2018-07-05 21:16:36 - [TEST_STEP][PASSED] - uiaction.CommonUIActions.click: uiaction.CommonUIActions.click is PASSED

2018-07-05 21:16:36 - [MESSAGE][PASSED] - uiaction.CommonUIActions.click is PASSED

2018-07-05 21:16:36 - [TEST_STEP][PASSED] - click: Object: 'Object Repository/ReportsPage/generateReport' is clicked on

2018-07-05 21:16:36 - [MESSAGE][PASSED] - Object: 'Object Repository/ReportsPage/generateReport' is clicked on

2018-07-05 21:16:36 - [TEST_STEP][PASSED] - delay: Delayed 15 second(s)

2018-07-05 21:16:51 - [MESSAGE][PASSED] - Delayed 15 second(s)

2018-07-05 21:16:51 - [TEST_STEP][PASSED] - Statement - goalStatisticsList = driver.findElements(org.openqa.selenium.By.xpath(com.kms.katalon.core.testdata.TestDataFactory.findTestData(OR_file).getValue(2, 28))): Reading excel file with source file 'C:\Users\shalinin\Katalon Studio\HME_DEVScripts\Data Files\HME_OR.xlsx' and sheet name 'Sheet1'

2018-07-05 21:16:51 - [TEST_STEP][PASSED] - Statement - groupSize = goalStatisticsList.size(): null

2018-07-05 21:16:51 - [TEST_STEP][PASSED] - Statement - actualgroupList = new java.util.ArrayList(): null

2018-07-05 21:16:51 - [TEST_STEP][PASSED] - Statement - For ([i = 0, i < groupSize, (i++)]): null

2018-07-05 21:16:51 - [TEST_STEP][PASSED] - Statement - actualgroupList.add(i, goalStatisticsList.get(i).getText()): null

2018-07-05 21:16:52 - [TEST_STEP][PASSED] - Statement - actualgroupList.add(i, goalStatisticsList.get(i).getText()): null

2018-07-05 21:16:52 - [TEST_STEP][PASSED] - Statement - actualgroupList.add(i, goalStatisticsList.get(i).getText()): null

2018-07-05 21:16:52 - [TEST_STEP][PASSED] - Statement - actualgroupList.add(i, goalStatisticsList.get(i).getText()): null

2018-07-05 21:16:52 - [TEST_STEP][PASSED] - Statement - actualgroupList.add(i, goalStatisticsList.get(i).getText()): null

2018-07-05 21:16:52 - [TEST_STEP][PASSED] - Statement - actualgroupList.add(i, goalStatisticsList.get(i).getText()): null

2018-07-05 21:16:52 - [TEST_STEP][PASSED] - Statement - actualgroupList.add(i, goalStatisticsList.get(i).getText()): null

2018-07-05 21:16:52 - [TEST_STEP][PASSED] - Statement - goalStatisticsdata = CustomKeywords.projectSpecific.Reusability.getTestData("SummarizedReportPage", "ReportsColumnHeader4"): projectSpecific.Reusability.getTestData is PASSED

2018-07-05 21:16:52 - [MESSAGE][PASSED] - projectSpecific.Reusability.getTestData is PASSED

2018-07-05 21:16:52 - [TEST_STEP][PASSED] - Statement - goalStatisticsdataArray = goalStatisticsdata.split(","): null

2018-07-05 21:16:52 - [TEST_STEP][PASSED] - Statement - goalStatisticsdataList = new java.util.ArrayList(java.util.Arrays.asList(goalStatisticsdataArray)): null

2018-07-05 21:16:52 - [TEST_STEP][PASSED] - Statement - goalStatisticsdataList.unique(): null

2018-07-05 21:16:52 - [TEST_STEP][PASSED] - Statement - out.println(goalStatisticsdataList): null

2018-07-05 21:16:52 - [TEST_STEP][PASSED] - Statement - matchFound = true: null

2018-07-05 21:16:52 - [TEST_STEP][PASSED] - Statement - For ([j = 0, j < actualgroupList.size(), (j++)]): null

2018-07-05 21:16:52 - [TEST_STEP][PASSED] - Statement - matchFound = com.kms.katalon.core.webui.keyword.WebUiBuiltInKeywords.verifyMatch(actualgroupList.get(j).toString().trim(), goalStatisticsdataList.get(j).toString().trim(), false): Actual text 'Day' and expected text 'Day' are matched 

2018-07-05 21:16:52 - [MESSAGE][PASSED] - Actual text 'Day' and expected text 'Day' are matched 

2018-07-05 21:16:52 - [TEST_STEP][PASSED] - Statement - If (!(matchFound)): null

2018-07-05 21:16:52 - [TEST_STEP][PASSED] - Statement - matchFound = com.kms.katalon.core.webui.keyword.WebUiBuiltInKeywords.verifyMatch(actualgroupList.get(j).toString().trim(), goalStatisticsdataList.get(j).toString().trim(), false): Actual text 'Menu Board' and expected text 'Menu Board' are matched 

2018-07-05 21:16:52 - [MESSAGE][PASSED] - Actual text 'Menu Board' and expected text 'Menu Board' are matched 

2018-07-05 21:16:52 - [TEST_STEP][PASSED] - Statement - If (!(matchFound)): null

2018-07-05 21:16:52 - [TEST_STEP][PASSED] - Statement - matchFound = com.kms.katalon.core.webui.keyword.WebUiBuiltInKeywords.verifyMatch(actualgroupList.get(j).toString().trim(), goalStatisticsdataList.get(j).toString().trim(), false): Actual text 'Greet' and expected text 'Greet' are matched 

2018-07-05 21:16:52 - [MESSAGE][PASSED] - Actual text 'Greet' and expected text 'Greet' are matched 

2018-07-05 21:16:52 - [TEST_STEP][PASSED] - Statement - If (!(matchFound)): null

2018-07-05 21:16:52 - [TEST_STEP][PASSED] - Statement - matchFound = com.kms.katalon.core.webui.keyword.WebUiBuiltInKeywords.verifyMatch(actualgroupList.get(j).toString().trim(), goalStatisticsdataList.get(j).toString().trim(), false): Actual text 'Service' and expected text 'Service' are matched 

2018-07-05 21:16:52 - [MESSAGE][PASSED] - Actual text 'Service' and expected text 'Service' are matched 

2018-07-05 21:16:52 - [TEST_STEP][PASSED] - Statement - If (!(matchFound)): null

2018-07-05 21:16:52 - [TEST_STEP][PASSED] - Statement - matchFound = com.kms.katalon.core.webui.keyword.WebUiBuiltInKeywords.verifyMatch(actualgroupList.get(j).toString().trim(), goalStatisticsdataList.get(j).toString().trim(), false): Actual text 'Lane Queue' and expected text 'Lane Queue' are matched 

2018-07-05 21:16:52 - [MESSAGE][PASSED] - Actual text 'Lane Queue' and expected text 'Lane Queue' are matched 

2018-07-05 21:16:52 - [TEST_STEP][PASSED] - Statement - If (!(matchFound)): null

2018-07-05 21:16:52 - [TEST_STEP][PASSED] - Statement - matchFound = com.kms.katalon.core.webui.keyword.WebUiBuiltInKeywords.verifyMatch(actualgroupList.get(j).toString().trim(), goalStatisticsdataList.get(j).toString().trim(), false): Actual text 'Lane Total' and expected text 'Lane Total' are matched 

2018-07-05 21:16:52 - [MESSAGE][PASSED] - Actual text 'Lane Total' and expected text 'Lane Total' are matched 

2018-07-05 21:16:52 - [TEST_STEP][PASSED] - Statement - If (!(matchFound)): null

2018-07-05 21:16:52 - [TEST_STEP][PASSED] - Statement - matchFound = com.kms.katalon.core.webui.keyword.WebUiBuiltInKeywords.verifyMatch(actualgroupList.get(j).toString().trim(), goalStatisticsdataList.get(j).toString().trim(), false): Actual text 'Total Cars' and expected text 'Total Cars' are matched 

2018-07-05 21:16:52 - [MESSAGE][PASSED] - Actual text 'Total Cars' and expected text 'Total Cars' are matched 

2018-07-05 21:16:52 - [TEST_STEP][PASSED] - Statement - If (!(matchFound)): null

2018-07-05 21:16:52 - [TEST_STEP][PASSED] - Statement - If (matchFound): null

2018-07-05 21:16:52 - [TEST_STEP][PASSED] - Statement - out.println("GoalStatistics Columns are verified"): null

2018-07-05 21:16:52 - [TEST_STEP][PASSED] - delay: Delayed 10 second(s)

2018-07-05 21:17:02 - [MESSAGE][PASSED] - Delayed 10 second(s)

2018-07-05 21:17:02 - [TEST_STEP][PASSED] - Statement - goalAText = CustomKeywords.projectSpecific.Reusability.getTestData("SummarizedReportPage", "goalA"): projectSpecific.Reusability.getTestData is PASSED

2018-07-05 21:17:02 - [MESSAGE][PASSED] - projectSpecific.Reusability.getTestData is PASSED

2018-07-05 21:17:02 - [TEST_STEP][PASSED] - Statement - goalAText1 = CustomKeywords.uiaction.CommonUIActions.getText(com.kms.katalon.core.testobject.ObjectRepository.findTestObject(SummarizedReportPage/goalAText)): uiaction.CommonUIActions.getText is PASSED

2018-07-05 21:17:02 - [MESSAGE][PASSED] - uiaction.CommonUIActions.getText is PASSED

2018-07-05 21:17:02 - [TEST_STEP][PASSED] - Statement - confirm = goalAText1.trim().contains(goalAText.trim()): null

2018-07-05 21:17:02 - [TEST_STEP][PASSED] - Statement - If (confirm): null

2018-07-05 21:17:02 - [TEST_STEP][PASSED] - Statement - out.println("Goal A Report is verified"): null

2018-07-05 21:17:02 - [TEST_STEP][PASSED] - Statement - goalAdata = CustomKeywords.projectSpecific.Reusability.getTestData("SummarizedReportPage", "goalAText"): projectSpecific.Reusability.getTestData is PASSED

2018-07-05 21:17:02 - [MESSAGE][PASSED] - projectSpecific.Reusability.getTestData is PASSED

2018-07-05 21:17:02 - [TEST_STEP][PASSED] - Statement - println(goalAdata): null

2018-07-05 21:17:02 - [TEST_STEP][PASSED] - Statement - goalStatisticsList1 = driver.findElements(org.openqa.selenium.By.xpath(com.kms.katalon.core.testdata.TestDataFactory.findTestData(OR_file).getValue(2, 29))): Reading excel file with source file 'C:\Users\shalinin\Katalon Studio\HME_DEVScripts\Data Files\HME_OR.xlsx' and sheet name 'Sheet1'

2018-07-05 21:17:02 - [TEST_STEP][PASSED] - Statement - For ([k = 1, k < size, (k++)]): null

2018-07-05 21:17:02 - [TEST_STEP][PASSED] - Statement - If (goalAdata.contains(goalStatisticsList1.get(k).getText())): null

2018-07-05 21:17:02 - [TEST_STEP][PASSED] - Statement - out.println("Goal A Columns are verified"): null

2018-07-05 21:17:02 - [TEST_STEP][PASSED] - Statement - If (goalAdata.contains(goalStatisticsList1.get(k).getText())): null

2018-07-05 21:17:02 - [TEST_STEP][PASSED] - Statement - out.println("Goal A Columns are verified"): null

2018-07-05 21:17:02 - [TEST_STEP][PASSED] - Statement - If (goalAdata.contains(goalStatisticsList1.get(k).getText())): null

2018-07-05 21:17:02 - [TEST_STEP][PASSED] - Statement - out.println("Goal A Columns are verified"): null

2018-07-05 21:17:02 - [TEST_STEP][PASSED] - Statement - If (goalAdata.contains(goalStatisticsList1.get(k).getText())): null

2018-07-05 21:17:02 - [TEST_STEP][PASSED] - Statement - out.println("Goal A Columns are verified"): null

2018-07-05 21:17:02 - [TEST_STEP][PASSED] - Statement - If (goalAdata.contains(goalStatisticsList1.get(k).getText())): null

2018-07-05 21:17:02 - [TEST_STEP][PASSED] - Statement - out.println("Goal A Columns are verified"): null

2018-07-05 21:17:02 - [TEST_STEP][PASSED] - delay: Delayed 10 second(s)

2018-07-05 21:17:12 - [MESSAGE][PASSED] - Delayed 10 second(s)

2018-07-05 21:17:12 - [TEST_STEP][PASSED] - Statement - goalBText = CustomKeywords.projectSpecific.Reusability.getTestData("SummarizedReportPage", "goalB"): projectSpecific.Reusability.getTestData is PASSED

2018-07-05 21:17:12 - [MESSAGE][PASSED] - projectSpecific.Reusability.getTestData is PASSED

2018-07-05 21:17:12 - [TEST_STEP][PASSED] - Statement - goalBText1 = CustomKeywords.uiaction.CommonUIActions.getText(com.kms.katalon.core.testobject.ObjectRepository.findTestObject(SummarizedReportPage/goalBText)): uiaction.CommonUIActions.getText is PASSED

2018-07-05 21:17:12 - [MESSAGE][PASSED] - uiaction.CommonUIActions.getText is PASSED

2018-07-05 21:17:12 - [TEST_STEP][PASSED] - Statement - confirm = goalBText1.trim().contains(goalBText.trim()): null

2018-07-05 21:17:12 - [TEST_STEP][PASSED] - Statement - If (confirm): null

2018-07-05 21:17:12 - [TEST_STEP][PASSED] - Statement - out.println("Goal B Report is verified"): null

2018-07-05 21:17:12 - [TEST_STEP][PASSED] - Statement - goalBdata = CustomKeywords.projectSpecific.Reusability.getTestData("SummarizedReportPage", "goalBText"): projectSpecific.Reusability.getTestData is PASSED

2018-07-05 21:17:12 - [MESSAGE][PASSED] - projectSpecific.Reusability.getTestData is PASSED

2018-07-05 21:17:12 - [TEST_STEP][PASSED] - Statement - println(goalBdata): null

2018-07-05 21:17:12 - [TEST_STEP][PASSED] - Statement - goalStatisticsListB = driver.findElements(org.openqa.selenium.By.xpath(com.kms.katalon.core.testdata.TestDataFactory.findTestData(OR_file).getValue(2, 30))): Reading excel file with source file 'C:\Users\shalinin\Katalon Studio\HME_DEVScripts\Data Files\HME_OR.xlsx' and sheet name 'Sheet1'

2018-07-05 21:17:12 - [TEST_STEP][PASSED] - Statement - For ([k1 = 1, k1 < size, (k1++)]): null

2018-07-05 21:17:12 - [TEST_STEP][PASSED] - Statement - If (goalBdata.contains(goalStatisticsListB.get(k1).getText())): null

2018-07-05 21:17:12 - [TEST_STEP][PASSED] - Statement - out.println("Goal B Columns are verified"): null

2018-07-05 21:17:12 - [TEST_STEP][PASSED] - Statement - If (goalBdata.contains(goalStatisticsListB.get(k1).getText())): null

2018-07-05 21:17:12 - [TEST_STEP][PASSED] - Statement - out.println("Goal B Columns are verified"): null

2018-07-05 21:17:12 - [TEST_STEP][PASSED] - Statement - If (goalBdata.contains(goalStatisticsListB.get(k1).getText())): null

2018-07-05 21:17:12 - [TEST_STEP][PASSED] - Statement - out.println("Goal B Columns are verified"): null

2018-07-05 21:17:12 - [TEST_STEP][PASSED] - Statement - If (goalBdata.contains(goalStatisticsListB.get(k1).getText())): null

2018-07-05 21:17:13 - [TEST_STEP][PASSED] - Statement - out.println("Goal B Columns are verified"): null

2018-07-05 21:17:13 - [TEST_STEP][PASSED] - Statement - If (goalBdata.contains(goalStatisticsListB.get(k1).getText())): null

2018-07-05 21:17:13 - [TEST_STEP][PASSED] - Statement - out.println("Goal B Columns are verified"): null

2018-07-05 21:17:13 - [TEST_STEP][PASSED] - delay: Delayed 10 second(s)

2018-07-05 21:17:23 - [MESSAGE][PASSED] - Delayed 10 second(s)

2018-07-05 21:17:23 - [TEST_STEP][PASSED] - delay: Delayed 5 second(s)

2018-07-05 21:17:28 - [MESSAGE][PASSED] - Delayed 5 second(s)

2018-07-05 21:17:28 - [TEST_STEP][PASSED] - uiaction.CommonUIActions.click: uiaction.CommonUIActions.click is PASSED

2018-07-05 21:17:33 - [MESSAGE][PASSED] - uiaction.CommonUIActions.click is PASSED

2018-07-05 21:17:33 - [TEST_STEP][PASSED] - delay: Delayed 5 second(s)

2018-07-05 21:17:38 - [MESSAGE][PASSED] - Delayed 5 second(s)

2018-07-05 21:17:38 - [TEST_STEP][PASSED] - uiaction.CommonUIActions.click: uiaction.CommonUIActions.click is PASSED

2018-07-05 21:17:49 - [MESSAGE][PASSED] - uiaction.CommonUIActions.click is PASSED

2018-07-05 21:17:49 - [TEST_STEP][PASSED] - delay: Delayed 5 second(s)

2018-07-05 21:17:54 - [MESSAGE][PASSED] - Delayed 5 second(s)

2018-07-05 21:17:54 - [TEST_STEP][PASSED] - uiaction.CommonUIActions.click: uiaction.CommonUIActions.click is PASSED

2018-07-05 21:17:55 - [MESSAGE][PASSED] - uiaction.CommonUIActions.click is PASSED

2018-07-05 21:17:55 - [TEST_STEP][PASSED] - delay: Delayed 10 second(s)

2018-07-05 21:18:05 - [MESSAGE][PASSED] - Delayed 10 second(s)

2018-07-05 21:18:05 - [TEST_STEP][PASSED] - uiaction.CommonUIActions.click: uiaction.CommonUIActions.click is PASSED

2018-07-05 21:18:05 - [MESSAGE][PASSED] - uiaction.CommonUIActions.click is PASSED

2018-07-05 21:18:05 - [TEST_STEP][PASSED] - delay: Delayed 10 second(s)

2018-07-05 21:18:15 - [MESSAGE][PASSED] - Delayed 10 second(s)

2018-07-05 21:18:15 - [TEST_STEP][PASSED] - uiaction.CommonUIActions.click: uiaction.CommonUIActions.click is PASSED

2018-07-05 21:18:15 - [MESSAGE][PASSED] - uiaction.CommonUIActions.click is PASSED

2018-07-05 21:18:15 - [TEST_STEP][PASSED] - delay: Delayed 10 second(s)

2018-07-05 21:18:25 - [MESSAGE][PASSED] - Delayed 10 second(s)

2018-07-05 21:18:25 - [TEST_STEP][PASSED] - uiaction.CommonUIActions.click: uiaction.CommonUIActions.click is PASSED

2018-07-05 21:18:25 - [MESSAGE][PASSED] - uiaction.CommonUIActions.click is PASSED

2018-07-05 21:18:25 - [TEST_STEP][PASSED] - delay: Delayed 10 second(s)

2018-07-05 21:18:35 - [MESSAGE][PASSED] - Delayed 10 second(s)

2018-07-05 21:18:35 - [TEST_STEP][PASSED] - uiaction.CommonUIActions.click: uiaction.CommonUIActions.click is PASSED

2018-07-05 21:18:39 - [MESSAGE][PASSED] - uiaction.CommonUIActions.click is PASSED

2018-07-05 21:18:39 - [TEST_STEP][PASSED] - Statement - assert TCflag == true: null

2018-07-05 21:18:39 - [TEST_STEP][PASSED] - Start listener action : sampleAfterTestCase: Browser is closed

2018-07-05 21:18:39 - [TEST_STEP][PASSED] - Statement - println(testCaseContext.getTestCaseId()): null

2018-07-05 21:18:39 - [TEST_STEP][PASSED] - Statement - println(testCaseContext.getTestCaseStatus()): null

2018-07-05 21:18:39 - [TEST_STEP][PASSED] - closeBrowser: Browser is closed

2018-07-05 21:18:39 - [MESSAGE][PASSED] - Browser is closed]]></system-out>
         <system-err><![CDATA[]]></system-err>
      </testcase>
      <testcase name="Test Cases/GoalStatisticsTC/HME-Goal Statistics Report-02" classname="Test Cases/GoalStatisticsTC/HME-Goal Statistics Report-02" status="PASSED">
         <system-out><![CDATA[2018-07-05 21:18:39 - [TEST_CASE][PASSED] - Test Cases/GoalStatisticsTC/HME-Goal Statistics Report-02: Browser is closed

2018-07-05 21:18:39 - [TEST_STEP][PASSED] - Start listener action : sampleBeforeTestCase: uiaction.CommonUIActions.deleteAllCookies is PASSED

2018-07-05 21:18:39 - [TEST_STEP][PASSED] - openBrowser: Browser is opened with url: ''

2018-07-05 21:18:42 - [MESSAGE][PASSED] - Browser is opened with url: ''

2018-07-05 21:18:42 - [TEST_STEP][PASSED] - maximizeWindow: Current window maximized

2018-07-05 21:18:43 - [MESSAGE][PASSED] - Current window maximized

2018-07-05 21:18:43 - [TEST_STEP][PASSED] - uiaction.CommonUIActions.deleteAllCookies: uiaction.CommonUIActions.deleteAllCookies is PASSED

2018-07-05 21:18:43 - [MESSAGE][PASSED] - Delete all cookies successfully

2018-07-05 21:18:43 - [MESSAGE][PASSED] - uiaction.CommonUIActions.deleteAllCookies is PASSED

2018-07-05 21:18:43 - [TEST_STEP][PASSED] - Statement - TCflag = true: null

2018-07-05 21:18:43 - [TEST_STEP][PASSED] - Statement - Try: uiaction.CommonUIActions.click is PASSED

2018-07-05 21:18:43 - [TEST_STEP][PASSED] - navigateToUrl: Navigate to 'https://engdev.hmedtcloud.com/?pg=Login' successfully

2018-07-05 21:18:51 - [MESSAGE][PASSED] - Navigate to 'https://engdev.hmedtcloud.com/?pg=Login' successfully

2018-07-05 21:18:51 - [TEST_STEP][PASSED] - projectSpecific.Reusability.login: projectSpecific.Reusability.login is PASSED

2018-07-05 21:18:51 - [MESSAGE][PASSED] - projectSpecific.Reusability.getTestData is PASSED

2018-07-05 21:18:51 - [MESSAGE][PASSED] - projectSpecific.Reusability.getTestData is PASSED

2018-07-05 21:18:51 - [MESSAGE][PASSED] - Text 'selvendrank@nousinfo.com' is set on object 'Object Repository/LoginPage/Username'

2018-07-05 21:18:51 - [MESSAGE][PASSED] - Text 'Nous;123' is set on object 'Object Repository/LoginPage/Password'

2018-07-05 21:19:05 - [MESSAGE][PASSED] - Object: 'Object Repository/LoginPage/Login' is clicked on

2018-07-05 21:19:05 - [MESSAGE][PASSED] - projectSpecific.Reusability.login is PASSED

2018-07-05 21:19:05 - [TEST_STEP][PASSED] - delay: Delayed 10 second(s)

2018-07-05 21:19:15 - [MESSAGE][PASSED] - Delayed 10 second(s)

2018-07-05 21:19:15 - [TEST_STEP][PASSED] - uiaction.CommonUIActions.click: uiaction.CommonUIActions.click is PASSED

2018-07-05 21:19:27 - [MESSAGE][PASSED] - uiaction.CommonUIActions.click is PASSED

2018-07-05 21:19:27 - [TEST_STEP][PASSED] - Statement - driver = com.kms.katalon.core.webui.driver.DriverFactory.getWebDriver(): null

2018-07-05 21:19:27 - [TEST_STEP][PASSED] - delay: Delayed 10 second(s)

2018-07-05 21:19:37 - [MESSAGE][PASSED] - Delayed 10 second(s)

2018-07-05 21:19:37 - [TEST_STEP][PASSED] - Statement - driver.findElement(org.openqa.selenium.By.xpath("(//div[@class='ctable']/table//tr/td[3][contains(text(),'vijay2')]/../td//span)[1]")).click(): null

2018-07-05 21:19:39 - [TEST_STEP][PASSED] - uiaction.CommonUIActions.click: uiaction.CommonUIActions.click is PASSED

2018-07-05 21:19:39 - [MESSAGE][PASSED] - uiaction.CommonUIActions.click is PASSED

2018-07-05 21:19:39 - [TEST_STEP][PASSED] - uiaction.CommonUIActions.click: uiaction.CommonUIActions.click is PASSED

2018-07-05 21:19:45 - [MESSAGE][PASSED] - uiaction.CommonUIActions.click is PASSED

2018-07-05 21:19:45 - [TEST_STEP][PASSED] - Statement - storenumber = CustomKeywords.uiaction.CommonUIActions.getText(com.kms.katalon.core.testobject.ObjectRepository.findTestObject(StorePage/storeID)): uiaction.CommonUIActions.getText is PASSED

2018-07-05 21:19:45 - [MESSAGE][PASSED] - uiaction.CommonUIActions.getText is PASSED

2018-07-05 21:19:45 - [TEST_STEP][PASSED] - Statement - storeValue = storenumber.trim(): null

2018-07-05 21:19:45 - [TEST_STEP][PASSED] - Statement - out.println(" the store number is--" + storeValue): null

2018-07-05 21:19:45 - [TEST_STEP][PASSED] - delay: Delayed 10 second(s)

2018-07-05 21:19:55 - [MESSAGE][PASSED] - Delayed 10 second(s)

2018-07-05 21:19:55 - [TEST_STEP][PASSED] - uiaction.CommonUIActions.click: uiaction.CommonUIActions.click is PASSED

2018-07-05 21:19:57 - [MESSAGE][PASSED] - uiaction.CommonUIActions.click is PASSED

2018-07-05 21:19:57 - [TEST_STEP][PASSED] - delay: Delayed 10 second(s)

2018-07-05 21:20:07 - [MESSAGE][PASSED] - Delayed 10 second(s)

2018-07-05 21:20:07 - [TEST_STEP][PASSED] - uiaction.CommonUIActions.click: uiaction.CommonUIActions.click is PASSED

2018-07-05 21:20:20 - [MESSAGE][PASSED] - uiaction.CommonUIActions.click is PASSED

2018-07-05 21:20:20 - [TEST_STEP][PASSED] - delay: Delayed 10 second(s)

2018-07-05 21:20:30 - [MESSAGE][PASSED] - Delayed 10 second(s)

2018-07-05 21:20:30 - [TEST_STEP][PASSED] - uiaction.CommonUIActions.click: uiaction.CommonUIActions.click is PASSED

2018-07-05 21:20:34 - [MESSAGE][PASSED] - uiaction.CommonUIActions.click is PASSED

2018-07-05 21:20:34 - [TEST_STEP][PASSED] - uiaction.CommonUIActions.click: uiaction.CommonUIActions.click is PASSED

2018-07-05 21:20:34 - [MESSAGE][PASSED] - uiaction.CommonUIActions.click is PASSED

2018-07-05 21:20:34 - [TEST_STEP][PASSED] - Statement - grpName = "AutomationGrp3": null

2018-07-05 21:20:34 - [TEST_STEP][PASSED] - uiaction.CommonUIActions.enter: uiaction.CommonUIActions.enter is PASSED

2018-07-05 21:20:34 - [MESSAGE][PASSED] - uiaction.CommonUIActions.enter is PASSED

2018-07-05 21:20:34 - [TEST_STEP][PASSED] - uiaction.CommonUIActions.enter: uiaction.CommonUIActions.enter is PASSED

2018-07-05 21:20:34 - [MESSAGE][PASSED] - projectSpecific.Reusability.getTestData is PASSED

2018-07-05 21:20:34 - [MESSAGE][PASSED] - uiaction.CommonUIActions.enter is PASSED

2018-07-05 21:20:34 - [TEST_STEP][PASSED] - delay: Delayed 10 second(s)

2018-07-05 21:20:44 - [MESSAGE][PASSED] - Delayed 10 second(s)

2018-07-05 21:20:44 - [TEST_STEP][PASSED] - Statement - storesLabel = driver.findElements(org.openqa.selenium.By.xpath(com.kms.katalon.core.testdata.TestDataFactory.findTestData(OR_file).getValue(2, 10))): Reading excel file with source file 'C:\Users\shalinin\Katalon Studio\HME_DEVScripts\Data Files\HME_OR.xlsx' and sheet name 'Sheet1'

2018-07-05 21:20:44 - [TEST_STEP][PASSED] - Statement - groupStoresList = new java.util.ArrayList(): null

2018-07-05 21:20:44 - [TEST_STEP][PASSED] - Statement - out.println(storesLabel.size()): null

2018-07-05 21:20:44 - [TEST_STEP][PASSED] - Statement - size = storesLabel.size(): null

2018-07-05 21:20:44 - [TEST_STEP][PASSED] - Statement - index = 0: null

2018-07-05 21:20:44 - [TEST_STEP][PASSED] - Statement - For ([i = 0, i < size, (i++)]): null

2018-07-05 21:20:44 - [TEST_STEP][PASSED] - Statement - storeLabel = storesLabel.get(i).getText().trim(): null

2018-07-05 21:20:44 - [TEST_STEP][PASSED] - Statement - println(storeLabel): null

2018-07-05 21:20:44 - [TEST_STEP][PASSED] - Statement - If (storeLabel.contains(storeValue)): null

2018-07-05 21:20:44 - [TEST_STEP][PASSED] - Statement - storeLabel = storesLabel.get(i).getText().trim(): null

2018-07-05 21:20:44 - [TEST_STEP][PASSED] - Statement - println(storeLabel): null

2018-07-05 21:20:44 - [TEST_STEP][PASSED] - Statement - If (storeLabel.contains(storeValue)): null

2018-07-05 21:20:44 - [TEST_STEP][PASSED] - Statement - storeLabel = storesLabel.get(i).getText().trim(): null

2018-07-05 21:20:44 - [TEST_STEP][PASSED] - Statement - println(storeLabel): null

2018-07-05 21:20:44 - [TEST_STEP][PASSED] - Statement - If (storeLabel.contains(storeValue)): null

2018-07-05 21:20:44 - [TEST_STEP][PASSED] - Statement - storeLabel = storesLabel.get(i).getText().trim(): null

2018-07-05 21:20:44 - [TEST_STEP][PASSED] - Statement - println(storeLabel): null

2018-07-05 21:20:44 - [TEST_STEP][PASSED] - Statement - If (storeLabel.contains(storeValue)): null

2018-07-05 21:20:44 - [TEST_STEP][PASSED] - Statement - storeLabel = storesLabel.get(i).getText().trim(): null

2018-07-05 21:20:44 - [TEST_STEP][PASSED] - Statement - println(storeLabel): null

2018-07-05 21:20:44 - [TEST_STEP][PASSED] - Statement - If (storeLabel.contains(storeValue)): null

2018-07-05 21:20:44 - [TEST_STEP][PASSED] - Statement - storeLabel = storesLabel.get(i).getText().trim(): null

2018-07-05 21:20:44 - [TEST_STEP][PASSED] - Statement - println(storeLabel): null

2018-07-05 21:20:44 - [TEST_STEP][PASSED] - Statement - If (storeLabel.contains(storeValue)): null

2018-07-05 21:20:44 - [TEST_STEP][PASSED] - Statement - storeLabel = storesLabel.get(i).getText().trim(): null

2018-07-05 21:20:44 - [TEST_STEP][PASSED] - Statement - println(storeLabel): null

2018-07-05 21:20:44 - [TEST_STEP][PASSED] - Statement - If (storeLabel.contains(storeValue)): null

2018-07-05 21:20:44 - [TEST_STEP][PASSED] - Statement - storeLabel = storesLabel.get(i).getText().trim(): null

2018-07-05 21:20:44 - [TEST_STEP][PASSED] - Statement - println(storeLabel): null

2018-07-05 21:20:44 - [TEST_STEP][PASSED] - Statement - If (storeLabel.contains(storeValue)): null

2018-07-05 21:20:44 - [TEST_STEP][PASSED] - Statement - storeLabel = storesLabel.get(i).getText().trim(): null

2018-07-05 21:20:44 - [TEST_STEP][PASSED] - Statement - println(storeLabel): null

2018-07-05 21:20:44 - [TEST_STEP][PASSED] - Statement - If (storeLabel.contains(storeValue)): null

2018-07-05 21:20:44 - [TEST_STEP][PASSED] - Statement - storeLabel = storesLabel.get(i).getText().trim(): null

2018-07-05 21:20:44 - [TEST_STEP][PASSED] - Statement - println(storeLabel): null

2018-07-05 21:20:44 - [TEST_STEP][PASSED] - Statement - If (storeLabel.contains(storeValue)): null

2018-07-05 21:20:44 - [TEST_STEP][PASSED] - Statement - storeLabel = storesLabel.get(i).getText().trim(): null

2018-07-05 21:20:44 - [TEST_STEP][PASSED] - Statement - println(storeLabel): null

2018-07-05 21:20:44 - [TEST_STEP][PASSED] - Statement - If (storeLabel.contains(storeValue)): null

2018-07-05 21:20:44 - [TEST_STEP][PASSED] - Statement - storeLabel = storesLabel.get(i).getText().trim(): null

2018-07-05 21:20:44 - [TEST_STEP][PASSED] - Statement - println(storeLabel): null

2018-07-05 21:20:44 - [TEST_STEP][PASSED] - Statement - If (storeLabel.contains(storeValue)): null

2018-07-05 21:20:44 - [TEST_STEP][PASSED] - Statement - storeLabel = storesLabel.get(i).getText().trim(): null

2018-07-05 21:20:44 - [TEST_STEP][PASSED] - Statement - println(storeLabel): null

2018-07-05 21:20:44 - [TEST_STEP][PASSED] - Statement - If (storeLabel.contains(storeValue)): null

2018-07-05 21:20:44 - [TEST_STEP][PASSED] - Statement - storeLabel = storesLabel.get(i).getText().trim(): null

2018-07-05 21:20:44 - [TEST_STEP][PASSED] - Statement - println(storeLabel): null

2018-07-05 21:20:44 - [TEST_STEP][PASSED] - Statement - If (storeLabel.contains(storeValue)): null

2018-07-05 21:20:44 - [TEST_STEP][PASSED] - Statement - storeLabel = storesLabel.get(i).getText().trim(): null

2018-07-05 21:20:44 - [TEST_STEP][PASSED] - Statement - println(storeLabel): null

2018-07-05 21:20:44 - [TEST_STEP][PASSED] - Statement - If (storeLabel.contains(storeValue)): null

2018-07-05 21:20:44 - [TEST_STEP][PASSED] - Statement - storeLabel = storesLabel.get(i).getText().trim(): null

2018-07-05 21:20:44 - [TEST_STEP][PASSED] - Statement - println(storeLabel): null

2018-07-05 21:20:44 - [TEST_STEP][PASSED] - Statement - If (storeLabel.contains(storeValue)): null

2018-07-05 21:20:44 - [TEST_STEP][PASSED] - Statement - storeLabel = storesLabel.get(i).getText().trim(): null

2018-07-05 21:20:44 - [TEST_STEP][PASSED] - Statement - println(storeLabel): null

2018-07-05 21:20:44 - [TEST_STEP][PASSED] - Statement - If (storeLabel.contains(storeValue)): null

2018-07-05 21:20:44 - [TEST_STEP][PASSED] - Statement - storeLabel = storesLabel.get(i).getText().trim(): null

2018-07-05 21:20:44 - [TEST_STEP][PASSED] - Statement - println(storeLabel): null

2018-07-05 21:20:44 - [TEST_STEP][PASSED] - Statement - If (storeLabel.contains(storeValue)): null

2018-07-05 21:20:44 - [TEST_STEP][PASSED] - Statement - storeLabel = storesLabel.get(i).getText().trim(): null

2018-07-05 21:20:44 - [TEST_STEP][PASSED] - Statement - println(storeLabel): null

2018-07-05 21:20:44 - [TEST_STEP][PASSED] - Statement - If (storeLabel.contains(storeValue)): null

2018-07-05 21:20:44 - [TEST_STEP][PASSED] - Statement - storeLabel = storesLabel.get(i).getText().trim(): null

2018-07-05 21:20:44 - [TEST_STEP][PASSED] - Statement - println(storeLabel): null

2018-07-05 21:20:44 - [TEST_STEP][PASSED] - Statement - If (storeLabel.contains(storeValue)): null

2018-07-05 21:20:44 - [TEST_STEP][PASSED] - Statement - storeLabel = storesLabel.get(i).getText().trim(): null

2018-07-05 21:20:44 - [TEST_STEP][PASSED] - Statement - println(storeLabel): null

2018-07-05 21:20:44 - [TEST_STEP][PASSED] - Statement - If (storeLabel.contains(storeValue)): null

2018-07-05 21:20:44 - [TEST_STEP][PASSED] - Statement - storeLabel = storesLabel.get(i).getText().trim(): null

2018-07-05 21:20:44 - [TEST_STEP][PASSED] - Statement - println(storeLabel): null

2018-07-05 21:20:44 - [TEST_STEP][PASSED] - Statement - If (storeLabel.contains(storeValue)): null

2018-07-05 21:20:44 - [TEST_STEP][PASSED] - Statement - storeLabel = storesLabel.get(i).getText().trim(): null

2018-07-05 21:20:44 - [TEST_STEP][PASSED] - Statement - println(storeLabel): null

2018-07-05 21:20:44 - [TEST_STEP][PASSED] - Statement - If (storeLabel.contains(storeValue)): null

2018-07-05 21:20:44 - [TEST_STEP][PASSED] - Statement - storeLabel = storesLabel.get(i).getText().trim(): null

2018-07-05 21:20:44 - [TEST_STEP][PASSED] - Statement - println(storeLabel): null

2018-07-05 21:20:44 - [TEST_STEP][PASSED] - Statement - If (storeLabel.contains(storeValue)): null

2018-07-05 21:20:44 - [TEST_STEP][PASSED] - Statement - index = i + 1: null

2018-07-05 21:20:44 - [TEST_STEP][PASSED] - Statement - driver.findElement(org.openqa.selenium.By.xpath("(//ul[@class='unlinked-grouplist']/li/label)[" + index + "]")).click(): null

2018-07-05 21:20:45 - [TEST_STEP][PASSED] - Statement - driver.findElement(org.openqa.selenium.By.xpath("//button[contains(text(),'>')]")).click(): null

2018-07-05 21:20:45 - [TEST_STEP][PASSED] - Statement - Break: null

2018-07-05 21:20:45 - [TEST_STEP][PASSED] - delay: Delayed 10 second(s)

2018-07-05 21:20:55 - [MESSAGE][PASSED] - Delayed 10 second(s)

2018-07-05 21:20:55 - [TEST_STEP][PASSED] - uiaction.CommonUIActions.click: uiaction.CommonUIActions.click is PASSED

2018-07-05 21:20:55 - [MESSAGE][PASSED] - uiaction.CommonUIActions.click is PASSED

2018-07-05 21:20:55 - [TEST_STEP][PASSED] - uiaction.CommonUIActions.click: uiaction.CommonUIActions.click is PASSED

2018-07-05 21:20:55 - [MESSAGE][PASSED] - uiaction.CommonUIActions.click is PASSED

2018-07-05 21:20:55 - [TEST_STEP][PASSED] - delay: Delayed 10 second(s)

2018-07-05 21:21:05 - [MESSAGE][PASSED] - Delayed 10 second(s)

2018-07-05 21:21:05 - [TEST_STEP][PASSED] - uiaction.CommonUIActions.back: uiaction.CommonUIActions.back is PASSED

2018-07-05 21:21:05 - [MESSAGE][PASSED] - Navigate back successfully

2018-07-05 21:21:05 - [MESSAGE][PASSED] - uiaction.CommonUIActions.back is PASSED

2018-07-05 21:21:05 - [TEST_STEP][PASSED] - delay: Delayed 5 second(s)

2018-07-05 21:21:10 - [MESSAGE][PASSED] - Delayed 5 second(s)

2018-07-05 21:21:10 - [TEST_STEP][PASSED] - uiaction.CommonUIActions.back: uiaction.CommonUIActions.back is PASSED

2018-07-05 21:21:10 - [MESSAGE][PASSED] - Navigate back successfully

2018-07-05 21:21:10 - [MESSAGE][PASSED] - uiaction.CommonUIActions.back is PASSED

2018-07-05 21:21:10 - [TEST_STEP][PASSED] - delay: Delayed 10 second(s)

2018-07-05 21:21:20 - [MESSAGE][PASSED] - Delayed 10 second(s)

2018-07-05 21:21:20 - [TEST_STEP][PASSED] - uiaction.CommonUIActions.click: uiaction.CommonUIActions.click is PASSED

2018-07-05 21:21:20 - [MESSAGE][PASSED] - uiaction.CommonUIActions.click is PASSED

2018-07-05 21:21:20 - [TEST_STEP][PASSED] - delay: Delayed 10 second(s)

2018-07-05 21:21:30 - [MESSAGE][PASSED] - Delayed 10 second(s)

2018-07-05 21:21:30 - [TEST_STEP][PASSED] - Statement - driver.findElement(org.openqa.selenium.By.xpath("//li/span/span/div/span[text()='" + grpName + "']/../../../../span[1]")).click(): null

2018-07-05 21:21:30 - [TEST_STEP][PASSED] - delay: Delayed 5 second(s)

2018-07-05 21:21:35 - [MESSAGE][PASSED] - Delayed 5 second(s)

2018-07-05 21:21:35 - [TEST_STEP][PASSED] - Statement - driver.findElement(org.openqa.selenium.By.xpath("//li/span/span/div/span[text()='" + grpName + "']/../../../../span[2]")).click(): null

2018-07-05 21:21:36 - [TEST_STEP][PASSED] - delay: Delayed 10 second(s)

2018-07-05 21:21:46 - [MESSAGE][PASSED] - Delayed 10 second(s)

2018-07-05 21:21:46 - [TEST_STEP][PASSED] - uiaction.CommonUIActions.click: uiaction.CommonUIActions.click is PASSED

2018-07-05 21:21:46 - [MESSAGE][PASSED] - uiaction.CommonUIActions.click is PASSED

2018-07-05 21:21:46 - [TEST_STEP][PASSED] - uiaction.CommonUIActions.click: uiaction.CommonUIActions.click is PASSED

2018-07-05 21:21:46 - [MESSAGE][PASSED] - uiaction.CommonUIActions.click is PASSED

2018-07-05 21:21:46 - [TEST_STEP][PASSED] - click: Object: 'Object Repository/ReportsPage/fromDateSelector' is clicked on

2018-07-05 21:21:46 - [MESSAGE][PASSED] - Object: 'Object Repository/ReportsPage/fromDateSelector' is clicked on

2018-07-05 21:21:46 - [TEST_STEP][PASSED] - delay: Delayed 5 second(s)

2018-07-05 21:21:51 - [MESSAGE][PASSED] - Delayed 5 second(s)

2018-07-05 21:21:51 - [TEST_STEP][PASSED] - Statement - monthText = com.kms.katalon.core.webui.keyword.WebUiBuiltInKeywords.getText(com.kms.katalon.core.testobject.ObjectRepository.findTestObject(ReportsPage/monthText)): Text of object 'Object Repository/ReportsPage/monthText' is: 'July 2018'

2018-07-05 21:21:51 - [MESSAGE][PASSED] - Text of object 'Object Repository/ReportsPage/monthText' is: 'July 2018'

2018-07-05 21:21:51 - [TEST_STEP][PASSED] - Statement - monthTextArray = monthText.split(" "): null

2018-07-05 21:21:51 - [TEST_STEP][PASSED] - Statement - month = monthTextArray[0]: null

2018-07-05 21:21:51 - [TEST_STEP][PASSED] - Statement - monthTextValue = CustomKeywords.projectSpecific.Reusability.getTestData("ReportsPage", "Month_May"): projectSpecific.Reusability.getTestData is PASSED

2018-07-05 21:21:51 - [MESSAGE][PASSED] - projectSpecific.Reusability.getTestData is PASSED

2018-07-05 21:21:51 - [TEST_STEP][PASSED] - Statement - If (!(monthTextValue.equals(month))): null

2018-07-05 21:21:51 - [TEST_STEP][PASSED] - Statement - While (!(monthTextValue.equals(month))): null

2018-07-05 21:21:51 - [TEST_STEP][PASSED] - click: Object: 'Object Repository/ReportsPage/previousDateSelector' is clicked on

2018-07-05 21:21:51 - [MESSAGE][PASSED] - Object: 'Object Repository/ReportsPage/previousDateSelector' is clicked on

2018-07-05 21:21:51 - [TEST_STEP][PASSED] - Statement - monthText = com.kms.katalon.core.webui.keyword.WebUiBuiltInKeywords.getText(com.kms.katalon.core.testobject.ObjectRepository.findTestObject(ReportsPage/monthText)): Text of object 'Object Repository/ReportsPage/monthText' is: 'June 2018'

2018-07-05 21:21:51 - [MESSAGE][PASSED] - Text of object 'Object Repository/ReportsPage/monthText' is: 'June 2018'

2018-07-05 21:21:51 - [TEST_STEP][PASSED] - Statement - monthTextArray = monthText.split(" "): null

2018-07-05 21:21:51 - [TEST_STEP][PASSED] - Statement - month = monthTextArray[0]: null

2018-07-05 21:21:51 - [TEST_STEP][PASSED] - click: Object: 'Object Repository/ReportsPage/previousDateSelector' is clicked on

2018-07-05 21:21:51 - [MESSAGE][PASSED] - Object: 'Object Repository/ReportsPage/previousDateSelector' is clicked on

2018-07-05 21:21:51 - [TEST_STEP][PASSED] - Statement - monthText = com.kms.katalon.core.webui.keyword.WebUiBuiltInKeywords.getText(com.kms.katalon.core.testobject.ObjectRepository.findTestObject(ReportsPage/monthText)): Text of object 'Object Repository/ReportsPage/monthText' is: 'May 2018'

2018-07-05 21:21:51 - [MESSAGE][PASSED] - Text of object 'Object Repository/ReportsPage/monthText' is: 'May 2018'

2018-07-05 21:21:51 - [TEST_STEP][PASSED] - Statement - monthTextArray = monthText.split(" "): null

2018-07-05 21:21:51 - [TEST_STEP][PASSED] - Statement - month = monthTextArray[0]: null

2018-07-05 21:21:51 - [TEST_STEP][PASSED] - Statement - data = CustomKeywords.projectSpecific.Reusability.getTestData("ReportsPage", "StartDate"): projectSpecific.Reusability.getTestData is PASSED

2018-07-05 21:21:51 - [MESSAGE][PASSED] - projectSpecific.Reusability.getTestData is PASSED

2018-07-05 21:21:51 - [TEST_STEP][PASSED] - Statement - startDate = "(//div[@class='rdtPicker']/div/table/tbody/tr/td[text()='" + data + "'])[1]": null

2018-07-05 21:21:51 - [TEST_STEP][PASSED] - Statement - println(startDate): null

2018-07-05 21:21:51 - [TEST_STEP][PASSED] - Statement - startdateEle = driver.findElement(org.openqa.selenium.By.xpath(startDate)): null

2018-07-05 21:21:51 - [TEST_STEP][PASSED] - Statement - startdateEle.click(): null

2018-07-05 21:21:51 - [TEST_STEP][PASSED] - delay: Delayed 5 second(s)

2018-07-05 21:21:56 - [MESSAGE][PASSED] - Delayed 5 second(s)

2018-07-05 21:21:56 - [TEST_STEP][PASSED] - click: Object: 'Object Repository/ReportsPage/toDateSelector' is clicked on

2018-07-05 21:21:57 - [MESSAGE][PASSED] - Object: 'Object Repository/ReportsPage/toDateSelector' is clicked on

2018-07-05 21:21:57 - [TEST_STEP][PASSED] - Statement - monthText = com.kms.katalon.core.webui.keyword.WebUiBuiltInKeywords.getText(com.kms.katalon.core.testobject.ObjectRepository.findTestObject(ReportsPage/monthText2)): Text of object 'Object Repository/ReportsPage/monthText2' is: 'July 2018'

2018-07-05 21:21:57 - [MESSAGE][PASSED] - Text of object 'Object Repository/ReportsPage/monthText2' is: 'July 2018'

2018-07-05 21:21:57 - [TEST_STEP][PASSED] - Statement - monthTextArray = monthText.split(" "): null

2018-07-05 21:21:57 - [TEST_STEP][PASSED] - Statement - month = monthTextArray[0]: null

2018-07-05 21:21:57 - [TEST_STEP][PASSED] - Statement - monthTextValue1 = CustomKeywords.projectSpecific.Reusability.getTestData("ReportsPage", "Month_May"): projectSpecific.Reusability.getTestData is PASSED

2018-07-05 21:21:57 - [MESSAGE][PASSED] - projectSpecific.Reusability.getTestData is PASSED

2018-07-05 21:21:57 - [TEST_STEP][PASSED] - Statement - If (!(monthTextValue1.equals(month))): null

2018-07-05 21:21:57 - [TEST_STEP][PASSED] - Statement - While (!(monthTextValue1.equals(month))): null

2018-07-05 21:21:57 - [TEST_STEP][PASSED] - click: Object: 'Object Repository/ReportsPage/previousDateSelector2' is clicked on

2018-07-05 21:21:57 - [MESSAGE][PASSED] - Object: 'Object Repository/ReportsPage/previousDateSelector2' is clicked on

2018-07-05 21:21:57 - [TEST_STEP][PASSED] - Statement - monthText = com.kms.katalon.core.webui.keyword.WebUiBuiltInKeywords.getText(com.kms.katalon.core.testobject.ObjectRepository.findTestObject(ReportsPage/monthText2)): Text of object 'Object Repository/ReportsPage/monthText2' is: 'June 2018'

2018-07-05 21:21:57 - [MESSAGE][PASSED] - Text of object 'Object Repository/ReportsPage/monthText2' is: 'June 2018'

2018-07-05 21:21:57 - [TEST_STEP][PASSED] - Statement - monthTextArray = monthText.split(" "): null

2018-07-05 21:21:57 - [TEST_STEP][PASSED] - Statement - month = monthTextArray[0]: null

2018-07-05 21:21:57 - [TEST_STEP][PASSED] - click: Object: 'Object Repository/ReportsPage/previousDateSelector2' is clicked on

2018-07-05 21:21:57 - [MESSAGE][PASSED] - Object: 'Object Repository/ReportsPage/previousDateSelector2' is clicked on

2018-07-05 21:21:57 - [TEST_STEP][PASSED] - Statement - monthText = com.kms.katalon.core.webui.keyword.WebUiBuiltInKeywords.getText(com.kms.katalon.core.testobject.ObjectRepository.findTestObject(ReportsPage/monthText2)): Text of object 'Object Repository/ReportsPage/monthText2' is: 'May 2018'

2018-07-05 21:21:57 - [MESSAGE][PASSED] - Text of object 'Object Repository/ReportsPage/monthText2' is: 'May 2018'

2018-07-05 21:21:57 - [TEST_STEP][PASSED] - Statement - monthTextArray = monthText.split(" "): null

2018-07-05 21:21:57 - [TEST_STEP][PASSED] - Statement - month = monthTextArray[0]: null

2018-07-05 21:21:57 - [TEST_STEP][PASSED] - Statement - endDate = CustomKeywords.projectSpecific.Reusability.getTestData("ReportsPage", "EndDate6"): projectSpecific.Reusability.getTestData is PASSED

2018-07-05 21:21:57 - [MESSAGE][PASSED] - projectSpecific.Reusability.getTestData is PASSED

2018-07-05 21:21:57 - [TEST_STEP][PASSED] - Statement - toDate = "(//div[@class='rdt date-time rdtOpen']/div[@class='rdtPicker']/div/table/tbody/tr/td[text()='" + endDate + "'])[1]": null

2018-07-05 21:21:57 - [TEST_STEP][PASSED] - Statement - println(toDate): null

2018-07-05 21:21:57 - [TEST_STEP][PASSED] - Statement - toDateEle = driver.findElement(org.openqa.selenium.By.xpath(toDate)): null

2018-07-05 21:21:57 - [TEST_STEP][PASSED] - Statement - toDateEle.click(): null

2018-07-05 21:21:57 - [TEST_STEP][PASSED] - delay: Delayed 5 second(s)

2018-07-05 21:22:02 - [MESSAGE][PASSED] - Delayed 5 second(s)

2018-07-05 21:22:02 - [TEST_STEP][PASSED] - Statement - dateAttr = com.kms.katalon.core.webui.keyword.WebUiBuiltInKeywords.getAttribute(com.kms.katalon.core.testobject.ObjectRepository.findTestObject(ReportsPage/selectedDate1), "value"): Attribute 'value' of object 'Object Repository/ReportsPage/selectedDate1' is: '05/01/2018'

2018-07-05 21:22:02 - [MESSAGE][PASSED] - Attribute 'value' of object 'Object Repository/ReportsPage/selectedDate1' is: '05/01/2018'

2018-07-05 21:22:02 - [TEST_STEP][PASSED] - Statement - fromDateValue = CustomKeywords.projectSpecific.Reusability.getTestData("ReportsPage", "May_Startdate"): projectSpecific.Reusability.getTestData is PASSED

2018-07-05 21:22:02 - [MESSAGE][PASSED] - projectSpecific.Reusability.getTestData is PASSED

2018-07-05 21:22:02 - [TEST_STEP][PASSED] - Statement - If (!(dateAttr.equals(fromDateValue))): null

2018-07-05 21:22:02 - [TEST_STEP][PASSED] - Statement - dateAttr = com.kms.katalon.core.webui.keyword.WebUiBuiltInKeywords.getAttribute(com.kms.katalon.core.testobject.ObjectRepository.findTestObject(ReportsPage/selectedDate2), "value"): Attribute 'value' of object 'Object Repository/ReportsPage/selectedDate2' is: '05/15/2018'

2018-07-05 21:22:02 - [MESSAGE][PASSED] - Attribute 'value' of object 'Object Repository/ReportsPage/selectedDate2' is: '05/15/2018'

2018-07-05 21:22:02 - [TEST_STEP][PASSED] - Statement - toDateValue = CustomKeywords.projectSpecific.Reusability.getTestData("ReportsPage", "May_SelectedDate"): projectSpecific.Reusability.getTestData is PASSED

2018-07-05 21:22:02 - [MESSAGE][PASSED] - projectSpecific.Reusability.getTestData is PASSED

2018-07-05 21:22:02 - [TEST_STEP][PASSED] - Statement - If (!(dateAttr.equals(toDateValue))): null

2018-07-05 21:22:02 - [TEST_STEP][PASSED] - delay: Delayed 10 second(s)

2018-07-05 21:22:12 - [MESSAGE][PASSED] - Delayed 10 second(s)

2018-07-05 21:22:12 - [TEST_STEP][PASSED] - uiaction.CommonUIActions.click: uiaction.CommonUIActions.click is PASSED

2018-07-05 21:22:12 - [MESSAGE][PASSED] - uiaction.CommonUIActions.click is PASSED

2018-07-05 21:22:12 - [TEST_STEP][PASSED] - Statement - Try: null

2018-07-05 21:22:12 - [TEST_STEP][PASSED] - Statement - templateHeading = CustomKeywords.projectSpecific.Reusability.getTestData("ReportsPage", "templateHeading"): projectSpecific.Reusability.getTestData is PASSED

2018-07-05 21:22:12 - [MESSAGE][PASSED] - projectSpecific.Reusability.getTestData is PASSED

2018-07-05 21:22:12 - [TEST_STEP][PASSED] - Statement - existingTemplatexpath = "//div[text()='" + templateHeading + "']/../div[2]": null

2018-07-05 21:22:12 - [TEST_STEP][PASSED] - Statement - existingTemplatedeleteLink = driver.findElement(org.openqa.selenium.By.xpath(existingTemplatexpath)): null

2018-07-05 21:22:12 - [TEST_STEP][PASSED] - Statement - If (existingTemplatedeleteLink.isDisplayed() == true): null

2018-07-05 21:22:12 - [TEST_STEP][PASSED] - click: Object: 'Object Repository/ReportsPage/saveTemplateChkBox' is clicked on

2018-07-05 21:22:12 - [MESSAGE][PASSED] - Object: 'Object Repository/ReportsPage/saveTemplateChkBox' is clicked on

2018-07-05 21:22:12 - [TEST_STEP][PASSED] - verifyElementChecked: Object 'Object Repository/ReportsPage/saveTemplateChkBox' is checked

2018-07-05 21:22:12 - [MESSAGE][PASSED] - Object 'Object Repository/ReportsPage/saveTemplateChkBox' is checked

2018-07-05 21:22:12 - [TEST_STEP][PASSED] - click: Object: 'Object Repository/ReportsPage/templateName' is clicked on

2018-07-05 21:22:12 - [MESSAGE][PASSED] - Object: 'Object Repository/ReportsPage/templateName' is clicked on

2018-07-05 21:22:12 - [TEST_STEP][PASSED] - uiaction.CommonUIActions.enter: uiaction.CommonUIActions.enter is PASSED

2018-07-05 21:22:12 - [MESSAGE][PASSED] - projectSpecific.Reusability.getTestData is PASSED

2018-07-05 21:22:13 - [MESSAGE][PASSED] - uiaction.CommonUIActions.enter is PASSED

2018-07-05 21:22:13 - [TEST_STEP][PASSED] - Statement - s1 = com.kms.katalon.core.webui.keyword.WebUiBuiltInKeywords.getAttribute(com.kms.katalon.core.testobject.ObjectRepository.findTestObject(ReportsPage/templateName), "value"): Attribute 'value' of object 'Object Repository/ReportsPage/templateName' is: 'March Weekly Report'

2018-07-05 21:22:13 - [MESSAGE][PASSED] - Attribute 'value' of object 'Object Repository/ReportsPage/templateName' is: 'March Weekly Report'

2018-07-05 21:22:13 - [TEST_STEP][PASSED] - Statement - execFlag = com.kms.katalon.core.webui.keyword.WebUiBuiltInKeywords.verifyMatch(s1, CustomKeywords.projectSpecific.Reusability.getTestData("ReportsPage", "templateHeading"), false): Actual text 'March Weekly Report' and expected text 'March Weekly Report' are matched 

2018-07-05 21:22:13 - [MESSAGE][PASSED] - projectSpecific.Reusability.getTestData is PASSED

2018-07-05 21:22:13 - [MESSAGE][PASSED] - Actual text 'March Weekly Report' and expected text 'March Weekly Report' are matched 

2018-07-05 21:22:13 - [TEST_STEP][PASSED] - Statement - If (!(execFlag)): null

2018-07-05 21:22:13 - [TEST_STEP][PASSED] - delay: Delayed 5 second(s)

2018-07-05 21:22:18 - [MESSAGE][PASSED] - Delayed 5 second(s)

2018-07-05 21:22:18 - [TEST_STEP][PASSED] - click: Object: 'Object Repository/ReportsPage/generateReport' is clicked on

2018-07-05 21:22:18 - [MESSAGE][PASSED] - Object: 'Object Repository/ReportsPage/generateReport' is clicked on

2018-07-05 21:22:18 - [TEST_STEP][PASSED] - delay: Delayed 10 second(s)

2018-07-05 21:22:28 - [MESSAGE][PASSED] - Delayed 10 second(s)

2018-07-05 21:22:28 - [TEST_STEP][PASSED] - Statement - goalStatisticsList = driver.findElements(org.openqa.selenium.By.xpath(com.kms.katalon.core.testdata.TestDataFactory.findTestData(OR_file).getValue(2, 27))): Reading excel file with source file 'C:\Users\shalinin\Katalon Studio\HME_DEVScripts\Data Files\HME_OR.xlsx' and sheet name 'Sheet1'

2018-07-05 21:22:28 - [TEST_STEP][PASSED] - Statement - groupSize = goalStatisticsList.size(): null

2018-07-05 21:22:28 - [TEST_STEP][PASSED] - Statement - actualgroupList = new java.util.ArrayList(): null

2018-07-05 21:22:28 - [TEST_STEP][PASSED] - Statement - For ([i = 0, i < groupSize, (i++)]): null

2018-07-05 21:22:28 - [TEST_STEP][PASSED] - Statement - actualgroupList.add(i, goalStatisticsList.get(i).getText()): null

2018-07-05 21:22:28 - [TEST_STEP][PASSED] - Statement - actualgroupList.add(i, goalStatisticsList.get(i).getText()): null

2018-07-05 21:22:28 - [TEST_STEP][PASSED] - Statement - actualgroupList.add(i, goalStatisticsList.get(i).getText()): null

2018-07-05 21:22:28 - [TEST_STEP][PASSED] - Statement - actualgroupList.add(i, goalStatisticsList.get(i).getText()): null

2018-07-05 21:22:28 - [TEST_STEP][PASSED] - Statement - actualgroupList.add(i, goalStatisticsList.get(i).getText()): null

2018-07-05 21:22:28 - [TEST_STEP][PASSED] - Statement - actualgroupList.add(i, goalStatisticsList.get(i).getText()): null

2018-07-05 21:22:28 - [TEST_STEP][PASSED] - Statement - actualgroupList.add(i, goalStatisticsList.get(i).getText()): null

2018-07-05 21:22:28 - [TEST_STEP][PASSED] - Statement - goalStatisticsdata = CustomKeywords.projectSpecific.Reusability.getTestData("SummarizedReportPage", "averageTimeHeader"): projectSpecific.Reusability.getTestData is PASSED

2018-07-05 21:22:28 - [MESSAGE][PASSED] - projectSpecific.Reusability.getTestData is PASSED

2018-07-05 21:22:28 - [TEST_STEP][PASSED] - Statement - goalStatisticsdataArray = goalStatisticsdata.split(","): null

2018-07-05 21:22:28 - [TEST_STEP][PASSED] - Statement - goalStatisticsdataList = new java.util.ArrayList(java.util.Arrays.asList(goalStatisticsdataArray)): null

2018-07-05 21:22:28 - [TEST_STEP][PASSED] - Statement - goalStatisticsdataList.unique(): null

2018-07-05 21:22:28 - [TEST_STEP][PASSED] - Statement - out.println(goalStatisticsdataList): null

2018-07-05 21:22:28 - [TEST_STEP][PASSED] - Statement - matchFound = true: null

2018-07-05 21:22:28 - [TEST_STEP][PASSED] - Statement - For ([j = 0, j < actualgroupList.size(), (j++)]): null

2018-07-05 21:22:28 - [TEST_STEP][PASSED] - Statement - matchFound = com.kms.katalon.core.webui.keyword.WebUiBuiltInKeywords.verifyMatch(actualgroupList.get(j).toString().trim(), goalStatisticsdataList.get(j).toString().trim(), false): Actual text 'Week' and expected text 'Week' are matched 

2018-07-05 21:22:28 - [MESSAGE][PASSED] - Actual text 'Week' and expected text 'Week' are matched 

2018-07-05 21:22:28 - [TEST_STEP][PASSED] - Statement - If (!(matchFound)): null

2018-07-05 21:22:28 - [TEST_STEP][PASSED] - Statement - matchFound = com.kms.katalon.core.webui.keyword.WebUiBuiltInKeywords.verifyMatch(actualgroupList.get(j).toString().trim(), goalStatisticsdataList.get(j).toString().trim(), false): Actual text 'Menu Board' and expected text 'Menu Board' are matched 

2018-07-05 21:22:28 - [MESSAGE][PASSED] - Actual text 'Menu Board' and expected text 'Menu Board' are matched 

2018-07-05 21:22:28 - [TEST_STEP][PASSED] - Statement - If (!(matchFound)): null

2018-07-05 21:22:28 - [TEST_STEP][PASSED] - Statement - matchFound = com.kms.katalon.core.webui.keyword.WebUiBuiltInKeywords.verifyMatch(actualgroupList.get(j).toString().trim(), goalStatisticsdataList.get(j).toString().trim(), false): Actual text 'Greet' and expected text 'Greet' are matched 

2018-07-05 21:22:28 - [MESSAGE][PASSED] - Actual text 'Greet' and expected text 'Greet' are matched 

2018-07-05 21:22:28 - [TEST_STEP][PASSED] - Statement - If (!(matchFound)): null

2018-07-05 21:22:28 - [TEST_STEP][PASSED] - Statement - matchFound = com.kms.katalon.core.webui.keyword.WebUiBuiltInKeywords.verifyMatch(actualgroupList.get(j).toString().trim(), goalStatisticsdataList.get(j).toString().trim(), false): Actual text 'Service' and expected text 'Service' are matched 

2018-07-05 21:22:28 - [MESSAGE][PASSED] - Actual text 'Service' and expected text 'Service' are matched 

2018-07-05 21:22:28 - [TEST_STEP][PASSED] - Statement - If (!(matchFound)): null

2018-07-05 21:22:28 - [TEST_STEP][PASSED] - Statement - matchFound = com.kms.katalon.core.webui.keyword.WebUiBuiltInKeywords.verifyMatch(actualgroupList.get(j).toString().trim(), goalStatisticsdataList.get(j).toString().trim(), false): Actual text 'Lane Queue' and expected text 'Lane Queue' are matched 

2018-07-05 21:22:28 - [MESSAGE][PASSED] - Actual text 'Lane Queue' and expected text 'Lane Queue' are matched 

2018-07-05 21:22:28 - [TEST_STEP][PASSED] - Statement - If (!(matchFound)): null

2018-07-05 21:22:28 - [TEST_STEP][PASSED] - Statement - matchFound = com.kms.katalon.core.webui.keyword.WebUiBuiltInKeywords.verifyMatch(actualgroupList.get(j).toString().trim(), goalStatisticsdataList.get(j).toString().trim(), false): Actual text 'Lane Total' and expected text 'Lane Total' are matched 

2018-07-05 21:22:28 - [MESSAGE][PASSED] - Actual text 'Lane Total' and expected text 'Lane Total' are matched 

2018-07-05 21:22:28 - [TEST_STEP][PASSED] - Statement - If (!(matchFound)): null

2018-07-05 21:22:28 - [TEST_STEP][PASSED] - Statement - matchFound = com.kms.katalon.core.webui.keyword.WebUiBuiltInKeywords.verifyMatch(actualgroupList.get(j).toString().trim(), goalStatisticsdataList.get(j).toString().trim(), false): Actual text 'Total Cars' and expected text 'Total Cars' are matched 

2018-07-05 21:22:28 - [MESSAGE][PASSED] - Actual text 'Total Cars' and expected text 'Total Cars' are matched 

2018-07-05 21:22:28 - [TEST_STEP][PASSED] - Statement - If (!(matchFound)): null

2018-07-05 21:22:28 - [TEST_STEP][PASSED] - Statement - If (matchFound): null

2018-07-05 21:22:28 - [TEST_STEP][PASSED] - Statement - out.println("GoalStatistics Columns are verified"): null

2018-07-05 21:22:28 - [TEST_STEP][PASSED] - delay: Delayed 10 second(s)

2018-07-05 21:22:38 - [MESSAGE][PASSED] - Delayed 10 second(s)

2018-07-05 21:22:38 - [TEST_STEP][PASSED] - Statement - goalList = driver.findElements(org.openqa.selenium.By.xpath(com.kms.katalon.core.testdata.TestDataFactory.findTestData(OR_file).getValue(2, 31))): Reading excel file with source file 'C:\Users\shalinin\Katalon Studio\HME_DEVScripts\Data Files\HME_OR.xlsx' and sheet name 'Sheet1'

2018-07-05 21:22:38 - [TEST_STEP][PASSED] - Statement - groupSize = goalList.size(): null

2018-07-05 21:22:38 - [TEST_STEP][PASSED] - Statement - actualgroupList = new java.util.ArrayList(): null

2018-07-05 21:22:38 - [TEST_STEP][PASSED] - Statement - For ([i = 0, i < groupSize, (i++)]): null

2018-07-05 21:22:38 - [TEST_STEP][PASSED] - Statement - actualgroupList.add(i, goalList.get(i).getText()): null

2018-07-05 21:22:38 - [TEST_STEP][PASSED] - Statement - actualgroupList.add(i, goalList.get(i).getText()): null

2018-07-05 21:22:38 - [TEST_STEP][PASSED] - Statement - actualgroupList.add(i, goalList.get(i).getText()): null

2018-07-05 21:22:38 - [TEST_STEP][PASSED] - Statement - actualgroupList.add(i, goalList.get(i).getText()): null

2018-07-05 21:22:38 - [TEST_STEP][PASSED] - Statement - actualgroupList.add(i, goalList.get(i).getText()): null

2018-07-05 21:22:38 - [TEST_STEP][PASSED] - Statement - goaldata = CustomKeywords.projectSpecific.Reusability.getTestData("SummarizedReportPage", "goals"): projectSpecific.Reusability.getTestData is PASSED

2018-07-05 21:22:38 - [MESSAGE][PASSED] - projectSpecific.Reusability.getTestData is PASSED

2018-07-05 21:22:38 - [TEST_STEP][PASSED] - Statement - goaldataArray = goaldata.split(","): null

2018-07-05 21:22:38 - [TEST_STEP][PASSED] - Statement - goaldataList = new java.util.ArrayList(java.util.Arrays.asList(goaldataArray)): null

2018-07-05 21:22:38 - [TEST_STEP][PASSED] - Statement - goaldataList.unique(): null

2018-07-05 21:22:38 - [TEST_STEP][PASSED] - Statement - out.println(goaldataList): null

2018-07-05 21:22:38 - [TEST_STEP][PASSED] - Statement - matchFound = true: null

2018-07-05 21:22:38 - [TEST_STEP][PASSED] - Statement - For ([j = 0, j < actualgroupList.size(), (j++)]): null

2018-07-05 21:22:38 - [TEST_STEP][PASSED] - Statement - matchFound = com.kms.katalon.core.webui.keyword.WebUiBuiltInKeywords.verifyMatch(actualgroupList.get(j).toString().trim(), goaldataList.get(j).toString().trim(), false): Actual text '< Goal A (min:sec)' and expected text '< Goal A (min:sec)' are matched 

2018-07-05 21:22:38 - [MESSAGE][PASSED] - Actual text '< Goal A (min:sec)' and expected text '< Goal A (min:sec)' are matched 

2018-07-05 21:22:38 - [TEST_STEP][PASSED] - Statement - If (!(matchFound)): null

2018-07-05 21:22:38 - [TEST_STEP][PASSED] - Statement - matchFound = com.kms.katalon.core.webui.keyword.WebUiBuiltInKeywords.verifyMatch(actualgroupList.get(j).toString().trim(), goaldataList.get(j).toString().trim(), false): Actual text '< Goal B (min:sec)' and expected text '< Goal B (min:sec)' are matched 

2018-07-05 21:22:38 - [MESSAGE][PASSED] - Actual text '< Goal B (min:sec)' and expected text '< Goal B (min:sec)' are matched 

2018-07-05 21:22:38 - [TEST_STEP][PASSED] - Statement - If (!(matchFound)): null

2018-07-05 21:22:38 - [TEST_STEP][PASSED] - Statement - matchFound = com.kms.katalon.core.webui.keyword.WebUiBuiltInKeywords.verifyMatch(actualgroupList.get(j).toString().trim(), goaldataList.get(j).toString().trim(), false): Actual text '< Goal C (min:sec)' and expected text '< Goal C (min:sec)' are matched 

2018-07-05 21:22:38 - [MESSAGE][PASSED] - Actual text '< Goal C (min:sec)' and expected text '< Goal C (min:sec)' are matched 

2018-07-05 21:22:38 - [TEST_STEP][PASSED] - Statement - If (!(matchFound)): null

2018-07-05 21:22:38 - [TEST_STEP][PASSED] - Statement - matchFound = com.kms.katalon.core.webui.keyword.WebUiBuiltInKeywords.verifyMatch(actualgroupList.get(j).toString().trim(), goaldataList.get(j).toString().trim(), false): Actual text '< Goal D (min:sec)' and expected text '< Goal D (min:sec)' are matched 

2018-07-05 21:22:38 - [MESSAGE][PASSED] - Actual text '< Goal D (min:sec)' and expected text '< Goal D (min:sec)' are matched 

2018-07-05 21:22:38 - [TEST_STEP][PASSED] - Statement - If (!(matchFound)): null

2018-07-05 21:22:38 - [TEST_STEP][PASSED] - Statement - matchFound = com.kms.katalon.core.webui.keyword.WebUiBuiltInKeywords.verifyMatch(actualgroupList.get(j).toString().trim(), goaldataList.get(j).toString().trim(), false): Actual text '> Goal D (min:sec)' and expected text '> Goal D (min:sec)' are matched 

2018-07-05 21:22:38 - [MESSAGE][PASSED] - Actual text '> Goal D (min:sec)' and expected text '> Goal D (min:sec)' are matched 

2018-07-05 21:22:38 - [TEST_STEP][PASSED] - Statement - If (!(matchFound)): null

2018-07-05 21:22:38 - [TEST_STEP][PASSED] - Statement - If (matchFound): null

2018-07-05 21:22:38 - [TEST_STEP][PASSED] - Statement - out.println("Goal Columns are verified"): null

2018-07-05 21:22:38 - [TEST_STEP][PASSED] - delay: Delayed 10 second(s)

2018-07-05 21:22:48 - [MESSAGE][PASSED] - Delayed 10 second(s)

2018-07-05 21:22:48 - [TEST_STEP][PASSED] - Statement - goalAText = CustomKeywords.projectSpecific.Reusability.getTestData("SummarizedReportPage", "goalA"): projectSpecific.Reusability.getTestData is PASSED

2018-07-05 21:22:49 - [MESSAGE][PASSED] - projectSpecific.Reusability.getTestData is PASSED

2018-07-05 21:22:49 - [TEST_STEP][PASSED] - Statement - goalAText1 = CustomKeywords.uiaction.CommonUIActions.getText(com.kms.katalon.core.testobject.ObjectRepository.findTestObject(SummarizedReportPage/goalAText)): uiaction.CommonUIActions.getText is PASSED

2018-07-05 21:22:49 - [MESSAGE][PASSED] - uiaction.CommonUIActions.getText is PASSED

2018-07-05 21:22:49 - [TEST_STEP][PASSED] - Statement - confirm = goalAText1.trim().contains(goalAText.trim()): null

2018-07-05 21:22:49 - [TEST_STEP][PASSED] - Statement - If (confirm): null

2018-07-05 21:22:49 - [TEST_STEP][PASSED] - Statement - out.println("Goal A Report is verified"): null

2018-07-05 21:22:49 - [TEST_STEP][PASSED] - Statement - goalAdata = CustomKeywords.projectSpecific.Reusability.getTestData("SummarizedReportPage", "goalAText"): projectSpecific.Reusability.getTestData is PASSED

2018-07-05 21:22:49 - [MESSAGE][PASSED] - projectSpecific.Reusability.getTestData is PASSED

2018-07-05 21:22:49 - [TEST_STEP][PASSED] - Statement - println(goalAdata): null

2018-07-05 21:22:49 - [TEST_STEP][PASSED] - Statement - goalAdataArray = goalAdata.split(","): null

2018-07-05 21:22:49 - [TEST_STEP][PASSED] - Statement - goalAdataList = new java.util.ArrayList(java.util.Arrays.asList(goalAdataArray)): null

2018-07-05 21:22:49 - [TEST_STEP][PASSED] - Statement - out.println(goalAdataList): null

2018-07-05 21:22:49 - [TEST_STEP][PASSED] - Statement - matchFound = true: null

2018-07-05 21:22:49 - [TEST_STEP][PASSED] - Statement - goaldataList2 = driver.findElements(org.openqa.selenium.By.xpath(com.kms.katalon.core.testdata.TestDataFactory.findTestData(OR_file).getValue(2, 33))): Reading excel file with source file 'C:\Users\shalinin\Katalon Studio\HME_DEVScripts\Data Files\HME_OR.xlsx' and sheet name 'Sheet1'

2018-07-05 21:22:49 - [TEST_STEP][PASSED] - Statement - groupSize = goaldataList2.size(): null

2018-07-05 21:22:49 - [TEST_STEP][PASSED] - Statement - actualgroupList = new java.util.ArrayList(): null

2018-07-05 21:22:49 - [TEST_STEP][PASSED] - Statement - For ([i = 0, i < groupSize, (i++)]): null

2018-07-05 21:22:49 - [TEST_STEP][PASSED] - Statement - actualgroupList.add(i, goaldataList2.get(i).getText()): null

2018-07-05 21:22:49 - [TEST_STEP][PASSED] - Statement - actualgroupList.add(i, goaldataList2.get(i).getText()): null

2018-07-05 21:22:49 - [TEST_STEP][PASSED] - Statement - actualgroupList.add(i, goaldataList2.get(i).getText()): null

2018-07-05 21:22:49 - [TEST_STEP][PASSED] - Statement - actualgroupList.add(i, goaldataList2.get(i).getText()): null

2018-07-05 21:22:49 - [TEST_STEP][PASSED] - Statement - actualgroupList.add(i, goaldataList2.get(i).getText()): null

2018-07-05 21:22:49 - [TEST_STEP][PASSED] - Statement - actualgroupList.add(i, goaldataList2.get(i).getText()): null

2018-07-05 21:22:49 - [TEST_STEP][PASSED] - Statement - For ([j = 1, j <= 5, (j++)]): null

2018-07-05 21:22:49 - [TEST_STEP][PASSED] - Statement - matchFound = com.kms.katalon.core.webui.keyword.WebUiBuiltInKeywords.verifyMatch(actualgroupList.get(j).toString().trim(), goalAdataList.get(j - 1).toString().trim(), false): Actual text '0:30' and expected text '0:30' are matched 

2018-07-05 21:22:49 - [MESSAGE][PASSED] - Actual text '0:30' and expected text '0:30' are matched 

2018-07-05 21:22:49 - [TEST_STEP][PASSED] - Statement - If (!(matchFound)): null

2018-07-05 21:22:49 - [TEST_STEP][PASSED] - Statement - matchFound = com.kms.katalon.core.webui.keyword.WebUiBuiltInKeywords.verifyMatch(actualgroupList.get(j).toString().trim(), goalAdataList.get(j - 1).toString().trim(), false): Actual text '0:5' and expected text '0:5' are matched 

2018-07-05 21:22:49 - [MESSAGE][PASSED] - Actual text '0:5' and expected text '0:5' are matched 

2018-07-05 21:22:49 - [TEST_STEP][PASSED] - Statement - If (!(matchFound)): null

2018-07-05 21:22:49 - [TEST_STEP][PASSED] - Statement - matchFound = com.kms.katalon.core.webui.keyword.WebUiBuiltInKeywords.verifyMatch(actualgroupList.get(j).toString().trim(), goalAdataList.get(j - 1).toString().trim(), false): Actual text '0:30' and expected text '0:30' are matched 

2018-07-05 21:22:49 - [MESSAGE][PASSED] - Actual text '0:30' and expected text '0:30' are matched 

2018-07-05 21:22:49 - [TEST_STEP][PASSED] - Statement - If (!(matchFound)): null

2018-07-05 21:22:49 - [TEST_STEP][PASSED] - Statement - matchFound = com.kms.katalon.core.webui.keyword.WebUiBuiltInKeywords.verifyMatch(actualgroupList.get(j).toString().trim(), goalAdataList.get(j - 1).toString().trim(), false): Actual text '0:30' and expected text '0:30' are matched 

2018-07-05 21:22:49 - [MESSAGE][PASSED] - Actual text '0:30' and expected text '0:30' are matched 

2018-07-05 21:22:49 - [TEST_STEP][PASSED] - Statement - If (!(matchFound)): null

2018-07-05 21:22:49 - [TEST_STEP][PASSED] - Statement - matchFound = com.kms.katalon.core.webui.keyword.WebUiBuiltInKeywords.verifyMatch(actualgroupList.get(j).toString().trim(), goalAdataList.get(j - 1).toString().trim(), false): Actual text '1:30' and expected text '1:30' are matched 

2018-07-05 21:22:49 - [MESSAGE][PASSED] - Actual text '1:30' and expected text '1:30' are matched 

2018-07-05 21:22:49 - [TEST_STEP][PASSED] - Statement - If (!(matchFound)): null

2018-07-05 21:22:49 - [TEST_STEP][PASSED] - Statement - If (matchFound): null

2018-07-05 21:22:49 - [TEST_STEP][PASSED] - Statement - out.println("Goal A Columns are verified"): null

2018-07-05 21:22:49 - [TEST_STEP][PASSED] - delay: Delayed 10 second(s)

2018-07-05 21:22:59 - [MESSAGE][PASSED] - Delayed 10 second(s)

2018-07-05 21:22:59 - [TEST_STEP][PASSED] - Statement - goalBText = CustomKeywords.projectSpecific.Reusability.getTestData("SummarizedReportPage", "goalB"): projectSpecific.Reusability.getTestData is PASSED

2018-07-05 21:22:59 - [MESSAGE][PASSED] - projectSpecific.Reusability.getTestData is PASSED

2018-07-05 21:22:59 - [TEST_STEP][PASSED] - Statement - goalBText1 = CustomKeywords.uiaction.CommonUIActions.getText(com.kms.katalon.core.testobject.ObjectRepository.findTestObject(SummarizedReportPage/goalBText)): uiaction.CommonUIActions.getText is PASSED

2018-07-05 21:22:59 - [MESSAGE][PASSED] - uiaction.CommonUIActions.getText is PASSED

2018-07-05 21:22:59 - [TEST_STEP][PASSED] - Statement - confirm = goalBText1.trim().contains(goalBText.trim()): null

2018-07-05 21:22:59 - [TEST_STEP][PASSED] - Statement - If (confirm): null

2018-07-05 21:22:59 - [TEST_STEP][PASSED] - Statement - out.println("Goal B Report is verified"): null

2018-07-05 21:22:59 - [TEST_STEP][PASSED] - Statement - goalBdata = CustomKeywords.projectSpecific.Reusability.getTestData("SummarizedReportPage", "goalBText"): projectSpecific.Reusability.getTestData is PASSED

2018-07-05 21:22:59 - [MESSAGE][PASSED] - projectSpecific.Reusability.getTestData is PASSED

2018-07-05 21:22:59 - [TEST_STEP][PASSED] - Statement - println(goalBdata): null

2018-07-05 21:22:59 - [TEST_STEP][PASSED] - Statement - goalBdataArray = goalBdata.split(","): null

2018-07-05 21:22:59 - [TEST_STEP][PASSED] - Statement - goalBdataList = new java.util.ArrayList(java.util.Arrays.asList(goalBdataArray)): null

2018-07-05 21:22:59 - [TEST_STEP][PASSED] - Statement - out.println(goalBdataList): null

2018-07-05 21:22:59 - [TEST_STEP][PASSED] - Statement - matchFound = true: null

2018-07-05 21:22:59 - [TEST_STEP][PASSED] - Statement - i = 0: null

2018-07-05 21:22:59 - [TEST_STEP][PASSED] - Statement - goaldataList2 = driver.findElements(org.openqa.selenium.By.xpath(com.kms.katalon.core.testdata.TestDataFactory.findTestData(OR_file).getValue(2, 34))): Reading excel file with source file 'C:\Users\shalinin\Katalon Studio\HME_DEVScripts\Data Files\HME_OR.xlsx' and sheet name 'Sheet1'

2018-07-05 21:22:59 - [TEST_STEP][PASSED] - Statement - groupSize = goaldataList2.size(): null

2018-07-05 21:22:59 - [TEST_STEP][PASSED] - Statement - actualgroupList = new java.util.ArrayList(): null

2018-07-05 21:22:59 - [TEST_STEP][PASSED] - Statement - For ([i = 0, i < groupSize, (i++)]): null

2018-07-05 21:22:59 - [TEST_STEP][PASSED] - Statement - actualgroupList.add(i, goaldataList2.get(i).getText()): null

2018-07-05 21:22:59 - [TEST_STEP][PASSED] - Statement - actualgroupList.add(i, goaldataList2.get(i).getText()): null

2018-07-05 21:22:59 - [TEST_STEP][PASSED] - Statement - actualgroupList.add(i, goaldataList2.get(i).getText()): null

2018-07-05 21:22:59 - [TEST_STEP][PASSED] - Statement - actualgroupList.add(i, goaldataList2.get(i).getText()): null

2018-07-05 21:22:59 - [TEST_STEP][PASSED] - Statement - actualgroupList.add(i, goaldataList2.get(i).getText()): null

2018-07-05 21:22:59 - [TEST_STEP][PASSED] - Statement - actualgroupList.add(i, goaldataList2.get(i).getText()): null

2018-07-05 21:22:59 - [TEST_STEP][PASSED] - Statement - For ([j = 1, j <= 5, (j++)]): null

2018-07-05 21:22:59 - [TEST_STEP][PASSED] - Statement - matchFound = com.kms.katalon.core.webui.keyword.WebUiBuiltInKeywords.verifyMatch(actualgroupList.get(j).toString().trim(), goalBdataList.get(j - 1).toString().trim(), false): Actual text '1:00' and expected text '1:00' are matched 

2018-07-05 21:22:59 - [MESSAGE][PASSED] - Actual text '1:00' and expected text '1:00' are matched 

2018-07-05 21:22:59 - [TEST_STEP][PASSED] - Statement - If (!(matchFound)): null

2018-07-05 21:22:59 - [TEST_STEP][PASSED] - Statement - matchFound = com.kms.katalon.core.webui.keyword.WebUiBuiltInKeywords.verifyMatch(actualgroupList.get(j).toString().trim(), goalBdataList.get(j - 1).toString().trim(), false): Actual text '0:10' and expected text '0:10' are matched 

2018-07-05 21:22:59 - [MESSAGE][PASSED] - Actual text '0:10' and expected text '0:10' are matched 

2018-07-05 21:22:59 - [TEST_STEP][PASSED] - Statement - If (!(matchFound)): null

2018-07-05 21:22:59 - [TEST_STEP][PASSED] - Statement - matchFound = com.kms.katalon.core.webui.keyword.WebUiBuiltInKeywords.verifyMatch(actualgroupList.get(j).toString().trim(), goalBdataList.get(j - 1).toString().trim(), false): Actual text '1:00' and expected text '1:00' are matched 

2018-07-05 21:22:59 - [MESSAGE][PASSED] - Actual text '1:00' and expected text '1:00' are matched 

2018-07-05 21:22:59 - [TEST_STEP][PASSED] - Statement - If (!(matchFound)): null

2018-07-05 21:22:59 - [TEST_STEP][PASSED] - Statement - matchFound = com.kms.katalon.core.webui.keyword.WebUiBuiltInKeywords.verifyMatch(actualgroupList.get(j).toString().trim(), goalBdataList.get(j - 1).toString().trim(), false): Actual text '0:30' and expected text '0:30' are matched 

2018-07-05 21:22:59 - [MESSAGE][PASSED] - Actual text '0:30' and expected text '0:30' are matched 

2018-07-05 21:22:59 - [TEST_STEP][PASSED] - Statement - If (!(matchFound)): null

2018-07-05 21:22:59 - [TEST_STEP][PASSED] - Statement - matchFound = com.kms.katalon.core.webui.keyword.WebUiBuiltInKeywords.verifyMatch(actualgroupList.get(j).toString().trim(), goalBdataList.get(j - 1).toString().trim(), false): Actual text '2:30' and expected text '2:30' are matched 

2018-07-05 21:22:59 - [MESSAGE][PASSED] - Actual text '2:30' and expected text '2:30' are matched 

2018-07-05 21:22:59 - [TEST_STEP][PASSED] - Statement - If (!(matchFound)): null

2018-07-05 21:22:59 - [TEST_STEP][PASSED] - Statement - If (matchFound): null

2018-07-05 21:22:59 - [TEST_STEP][PASSED] - Statement - out.println("Goal B Columns are verified"): null

2018-07-05 21:22:59 - [TEST_STEP][PASSED] - delay: Delayed 10 second(s)

2018-07-05 21:23:09 - [MESSAGE][PASSED] - Delayed 10 second(s)

2018-07-05 21:23:09 - [TEST_STEP][PASSED] - Statement - goalCText = CustomKeywords.projectSpecific.Reusability.getTestData("SummarizedReportPage", "goalC"): projectSpecific.Reusability.getTestData is PASSED

2018-07-05 21:23:09 - [MESSAGE][PASSED] - projectSpecific.Reusability.getTestData is PASSED

2018-07-05 21:23:09 - [TEST_STEP][PASSED] - Statement - goalCText1 = CustomKeywords.uiaction.CommonUIActions.getText(com.kms.katalon.core.testobject.ObjectRepository.findTestObject(SummarizedReportPage/goalCText)): uiaction.CommonUIActions.getText is PASSED

2018-07-05 21:23:09 - [MESSAGE][PASSED] - uiaction.CommonUIActions.getText is PASSED

2018-07-05 21:23:09 - [TEST_STEP][PASSED] - Statement - confirm = goalCText1.trim().contains(goalCText.trim()): null

2018-07-05 21:23:09 - [TEST_STEP][PASSED] - Statement - If (confirm): null

2018-07-05 21:23:09 - [TEST_STEP][PASSED] - Statement - out.println("Goal C Report is verified"): null

2018-07-05 21:23:09 - [TEST_STEP][PASSED] - Statement - goalCdata = CustomKeywords.projectSpecific.Reusability.getTestData("SummarizedReportPage", "goalCText"): projectSpecific.Reusability.getTestData is PASSED

2018-07-05 21:23:09 - [MESSAGE][PASSED] - projectSpecific.Reusability.getTestData is PASSED

2018-07-05 21:23:09 - [TEST_STEP][PASSED] - Statement - println(goalCdata): null

2018-07-05 21:23:09 - [TEST_STEP][PASSED] - Statement - goalCdataArray = goalCdata.split(","): null

2018-07-05 21:23:09 - [TEST_STEP][PASSED] - Statement - goalCdataList = new java.util.ArrayList(java.util.Arrays.asList(goalCdataArray)): null

2018-07-05 21:23:09 - [TEST_STEP][PASSED] - Statement - out.println(goalCdataList): null

2018-07-05 21:23:09 - [TEST_STEP][PASSED] - Statement - matchFound = true: null

2018-07-05 21:23:09 - [TEST_STEP][PASSED] - Statement - i = 0: null

2018-07-05 21:23:09 - [TEST_STEP][PASSED] - Statement - goaldataList2 = driver.findElements(org.openqa.selenium.By.xpath(com.kms.katalon.core.testdata.TestDataFactory.findTestData(OR_file).getValue(2, 35))): Reading excel file with source file 'C:\Users\shalinin\Katalon Studio\HME_DEVScripts\Data Files\HME_OR.xlsx' and sheet name 'Sheet1'

2018-07-05 21:23:09 - [TEST_STEP][PASSED] - Statement - groupSize = goaldataList2.size(): null

2018-07-05 21:23:09 - [TEST_STEP][PASSED] - Statement - actualgroupList = new java.util.ArrayList(): null

2018-07-05 21:23:09 - [TEST_STEP][PASSED] - Statement - For ([i = 0, i < groupSize, (i++)]): null

2018-07-05 21:23:09 - [TEST_STEP][PASSED] - Statement - actualgroupList.add(i, goaldataList2.get(i).getText()): null

2018-07-05 21:23:09 - [TEST_STEP][PASSED] - Statement - actualgroupList.add(i, goaldataList2.get(i).getText()): null

2018-07-05 21:23:09 - [TEST_STEP][PASSED] - Statement - actualgroupList.add(i, goaldataList2.get(i).getText()): null

2018-07-05 21:23:09 - [TEST_STEP][PASSED] - Statement - actualgroupList.add(i, goaldataList2.get(i).getText()): null

2018-07-05 21:23:09 - [TEST_STEP][PASSED] - Statement - actualgroupList.add(i, goaldataList2.get(i).getText()): null

2018-07-05 21:23:09 - [TEST_STEP][PASSED] - Statement - actualgroupList.add(i, goaldataList2.get(i).getText()): null

2018-07-05 21:23:09 - [TEST_STEP][PASSED] - Statement - For ([j = 1, j <= 5, (j++)]): null

2018-07-05 21:23:09 - [TEST_STEP][PASSED] - Statement - matchFound = com.kms.katalon.core.webui.keyword.WebUiBuiltInKeywords.verifyMatch(actualgroupList.get(j).toString().trim(), goalCdataList.get(i).toString().trim(), false): Actual text '1:30' and expected text '1:30' are matched 

2018-07-05 21:23:09 - [MESSAGE][PASSED] - Actual text '1:30' and expected text '1:30' are matched 

2018-07-05 21:23:09 - [TEST_STEP][PASSED] - Statement - (i++): null

2018-07-05 21:23:09 - [TEST_STEP][PASSED] - Statement - If (!(matchFound)): null

2018-07-05 21:23:09 - [TEST_STEP][PASSED] - Statement - matchFound = com.kms.katalon.core.webui.keyword.WebUiBuiltInKeywords.verifyMatch(actualgroupList.get(j).toString().trim(), goalCdataList.get(i).toString().trim(), false): Actual text '0:15' and expected text '0:15' are matched 

2018-07-05 21:23:09 - [MESSAGE][PASSED] - Actual text '0:15' and expected text '0:15' are matched 

2018-07-05 21:23:09 - [TEST_STEP][PASSED] - Statement - (i++): null

2018-07-05 21:23:09 - [TEST_STEP][PASSED] - Statement - If (!(matchFound)): null

2018-07-05 21:23:09 - [TEST_STEP][PASSED] - Statement - matchFound = com.kms.katalon.core.webui.keyword.WebUiBuiltInKeywords.verifyMatch(actualgroupList.get(j).toString().trim(), goalCdataList.get(i).toString().trim(), false): Actual text '1:30' and expected text '1:30' are matched 

2018-07-05 21:23:09 - [MESSAGE][PASSED] - Actual text '1:30' and expected text '1:30' are matched 

2018-07-05 21:23:09 - [TEST_STEP][PASSED] - Statement - (i++): null

2018-07-05 21:23:09 - [TEST_STEP][PASSED] - Statement - If (!(matchFound)): null

2018-07-05 21:23:09 - [TEST_STEP][PASSED] - Statement - matchFound = com.kms.katalon.core.webui.keyword.WebUiBuiltInKeywords.verifyMatch(actualgroupList.get(j).toString().trim(), goalCdataList.get(i).toString().trim(), false): Actual text '2:00' and expected text '2:00' are matched 

2018-07-05 21:23:09 - [MESSAGE][PASSED] - Actual text '2:00' and expected text '2:00' are matched 

2018-07-05 21:23:09 - [TEST_STEP][PASSED] - Statement - (i++): null

2018-07-05 21:23:09 - [TEST_STEP][PASSED] - Statement - If (!(matchFound)): null

2018-07-05 21:23:09 - [TEST_STEP][PASSED] - Statement - matchFound = com.kms.katalon.core.webui.keyword.WebUiBuiltInKeywords.verifyMatch(actualgroupList.get(j).toString().trim(), goalCdataList.get(i).toString().trim(), false): Actual text '5:00' and expected text '5:00' are matched 

2018-07-05 21:23:09 - [MESSAGE][PASSED] - Actual text '5:00' and expected text '5:00' are matched 

2018-07-05 21:23:09 - [TEST_STEP][PASSED] - Statement - (i++): null

2018-07-05 21:23:09 - [TEST_STEP][PASSED] - Statement - If (!(matchFound)): null

2018-07-05 21:23:09 - [TEST_STEP][PASSED] - Statement - If (matchFound): null

2018-07-05 21:23:09 - [TEST_STEP][PASSED] - Statement - out.println("Goal C Columns are verified"): null

2018-07-05 21:23:09 - [TEST_STEP][PASSED] - delay: Delayed 10 second(s)

2018-07-05 21:23:19 - [MESSAGE][PASSED] - Delayed 10 second(s)

2018-07-05 21:23:19 - [TEST_STEP][PASSED] - Statement - goalDText = CustomKeywords.projectSpecific.Reusability.getTestData("SummarizedReportPage", "goalD"): projectSpecific.Reusability.getTestData is PASSED

2018-07-05 21:23:19 - [MESSAGE][PASSED] - projectSpecific.Reusability.getTestData is PASSED

2018-07-05 21:23:19 - [TEST_STEP][PASSED] - Statement - goalDText1 = CustomKeywords.uiaction.CommonUIActions.getText(com.kms.katalon.core.testobject.ObjectRepository.findTestObject(SummarizedReportPage/goalDText)): uiaction.CommonUIActions.getText is PASSED

2018-07-05 21:23:19 - [MESSAGE][PASSED] - uiaction.CommonUIActions.getText is PASSED

2018-07-05 21:23:19 - [TEST_STEP][PASSED] - Statement - confirm = goalDText1.trim().contains(goalDText.trim()): null

2018-07-05 21:23:19 - [TEST_STEP][PASSED] - Statement - If (confirm): null

2018-07-05 21:23:19 - [TEST_STEP][PASSED] - Statement - out.println("Goal D Report is verified"): null

2018-07-05 21:23:19 - [TEST_STEP][PASSED] - Statement - goalDdata = CustomKeywords.projectSpecific.Reusability.getTestData("SummarizedReportPage", "goalDText"): projectSpecific.Reusability.getTestData is PASSED

2018-07-05 21:23:19 - [MESSAGE][PASSED] - projectSpecific.Reusability.getTestData is PASSED

2018-07-05 21:23:19 - [TEST_STEP][PASSED] - Statement - println(goalDdata): null

2018-07-05 21:23:19 - [TEST_STEP][PASSED] - Statement - goalDdataArray = goalDdata.split(","): null

2018-07-05 21:23:19 - [TEST_STEP][PASSED] - Statement - goalDdataList = new java.util.ArrayList(java.util.Arrays.asList(goalDdataArray)): null

2018-07-05 21:23:19 - [TEST_STEP][PASSED] - Statement - out.println(goalDdataList): null

2018-07-05 21:23:19 - [TEST_STEP][PASSED] - Statement - matchFound = true: null

2018-07-05 21:23:19 - [TEST_STEP][PASSED] - Statement - i = 0: null

2018-07-05 21:23:19 - [TEST_STEP][PASSED] - Statement - goaldataList2 = driver.findElements(org.openqa.selenium.By.xpath(com.kms.katalon.core.testdata.TestDataFactory.findTestData(OR_file).getValue(2, 36))): Reading excel file with source file 'C:\Users\shalinin\Katalon Studio\HME_DEVScripts\Data Files\HME_OR.xlsx' and sheet name 'Sheet1'

2018-07-05 21:23:20 - [TEST_STEP][PASSED] - Statement - groupSize = goaldataList2.size(): null

2018-07-05 21:23:20 - [TEST_STEP][PASSED] - Statement - actualgroupList = new java.util.ArrayList(): null

2018-07-05 21:23:20 - [TEST_STEP][PASSED] - Statement - For ([i = 0, i < groupSize, (i++)]): null

2018-07-05 21:23:20 - [TEST_STEP][PASSED] - Statement - actualgroupList.add(i, goaldataList2.get(i).getText()): null

2018-07-05 21:23:20 - [TEST_STEP][PASSED] - Statement - actualgroupList.add(i, goaldataList2.get(i).getText()): null

2018-07-05 21:23:20 - [TEST_STEP][PASSED] - Statement - actualgroupList.add(i, goaldataList2.get(i).getText()): null

2018-07-05 21:23:20 - [TEST_STEP][PASSED] - Statement - actualgroupList.add(i, goaldataList2.get(i).getText()): null

2018-07-05 21:23:20 - [TEST_STEP][PASSED] - Statement - actualgroupList.add(i, goaldataList2.get(i).getText()): null

2018-07-05 21:23:20 - [TEST_STEP][PASSED] - Statement - actualgroupList.add(i, goaldataList2.get(i).getText()): null

2018-07-05 21:23:20 - [TEST_STEP][PASSED] - Statement - For ([j = 1, j <= 5, (j++)]): null

2018-07-05 21:23:20 - [TEST_STEP][PASSED] - Statement - matchFound = com.kms.katalon.core.webui.keyword.WebUiBuiltInKeywords.verifyMatch(actualgroupList.get(j).toString().trim(), goalDdataList.get(i).toString().trim(), false): Actual text '2:00' and expected text '2:00' are matched 

2018-07-05 21:23:20 - [MESSAGE][PASSED] - Actual text '2:00' and expected text '2:00' are matched 

2018-07-05 21:23:20 - [TEST_STEP][PASSED] - Statement - (i++): null

2018-07-05 21:23:20 - [TEST_STEP][PASSED] - Statement - If (!(matchFound)): null

2018-07-05 21:23:20 - [TEST_STEP][PASSED] - Statement - matchFound = com.kms.katalon.core.webui.keyword.WebUiBuiltInKeywords.verifyMatch(actualgroupList.get(j).toString().trim(), goalDdataList.get(i).toString().trim(), false): Actual text '0:20' and expected text '0:20' are matched 

2018-07-05 21:23:20 - [MESSAGE][PASSED] - Actual text '0:20' and expected text '0:20' are matched 

2018-07-05 21:23:20 - [TEST_STEP][PASSED] - Statement - (i++): null

2018-07-05 21:23:20 - [TEST_STEP][PASSED] - Statement - If (!(matchFound)): null

2018-07-05 21:23:20 - [TEST_STEP][PASSED] - Statement - matchFound = com.kms.katalon.core.webui.keyword.WebUiBuiltInKeywords.verifyMatch(actualgroupList.get(j).toString().trim(), goalDdataList.get(i).toString().trim(), false): Actual text '2:00' and expected text '2:00' are matched 

2018-07-05 21:23:20 - [MESSAGE][PASSED] - Actual text '2:00' and expected text '2:00' are matched 

2018-07-05 21:23:20 - [TEST_STEP][PASSED] - Statement - (i++): null

2018-07-05 21:23:20 - [TEST_STEP][PASSED] - Statement - If (!(matchFound)): null

2018-07-05 21:23:20 - [TEST_STEP][PASSED] - Statement - matchFound = com.kms.katalon.core.webui.keyword.WebUiBuiltInKeywords.verifyMatch(actualgroupList.get(j).toString().trim(), goalDdataList.get(i).toString().trim(), false): Actual text '3:00' and expected text '3:00' are matched 

2018-07-05 21:23:20 - [MESSAGE][PASSED] - Actual text '3:00' and expected text '3:00' are matched 

2018-07-05 21:23:20 - [TEST_STEP][PASSED] - Statement - (i++): null

2018-07-05 21:23:20 - [TEST_STEP][PASSED] - Statement - If (!(matchFound)): null

2018-07-05 21:23:20 - [TEST_STEP][PASSED] - Statement - matchFound = com.kms.katalon.core.webui.keyword.WebUiBuiltInKeywords.verifyMatch(actualgroupList.get(j).toString().trim(), goalDdataList.get(i).toString().trim(), false): Actual text '7:00' and expected text '7:00' are matched 

2018-07-05 21:23:20 - [MESSAGE][PASSED] - Actual text '7:00' and expected text '7:00' are matched 

2018-07-05 21:23:20 - [TEST_STEP][PASSED] - Statement - (i++): null

2018-07-05 21:23:20 - [TEST_STEP][PASSED] - Statement - If (!(matchFound)): null

2018-07-05 21:23:20 - [TEST_STEP][PASSED] - Statement - If (matchFound): null

2018-07-05 21:23:20 - [TEST_STEP][PASSED] - Statement - out.println("Goal D Columns are verified"): null

2018-07-05 21:23:20 - [TEST_STEP][PASSED] - delay: Delayed 10 second(s)

2018-07-05 21:23:30 - [MESSAGE][PASSED] - Delayed 10 second(s)

2018-07-05 21:23:30 - [TEST_STEP][PASSED] - Statement - goalEText = CustomKeywords.projectSpecific.Reusability.getTestData("SummarizedReportPage", "goalE"): projectSpecific.Reusability.getTestData is PASSED

2018-07-05 21:23:30 - [MESSAGE][PASSED] - projectSpecific.Reusability.getTestData is PASSED

2018-07-05 21:23:30 - [TEST_STEP][PASSED] - Statement - goalEText1 = CustomKeywords.uiaction.CommonUIActions.getText(com.kms.katalon.core.testobject.ObjectRepository.findTestObject(SummarizedReportPage/goalEText)): uiaction.CommonUIActions.getText is PASSED

2018-07-05 21:23:30 - [MESSAGE][PASSED] - uiaction.CommonUIActions.getText is PASSED

2018-07-05 21:23:30 - [TEST_STEP][PASSED] - Statement - confirm = goalEText1.trim().contains(goalEText.trim()): null

2018-07-05 21:23:30 - [TEST_STEP][PASSED] - Statement - If (confirm): null

2018-07-05 21:23:30 - [TEST_STEP][PASSED] - Statement - out.println("Goal E Report is verified"): null

2018-07-05 21:23:30 - [TEST_STEP][PASSED] - Statement - goalEdata = CustomKeywords.projectSpecific.Reusability.getTestData("SummarizedReportPage", "goalEText"): projectSpecific.Reusability.getTestData is PASSED

2018-07-05 21:23:30 - [MESSAGE][PASSED] - projectSpecific.Reusability.getTestData is PASSED

2018-07-05 21:23:30 - [TEST_STEP][PASSED] - Statement - println(goalEdata): null

2018-07-05 21:23:30 - [TEST_STEP][PASSED] - Statement - goalEdataArray = goalDdata.split(","): null

2018-07-05 21:23:30 - [TEST_STEP][PASSED] - Statement - goalEdataList = new java.util.ArrayList(java.util.Arrays.asList(goalEdataArray)): null

2018-07-05 21:23:30 - [TEST_STEP][PASSED] - Statement - out.println(goalEdataList): null

2018-07-05 21:23:30 - [TEST_STEP][PASSED] - Statement - matchFound = true: null

2018-07-05 21:23:30 - [TEST_STEP][PASSED] - Statement - i = 0: null

2018-07-05 21:23:30 - [TEST_STEP][PASSED] - Statement - goaldataList2 = driver.findElements(org.openqa.selenium.By.xpath(com.kms.katalon.core.testdata.TestDataFactory.findTestData(OR_file).getValue(2, 37))): Reading excel file with source file 'C:\Users\shalinin\Katalon Studio\HME_DEVScripts\Data Files\HME_OR.xlsx' and sheet name 'Sheet1'

2018-07-05 21:23:30 - [TEST_STEP][PASSED] - Statement - groupSize = goaldataList2.size(): null

2018-07-05 21:23:30 - [TEST_STEP][PASSED] - Statement - actualgroupList = new java.util.ArrayList(): null

2018-07-05 21:23:30 - [TEST_STEP][PASSED] - Statement - For ([i = 0, i < groupSize, (i++)]): null

2018-07-05 21:23:30 - [TEST_STEP][PASSED] - Statement - actualgroupList.add(i, goaldataList2.get(i).getText()): null

2018-07-05 21:23:30 - [TEST_STEP][PASSED] - Statement - actualgroupList.add(i, goaldataList2.get(i).getText()): null

2018-07-05 21:23:30 - [TEST_STEP][PASSED] - Statement - actualgroupList.add(i, goaldataList2.get(i).getText()): null

2018-07-05 21:23:30 - [TEST_STEP][PASSED] - Statement - actualgroupList.add(i, goaldataList2.get(i).getText()): null

2018-07-05 21:23:30 - [TEST_STEP][PASSED] - Statement - actualgroupList.add(i, goaldataList2.get(i).getText()): null

2018-07-05 21:23:30 - [TEST_STEP][PASSED] - Statement - actualgroupList.add(i, goaldataList2.get(i).getText()): null

2018-07-05 21:23:30 - [TEST_STEP][PASSED] - Statement - For ([j = 1, j <= 5, (j++)]): null

2018-07-05 21:23:30 - [TEST_STEP][PASSED] - Statement - matchFound = com.kms.katalon.core.webui.keyword.WebUiBuiltInKeywords.verifyMatch(actualgroupList.get(j).toString().trim(), goalEdataList.get(i).toString().trim(), false): Actual text '2:00' and expected text '2:00' are matched 

2018-07-05 21:23:30 - [MESSAGE][PASSED] - Actual text '2:00' and expected text '2:00' are matched 

2018-07-05 21:23:30 - [TEST_STEP][PASSED] - Statement - (i++): null

2018-07-05 21:23:30 - [TEST_STEP][PASSED] - Statement - If (!(matchFound)): null

2018-07-05 21:23:30 - [TEST_STEP][PASSED] - Statement - matchFound = com.kms.katalon.core.webui.keyword.WebUiBuiltInKeywords.verifyMatch(actualgroupList.get(j).toString().trim(), goalEdataList.get(i).toString().trim(), false): Actual text '0:20' and expected text '0:20' are matched 

2018-07-05 21:23:30 - [MESSAGE][PASSED] - Actual text '0:20' and expected text '0:20' are matched 

2018-07-05 21:23:30 - [TEST_STEP][PASSED] - Statement - (i++): null

2018-07-05 21:23:30 - [TEST_STEP][PASSED] - Statement - If (!(matchFound)): null

2018-07-05 21:23:30 - [TEST_STEP][PASSED] - Statement - matchFound = com.kms.katalon.core.webui.keyword.WebUiBuiltInKeywords.verifyMatch(actualgroupList.get(j).toString().trim(), goalEdataList.get(i).toString().trim(), false): Actual text '2:00' and expected text '2:00' are matched 

2018-07-05 21:23:30 - [MESSAGE][PASSED] - Actual text '2:00' and expected text '2:00' are matched 

2018-07-05 21:23:30 - [TEST_STEP][PASSED] - Statement - (i++): null

2018-07-05 21:23:30 - [TEST_STEP][PASSED] - Statement - If (!(matchFound)): null

2018-07-05 21:23:30 - [TEST_STEP][PASSED] - Statement - matchFound = com.kms.katalon.core.webui.keyword.WebUiBuiltInKeywords.verifyMatch(actualgroupList.get(j).toString().trim(), goalEdataList.get(i).toString().trim(), false): Actual text '3:00' and expected text '3:00' are matched 

2018-07-05 21:23:30 - [MESSAGE][PASSED] - Actual text '3:00' and expected text '3:00' are matched 

2018-07-05 21:23:30 - [TEST_STEP][PASSED] - Statement - (i++): null

2018-07-05 21:23:30 - [TEST_STEP][PASSED] - Statement - If (!(matchFound)): null

2018-07-05 21:23:30 - [TEST_STEP][PASSED] - Statement - matchFound = com.kms.katalon.core.webui.keyword.WebUiBuiltInKeywords.verifyMatch(actualgroupList.get(j).toString().trim(), goalEdataList.get(i).toString().trim(), false): Actual text '7:00' and expected text '7:00' are matched 

2018-07-05 21:23:30 - [MESSAGE][PASSED] - Actual text '7:00' and expected text '7:00' are matched 

2018-07-05 21:23:30 - [TEST_STEP][PASSED] - Statement - (i++): null

2018-07-05 21:23:30 - [TEST_STEP][PASSED] - Statement - If (!(matchFound)): null

2018-07-05 21:23:30 - [TEST_STEP][PASSED] - Statement - If (matchFound): null

2018-07-05 21:23:30 - [TEST_STEP][PASSED] - Statement - out.println("Goal E Columns are verified"): null

2018-07-05 21:23:30 - [TEST_STEP][PASSED] - delay: Delayed 10 second(s)

2018-07-05 21:23:40 - [MESSAGE][PASSED] - Delayed 10 second(s)

2018-07-05 21:23:40 - [TEST_STEP][PASSED] - uiaction.CommonUIActions.click: uiaction.CommonUIActions.click is PASSED

2018-07-05 21:23:43 - [MESSAGE][PASSED] - uiaction.CommonUIActions.click is PASSED

2018-07-05 21:23:43 - [TEST_STEP][PASSED] - delay: Delayed 10 second(s)

2018-07-05 21:23:53 - [MESSAGE][PASSED] - Delayed 10 second(s)

2018-07-05 21:23:53 - [TEST_STEP][PASSED] - uiaction.CommonUIActions.click: uiaction.CommonUIActions.click is PASSED

2018-07-05 21:24:06 - [MESSAGE][PASSED] - uiaction.CommonUIActions.click is PASSED

2018-07-05 21:24:06 - [TEST_STEP][PASSED] - delay: Delayed 10 second(s)

2018-07-05 21:24:16 - [MESSAGE][PASSED] - Delayed 10 second(s)

2018-07-05 21:24:16 - [TEST_STEP][PASSED] - uiaction.CommonUIActions.click: uiaction.CommonUIActions.click is PASSED

2018-07-05 21:24:17 - [MESSAGE][PASSED] - uiaction.CommonUIActions.click is PASSED

2018-07-05 21:24:17 - [TEST_STEP][PASSED] - delay: Delayed 10 second(s)

2018-07-05 21:24:27 - [MESSAGE][PASSED] - Delayed 10 second(s)

2018-07-05 21:24:27 - [TEST_STEP][PASSED] - delay: Delayed 10 second(s)

2018-07-05 21:24:37 - [MESSAGE][PASSED] - Delayed 10 second(s)

2018-07-05 21:24:37 - [TEST_STEP][PASSED] - Statement - groupLink = "//span[text()='" + grpName + "']": null

2018-07-05 21:24:37 - [TEST_STEP][PASSED] - Statement - driver.findElement(org.openqa.selenium.By.xpath(groupLink)).click(): null

2018-07-05 21:24:37 - [TEST_STEP][PASSED] - delay: Delayed 10 second(s)

2018-07-05 21:24:47 - [MESSAGE][PASSED] - Delayed 10 second(s)

2018-07-05 21:24:47 - [TEST_STEP][PASSED] - uiaction.CommonUIActions.click: uiaction.CommonUIActions.click is PASSED

2018-07-05 21:24:47 - [MESSAGE][PASSED] - uiaction.CommonUIActions.click is PASSED

2018-07-05 21:24:47 - [TEST_STEP][PASSED] - delay: Delayed 10 second(s)

2018-07-05 21:24:57 - [MESSAGE][PASSED] - Delayed 10 second(s)

2018-07-05 21:24:57 - [TEST_STEP][PASSED] - uiaction.CommonUIActions.click: uiaction.CommonUIActions.click is PASSED

2018-07-05 21:24:57 - [MESSAGE][PASSED] - uiaction.CommonUIActions.click is PASSED

2018-07-05 21:24:57 - [TEST_STEP][PASSED] - delay: Delayed 10 second(s)

2018-07-05 21:25:07 - [MESSAGE][PASSED] - Delayed 10 second(s)

2018-07-05 21:25:07 - [TEST_STEP][PASSED] - uiaction.CommonUIActions.click: uiaction.CommonUIActions.click is PASSED

2018-07-05 21:25:10 - [MESSAGE][PASSED] - uiaction.CommonUIActions.click is PASSED

2018-07-05 21:25:10 - [TEST_STEP][PASSED] - uiaction.CommonUIActions.click: uiaction.CommonUIActions.click is PASSED

2018-07-05 21:25:11 - [MESSAGE][PASSED] - uiaction.CommonUIActions.click is PASSED

2018-07-05 21:25:11 - [TEST_STEP][PASSED] - delay: Delayed 10 second(s)

2018-07-05 21:25:21 - [MESSAGE][PASSED] - Delayed 10 second(s)

2018-07-05 21:25:21 - [TEST_STEP][PASSED] - Statement - savedtemplatelist = driver.findElements(org.openqa.selenium.By.xpath("(//div[@class='saved-reports'])[2]/div")): null

2018-07-05 21:25:21 - [TEST_STEP][PASSED] - Statement - For ([i = 1, i <= savedtemplatelist.size(), (i++)]): null

2018-07-05 21:25:21 - [TEST_STEP][PASSED] - Statement - templatename = driver.findElement(org.openqa.selenium.By.xpath("((//div[@class='saved-reports'])[2]/div[@class='templateRow'])[" + i + "]")).getText(): null

2018-07-05 21:25:21 - [TEST_STEP][PASSED] - Statement - If (templatename == "templateHeading"): null

2018-07-05 21:25:21 - [TEST_STEP][PASSED] - uiaction.CommonUIActions.click: uiaction.CommonUIActions.click is PASSED

2018-07-05 21:25:26 - [MESSAGE][PASSED] - uiaction.CommonUIActions.click is PASSED

2018-07-05 21:25:26 - [TEST_STEP][PASSED] - Statement - assert TCflag == true: null

2018-07-05 21:25:26 - [TEST_STEP][PASSED] - Start listener action : sampleAfterTestCase: Browser is closed

2018-07-05 21:25:26 - [TEST_STEP][PASSED] - Statement - println(testCaseContext.getTestCaseId()): null

2018-07-05 21:25:26 - [TEST_STEP][PASSED] - Statement - println(testCaseContext.getTestCaseStatus()): null

2018-07-05 21:25:26 - [TEST_STEP][PASSED] - closeBrowser: Browser is closed

2018-07-05 21:25:26 - [MESSAGE][PASSED] - Browser is closed]]></system-out>
         <system-err><![CDATA[]]></system-err>
      </testcase>
      <system-out><![CDATA[2018-07-05 20:05:27 - [TEST_SUITE][FAILED] - RegressionSuite: Test Cases/TimeZoneTC/HME-Account_Setting-Timezone-04 FAILED because (of) org.codehaus.groovy.runtime.powerassert.PowerAssertionError: assert TCflag==true
       |     |
       false false]]></system-out>
      <system-err><![CDATA[2018-07-05 20:05:27 - [TEST_SUITE][FAILED] - RegressionSuite: Test Cases/TimeZoneTC/HME-Account_Setting-Timezone-04 FAILED because (of) org.codehaus.groovy.runtime.powerassert.PowerAssertionError: assert TCflag==true
       |     |
       false false]]></system-err>
   </testsuite>
</testsuites>
